================================================= test session starts ==================================================
collecting ... collected 33 items

src/tests/test_activeinference_matrix_formatting.py::TestMatrixToJulia::test_basic_vector PASSED
src/tests/test_activeinference_matrix_formatting.py::TestMatrixToJulia::test_2d_matrix_list_of_lists PASSED
src/tests/test_activeinference_matrix_formatting.py::TestMatrixToJulia::test_2d_matrix_tuple_of_lists PASSED
src/tests/test_activeinference_matrix_formatting.py::TestMatrixToJulia::test_2d_matrix_tuple_of_tuples PASSED
src/tests/test_activeinference_matrix_formatting.py::TestMatrixToJulia::test_3d_matrix_list_of_list_of_lists PASSED
src/tests/test_activeinference_matrix_formatting.py::TestMatrixToJulia::test_3d_matrix_nested_tuples PASSED
src/tests/test_activeinference_matrix_formatting.py::TestMatrixToJulia::test_string_input PASSED
src/tests/test_render_integration.py::TestRenderIntegration::test_get_module_info PASSED
src/tests/test_render_integration.py::TestRenderIntegration::test_get_available_renderers PASSED
src/tests/test_render_integration.py::TestRenderIntegration::test_process_render_workflow 
---------------------------------------------------- live log call -----------------------------------------------------
2026-03-13 14:15:50 [    INFO] render.processor: 🚀 Starting POMDP-aware render processing
2026-03-13 14:15:50 [    INFO] render.processor: Processing GNN files in: /var/folders/vc/rgmbpjpj0dbg61vr54xjskc80000gn/T/tmp1jakujm7
2026-03-13 14:15:50 [    INFO] render.processor: Output directory: /var/folders/vc/rgmbpjpj0dbg61vr54xjskc80000gn/T/tmp1jakujm7/render_output
2026-03-13 14:15:50 [    INFO] render.processor: Found 1 GNN files to process
2026-03-13 14:15:50 [    INFO] render.processor: Target frameworks: all available
2026-03-13 14:15:50 [    INFO] render.processor: 📁 Processing: /var/folders/vc/rgmbpjpj0dbg61vr54xjskc80000gn/T/tmp1jakujm7/test_agent.md
2026-03-13 14:15:50 [    INFO] gnn.pomdp_extractor: No C vector found — generating uniform preferences (3 observations)
2026-03-13 14:15:50 [    INFO] gnn.pomdp_extractor: No D vector found — generating uniform prior (3 states)
2026-03-13 14:15:50 [    INFO] render.processor: ✅ Extracted POMDP 'test_agent' with 3 states, 3 observations, 3 actions
2026-03-13 14:15:50 [    INFO] render.pomdp_processor: Processing POMDP 'test_agent' for frameworks: ['pymdp', 'rxinfer', 'activeinference_jl', 'jax', 'discopy', 'pytorch', 'numpyro']
2026-03-13 14:15:50 [    INFO] render.pomdp_processor: Processing framework: pymdp
2026-03-13 14:15:50 [   ERROR] render.pomdp_processor: ❌ pymdp: POMDP not compatible with pymdp: Missing required matrices: ['A', 'B']
2026-03-13 14:15:50 [    INFO] render.pomdp_processor: Processing framework: rxinfer
2026-03-13 14:15:50 [   ERROR] render.pomdp_processor: ❌ rxinfer: POMDP not compatible with rxinfer: Missing required matrices: ['A', 'B']
2026-03-13 14:15:50 [    INFO] render.pomdp_processor: Processing framework: activeinference_jl
2026-03-13 14:15:50 [   ERROR] render.pomdp_processor: ❌ activeinference_jl: POMDP not compatible with activeinference_jl: Missing required matrices: ['A', 'B']
2026-03-13 14:15:50 [    INFO] render.pomdp_processor: Processing framework: jax
2026-03-13 14:15:50 [   ERROR] render.pomdp_processor: ❌ jax: POMDP not compatible with jax: Missing required matrices: ['A', 'B']
2026-03-13 14:15:50 [    INFO] render.pomdp_processor: Processing framework: discopy
2026-03-13 14:15:50 [    INFO] render.pomdp_processor: Created documentation: /var/folders/vc/rgmbpjpj0dbg61vr54xjskc80000gn/T/tmp1jakujm7/render_output/test_agent/discopy/README.md
2026-03-13 14:15:50 [    INFO] render.pomdp_processor: ✅ discopy: Generated DisCoPy categorical diagram script: /var/folders/vc/rgmbpjpj0dbg61vr54xjskc80000gn/T/tmp1jakujm7/render_output/test_agent/discopy/test_agent_discopy.py
2026-03-13 14:15:50 [    INFO] render.pomdp_processor: Processing framework: pytorch
2026-03-13 14:15:50 [   ERROR] render.pomdp_processor: ❌ pytorch: POMDP not compatible with pytorch: Missing required matrices: ['A', 'B']
2026-03-13 14:15:50 [    INFO] render.pomdp_processor: Processing framework: numpyro
2026-03-13 14:15:50 [   ERROR] render.pomdp_processor: ❌ numpyro: POMDP not compatible with numpyro: Missing required matrices: ['A', 'B']
2026-03-13 14:15:50 [    INFO] render.processor: ✅ Successfully processed test_agent.md
2026-03-13 14:15:50 [    INFO] render.processor: Created overview documentation: /var/folders/vc/rgmbpjpj0dbg61vr54xjskc80000gn/T/tmp1jakujm7/render_output/README.md
2026-03-13 14:15:50 [    INFO] render.processor: 🎉 Render processing completed!
2026-03-13 14:15:50 [    INFO] render.processor: 📊 Files: 1/1 successful
2026-03-13 14:15:50 [    INFO] render.processor: 🧠 Framework renderings: 1/7 successful (14.3%)
2026-03-13 14:15:50 [    INFO] render.processor: 📄 Summary saved to: /var/folders/vc/rgmbpjpj0dbg61vr54xjskc80000gn/T/tmp1jakujm7/render_output/render_processing_summary.json
PASSED
src/tests/test_render_integration.py::TestRenderIntegration::test_render_creates_executable_scripts PASSED
src/tests/test_render_integration.py::TestRenderIntegration::test_render_all_frameworks 
---------------------------------------------------- live log call -----------------------------------------------------
2026-03-13 14:15:50 [    INFO] render.jax.jax_renderer: Extracting matrices from raw text format
2026-03-13 14:15:50 [ WARNING] render.jax.jax_renderer: No InitialParameterization found in GNN spec
2026-03-13 14:15:50 [    INFO] render.jax.jax_renderer: JAX model code written to /var/folders/vc/rgmbpjpj0dbg61vr54xjskc80000gn/T/tmpo1i7fprt/render_jax/model_jax.py
PASSED
src/tests/test_render_integration.py::TestRenderIntegration::test_render_to_execute_handoff PASSED
src/tests/test_render_integration.py::TestRenderOutputStructure::test_render_output_follows_conventions PASSED
src/tests/test_render_integration.py::TestRenderOutputStructure::test_render_creates_documentation PASSED
src/tests/test_render_overall.py::TestRenderTargets::test_render_to_pymdp PASSED
src/tests/test_render_overall.py::TestRenderTargets::test_render_to_rxinfer_toml 
---------------------------------------------------- live log call -----------------------------------------------------
2026-03-13 14:15:50 [    INFO] render.rxinfer.toml_generator: Generating RxInfer Julia script at /private/var/folders/vc/rgmbpjpj0dbg61vr54xjskc80000gn/T/pytest-of-4d/pytest-190/test_render_to_rxinfer_toml0.jl
2026-03-13 14:15:50 [ WARNING] render.rxinfer.toml_generator: Failed to parse matrix ( (1.0,0.0,0.0), (0.0,1.0,0.0), (0.0,0.0,1.0) ): could not convert string to float: '(1.0'
2026-03-13 14:15:50 [ WARNING] render.rxinfer.toml_generator: Failed to parse matrix , ( (0.0,1.0,0.0), (1.0,0.0,0.0), (0.0,0.0,1.0) ): could not convert string to float: ''
2026-03-13 14:15:50 [ WARNING] render.rxinfer.toml_generator: Failed to parse matrix , ( (0.0,0.0,1.0), (0.0,1.0,0.0), (1.0,0.0,0.0) ): could not convert string to float: ''
2026-03-13 14:15:50 [    INFO] render.rxinfer.toml_generator: Successfully wrote RxInfer Julia script to /private/var/folders/vc/rgmbpjpj0dbg61vr54xjskc80000gn/T/pytest-of-4d/pytest-190/test_render_to_rxinfer_toml0.jl
PASSED
src/tests/test_render_overall.py::TestRenderTargets::test_render_to_discopy PASSED
src/tests/test_render_overall.py::TestRenderTargets::test_render_to_discopy_combined PASSED
src/tests/test_render_overall.py::TestRenderTargets::test_render_to_activeinference_jl PASSED
src/tests/test_render_overall.py::TestRenderTargets::test_render_to_jax 
---------------------------------------------------- live log call -----------------------------------------------------
2026-03-13 14:15:50 [    INFO] render.jax.jax_renderer: Extracting matrices from raw text format
2026-03-13 14:15:50 [ WARNING] render.jax.jax_renderer: No InitialParameterization found in GNN spec
2026-03-13 14:15:50 [    INFO] render.jax.jax_renderer: JAX model code written to /private/var/folders/vc/rgmbpjpj0dbg61vr54xjskc80000gn/T/pytest-of-4d/pytest-190/test_render_to_jax0/model_jax.py
PASSED
src/tests/test_render_overall.py::TestRenderTargets::test_render_to_jax_pomdp 
---------------------------------------------------- live log call -----------------------------------------------------
2026-03-13 14:15:50 [    INFO] render.jax.jax_renderer: Extracting matrices from raw text format
2026-03-13 14:15:50 [ WARNING] render.jax.jax_renderer: No InitialParameterization found in GNN spec
2026-03-13 14:15:50 [    INFO] render.jax.jax_renderer: JAX model code written to /private/var/folders/vc/rgmbpjpj0dbg61vr54xjskc80000gn/T/pytest-of-4d/pytest-190/test_render_to_jax_pomdp0/model_jax.py
PASSED
src/tests/test_render_performance.py::TestRenderingSpeed::test_single_file_render_speed 
---------------------------------------------------- live log call -----------------------------------------------------
2026-03-13 14:15:50 [    INFO] render.processor: 🚀 Starting POMDP-aware render processing
2026-03-13 14:15:50 [    INFO] render.processor: Processing GNN files in: /var/folders/vc/rgmbpjpj0dbg61vr54xjskc80000gn/T/tmp0j_pyr1y
2026-03-13 14:15:50 [    INFO] render.processor: Output directory: /private/var/folders/vc/rgmbpjpj0dbg61vr54xjskc80000gn/T/pytest-of-4d/pytest-190/test_single_file_render_speed0/render_output
2026-03-13 14:15:50 [ WARNING] render.processor: No GNN files found in /var/folders/vc/rgmbpjpj0dbg61vr54xjskc80000gn/T/tmp0j_pyr1y
PASSED
src/tests/test_render_performance.py::TestRenderingSpeed::test_framework_render_speed PASSED
src/tests/test_render_performance.py::TestRendererPerformance::test_renderer_instantiation_speed PASSED
src/tests/test_render_performance.py::TestRendererPerformance::test_template_loading_speed PASSED
src/tests/test_render_performance.py::TestCodeGenerationPerformance::test_pymdp_generation_speed 
---------------------------------------------------- live log call -----------------------------------------------------
2026-03-13 14:15:50 [ WARNING] gnn.parsers.markdown_parser: Connection references unknown target variables: ['o']
2026-03-13 14:15:50 [ WARNING] render.pymdp.pymdp_renderer: A matrix (likelihood) not found in initial parameterization
2026-03-13 14:15:50 [ WARNING] render.pymdp.pymdp_renderer: B matrix (transition) not found in initial parameterization
2026-03-13 14:15:50 [ WARNING] render.pymdp.pymdp_renderer: C vector (preferences) not found in initial parameterization
2026-03-13 14:15:50 [ WARNING] render.pymdp.pymdp_renderer: D vector (prior) not found in initial parameterization
2026-03-13 14:15:50 [    INFO] render.pymdp.pymdp_renderer: Generated PyMDP simulation: /private/var/folders/vc/rgmbpjpj0dbg61vr54xjskc80000gn/T/pytest-of-4d/pytest-190/test_pymdp_generation_speed0/test_pymdp_0.py
2026-03-13 14:15:50 [ WARNING] gnn.parsers.markdown_parser: Connection references unknown target variables: ['o']
2026-03-13 14:15:50 [ WARNING] render.pymdp.pymdp_renderer: A matrix (likelihood) not found in initial parameterization
2026-03-13 14:15:50 [ WARNING] render.pymdp.pymdp_renderer: B matrix (transition) not found in initial parameterization
2026-03-13 14:15:50 [ WARNING] render.pymdp.pymdp_renderer: C vector (preferences) not found in initial parameterization
2026-03-13 14:15:50 [ WARNING] render.pymdp.pymdp_renderer: D vector (prior) not found in initial parameterization
2026-03-13 14:15:50 [    INFO] render.pymdp.pymdp_renderer: Generated PyMDP simulation: /private/var/folders/vc/rgmbpjpj0dbg61vr54xjskc80000gn/T/pytest-of-4d/pytest-190/test_pymdp_generation_speed0/test_pymdp_1.py
2026-03-13 14:15:50 [ WARNING] gnn.parsers.markdown_parser: Connection references unknown target variables: ['o']
2026-03-13 14:15:50 [ WARNING] render.pymdp.pymdp_renderer: A matrix (likelihood) not found in initial parameterization
2026-03-13 14:15:50 [ WARNING] render.pymdp.pymdp_renderer: B matrix (transition) not found in initial parameterization
2026-03-13 14:15:50 [ WARNING] render.pymdp.pymdp_renderer: C vector (preferences) not found in initial parameterization
2026-03-13 14:15:50 [ WARNING] render.pymdp.pymdp_renderer: D vector (prior) not found in initial parameterization
2026-03-13 14:15:50 [    INFO] render.pymdp.pymdp_renderer: Generated PyMDP simulation: /private/var/folders/vc/rgmbpjpj0dbg61vr54xjskc80000gn/T/pytest-of-4d/pytest-190/test_pymdp_generation_speed0/test_pymdp_2.py
2026-03-13 14:15:50 [ WARNING] gnn.parsers.markdown_parser: Connection references unknown target variables: ['o']
2026-03-13 14:15:50 [ WARNING] render.pymdp.pymdp_renderer: A matrix (likelihood) not found in initial parameterization
2026-03-13 14:15:50 [ WARNING] render.pymdp.pymdp_renderer: B matrix (transition) not found in initial parameterization
2026-03-13 14:15:50 [ WARNING] render.pymdp.pymdp_renderer: C vector (preferences) not found in initial parameterization
2026-03-13 14:15:50 [ WARNING] render.pymdp.pymdp_renderer: D vector (prior) not found in initial parameterization
2026-03-13 14:15:50 [    INFO] render.pymdp.pymdp_renderer: Generated PyMDP simulation: /private/var/folders/vc/rgmbpjpj0dbg61vr54xjskc80000gn/T/pytest-of-4d/pytest-190/test_pymdp_generation_speed0/test_pymdp_3.py
2026-03-13 14:15:50 [ WARNING] gnn.parsers.markdown_parser: Connection references unknown target variables: ['o']
2026-03-13 14:15:50 [ WARNING] render.pymdp.pymdp_renderer: A matrix (likelihood) not found in initial parameterization
2026-03-13 14:15:50 [ WARNING] render.pymdp.pymdp_renderer: B matrix (transition) not found in initial parameterization
2026-03-13 14:15:50 [ WARNING] render.pymdp.pymdp_renderer: C vector (preferences) not found in initial parameterization
2026-03-13 14:15:50 [ WARNING] render.pymdp.pymdp_renderer: D vector (prior) not found in initial parameterization
2026-03-13 14:15:50 [    INFO] render.pymdp.pymdp_renderer: Generated PyMDP simulation: /private/var/folders/vc/rgmbpjpj0dbg61vr54xjskc80000gn/T/pytest-of-4d/pytest-190/test_pymdp_generation_speed0/test_pymdp_4.py
2026-03-13 14:15:50 [ WARNING] gnn.parsers.markdown_parser: Connection references unknown target variables: ['o']
2026-03-13 14:15:50 [ WARNING] render.pymdp.pymdp_renderer: A matrix (likelihood) not found in initial parameterization
2026-03-13 14:15:50 [ WARNING] render.pymdp.pymdp_renderer: B matrix (transition) not found in initial parameterization
2026-03-13 14:15:50 [ WARNING] render.pymdp.pymdp_renderer: C vector (preferences) not found in initial parameterization
2026-03-13 14:15:50 [ WARNING] render.pymdp.pymdp_renderer: D vector (prior) not found in initial parameterization
2026-03-13 14:15:50 [    INFO] render.pymdp.pymdp_renderer: Generated PyMDP simulation: /private/var/folders/vc/rgmbpjpj0dbg61vr54xjskc80000gn/T/pytest-of-4d/pytest-190/test_pymdp_generation_speed0/test_pymdp_5.py
2026-03-13 14:15:50 [ WARNING] gnn.parsers.markdown_parser: Connection references unknown target variables: ['o']
2026-03-13 14:15:50 [ WARNING] render.pymdp.pymdp_renderer: A matrix (likelihood) not found in initial parameterization
2026-03-13 14:15:50 [ WARNING] render.pymdp.pymdp_renderer: B matrix (transition) not found in initial parameterization
2026-03-13 14:15:50 [ WARNING] render.pymdp.pymdp_renderer: C vector (preferences) not found in initial parameterization
2026-03-13 14:15:50 [ WARNING] render.pymdp.pymdp_renderer: D vector (prior) not found in initial parameterization
2026-03-13 14:15:50 [    INFO] render.pymdp.pymdp_renderer: Generated PyMDP simulation: /private/var/folders/vc/rgmbpjpj0dbg61vr54xjskc80000gn/T/pytest-of-4d/pytest-190/test_pymdp_generation_speed0/test_pymdp_6.py
2026-03-13 14:15:50 [ WARNING] gnn.parsers.markdown_parser: Connection references unknown target variables: ['o']
2026-03-13 14:15:50 [ WARNING] render.pymdp.pymdp_renderer: A matrix (likelihood) not found in initial parameterization
2026-03-13 14:15:50 [ WARNING] render.pymdp.pymdp_renderer: B matrix (transition) not found in initial parameterization
2026-03-13 14:15:50 [ WARNING] render.pymdp.pymdp_renderer: C vector (preferences) not found in initial parameterization
2026-03-13 14:15:50 [ WARNING] render.pymdp.pymdp_renderer: D vector (prior) not found in initial parameterization
2026-03-13 14:15:50 [    INFO] render.pymdp.pymdp_renderer: Generated PyMDP simulation: /private/var/folders/vc/rgmbpjpj0dbg61vr54xjskc80000gn/T/pytest-of-4d/pytest-190/test_pymdp_generation_speed0/test_pymdp_7.py
2026-03-13 14:15:50 [ WARNING] gnn.parsers.markdown_parser: Connection references unknown target variables: ['o']
2026-03-13 14:15:50 [ WARNING] render.pymdp.pymdp_renderer: A matrix (likelihood) not found in initial parameterization
2026-03-13 14:15:50 [ WARNING] render.pymdp.pymdp_renderer: B matrix (transition) not found in initial parameterization
2026-03-13 14:15:50 [ WARNING] render.pymdp.pymdp_renderer: C vector (preferences) not found in initial parameterization
2026-03-13 14:15:50 [ WARNING] render.pymdp.pymdp_renderer: D vector (prior) not found in initial parameterization
2026-03-13 14:15:50 [    INFO] render.pymdp.pymdp_renderer: Generated PyMDP simulation: /private/var/folders/vc/rgmbpjpj0dbg61vr54xjskc80000gn/T/pytest-of-4d/pytest-190/test_pymdp_generation_speed0/test_pymdp_8.py
2026-03-13 14:15:50 [ WARNING] gnn.parsers.markdown_parser: Connection references unknown target variables: ['o']
2026-03-13 14:15:50 [ WARNING] render.pymdp.pymdp_renderer: A matrix (likelihood) not found in initial parameterization
2026-03-13 14:15:50 [ WARNING] render.pymdp.pymdp_renderer: B matrix (transition) not found in initial parameterization
2026-03-13 14:15:50 [ WARNING] render.pymdp.pymdp_renderer: C vector (preferences) not found in initial parameterization
2026-03-13 14:15:50 [ WARNING] render.pymdp.pymdp_renderer: D vector (prior) not found in initial parameterization
2026-03-13 14:15:50 [    INFO] render.pymdp.pymdp_renderer: Generated PyMDP simulation: /private/var/folders/vc/rgmbpjpj0dbg61vr54xjskc80000gn/T/pytest-of-4d/pytest-190/test_pymdp_generation_speed0/test_pymdp_9.py
PASSED
src/tests/test_render_performance.py::TestCodeGenerationPerformance::test_multi_framework_generation_speed 
---------------------------------------------------- live log call -----------------------------------------------------
2026-03-13 14:15:50 [ WARNING] gnn.parsers.markdown_parser: Connection references unknown target variables: ['o']
2026-03-13 14:15:50 [ WARNING] render.pymdp.pymdp_renderer: A matrix (likelihood) not found in initial parameterization
2026-03-13 14:15:50 [ WARNING] render.pymdp.pymdp_renderer: B matrix (transition) not found in initial parameterization
2026-03-13 14:15:50 [ WARNING] render.pymdp.pymdp_renderer: C vector (preferences) not found in initial parameterization
2026-03-13 14:15:50 [ WARNING] render.pymdp.pymdp_renderer: D vector (prior) not found in initial parameterization
2026-03-13 14:15:50 [    INFO] render.pymdp.pymdp_renderer: Generated PyMDP simulation: /private/var/folders/vc/rgmbpjpj0dbg61vr54xjskc80000gn/T/pytest-of-4d/pytest-190/test_multi_framework_generatio0/test_output.py
PASSED
src/tests/test_render_performance.py::TestRenderThroughput::test_batch_rendering_throughput SKIPPED (Need
multiple sample GNN files)
src/tests/test_render_performance.py::TestRenderThroughput::test_render_validation_speed PASSED
src/tests/test_render_performance.py::TestRenderBenchmarks::test_render_initialization_benchmark 
Renderer init benchmark: avg=0.0000s
PASSED
src/tests/test_render_performance.py::TestRenderBenchmarks::test_code_generation_benchmark 
---------------------------------------------------- live log call -----------------------------------------------------
2026-03-13 14:15:50 [ WARNING] gnn.parsers.markdown_parser: Connection references unknown target variables: ['o']
2026-03-13 14:15:50 [ WARNING] render.pymdp.pymdp_renderer: A matrix (likelihood) not found in initial parameterization
2026-03-13 14:15:50 [ WARNING] render.pymdp.pymdp_renderer: B matrix (transition) not found in initial parameterization
2026-03-13 14:15:50 [ WARNING] render.pymdp.pymdp_renderer: C vector (preferences) not found in initial parameterization
2026-03-13 14:15:50 [ WARNING] render.pymdp.pymdp_renderer: D vector (prior) not found in initial parameterization
2026-03-13 14:15:50 [    INFO] render.pymdp.pymdp_renderer: Generated PyMDP simulation: /private/var/folders/vc/rgmbpjpj0dbg61vr54xjskc80000gn/T/pytest-of-4d/pytest-190/test_code_generation_benchmark0/bench_0.py
2026-03-13 14:15:50 [ WARNING] gnn.parsers.markdown_parser: Connection references unknown target variables: ['o']
2026-03-13 14:15:50 [ WARNING] render.pymdp.pymdp_renderer: A matrix (likelihood) not found in initial parameterization
2026-03-13 14:15:50 [ WARNING] render.pymdp.pymdp_renderer: B matrix (transition) not found in initial parameterization
2026-03-13 14:15:50 [ WARNING] render.pymdp.pymdp_renderer: C vector (preferences) not found in initial parameterization
2026-03-13 14:15:50 [ WARNING] render.pymdp.pymdp_renderer: D vector (prior) not found in initial parameterization
2026-03-13 14:15:50 [    INFO] render.pymdp.pymdp_renderer: Generated PyMDP simulation: /private/var/folders/vc/rgmbpjpj0dbg61vr54xjskc80000gn/T/pytest-of-4d/pytest-190/test_code_generation_benchmark0/bench_1.py
2026-03-13 14:15:50 [ WARNING] gnn.parsers.markdown_parser: Connection references unknown target variables: ['o']
2026-03-13 14:15:50 [ WARNING] render.pymdp.pymdp_renderer: A matrix (likelihood) not found in initial parameterization
2026-03-13 14:15:50 [ WARNING] render.pymdp.pymdp_renderer: B matrix (transition) not found in initial parameterization
2026-03-13 14:15:50 [ WARNING] render.pymdp.pymdp_renderer: C vector (preferences) not found in initial parameterization
2026-03-13 14:15:50 [ WARNING] render.pymdp.pymdp_renderer: D vector (prior) not found in initial parameterization
2026-03-13 14:15:50 [    INFO] render.pymdp.pymdp_renderer: Generated PyMDP simulation: /private/var/folders/vc/rgmbpjpj0dbg61vr54xjskc80000gn/T/pytest-of-4d/pytest-190/test_code_generation_benchmark0/bench_2.py
2026-03-13 14:15:50 [ WARNING] gnn.parsers.markdown_parser: Connection references unknown target variables: ['o']
2026-03-13 14:15:50 [ WARNING] render.pymdp.pymdp_renderer: A matrix (likelihood) not found in initial parameterization
2026-03-13 14:15:50 [ WARNING] render.pymdp.pymdp_renderer: B matrix (transition) not found in initial parameterization
2026-03-13 14:15:50 [ WARNING] render.pymdp.pymdp_renderer: C vector (preferences) not found in initial parameterization
2026-03-13 14:15:50 [ WARNING] render.pymdp.pymdp_renderer: D vector (prior) not found in initial parameterization
2026-03-13 14:15:50 [    INFO] render.pymdp.pymdp_renderer: Generated PyMDP simulation: /private/var/folders/vc/rgmbpjpj0dbg61vr54xjskc80000gn/T/pytest-of-4d/pytest-190/test_code_generation_benchmark0/bench_3.py
2026-03-13 14:15:50 [ WARNING] gnn.parsers.markdown_parser: Connection references unknown target variables: ['o']
2026-03-13 14:15:50 [ WARNING] render.pymdp.pymdp_renderer: A matrix (likelihood) not found in initial parameterization
2026-03-13 14:15:50 [ WARNING] render.pymdp.pymdp_renderer: B matrix (transition) not found in initial parameterization
2026-03-13 14:15:50 [ WARNING] render.pymdp.pymdp_renderer: C vector (preferences) not found in initial parameterization
2026-03-13 14:15:50 [ WARNING] render.pymdp.pymdp_renderer: D vector (prior) not found in initial parameterization
2026-03-13 14:15:50 [    INFO] render.pymdp.pymdp_renderer: Generated PyMDP simulation: /private/var/folders/vc/rgmbpjpj0dbg61vr54xjskc80000gn/T/pytest-of-4d/pytest-190/test_code_generation_benchmark0/bench_4.py
2026-03-13 14:15:50 [ WARNING] gnn.parsers.markdown_parser: Connection references unknown target variables: ['o']
2026-03-13 14:15:50 [ WARNING] render.pymdp.pymdp_renderer: A matrix (likelihood) not found in initial parameterization
2026-03-13 14:15:50 [ WARNING] render.pymdp.pymdp_renderer: B matrix (transition) not found in initial parameterization
2026-03-13 14:15:50 [ WARNING] render.pymdp.pymdp_renderer: C vector (preferences) not found in initial parameterization
2026-03-13 14:15:50 [ WARNING] render.pymdp.pymdp_renderer: D vector (prior) not found in initial parameterization
2026-03-13 14:15:50 [    INFO] render.pymdp.pymdp_renderer: Generated PyMDP simulation: /private/var/folders/vc/rgmbpjpj0dbg61vr54xjskc80000gn/T/pytest-of-4d/pytest-190/test_code_generation_benchmark0/bench_5.py
2026-03-13 14:15:50 [ WARNING] gnn.parsers.markdown_parser: Connection references unknown target variables: ['o']
2026-03-13 14:15:50 [ WARNING] render.pymdp.pymdp_renderer: A matrix (likelihood) not found in initial parameterization
2026-03-13 14:15:50 [ WARNING] render.pymdp.pymdp_renderer: B matrix (transition) not found in initial parameterization
2026-03-13 14:15:50 [ WARNING] render.pymdp.pymdp_renderer: C vector (preferences) not found in initial parameterization
2026-03-13 14:15:50 [ WARNING] render.pymdp.pymdp_renderer: D vector (prior) not found in initial parameterization
2026-03-13 14:15:50 [    INFO] render.pymdp.pymdp_renderer: Generated PyMDP simulation: /private/var/folders/vc/rgmbpjpj0dbg61vr54xjskc80000gn/T/pytest-of-4d/pytest-190/test_code_generation_benchmark0/bench_6.py
2026-03-13 14:15:50 [ WARNING] gnn.parsers.markdown_parser: Connection references unknown target variables: ['o']
2026-03-13 14:15:50 [ WARNING] render.pymdp.pymdp_renderer: A matrix (likelihood) not found in initial parameterization
2026-03-13 14:15:50 [ WARNING] render.pymdp.pymdp_renderer: B matrix (transition) not found in initial parameterization
2026-03-13 14:15:50 [ WARNING] render.pymdp.pymdp_renderer: C vector (preferences) not found in initial parameterization
2026-03-13 14:15:50 [ WARNING] render.pymdp.pymdp_renderer: D vector (prior) not found in initial parameterization
2026-03-13 14:15:50 [    INFO] render.pymdp.pymdp_renderer: Generated PyMDP simulation: /private/var/folders/vc/rgmbpjpj0dbg61vr54xjskc80000gn/T/pytest-of-4d/pytest-190/test_code_generation_benchmark0/bench_7.py
2026-03-13 14:15:50 [ WARNING] gnn.parsers.markdown_parser: Connection references unknown target variables: ['o']
2026-03-13 14:15:50 [ WARNING] render.pymdp.pymdp_renderer: A matrix (likelihood) not found in initial parameterization
2026-03-13 14:15:50 [ WARNING] render.pymdp.pymdp_renderer: B matrix (transition) not found in initial parameterization
2026-03-13 14:15:50 [ WARNING] render.pymdp.pymdp_renderer: C vector (preferences) not found in initial parameterization
2026-03-13 14:15:50 [ WARNING] render.pymdp.pymdp_renderer: D vector (prior) not found in initial parameterization
2026-03-13 14:15:50 [    INFO] render.pymdp.pymdp_renderer: Generated PyMDP simulation: /private/var/folders/vc/rgmbpjpj0dbg61vr54xjskc80000gn/T/pytest-of-4d/pytest-190/test_code_generation_benchmark0/bench_8.py
2026-03-13 14:15:50 [ WARNING] gnn.parsers.markdown_parser: Connection references unknown target variables: ['o']
2026-03-13 14:15:50 [ WARNING] render.pymdp.pymdp_renderer: A matrix (likelihood) not found in initial parameterization
2026-03-13 14:15:50 [ WARNING] render.pymdp.pymdp_renderer: B matrix (transition) not found in initial parameterization
2026-03-13 14:15:50 [ WARNING] render.pymdp.pymdp_renderer: C vector (preferences) not found in initial parameterization
2026-03-13 14:15:50 [ WARNING] render.pymdp.pymdp_renderer: D vector (prior) not found in initial parameterization
2026-03-13 14:15:50 [    INFO] render.pymdp.pymdp_renderer: Generated PyMDP simulation: /private/var/folders/vc/rgmbpjpj0dbg61vr54xjskc80000gn/T/pytest-of-4d/pytest-190/test_code_generation_benchmark0/bench_9.py
2026-03-13 14:15:50 [ WARNING] gnn.parsers.markdown_parser: Connection references unknown target variables: ['o']
2026-03-13 14:15:50 [ WARNING] render.pymdp.pymdp_renderer: A matrix (likelihood) not found in initial parameterization
2026-03-13 14:15:50 [ WARNING] render.pymdp.pymdp_renderer: B matrix (transition) not found in initial parameterization
2026-03-13 14:15:50 [ WARNING] render.pymdp.pymdp_renderer: C vector (preferences) not found in initial parameterization
2026-03-13 14:15:50 [ WARNING] render.pymdp.pymdp_renderer: D vector (prior) not found in initial parameterization
2026-03-13 14:15:50 [    INFO] render.pymdp.pymdp_renderer: Generated PyMDP simulation: /private/var/folders/vc/rgmbpjpj0dbg61vr54xjskc80000gn/T/pytest-of-4d/pytest-190/test_code_generation_benchmark0/bench_10.py
2026-03-13 14:15:50 [ WARNING] gnn.parsers.markdown_parser: Connection references unknown target variables: ['o']
2026-03-13 14:15:50 [ WARNING] render.pymdp.pymdp_renderer: A matrix (likelihood) not found in initial parameterization
2026-03-13 14:15:50 [ WARNING] render.pymdp.pymdp_renderer: B matrix (transition) not found in initial parameterization
2026-03-13 14:15:50 [ WARNING] render.pymdp.pymdp_renderer: C vector (preferences) not found in initial parameterization
2026-03-13 14:15:50 [ WARNING] render.pymdp.pymdp_renderer: D vector (prior) not found in initial parameterization
2026-03-13 14:15:50 [    INFO] render.pymdp.pymdp_renderer: Generated PyMDP simulation: /private/var/folders/vc/rgmbpjpj0dbg61vr54xjskc80000gn/T/pytest-of-4d/pytest-190/test_code_generation_benchmark0/bench_11.py
2026-03-13 14:15:50 [ WARNING] gnn.parsers.markdown_parser: Connection references unknown target variables: ['o']
2026-03-13 14:15:50 [ WARNING] render.pymdp.pymdp_renderer: A matrix (likelihood) not found in initial parameterization
2026-03-13 14:15:50 [ WARNING] render.pymdp.pymdp_renderer: B matrix (transition) not found in initial parameterization
2026-03-13 14:15:50 [ WARNING] render.pymdp.pymdp_renderer: C vector (preferences) not found in initial parameterization
2026-03-13 14:15:50 [ WARNING] render.pymdp.pymdp_renderer: D vector (prior) not found in initial parameterization
2026-03-13 14:15:50 [    INFO] render.pymdp.pymdp_renderer: Generated PyMDP simulation: /private/var/folders/vc/rgmbpjpj0dbg61vr54xjskc80000gn/T/pytest-of-4d/pytest-190/test_code_generation_benchmark0/bench_12.py
2026-03-13 14:15:50 [ WARNING] gnn.parsers.markdown_parser: Connection references unknown target variables: ['o']
2026-03-13 14:15:50 [ WARNING] render.pymdp.pymdp_renderer: A matrix (likelihood) not found in initial parameterization
2026-03-13 14:15:50 [ WARNING] render.pymdp.pymdp_renderer: B matrix (transition) not found in initial parameterization
2026-03-13 14:15:50 [ WARNING] render.pymdp.pymdp_renderer: C vector (preferences) not found in initial parameterization
2026-03-13 14:15:50 [ WARNING] render.pymdp.pymdp_renderer: D vector (prior) not found in initial parameterization
2026-03-13 14:15:50 [    INFO] render.pymdp.pymdp_renderer: Generated PyMDP simulation: /private/var/folders/vc/rgmbpjpj0dbg61vr54xjskc80000gn/T/pytest-of-4d/pytest-190/test_code_generation_benchmark0/bench_13.py
2026-03-13 14:15:50 [ WARNING] gnn.parsers.markdown_parser: Connection references unknown target variables: ['o']
2026-03-13 14:15:50 [ WARNING] render.pymdp.pymdp_renderer: A matrix (likelihood) not found in initial parameterization
2026-03-13 14:15:50 [ WARNING] render.pymdp.pymdp_renderer: B matrix (transition) not found in initial parameterization
2026-03-13 14:15:50 [ WARNING] render.pymdp.pymdp_renderer: C vector (preferences) not found in initial parameterization
2026-03-13 14:15:50 [ WARNING] render.pymdp.pymdp_renderer: D vector (prior) not found in initial parameterization
2026-03-13 14:15:50 [    INFO] render.pymdp.pymdp_renderer: Generated PyMDP simulation: /private/var/folders/vc/rgmbpjpj0dbg61vr54xjskc80000gn/T/pytest-of-4d/pytest-190/test_code_generation_benchmark0/bench_14.py
2026-03-13 14:15:50 [ WARNING] gnn.parsers.markdown_parser: Connection references unknown target variables: ['o']
2026-03-13 14:15:50 [ WARNING] render.pymdp.pymdp_renderer: A matrix (likelihood) not found in initial parameterization
2026-03-13 14:15:50 [ WARNING] render.pymdp.pymdp_renderer: B matrix (transition) not found in initial parameterization
2026-03-13 14:15:50 [ WARNING] render.pymdp.pymdp_renderer: C vector (preferences) not found in initial parameterization
2026-03-13 14:15:50 [ WARNING] render.pymdp.pymdp_renderer: D vector (prior) not found in initial parameterization
2026-03-13 14:15:50 [    INFO] render.pymdp.pymdp_renderer: Generated PyMDP simulation: /private/var/folders/vc/rgmbpjpj0dbg61vr54xjskc80000gn/T/pytest-of-4d/pytest-190/test_code_generation_benchmark0/bench_15.py
2026-03-13 14:15:50 [ WARNING] gnn.parsers.markdown_parser: Connection references unknown target variables: ['o']
2026-03-13 14:15:50 [ WARNING] render.pymdp.pymdp_renderer: A matrix (likelihood) not found in initial parameterization
2026-03-13 14:15:50 [ WARNING] render.pymdp.pymdp_renderer: B matrix (transition) not found in initial parameterization
2026-03-13 14:15:50 [ WARNING] render.pymdp.pymdp_renderer: C vector (preferences) not found in initial parameterization
2026-03-13 14:15:50 [ WARNING] render.pymdp.pymdp_renderer: D vector (prior) not found in initial parameterization
2026-03-13 14:15:50 [    INFO] render.pymdp.pymdp_renderer: Generated PyMDP simulation: /private/var/folders/vc/rgmbpjpj0dbg61vr54xjskc80000gn/T/pytest-of-4d/pytest-190/test_code_generation_benchmark0/bench_16.py
2026-03-13 14:15:50 [ WARNING] gnn.parsers.markdown_parser: Connection references unknown target variables: ['o']
2026-03-13 14:15:50 [ WARNING] render.pymdp.pymdp_renderer: A matrix (likelihood) not found in initial parameterization
2026-03-13 14:15:50 [ WARNING] render.pymdp.pymdp_renderer: B matrix (transition) not found in initial parameterization
2026-03-13 14:15:50 [ WARNING] render.pymdp.pymdp_renderer: C vector (preferences) not found in initial parameterization
2026-03-13 14:15:50 [ WARNING] render.pymdp.pymdp_renderer: D vector (prior) not found in initial parameterization
2026-03-13 14:15:50 [    INFO] render.pymdp.pymdp_renderer: Generated PyMDP simulation: /private/var/folders/vc/rgmbpjpj0dbg61vr54xjskc80000gn/T/pytest-of-4d/pytest-190/test_code_generation_benchmark0/bench_17.py
2026-03-13 14:15:50 [ WARNING] gnn.parsers.markdown_parser: Connection references unknown target variables: ['o']
2026-03-13 14:15:50 [ WARNING] render.pymdp.pymdp_renderer: A matrix (likelihood) not found in initial parameterization
2026-03-13 14:15:50 [ WARNING] render.pymdp.pymdp_renderer: B matrix (transition) not found in initial parameterization
2026-03-13 14:15:50 [ WARNING] render.pymdp.pymdp_renderer: C vector (preferences) not found in initial parameterization
2026-03-13 14:15:50 [ WARNING] render.pymdp.pymdp_renderer: D vector (prior) not found in initial parameterization
2026-03-13 14:15:50 [    INFO] render.pymdp.pymdp_renderer: Generated PyMDP simulation: /private/var/folders/vc/rgmbpjpj0dbg61vr54xjskc80000gn/T/pytest-of-4d/pytest-190/test_code_generation_benchmark0/bench_18.py
2026-03-13 14:15:50 [ WARNING] gnn.parsers.markdown_parser: Connection references unknown target variables: ['o']
2026-03-13 14:15:50 [ WARNING] render.pymdp.pymdp_renderer: A matrix (likelihood) not found in initial parameterization
2026-03-13 14:15:50 [ WARNING] render.pymdp.pymdp_renderer: B matrix (transition) not found in initial parameterization
2026-03-13 14:15:50 [ WARNING] render.pymdp.pymdp_renderer: C vector (preferences) not found in initial parameterization
2026-03-13 14:15:50 [ WARNING] render.pymdp.pymdp_renderer: D vector (prior) not found in initial parameterization
2026-03-13 14:15:50 [    INFO] render.pymdp.pymdp_renderer: Generated PyMDP simulation: /private/var/folders/vc/rgmbpjpj0dbg61vr54xjskc80000gn/T/pytest-of-4d/pytest-190/test_code_generation_benchmark0/bench_19.py

Code gen benchmark: avg=0.0020s, min=0.0010s, max=0.0034s
PASSED
src/tests/test_render_performance.py::TestRenderMemoryPerformance::test_render_no_memory_leak 
---------------------------------------------------- live log call -----------------------------------------------------
2026-03-13 14:15:50 [ WARNING] gnn.parsers.markdown_parser: Connection references unknown target variables: ['o']
2026-03-13 14:15:50 [ WARNING] render.pymdp.pymdp_renderer: A matrix (likelihood) not found in initial parameterization
2026-03-13 14:15:50 [ WARNING] render.pymdp.pymdp_renderer: B matrix (transition) not found in initial parameterization
2026-03-13 14:15:50 [ WARNING] render.pymdp.pymdp_renderer: C vector (preferences) not found in initial parameterization
2026-03-13 14:15:50 [ WARNING] render.pymdp.pymdp_renderer: D vector (prior) not found in initial parameterization
2026-03-13 14:15:50 [    INFO] render.pymdp.pymdp_renderer: Generated PyMDP simulation: /private/var/folders/vc/rgmbpjpj0dbg61vr54xjskc80000gn/T/pytest-of-4d/pytest-190/test_render_no_memory_leak0/mem_test_0.py
2026-03-13 14:15:50 [ WARNING] gnn.parsers.markdown_parser: Connection references unknown target variables: ['o']
2026-03-13 14:15:50 [ WARNING] render.pymdp.pymdp_renderer: A matrix (likelihood) not found in initial parameterization
2026-03-13 14:15:50 [ WARNING] render.pymdp.pymdp_renderer: B matrix (transition) not found in initial parameterization
2026-03-13 14:15:50 [ WARNING] render.pymdp.pymdp_renderer: C vector (preferences) not found in initial parameterization
2026-03-13 14:15:50 [ WARNING] render.pymdp.pymdp_renderer: D vector (prior) not found in initial parameterization
2026-03-13 14:15:50 [    INFO] render.pymdp.pymdp_renderer: Generated PyMDP simulation: /private/var/folders/vc/rgmbpjpj0dbg61vr54xjskc80000gn/T/pytest-of-4d/pytest-190/test_render_no_memory_leak0/mem_test_1.py
2026-03-13 14:15:50 [ WARNING] gnn.parsers.markdown_parser: Connection references unknown target variables: ['o']
2026-03-13 14:15:50 [ WARNING] render.pymdp.pymdp_renderer: A matrix (likelihood) not found in initial parameterization
2026-03-13 14:15:50 [ WARNING] render.pymdp.pymdp_renderer: B matrix (transition) not found in initial parameterization
2026-03-13 14:15:50 [ WARNING] render.pymdp.pymdp_renderer: C vector (preferences) not found in initial parameterization
2026-03-13 14:15:50 [ WARNING] render.pymdp.pymdp_renderer: D vector (prior) not found in initial parameterization
2026-03-13 14:15:50 [    INFO] render.pymdp.pymdp_renderer: Generated PyMDP simulation: /private/var/folders/vc/rgmbpjpj0dbg61vr54xjskc80000gn/T/pytest-of-4d/pytest-190/test_render_no_memory_leak0/mem_test_2.py
2026-03-13 14:15:50 [ WARNING] gnn.parsers.markdown_parser: Connection references unknown target variables: ['o']
2026-03-13 14:15:50 [ WARNING] render.pymdp.pymdp_renderer: A matrix (likelihood) not found in initial parameterization
2026-03-13 14:15:50 [ WARNING] render.pymdp.pymdp_renderer: B matrix (transition) not found in initial parameterization
2026-03-13 14:15:50 [ WARNING] render.pymdp.pymdp_renderer: C vector (preferences) not found in initial parameterization
2026-03-13 14:15:50 [ WARNING] render.pymdp.pymdp_renderer: D vector (prior) not found in initial parameterization
2026-03-13 14:15:50 [    INFO] render.pymdp.pymdp_renderer: Generated PyMDP simulation: /private/var/folders/vc/rgmbpjpj0dbg61vr54xjskc80000gn/T/pytest-of-4d/pytest-190/test_render_no_memory_leak0/mem_test_3.py
2026-03-13 14:15:50 [ WARNING] gnn.parsers.markdown_parser: Connection references unknown target variables: ['o']
2026-03-13 14:15:50 [ WARNING] render.pymdp.pymdp_renderer: A matrix (likelihood) not found in initial parameterization
2026-03-13 14:15:50 [ WARNING] render.pymdp.pymdp_renderer: B matrix (transition) not found in initial parameterization
2026-03-13 14:15:50 [ WARNING] render.pymdp.pymdp_renderer: C vector (preferences) not found in initial parameterization
2026-03-13 14:15:50 [ WARNING] render.pymdp.pymdp_renderer: D vector (prior) not found in initial parameterization
2026-03-13 14:15:50 [    INFO] render.pymdp.pymdp_renderer: Generated PyMDP simulation: /private/var/folders/vc/rgmbpjpj0dbg61vr54xjskc80000gn/T/pytest-of-4d/pytest-190/test_render_no_memory_leak0/mem_test_4.py
2026-03-13 14:15:50 [ WARNING] gnn.parsers.markdown_parser: Connection references unknown target variables: ['o']
2026-03-13 14:15:50 [ WARNING] render.pymdp.pymdp_renderer: A matrix (likelihood) not found in initial parameterization
2026-03-13 14:15:50 [ WARNING] render.pymdp.pymdp_renderer: B matrix (transition) not found in initial parameterization
2026-03-13 14:15:50 [ WARNING] render.pymdp.pymdp_renderer: C vector (preferences) not found in initial parameterization
2026-03-13 14:15:50 [ WARNING] render.pymdp.pymdp_renderer: D vector (prior) not found in initial parameterization
2026-03-13 14:15:50 [    INFO] render.pymdp.pymdp_renderer: Generated PyMDP simulation: /private/var/folders/vc/rgmbpjpj0dbg61vr54xjskc80000gn/T/pytest-of-4d/pytest-190/test_render_no_memory_leak0/mem_test_5.py
2026-03-13 14:15:50 [ WARNING] gnn.parsers.markdown_parser: Connection references unknown target variables: ['o']
2026-03-13 14:15:50 [ WARNING] render.pymdp.pymdp_renderer: A matrix (likelihood) not found in initial parameterization
2026-03-13 14:15:50 [ WARNING] render.pymdp.pymdp_renderer: B matrix (transition) not found in initial parameterization
2026-03-13 14:15:50 [ WARNING] render.pymdp.pymdp_renderer: C vector (preferences) not found in initial parameterization
2026-03-13 14:15:50 [ WARNING] render.pymdp.pymdp_renderer: D vector (prior) not found in initial parameterization
2026-03-13 14:15:50 [    INFO] render.pymdp.pymdp_renderer: Generated PyMDP simulation: /private/var/folders/vc/rgmbpjpj0dbg61vr54xjskc80000gn/T/pytest-of-4d/pytest-190/test_render_no_memory_leak0/mem_test_6.py
2026-03-13 14:15:50 [ WARNING] gnn.parsers.markdown_parser: Connection references unknown target variables: ['o']
2026-03-13 14:15:50 [ WARNING] render.pymdp.pymdp_renderer: A matrix (likelihood) not found in initial parameterization
2026-03-13 14:15:50 [ WARNING] render.pymdp.pymdp_renderer: B matrix (transition) not found in initial parameterization
2026-03-13 14:15:50 [ WARNING] render.pymdp.pymdp_renderer: C vector (preferences) not found in initial parameterization
2026-03-13 14:15:50 [ WARNING] render.pymdp.pymdp_renderer: D vector (prior) not found in initial parameterization
2026-03-13 14:15:50 [    INFO] render.pymdp.pymdp_renderer: Generated PyMDP simulation: /private/var/folders/vc/rgmbpjpj0dbg61vr54xjskc80000gn/T/pytest-of-4d/pytest-190/test_render_no_memory_leak0/mem_test_7.py
2026-03-13 14:15:50 [ WARNING] gnn.parsers.markdown_parser: Connection references unknown target variables: ['o']
2026-03-13 14:15:50 [ WARNING] render.pymdp.pymdp_renderer: A matrix (likelihood) not found in initial parameterization
2026-03-13 14:15:50 [ WARNING] render.pymdp.pymdp_renderer: B matrix (transition) not found in initial parameterization
2026-03-13 14:15:50 [ WARNING] render.pymdp.pymdp_renderer: C vector (preferences) not found in initial parameterization
2026-03-13 14:15:50 [ WARNING] render.pymdp.pymdp_renderer: D vector (prior) not found in initial parameterization
2026-03-13 14:15:50 [    INFO] render.pymdp.pymdp_renderer: Generated PyMDP simulation: /private/var/folders/vc/rgmbpjpj0dbg61vr54xjskc80000gn/T/pytest-of-4d/pytest-190/test_render_no_memory_leak0/mem_test_8.py
2026-03-13 14:15:50 [ WARNING] gnn.parsers.markdown_parser: Connection references unknown target variables: ['o']
2026-03-13 14:15:50 [ WARNING] render.pymdp.pymdp_renderer: A matrix (likelihood) not found in initial parameterization
2026-03-13 14:15:50 [ WARNING] render.pymdp.pymdp_renderer: B matrix (transition) not found in initial parameterization
2026-03-13 14:15:50 [ WARNING] render.pymdp.pymdp_renderer: C vector (preferences) not found in initial parameterization
2026-03-13 14:15:50 [ WARNING] render.pymdp.pymdp_renderer: D vector (prior) not found in initial parameterization
2026-03-13 14:15:50 [    INFO] render.pymdp.pymdp_renderer: Generated PyMDP simulation: /private/var/folders/vc/rgmbpjpj0dbg61vr54xjskc80000gn/T/pytest-of-4d/pytest-190/test_render_no_memory_leak0/mem_test_9.py
2026-03-13 14:15:50 [ WARNING] gnn.parsers.markdown_parser: Connection references unknown target variables: ['o']
2026-03-13 14:15:50 [ WARNING] render.pymdp.pymdp_renderer: A matrix (likelihood) not found in initial parameterization
2026-03-13 14:15:50 [ WARNING] render.pymdp.pymdp_renderer: B matrix (transition) not found in initial parameterization
2026-03-13 14:15:50 [ WARNING] render.pymdp.pymdp_renderer: C vector (preferences) not found in initial parameterization
2026-03-13 14:15:50 [ WARNING] render.pymdp.pymdp_renderer: D vector (prior) not found in initial parameterization
2026-03-13 14:15:50 [    INFO] render.pymdp.pymdp_renderer: Generated PyMDP simulation: /private/var/folders/vc/rgmbpjpj0dbg61vr54xjskc80000gn/T/pytest-of-4d/pytest-190/test_render_no_memory_leak0/mem_test_10.py
2026-03-13 14:15:50 [ WARNING] gnn.parsers.markdown_parser: Connection references unknown target variables: ['o']
2026-03-13 14:15:50 [ WARNING] render.pymdp.pymdp_renderer: A matrix (likelihood) not found in initial parameterization
2026-03-13 14:15:50 [ WARNING] render.pymdp.pymdp_renderer: B matrix (transition) not found in initial parameterization
2026-03-13 14:15:50 [ WARNING] render.pymdp.pymdp_renderer: C vector (preferences) not found in initial parameterization
2026-03-13 14:15:50 [ WARNING] render.pymdp.pymdp_renderer: D vector (prior) not found in initial parameterization
2026-03-13 14:15:50 [    INFO] render.pymdp.pymdp_renderer: Generated PyMDP simulation: /private/var/folders/vc/rgmbpjpj0dbg61vr54xjskc80000gn/T/pytest-of-4d/pytest-190/test_render_no_memory_leak0/mem_test_11.py
2026-03-13 14:15:50 [ WARNING] gnn.parsers.markdown_parser: Connection references unknown target variables: ['o']
2026-03-13 14:15:50 [ WARNING] render.pymdp.pymdp_renderer: A matrix (likelihood) not found in initial parameterization
2026-03-13 14:15:50 [ WARNING] render.pymdp.pymdp_renderer: B matrix (transition) not found in initial parameterization
2026-03-13 14:15:50 [ WARNING] render.pymdp.pymdp_renderer: C vector (preferences) not found in initial parameterization
2026-03-13 14:15:50 [ WARNING] render.pymdp.pymdp_renderer: D vector (prior) not found in initial parameterization
2026-03-13 14:15:50 [    INFO] render.pymdp.pymdp_renderer: Generated PyMDP simulation: /private/var/folders/vc/rgmbpjpj0dbg61vr54xjskc80000gn/T/pytest-of-4d/pytest-190/test_render_no_memory_leak0/mem_test_12.py
2026-03-13 14:15:50 [ WARNING] gnn.parsers.markdown_parser: Connection references unknown target variables: ['o']
2026-03-13 14:15:50 [ WARNING] render.pymdp.pymdp_renderer: A matrix (likelihood) not found in initial parameterization
2026-03-13 14:15:50 [ WARNING] render.pymdp.pymdp_renderer: B matrix (transition) not found in initial parameterization
2026-03-13 14:15:50 [ WARNING] render.pymdp.pymdp_renderer: C vector (preferences) not found in initial parameterization
2026-03-13 14:15:50 [ WARNING] render.pymdp.pymdp_renderer: D vector (prior) not found in initial parameterization
2026-03-13 14:15:50 [    INFO] render.pymdp.pymdp_renderer: Generated PyMDP simulation: /private/var/folders/vc/rgmbpjpj0dbg61vr54xjskc80000gn/T/pytest-of-4d/pytest-190/test_render_no_memory_leak0/mem_test_13.py
2026-03-13 14:15:50 [ WARNING] gnn.parsers.markdown_parser: Connection references unknown target variables: ['o']
2026-03-13 14:15:50 [ WARNING] render.pymdp.pymdp_renderer: A matrix (likelihood) not found in initial parameterization
2026-03-13 14:15:50 [ WARNING] render.pymdp.pymdp_renderer: B matrix (transition) not found in initial parameterization
2026-03-13 14:15:50 [ WARNING] render.pymdp.pymdp_renderer: C vector (preferences) not found in initial parameterization
2026-03-13 14:15:50 [ WARNING] render.pymdp.pymdp_renderer: D vector (prior) not found in initial parameterization
2026-03-13 14:15:50 [    INFO] render.pymdp.pymdp_renderer: Generated PyMDP simulation: /private/var/folders/vc/rgmbpjpj0dbg61vr54xjskc80000gn/T/pytest-of-4d/pytest-190/test_render_no_memory_leak0/mem_test_14.py
2026-03-13 14:15:50 [ WARNING] gnn.parsers.markdown_parser: Connection references unknown target variables: ['o']
2026-03-13 14:15:50 [ WARNING] render.pymdp.pymdp_renderer: A matrix (likelihood) not found in initial parameterization
2026-03-13 14:15:50 [ WARNING] render.pymdp.pymdp_renderer: B matrix (transition) not found in initial parameterization
2026-03-13 14:15:50 [ WARNING] render.pymdp.pymdp_renderer: C vector (preferences) not found in initial parameterization
2026-03-13 14:15:50 [ WARNING] render.pymdp.pymdp_renderer: D vector (prior) not found in initial parameterization
2026-03-13 14:15:50 [    INFO] render.pymdp.pymdp_renderer: Generated PyMDP simulation: /private/var/folders/vc/rgmbpjpj0dbg61vr54xjskc80000gn/T/pytest-of-4d/pytest-190/test_render_no_memory_leak0/mem_test_15.py
2026-03-13 14:15:50 [ WARNING] gnn.parsers.markdown_parser: Connection references unknown target variables: ['o']
2026-03-13 14:15:50 [ WARNING] render.pymdp.pymdp_renderer: A matrix (likelihood) not found in initial parameterization
2026-03-13 14:15:50 [ WARNING] render.pymdp.pymdp_renderer: B matrix (transition) not found in initial parameterization
2026-03-13 14:15:50 [ WARNING] render.pymdp.pymdp_renderer: C vector (preferences) not found in initial parameterization
2026-03-13 14:15:50 [ WARNING] render.pymdp.pymdp_renderer: D vector (prior) not found in initial parameterization
2026-03-13 14:15:50 [    INFO] render.pymdp.pymdp_renderer: Generated PyMDP simulation: /private/var/folders/vc/rgmbpjpj0dbg61vr54xjskc80000gn/T/pytest-of-4d/pytest-190/test_render_no_memory_leak0/mem_test_16.py
2026-03-13 14:15:50 [ WARNING] gnn.parsers.markdown_parser: Connection references unknown target variables: ['o']
2026-03-13 14:15:50 [ WARNING] render.pymdp.pymdp_renderer: A matrix (likelihood) not found in initial parameterization
2026-03-13 14:15:50 [ WARNING] render.pymdp.pymdp_renderer: B matrix (transition) not found in initial parameterization
2026-03-13 14:15:50 [ WARNING] render.pymdp.pymdp_renderer: C vector (preferences) not found in initial parameterization
2026-03-13 14:15:50 [ WARNING] render.pymdp.pymdp_renderer: D vector (prior) not found in initial parameterization
2026-03-13 14:15:50 [    INFO] render.pymdp.pymdp_renderer: Generated PyMDP simulation: /private/var/folders/vc/rgmbpjpj0dbg61vr54xjskc80000gn/T/pytest-of-4d/pytest-190/test_render_no_memory_leak0/mem_test_17.py
2026-03-13 14:15:50 [ WARNING] gnn.parsers.markdown_parser: Connection references unknown target variables: ['o']
2026-03-13 14:15:50 [ WARNING] render.pymdp.pymdp_renderer: A matrix (likelihood) not found in initial parameterization
2026-03-13 14:15:50 [ WARNING] render.pymdp.pymdp_renderer: B matrix (transition) not found in initial parameterization
2026-03-13 14:15:50 [ WARNING] render.pymdp.pymdp_renderer: C vector (preferences) not found in initial parameterization
2026-03-13 14:15:50 [ WARNING] render.pymdp.pymdp_renderer: D vector (prior) not found in initial parameterization
2026-03-13 14:15:50 [    INFO] render.pymdp.pymdp_renderer: Generated PyMDP simulation: /private/var/folders/vc/rgmbpjpj0dbg61vr54xjskc80000gn/T/pytest-of-4d/pytest-190/test_render_no_memory_leak0/mem_test_18.py
2026-03-13 14:15:50 [ WARNING] gnn.parsers.markdown_parser: Connection references unknown target variables: ['o']
2026-03-13 14:15:50 [ WARNING] render.pymdp.pymdp_renderer: A matrix (likelihood) not found in initial parameterization
2026-03-13 14:15:50 [ WARNING] render.pymdp.pymdp_renderer: B matrix (transition) not found in initial parameterization
2026-03-13 14:15:50 [ WARNING] render.pymdp.pymdp_renderer: C vector (preferences) not found in initial parameterization
2026-03-13 14:15:50 [ WARNING] render.pymdp.pymdp_renderer: D vector (prior) not found in initial parameterization
2026-03-13 14:15:50 [    INFO] render.pymdp.pymdp_renderer: Generated PyMDP simulation: /private/var/folders/vc/rgmbpjpj0dbg61vr54xjskc80000gn/T/pytest-of-4d/pytest-190/test_render_no_memory_leak0/mem_test_19.py
2026-03-13 14:15:50 [ WARNING] gnn.parsers.markdown_parser: Connection references unknown target variables: ['o']
2026-03-13 14:15:50 [ WARNING] render.pymdp.pymdp_renderer: A matrix (likelihood) not found in initial parameterization
2026-03-13 14:15:50 [ WARNING] render.pymdp.pymdp_renderer: B matrix (transition) not found in initial parameterization
2026-03-13 14:15:50 [ WARNING] render.pymdp.pymdp_renderer: C vector (preferences) not found in initial parameterization
2026-03-13 14:15:50 [ WARNING] render.pymdp.pymdp_renderer: D vector (prior) not found in initial parameterization
2026-03-13 14:15:50 [    INFO] render.pymdp.pymdp_renderer: Generated PyMDP simulation: /private/var/folders/vc/rgmbpjpj0dbg61vr54xjskc80000gn/T/pytest-of-4d/pytest-190/test_render_no_memory_leak0/mem_test_20.py
2026-03-13 14:15:50 [ WARNING] gnn.parsers.markdown_parser: Connection references unknown target variables: ['o']
2026-03-13 14:15:50 [ WARNING] render.pymdp.pymdp_renderer: A matrix (likelihood) not found in initial parameterization
2026-03-13 14:15:50 [ WARNING] render.pymdp.pymdp_renderer: B matrix (transition) not found in initial parameterization
2026-03-13 14:15:50 [ WARNING] render.pymdp.pymdp_renderer: C vector (preferences) not found in initial parameterization
2026-03-13 14:15:50 [ WARNING] render.pymdp.pymdp_renderer: D vector (prior) not found in initial parameterization
2026-03-13 14:15:50 [    INFO] render.pymdp.pymdp_renderer: Generated PyMDP simulation: /private/var/folders/vc/rgmbpjpj0dbg61vr54xjskc80000gn/T/pytest-of-4d/pytest-190/test_render_no_memory_leak0/mem_test_21.py
2026-03-13 14:15:50 [ WARNING] gnn.parsers.markdown_parser: Connection references unknown target variables: ['o']
2026-03-13 14:15:50 [ WARNING] render.pymdp.pymdp_renderer: A matrix (likelihood) not found in initial parameterization
2026-03-13 14:15:50 [ WARNING] render.pymdp.pymdp_renderer: B matrix (transition) not found in initial parameterization
2026-03-13 14:15:50 [ WARNING] render.pymdp.pymdp_renderer: C vector (preferences) not found in initial parameterization
2026-03-13 14:15:50 [ WARNING] render.pymdp.pymdp_renderer: D vector (prior) not found in initial parameterization
2026-03-13 14:15:50 [    INFO] render.pymdp.pymdp_renderer: Generated PyMDP simulation: /private/var/folders/vc/rgmbpjpj0dbg61vr54xjskc80000gn/T/pytest-of-4d/pytest-190/test_render_no_memory_leak0/mem_test_22.py
2026-03-13 14:15:50 [ WARNING] gnn.parsers.markdown_parser: Connection references unknown target variables: ['o']
2026-03-13 14:15:50 [ WARNING] render.pymdp.pymdp_renderer: A matrix (likelihood) not found in initial parameterization
2026-03-13 14:15:50 [ WARNING] render.pymdp.pymdp_renderer: B matrix (transition) not found in initial parameterization
2026-03-13 14:15:50 [ WARNING] render.pymdp.pymdp_renderer: C vector (preferences) not found in initial parameterization
2026-03-13 14:15:50 [ WARNING] render.pymdp.pymdp_renderer: D vector (prior) not found in initial parameterization
2026-03-13 14:15:50 [    INFO] render.pymdp.pymdp_renderer: Generated PyMDP simulation: /private/var/folders/vc/rgmbpjpj0dbg61vr54xjskc80000gn/T/pytest-of-4d/pytest-190/test_render_no_memory_leak0/mem_test_23.py
2026-03-13 14:15:50 [ WARNING] gnn.parsers.markdown_parser: Connection references unknown target variables: ['o']
2026-03-13 14:15:50 [ WARNING] render.pymdp.pymdp_renderer: A matrix (likelihood) not found in initial parameterization
2026-03-13 14:15:50 [ WARNING] render.pymdp.pymdp_renderer: B matrix (transition) not found in initial parameterization
2026-03-13 14:15:50 [ WARNING] render.pymdp.pymdp_renderer: C vector (preferences) not found in initial parameterization
2026-03-13 14:15:50 [ WARNING] render.pymdp.pymdp_renderer: D vector (prior) not found in initial parameterization
2026-03-13 14:15:50 [    INFO] render.pymdp.pymdp_renderer: Generated PyMDP simulation: /private/var/folders/vc/rgmbpjpj0dbg61vr54xjskc80000gn/T/pytest-of-4d/pytest-190/test_render_no_memory_leak0/mem_test_24.py
2026-03-13 14:15:50 [ WARNING] gnn.parsers.markdown_parser: Connection references unknown target variables: ['o']
2026-03-13 14:15:50 [ WARNING] render.pymdp.pymdp_renderer: A matrix (likelihood) not found in initial parameterization
2026-03-13 14:15:50 [ WARNING] render.pymdp.pymdp_renderer: B matrix (transition) not found in initial parameterization
2026-03-13 14:15:50 [ WARNING] render.pymdp.pymdp_renderer: C vector (preferences) not found in initial parameterization
2026-03-13 14:15:50 [ WARNING] render.pymdp.pymdp_renderer: D vector (prior) not found in initial parameterization
2026-03-13 14:15:50 [    INFO] render.pymdp.pymdp_renderer: Generated PyMDP simulation: /private/var/folders/vc/rgmbpjpj0dbg61vr54xjskc80000gn/T/pytest-of-4d/pytest-190/test_render_no_memory_leak0/mem_test_25.py
2026-03-13 14:15:50 [ WARNING] gnn.parsers.markdown_parser: Connection references unknown target variables: ['o']
2026-03-13 14:15:50 [ WARNING] render.pymdp.pymdp_renderer: A matrix (likelihood) not found in initial parameterization
2026-03-13 14:15:50 [ WARNING] render.pymdp.pymdp_renderer: B matrix (transition) not found in initial parameterization
2026-03-13 14:15:50 [ WARNING] render.pymdp.pymdp_renderer: C vector (preferences) not found in initial parameterization
2026-03-13 14:15:50 [ WARNING] render.pymdp.pymdp_renderer: D vector (prior) not found in initial parameterization
2026-03-13 14:15:50 [    INFO] render.pymdp.pymdp_renderer: Generated PyMDP simulation: /private/var/folders/vc/rgmbpjpj0dbg61vr54xjskc80000gn/T/pytest-of-4d/pytest-190/test_render_no_memory_leak0/mem_test_26.py
2026-03-13 14:15:50 [ WARNING] gnn.parsers.markdown_parser: Connection references unknown target variables: ['o']
2026-03-13 14:15:50 [ WARNING] render.pymdp.pymdp_renderer: A matrix (likelihood) not found in initial parameterization
2026-03-13 14:15:50 [ WARNING] render.pymdp.pymdp_renderer: B matrix (transition) not found in initial parameterization
2026-03-13 14:15:50 [ WARNING] render.pymdp.pymdp_renderer: C vector (preferences) not found in initial parameterization
2026-03-13 14:15:50 [ WARNING] render.pymdp.pymdp_renderer: D vector (prior) not found in initial parameterization
2026-03-13 14:15:50 [    INFO] render.pymdp.pymdp_renderer: Generated PyMDP simulation: /private/var/folders/vc/rgmbpjpj0dbg61vr54xjskc80000gn/T/pytest-of-4d/pytest-190/test_render_no_memory_leak0/mem_test_27.py
2026-03-13 14:15:50 [ WARNING] gnn.parsers.markdown_parser: Connection references unknown target variables: ['o']
2026-03-13 14:15:50 [ WARNING] render.pymdp.pymdp_renderer: A matrix (likelihood) not found in initial parameterization
2026-03-13 14:15:50 [ WARNING] render.pymdp.pymdp_renderer: B matrix (transition) not found in initial parameterization
2026-03-13 14:15:50 [ WARNING] render.pymdp.pymdp_renderer: C vector (preferences) not found in initial parameterization
2026-03-13 14:15:50 [ WARNING] render.pymdp.pymdp_renderer: D vector (prior) not found in initial parameterization
2026-03-13 14:15:50 [    INFO] render.pymdp.pymdp_renderer: Generated PyMDP simulation: /private/var/folders/vc/rgmbpjpj0dbg61vr54xjskc80000gn/T/pytest-of-4d/pytest-190/test_render_no_memory_leak0/mem_test_28.py
2026-03-13 14:15:50 [ WARNING] gnn.parsers.markdown_parser: Connection references unknown target variables: ['o']
2026-03-13 14:15:50 [ WARNING] render.pymdp.pymdp_renderer: A matrix (likelihood) not found in initial parameterization
2026-03-13 14:15:50 [ WARNING] render.pymdp.pymdp_renderer: B matrix (transition) not found in initial parameterization
2026-03-13 14:15:50 [ WARNING] render.pymdp.pymdp_renderer: C vector (preferences) not found in initial parameterization
2026-03-13 14:15:50 [ WARNING] render.pymdp.pymdp_renderer: D vector (prior) not found in initial parameterization
2026-03-13 14:15:50 [    INFO] render.pymdp.pymdp_renderer: Generated PyMDP simulation: /private/var/folders/vc/rgmbpjpj0dbg61vr54xjskc80000gn/T/pytest-of-4d/pytest-190/test_render_no_memory_leak0/mem_test_29.py
2026-03-13 14:15:50 [ WARNING] gnn.parsers.markdown_parser: Connection references unknown target variables: ['o']
2026-03-13 14:15:50 [ WARNING] render.pymdp.pymdp_renderer: A matrix (likelihood) not found in initial parameterization
2026-03-13 14:15:50 [ WARNING] render.pymdp.pymdp_renderer: B matrix (transition) not found in initial parameterization
2026-03-13 14:15:50 [ WARNING] render.pymdp.pymdp_renderer: C vector (preferences) not found in initial parameterization
2026-03-13 14:15:50 [ WARNING] render.pymdp.pymdp_renderer: D vector (prior) not found in initial parameterization
2026-03-13 14:15:50 [    INFO] render.pymdp.pymdp_renderer: Generated PyMDP simulation: /private/var/folders/vc/rgmbpjpj0dbg61vr54xjskc80000gn/T/pytest-of-4d/pytest-190/test_render_no_memory_leak0/mem_test_30.py
2026-03-13 14:15:50 [ WARNING] gnn.parsers.markdown_parser: Connection references unknown target variables: ['o']
2026-03-13 14:15:50 [ WARNING] render.pymdp.pymdp_renderer: A matrix (likelihood) not found in initial parameterization
2026-03-13 14:15:50 [ WARNING] render.pymdp.pymdp_renderer: B matrix (transition) not found in initial parameterization
2026-03-13 14:15:50 [ WARNING] render.pymdp.pymdp_renderer: C vector (preferences) not found in initial parameterization
2026-03-13 14:15:50 [ WARNING] render.pymdp.pymdp_renderer: D vector (prior) not found in initial parameterization
2026-03-13 14:15:50 [    INFO] render.pymdp.pymdp_renderer: Generated PyMDP simulation: /private/var/folders/vc/rgmbpjpj0dbg61vr54xjskc80000gn/T/pytest-of-4d/pytest-190/test_render_no_memory_leak0/mem_test_31.py
2026-03-13 14:15:50 [ WARNING] gnn.parsers.markdown_parser: Connection references unknown target variables: ['o']
2026-03-13 14:15:50 [ WARNING] render.pymdp.pymdp_renderer: A matrix (likelihood) not found in initial parameterization
2026-03-13 14:15:50 [ WARNING] render.pymdp.pymdp_renderer: B matrix (transition) not found in initial parameterization
2026-03-13 14:15:50 [ WARNING] render.pymdp.pymdp_renderer: C vector (preferences) not found in initial parameterization
2026-03-13 14:15:50 [ WARNING] render.pymdp.pymdp_renderer: D vector (prior) not found in initial parameterization
2026-03-13 14:15:50 [    INFO] render.pymdp.pymdp_renderer: Generated PyMDP simulation: /private/var/folders/vc/rgmbpjpj0dbg61vr54xjskc80000gn/T/pytest-of-4d/pytest-190/test_render_no_memory_leak0/mem_test_32.py
2026-03-13 14:15:50 [ WARNING] gnn.parsers.markdown_parser: Connection references unknown target variables: ['o']
2026-03-13 14:15:50 [ WARNING] render.pymdp.pymdp_renderer: A matrix (likelihood) not found in initial parameterization
2026-03-13 14:15:50 [ WARNING] render.pymdp.pymdp_renderer: B matrix (transition) not found in initial parameterization
2026-03-13 14:15:50 [ WARNING] render.pymdp.pymdp_renderer: C vector (preferences) not found in initial parameterization
2026-03-13 14:15:50 [ WARNING] render.pymdp.pymdp_renderer: D vector (prior) not found in initial parameterization
2026-03-13 14:15:50 [    INFO] render.pymdp.pymdp_renderer: Generated PyMDP simulation: /private/var/folders/vc/rgmbpjpj0dbg61vr54xjskc80000gn/T/pytest-of-4d/pytest-190/test_render_no_memory_leak0/mem_test_33.py
2026-03-13 14:15:50 [ WARNING] gnn.parsers.markdown_parser: Connection references unknown target variables: ['o']
2026-03-13 14:15:50 [ WARNING] render.pymdp.pymdp_renderer: A matrix (likelihood) not found in initial parameterization
2026-03-13 14:15:50 [ WARNING] render.pymdp.pymdp_renderer: B matrix (transition) not found in initial parameterization
2026-03-13 14:15:50 [ WARNING] render.pymdp.pymdp_renderer: C vector (preferences) not found in initial parameterization
2026-03-13 14:15:50 [ WARNING] render.pymdp.pymdp_renderer: D vector (prior) not found in initial parameterization
2026-03-13 14:15:50 [    INFO] render.pymdp.pymdp_renderer: Generated PyMDP simulation: /private/var/folders/vc/rgmbpjpj0dbg61vr54xjskc80000gn/T/pytest-of-4d/pytest-190/test_render_no_memory_leak0/mem_test_34.py
2026-03-13 14:15:50 [ WARNING] gnn.parsers.markdown_parser: Connection references unknown target variables: ['o']
2026-03-13 14:15:50 [ WARNING] render.pymdp.pymdp_renderer: A matrix (likelihood) not found in initial parameterization
2026-03-13 14:15:50 [ WARNING] render.pymdp.pymdp_renderer: B matrix (transition) not found in initial parameterization
2026-03-13 14:15:50 [ WARNING] render.pymdp.pymdp_renderer: C vector (preferences) not found in initial parameterization
2026-03-13 14:15:50 [ WARNING] render.pymdp.pymdp_renderer: D vector (prior) not found in initial parameterization
2026-03-13 14:15:50 [    INFO] render.pymdp.pymdp_renderer: Generated PyMDP simulation: /private/var/folders/vc/rgmbpjpj0dbg61vr54xjskc80000gn/T/pytest-of-4d/pytest-190/test_render_no_memory_leak0/mem_test_35.py
2026-03-13 14:15:50 [ WARNING] gnn.parsers.markdown_parser: Connection references unknown target variables: ['o']
2026-03-13 14:15:50 [ WARNING] render.pymdp.pymdp_renderer: A matrix (likelihood) not found in initial parameterization
2026-03-13 14:15:50 [ WARNING] render.pymdp.pymdp_renderer: B matrix (transition) not found in initial parameterization
2026-03-13 14:15:50 [ WARNING] render.pymdp.pymdp_renderer: C vector (preferences) not found in initial parameterization
2026-03-13 14:15:50 [ WARNING] render.pymdp.pymdp_renderer: D vector (prior) not found in initial parameterization
2026-03-13 14:15:50 [    INFO] render.pymdp.pymdp_renderer: Generated PyMDP simulation: /private/var/folders/vc/rgmbpjpj0dbg61vr54xjskc80000gn/T/pytest-of-4d/pytest-190/test_render_no_memory_leak0/mem_test_36.py
2026-03-13 14:15:50 [ WARNING] gnn.parsers.markdown_parser: Connection references unknown target variables: ['o']
2026-03-13 14:15:50 [ WARNING] render.pymdp.pymdp_renderer: A matrix (likelihood) not found in initial parameterization
2026-03-13 14:15:50 [ WARNING] render.pymdp.pymdp_renderer: B matrix (transition) not found in initial parameterization
2026-03-13 14:15:50 [ WARNING] render.pymdp.pymdp_renderer: C vector (preferences) not found in initial parameterization
2026-03-13 14:15:50 [ WARNING] render.pymdp.pymdp_renderer: D vector (prior) not found in initial parameterization
2026-03-13 14:15:50 [    INFO] render.pymdp.pymdp_renderer: Generated PyMDP simulation: /private/var/folders/vc/rgmbpjpj0dbg61vr54xjskc80000gn/T/pytest-of-4d/pytest-190/test_render_no_memory_leak0/mem_test_37.py
2026-03-13 14:15:50 [ WARNING] gnn.parsers.markdown_parser: Connection references unknown target variables: ['o']
2026-03-13 14:15:50 [ WARNING] render.pymdp.pymdp_renderer: A matrix (likelihood) not found in initial parameterization
2026-03-13 14:15:50 [ WARNING] render.pymdp.pymdp_renderer: B matrix (transition) not found in initial parameterization
2026-03-13 14:15:50 [ WARNING] render.pymdp.pymdp_renderer: C vector (preferences) not found in initial parameterization
2026-03-13 14:15:50 [ WARNING] render.pymdp.pymdp_renderer: D vector (prior) not found in initial parameterization
2026-03-13 14:15:50 [    INFO] render.pymdp.pymdp_renderer: Generated PyMDP simulation: /private/var/folders/vc/rgmbpjpj0dbg61vr54xjskc80000gn/T/pytest-of-4d/pytest-190/test_render_no_memory_leak0/mem_test_38.py
2026-03-13 14:15:50 [ WARNING] gnn.parsers.markdown_parser: Connection references unknown target variables: ['o']
2026-03-13 14:15:50 [ WARNING] render.pymdp.pymdp_renderer: A matrix (likelihood) not found in initial parameterization
2026-03-13 14:15:50 [ WARNING] render.pymdp.pymdp_renderer: B matrix (transition) not found in initial parameterization
2026-03-13 14:15:50 [ WARNING] render.pymdp.pymdp_renderer: C vector (preferences) not found in initial parameterization
2026-03-13 14:15:50 [ WARNING] render.pymdp.pymdp_renderer: D vector (prior) not found in initial parameterization
2026-03-13 14:15:50 [    INFO] render.pymdp.pymdp_renderer: Generated PyMDP simulation: /private/var/folders/vc/rgmbpjpj0dbg61vr54xjskc80000gn/T/pytest-of-4d/pytest-190/test_render_no_memory_leak0/mem_test_39.py
2026-03-13 14:15:50 [ WARNING] gnn.parsers.markdown_parser: Connection references unknown target variables: ['o']
2026-03-13 14:15:50 [ WARNING] render.pymdp.pymdp_renderer: A matrix (likelihood) not found in initial parameterization
2026-03-13 14:15:50 [ WARNING] render.pymdp.pymdp_renderer: B matrix (transition) not found in initial parameterization
2026-03-13 14:15:50 [ WARNING] render.pymdp.pymdp_renderer: C vector (preferences) not found in initial parameterization
2026-03-13 14:15:50 [ WARNING] render.pymdp.pymdp_renderer: D vector (prior) not found in initial parameterization
2026-03-13 14:15:50 [    INFO] render.pymdp.pymdp_renderer: Generated PyMDP simulation: /private/var/folders/vc/rgmbpjpj0dbg61vr54xjskc80000gn/T/pytest-of-4d/pytest-190/test_render_no_memory_leak0/mem_test_40.py
2026-03-13 14:15:50 [ WARNING] gnn.parsers.markdown_parser: Connection references unknown target variables: ['o']
2026-03-13 14:15:50 [ WARNING] render.pymdp.pymdp_renderer: A matrix (likelihood) not found in initial parameterization
2026-03-13 14:15:50 [ WARNING] render.pymdp.pymdp_renderer: B matrix (transition) not found in initial parameterization
2026-03-13 14:15:50 [ WARNING] render.pymdp.pymdp_renderer: C vector (preferences) not found in initial parameterization
2026-03-13 14:15:50 [ WARNING] render.pymdp.pymdp_renderer: D vector (prior) not found in initial parameterization
2026-03-13 14:15:50 [    INFO] render.pymdp.pymdp_renderer: Generated PyMDP simulation: /private/var/folders/vc/rgmbpjpj0dbg61vr54xjskc80000gn/T/pytest-of-4d/pytest-190/test_render_no_memory_leak0/mem_test_41.py
2026-03-13 14:15:50 [ WARNING] gnn.parsers.markdown_parser: Connection references unknown target variables: ['o']
2026-03-13 14:15:50 [ WARNING] render.pymdp.pymdp_renderer: A matrix (likelihood) not found in initial parameterization
2026-03-13 14:15:50 [ WARNING] render.pymdp.pymdp_renderer: B matrix (transition) not found in initial parameterization
2026-03-13 14:15:50 [ WARNING] render.pymdp.pymdp_renderer: C vector (preferences) not found in initial parameterization
2026-03-13 14:15:50 [ WARNING] render.pymdp.pymdp_renderer: D vector (prior) not found in initial parameterization
2026-03-13 14:15:50 [    INFO] render.pymdp.pymdp_renderer: Generated PyMDP simulation: /private/var/folders/vc/rgmbpjpj0dbg61vr54xjskc80000gn/T/pytest-of-4d/pytest-190/test_render_no_memory_leak0/mem_test_42.py
2026-03-13 14:15:50 [ WARNING] gnn.parsers.markdown_parser: Connection references unknown target variables: ['o']
2026-03-13 14:15:50 [ WARNING] render.pymdp.pymdp_renderer: A matrix (likelihood) not found in initial parameterization
2026-03-13 14:15:50 [ WARNING] render.pymdp.pymdp_renderer: B matrix (transition) not found in initial parameterization
2026-03-13 14:15:50 [ WARNING] render.pymdp.pymdp_renderer: C vector (preferences) not found in initial parameterization
2026-03-13 14:15:50 [ WARNING] render.pymdp.pymdp_renderer: D vector (prior) not found in initial parameterization
2026-03-13 14:15:50 [    INFO] render.pymdp.pymdp_renderer: Generated PyMDP simulation: /private/var/folders/vc/rgmbpjpj0dbg61vr54xjskc80000gn/T/pytest-of-4d/pytest-190/test_render_no_memory_leak0/mem_test_43.py
2026-03-13 14:15:50 [ WARNING] gnn.parsers.markdown_parser: Connection references unknown target variables: ['o']
2026-03-13 14:15:50 [ WARNING] render.pymdp.pymdp_renderer: A matrix (likelihood) not found in initial parameterization
2026-03-13 14:15:50 [ WARNING] render.pymdp.pymdp_renderer: B matrix (transition) not found in initial parameterization
2026-03-13 14:15:50 [ WARNING] render.pymdp.pymdp_renderer: C vector (preferences) not found in initial parameterization
2026-03-13 14:15:50 [ WARNING] render.pymdp.pymdp_renderer: D vector (prior) not found in initial parameterization
2026-03-13 14:15:50 [    INFO] render.pymdp.pymdp_renderer: Generated PyMDP simulation: /private/var/folders/vc/rgmbpjpj0dbg61vr54xjskc80000gn/T/pytest-of-4d/pytest-190/test_render_no_memory_leak0/mem_test_44.py
2026-03-13 14:15:50 [ WARNING] gnn.parsers.markdown_parser: Connection references unknown target variables: ['o']
2026-03-13 14:15:50 [ WARNING] render.pymdp.pymdp_renderer: A matrix (likelihood) not found in initial parameterization
2026-03-13 14:15:50 [ WARNING] render.pymdp.pymdp_renderer: B matrix (transition) not found in initial parameterization
2026-03-13 14:15:50 [ WARNING] render.pymdp.pymdp_renderer: C vector (preferences) not found in initial parameterization
2026-03-13 14:15:50 [ WARNING] render.pymdp.pymdp_renderer: D vector (prior) not found in initial parameterization
2026-03-13 14:15:50 [    INFO] render.pymdp.pymdp_renderer: Generated PyMDP simulation: /private/var/folders/vc/rgmbpjpj0dbg61vr54xjskc80000gn/T/pytest-of-4d/pytest-190/test_render_no_memory_leak0/mem_test_45.py
2026-03-13 14:15:50 [ WARNING] gnn.parsers.markdown_parser: Connection references unknown target variables: ['o']
2026-03-13 14:15:50 [ WARNING] render.pymdp.pymdp_renderer: A matrix (likelihood) not found in initial parameterization
2026-03-13 14:15:50 [ WARNING] render.pymdp.pymdp_renderer: B matrix (transition) not found in initial parameterization
2026-03-13 14:15:50 [ WARNING] render.pymdp.pymdp_renderer: C vector (preferences) not found in initial parameterization
2026-03-13 14:15:50 [ WARNING] render.pymdp.pymdp_renderer: D vector (prior) not found in initial parameterization
2026-03-13 14:15:50 [    INFO] render.pymdp.pymdp_renderer: Generated PyMDP simulation: /private/var/folders/vc/rgmbpjpj0dbg61vr54xjskc80000gn/T/pytest-of-4d/pytest-190/test_render_no_memory_leak0/mem_test_46.py
2026-03-13 14:15:50 [ WARNING] gnn.parsers.markdown_parser: Connection references unknown target variables: ['o']
2026-03-13 14:15:50 [ WARNING] render.pymdp.pymdp_renderer: A matrix (likelihood) not found in initial parameterization
2026-03-13 14:15:50 [ WARNING] render.pymdp.pymdp_renderer: B matrix (transition) not found in initial parameterization
2026-03-13 14:15:50 [ WARNING] render.pymdp.pymdp_renderer: C vector (preferences) not found in initial parameterization
2026-03-13 14:15:50 [ WARNING] render.pymdp.pymdp_renderer: D vector (prior) not found in initial parameterization
2026-03-13 14:15:50 [    INFO] render.pymdp.pymdp_renderer: Generated PyMDP simulation: /private/var/folders/vc/rgmbpjpj0dbg61vr54xjskc80000gn/T/pytest-of-4d/pytest-190/test_render_no_memory_leak0/mem_test_47.py
2026-03-13 14:15:50 [ WARNING] gnn.parsers.markdown_parser: Connection references unknown target variables: ['o']
2026-03-13 14:15:50 [ WARNING] render.pymdp.pymdp_renderer: A matrix (likelihood) not found in initial parameterization
2026-03-13 14:15:50 [ WARNING] render.pymdp.pymdp_renderer: B matrix (transition) not found in initial parameterization
2026-03-13 14:15:50 [ WARNING] render.pymdp.pymdp_renderer: C vector (preferences) not found in initial parameterization
2026-03-13 14:15:50 [ WARNING] render.pymdp.pymdp_renderer: D vector (prior) not found in initial parameterization
2026-03-13 14:15:50 [    INFO] render.pymdp.pymdp_renderer: Generated PyMDP simulation: /private/var/folders/vc/rgmbpjpj0dbg61vr54xjskc80000gn/T/pytest-of-4d/pytest-190/test_render_no_memory_leak0/mem_test_48.py
2026-03-13 14:15:50 [ WARNING] gnn.parsers.markdown_parser: Connection references unknown target variables: ['o']
2026-03-13 14:15:50 [ WARNING] render.pymdp.pymdp_renderer: A matrix (likelihood) not found in initial parameterization
2026-03-13 14:15:50 [ WARNING] render.pymdp.pymdp_renderer: B matrix (transition) not found in initial parameterization
2026-03-13 14:15:50 [ WARNING] render.pymdp.pymdp_renderer: C vector (preferences) not found in initial parameterization
2026-03-13 14:15:50 [ WARNING] render.pymdp.pymdp_renderer: D vector (prior) not found in initial parameterization
2026-03-13 14:15:50 [    INFO] render.pymdp.pymdp_renderer: Generated PyMDP simulation: /private/var/folders/vc/rgmbpjpj0dbg61vr54xjskc80000gn/T/pytest-of-4d/pytest-190/test_render_no_memory_leak0/mem_test_49.py
PASSED

======================================================== PASSES ========================================================
__________________________________ TestRenderIntegration.test_process_render_workflow __________________________________
-------------------------------------------------- Captured log call ---------------------------------------------------
INFO     render.processor:processor.py:184 🚀 Starting POMDP-aware render processing
INFO     render.processor:processor.py:185 Processing GNN files in: /var/folders/vc/rgmbpjpj0dbg61vr54xjskc80000gn/T/tmp1jakujm7
INFO     render.processor:processor.py:186 Output directory: /var/folders/vc/rgmbpjpj0dbg61vr54xjskc80000gn/T/tmp1jakujm7/render_output
INFO     render.processor:processor.py:217 Found 1 GNN files to process
INFO     render.processor:processor.py:226 Target frameworks: all available
INFO     render.processor:processor.py:239 📁 Processing: /var/folders/vc/rgmbpjpj0dbg61vr54xjskc80000gn/T/tmp1jakujm7/test_agent.md
INFO     gnn.pomdp_extractor:pomdp_extractor.py:164 No C vector found — generating uniform preferences (3 observations)
INFO     gnn.pomdp_extractor:pomdp_extractor.py:167 No D vector found — generating uniform prior (3 states)
INFO     render.processor:processor.py:253 ✅ Extracted POMDP 'test_agent' with 3 states, 3 observations, 3 actions
INFO     render.pomdp_processor:pomdp_processor.py:184 Processing POMDP 'test_agent' for frameworks: ['pymdp', 'rxinfer', 'activeinference_jl', 'jax', 'discopy', 'pytorch', 'numpyro']
INFO     render.pomdp_processor:pomdp_processor.py:188 Processing framework: pymdp
ERROR    render.pomdp_processor:pomdp_processor.py:200 ❌ pymdp: POMDP not compatible with pymdp: Missing required matrices: ['A', 'B']
INFO     render.pomdp_processor:pomdp_processor.py:188 Processing framework: rxinfer
ERROR    render.pomdp_processor:pomdp_processor.py:200 ❌ rxinfer: POMDP not compatible with rxinfer: Missing required matrices: ['A', 'B']
INFO     render.pomdp_processor:pomdp_processor.py:188 Processing framework: activeinference_jl
ERROR    render.pomdp_processor:pomdp_processor.py:200 ❌ activeinference_jl: POMDP not compatible with activeinference_jl: Missing required matrices: ['A', 'B']
INFO     render.pomdp_processor:pomdp_processor.py:188 Processing framework: jax
ERROR    render.pomdp_processor:pomdp_processor.py:200 ❌ jax: POMDP not compatible with jax: Missing required matrices: ['A', 'B']
INFO     render.pomdp_processor:pomdp_processor.py:188 Processing framework: discopy
INFO     render.pomdp_processor:pomdp_processor.py:915 Created documentation: /var/folders/vc/rgmbpjpj0dbg61vr54xjskc80000gn/T/tmp1jakujm7/render_output/test_agent/discopy/README.md
INFO     render.pomdp_processor:pomdp_processor.py:197 ✅ discopy: Generated DisCoPy categorical diagram script: /var/folders/vc/rgmbpjpj0dbg61vr54xjskc80000gn/T/tmp1jakujm7/render_output/test_agent/discopy/test_agent_discopy.py
INFO     render.pomdp_processor:pomdp_processor.py:188 Processing framework: pytorch
ERROR    render.pomdp_processor:pomdp_processor.py:200 ❌ pytorch: POMDP not compatible with pytorch: Missing required matrices: ['A', 'B']
INFO     render.pomdp_processor:pomdp_processor.py:188 Processing framework: numpyro
ERROR    render.pomdp_processor:pomdp_processor.py:200 ❌ numpyro: POMDP not compatible with numpyro: Missing required matrices: ['A', 'B']
INFO     render.processor:processor.py:280 ✅ Successfully processed test_agent.md
INFO     render.processor:processor.py:526 Created overview documentation: /var/folders/vc/rgmbpjpj0dbg61vr54xjskc80000gn/T/tmp1jakujm7/render_output/README.md
INFO     render.processor:processor.py:345 🎉 Render processing completed!
INFO     render.processor:processor.py:346 📊 Files: 1/1 successful
INFO     render.processor:processor.py:348 🧠 Framework renderings: 1/7 successful (14.3%)
[...]
src/render/jax/templates/__init__.py                                4      4     0%   8-12
src/render/jax/templates/combined_template.py                       0      0   100%
src/render/jax/templates/general_template.py                        0      0   100%
src/render/jax/templates/pomdp_template.py                          0      0   100%
src/render/matrix_utils.py                                         40     40     0%   13-105
src/render/mcp.py                                                  50     50     0%   8-198
src/render/numpyro/__init__.py                                      2      0   100%
src/render/numpyro/numpyro_renderer.py                             93     84    10%   35-58, 63-107, 112-124, 136-308
src/render/pomdp_processor.py                                     324    166    49%   16, 53-55, 202-211, 221, 253, 308-316, 355-356, 363, 390-392, 412, 414, 420, 426, 428, 439, 464, 466, 468, 470, 473-478, 486-520, 528-562, 570-605, 613-648, 671-672, 680-702, 710-732, 749-772, 789-809, 858, 862-865, 877, 917-918, 939-940
src/render/processor.py                                           336    160    52%   25, 27, 45, 47-48, 50, 53, 56, 61, 87-100, 106-119, 124-151, 197-200, 203-206, 224, 245-251, 258, 282, 290-314, 358-362, 377-430, 484-485, 528-529, 559-561, 593-594, 622-624, 634-638, 643-650, 659-691
src/render/pymdp/__init__.py                                        2      0   100%
src/render/pymdp/pymdp_converter.py                               990    990     0%   8-1510
src/render/pymdp/pymdp_renderer.py                                210    131    38%   26-27, 34-44, 67-72, 77-106, 111-145, 150-175, 212, 225-228, 241-274, 302-305, 308-310, 315-317, 351-367, 595-620
src/render/pymdp/pymdp_templates.py                               157    157     0%   8-494
src/render/pymdp/pymdp_utils.py                                   160    160     0%   1-267
src/render/pymdp_template.py                                        0      0   100%
src/render/pytorch/__init__.py                                      2      0   100%
src/render/pytorch/pytorch_renderer.py                             93     84    10%   34-60, 65-111, 116-128, 140-298
src/render/render.py                                              104     81    22%   17-24, 29-32, 37-41, 46-50, 55-60, 74-155
src/render/rxinfer/__init__.py                                     10      6    40%   9-15
src/render/rxinfer/gnn_parser.py                                  117    117     0%   5-256
src/render/rxinfer/rxinfer_renderer.py                            128    116     9%   36-37, 50-72, 76-103, 107-164, 178-558, 562, 581-625
src/render/rxinfer/toml_generator.py                              392    260    34%   17-19, 45-52, 95-100, 105-108, 144-174, 223-249, 269, 276-279, 292-326, 572, 599, 614-784, 800-841, 845-848, 852-887, 891-941, 945-967, 996-1008
src/render/stan/__init__.py                                         2      2     0%   2-4
src/render/stan/stan_renderer.py                                   48     48     0%   9-97
src/render/visualization_suite.py                                 423    423     0%   7-628
src/report/__init__.py                                            139    139     0%   1-275
src/report/analyzer.py                                            226    226     0%   9-646
src/report/diff_report.py                                         118    118     0%   11-216
src/report/formatters.py                                          172    172     0%   9-702
src/report/generator.py                                           150    150     0%   9-380
src/report/mcp.py                                                  61     61     0%   8-204
src/report/pipeline_report.py                                     175    175     0%   9-302
src/report/processor.py                                            88     88     0%   8-288
src/research/__init__.py                                            6      6     0%   8-22
src/research/mcp.py                                                44     44     0%   9-168
src/research/processor.py                                         210    210     0%   12-451
src/sapf/__init__.py                                               20     10    50%   20-23, 38-39, 57-63
src/sapf/mcp.py                                                    60     60     0%   8-186
src/security/__init__.py                                            4      4     0%   7-27
src/security/mcp.py                                                55     55     0%   8-215
src/security/processor.py                                         180    180     0%   6-500
src/setup/__init__.py                                              41     41     0%   8-159
src/setup/constants.py                                             14     14     0%   9-31
src/setup/dependency_setup.py                                     272    272     0%   8-579
src/setup/mcp.py                                                   87     87     0%   8-358
src/setup/setup.py                                                 73     73     0%   12-158
src/setup/utils.py                                                 61     61     0%   8-253
src/setup/uv_management.py                                        480    480     0%   8-926
src/setup/uv_package_ops.py                                        81     81     0%   7-189
src/setup/validator.py                                             27     27     0%   8-80
src/template/__init__.py                                            8      8     0%   20-55
src/template/mcp.py                                                57     57     0%   8-271
src/template/processor.py                                         203    203     0%   8-477
src/template/utils.py                                               2      2     0%   8-15
src/type_checker/__init__.py                                        4      4     0%   7-17
src/type_checker/__main__.py                                        2      2     0%   7-8
src/type_checker/analysis_utils.py                                 69     69     0%   10-175
src/type_checker/checker.py                                       605    605     0%   9-1334
src/type_checker/cli.py                                           123    123     0%   8-213
src/type_checker/estimation_strategies.py                         265    265     0%   9-503
src/type_checker/mcp.py                                            25     25     0%   7-112
src/type_checker/output_utils.py                                  170    170     0%   10-249
src/type_checker/processor.py                                     243    243     0%   6-553
src/type_checker/resource_estimator.py                            279    279     0%   14-1046
src/utils/__init__.py                                              29      3    90%   239-242
src/utils/argument_utils.py                                       532    442    17%   34-57, 128-142, 146-194, 198-204, 413-422, 427-443, 448-467, 472-548, 564-605, 619-639, 810, 815-857, 866-915, 920-932, 937-963, 985-1029, 1034-1045, 1050, 1054-1065, 1069-1074, 1083-1100, 1104-1114, 1119-1252, 1255-1287
src/utils/audit_orchestrators.py                                   28     28     0%   1-54
src/utils/auto_document_agents.py                                  63     63     0%   1-82
src/utils/base_processor.py                                       106     76    28%   50, 54-55, 80-82, 113-133, 149-213, 217-230, 237-239, 256-264
src/utils/config_loader.py                                        212    145    32%   10-12, 47-54, 68-69, 115-126, 131-186, 190, 213-243, 255-279, 290-311, 319-326, 333-341, 348-355
src/utils/dependency_audit.py                                     266    201    24%   60-63, 67-107, 112-122, 126-163, 167-198, 202-225, 230-235, 239-257, 261-276, 280-290, 294-323, 329, 333-355, 359-364, 368-377, 381-387, 391-426, 430-454, 461-462, 467, 471-485, 490, 495-496, 501-502
src/utils/dependency_installer.py                                 156    156     0%   9-335
src/utils/dependency_manager.py                                   236    236     0%   9-459
src/utils/dependency_validator.py                                 258    223    14%   43-50, 54, 193-280, 284-293, 297-315, 327-357, 361-388, 404-438, 447-457, 465-477, 490-512, 552-646
src/utils/diagnostic_logging.py                                   155    155     0%   9-343
src/utils/error_handling.py                                       175    100    43%   74, 105-108, 117-139, 144-172, 176-177, 183-215, 220-233, 238-264, 268-289, 301, 311-313, 319-326, 331-338, 343-350
src/utils/error_recovery.py                                       111     44    60%   42, 107-124, 129, 171, 187-202, 211, 225-236, 244-245, 257-265, 269, 273, 277, 281-291
src/utils/execution_utils.py                                       64     64     0%   10-147
src/utils/io_utils.py                                              83     83     0%   8-242
src/utils/logging/__init__.py                                       2      0   100%
src/utils/logging/logging_utils.py                                575    485    16%   29-42, 49-56, 69-112, 117-126, 131-137, 142-145, 150-155, 172-187, 201-209, 221-223, 227-228, 232, 236-243, 251-252, 261-272, 279-305, 317-353, 364-420, 425-430, 435-451, 459-496, 513-528, 556-571, 576-583, 589-615, 620-644, 649-660, 666-670, 674-677, 683-713, 717-736, 742-744, 748-777, 786-803, 815-849, 853-867, 877-902, 908-1061, 1065, 1070, 1074, 1087, 1094
src/utils/logging_utils.py                                         58     34    41%   24-27, 39-54, 59-64, 69-72, 77-78, 83, 88, 93, 98, 103-107, 112
src/utils/mcp.py                                                   97     97     0%   16-336
src/utils/migration_helper.py                                     160    160     0%   14-291
src/utils/network_utils.py                                         36     36     0%   8-128
src/utils/path_utils.py                                             9      9     0%   1-11
src/utils/performance_tracker.py                                   95     58    39%   21-22, 36-40, 49-54, 58-69, 73-76, 81, 86-92, 96, 125-130, 139-147, 154-155, 164-180, 189-195
src/utils/pipeline.py                                              79     67    15%   16-25, 29-39, 49-55, 68-83, 96-114, 131-161
src/utils/pipeline_dependencies.py                                160    129    19%   44-46, 54, 106-134, 146-215, 219-230, 244-257, 269-309, 323-362, 367-369
src/utils/pipeline_monitor.py                                     338    238    30%   56-61, 65-67, 71-73, 101-103, 143-145, 149-151, 164-175, 180-195, 201-219, 233-244, 253-283, 287-302, 312-337, 341-377, 381-382, 386-387, 391-392, 396-397, 401-403, 407-408, 412-509, 513-526, 541-566, 570-578, 585, 589, 608-618, 622-623, 633-697
src/utils/pipeline_planner.py                                      92     85     8%   16-143, 148-171, 181-223, 228-277
src/utils/pipeline_template.py                                    164    138    16%   15-16, 37-52, 56-79, 119-174, 189, 207-277, 299-383, 387, 391-401
src/utils/pipeline_validator.py                                   111    103     7%   31-122, 126-182, 186-222, 226-258
src/utils/recovery.py                                              17     17     0%   8-32
src/utils/resource_manager.py                                      99     69    30%   24-29, 35-39, 43-44, 48-49, 54-56, 61, 66, 70, 79-83, 87-95, 108-124, 145-165, 181-193, 201-202, 211-216
src/utils/script_validator.py                                     205    205     0%   12-488
src/utils/shared_functions.py                                     101    101     0%   8-269
src/utils/simulation_monitor.py                                    82     82     0%   7-174
src/utils/simulation_utils.py                                     183    183     0%   7-308
src/utils/structured_logging.py                                   232    144    38%   70-72, 77-79, 86-92, 96, 100-105, 109-111, 115-147, 151, 155, 159, 163, 167, 172-184, 188-202, 206-225, 229-248, 252-266, 270-272, 279-280, 284-300, 312-329, 333-345, 349-355, 365-366, 371, 376-384, 390-399, 405-415, 420-428, 433-438, 443-448, 453-458
src/utils/system_utils.py                                          22     11    50%   11-12, 20-44
src/utils/timeout_manager.py                                      235    235     0%   10-423
src/utils/unify_docs.py                                            34     34     0%   11-70
src/utils/venv_utils.py                                            35     29    17%   18-68
src/utils/verify_function_signatures.py                           132    132     0%   8-216
src/utils/visual_logging.py                                       214    214     0%   14-428
src/utils/visualization_optimizer.py                              241    241     0%   9-432
src/validation/__init__.py                                        110    110     0%   8-213
src/validation/consistency_checker.py                             227    227     0%   8-446
src/validation/mcp.py                                              79     79     0%   8-232
src/validation/performance_profiler.py                            206    206     0%   9-408
src/validation/semantic_validator.py                              270    270     0%   8-550
src/visualization/__init__.py                                     129    103    20%   24-26, 31-33, 37-65, 72-73, 87, 94, 101-106, 112, 128-134, 143-153, 165-175, 184-215, 219-238, 242-263
src/visualization/__main__.py                                       2      2     0%   8-9
src/visualization/cli.py                                           32     32     0%   7-82
src/visualization/combined_analysis.py                            312    312     0%   8-517
src/visualization/matrix_compat.py                                 17     15    12%   9-27
src/visualization/matrix_visualizer.py                            721    677     6%   18-22, 27-29, 34-36, 49-57, 71, 85-120, 137-167, 180-211, 229-257, 274-326, 329-337, 354-435, 449-482, 495-672, 686-804, 817-916, 929-1020, 1033-1082, 1094-1122, 1136-1163, 1177-1209, 1223-1244, 1257-1307, 1320-1333, 1337, 1349-1363, 1377-1404, 1422-1426
src/visualization/mcp.py                                           50     50     0%   8-181
src/visualization/network_visualizations.py                       246    246     0%   8-448
src/visualization/ontology_visualizer.py                          105     88    16%   28-36, 54-91, 104-120, 132-156, 159, 172-233, 237, 240
src/visualization/parser.py                                       135    121    10%   20, 32-39, 43-69, 74-89, 93-133, 137-201, 205-238, 250
src/visualization/processor.py                                    357    321    10%   28-32, 38-40, 47-50, 53-55, 62-65, 82-114, 122-129, 149-206, 220-401, 420-570, 584-588, 593-605, 617-631
src/visualization/run_visualization.py                             41     41     0%   9-75
src/visualization/visualizer.py                                   452    401    11%   23-25, 31-34, 39-41, 47-49, 54-56, 61-63, 85-130, 142-231, 235-244, 248-257, 269-278, 282-290, 293, 298-325, 330-353, 357-402, 406-482, 486-592, 596-599, 611-634, 647-658, 672-678, 692-703, 717-723, 738-767, 792-880
src/website/__init__.py                                             6      6     0%   7-43
src/website/dashboard.py                                          122    122     0%   14-256
src/website/generator.py                                          234    234     0%   2-900
src/website/mcp.py                                                 70     70     0%   8-279
src/website/processor.py                                            2      2     0%   9-11
src/website/renderer.py                                           139    139     0%   2-438
---------------------------------------------------------------------------------------------
TOTAL                                                           58792  53926     8%
Coverage HTML written to dir output/2_tests_output/test_reports/category_render/htmlcov
Coverage JSON written to file output/2_tests_output/test_reports/category_render/coverage.json
================================================= slowest 10 durations =================================================

(10 durations < 1s hidden.)
=============================================== short test summary info ================================================
PASSED src/tests/test_activeinference_matrix_formatting.py::TestMatrixToJulia::test_basic_vector
PASSED src/tests/test_activeinference_matrix_formatting.py::TestMatrixToJulia::test_2d_matrix_list_of_lists
PASSED src/tests/test_activeinference_matrix_formatting.py::TestMatrixToJulia::test_2d_matrix_tuple_of_lists
PASSED src/tests/test_activeinference_matrix_formatting.py::TestMatrixToJulia::test_2d_matrix_tuple_of_tuples
PASSED src/tests/test_activeinference_matrix_formatting.py::TestMatrixToJulia::test_3d_matrix_list_of_list_of_lists
PASSED src/tests/test_activeinference_matrix_formatting.py::TestMatrixToJulia::test_3d_matrix_nested_tuples
PASSED src/tests/test_activeinference_matrix_formatting.py::TestMatrixToJulia::test_string_input
PASSED src/tests/test_render_integration.py::TestRenderIntegration::test_get_module_info
PASSED src/tests/test_render_integration.py::TestRenderIntegration::test_get_available_renderers
PASSED src/tests/test_render_integration.py::TestRenderIntegration::test_process_render_workflow
PASSED src/tests/test_render_integration.py::TestRenderIntegration::test_render_creates_executable_scripts
PASSED src/tests/test_render_integration.py::TestRenderIntegration::test_render_all_frameworks
PASSED src/tests/test_render_integration.py::TestRenderIntegration::test_render_to_execute_handoff
PASSED src/tests/test_render_integration.py::TestRenderOutputStructure::test_render_output_follows_conventions
PASSED src/tests/test_render_integration.py::TestRenderOutputStructure::test_render_creates_documentation
PASSED src/tests/test_render_overall.py::TestRenderTargets::test_render_to_pymdp
PASSED src/tests/test_render_overall.py::TestRenderTargets::test_render_to_rxinfer_toml
PASSED src/tests/test_render_overall.py::TestRenderTargets::test_render_to_discopy
PASSED src/tests/test_render_overall.py::TestRenderTargets::test_render_to_discopy_combined
PASSED src/tests/test_render_overall.py::TestRenderTargets::test_render_to_activeinference_jl
PASSED src/tests/test_render_overall.py::TestRenderTargets::test_render_to_jax
PASSED src/tests/test_render_overall.py::TestRenderTargets::test_render_to_jax_pomdp
PASSED src/tests/test_render_performance.py::TestRenderingSpeed::test_single_file_render_speed
PASSED src/tests/test_render_performance.py::TestRenderingSpeed::test_framework_render_speed
PASSED src/tests/test_render_performance.py::TestRendererPerformance::test_renderer_instantiation_speed
PASSED src/tests/test_render_performance.py::TestRendererPerformance::test_template_loading_speed
PASSED src/tests/test_render_performance.py::TestCodeGenerationPerformance::test_pymdp_generation_speed
PASSED src/tests/test_render_performance.py::TestCodeGenerationPerformance::test_multi_framework_generation_speed
PASSED src/tests/test_render_performance.py::TestRenderThroughput::test_render_validation_speed
PASSED src/tests/test_render_performance.py::TestRenderBenchmarks::test_render_initialization_benchmark
PASSED src/tests/test_render_performance.py::TestRenderBenchmarks::test_code_generation_benchmark
PASSED src/tests/test_render_performance.py::TestRenderMemoryPerformance::test_render_no_memory_leak
SKIPPED [1] src/tests/test_render_performance.py:146: Need multiple sample GNN files
============================================ 32 passed, 1 skipped in 13.35s ============================================