============================= test session starts ==============================
platform darwin -- Python 3.11.13, pytest-8.4.1, pluggy-1.6.0 -- /Users/4d/Documents/GitHub/generalizednotationnotation/.venv/bin/python
cachedir: .pytest_cache
metadata: {'Python': '3.11.13', 'Platform': 'macOS-15.6.1-arm64-arm-64bit', 'Packages': {'pytest': '8.4.1', 'pluggy': '1.6.0'}, 'Plugins': {'xdist': '3.8.0', 'sugar': '1.0.0', 'asyncio': '1.1.0', 'json-report': '1.5.0', 'timeout': '2.4.0', 'metadata': '3.1.1', 'anyio': '4.10.0', 'cov': '6.2.1', 'mock': '3.14.1', 'benchmark': '5.1.0'}}
benchmark: 5.1.0 (defaults: timer=time.perf_counter disable_gc=False min_rounds=5 min_time=0.000005 max_time=1.0 calibration_precision=10 warmup=False warmup_iterations=100000)
rootdir: /Users/4d/Documents/GitHub/generalizednotationnotation
configfile: pytest.ini
plugins: xdist-3.8.0, sugar-1.0.0, asyncio-1.1.0, json-report-1.5.0, timeout-2.4.0, metadata-3.1.1, anyio-4.10.0, cov-6.2.1, mock-3.14.1, benchmark-5.1.0
asyncio: mode=Mode.STRICT, asyncio_default_fixture_loop_scope=None, asyncio_default_test_loop_scope=function
created: 14/14 workers
14 workers [12 items]

scheduling tests via LoadScheduling

src/tests/test_export_overall.py::test_export_module_performance 
src/tests/test_export_overall.py::test_export_module_completeness 
src/tests/test_export_overall.py::TestExportIntegration::test_export_pipeline_integration 
src/tests/test_export_overall.py::TestExportIntegration::test_export_mcp_integration 
src/tests/test_export_overall.py::TestExportFunctionality::test_multi_format_export 
[gw10] [  8%] PASSED src/tests/test_export_overall.py::test_export_module_performance 
src/tests/test_export_overall.py::TestExportFunctionality::test_export_format_validation 
src/tests/test_export_overall.py::TestExportFunctionality::test_export_gnn_model 
[gw11] [ 16%] PASSED src/tests/test_export_overall.py::test_export_module_completeness 
src/tests/test_export_overall.py::TestExportModuleComprehensive::test_supported_formats 
src/tests/test_export_overall.py::TestExportModuleComprehensive::test_exporter_instantiation 
src/tests/test_export_overall.py::TestExportModuleComprehensive::test_export_module_info 
[gw12] [ 25%] PASSED src/tests/test_export_overall.py::TestExportIntegration::test_export_pipeline_integration 
src/tests/test_export_overall.py::TestExportModuleComprehensive::test_multi_format_exporter_instantiation 
src/tests/test_export_overall.py::TestExportModuleComprehensive::test_export_module_imports 
[gw13] [ 33%] PASSED src/tests/test_export_overall.py::TestExportIntegration::test_export_mcp_integration 
[gw9] [ 41%] PASSED src/tests/test_export_overall.py::TestExportFunctionality::test_multi_format_export 
[gw4] [ 50%] PASSED src/tests/test_export_overall.py::TestExportModuleComprehensive::test_exporter_instantiation 
[gw1] [ 58%] PASSED src/tests/test_export_overall.py::TestExportModuleComprehensive::test_export_module_info 
[gw2] [ 66%] PASSED src/tests/test_export_overall.py::TestExportModuleComprehensive::test_multi_format_exporter_instantiation 
[gw5] [ 75%] PASSED src/tests/test_export_overall.py::TestExportFunctionality::test_export_gnn_model 
[gw0] [ 83%] PASSED src/tests/test_export_overall.py::TestExportModuleComprehensive::test_export_module_imports 
[gw7] [ 91%] PASSED src/tests/test_export_overall.py::TestExportFunctionality::test_export_format_validation 
[gw3] [100%] PASSED src/tests/test_export_overall.py::TestExportModuleComprehensive::test_supported_formats 

============================= slowest 10 durations =============================
1.93s call     src/tests/test_export_overall.py::TestExportModuleComprehensive::test_supported_formats
1.67s call     src/tests/test_export_overall.py::TestExportFunctionality::test_export_format_validation
0.32s call     src/tests/test_export_overall.py::TestExportFunctionality::test_export_gnn_model
0.32s call     src/tests/test_export_overall.py::TestExportModuleComprehensive::test_export_module_imports
0.27s call     src/tests/test_export_overall.py::TestExportModuleComprehensive::test_exporter_instantiation
0.26s call     src/tests/test_export_overall.py::TestExportFunctionality::test_multi_format_export
0.25s call     src/tests/test_export_overall.py::TestExportModuleComprehensive::test_export_module_info
0.24s call     src/tests/test_export_overall.py::TestExportModuleComprehensive::test_multi_format_exporter_instantiation
0.23s call     src/tests/test_export_overall.py::TestExportIntegration::test_export_mcp_integration
0.16s call     src/tests/test_export_overall.py::TestExportIntegration::test_export_pipeline_integration
============================= 12 passed in 31.74s ==============================
