{
    "start_time": "2025-08-06T18:43:38.967494",
    "arguments": {
        "target_dir": "/home/trim/Documents/GitHub/GeneralizedNotationNotation/input/gnn_files",
        "output_dir": "/home/trim/Documents/GitHub/GeneralizedNotationNotation/output",
        "recursive": true,
        "verbose": true,
        "enable_round_trip": true,
        "enable_cross_format": true,
        "skip_steps": null,
        "only_steps": "0,1,2",
        "strict": false,
        "estimate_resources": true,
        "ontology_terms_file": "src/ontology/act_inf_ontology_terms.json",
        "pipeline_summary_file": "/home/trim/Documents/GitHub/GeneralizedNotationNotation/output/pipeline_execution_summary.json",
        "llm_tasks": "all",
        "llm_timeout": 360,
        "website_html_filename": "gnn_pipeline_summary_website.html",
        "recreate_venv": false,
        "dev": false,
        "duration": 30.0,
        "audio_backend": "auto",
        "fast_only": false
    },
    "steps": [
        {
            "status": "SUCCESS",
            "stdout": "\u26a0\ufe0f Enhanced infrastructure not available: cannot import name 'set_correlation_context' from 'utils.logging_utils' (/home/trim/Documents/GitHub/GeneralizedNotationNotation/src/utils/logging_utils.py)\n2025-08-06 18:43:39,048 [f9edd6cb:utils] template - INFO - \ud83d\ude80 Processing template\n2025-08-06 18:43:39,048 [f9edd6cb:utils] template - INFO - \ud83c\udfaf Template execution started with correlation ID: ce4c2cdd\n2025-08-06 18:43:39,048 [f9edd6cb:utils] template - INFO - \ud83c\udfaf Demonstrating enhanced logging patterns\n2025-08-06 18:43:39,048 [f9edd6cb:utils] template - INFO - Info level logging for general progress\n2025-08-06 18:43:39,048 [f9edd6cb:utils] template - WARNING - Warning level logging for potential issues\n2025-08-06 18:43:39,048 [f9edd6cb:utils] template - INFO - \u2705 Enhanced logging system demonstrated\n2025-08-06 18:43:39,048 [f9edd6cb:utils] template - INFO - \ud83d\udee1\ufe0f Demonstrating safe-to-fail patterns\n2025-08-06 18:43:39,048 [f9edd6cb:utils] template - INFO - \u2705 Safe-to-fail operation completed successfully\n2025-08-06 18:43:39,048 [f9edd6cb:utils] template - INFO - \ud83c\udfaf Template demonstration completed with 2 patterns\n2025-08-06 18:43:39,048 [f9edd6cb:utils] template - INFO - Processing files from: /home/trim/Documents/GitHub/GeneralizedNotationNotation/input/gnn_files\n2025-08-06 18:43:39,048 [f9edd6cb:utils] template - INFO - Output directory: /home/trim/Documents/GitHub/GeneralizedNotationNotation/output/template\n2025-08-06 18:43:39,048 [f9edd6cb:utils] template - INFO - Recursive processing: True\n2025-08-06 18:43:39,048 [f9edd6cb:utils] template - INFO - Found 1 files to process\n2025-08-06 18:43:39,049 [f9edd6cb:utils] template - INFO - Summary report saved: /home/trim/Documents/GitHub/GeneralizedNotationNotation/output/template/template_processing_summary.json\n2025-08-06 18:43:39,049 [f9edd6cb:utils] template - INFO - \u2705 Successfully processed 1 files\n2025-08-06 18:43:39,049 [f9edd6cb:utils] template - INFO - \u2705 Template processing completed successfully\n",
            "stderr": "",
            "memory_usage_mb": 0.0,
            "exit_code": 0,
            "retry_count": 0,
            "step_number": 1,
            "script_name": "0_template.py",
            "description": "Template initialization",
            "start_time": "2025-08-06T18:43:38.967959",
            "end_time": "2025-08-06T18:43:39.060409",
            "duration_seconds": 0.09244942665100098
        },
        {
            "status": "SUCCESS",
            "stdout": "2025-08-06 18:43:39,146 [792cf757:utils] setup - INFO - \u2705 Environment already working: Python 3.10.12\n2025-08-06 18:43:39,146 [792cf757:utils] setup - INFO - \ud83d\ude80 Processing setup\n2025-08-06 18:43:39,146 [792cf757:utils] setup - INFO - Logging system information\n2025-08-06 18:43:39,157 [792cf757:utils] setup - INFO - System Platform: Linux-6.12.10-76061203-generic-x86_64-with-glibc2.35\n2025-08-06 18:43:39,157 [792cf757:utils] setup - INFO - Python Version: 3.10.12 (main, May 27 2025, 17:12:29) [GCC 11.4.0]\n2025-08-06 18:43:39,158 [792cf757:utils] setup - INFO - Python Executable: /home/trim/Documents/GitHub/GeneralizedNotationNotation/.venv/bin/python\n2025-08-06 18:43:39,158 [792cf757:utils] setup - INFO - Architecture: ('64bit', 'ELF')\n2025-08-06 18:43:39,158 [792cf757:utils] setup - INFO - Processor: x86_64\n2025-08-06 18:43:39,158 [792cf757:utils] setup - INFO - Machine: x86_64\n2025-08-06 18:43:39,158 [792cf757:utils] setup - INFO - Node: pop-os\n2025-08-06 18:43:39,158 [792cf757:utils] setup - INFO - System information logged\n2025-08-06 18:43:39,167 [792cf757:utils] setup.setup - INFO - \u2705 UV is available: uv 0.8.5\n2025-08-06 18:43:39,167 [792cf757:utils] setup.setup - INFO - \u2705 UV is available and ready to use\n2025-08-06 18:43:39,167 [792cf757:utils] setup.setup - INFO - \ud83d\udd0d Checking system requirements...\n2025-08-06 18:43:39,167 [792cf757:utils] setup.setup - INFO - \u2705 Python version check passed: 3.10.12\n2025-08-06 18:43:39,176 [792cf757:utils] setup.setup - INFO - \u2705 UV is available: uv 0.8.5\n2025-08-06 18:43:39,176 [792cf757:utils] setup.setup - INFO - \u2705 Disk space check passed: 87.16GB free\n2025-08-06 18:43:39,176 [792cf757:utils] setup.setup - INFO - \ud83d\udd04 Recreating UV environment in /home/trim/Documents/GitHub/GeneralizedNotationNotation/.venv...\n2025-08-06 18:43:39,429 [792cf757:utils] setup.setup - INFO - Removed existing UV environment at /home/trim/Documents/GitHub/GeneralizedNotationNotation/.venv\n2025-08-06 18:43:39,429 [792cf757:utils] setup.setup - INFO - \ud83d\udd27 Creating UV environment in /home/trim/Documents/GitHub/GeneralizedNotationNotation/.venv...\n2025-08-06 18:43:39,429 [792cf757:utils] setup.setup - INFO - \ud83d\udce6 Project already initialized, creating virtual environment...\n2025-08-06 18:43:39,488 [792cf757:utils] setup.setup - INFO - \u2705 UV environment created successfully at /home/trim/Documents/GitHub/GeneralizedNotationNotation/.venv (took 0.1s)\n2025-08-06 18:43:39,488 [792cf757:utils] setup.setup - INFO - \ud83d\udce6 Installing dependencies from /home/trim/Documents/GitHub/GeneralizedNotationNotation/pyproject.toml using UV...\n2025-08-06 18:43:39,514 [792cf757:utils] setup.setup - INFO - \u2705 Basic packages already available, skipping sync\n2025-08-06 18:43:39,515 [792cf757:utils] setup.setup - WARNING - JAX, Optax, or Flax not installed: No module named 'jax'\n2025-08-06 18:43:39,515 [792cf757:utils] setup.setup - INFO - Attempting to install JAX using UV...\n2025-08-06 18:43:39,515 [792cf757:utils] setup.setup - INFO - Running: uv add jax[cpu] optax flax\n2025-08-06 18:43:39,721 [792cf757:utils] setup.setup - INFO - JAX, Optax, and Flax installed successfully using UV\n2025-08-06 18:43:42,369 [792cf757:utils] setup.setup - INFO - JAX installation verified successfully\n2025-08-06 18:43:42,370 [792cf757:utils] setup.setup - INFO - \u2705 GNN environment setup completed successfully using UV\n2025-08-06 18:43:42,370 [792cf757:utils] setup - INFO - Installing optional dependencies\n2025-08-06 18:43:42,370 [792cf757:utils] setup - INFO - Installing dev dependencies\n2025-08-06 18:43:42,407 [792cf757:utils] setup.setup - WARNING - Command returned non-zero exit code: 1\n2025-08-06 18:43:42,407 [792cf757:utils] setup.setup - WARNING - Stderr:\n/home/trim/Documents/GitHub/GeneralizedNotationNotation/.venv/bin/python: No module named pip\n2025-08-06 18:43:42,407 [792cf757:utils] setup - WARNING - \u26a0\ufe0f dev dependencies installation failed\n2025-08-06 18:43:42,407 [792cf757:utils] setup - INFO - Installing test dependencies\n2025-08-06 18:43:42,442 [792cf757:utils] setup.setup - WARNING - Command returned non-zero exit code: 1\n2025-08-06 18:43:42,442 [792cf757:utils] setup.setup - WARNING - Stderr:\n/home/trim/Documents/GitHub/GeneralizedNotationNotation/.venv/bin/python: No module named pip\n2025-08-06 18:43:42,443 [792cf757:utils] setup - WARNING - \u26a0\ufe0f test dependencies installation failed\n2025-08-06 18:43:42,443 [792cf757:utils] setup - INFO - Installing docs dependencies\n2025-08-06 18:43:42,482 [792cf757:utils] setup.setup - WARNING - Command returned non-zero exit code: 1\n2025-08-06 18:43:42,482 [792cf757:utils] setup.setup - WARNING - Stderr:\n/home/trim/Documents/GitHub/GeneralizedNotationNotation/.venv/bin/python: No module named pip\n2025-08-06 18:43:42,482 [792cf757:utils] setup - WARNING - \u26a0\ufe0f docs dependencies installation failed\n2025-08-06 18:43:42,482 [792cf757:utils] setup.setup - INFO - \ud83d\udd0d Checking system requirements...\n2025-08-06 18:43:42,482 [792cf757:utils] setup.setup - INFO - \u2705 Python version check passed: 3.10.12\n2025-08-06 18:43:42,498 [792cf757:utils] setup.setup - INFO - \u2705 UV is available: uv 0.8.5\n2025-08-06 18:43:42,498 [792cf757:utils] setup.setup - INFO - \u2705 Disk space check passed: 87.16GB free\n2025-08-06 18:43:42,498 [792cf757:utils] setup.setup - INFO - \ud83d\udccb Getting list of installed packages using UV...\n2025-08-06 18:43:42,519 [792cf757:utils] setup.setup - INFO - \ud83d\udce6 Found 149 installed packages using UV\n2025-08-06 18:43:42,519 [792cf757:utils] setup.setup - INFO - \ud83d\udccb Key installed packages:\n2025-08-06 18:43:42,519 [792cf757:utils] setup.setup - INFO -   - pytest: 8.4.1\n2025-08-06 18:43:42,519 [792cf757:utils] setup.setup - INFO -   - numpy: 2.2.6\n2025-08-06 18:43:42,519 [792cf757:utils] setup.setup - INFO -   - matplotlib: 3.10.5\n2025-08-06 18:43:42,519 [792cf757:utils] setup.setup - INFO -   - scipy: 1.15.3\n2025-08-06 18:43:42,519 [792cf757:utils] setup.setup - INFO - \ud83d\udcc4 Full package list saved to: /home/trim/Documents/GitHub/GeneralizedNotationNotation/.venv/installed_packages_uv.json\n2025-08-06 18:43:42,519 [792cf757:utils] setup - INFO - Creating project structure\n2025-08-06 18:43:42,520 [792cf757:utils] setup - INFO - Project structure created successfully\n2025-08-06 18:43:42,520 [792cf757:utils] setup - INFO - \u2705 Setup processing completed successfully\n",
            "stderr": "DEBUG:2025-08-06 18:43:40,601:jax._src.path:41: etils.epath found. Using etils.epath for file I/O.\n",
            "memory_usage_mb": 0.0,
            "exit_code": 0,
            "retry_count": 0,
            "step_number": 2,
            "script_name": "1_setup.py",
            "description": "Environment setup",
            "start_time": "2025-08-06T18:43:39.060653",
            "end_time": "2025-08-06T18:43:42.735603",
            "duration_seconds": 3.67494797706604
        },
        {
            "status": "FAILED",
            "stdout": "2025-08-06 18:43:43,381 [c1648669:utils] __main__ - WARNING - Could not apply pathlib patch: cannot import name '_local' from 'pathlib' (/usr/lib/python3.10/pathlib.py)\n2025-08-06 18:43:43,383 [c1648669:utils] 2_tests - INFO - \n===== GNN Test Step: Resolved Arguments and Paths =====\n2025-08-06 18:43:43,383 [c1648669:utils] 2_tests - INFO - Current working directory: /home/trim/Documents/GitHub/GeneralizedNotationNotation\n2025-08-06 18:43:43,383 [c1648669:utils] 2_tests - INFO - Script location: /home/trim/Documents/GitHub/GeneralizedNotationNotation/src/2_tests.py\n2025-08-06 18:43:43,383 [c1648669:utils] 2_tests - INFO - target_dir: /home/trim/Documents/GitHub/GeneralizedNotationNotation/input/gnn_files\n2025-08-06 18:43:43,383 [c1648669:utils] 2_tests - INFO - output_dir: /home/trim/Documents/GitHub/GeneralizedNotationNotation/output\n2025-08-06 18:43:43,383 [c1648669:utils] 2_tests - INFO - verbose: True\n2025-08-06 18:43:43,383 [c1648669:utils] 2_tests - INFO - fast_only: False\n2025-08-06 18:43:43,383 [c1648669:utils] 2_tests - INFO - include_slow: False\n2025-08-06 18:43:43,383 [c1648669:utils] 2_tests - INFO - include_performance: False\n2025-08-06 18:43:43,383 [c1648669:utils] 2_tests - INFO - =======================================================\n\n2025-08-06 18:43:43,383 [c1648669:utils] 2_tests - INFO - Output directory ensured: /home/trim/Documents/GitHub/GeneralizedNotationNotation/output\n2025-08-06 18:43:43,384 [c1648669:utils] 2_tests - INFO - Output directory is writable\n2025-08-06 18:43:43,384 [c1648669:utils] 2_tests - INFO - Test directory found: /home/trim/Documents/GitHub/GeneralizedNotationNotation/src/tests\n2025-08-06 18:43:43,384 [c1648669:utils] 2_tests - INFO - Checking dependencies using Python: /home/trim/Documents/GitHub/GeneralizedNotationNotation/.venv/bin/python\n2025-08-06 18:43:43,578 [c1648669:utils] 2_tests - INFO - \u2705 pytest available: pytest 8.4.1\n2025-08-06 18:43:43,578 [c1648669:utils] 2_tests - INFO - \ud83d\ude80 Comprehensive test suite execution\n2025-08-06 18:43:43,578 [c1648669:utils] 2_tests - INFO - Initialized ModularTestRunner with 23 categories\n2025-08-06 18:43:43,578 [c1648669:utils] 2_tests - INFO - \n================================================================================\n2025-08-06 18:43:43,578 [c1648669:utils] 2_tests - INFO - \ud83d\ude80 STARTING COMPREHENSIVE TEST SUITE EXECUTION\n2025-08-06 18:43:43,578 [c1648669:utils] 2_tests - INFO - ================================================================================\n2025-08-06 18:43:43,579 [c1648669:utils] 2_tests - INFO - \ud83d\udcca Total categories to run: 22\n2025-08-06 18:43:43,579 [c1648669:utils] 2_tests - INFO - \n============================================================\n2025-08-06 18:43:43,579 [c1648669:utils] 2_tests - INFO - \ud83d\udccb Category 1/22: gnn\n2025-08-06 18:43:43,579 [c1648669:utils] 2_tests - INFO - \ud83d\udcdd GNN Module Tests\n2025-08-06 18:43:43,579 [c1648669:utils] 2_tests - INFO - ============================================================\n2025-08-06 18:43:43,579 [c1648669:utils] 2_tests - INFO - \n============================================================\n2025-08-06 18:43:43,579 [c1648669:utils] 2_tests - INFO - \ud83e\uddea Running category: GNN Module Tests\n2025-08-06 18:43:43,579 [c1648669:utils] 2_tests - INFO - \ud83d\udcdd Description: GNN processing and validation tests\n2025-08-06 18:43:43,579 [c1648669:utils] 2_tests - INFO - \u23f1\ufe0f Timeout: 120 seconds\n2025-08-06 18:43:43,579 [c1648669:utils] 2_tests - INFO - \ud83d\udd04 Parallel: True\n2025-08-06 18:43:43,579 [c1648669:utils] 2_tests - INFO - ============================================================\n2025-08-06 18:43:43,579 [c1648669:utils] 2_tests - INFO - Discovered 5 test files for category 'gnn': ['/home/trim/Documents/GitHub/GeneralizedNotationNotation/src/tests/test_gnn_integration.py', '/home/trim/Documents/GitHub/GeneralizedNotationNotation/src/tests/test_gnn_overall.py', '/home/trim/Documents/GitHub/GeneralizedNotationNotation/src/tests/test_gnn_parsing.py', '/home/trim/Documents/GitHub/GeneralizedNotationNotation/src/tests/test_gnn_processing.py', '/home/trim/Documents/GitHub/GeneralizedNotationNotation/src/tests/test_gnn_validation.py']\n2025-08-06 18:43:43,579 [c1648669:utils] 2_tests - INFO - \ud83d\udcc1 Found 5 test files:\n2025-08-06 18:43:43,579 [c1648669:utils] 2_tests - INFO -   \ud83d\udd38 /home/trim/Documents/GitHub/GeneralizedNotationNotation/src/tests/test_gnn_integration.py\n2025-08-06 18:43:43,579 [c1648669:utils] 2_tests - INFO -   \ud83d\udd38 /home/trim/Documents/GitHub/GeneralizedNotationNotation/src/tests/test_gnn_overall.py\n2025-08-06 18:43:43,579 [c1648669:utils] 2_tests - INFO -   \ud83d\udd38 /home/trim/Documents/GitHub/GeneralizedNotationNotation/src/tests/test_gnn_parsing.py\n2025-08-06 18:43:43,579 [c1648669:utils] 2_tests - INFO -   \ud83d\udd38 /home/trim/Documents/GitHub/GeneralizedNotationNotation/src/tests/test_gnn_processing.py\n2025-08-06 18:43:43,579 [c1648669:utils] 2_tests - INFO -   \ud83d\udd38 /home/trim/Documents/GitHub/GeneralizedNotationNotation/src/tests/test_gnn_validation.py\n2025-08-06 18:43:43,579 [c1648669:utils] 2_tests - INFO - \ud83d\udc0d Using Python: /home/trim/Documents/GitHub/GeneralizedNotationNotation/.venv/bin/python\n2025-08-06 18:43:43,580 [c1648669:utils] 2_tests - WARNING - \u26a0\ufe0f pytest-json-report not available, skipping JSON output\n2025-08-06 18:43:43,580 [c1648669:utils] 2_tests - INFO - \u26a1 Parallel execution enabled\n2025-08-06 18:43:43,580 [c1648669:utils] 2_tests - INFO - \ud83d\ude80 Executing command: /home/trim/Documents/GitHub/GeneralizedNotationNotation/.venv/bin/python -m pytest --tb=short --maxfail=10...\n2025-08-06 18:43:43,580 [c1648669:utils] 2_tests - INFO - \ud83d\udcbe Initial resource usage: {'memory_mb': 33.15625, 'cpu_percent': 0.0, 'threads': 1}\n2025-08-06 18:43:43,580 [c1648669:utils] 2_tests - INFO - \u23f1\ufe0f Starting test execution at 18:43:43\n2025-08-06 18:43:43,948 [c1648669:utils] 2_tests - INFO - \u23f1\ufe0f Test execution completed in 0.37 seconds\n2025-08-06 18:43:43,948 [c1648669:utils] 2_tests - INFO - \ud83d\udcbe Final resource usage: {'memory_mb': 33.15625, 'cpu_percent': 0.0, 'threads': 1}\n2025-08-06 18:43:43,949 [c1648669:utils] 2_tests - INFO - \ud83d\udcca Test Results for gnn:\n2025-08-06 18:43:43,949 [c1648669:utils] 2_tests - INFO -   \u2705 Passed: 0\n2025-08-06 18:43:43,949 [c1648669:utils] 2_tests - INFO -   \u274c Failed: 0\n2025-08-06 18:43:43,949 [c1648669:utils] 2_tests - INFO -   \u23ed\ufe0f Skipped: 0\n2025-08-06 18:43:43,949 [c1648669:utils] 2_tests - INFO -   \ud83d\udcc8 Total: 0\n2025-08-06 18:43:43,949 [c1648669:utils] 2_tests - WARNING - \u26a0\ufe0f Category 'gnn' completed with failures\n2025-08-06 18:43:43,949 [c1648669:utils] 2_tests - WARNING - \u26a0\ufe0f Category 'gnn' completed with issues\n2025-08-06 18:43:43,949 [c1648669:utils] 2_tests - INFO - \ud83d\udcca Category 'gnn' Summary:\n2025-08-06 18:43:43,949 [c1648669:utils] 2_tests - INFO -   \u23f1\ufe0f Duration: 0.37s\n2025-08-06 18:43:43,949 [c1648669:utils] 2_tests - INFO -   \ud83d\udcc8 Tests: 0 total, 0 passed, 0 failed\n2025-08-06 18:43:43,949 [c1648669:utils] 2_tests - INFO -   \ud83d\udcbe Memory: 33.2MB, CPU: 0.0%\n2025-08-06 18:43:43,949 [c1648669:utils] 2_tests - INFO - \n============================================================\n2025-08-06 18:43:43,949 [c1648669:utils] 2_tests - INFO - \ud83d\udccb Category 2/22: render\n2025-08-06 18:43:43,949 [c1648669:utils] 2_tests - INFO - \ud83d\udcdd Render Module Tests\n2025-08-06 18:43:43,949 [c1648669:utils] 2_tests - INFO - ============================================================\n2025-08-06 18:43:43,949 [c1648669:utils] 2_tests - INFO - \n============================================================\n2025-08-06 18:43:43,949 [c1648669:utils] 2_tests - INFO - \ud83e\uddea Running category: Render Module Tests\n2025-08-06 18:43:43,949 [c1648669:utils] 2_tests - INFO - \ud83d\udcdd Description: Code generation and rendering tests\n2025-08-06 18:43:43,949 [c1648669:utils] 2_tests - INFO - \u23f1\ufe0f Timeout: 120 seconds\n2025-08-06 18:43:43,949 [c1648669:utils] 2_tests - INFO - \ud83d\udd04 Parallel: True\n2025-08-06 18:43:43,949 [c1648669:utils] 2_tests - INFO - ============================================================\n2025-08-06 18:43:43,949 [c1648669:utils] 2_tests - INFO - Discovered 3 test files for category 'render': ['/home/trim/Documents/GitHub/GeneralizedNotationNotation/src/tests/test_render_integration.py', '/home/trim/Documents/GitHub/GeneralizedNotationNotation/src/tests/test_render_overall.py', '/home/trim/Documents/GitHub/GeneralizedNotationNotation/src/tests/test_render_performance.py']\n2025-08-06 18:43:43,950 [c1648669:utils] 2_tests - INFO - \ud83d\udcc1 Found 3 test files:\n2025-08-06 18:43:43,950 [c1648669:utils] 2_tests - INFO -   \ud83d\udd38 /home/trim/Documents/GitHub/GeneralizedNotationNotation/src/tests/test_render_integration.py\n2025-08-06 18:43:43,950 [c1648669:utils] 2_tests - INFO -   \ud83d\udd38 /home/trim/Documents/GitHub/GeneralizedNotationNotation/src/tests/test_render_overall.py\n2025-08-06 18:43:43,950 [c1648669:utils] 2_tests - INFO -   \ud83d\udd38 /home/trim/Documents/GitHub/GeneralizedNotationNotation/src/tests/test_render_performance.py\n2025-08-06 18:43:43,950 [c1648669:utils] 2_tests - INFO - \ud83d\udc0d Using Python: /home/trim/Documents/GitHub/GeneralizedNotationNotation/.venv/bin/python\n2025-08-06 18:43:43,950 [c1648669:utils] 2_tests - WARNING - \u26a0\ufe0f pytest-json-report not available, skipping JSON output\n2025-08-06 18:43:43,950 [c1648669:utils] 2_tests - INFO - \u26a1 Parallel execution enabled\n2025-08-06 18:43:43,950 [c1648669:utils] 2_tests - INFO - \ud83d\ude80 Executing command: /home/trim/Documents/GitHub/GeneralizedNotationNotation/.venv/bin/python -m pytest --tb=short --maxfail=10...\n2025-08-06 18:43:43,950 [c1648669:utils] 2_tests - INFO - \ud83d\udcbe Initial resource usage: {'memory_mb': 33.15625, 'cpu_percent': 0.0, 'threads': 1}\n2025-08-06 18:43:43,951 [c1648669:utils] 2_tests - INFO - \u23f1\ufe0f Starting test execution at 18:43:43\n2025-08-06 18:43:44,349 [c1648669:utils] 2_tests - INFO - \u23f1\ufe0f Test execution completed in 0.40 seconds\n2025-08-06 18:43:44,350 [c1648669:utils] 2_tests - INFO - \ud83d\udcbe Final resource usage: {'memory_mb': 33.15625, 'cpu_percent': 0.0, 'threads': 1}\n2025-08-06 18:43:44,350 [c1648669:utils] 2_tests - INFO - \ud83d\udcca Test Results for render:\n2025-08-06 18:43:44,350 [c1648669:utils] 2_tests - INFO -   \u2705 Passed: 0\n2025-08-06 18:43:44,350 [c1648669:utils] 2_tests - INFO -   \u274c Failed: 0\n2025-08-06 18:43:44,350 [c1648669:utils] 2_tests - INFO -   \u23ed\ufe0f Skipped: 0\n2025-08-06 18:43:44,350 [c1648669:utils] 2_tests - INFO -   \ud83d\udcc8 Total: 0\n2025-08-06 18:43:44,350 [c1648669:utils] 2_tests - WARNING - \u26a0\ufe0f Category 'render' completed with failures\n2025-08-06 18:43:44,350 [c1648669:utils] 2_tests - WARNING - \u26a0\ufe0f Category 'render' completed with issues\n2025-08-06 18:43:44,350 [c1648669:utils] 2_tests - INFO - \ud83d\udcca Category 'render' Summary:\n2025-08-06 18:43:44,350 [c1648669:utils] 2_tests - INFO -   \u23f1\ufe0f Duration: 0.40s\n2025-08-06 18:43:44,350 [c1648669:utils] 2_tests - INFO -   \ud83d\udcc8 Tests: 0 total, 0 passed, 0 failed\n2025-08-06 18:43:44,350 [c1648669:utils] 2_tests - INFO -   \ud83d\udcbe Memory: 33.2MB, CPU: 0.0%\n2025-08-06 18:43:44,350 [c1648669:utils] 2_tests - INFO - \n============================================================\n2025-08-06 18:43:44,351 [c1648669:utils] 2_tests - INFO - \ud83d\udccb Category 3/22: mcp\n2025-08-06 18:43:44,351 [c1648669:utils] 2_tests - INFO - \ud83d\udcdd MCP Module Tests\n2025-08-06 18:43:44,351 [c1648669:utils] 2_tests - INFO - ============================================================\n2025-08-06 18:43:44,351 [c1648669:utils] 2_tests - INFO - \n============================================================\n2025-08-06 18:43:44,351 [c1648669:utils] 2_tests - INFO - \ud83e\uddea Running category: MCP Module Tests\n2025-08-06 18:43:44,351 [c1648669:utils] 2_tests - INFO - \ud83d\udcdd Description: Model Context Protocol tests\n2025-08-06 18:43:44,351 [c1648669:utils] 2_tests - INFO - \u23f1\ufe0f Timeout: 120 seconds\n2025-08-06 18:43:44,351 [c1648669:utils] 2_tests - INFO - \ud83d\udd04 Parallel: True\n2025-08-06 18:43:44,351 [c1648669:utils] 2_tests - INFO - ============================================================\n2025-08-06 18:43:44,351 [c1648669:utils] 2_tests - INFO - Discovered 5 test files for category 'mcp': ['/home/trim/Documents/GitHub/GeneralizedNotationNotation/src/tests/test_mcp_integration.py', '/home/trim/Documents/GitHub/GeneralizedNotationNotation/src/tests/test_mcp_overall.py', '/home/trim/Documents/GitHub/GeneralizedNotationNotation/src/tests/test_mcp_performance.py', '/home/trim/Documents/GitHub/GeneralizedNotationNotation/src/tests/test_mcp_tools.py', '/home/trim/Documents/GitHub/GeneralizedNotationNotation/src/tests/test_mcp_transport.py']\n2025-08-06 18:43:44,351 [c1648669:utils] 2_tests - INFO - \ud83d\udcc1 Found 5 test files:\n2025-08-06 18:43:44,351 [c1648669:utils] 2_tests - INFO -   \ud83d\udd38 /home/trim/Documents/GitHub/GeneralizedNotationNotation/src/tests/test_mcp_integration.py\n2025-08-06 18:43:44,351 [c1648669:utils] 2_tests - INFO -   \ud83d\udd38 /home/trim/Documents/GitHub/GeneralizedNotationNotation/src/tests/test_mcp_overall.py\n2025-08-06 18:43:44,351 [c1648669:utils] 2_tests - INFO -   \ud83d\udd38 /home/trim/Documents/GitHub/GeneralizedNotationNotation/src/tests/test_mcp_performance.py\n2025-08-06 18:43:44,351 [c1648669:utils] 2_tests - INFO -   \ud83d\udd38 /home/trim/Documents/GitHub/GeneralizedNotationNotation/src/tests/test_mcp_tools.py\n2025-08-06 18:43:44,351 [c1648669:utils] 2_tests - INFO -   \ud83d\udd38 /home/trim/Documents/GitHub/GeneralizedNotationNotation/src/tests/test_mcp_transport.py\n2025-08-06 18:43:44,351 [c1648669:utils] 2_tests - INFO - \ud83d\udc0d Using Python: /home/trim/Documents/GitHub/GeneralizedNotationNotation/.venv/bin/python\n2025-08-06 18:43:44,351 [c1648669:utils] 2_tests - WARNING - \u26a0\ufe0f pytest-json-report not available, skipping JSON output\n2025-08-06 18:43:44,351 [c1648669:utils] 2_tests - INFO - \u26a1 Parallel execution enabled\n2025-08-06 18:43:44,351 [c1648669:utils] 2_tests - INFO - \ud83d\ude80 Executing command: /home/trim/Documents/GitHub/GeneralizedNotationNotation/.venv/bin/python -m pytest --tb=short --maxfail=10...\n2025-08-06 18:43:44,351 [c1648669:utils] 2_tests - INFO - \ud83d\udcbe Initial resource usage: {'memory_mb': 33.15625, 'cpu_percent': 0.0, 'threads': 1}\n2025-08-06 18:43:44,352 [c1648669:utils] 2_tests - INFO - \u23f1\ufe0f Starting test execution at 18:43:44\n2025-08-06 18:43:44,646 [c1648669:utils] 2_tests - INFO - \u23f1\ufe0f Test execution completed in 0.30 seconds\n2025-08-06 18:43:44,646 [c1648669:utils] 2_tests - INFO - \ud83d\udcbe Final resource usage: {'memory_mb': 33.28125, 'cpu_percent': 0.0, 'threads': 1}\n2025-08-06 18:43:44,646 [c1648669:utils] 2_tests - INFO - \ud83d\udcca Test Results for mcp:\n2025-08-06 18:43:44,646 [c1648669:utils] 2_tests - INFO -   \u2705 Passed: 0\n2025-08-06 18:43:44,646 [c1648669:utils] 2_tests - INFO -   \u274c Failed: 0\n2025-08-06 18:43:44,646 [c1648669:utils] 2_tests - INFO -   \u23ed\ufe0f Skipped: 0\n2025-08-06 18:43:44,646 [c1648669:utils] 2_tests - INFO -   \ud83d\udcc8 Total: 0\n2025-08-06 18:43:44,646 [c1648669:utils] 2_tests - WARNING - \u26a0\ufe0f Category 'mcp' completed with failures\n2025-08-06 18:43:44,646 [c1648669:utils] 2_tests - WARNING - \u26a0\ufe0f Category 'mcp' completed with issues\n2025-08-06 18:43:44,647 [c1648669:utils] 2_tests - INFO - \ud83d\udcca Category 'mcp' Summary:\n2025-08-06 18:43:44,647 [c1648669:utils] 2_tests - INFO -   \u23f1\ufe0f Duration: 0.30s\n2025-08-06 18:43:44,647 [c1648669:utils] 2_tests - INFO -   \ud83d\udcc8 Tests: 0 total, 0 passed, 0 failed\n2025-08-06 18:43:44,647 [c1648669:utils] 2_tests - INFO -   \ud83d\udcbe Memory: 33.3MB, CPU: 0.0%\n2025-08-06 18:43:44,647 [c1648669:utils] 2_tests - INFO - \n============================================================\n2025-08-06 18:43:44,647 [c1648669:utils] 2_tests - INFO - \ud83d\udccb Category 4/22: audio\n2025-08-06 18:43:44,647 [c1648669:utils] 2_tests - INFO - \ud83d\udcdd Audio Module Tests\n2025-08-06 18:43:44,647 [c1648669:utils] 2_tests - INFO - ============================================================\n2025-08-06 18:43:44,647 [c1648669:utils] 2_tests - INFO - \n============================================================\n2025-08-06 18:43:44,647 [c1648669:utils] 2_tests - INFO - \ud83e\uddea Running category: Audio Module Tests\n2025-08-06 18:43:44,647 [c1648669:utils] 2_tests - INFO - \ud83d\udcdd Description: Audio generation and SAPF tests\n2025-08-06 18:43:44,647 [c1648669:utils] 2_tests - INFO - \u23f1\ufe0f Timeout: 120 seconds\n2025-08-06 18:43:44,647 [c1648669:utils] 2_tests - INFO - \ud83d\udd04 Parallel: True\n2025-08-06 18:43:44,647 [c1648669:utils] 2_tests - INFO - ============================================================\n2025-08-06 18:43:44,647 [c1648669:utils] 2_tests - INFO - Discovered 4 test files for category 'audio': ['/home/trim/Documents/GitHub/GeneralizedNotationNotation/src/tests/test_audio_generation.py', '/home/trim/Documents/GitHub/GeneralizedNotationNotation/src/tests/test_audio_integration.py', '/home/trim/Documents/GitHub/GeneralizedNotationNotation/src/tests/test_audio_overall.py', '/home/trim/Documents/GitHub/GeneralizedNotationNotation/src/tests/test_audio_sapf.py']\n2025-08-06 18:43:44,647 [c1648669:utils] 2_tests - INFO - \ud83d\udcc1 Found 4 test files:\n2025-08-06 18:43:44,647 [c1648669:utils] 2_tests - INFO -   \ud83d\udd38 /home/trim/Documents/GitHub/GeneralizedNotationNotation/src/tests/test_audio_generation.py\n2025-08-06 18:43:44,647 [c1648669:utils] 2_tests - INFO -   \ud83d\udd38 /home/trim/Documents/GitHub/GeneralizedNotationNotation/src/tests/test_audio_integration.py\n2025-08-06 18:43:44,647 [c1648669:utils] 2_tests - INFO -   \ud83d\udd38 /home/trim/Documents/GitHub/GeneralizedNotationNotation/src/tests/test_audio_overall.py\n2025-08-06 18:43:44,647 [c1648669:utils] 2_tests - INFO -   \ud83d\udd38 /home/trim/Documents/GitHub/GeneralizedNotationNotation/src/tests/test_audio_sapf.py\n2025-08-06 18:43:44,647 [c1648669:utils] 2_tests - INFO - \ud83d\udc0d Using Python: /home/trim/Documents/GitHub/GeneralizedNotationNotation/.venv/bin/python\n2025-08-06 18:43:44,648 [c1648669:utils] 2_tests - WARNING - \u26a0\ufe0f pytest-json-report not available, skipping JSON output\n2025-08-06 18:43:44,648 [c1648669:utils] 2_tests - INFO - \u26a1 Parallel execution enabled\n2025-08-06 18:43:44,648 [c1648669:utils] 2_tests - INFO - \ud83d\ude80 Executing command: /home/trim/Documents/GitHub/GeneralizedNotationNotation/.venv/bin/python -m pytest --tb=short --maxfail=10...\n2025-08-06 18:43:44,648 [c1648669:utils] 2_tests - INFO - \ud83d\udcbe Initial resource usage: {'memory_mb': 33.28125, 'cpu_percent': 0.0, 'threads': 1}\n2025-08-06 18:43:44,648 [c1648669:utils] 2_tests - INFO - \u23f1\ufe0f Starting test execution at 18:43:44\n2025-08-06 18:43:44,986 [c1648669:utils] 2_tests - INFO - \u23f1\ufe0f Test execution completed in 0.34 seconds\n2025-08-06 18:43:44,987 [c1648669:utils] 2_tests - INFO - \ud83d\udcbe Final resource usage: {'memory_mb': 33.28125, 'cpu_percent': 0.0, 'threads': 1}\n2025-08-06 18:43:44,987 [c1648669:utils] 2_tests - INFO - \ud83d\udcca Test Results for audio:\n2025-08-06 18:43:44,987 [c1648669:utils] 2_tests - INFO -   \u2705 Passed: 0\n2025-08-06 18:43:44,987 [c1648669:utils] 2_tests - INFO -   \u274c Failed: 0\n2025-08-06 18:43:44,987 [c1648669:utils] 2_tests - INFO -   \u23ed\ufe0f Skipped: 0\n2025-08-06 18:43:44,987 [c1648669:utils] 2_tests - INFO -   \ud83d\udcc8 Total: 0\n2025-08-06 18:43:44,987 [c1648669:utils] 2_tests - WARNING - \u26a0\ufe0f Category 'audio' completed with failures\n2025-08-06 18:43:44,987 [c1648669:utils] 2_tests - WARNING - \u26a0\ufe0f Category 'audio' completed with issues\n2025-08-06 18:43:44,987 [c1648669:utils] 2_tests - INFO - \ud83d\udcca Category 'audio' Summary:\n2025-08-06 18:43:44,987 [c1648669:utils] 2_tests - INFO -   \u23f1\ufe0f Duration: 0.34s\n2025-08-06 18:43:44,987 [c1648669:utils] 2_tests - INFO -   \ud83d\udcc8 Tests: 0 total, 0 passed, 0 failed\n2025-08-06 18:43:44,987 [c1648669:utils] 2_tests - INFO -   \ud83d\udcbe Memory: 33.3MB, CPU: 0.0%\n2025-08-06 18:43:44,987 [c1648669:utils] 2_tests - INFO - \n============================================================\n2025-08-06 18:43:44,987 [c1648669:utils] 2_tests - INFO - \ud83d\udccb Category 5/22: visualization\n2025-08-06 18:43:44,987 [c1648669:utils] 2_tests - INFO - \ud83d\udcdd Visualization Module Tests\n2025-08-06 18:43:44,987 [c1648669:utils] 2_tests - INFO - ============================================================\n2025-08-06 18:43:44,987 [c1648669:utils] 2_tests - INFO - \n============================================================\n2025-08-06 18:43:44,987 [c1648669:utils] 2_tests - INFO - \ud83e\uddea Running category: Visualization Module Tests\n2025-08-06 18:43:44,987 [c1648669:utils] 2_tests - INFO - \ud83d\udcdd Description: Graph and matrix visualization tests\n2025-08-06 18:43:44,987 [c1648669:utils] 2_tests - INFO - \u23f1\ufe0f Timeout: 120 seconds\n2025-08-06 18:43:44,987 [c1648669:utils] 2_tests - INFO - \ud83d\udd04 Parallel: True\n2025-08-06 18:43:44,987 [c1648669:utils] 2_tests - INFO - ============================================================\n2025-08-06 18:43:44,987 [c1648669:utils] 2_tests - INFO - Discovered 3 test files for category 'visualization': ['/home/trim/Documents/GitHub/GeneralizedNotationNotation/src/tests/test_visualization_matrices.py', '/home/trim/Documents/GitHub/GeneralizedNotationNotation/src/tests/test_visualization_ontology.py', '/home/trim/Documents/GitHub/GeneralizedNotationNotation/src/tests/test_visualization_overall.py']\n2025-08-06 18:43:44,987 [c1648669:utils] 2_tests - INFO - \ud83d\udcc1 Found 3 test files:\n2025-08-06 18:43:44,988 [c1648669:utils] 2_tests - INFO -   \ud83d\udd38 /home/trim/Documents/GitHub/GeneralizedNotationNotation/src/tests/test_visualization_matrices.py\n2025-08-06 18:43:44,988 [c1648669:utils] 2_tests - INFO -   \ud83d\udd38 /home/trim/Documents/GitHub/GeneralizedNotationNotation/src/tests/test_visualization_ontology.py\n2025-08-06 18:43:44,988 [c1648669:utils] 2_tests - INFO -   \ud83d\udd38 /home/trim/Documents/GitHub/GeneralizedNotationNotation/src/tests/test_visualization_overall.py\n2025-08-06 18:43:44,988 [c1648669:utils] 2_tests - INFO - \ud83d\udc0d Using Python: /home/trim/Documents/GitHub/GeneralizedNotationNotation/.venv/bin/python\n2025-08-06 18:43:44,988 [c1648669:utils] 2_tests - WARNING - \u26a0\ufe0f pytest-json-report not available, skipping JSON output\n2025-08-06 18:43:44,988 [c1648669:utils] 2_tests - INFO - \u26a1 Parallel execution enabled\n2025-08-06 18:43:44,988 [c1648669:utils] 2_tests - INFO - \ud83d\ude80 Executing command: /home/trim/Documents/GitHub/GeneralizedNotationNotation/.venv/bin/python -m pytest --tb=short --maxfail=10...\n2025-08-06 18:43:44,988 [c1648669:utils] 2_tests - INFO - \ud83d\udcbe Initial resource usage: {'memory_mb': 33.28125, 'cpu_percent': 0.0, 'threads': 1}\n2025-08-06 18:43:44,988 [c1648669:utils] 2_tests - INFO - \u23f1\ufe0f Starting test execution at 18:43:44\n2025-08-06 18:43:45,400 [c1648669:utils] 2_tests - INFO - \u23f1\ufe0f Test execution completed in 0.41 seconds\n2025-08-06 18:43:45,401 [c1648669:utils] 2_tests - INFO - \ud83d\udcbe Final resource usage: {'memory_mb': 33.28125, 'cpu_percent': 0.0, 'threads': 1}\n2025-08-06 18:43:45,401 [c1648669:utils] 2_tests - INFO - \ud83d\udcca Test Results for visualization:\n2025-08-06 18:43:45,401 [c1648669:utils] 2_tests - INFO -   \u2705 Passed: 0\n2025-08-06 18:43:45,401 [c1648669:utils] 2_tests - INFO -   \u274c Failed: 0\n2025-08-06 18:43:45,401 [c1648669:utils] 2_tests - INFO -   \u23ed\ufe0f Skipped: 0\n2025-08-06 18:43:45,401 [c1648669:utils] 2_tests - INFO -   \ud83d\udcc8 Total: 0\n2025-08-06 18:43:45,401 [c1648669:utils] 2_tests - WARNING - \u26a0\ufe0f Category 'visualization' completed with failures\n2025-08-06 18:43:45,401 [c1648669:utils] 2_tests - WARNING - \u26a0\ufe0f Category 'visualization' completed with issues\n2025-08-06 18:43:45,401 [c1648669:utils] 2_tests - INFO - \ud83d\udcca Category 'visualization' Summary:\n2025-08-06 18:43:45,401 [c1648669:utils] 2_tests - INFO -   \u23f1\ufe0f Duration: 0.41s\n2025-08-06 18:43:45,401 [c1648669:utils] 2_tests - INFO -   \ud83d\udcc8 Tests: 0 total, 0 passed, 0 failed\n2025-08-06 18:43:45,401 [c1648669:utils] 2_tests - INFO -   \ud83d\udcbe Memory: 33.3MB, CPU: 0.0%\n2025-08-06 18:43:45,401 [c1648669:utils] 2_tests - INFO - \n============================================================\n2025-08-06 18:43:45,401 [c1648669:utils] 2_tests - INFO - \ud83d\udccb Category 6/22: pipeline\n2025-08-06 18:43:45,401 [c1648669:utils] 2_tests - INFO - \ud83d\udcdd Pipeline Module Tests\n2025-08-06 18:43:45,401 [c1648669:utils] 2_tests - INFO - ============================================================\n2025-08-06 18:43:45,401 [c1648669:utils] 2_tests - INFO - \n============================================================\n2025-08-06 18:43:45,401 [c1648669:utils] 2_tests - INFO - \ud83e\uddea Running category: Pipeline Module Tests\n2025-08-06 18:43:45,401 [c1648669:utils] 2_tests - INFO - \ud83d\udcdd Description: Pipeline orchestration and step tests\n2025-08-06 18:43:45,401 [c1648669:utils] 2_tests - INFO - \u23f1\ufe0f Timeout: 180 seconds\n2025-08-06 18:43:45,401 [c1648669:utils] 2_tests - INFO - \ud83d\udd04 Parallel: False\n2025-08-06 18:43:45,401 [c1648669:utils] 2_tests - INFO - ============================================================\n2025-08-06 18:43:45,402 [c1648669:utils] 2_tests - INFO - Discovered 8 test files for category 'pipeline': ['/home/trim/Documents/GitHub/GeneralizedNotationNotation/src/tests/test_pipeline_functionality.py', '/home/trim/Documents/GitHub/GeneralizedNotationNotation/src/tests/test_pipeline_infrastructure.py', '/home/trim/Documents/GitHub/GeneralizedNotationNotation/src/tests/test_pipeline_integration.py', '/home/trim/Documents/GitHub/GeneralizedNotationNotation/src/tests/test_pipeline_orchestration.py', '/home/trim/Documents/GitHub/GeneralizedNotationNotation/src/tests/test_pipeline_overall.py', '/home/trim/Documents/GitHub/GeneralizedNotationNotation/src/tests/test_pipeline_performance.py', '/home/trim/Documents/GitHub/GeneralizedNotationNotation/src/tests/test_pipeline_recovery.py', '/home/trim/Documents/GitHub/GeneralizedNotationNotation/src/tests/test_pipeline_scripts.py']\n2025-08-06 18:43:45,402 [c1648669:utils] 2_tests - INFO - \ud83d\udcc1 Found 8 test files:\n2025-08-06 18:43:45,402 [c1648669:utils] 2_tests - INFO -   \ud83d\udd38 /home/trim/Documents/GitHub/GeneralizedNotationNotation/src/tests/test_pipeline_functionality.py\n2025-08-06 18:43:45,402 [c1648669:utils] 2_tests - INFO -   \ud83d\udd38 /home/trim/Documents/GitHub/GeneralizedNotationNotation/src/tests/test_pipeline_infrastructure.py\n2025-08-06 18:43:45,402 [c1648669:utils] 2_tests - INFO -   \ud83d\udd38 /home/trim/Documents/GitHub/GeneralizedNotationNotation/src/tests/test_pipeline_integration.py\n2025-08-06 18:43:45,402 [c1648669:utils] 2_tests - INFO -   \ud83d\udd38 /home/trim/Documents/GitHub/GeneralizedNotationNotation/src/tests/test_pipeline_orchestration.py\n2025-08-06 18:43:45,402 [c1648669:utils] 2_tests - INFO -   \ud83d\udd38 /home/trim/Documents/GitHub/GeneralizedNotationNotation/src/tests/test_pipeline_overall.py\n2025-08-06 18:43:45,402 [c1648669:utils] 2_tests - INFO -   \ud83d\udd38 /home/trim/Documents/GitHub/GeneralizedNotationNotation/src/tests/test_pipeline_performance.py\n2025-08-06 18:43:45,402 [c1648669:utils] 2_tests - INFO -   \ud83d\udd38 /home/trim/Documents/GitHub/GeneralizedNotationNotation/src/tests/test_pipeline_recovery.py\n2025-08-06 18:43:45,402 [c1648669:utils] 2_tests - INFO -   \ud83d\udd38 /home/trim/Documents/GitHub/GeneralizedNotationNotation/src/tests/test_pipeline_scripts.py\n2025-08-06 18:43:45,402 [c1648669:utils] 2_tests - INFO - \ud83d\udc0d Using Python: /home/trim/Documents/GitHub/GeneralizedNotationNotation/.venv/bin/python\n2025-08-06 18:43:45,403 [c1648669:utils] 2_tests - WARNING - \u26a0\ufe0f pytest-json-report not available, skipping JSON output\n2025-08-06 18:43:45,403 [c1648669:utils] 2_tests - INFO - \ud83d\udd04 Sequential execution (parallel disabled)\n2025-08-06 18:43:45,403 [c1648669:utils] 2_tests - INFO - \ud83d\ude80 Executing command: /home/trim/Documents/GitHub/GeneralizedNotationNotation/.venv/bin/python -m pytest --tb=short --maxfail=10...\n2025-08-06 18:43:45,403 [c1648669:utils] 2_tests - INFO - \ud83d\udcbe Initial resource usage: {'memory_mb': 33.28125, 'cpu_percent': 0.0, 'threads': 1}\n2025-08-06 18:43:45,403 [c1648669:utils] 2_tests - INFO - \u23f1\ufe0f Starting test execution at 18:43:45\n2025-08-06 18:43:46,089 [c1648669:utils] 2_tests - INFO - \u23f1\ufe0f Test execution completed in 0.69 seconds\n2025-08-06 18:43:46,090 [c1648669:utils] 2_tests - INFO - \ud83d\udcbe Final resource usage: {'memory_mb': 33.28125, 'cpu_percent': 0.0, 'threads': 1}\n2025-08-06 18:43:46,090 [c1648669:utils] 2_tests - INFO - \ud83d\udcca Test Results for pipeline:\n2025-08-06 18:43:46,090 [c1648669:utils] 2_tests - INFO -   \u2705 Passed: 0\n2025-08-06 18:43:46,090 [c1648669:utils] 2_tests - INFO -   \u274c Failed: 0\n2025-08-06 18:43:46,090 [c1648669:utils] 2_tests - INFO -   \u23ed\ufe0f Skipped: 0\n2025-08-06 18:43:46,090 [c1648669:utils] 2_tests - INFO -   \ud83d\udcc8 Total: 0\n2025-08-06 18:43:46,090 [c1648669:utils] 2_tests - INFO - \ud83d\udc0c Slowest tests:\n2025-08-06 18:43:46,090 [c1648669:utils] 2_tests - INFO -   ============================= slowest 10 durations =============================\n2025-08-06 18:43:46,090 [c1648669:utils] 2_tests - WARNING - \u26a0\ufe0f Category 'pipeline' completed with failures\n2025-08-06 18:43:46,090 [c1648669:utils] 2_tests - WARNING - \u26a0\ufe0f Category 'pipeline' completed with issues\n2025-08-06 18:43:46,090 [c1648669:utils] 2_tests - INFO - \ud83d\udcca Category 'pipeline' Summary:\n2025-08-06 18:43:46,090 [c1648669:utils] 2_tests - INFO -   \u23f1\ufe0f Duration: 0.69s\n2025-08-06 18:43:46,090 [c1648669:utils] 2_tests - INFO -   \ud83d\udcc8 Tests: 0 total, 0 passed, 0 failed\n2025-08-06 18:43:46,090 [c1648669:utils] 2_tests - INFO -   \ud83d\udcbe Memory: 33.3MB, CPU: 0.0%\n2025-08-06 18:43:46,090 [c1648669:utils] 2_tests - INFO - \n============================================================\n2025-08-06 18:43:46,090 [c1648669:utils] 2_tests - INFO - \ud83d\udccb Category 7/22: export\n2025-08-06 18:43:46,090 [c1648669:utils] 2_tests - INFO - \ud83d\udcdd Export Module Tests\n2025-08-06 18:43:46,090 [c1648669:utils] 2_tests - INFO - ============================================================\n2025-08-06 18:43:46,091 [c1648669:utils] 2_tests - INFO - \n============================================================\n2025-08-06 18:43:46,091 [c1648669:utils] 2_tests - INFO - \ud83e\uddea Running category: Export Module Tests\n2025-08-06 18:43:46,091 [c1648669:utils] 2_tests - INFO - \ud83d\udcdd Description: Multi-format export tests\n2025-08-06 18:43:46,091 [c1648669:utils] 2_tests - INFO - \u23f1\ufe0f Timeout: 90 seconds\n2025-08-06 18:43:46,091 [c1648669:utils] 2_tests - INFO - \ud83d\udd04 Parallel: True\n2025-08-06 18:43:46,091 [c1648669:utils] 2_tests - INFO - ============================================================\n2025-08-06 18:43:46,091 [c1648669:utils] 2_tests - INFO - Discovered 1 test files for category 'export': ['/home/trim/Documents/GitHub/GeneralizedNotationNotation/src/tests/test_export_overall.py']\n2025-08-06 18:43:46,091 [c1648669:utils] 2_tests - INFO - \ud83d\udcc1 Found 1 test files:\n2025-08-06 18:43:46,091 [c1648669:utils] 2_tests - INFO -   \ud83d\udd38 /home/trim/Documents/GitHub/GeneralizedNotationNotation/src/tests/test_export_overall.py\n2025-08-06 18:43:46,091 [c1648669:utils] 2_tests - INFO - \ud83d\udc0d Using Python: /home/trim/Documents/GitHub/GeneralizedNotationNotation/.venv/bin/python\n2025-08-06 18:43:46,091 [c1648669:utils] 2_tests - WARNING - \u26a0\ufe0f pytest-json-report not available, skipping JSON output\n2025-08-06 18:43:46,091 [c1648669:utils] 2_tests - INFO - \u26a1 Parallel execution enabled\n2025-08-06 18:43:46,091 [c1648669:utils] 2_tests - INFO - \ud83d\ude80 Executing command: /home/trim/Documents/GitHub/GeneralizedNotationNotation/.venv/bin/python -m pytest --tb=short --maxfail=10...\n2025-08-06 18:43:46,092 [c1648669:utils] 2_tests - INFO - \ud83d\udcbe Initial resource usage: {'memory_mb': 33.28125, 'cpu_percent': 0.0, 'threads': 1}\n2025-08-06 18:43:46,092 [c1648669:utils] 2_tests - INFO - \u23f1\ufe0f Starting test execution at 18:43:46\n2025-08-06 18:43:46,548 [c1648669:utils] 2_tests - INFO - \u23f1\ufe0f Test execution completed in 0.46 seconds\n2025-08-06 18:43:46,548 [c1648669:utils] 2_tests - INFO - \ud83d\udcbe Final resource usage: {'memory_mb': 33.28125, 'cpu_percent': 0.0, 'threads': 1}\n2025-08-06 18:43:46,548 [c1648669:utils] 2_tests - INFO - \ud83d\udcca Test Results for export:\n2025-08-06 18:43:46,548 [c1648669:utils] 2_tests - INFO -   \u2705 Passed: 0\n2025-08-06 18:43:46,548 [c1648669:utils] 2_tests - INFO -   \u274c Failed: 0\n2025-08-06 18:43:46,548 [c1648669:utils] 2_tests - INFO -   \u23ed\ufe0f Skipped: 0\n2025-08-06 18:43:46,548 [c1648669:utils] 2_tests - INFO -   \ud83d\udcc8 Total: 0\n2025-08-06 18:43:46,548 [c1648669:utils] 2_tests - WARNING - \u26a0\ufe0f Category 'export' completed with failures\n2025-08-06 18:43:46,548 [c1648669:utils] 2_tests - WARNING - \u26a0\ufe0f Category 'export' completed with issues\n2025-08-06 18:43:46,549 [c1648669:utils] 2_tests - INFO - \ud83d\udcca Category 'export' Summary:\n2025-08-06 18:43:46,549 [c1648669:utils] 2_tests - INFO -   \u23f1\ufe0f Duration: 0.46s\n2025-08-06 18:43:46,549 [c1648669:utils] 2_tests - INFO -   \ud83d\udcc8 Tests: 0 total, 0 passed, 0 failed\n2025-08-06 18:43:46,549 [c1648669:utils] 2_tests - INFO -   \ud83d\udcbe Memory: 33.3MB, CPU: 0.0%\n2025-08-06 18:43:46,549 [c1648669:utils] 2_tests - INFO - \n============================================================\n2025-08-06 18:43:46,549 [c1648669:utils] 2_tests - INFO - \ud83d\udccb Category 8/22: execute\n2025-08-06 18:43:46,549 [c1648669:utils] 2_tests - INFO - \ud83d\udcdd Execute Module Tests\n2025-08-06 18:43:46,549 [c1648669:utils] 2_tests - INFO - ============================================================\n2025-08-06 18:43:46,549 [c1648669:utils] 2_tests - INFO - \n============================================================\n2025-08-06 18:43:46,549 [c1648669:utils] 2_tests - INFO - \ud83e\uddea Running category: Execute Module Tests\n2025-08-06 18:43:46,549 [c1648669:utils] 2_tests - INFO - \ud83d\udcdd Description: Execution and simulation tests\n2025-08-06 18:43:46,549 [c1648669:utils] 2_tests - INFO - \u23f1\ufe0f Timeout: 120 seconds\n2025-08-06 18:43:46,549 [c1648669:utils] 2_tests - INFO - \ud83d\udd04 Parallel: True\n2025-08-06 18:43:46,549 [c1648669:utils] 2_tests - INFO - ============================================================\n2025-08-06 18:43:46,549 [c1648669:utils] 2_tests - INFO - Discovered 0 test files for category 'execute': []\n2025-08-06 18:43:46,549 [c1648669:utils] 2_tests - WARNING - \u26a0\ufe0f No test files found for category 'execute'\n2025-08-06 18:43:46,549 [c1648669:utils] 2_tests - WARNING - \u26a0\ufe0f Category 'execute' completed with issues\n2025-08-06 18:43:46,549 [c1648669:utils] 2_tests - INFO - \ud83d\udcca Category 'execute' Summary:\n2025-08-06 18:43:46,549 [c1648669:utils] 2_tests - INFO -   \u23f1\ufe0f Duration: 0.00s\n2025-08-06 18:43:46,549 [c1648669:utils] 2_tests - INFO -   \ud83d\udcc8 Tests: 0 total, 0 passed, 0 failed\n2025-08-06 18:43:46,549 [c1648669:utils] 2_tests - INFO - \n============================================================\n2025-08-06 18:43:46,549 [c1648669:utils] 2_tests - INFO - \ud83d\udccb Category 9/22: llm\n2025-08-06 18:43:46,549 [c1648669:utils] 2_tests - INFO - \ud83d\udcdd LLM Module Tests\n2025-08-06 18:43:46,549 [c1648669:utils] 2_tests - INFO - ============================================================\n2025-08-06 18:43:46,549 [c1648669:utils] 2_tests - INFO - \n============================================================\n2025-08-06 18:43:46,549 [c1648669:utils] 2_tests - INFO - \ud83e\uddea Running category: LLM Module Tests\n2025-08-06 18:43:46,549 [c1648669:utils] 2_tests - INFO - \ud83d\udcdd Description: LLM integration and analysis tests\n2025-08-06 18:43:46,549 [c1648669:utils] 2_tests - INFO - \u23f1\ufe0f Timeout: 120 seconds\n2025-08-06 18:43:46,549 [c1648669:utils] 2_tests - INFO - \ud83d\udd04 Parallel: True\n2025-08-06 18:43:46,549 [c1648669:utils] 2_tests - INFO - ============================================================\n2025-08-06 18:43:46,549 [c1648669:utils] 2_tests - INFO - Discovered 1 test files for category 'llm': ['/home/trim/Documents/GitHub/GeneralizedNotationNotation/src/tests/test_llm_overall.py']\n2025-08-06 18:43:46,550 [c1648669:utils] 2_tests - INFO - \ud83d\udcc1 Found 1 test files:\n2025-08-06 18:43:46,550 [c1648669:utils] 2_tests - INFO -   \ud83d\udd38 /home/trim/Documents/GitHub/GeneralizedNotationNotation/src/tests/test_llm_overall.py\n2025-08-06 18:43:46,550 [c1648669:utils] 2_tests - INFO - \ud83d\udc0d Using Python: /home/trim/Documents/GitHub/GeneralizedNotationNotation/.venv/bin/python\n2025-08-06 18:43:46,550 [c1648669:utils] 2_tests - WARNING - \u26a0\ufe0f pytest-json-report not available, skipping JSON output\n2025-08-06 18:43:46,550 [c1648669:utils] 2_tests - INFO - \u26a1 Parallel execution enabled\n2025-08-06 18:43:46,550 [c1648669:utils] 2_tests - INFO - \ud83d\ude80 Executing command: /home/trim/Documents/GitHub/GeneralizedNotationNotation/.venv/bin/python -m pytest --tb=short --maxfail=10...\n2025-08-06 18:43:46,550 [c1648669:utils] 2_tests - INFO - \ud83d\udcbe Initial resource usage: {'memory_mb': 33.28125, 'cpu_percent': 0.0, 'threads': 1}\n2025-08-06 18:43:46,550 [c1648669:utils] 2_tests - INFO - \u23f1\ufe0f Starting test execution at 18:43:46\n2025-08-06 18:43:46,874 [c1648669:utils] 2_tests - INFO - \u23f1\ufe0f Test execution completed in 0.32 seconds\n2025-08-06 18:43:46,874 [c1648669:utils] 2_tests - INFO - \ud83d\udcbe Final resource usage: {'memory_mb': 33.28125, 'cpu_percent': 0.0, 'threads': 1}\n2025-08-06 18:43:46,874 [c1648669:utils] 2_tests - INFO - \ud83d\udcca Test Results for llm:\n2025-08-06 18:43:46,874 [c1648669:utils] 2_tests - INFO -   \u2705 Passed: 0\n2025-08-06 18:43:46,874 [c1648669:utils] 2_tests - INFO -   \u274c Failed: 0\n2025-08-06 18:43:46,874 [c1648669:utils] 2_tests - INFO -   \u23ed\ufe0f Skipped: 0\n2025-08-06 18:43:46,874 [c1648669:utils] 2_tests - INFO -   \ud83d\udcc8 Total: 0\n2025-08-06 18:43:46,874 [c1648669:utils] 2_tests - WARNING - \u26a0\ufe0f Category 'llm' completed with failures\n2025-08-06 18:43:46,874 [c1648669:utils] 2_tests - WARNING - \u26a0\ufe0f Category 'llm' completed with issues\n2025-08-06 18:43:46,874 [c1648669:utils] 2_tests - INFO - \ud83d\udcca Category 'llm' Summary:\n2025-08-06 18:43:46,874 [c1648669:utils] 2_tests - INFO -   \u23f1\ufe0f Duration: 0.32s\n2025-08-06 18:43:46,874 [c1648669:utils] 2_tests - INFO -   \ud83d\udcc8 Tests: 0 total, 0 passed, 0 failed\n2025-08-06 18:43:46,874 [c1648669:utils] 2_tests - INFO -   \ud83d\udcbe Memory: 33.3MB, CPU: 0.0%\n2025-08-06 18:43:46,874 [c1648669:utils] 2_tests - INFO - \n============================================================\n2025-08-06 18:43:46,874 [c1648669:utils] 2_tests - INFO - \ud83d\udccb Category 10/22: ontology\n2025-08-06 18:43:46,874 [c1648669:utils] 2_tests - INFO - \ud83d\udcdd Ontology Module Tests\n2025-08-06 18:43:46,874 [c1648669:utils] 2_tests - INFO - ============================================================\n2025-08-06 18:43:46,875 [c1648669:utils] 2_tests - INFO - \n============================================================\n2025-08-06 18:43:46,875 [c1648669:utils] 2_tests - INFO - \ud83e\uddea Running category: Ontology Module Tests\n2025-08-06 18:43:46,875 [c1648669:utils] 2_tests - INFO - \ud83d\udcdd Description: Ontology processing and validation tests\n2025-08-06 18:43:46,875 [c1648669:utils] 2_tests - INFO - \u23f1\ufe0f Timeout: 90 seconds\n2025-08-06 18:43:46,875 [c1648669:utils] 2_tests - INFO - \ud83d\udd04 Parallel: True\n2025-08-06 18:43:46,875 [c1648669:utils] 2_tests - INFO - ============================================================\n2025-08-06 18:43:46,875 [c1648669:utils] 2_tests - INFO - Discovered 1 test files for category 'ontology': ['/home/trim/Documents/GitHub/GeneralizedNotationNotation/src/tests/test_ontology_overall.py']\n2025-08-06 18:43:46,875 [c1648669:utils] 2_tests - INFO - \ud83d\udcc1 Found 1 test files:\n2025-08-06 18:43:46,875 [c1648669:utils] 2_tests - INFO -   \ud83d\udd38 /home/trim/Documents/GitHub/GeneralizedNotationNotation/src/tests/test_ontology_overall.py\n2025-08-06 18:43:46,875 [c1648669:utils] 2_tests - INFO - \ud83d\udc0d Using Python: /home/trim/Documents/GitHub/GeneralizedNotationNotation/.venv/bin/python\n2025-08-06 18:43:46,875 [c1648669:utils] 2_tests - WARNING - \u26a0\ufe0f pytest-json-report not available, skipping JSON output\n2025-08-06 18:43:46,875 [c1648669:utils] 2_tests - INFO - \u26a1 Parallel execution enabled\n2025-08-06 18:43:46,875 [c1648669:utils] 2_tests - INFO - \ud83d\ude80 Executing command: /home/trim/Documents/GitHub/GeneralizedNotationNotation/.venv/bin/python -m pytest --tb=short --maxfail=10...\n2025-08-06 18:43:46,875 [c1648669:utils] 2_tests - INFO - \ud83d\udcbe Initial resource usage: {'memory_mb': 33.28125, 'cpu_percent': 0.0, 'threads': 1}\n2025-08-06 18:43:46,875 [c1648669:utils] 2_tests - INFO - \u23f1\ufe0f Starting test execution at 18:43:46\n2025-08-06 18:43:47,164 [c1648669:utils] 2_tests - INFO - \u23f1\ufe0f Test execution completed in 0.29 seconds\n2025-08-06 18:43:47,164 [c1648669:utils] 2_tests - INFO - \ud83d\udcbe Final resource usage: {'memory_mb': 33.28125, 'cpu_percent': 0.0, 'threads': 1}\n2025-08-06 18:43:47,164 [c1648669:utils] 2_tests - INFO - \ud83d\udcca Test Results for ontology:\n2025-08-06 18:43:47,164 [c1648669:utils] 2_tests - INFO -   \u2705 Passed: 0\n2025-08-06 18:43:47,164 [c1648669:utils] 2_tests - INFO -   \u274c Failed: 0\n2025-08-06 18:43:47,164 [c1648669:utils] 2_tests - INFO -   \u23ed\ufe0f Skipped: 0\n2025-08-06 18:43:47,164 [c1648669:utils] 2_tests - INFO -   \ud83d\udcc8 Total: 0\n2025-08-06 18:43:47,164 [c1648669:utils] 2_tests - WARNING - \u26a0\ufe0f Category 'ontology' completed with failures\n2025-08-06 18:43:47,164 [c1648669:utils] 2_tests - WARNING - \u26a0\ufe0f Category 'ontology' completed with issues\n2025-08-06 18:43:47,164 [c1648669:utils] 2_tests - INFO - \ud83d\udcca Category 'ontology' Summary:\n2025-08-06 18:43:47,164 [c1648669:utils] 2_tests - INFO -   \u23f1\ufe0f Duration: 0.29s\n2025-08-06 18:43:47,164 [c1648669:utils] 2_tests - INFO -   \ud83d\udcc8 Tests: 0 total, 0 passed, 0 failed\n2025-08-06 18:43:47,164 [c1648669:utils] 2_tests - INFO -   \ud83d\udcbe Memory: 33.3MB, CPU: 0.0%\n2025-08-06 18:43:47,164 [c1648669:utils] 2_tests - INFO - \n============================================================\n2025-08-06 18:43:47,164 [c1648669:utils] 2_tests - INFO - \ud83d\udccb Category 11/22: website\n2025-08-06 18:43:47,164 [c1648669:utils] 2_tests - INFO - \ud83d\udcdd Website Module Tests\n2025-08-06 18:43:47,164 [c1648669:utils] 2_tests - INFO - ============================================================\n2025-08-06 18:43:47,164 [c1648669:utils] 2_tests - INFO - \n============================================================\n2025-08-06 18:43:47,164 [c1648669:utils] 2_tests - INFO - \ud83e\uddea Running category: Website Module Tests\n2025-08-06 18:43:47,164 [c1648669:utils] 2_tests - INFO - \ud83d\udcdd Description: Website generation tests\n2025-08-06 18:43:47,164 [c1648669:utils] 2_tests - INFO - \u23f1\ufe0f Timeout: 90 seconds\n2025-08-06 18:43:47,164 [c1648669:utils] 2_tests - INFO - \ud83d\udd04 Parallel: True\n2025-08-06 18:43:47,164 [c1648669:utils] 2_tests - INFO - ============================================================\n2025-08-06 18:43:47,165 [c1648669:utils] 2_tests - INFO - Discovered 1 test files for category 'website': ['/home/trim/Documents/GitHub/GeneralizedNotationNotation/src/tests/test_website_overall.py']\n2025-08-06 18:43:47,165 [c1648669:utils] 2_tests - INFO - \ud83d\udcc1 Found 1 test files:\n2025-08-06 18:43:47,165 [c1648669:utils] 2_tests - INFO -   \ud83d\udd38 /home/trim/Documents/GitHub/GeneralizedNotationNotation/src/tests/test_website_overall.py\n2025-08-06 18:43:47,165 [c1648669:utils] 2_tests - INFO - \ud83d\udc0d Using Python: /home/trim/Documents/GitHub/GeneralizedNotationNotation/.venv/bin/python\n2025-08-06 18:43:47,165 [c1648669:utils] 2_tests - WARNING - \u26a0\ufe0f pytest-json-report not available, skipping JSON output\n2025-08-06 18:43:47,165 [c1648669:utils] 2_tests - INFO - \u26a1 Parallel execution enabled\n2025-08-06 18:43:47,165 [c1648669:utils] 2_tests - INFO - \ud83d\ude80 Executing command: /home/trim/Documents/GitHub/GeneralizedNotationNotation/.venv/bin/python -m pytest --tb=short --maxfail=10...\n2025-08-06 18:43:47,165 [c1648669:utils] 2_tests - INFO - \ud83d\udcbe Initial resource usage: {'memory_mb': 33.28125, 'cpu_percent': 0.0, 'threads': 1}\n2025-08-06 18:43:47,165 [c1648669:utils] 2_tests - INFO - \u23f1\ufe0f Starting test execution at 18:43:47\n2025-08-06 18:43:47,542 [c1648669:utils] 2_tests - INFO - \u23f1\ufe0f Test execution completed in 0.38 seconds\n2025-08-06 18:43:47,542 [c1648669:utils] 2_tests - INFO - \ud83d\udcbe Final resource usage: {'memory_mb': 33.28125, 'cpu_percent': 0.0, 'threads': 1}\n2025-08-06 18:43:47,542 [c1648669:utils] 2_tests - INFO - \ud83d\udcca Test Results for website:\n2025-08-06 18:43:47,542 [c1648669:utils] 2_tests - INFO -   \u2705 Passed: 0\n2025-08-06 18:43:47,542 [c1648669:utils] 2_tests - INFO -   \u274c Failed: 0\n2025-08-06 18:43:47,542 [c1648669:utils] 2_tests - INFO -   \u23ed\ufe0f Skipped: 0\n2025-08-06 18:43:47,542 [c1648669:utils] 2_tests - INFO -   \ud83d\udcc8 Total: 0\n2025-08-06 18:43:47,542 [c1648669:utils] 2_tests - WARNING - \u26a0\ufe0f Category 'website' completed with failures\n2025-08-06 18:43:47,543 [c1648669:utils] 2_tests - WARNING - \u26a0\ufe0f Category 'website' completed with issues\n2025-08-06 18:43:47,543 [c1648669:utils] 2_tests - INFO - \ud83d\udcca Category 'website' Summary:\n2025-08-06 18:43:47,543 [c1648669:utils] 2_tests - INFO -   \u23f1\ufe0f Duration: 0.38s\n2025-08-06 18:43:47,543 [c1648669:utils] 2_tests - INFO -   \ud83d\udcc8 Tests: 0 total, 0 passed, 0 failed\n2025-08-06 18:43:47,543 [c1648669:utils] 2_tests - INFO -   \ud83d\udcbe Memory: 33.3MB, CPU: 0.0%\n2025-08-06 18:43:47,543 [c1648669:utils] 2_tests - INFO - \n============================================================\n2025-08-06 18:43:47,543 [c1648669:utils] 2_tests - INFO - \ud83d\udccb Category 12/22: report\n2025-08-06 18:43:47,543 [c1648669:utils] 2_tests - INFO - \ud83d\udcdd Report Module Tests\n2025-08-06 18:43:47,543 [c1648669:utils] 2_tests - INFO - ============================================================\n2025-08-06 18:43:47,543 [c1648669:utils] 2_tests - INFO - \n============================================================\n2025-08-06 18:43:47,543 [c1648669:utils] 2_tests - INFO - \ud83e\uddea Running category: Report Module Tests\n2025-08-06 18:43:47,543 [c1648669:utils] 2_tests - INFO - \ud83d\udcdd Description: Report generation and formatting tests\n2025-08-06 18:43:47,543 [c1648669:utils] 2_tests - INFO - \u23f1\ufe0f Timeout: 90 seconds\n2025-08-06 18:43:47,543 [c1648669:utils] 2_tests - INFO - \ud83d\udd04 Parallel: True\n2025-08-06 18:43:47,543 [c1648669:utils] 2_tests - INFO - ============================================================\n2025-08-06 18:43:47,543 [c1648669:utils] 2_tests - INFO - Discovered 4 test files for category 'report': ['/home/trim/Documents/GitHub/GeneralizedNotationNotation/src/tests/test_report_formats.py', '/home/trim/Documents/GitHub/GeneralizedNotationNotation/src/tests/test_report_generation.py', '/home/trim/Documents/GitHub/GeneralizedNotationNotation/src/tests/test_report_integration.py', '/home/trim/Documents/GitHub/GeneralizedNotationNotation/src/tests/test_report_overall.py']\n2025-08-06 18:43:47,543 [c1648669:utils] 2_tests - INFO - \ud83d\udcc1 Found 4 test files:\n2025-08-06 18:43:47,543 [c1648669:utils] 2_tests - INFO -   \ud83d\udd38 /home/trim/Documents/GitHub/GeneralizedNotationNotation/src/tests/test_report_formats.py\n2025-08-06 18:43:47,543 [c1648669:utils] 2_tests - INFO -   \ud83d\udd38 /home/trim/Documents/GitHub/GeneralizedNotationNotation/src/tests/test_report_generation.py\n2025-08-06 18:43:47,543 [c1648669:utils] 2_tests - INFO -   \ud83d\udd38 /home/trim/Documents/GitHub/GeneralizedNotationNotation/src/tests/test_report_integration.py\n2025-08-06 18:43:47,543 [c1648669:utils] 2_tests - INFO -   \ud83d\udd38 /home/trim/Documents/GitHub/GeneralizedNotationNotation/src/tests/test_report_overall.py\n2025-08-06 18:43:47,543 [c1648669:utils] 2_tests - INFO - \ud83d\udc0d Using Python: /home/trim/Documents/GitHub/GeneralizedNotationNotation/.venv/bin/python\n2025-08-06 18:43:47,544 [c1648669:utils] 2_tests - WARNING - \u26a0\ufe0f pytest-json-report not available, skipping JSON output\n2025-08-06 18:43:47,544 [c1648669:utils] 2_tests - INFO - \u26a1 Parallel execution enabled\n2025-08-06 18:43:47,544 [c1648669:utils] 2_tests - INFO - \ud83d\ude80 Executing command: /home/trim/Documents/GitHub/GeneralizedNotationNotation/.venv/bin/python -m pytest --tb=short --maxfail=10...\n2025-08-06 18:43:47,544 [c1648669:utils] 2_tests - INFO - \ud83d\udcbe Initial resource usage: {'memory_mb': 33.28125, 'cpu_percent': 0.0, 'threads': 1}\n2025-08-06 18:43:47,544 [c1648669:utils] 2_tests - INFO - \u23f1\ufe0f Starting test execution at 18:43:47\n2025-08-06 18:43:47,900 [c1648669:utils] 2_tests - INFO - \u23f1\ufe0f Test execution completed in 0.36 seconds\n2025-08-06 18:43:47,900 [c1648669:utils] 2_tests - INFO - \ud83d\udcbe Final resource usage: {'memory_mb': 33.28125, 'cpu_percent': 0.0, 'threads': 1}\n2025-08-06 18:43:47,900 [c1648669:utils] 2_tests - INFO - \ud83d\udcca Test Results for report:\n2025-08-06 18:43:47,900 [c1648669:utils] 2_tests - INFO -   \u2705 Passed: 0\n2025-08-06 18:43:47,900 [c1648669:utils] 2_tests - INFO -   \u274c Failed: 0\n2025-08-06 18:43:47,900 [c1648669:utils] 2_tests - INFO -   \u23ed\ufe0f Skipped: 0\n2025-08-06 18:43:47,900 [c1648669:utils] 2_tests - INFO -   \ud83d\udcc8 Total: 0\n2025-08-06 18:43:47,900 [c1648669:utils] 2_tests - WARNING - \u26a0\ufe0f Category 'report' completed with failures\n2025-08-06 18:43:47,900 [c1648669:utils] 2_tests - WARNING - \u26a0\ufe0f Category 'report' completed with issues\n2025-08-06 18:43:47,900 [c1648669:utils] 2_tests - INFO - \ud83d\udcca Category 'report' Summary:\n2025-08-06 18:43:47,900 [c1648669:utils] 2_tests - INFO -   \u23f1\ufe0f Duration: 0.36s\n2025-08-06 18:43:47,900 [c1648669:utils] 2_tests - INFO -   \ud83d\udcc8 Tests: 0 total, 0 passed, 0 failed\n2025-08-06 18:43:47,900 [c1648669:utils] 2_tests - INFO -   \ud83d\udcbe Memory: 33.3MB, CPU: 0.0%\n2025-08-06 18:43:47,900 [c1648669:utils] 2_tests - INFO - \n============================================================\n2025-08-06 18:43:47,900 [c1648669:utils] 2_tests - INFO - \ud83d\udccb Category 13/22: environment\n2025-08-06 18:43:47,900 [c1648669:utils] 2_tests - INFO - \ud83d\udcdd Environment Module Tests\n2025-08-06 18:43:47,900 [c1648669:utils] 2_tests - INFO - ============================================================\n2025-08-06 18:43:47,900 [c1648669:utils] 2_tests - INFO - \n============================================================\n2025-08-06 18:43:47,901 [c1648669:utils] 2_tests - INFO - \ud83e\uddea Running category: Environment Module Tests\n2025-08-06 18:43:47,901 [c1648669:utils] 2_tests - INFO - \ud83d\udcdd Description: Environment setup and validation tests\n2025-08-06 18:43:47,901 [c1648669:utils] 2_tests - INFO - \u23f1\ufe0f Timeout: 90 seconds\n2025-08-06 18:43:47,901 [c1648669:utils] 2_tests - INFO - \ud83d\udd04 Parallel: True\n2025-08-06 18:43:47,901 [c1648669:utils] 2_tests - INFO - ============================================================\n2025-08-06 18:43:47,901 [c1648669:utils] 2_tests - INFO - Discovered 5 test files for category 'environment': ['/home/trim/Documents/GitHub/GeneralizedNotationNotation/src/tests/test_environment_dependencies.py', '/home/trim/Documents/GitHub/GeneralizedNotationNotation/src/tests/test_environment_integration.py', '/home/trim/Documents/GitHub/GeneralizedNotationNotation/src/tests/test_environment_overall.py', '/home/trim/Documents/GitHub/GeneralizedNotationNotation/src/tests/test_environment_python.py', '/home/trim/Documents/GitHub/GeneralizedNotationNotation/src/tests/test_environment_system.py']\n2025-08-06 18:43:47,901 [c1648669:utils] 2_tests - INFO - \ud83d\udcc1 Found 5 test files:\n2025-08-06 18:43:47,901 [c1648669:utils] 2_tests - INFO -   \ud83d\udd38 /home/trim/Documents/GitHub/GeneralizedNotationNotation/src/tests/test_environment_dependencies.py\n2025-08-06 18:43:47,901 [c1648669:utils] 2_tests - INFO -   \ud83d\udd38 /home/trim/Documents/GitHub/GeneralizedNotationNotation/src/tests/test_environment_integration.py\n2025-08-06 18:43:47,901 [c1648669:utils] 2_tests - INFO -   \ud83d\udd38 /home/trim/Documents/GitHub/GeneralizedNotationNotation/src/tests/test_environment_overall.py\n2025-08-06 18:43:47,901 [c1648669:utils] 2_tests - INFO -   \ud83d\udd38 /home/trim/Documents/GitHub/GeneralizedNotationNotation/src/tests/test_environment_python.py\n2025-08-06 18:43:47,901 [c1648669:utils] 2_tests - INFO -   \ud83d\udd38 /home/trim/Documents/GitHub/GeneralizedNotationNotation/src/tests/test_environment_system.py\n2025-08-06 18:43:47,901 [c1648669:utils] 2_tests - INFO - \ud83d\udc0d Using Python: /home/trim/Documents/GitHub/GeneralizedNotationNotation/.venv/bin/python\n2025-08-06 18:43:47,901 [c1648669:utils] 2_tests - WARNING - \u26a0\ufe0f pytest-json-report not available, skipping JSON output\n2025-08-06 18:43:47,901 [c1648669:utils] 2_tests - INFO - \u26a1 Parallel execution enabled\n2025-08-06 18:43:47,901 [c1648669:utils] 2_tests - INFO - \ud83d\ude80 Executing command: /home/trim/Documents/GitHub/GeneralizedNotationNotation/.venv/bin/python -m pytest --tb=short --maxfail=10...\n2025-08-06 18:43:47,901 [c1648669:utils] 2_tests - INFO - \ud83d\udcbe Initial resource usage: {'memory_mb': 33.28125, 'cpu_percent': 0.0, 'threads': 1}\n2025-08-06 18:43:47,902 [c1648669:utils] 2_tests - INFO - \u23f1\ufe0f Starting test execution at 18:43:47\n2025-08-06 18:43:48,204 [c1648669:utils] 2_tests - INFO - \u23f1\ufe0f Test execution completed in 0.30 seconds\n2025-08-06 18:43:48,205 [c1648669:utils] 2_tests - INFO - \ud83d\udcbe Final resource usage: {'memory_mb': 33.28125, 'cpu_percent': 0.0, 'threads': 1}\n2025-08-06 18:43:48,205 [c1648669:utils] 2_tests - INFO - \ud83d\udcca Test Results for environment:\n2025-08-06 18:43:48,205 [c1648669:utils] 2_tests - INFO -   \u2705 Passed: 0\n2025-08-06 18:43:48,205 [c1648669:utils] 2_tests - INFO -   \u274c Failed: 0\n2025-08-06 18:43:48,205 [c1648669:utils] 2_tests - INFO -   \u23ed\ufe0f Skipped: 0\n2025-08-06 18:43:48,205 [c1648669:utils] 2_tests - INFO -   \ud83d\udcc8 Total: 0\n2025-08-06 18:43:48,205 [c1648669:utils] 2_tests - WARNING - \u26a0\ufe0f Category 'environment' completed with failures\n2025-08-06 18:43:48,205 [c1648669:utils] 2_tests - WARNING - \u26a0\ufe0f Category 'environment' completed with issues\n2025-08-06 18:43:48,205 [c1648669:utils] 2_tests - INFO - \ud83d\udcca Category 'environment' Summary:\n2025-08-06 18:43:48,205 [c1648669:utils] 2_tests - INFO -   \u23f1\ufe0f Duration: 0.30s\n2025-08-06 18:43:48,205 [c1648669:utils] 2_tests - INFO -   \ud83d\udcc8 Tests: 0 total, 0 passed, 0 failed\n2025-08-06 18:43:48,205 [c1648669:utils] 2_tests - INFO -   \ud83d\udcbe Memory: 33.3MB, CPU: 0.0%\n2025-08-06 18:43:48,205 [c1648669:utils] 2_tests - INFO - \n============================================================\n2025-08-06 18:43:48,205 [c1648669:utils] 2_tests - INFO - \ud83d\udccb Category 14/22: type_checker\n2025-08-06 18:43:48,205 [c1648669:utils] 2_tests - INFO - \ud83d\udcdd Type Checker Module Tests\n2025-08-06 18:43:48,205 [c1648669:utils] 2_tests - INFO - ============================================================\n2025-08-06 18:43:48,205 [c1648669:utils] 2_tests - INFO - \n============================================================\n2025-08-06 18:43:48,205 [c1648669:utils] 2_tests - INFO - \ud83e\uddea Running category: Type Checker Module Tests\n2025-08-06 18:43:48,205 [c1648669:utils] 2_tests - INFO - \ud83d\udcdd Description: Type checking and validation tests\n2025-08-06 18:43:48,205 [c1648669:utils] 2_tests - INFO - \u23f1\ufe0f Timeout: 90 seconds\n2025-08-06 18:43:48,205 [c1648669:utils] 2_tests - INFO - \ud83d\udd04 Parallel: True\n2025-08-06 18:43:48,205 [c1648669:utils] 2_tests - INFO - ============================================================\n2025-08-06 18:43:48,205 [c1648669:utils] 2_tests - INFO - Discovered 0 test files for category 'type_checker': []\n2025-08-06 18:43:48,205 [c1648669:utils] 2_tests - WARNING - \u26a0\ufe0f No test files found for category 'type_checker'\n2025-08-06 18:43:48,205 [c1648669:utils] 2_tests - WARNING - \u26a0\ufe0f Category 'type_checker' completed with issues\n2025-08-06 18:43:48,205 [c1648669:utils] 2_tests - INFO - \ud83d\udcca Category 'type_checker' Summary:\n2025-08-06 18:43:48,205 [c1648669:utils] 2_tests - INFO -   \u23f1\ufe0f Duration: 0.00s\n2025-08-06 18:43:48,205 [c1648669:utils] 2_tests - INFO -   \ud83d\udcc8 Tests: 0 total, 0 passed, 0 failed\n2025-08-06 18:43:48,205 [c1648669:utils] 2_tests - INFO - \n============================================================\n2025-08-06 18:43:48,205 [c1648669:utils] 2_tests - INFO - \ud83d\udccb Category 15/22: validation\n2025-08-06 18:43:48,205 [c1648669:utils] 2_tests - INFO - \ud83d\udcdd Validation Module Tests\n2025-08-06 18:43:48,205 [c1648669:utils] 2_tests - INFO - ============================================================\n2025-08-06 18:43:48,205 [c1648669:utils] 2_tests - INFO - \n============================================================\n2025-08-06 18:43:48,205 [c1648669:utils] 2_tests - INFO - \ud83e\uddea Running category: Validation Module Tests\n2025-08-06 18:43:48,206 [c1648669:utils] 2_tests - INFO - \ud83d\udcdd Description: Validation and consistency tests\n2025-08-06 18:43:48,206 [c1648669:utils] 2_tests - INFO - \u23f1\ufe0f Timeout: 90 seconds\n2025-08-06 18:43:48,206 [c1648669:utils] 2_tests - INFO - \ud83d\udd04 Parallel: True\n2025-08-06 18:43:48,206 [c1648669:utils] 2_tests - INFO - ============================================================\n2025-08-06 18:43:48,206 [c1648669:utils] 2_tests - INFO - Discovered 0 test files for category 'validation': []\n2025-08-06 18:43:48,206 [c1648669:utils] 2_tests - WARNING - \u26a0\ufe0f No test files found for category 'validation'\n2025-08-06 18:43:48,206 [c1648669:utils] 2_tests - WARNING - \u26a0\ufe0f Category 'validation' completed with issues\n2025-08-06 18:43:48,206 [c1648669:utils] 2_tests - INFO - \ud83d\udcca Category 'validation' Summary:\n2025-08-06 18:43:48,206 [c1648669:utils] 2_tests - INFO -   \u23f1\ufe0f Duration: 0.00s\n2025-08-06 18:43:48,206 [c1648669:utils] 2_tests - INFO -   \ud83d\udcc8 Tests: 0 total, 0 passed, 0 failed\n2025-08-06 18:43:48,206 [c1648669:utils] 2_tests - INFO - \n============================================================\n2025-08-06 18:43:48,206 [c1648669:utils] 2_tests - INFO - \ud83d\udccb Category 16/22: model_registry\n2025-08-06 18:43:48,206 [c1648669:utils] 2_tests - INFO - \ud83d\udcdd Model Registry Module Tests\n2025-08-06 18:43:48,206 [c1648669:utils] 2_tests - INFO - ============================================================\n2025-08-06 18:43:48,206 [c1648669:utils] 2_tests - INFO - \n============================================================\n2025-08-06 18:43:48,206 [c1648669:utils] 2_tests - INFO - \ud83e\uddea Running category: Model Registry Module Tests\n2025-08-06 18:43:48,206 [c1648669:utils] 2_tests - INFO - \ud83d\udcdd Description: Model registry and versioning tests\n2025-08-06 18:43:48,206 [c1648669:utils] 2_tests - INFO - \u23f1\ufe0f Timeout: 90 seconds\n2025-08-06 18:43:48,206 [c1648669:utils] 2_tests - INFO - \ud83d\udd04 Parallel: True\n2025-08-06 18:43:48,206 [c1648669:utils] 2_tests - INFO - ============================================================\n2025-08-06 18:43:48,206 [c1648669:utils] 2_tests - INFO - Discovered 0 test files for category 'model_registry': []\n2025-08-06 18:43:48,206 [c1648669:utils] 2_tests - WARNING - \u26a0\ufe0f No test files found for category 'model_registry'\n2025-08-06 18:43:48,206 [c1648669:utils] 2_tests - WARNING - \u26a0\ufe0f Category 'model_registry' completed with issues\n2025-08-06 18:43:48,206 [c1648669:utils] 2_tests - INFO - \ud83d\udcca Category 'model_registry' Summary:\n2025-08-06 18:43:48,206 [c1648669:utils] 2_tests - INFO -   \u23f1\ufe0f Duration: 0.00s\n2025-08-06 18:43:48,206 [c1648669:utils] 2_tests - INFO -   \ud83d\udcc8 Tests: 0 total, 0 passed, 0 failed\n2025-08-06 18:43:48,206 [c1648669:utils] 2_tests - INFO - \n============================================================\n2025-08-06 18:43:48,206 [c1648669:utils] 2_tests - INFO - \ud83d\udccb Category 17/22: analysis\n2025-08-06 18:43:48,206 [c1648669:utils] 2_tests - INFO - \ud83d\udcdd Analysis Module Tests\n2025-08-06 18:43:48,206 [c1648669:utils] 2_tests - INFO - ============================================================\n2025-08-06 18:43:48,206 [c1648669:utils] 2_tests - INFO - \n============================================================\n2025-08-06 18:43:48,206 [c1648669:utils] 2_tests - INFO - \ud83e\uddea Running category: Analysis Module Tests\n2025-08-06 18:43:48,206 [c1648669:utils] 2_tests - INFO - \ud83d\udcdd Description: Analysis and statistical tests\n2025-08-06 18:43:48,206 [c1648669:utils] 2_tests - INFO - \u23f1\ufe0f Timeout: 120 seconds\n2025-08-06 18:43:48,206 [c1648669:utils] 2_tests - INFO - \ud83d\udd04 Parallel: True\n2025-08-06 18:43:48,206 [c1648669:utils] 2_tests - INFO - ============================================================\n2025-08-06 18:43:48,206 [c1648669:utils] 2_tests - INFO - Discovered 0 test files for category 'analysis': []\n2025-08-06 18:43:48,207 [c1648669:utils] 2_tests - WARNING - \u26a0\ufe0f No test files found for category 'analysis'\n2025-08-06 18:43:48,207 [c1648669:utils] 2_tests - WARNING - \u26a0\ufe0f Category 'analysis' completed with issues\n2025-08-06 18:43:48,207 [c1648669:utils] 2_tests - INFO - \ud83d\udcca Category 'analysis' Summary:\n2025-08-06 18:43:48,207 [c1648669:utils] 2_tests - INFO -   \u23f1\ufe0f Duration: 0.00s\n2025-08-06 18:43:48,207 [c1648669:utils] 2_tests - INFO -   \ud83d\udcc8 Tests: 0 total, 0 passed, 0 failed\n2025-08-06 18:43:48,207 [c1648669:utils] 2_tests - INFO - \u23ed\ufe0f Skipping category 'integration' based on arguments\n2025-08-06 18:43:48,207 [c1648669:utils] 2_tests - INFO - \n============================================================\n2025-08-06 18:43:48,207 [c1648669:utils] 2_tests - INFO - \ud83d\udccb Category 19/22: security\n2025-08-06 18:43:48,207 [c1648669:utils] 2_tests - INFO - \ud83d\udcdd Security Module Tests\n2025-08-06 18:43:48,207 [c1648669:utils] 2_tests - INFO - ============================================================\n2025-08-06 18:43:48,207 [c1648669:utils] 2_tests - INFO - \n============================================================\n2025-08-06 18:43:48,207 [c1648669:utils] 2_tests - INFO - \ud83e\uddea Running category: Security Module Tests\n2025-08-06 18:43:48,207 [c1648669:utils] 2_tests - INFO - \ud83d\udcdd Description: Security validation tests\n2025-08-06 18:43:48,207 [c1648669:utils] 2_tests - INFO - \u23f1\ufe0f Timeout: 90 seconds\n2025-08-06 18:43:48,207 [c1648669:utils] 2_tests - INFO - \ud83d\udd04 Parallel: True\n2025-08-06 18:43:48,207 [c1648669:utils] 2_tests - INFO - ============================================================\n2025-08-06 18:43:48,207 [c1648669:utils] 2_tests - INFO - Discovered 0 test files for category 'security': []\n2025-08-06 18:43:48,207 [c1648669:utils] 2_tests - WARNING - \u26a0\ufe0f No test files found for category 'security'\n2025-08-06 18:43:48,207 [c1648669:utils] 2_tests - WARNING - \u26a0\ufe0f Category 'security' completed with issues\n2025-08-06 18:43:48,207 [c1648669:utils] 2_tests - INFO - \ud83d\udcca Category 'security' Summary:\n2025-08-06 18:43:48,207 [c1648669:utils] 2_tests - INFO -   \u23f1\ufe0f Duration: 0.00s\n2025-08-06 18:43:48,207 [c1648669:utils] 2_tests - INFO -   \ud83d\udcc8 Tests: 0 total, 0 passed, 0 failed\n2025-08-06 18:43:48,207 [c1648669:utils] 2_tests - INFO - \n============================================================\n2025-08-06 18:43:48,207 [c1648669:utils] 2_tests - INFO - \ud83d\udccb Category 20/22: research\n2025-08-06 18:43:48,207 [c1648669:utils] 2_tests - INFO - \ud83d\udcdd Research Module Tests\n2025-08-06 18:43:48,207 [c1648669:utils] 2_tests - INFO - ============================================================\n2025-08-06 18:43:48,207 [c1648669:utils] 2_tests - INFO - \n============================================================\n2025-08-06 18:43:48,207 [c1648669:utils] 2_tests - INFO - \ud83e\uddea Running category: Research Module Tests\n2025-08-06 18:43:48,207 [c1648669:utils] 2_tests - INFO - \ud83d\udcdd Description: Research tools tests\n2025-08-06 18:43:48,207 [c1648669:utils] 2_tests - INFO - \u23f1\ufe0f Timeout: 90 seconds\n2025-08-06 18:43:48,207 [c1648669:utils] 2_tests - INFO - \ud83d\udd04 Parallel: True\n2025-08-06 18:43:48,207 [c1648669:utils] 2_tests - INFO - ============================================================\n2025-08-06 18:43:48,207 [c1648669:utils] 2_tests - INFO - Discovered 0 test files for category 'research': []\n2025-08-06 18:43:48,207 [c1648669:utils] 2_tests - WARNING - \u26a0\ufe0f No test files found for category 'research'\n2025-08-06 18:43:48,207 [c1648669:utils] 2_tests - WARNING - \u26a0\ufe0f Category 'research' completed with issues\n2025-08-06 18:43:48,207 [c1648669:utils] 2_tests - INFO - \ud83d\udcca Category 'research' Summary:\n2025-08-06 18:43:48,207 [c1648669:utils] 2_tests - INFO -   \u23f1\ufe0f Duration: 0.00s\n2025-08-06 18:43:48,208 [c1648669:utils] 2_tests - INFO -   \ud83d\udcc8 Tests: 0 total, 0 passed, 0 failed\n2025-08-06 18:43:48,208 [c1648669:utils] 2_tests - INFO - \n============================================================\n2025-08-06 18:43:48,208 [c1648669:utils] 2_tests - INFO - \ud83d\udccb Category 21/22: ml_integration\n2025-08-06 18:43:48,208 [c1648669:utils] 2_tests - INFO - \ud83d\udcdd ML Integration Module Tests\n2025-08-06 18:43:48,208 [c1648669:utils] 2_tests - INFO - ============================================================\n2025-08-06 18:43:48,208 [c1648669:utils] 2_tests - INFO - \n============================================================\n2025-08-06 18:43:48,208 [c1648669:utils] 2_tests - INFO - \ud83e\uddea Running category: ML Integration Module Tests\n2025-08-06 18:43:48,208 [c1648669:utils] 2_tests - INFO - \ud83d\udcdd Description: Machine learning integration tests\n2025-08-06 18:43:48,208 [c1648669:utils] 2_tests - INFO - \u23f1\ufe0f Timeout: 120 seconds\n2025-08-06 18:43:48,208 [c1648669:utils] 2_tests - INFO - \ud83d\udd04 Parallel: True\n2025-08-06 18:43:48,208 [c1648669:utils] 2_tests - INFO - ============================================================\n2025-08-06 18:43:48,208 [c1648669:utils] 2_tests - INFO - Discovered 0 test files for category 'ml_integration': []\n2025-08-06 18:43:48,208 [c1648669:utils] 2_tests - WARNING - \u26a0\ufe0f No test files found for category 'ml_integration'\n2025-08-06 18:43:48,208 [c1648669:utils] 2_tests - WARNING - \u26a0\ufe0f Category 'ml_integration' completed with issues\n2025-08-06 18:43:48,208 [c1648669:utils] 2_tests - INFO - \ud83d\udcca Category 'ml_integration' Summary:\n2025-08-06 18:43:48,208 [c1648669:utils] 2_tests - INFO -   \u23f1\ufe0f Duration: 0.00s\n2025-08-06 18:43:48,208 [c1648669:utils] 2_tests - INFO -   \ud83d\udcc8 Tests: 0 total, 0 passed, 0 failed\n2025-08-06 18:43:48,208 [c1648669:utils] 2_tests - INFO - \n============================================================\n2025-08-06 18:43:48,208 [c1648669:utils] 2_tests - INFO - \ud83d\udccb Category 22/22: advanced_visualization\n2025-08-06 18:43:48,208 [c1648669:utils] 2_tests - INFO - \ud83d\udcdd Advanced Visualization Module Tests\n2025-08-06 18:43:48,208 [c1648669:utils] 2_tests - INFO - ============================================================\n2025-08-06 18:43:48,208 [c1648669:utils] 2_tests - INFO - \n============================================================\n2025-08-06 18:43:48,208 [c1648669:utils] 2_tests - INFO - \ud83e\uddea Running category: Advanced Visualization Module Tests\n2025-08-06 18:43:48,208 [c1648669:utils] 2_tests - INFO - \ud83d\udcdd Description: Advanced visualization tests\n2025-08-06 18:43:48,208 [c1648669:utils] 2_tests - INFO - \u23f1\ufe0f Timeout: 120 seconds\n2025-08-06 18:43:48,208 [c1648669:utils] 2_tests - INFO - \ud83d\udd04 Parallel: True\n2025-08-06 18:43:48,208 [c1648669:utils] 2_tests - INFO - ============================================================\n2025-08-06 18:43:48,208 [c1648669:utils] 2_tests - INFO - Discovered 0 test files for category 'advanced_visualization': []\n2025-08-06 18:43:48,208 [c1648669:utils] 2_tests - WARNING - \u26a0\ufe0f No test files found for category 'advanced_visualization'\n2025-08-06 18:43:48,208 [c1648669:utils] 2_tests - WARNING - \u26a0\ufe0f Category 'advanced_visualization' completed with issues\n2025-08-06 18:43:48,208 [c1648669:utils] 2_tests - INFO - \ud83d\udcca Category 'advanced_visualization' Summary:\n2025-08-06 18:43:48,208 [c1648669:utils] 2_tests - INFO -   \u23f1\ufe0f Duration: 0.00s\n2025-08-06 18:43:48,208 [c1648669:utils] 2_tests - INFO -   \ud83d\udcc8 Tests: 0 total, 0 passed, 0 failed\n2025-08-06 18:43:48,208 [c1648669:utils] 2_tests - INFO - \n============================================================\n2025-08-06 18:43:48,208 [c1648669:utils] 2_tests - INFO - \ud83d\udccb Category 23/22: comprehensive\n2025-08-06 18:43:48,208 [c1648669:utils] 2_tests - INFO - \ud83d\udcdd Comprehensive API Tests\n2025-08-06 18:43:48,209 [c1648669:utils] 2_tests - INFO - ============================================================\n2025-08-06 18:43:48,209 [c1648669:utils] 2_tests - INFO - \n============================================================\n2025-08-06 18:43:48,209 [c1648669:utils] 2_tests - INFO - \ud83e\uddea Running category: Comprehensive API Tests\n2025-08-06 18:43:48,209 [c1648669:utils] 2_tests - INFO - \ud83d\udcdd Description: Comprehensive API and integration tests\n2025-08-06 18:43:48,209 [c1648669:utils] 2_tests - INFO - \u23f1\ufe0f Timeout: 300 seconds\n2025-08-06 18:43:48,209 [c1648669:utils] 2_tests - INFO - \ud83d\udd04 Parallel: False\n2025-08-06 18:43:48,209 [c1648669:utils] 2_tests - INFO - ============================================================\n2025-08-06 18:43:48,209 [c1648669:utils] 2_tests - INFO - Discovered 7 test files for category 'comprehensive': ['/home/trim/Documents/GitHub/GeneralizedNotationNotation/src/tests/test_comprehensive_api.py', '/home/trim/Documents/GitHub/GeneralizedNotationNotation/src/tests/test_core_modules.py', '/home/trim/Documents/GitHub/GeneralizedNotationNotation/src/tests/test_coverage_overall.py', '/home/trim/Documents/GitHub/GeneralizedNotationNotation/src/tests/test_fast_suite.py', '/home/trim/Documents/GitHub/GeneralizedNotationNotation/src/tests/test_main_orchestrator.py', '/home/trim/Documents/GitHub/GeneralizedNotationNotation/src/tests/test_performance_overall.py', '/home/trim/Documents/GitHub/GeneralizedNotationNotation/src/tests/test_unit_overall.py']\n2025-08-06 18:43:48,209 [c1648669:utils] 2_tests - INFO - \ud83d\udcc1 Found 7 test files:\n2025-08-06 18:43:48,209 [c1648669:utils] 2_tests - INFO -   \ud83d\udd38 /home/trim/Documents/GitHub/GeneralizedNotationNotation/src/tests/test_comprehensive_api.py\n2025-08-06 18:43:48,209 [c1648669:utils] 2_tests - INFO -   \ud83d\udd38 /home/trim/Documents/GitHub/GeneralizedNotationNotation/src/tests/test_core_modules.py\n2025-08-06 18:43:48,209 [c1648669:utils] 2_tests - INFO -   \ud83d\udd38 /home/trim/Documents/GitHub/GeneralizedNotationNotation/src/tests/test_coverage_overall.py\n2025-08-06 18:43:48,209 [c1648669:utils] 2_tests - INFO -   \ud83d\udd38 /home/trim/Documents/GitHub/GeneralizedNotationNotation/src/tests/test_fast_suite.py\n2025-08-06 18:43:48,209 [c1648669:utils] 2_tests - INFO -   \ud83d\udd38 /home/trim/Documents/GitHub/GeneralizedNotationNotation/src/tests/test_main_orchestrator.py\n2025-08-06 18:43:48,209 [c1648669:utils] 2_tests - INFO -   \ud83d\udd38 /home/trim/Documents/GitHub/GeneralizedNotationNotation/src/tests/test_performance_overall.py\n2025-08-06 18:43:48,209 [c1648669:utils] 2_tests - INFO -   \ud83d\udd38 /home/trim/Documents/GitHub/GeneralizedNotationNotation/src/tests/test_unit_overall.py\n2025-08-06 18:43:48,209 [c1648669:utils] 2_tests - INFO - \ud83d\udc0d Using Python: /home/trim/Documents/GitHub/GeneralizedNotationNotation/.venv/bin/python\n2025-08-06 18:43:48,209 [c1648669:utils] 2_tests - WARNING - \u26a0\ufe0f pytest-json-report not available, skipping JSON output\n2025-08-06 18:43:48,209 [c1648669:utils] 2_tests - INFO - \ud83d\udd04 Sequential execution (parallel disabled)\n2025-08-06 18:43:48,209 [c1648669:utils] 2_tests - INFO - \ud83d\ude80 Executing command: /home/trim/Documents/GitHub/GeneralizedNotationNotation/.venv/bin/python -m pytest --tb=short --maxfail=10...\n2025-08-06 18:43:48,209 [c1648669:utils] 2_tests - INFO - \ud83d\udcbe Initial resource usage: {'memory_mb': 33.28125, 'cpu_percent': 0.0, 'threads': 1}\n2025-08-06 18:43:48,210 [c1648669:utils] 2_tests - INFO - \u23f1\ufe0f Starting test execution at 18:43:48\n2025-08-06 18:43:49,239 [c1648669:utils] 2_tests - INFO - \u23f1\ufe0f Test execution completed in 1.03 seconds\n2025-08-06 18:43:49,239 [c1648669:utils] 2_tests - INFO - \ud83d\udcbe Final resource usage: {'memory_mb': 33.28125, 'cpu_percent': 0.0, 'threads': 1}\n2025-08-06 18:43:49,239 [c1648669:utils] 2_tests - INFO - \ud83d\udcca Test Results for comprehensive:\n2025-08-06 18:43:49,239 [c1648669:utils] 2_tests - INFO -   \u2705 Passed: 0\n2025-08-06 18:43:49,239 [c1648669:utils] 2_tests - INFO -   \u274c Failed: 0\n2025-08-06 18:43:49,239 [c1648669:utils] 2_tests - INFO -   \u23ed\ufe0f Skipped: 0\n2025-08-06 18:43:49,239 [c1648669:utils] 2_tests - INFO -   \ud83d\udcc8 Total: 0\n2025-08-06 18:43:49,239 [c1648669:utils] 2_tests - WARNING - \u26a0\ufe0f Category 'comprehensive' completed with failures\n2025-08-06 18:43:49,239 [c1648669:utils] 2_tests - WARNING - \u26a0\ufe0f Category 'comprehensive' completed with issues\n2025-08-06 18:43:49,239 [c1648669:utils] 2_tests - INFO - \ud83d\udcca Category 'comprehensive' Summary:\n2025-08-06 18:43:49,239 [c1648669:utils] 2_tests - INFO -   \u23f1\ufe0f Duration: 1.03s\n2025-08-06 18:43:49,239 [c1648669:utils] 2_tests - INFO -   \ud83d\udcc8 Tests: 0 total, 0 passed, 0 failed\n2025-08-06 18:43:49,239 [c1648669:utils] 2_tests - INFO -   \ud83d\udcbe Memory: 33.3MB, CPU: 0.0%\n2025-08-06 18:43:49,239 [c1648669:utils] 2_tests - INFO - \n================================================================================\n2025-08-06 18:43:49,239 [c1648669:utils] 2_tests - INFO - \ud83d\udcca COMPREHENSIVE TEST SUITE SUMMARY\n2025-08-06 18:43:49,239 [c1648669:utils] 2_tests - INFO - ================================================================================\n2025-08-06 18:43:49,239 [c1648669:utils] 2_tests - INFO - \u23f1\ufe0f Total Duration: 5.66s\n2025-08-06 18:43:49,240 [c1648669:utils] 2_tests - INFO - \ud83d\udccb Categories: 22 run, 0 successful, 22 failed\n2025-08-06 18:43:49,240 [c1648669:utils] 2_tests - INFO - \ud83e\uddea Tests: 0 total, 0 passed, 0 failed, 0 skipped\n2025-08-06 18:43:49,240 [c1648669:utils] 2_tests - INFO - \ud83d\udcca Category Success Rate: 0.0%\n2025-08-06 18:43:49,240 [c1648669:utils] 2_tests - INFO - \n\ud83d\udcbe Generating comprehensive test reports...\n2025-08-06 18:43:49,244 [c1648669:utils] 2_tests - INFO - \n================================================================================\n2025-08-06 18:43:49,244 [c1648669:utils] 2_tests - INFO - COMPREHENSIVE TEST SUITE EXECUTION COMPLETE\n2025-08-06 18:43:49,244 [c1648669:utils] 2_tests - INFO - ================================================================================\n2025-08-06 18:43:49,244 [c1648669:utils] 2_tests - INFO - Overall Result: \u274c FAILURE\n2025-08-06 18:43:49,244 [c1648669:utils] 2_tests - INFO - Total Duration: 5.67s\n2025-08-06 18:43:49,244 [c1648669:utils] 2_tests - INFO - Categories Run: 22\n2025-08-06 18:43:49,244 [c1648669:utils] 2_tests - INFO - Categories Successful: 0\n2025-08-06 18:43:49,244 [c1648669:utils] 2_tests - INFO - Categories Failed: 22\n2025-08-06 18:43:49,244 [c1648669:utils] 2_tests - INFO - Total Tests Run: 0\n2025-08-06 18:43:49,245 [c1648669:utils] 2_tests - INFO - Total Tests Passed: 0\n2025-08-06 18:43:49,245 [c1648669:utils] 2_tests - INFO - Total Tests Failed: 0\n2025-08-06 18:43:49,245 [c1648669:utils] 2_tests - INFO - Total Tests Skipped: 0\n2025-08-06 18:43:49,245 [c1648669:utils] 2_tests - INFO - Peak Memory Usage: 33.28 MB\n2025-08-06 18:43:49,245 [c1648669:utils] 2_tests - INFO - ================================================================================\n2025-08-06 18:43:49,245 [c1648669:utils] 2_tests - ERROR - \u274c No tests were run\n",
            "stderr": "",
            "memory_usage_mb": 0.0,
            "exit_code": 1,
            "retry_count": 0,
            "step_number": 3,
            "script_name": "2_tests.py",
            "description": "Test suite execution",
            "start_time": "2025-08-06T18:43:42.735965",
            "end_time": "2025-08-06T18:43:49.299037",
            "duration_seconds": 6.5630714893341064
        }
    ],
    "end_time": "2025-08-06T18:43:49.299193",
    "overall_status": "FAILED",
    "total_duration_seconds": 11.299196720123291,
    "environment_info": {
        "python_version": "3.10.12 (main, May 27 2025, 17:12:29) [GCC 11.4.0]",
        "platform": "linux",
        "cpu_count": 12,
        "working_directory": "/home/trim/Documents/GitHub/GeneralizedNotationNotation",
        "user": "trim",
        "memory_total_gb": "62.5",
        "disk_free_gb": "87.2"
    },
    "performance_summary": {
        "peak_memory_mb": 0.0,
        "total_steps": 3,
        "failed_steps": 1,
        "critical_failures": 1,
        "successful_steps": 2,
        "warnings": 3
    }
}