<?xml version="1.0" encoding="utf-8"?><testsuites name="pytest tests"><testsuite name="pytest" errors="4" failures="5" skipped="0" tests="30" time="19.008" timestamp="2025-07-23T06:19:08.466512-07:00" hostname="pop-os"><testcase classname="src.tests.test_report_comprehensive.TestReportAnalyzer" name="test_collect_pipeline_data" time="0.006" /><testcase classname="src.tests.test_report_comprehensive.TestReportAnalyzer" name="test_analyze_step_directory" time="0.003"><failure message="assert 0.0 &gt; 0">src/tests/test_report_comprehensive.py:136: in test_analyze_step_directory
    assert result["total_size_mb"] &gt; 0
E   assert 0.0 &gt; 0</failure></testcase><testcase classname="src.tests.test_report_comprehensive.TestReportAnalyzer" name="test_analyze_file_types_across_steps" time="0.002" /><testcase classname="src.tests.test_report_comprehensive.TestReportAnalyzer" name="test_analyze_step_dependencies" time="0.002" /><testcase classname="src.tests.test_report_comprehensive.TestReportAnalyzer" name="test_analyze_errors" time="0.003" /><testcase classname="src.tests.test_report_comprehensive.TestReportAnalyzer" name="test_get_pipeline_health_score" time="0.001" /><testcase classname="src.tests.test_report_comprehensive.TestReportAnalyzer" name="test_get_pipeline_health_score_perfect" time="0.001" /><testcase classname="src.tests.test_report_comprehensive.TestReportAnalyzer" name="test_get_pipeline_health_score_failing" time="0.001" /><testcase classname="src.tests.test_report_comprehensive.TestReportFormatters" name="test_generate_html_report" time="0.002"><failure message="assert 'setup_artifacts' in '\n&lt;!DOCTYPE html&gt;\n&lt;html lang=&quot;en&quot;&gt;\n&lt;head&gt;\n    &lt;meta charset=&quot;UTF-8&quot;&gt;\n    &lt;meta name=&quot;viewport&quot; content=&quot;width=device-width, initial-scale=1.0&quot;&gt;\n    &lt;title&gt;GNN Pipeline Comprehensive Analysis Report&lt;/title&gt;\n    &lt;style&gt;\n        body { \n            font-family: \'Segoe UI\', Tahoma, Geneva, Verdana, sans-serif; \n            margin: 0; \n            padding: 20px; \n            background-color: #f8f9fa; \n            color: #333;\n        }\n        .container { \n            max-width: 1400px; \n            margin: 0 auto; \n            background-color: white; \n            padding: 30px; \n            border-radius: 12px; \n            box-shadow: 0 4px 6px rgba(0,0,0,0.1); \n        }\n        .header { \n            text-align: center; \n            margin-bottom: 40px; \n            padding-bottom: 20px; \n            border-bottom: 3px solid #007bff; \n        }\n        h1 { \n            color: #2c3e50; \n            margin: 0; \n            font-size: 2.5em; \n            font-weight: 300; \n        }\n        h2 { \n            color: #34495e; \n            margin-top: 40px; \n            margin-bottom: 20px; \n            font-size: 1.8em; \n            border-...       &lt;div class=&quot;value&quot;&gt;5&lt;/div&gt;\n            &lt;/div&gt;\n            &lt;div class=&quot;summary-card&quot;&gt;\n                &lt;h3&gt;Total Size&lt;/h3&gt;\n                &lt;div class=&quot;value&quot;&gt;2.5 MB&lt;/div&gt;\n            &lt;/div&gt;\n        &lt;/div&gt;\n        \n        &lt;h2&gt;#x1F4CA Pipeline Overview&lt;/h2&gt;\n        &lt;div class=&quot;performance-section&quot;&gt;\n            &lt;h3&gt;Success Rate&lt;/h3&gt;\n            &lt;div class=&quot;progress-bar&quot;&gt;\n                &lt;div class=&quot;progress-fill&quot; style=&quot;width: 100.0%&quot;&gt;&lt;/div&gt;\n            &lt;/div&gt;\n            &lt;p&gt;&lt;strong&gt;100.0%&lt;/strong&gt; of pipeline steps completed successfully&lt;/p&gt;\n        &lt;/div&gt;\n\n        &lt;h2&gt;#x1F50D Step-by-Step Analysis&lt;/h2&gt;\n        &lt;div class=&quot;step-grid&quot;&gt;\n\n        &lt;div class=&quot;step-card success&quot;&gt;\n            &lt;div class=&quot;step-title&quot;&gt;#x1F4C1 Setup Artifacts&lt;/div&gt;\n            &lt;div class=&quot;step-details&quot;&gt;\n\n                &lt;p&gt;&lt;strong&gt;Files:&lt;/strong&gt; 5&lt;/p&gt;\n                &lt;p&gt;&lt;strong&gt;Size:&lt;/strong&gt; 2.5 MB&lt;/p&gt;\n                &lt;p&gt;&lt;strong&gt;Last Modified:&lt;/strong&gt; 2024-01-01T12:00:00&lt;/p&gt;\n                &lt;p&gt;&lt;strong&gt;Status:&lt;/strong&gt; success&lt;/p&gt;\n&lt;div class=&quot;file-types&quot;&gt;&lt;span class=&quot;file-type-tag&quot;&gt;.json: 3&lt;/span&gt;&lt;/div&gt;\n            &lt;/div&gt;\n        &lt;/div&gt;\n\n        &lt;/div&gt;\n\n    &lt;/div&gt;\n&lt;/body&gt;\n&lt;/html&gt;\n'">src/tests/test_report_comprehensive.py:259: in test_generate_html_report
    assert "setup_artifacts" in html_content
E   assert 'setup_artifacts' in '\n&lt;!DOCTYPE html&gt;\n&lt;html lang="en"&gt;\n&lt;head&gt;\n    &lt;meta charset="UTF-8"&gt;\n    &lt;meta name="viewport" content="width=device-width, initial-scale=1.0"&gt;\n    &lt;title&gt;GNN Pipeline Comprehensive Analysis Report&lt;/title&gt;\n    &lt;style&gt;\n        body { \n            font-family: \'Segoe UI\', Tahoma, Geneva, Verdana, sans-serif; \n            margin: 0; \n            padding: 20px; \n            background-color: #f8f9fa; \n            color: #333;\n        }\n        .container { \n            max-width: 1400px; \n            margin: 0 auto; \n            background-color: white; \n            padding: 30px; \n            border-radius: 12px; \n            box-shadow: 0 4px 6px rgba(0,0,0,0.1); \n        }\n        .header { \n            text-align: center; \n            margin-bottom: 40px; \n            padding-bottom: 20px; \n            border-bottom: 3px solid #007bff; \n        }\n        h1 { \n            color: #2c3e50; \n            margin: 0; \n            font-size: 2.5em; \n            font-weight: 300; \n        }\n        h2 { \n            color: #34495e; \n            margin-top: 40px; \n            margin-bottom: 20px; \n            font-size: 1.8em; \n            border-...       &lt;div class="value"&gt;5&lt;/div&gt;\n            &lt;/div&gt;\n            &lt;div class="summary-card"&gt;\n                &lt;h3&gt;Total Size&lt;/h3&gt;\n                &lt;div class="value"&gt;2.5 MB&lt;/div&gt;\n            &lt;/div&gt;\n        &lt;/div&gt;\n        \n        &lt;h2&gt;#x1F4CA Pipeline Overview&lt;/h2&gt;\n        &lt;div class="performance-section"&gt;\n            &lt;h3&gt;Success Rate&lt;/h3&gt;\n            &lt;div class="progress-bar"&gt;\n                &lt;div class="progress-fill" style="width: 100.0%"&gt;&lt;/div&gt;\n            &lt;/div&gt;\n            &lt;p&gt;&lt;strong&gt;100.0%&lt;/strong&gt; of pipeline steps completed successfully&lt;/p&gt;\n        &lt;/div&gt;\n\n        &lt;h2&gt;#x1F50D Step-by-Step Analysis&lt;/h2&gt;\n        &lt;div class="step-grid"&gt;\n\n        &lt;div class="step-card success"&gt;\n            &lt;div class="step-title"&gt;#x1F4C1 Setup Artifacts&lt;/div&gt;\n            &lt;div class="step-details"&gt;\n\n                &lt;p&gt;&lt;strong&gt;Files:&lt;/strong&gt; 5&lt;/p&gt;\n                &lt;p&gt;&lt;strong&gt;Size:&lt;/strong&gt; 2.5 MB&lt;/p&gt;\n                &lt;p&gt;&lt;strong&gt;Last Modified:&lt;/strong&gt; 2024-01-01T12:00:00&lt;/p&gt;\n                &lt;p&gt;&lt;strong&gt;Status:&lt;/strong&gt; success&lt;/p&gt;\n&lt;div class="file-types"&gt;&lt;span class="file-type-tag"&gt;.json: 3&lt;/span&gt;&lt;/div&gt;\n            &lt;/div&gt;\n        &lt;/div&gt;\n\n        &lt;/div&gt;\n\n    &lt;/div&gt;\n&lt;/body&gt;\n&lt;/html&gt;\n'</failure></testcase><testcase classname="src.tests.test_report_comprehensive.TestReportFormatters" name="test_generate_markdown_report" time="0.004"><failure message="AssertionError: assert 'Health Score: 95.0/100' in '# #x1F3AF GNN Pipeline Comprehensive Analysis Report\n\n**Generated:** 2024-01-01T12:00:00  \n**Pipeline Output Directory:** /test/output  \n**Health Score:** 95.0/100\n\n## #x1F4CA Pipeline Overview\n\n- **Total Steps Analyzed:** 1\n- **Total Files Processed:** 5\n- **Total Size:** 2.5 MB\n- **Success Rate:** 100.0%\n\n## ⚡ Performance Metrics\n\n*No performance metrics available*\n\n## #x1F50D Step-by-Step Analysis\n\n### ✅ Setup Artifacts\n\n- **Files:** 5\n- **Size:** 2.5 MB\n- **Last Modified:** 2024-01-01T12:00:00\n- **Status:** success\n\n- **File Types:** .json: 3\n\n'">src/tests/test_report_comprehensive.py:268: in test_generate_markdown_report
    assert "Health Score: 95.0/100" in markdown_content
E   AssertionError: assert 'Health Score: 95.0/100' in '# #x1F3AF GNN Pipeline Comprehensive Analysis Report\n\n**Generated:** 2024-01-01T12:00:00  \n**Pipeline Output Directory:** /test/output  \n**Health Score:** 95.0/100\n\n## #x1F4CA Pipeline Overview\n\n- **Total Steps Analyzed:** 1\n- **Total Files Processed:** 5\n- **Total Size:** 2.5 MB\n- **Success Rate:** 100.0%\n\n## ⚡ Performance Metrics\n\n*No performance metrics available*\n\n## #x1F50D Step-by-Step Analysis\n\n### ✅ Setup Artifacts\n\n- **Files:** 5\n- **Size:** 2.5 MB\n- **Last Modified:** 2024-01-01T12:00:00\n- **Status:** success\n\n- **File Types:** .json: 3\n\n'</failure></testcase><testcase classname="src.tests.test_report_comprehensive.TestReportFormatters" name="test_get_health_color" time="0.001" /><testcase classname="src.tests.test_report_comprehensive.TestReportFormatters" name="test_html_report_with_errors" time="0.004" /><testcase classname="src.tests.test_report_comprehensive.TestReportGenerator" name="test_generate_comprehensive_report" time="0.006" /><testcase classname="src.tests.test_report_comprehensive.TestReportGenerator" name="test_generate_html_report_file" time="0.000"><error message="failed on setup with &quot;file /home/trim/Documents/GitHub/GeneralizedNotationNotation/src/tests/test_report_comprehensive.py, line 326&#10;      @pytest.mark.unit&#10;      def test_generate_html_report_file(self, sample_pipeline_data, isolated_temp_dir, mock_logger):&#10;E       fixture 'sample_pipeline_data' not found&#10;&gt;       available fixtures: anyio_backend, anyio_backend_name, anyio_backend_options, cache, capfd, capfdbinary, caplog, capsys, capsysbinary, capteesys, capture_logs, class_mocker, cov, doctest_namespace, free_tcp_port, free_tcp_port_factory, free_udp_port, free_udp_port_factory, full_pipeline_environment, isolated_temp_dir, mock_dangerous_operations, mock_filesystem, mock_imports, mock_llm_provider, mock_logger, mock_subprocess, mocker, module_mocker, monkeypatch, no_cover, package_mocker, patch_jax_cleanup, pipeline_arguments, project_root, pytestconfig, real_export, real_gnn_parser, real_imports, real_type_checker, real_visualization, record_property, record_testsuite_property, record_xml_attribute, recwarn, safe_filesystem, safe_subprocess, sample_gnn_files, session_mocker, simulate_failures, src_dir, test_config, test_dir, test_logger, tmp_path, tmp_path_factory, tmpdir, tmpdir_factory&#10;&gt;       use 'pytest --fixtures [testpath]' for help on them.&#10;&#10;/home/trim/Documents/GitHub/GeneralizedNotationNotation/src/tests/test_report_comprehensive.py:326&quot;">file /home/trim/Documents/GitHub/GeneralizedNotationNotation/src/tests/test_report_comprehensive.py, line 326
      @pytest.mark.unit
      def test_generate_html_report_file(self, sample_pipeline_data, isolated_temp_dir, mock_logger):
E       fixture 'sample_pipeline_data' not found
&gt;       available fixtures: anyio_backend, anyio_backend_name, anyio_backend_options, cache, capfd, capfdbinary, caplog, capsys, capsysbinary, capteesys, capture_logs, class_mocker, cov, doctest_namespace, free_tcp_port, free_tcp_port_factory, free_udp_port, free_udp_port_factory, full_pipeline_environment, isolated_temp_dir, mock_dangerous_operations, mock_filesystem, mock_imports, mock_llm_provider, mock_logger, mock_subprocess, mocker, module_mocker, monkeypatch, no_cover, package_mocker, patch_jax_cleanup, pipeline_arguments, project_root, pytestconfig, real_export, real_gnn_parser, real_imports, real_type_checker, real_visualization, record_property, record_testsuite_property, record_xml_attribute, recwarn, safe_filesystem, safe_subprocess, sample_gnn_files, session_mocker, simulate_failures, src_dir, test_config, test_dir, test_logger, tmp_path, tmp_path_factory, tmpdir, tmpdir_factory
&gt;       use 'pytest --fixtures [testpath]' for help on them.

/home/trim/Documents/GitHub/GeneralizedNotationNotation/src/tests/test_report_comprehensive.py:326</error></testcase><testcase classname="src.tests.test_report_comprehensive.TestReportGenerator" name="test_generate_markdown_report_file" time="0.000"><error message="failed on setup with &quot;file /home/trim/Documents/GitHub/GeneralizedNotationNotation/src/tests/test_report_comprehensive.py, line 337&#10;      @pytest.mark.unit&#10;      def test_generate_markdown_report_file(self, sample_pipeline_data, isolated_temp_dir, mock_logger):&#10;E       fixture 'sample_pipeline_data' not found&#10;&gt;       available fixtures: anyio_backend, anyio_backend_name, anyio_backend_options, cache, capfd, capfdbinary, caplog, capsys, capsysbinary, capteesys, capture_logs, class_mocker, cov, doctest_namespace, free_tcp_port, free_tcp_port_factory, free_udp_port, free_udp_port_factory, full_pipeline_environment, isolated_temp_dir, mock_dangerous_operations, mock_filesystem, mock_imports, mock_llm_provider, mock_logger, mock_subprocess, mocker, module_mocker, monkeypatch, no_cover, package_mocker, patch_jax_cleanup, pipeline_arguments, project_root, pytestconfig, real_export, real_gnn_parser, real_imports, real_type_checker, real_visualization, record_property, record_testsuite_property, record_xml_attribute, recwarn, safe_filesystem, safe_subprocess, sample_gnn_files, session_mocker, simulate_failures, src_dir, test_config, test_dir, test_logger, tmp_path, tmp_path_factory, tmpdir, tmpdir_factory&#10;&gt;       use 'pytest --fixtures [testpath]' for help on them.&#10;&#10;/home/trim/Documents/GitHub/GeneralizedNotationNotation/src/tests/test_report_comprehensive.py:337&quot;">file /home/trim/Documents/GitHub/GeneralizedNotationNotation/src/tests/test_report_comprehensive.py, line 337
      @pytest.mark.unit
      def test_generate_markdown_report_file(self, sample_pipeline_data, isolated_temp_dir, mock_logger):
E       fixture 'sample_pipeline_data' not found
&gt;       available fixtures: anyio_backend, anyio_backend_name, anyio_backend_options, cache, capfd, capfdbinary, caplog, capsys, capsysbinary, capteesys, capture_logs, class_mocker, cov, doctest_namespace, free_tcp_port, free_tcp_port_factory, free_udp_port, free_udp_port_factory, full_pipeline_environment, isolated_temp_dir, mock_dangerous_operations, mock_filesystem, mock_imports, mock_llm_provider, mock_logger, mock_subprocess, mocker, module_mocker, monkeypatch, no_cover, package_mocker, patch_jax_cleanup, pipeline_arguments, project_root, pytestconfig, real_export, real_gnn_parser, real_imports, real_type_checker, real_visualization, record_property, record_testsuite_property, record_xml_attribute, recwarn, safe_filesystem, safe_subprocess, sample_gnn_files, session_mocker, simulate_failures, src_dir, test_config, test_dir, test_logger, tmp_path, tmp_path_factory, tmpdir, tmpdir_factory
&gt;       use 'pytest --fixtures [testpath]' for help on them.

/home/trim/Documents/GitHub/GeneralizedNotationNotation/src/tests/test_report_comprehensive.py:337</error></testcase><testcase classname="src.tests.test_report_comprehensive.TestReportGenerator" name="test_generate_json_report_file" time="0.001"><error message="failed on setup with &quot;file /home/trim/Documents/GitHub/GeneralizedNotationNotation/src/tests/test_report_comprehensive.py, line 348&#10;      @pytest.mark.unit&#10;      def test_generate_json_report_file(self, sample_pipeline_data, isolated_temp_dir, mock_logger):&#10;E       fixture 'sample_pipeline_data' not found&#10;&gt;       available fixtures: anyio_backend, anyio_backend_name, anyio_backend_options, cache, capfd, capfdbinary, caplog, capsys, capsysbinary, capteesys, capture_logs, class_mocker, cov, doctest_namespace, free_tcp_port, free_tcp_port_factory, free_udp_port, free_udp_port_factory, full_pipeline_environment, isolated_temp_dir, mock_dangerous_operations, mock_filesystem, mock_imports, mock_llm_provider, mock_logger, mock_subprocess, mocker, module_mocker, monkeypatch, no_cover, package_mocker, patch_jax_cleanup, pipeline_arguments, project_root, pytestconfig, real_export, real_gnn_parser, real_imports, real_type_checker, real_visualization, record_property, record_testsuite_property, record_xml_attribute, recwarn, safe_filesystem, safe_subprocess, sample_gnn_files, session_mocker, simulate_failures, src_dir, test_config, test_dir, test_logger, tmp_path, tmp_path_factory, tmpdir, tmpdir_factory&#10;&gt;       use 'pytest --fixtures [testpath]' for help on them.&#10;&#10;/home/trim/Documents/GitHub/GeneralizedNotationNotation/src/tests/test_report_comprehensive.py:348&quot;">file /home/trim/Documents/GitHub/GeneralizedNotationNotation/src/tests/test_report_comprehensive.py, line 348
      @pytest.mark.unit
      def test_generate_json_report_file(self, sample_pipeline_data, isolated_temp_dir, mock_logger):
E       fixture 'sample_pipeline_data' not found
&gt;       available fixtures: anyio_backend, anyio_backend_name, anyio_backend_options, cache, capfd, capfdbinary, caplog, capsys, capsysbinary, capteesys, capture_logs, class_mocker, cov, doctest_namespace, free_tcp_port, free_tcp_port_factory, free_udp_port, free_udp_port_factory, full_pipeline_environment, isolated_temp_dir, mock_dangerous_operations, mock_filesystem, mock_imports, mock_llm_provider, mock_logger, mock_subprocess, mocker, module_mocker, monkeypatch, no_cover, package_mocker, patch_jax_cleanup, pipeline_arguments, project_root, pytestconfig, real_export, real_gnn_parser, real_imports, real_type_checker, real_visualization, record_property, record_testsuite_property, record_xml_attribute, recwarn, safe_filesystem, safe_subprocess, sample_gnn_files, session_mocker, simulate_failures, src_dir, test_config, test_dir, test_logger, tmp_path, tmp_path_factory, tmpdir, tmpdir_factory
&gt;       use 'pytest --fixtures [testpath]' for help on them.

/home/trim/Documents/GitHub/GeneralizedNotationNotation/src/tests/test_report_comprehensive.py:348</error></testcase><testcase classname="src.tests.test_report_comprehensive.TestReportGenerator" name="test_generate_custom_report" time="0.004" /><testcase classname="src.tests.test_report_comprehensive.TestReportGenerator" name="test_validate_report_data" time="0.000"><error message="failed on setup with &quot;file /home/trim/Documents/GitHub/GeneralizedNotationNotation/src/tests/test_report_comprehensive.py, line 391&#10;      @pytest.mark.unit&#10;      def test_validate_report_data(self, sample_pipeline_data):&#10;E       fixture 'sample_pipeline_data' not found&#10;&gt;       available fixtures: anyio_backend, anyio_backend_name, anyio_backend_options, cache, capfd, capfdbinary, caplog, capsys, capsysbinary, capteesys, capture_logs, class_mocker, cov, doctest_namespace, free_tcp_port, free_tcp_port_factory, free_udp_port, free_udp_port_factory, full_pipeline_environment, isolated_temp_dir, mock_dangerous_operations, mock_filesystem, mock_imports, mock_llm_provider, mock_logger, mock_subprocess, mocker, module_mocker, monkeypatch, no_cover, package_mocker, patch_jax_cleanup, pipeline_arguments, project_root, pytestconfig, real_export, real_gnn_parser, real_imports, real_type_checker, real_visualization, record_property, record_testsuite_property, record_xml_attribute, recwarn, safe_filesystem, safe_subprocess, sample_gnn_files, session_mocker, simulate_failures, src_dir, test_config, test_dir, test_logger, tmp_path, tmp_path_factory, tmpdir, tmpdir_factory&#10;&gt;       use 'pytest --fixtures [testpath]' for help on them.&#10;&#10;/home/trim/Documents/GitHub/GeneralizedNotationNotation/src/tests/test_report_comprehensive.py:391&quot;">file /home/trim/Documents/GitHub/GeneralizedNotationNotation/src/tests/test_report_comprehensive.py, line 391
      @pytest.mark.unit
      def test_validate_report_data(self, sample_pipeline_data):
E       fixture 'sample_pipeline_data' not found
&gt;       available fixtures: anyio_backend, anyio_backend_name, anyio_backend_options, cache, capfd, capfdbinary, caplog, capsys, capsysbinary, capteesys, capture_logs, class_mocker, cov, doctest_namespace, free_tcp_port, free_tcp_port_factory, free_udp_port, free_udp_port_factory, full_pipeline_environment, isolated_temp_dir, mock_dangerous_operations, mock_filesystem, mock_imports, mock_llm_provider, mock_logger, mock_subprocess, mocker, module_mocker, monkeypatch, no_cover, package_mocker, patch_jax_cleanup, pipeline_arguments, project_root, pytestconfig, real_export, real_gnn_parser, real_imports, real_type_checker, real_visualization, record_property, record_testsuite_property, record_xml_attribute, recwarn, safe_filesystem, safe_subprocess, sample_gnn_files, session_mocker, simulate_failures, src_dir, test_config, test_dir, test_logger, tmp_path, tmp_path_factory, tmpdir, tmpdir_factory
&gt;       use 'pytest --fixtures [testpath]' for help on them.

/home/trim/Documents/GitHub/GeneralizedNotationNotation/src/tests/test_report_comprehensive.py:391</error></testcase><testcase classname="src.tests.test_report_comprehensive.TestReportGenerator" name="test_validate_report_data_invalid" time="0.001" /><testcase classname="src.tests.test_report_comprehensive.TestReportGenerator" name="test_generate_comprehensive_report_nonexistent_pipeline" time="0.003" /><testcase classname="src.tests.test_report_comprehensive.TestReportMCP" name="test_generate_pipeline_report" time="0.007" /><testcase classname="src.tests.test_report_comprehensive.TestReportMCP" name="test_generate_pipeline_report_nonexistent" time="0.001" /><testcase classname="src.tests.test_report_comprehensive.TestReportMCP" name="test_mcp_analyze_pipeline_data" time="0.002" /><testcase classname="src.tests.test_report_comprehensive.TestReportMCP" name="test_get_report_module_info" time="0.001" /><testcase classname="src.tests.test_report_comprehensive.TestReportMCP" name="test_register_tools" time="0.002" /><testcase classname="src.tests.test_report_comprehensive.TestReportIntegration" name="test_full_report_generation_workflow" time="0.012"><failure message="assert 'setup_artifacts' in '\n&lt;!DOCTYPE html&gt;\n&lt;html lang=&quot;en&quot;&gt;\n&lt;head&gt;\n    &lt;meta charset=&quot;UTF-8&quot;&gt;\n    &lt;meta name=&quot;viewport&quot; content=&quot;width=device-width, initial-scale=1.0&quot;&gt;\n    &lt;title&gt;GNN Pipeline Comprehensive Analysis Report&lt;/title&gt;\n    &lt;style&gt;\n        body { \n            font-family: \'Segoe UI\', Tahoma, Geneva, Verdana, sans-serif; \n            margin: 0; \n            padding: 20px; \n            background-color: #f8f9fa; \n            color: #333;\n        }\n        .container { \n            max-width: 1400px; \n            margin: 0 auto; \n            background-color: white; \n            padding: 30px; \n            border-radius: 12px; \n            box-shadow: 0 4px 6px rgba(0,0,0,0.1); \n        }\n        .header { \n            text-align: center; \n            margin-bottom: 40px; \n            padding-bottom: 20px; \n            border-bottom: 3px solid #007bff; \n        }\n        h1 { \n            color: #2c3e50; \n            margin: 0; \n            font-size: 2.5em; \n            font-weight: 300; \n        }\n        h2 { \n            color: #34495e; \n            margin-top: 40px; \n            margin-bottom: 20px; \n            font-size: 1.8em; \n            border-...        &lt;div class=&quot;step-title&quot;&gt;#x1F4C1 Website&lt;/div&gt;\n            &lt;div class=&quot;step-details&quot;&gt;\n&lt;p&gt;&lt;em&gt;Step directory not found or empty&lt;/em&gt;&lt;/p&gt;\n            &lt;/div&gt;\n        &lt;/div&gt;\n\n        &lt;div class=&quot;step-card missing&quot;&gt;\n            &lt;div class=&quot;step-title&quot;&gt;#x1F4C1 Report Processing Step&lt;/div&gt;\n            &lt;div class=&quot;step-details&quot;&gt;\n&lt;p&gt;&lt;em&gt;Step directory not found or empty&lt;/em&gt;&lt;/p&gt;\n            &lt;/div&gt;\n        &lt;/div&gt;\n\n        &lt;/div&gt;\n\n        &lt;h2&gt;#x1F4C1 File Type Analysis&lt;/h2&gt;\n        &lt;table&gt;\n            &lt;tr&gt;&lt;th&gt;File Type&lt;/th&gt;&lt;th&gt;Count&lt;/th&gt;&lt;th&gt;Total Size (MB)&lt;/th&gt;&lt;/tr&gt;\n&lt;tr&gt;&lt;td&gt;.json&lt;/td&gt;&lt;td&gt;5&lt;/td&gt;&lt;td&gt;0.0&lt;/td&gt;&lt;/tr&gt;&lt;tr&gt;&lt;td&gt;.md&lt;/td&gt;&lt;td&gt;2&lt;/td&gt;&lt;td&gt;0.0&lt;/td&gt;&lt;/tr&gt;&lt;tr&gt;&lt;td&gt;.xml&lt;/td&gt;&lt;td&gt;2&lt;/td&gt;&lt;td&gt;0.0&lt;/td&gt;&lt;/tr&gt;&lt;tr&gt;&lt;td&gt;.svg&lt;/td&gt;&lt;td&gt;1&lt;/td&gt;&lt;td&gt;0.0&lt;/td&gt;&lt;/tr&gt;&lt;tr&gt;&lt;td&gt;.png&lt;/td&gt;&lt;td&gt;1&lt;/td&gt;&lt;td&gt;0.0&lt;/td&gt;&lt;/tr&gt;\n        &lt;/table&gt;\n\n        &lt;h2&gt;#x1F4C8 Pipeline Execution Summary&lt;/h2&gt;\n        &lt;div class=&quot;performance-section&quot;&gt;\n            &lt;p&gt;&lt;strong&gt;Start Time:&lt;/strong&gt; 2024-01-01T10:00:00&lt;/p&gt;\n            &lt;p&gt;&lt;strong&gt;End Time:&lt;/strong&gt; 2024-01-01T12:00:00&lt;/p&gt;\n            &lt;p&gt;&lt;strong&gt;Overall Status:&lt;/strong&gt; success&lt;/p&gt;\n            &lt;p&gt;&lt;strong&gt;Total Steps:&lt;/strong&gt; 6&lt;/p&gt;\n        &lt;/div&gt;\n\n    &lt;/div&gt;\n&lt;/body&gt;\n&lt;/html&gt;\n'">src/tests/test_report_comprehensive.py:570: in test_full_report_generation_workflow
    assert "setup_artifacts" in html_content
E   assert 'setup_artifacts' in '\n&lt;!DOCTYPE html&gt;\n&lt;html lang="en"&gt;\n&lt;head&gt;\n    &lt;meta charset="UTF-8"&gt;\n    &lt;meta name="viewport" content="width=device-width, initial-scale=1.0"&gt;\n    &lt;title&gt;GNN Pipeline Comprehensive Analysis Report&lt;/title&gt;\n    &lt;style&gt;\n        body { \n            font-family: \'Segoe UI\', Tahoma, Geneva, Verdana, sans-serif; \n            margin: 0; \n            padding: 20px; \n            background-color: #f8f9fa; \n            color: #333;\n        }\n        .container { \n            max-width: 1400px; \n            margin: 0 auto; \n            background-color: white; \n            padding: 30px; \n            border-radius: 12px; \n            box-shadow: 0 4px 6px rgba(0,0,0,0.1); \n        }\n        .header { \n            text-align: center; \n            margin-bottom: 40px; \n            padding-bottom: 20px; \n            border-bottom: 3px solid #007bff; \n        }\n        h1 { \n            color: #2c3e50; \n            margin: 0; \n            font-size: 2.5em; \n            font-weight: 300; \n        }\n        h2 { \n            color: #34495e; \n            margin-top: 40px; \n            margin-bottom: 20px; \n            font-size: 1.8em; \n            border-...        &lt;div class="step-title"&gt;#x1F4C1 Website&lt;/div&gt;\n            &lt;div class="step-details"&gt;\n&lt;p&gt;&lt;em&gt;Step directory not found or empty&lt;/em&gt;&lt;/p&gt;\n            &lt;/div&gt;\n        &lt;/div&gt;\n\n        &lt;div class="step-card missing"&gt;\n            &lt;div class="step-title"&gt;#x1F4C1 Report Processing Step&lt;/div&gt;\n            &lt;div class="step-details"&gt;\n&lt;p&gt;&lt;em&gt;Step directory not found or empty&lt;/em&gt;&lt;/p&gt;\n            &lt;/div&gt;\n        &lt;/div&gt;\n\n        &lt;/div&gt;\n\n        &lt;h2&gt;#x1F4C1 File Type Analysis&lt;/h2&gt;\n        &lt;table&gt;\n            &lt;tr&gt;&lt;th&gt;File Type&lt;/th&gt;&lt;th&gt;Count&lt;/th&gt;&lt;th&gt;Total Size (MB)&lt;/th&gt;&lt;/tr&gt;\n&lt;tr&gt;&lt;td&gt;.json&lt;/td&gt;&lt;td&gt;5&lt;/td&gt;&lt;td&gt;0.0&lt;/td&gt;&lt;/tr&gt;&lt;tr&gt;&lt;td&gt;.md&lt;/td&gt;&lt;td&gt;2&lt;/td&gt;&lt;td&gt;0.0&lt;/td&gt;&lt;/tr&gt;&lt;tr&gt;&lt;td&gt;.xml&lt;/td&gt;&lt;td&gt;2&lt;/td&gt;&lt;td&gt;0.0&lt;/td&gt;&lt;/tr&gt;&lt;tr&gt;&lt;td&gt;.svg&lt;/td&gt;&lt;td&gt;1&lt;/td&gt;&lt;td&gt;0.0&lt;/td&gt;&lt;/tr&gt;&lt;tr&gt;&lt;td&gt;.png&lt;/td&gt;&lt;td&gt;1&lt;/td&gt;&lt;td&gt;0.0&lt;/td&gt;&lt;/tr&gt;\n        &lt;/table&gt;\n\n        &lt;h2&gt;#x1F4C8 Pipeline Execution Summary&lt;/h2&gt;\n        &lt;div class="performance-section"&gt;\n            &lt;p&gt;&lt;strong&gt;Start Time:&lt;/strong&gt; 2024-01-01T10:00:00&lt;/p&gt;\n            &lt;p&gt;&lt;strong&gt;End Time:&lt;/strong&gt; 2024-01-01T12:00:00&lt;/p&gt;\n            &lt;p&gt;&lt;strong&gt;Overall Status:&lt;/strong&gt; success&lt;/p&gt;\n            &lt;p&gt;&lt;strong&gt;Total Steps:&lt;/strong&gt; 6&lt;/p&gt;\n        &lt;/div&gt;\n\n    &lt;/div&gt;\n&lt;/body&gt;\n&lt;/html&gt;\n'</failure></testcase><testcase classname="src.tests.test_report_comprehensive.TestReportIntegration" name="test_report_with_errors_and_warnings" time="0.006" /><testcase classname="src.tests.test_pipeline_steps.TestStep14Report" name="test_step14_report_generation" time="0.002" /><testcase classname="src.tests.test_pipeline_steps.TestStep14Report" name="test_step14_report_integration" time="0.002" /><testcase classname="src.tests.test_pipeline_scripts.TestStep14ReportComprehensive" name="test_step14_report_generation" time="0.002"><failure message="ImportError: cannot import name 'generate_report' from 'report' (/home/trim/Documents/GitHub/GeneralizedNotationNotation/src/report/__init__.py)">src/tests/test_pipeline_scripts.py:539: in test_step14_report_generation
    from report import generate_report, analyze_pipeline_data
E   ImportError: cannot import name 'generate_report' from 'report' (/home/trim/Documents/GitHub/GeneralizedNotationNotation/src/report/__init__.py)</failure></testcase></testsuite></testsuites>