STDOUT:
....................s..F..............................F................. [  9%]
........................................................................ [ 18%]
.........................................................F........ssssss [ 28%]
..sss.....................F............................................. [ 37%]
..s.........ss.ss..........ss...........F
=================================== FAILURES ===================================
________________ TestAnalysisOverall.test_process_analysis_flow ________________
src/tests/test_analysis_overall.py:42: in test_process_analysis_flow
    assert results_dir.exists()
E   AssertionError: assert False
E    +  where False = exists()
E    +    where exists = PosixPath('/var/folders/vc/rgmbpjpj0dbg61vr54xjskc80000gn/T/tmppn6t10gx/analysis_output/analysis_results').exists

During handling of the above exception, another exception occurred:
src/tests/test_analysis_overall.py:55: in test_process_analysis_flow
    pytest.fail(f"Analysis processing failed: {e}")
E   Failed: Analysis processing failed: assert False
E    +  where False = exists()
E    +    where exists = PosixPath('/var/folders/vc/rgmbpjpj0dbg61vr54xjskc80000gn/T/tmppn6t10gx/analysis_output/analysis_results').exists
----------------------------- Captured stderr call -----------------------------
2026-01-07 18:48:27,409 - analysis - INFO - üöÄ Processing analysis
2026-01-07 18:48:27,411 - analysis - WARNING - Execution directory not found for visualization: /var/folders/vc/rgmbpjpj0dbg61vr54xjskc80000gn/T/tmppn6t10gx/12_execute_output
2026-01-07 18:48:27,411 - analysis - WARNING - Execution results directory not found at /var/folders/vc/rgmbpjpj0dbg61vr54xjskc80000gn/T/tmppn6t10gx/12_execute_output. Skipping post-simulation analysis.
2026-01-07 18:48:27,412 - analysis - INFO - ‚úÖ Analysis processing completed successfully
------------------------------ Captured log call -------------------------------
INFO     analysis:pipeline_template.py:47 üöÄ Processing analysis
WARNING  analysis:processor.py:250 Execution directory not found for visualization: /var/folders/vc/rgmbpjpj0dbg61vr54xjskc80000gn/T/tmppn6t10gx/12_execute_output
WARNING  analysis:processor.py:259 Execution results directory not found at /var/folders/vc/rgmbpjpj0dbg61vr54xjskc80000gn/T/tmppn6t10gx/12_execute_output. Skipping post-simulation analysis.
INFO     analysis:pipeline_template.py:48 ‚úÖ Analysis processing completed successfully
__________________ TestAudioProcessing.test_audio_generation ___________________
src/audio/processor.py:163: in generate_audio_from_gnn
    raise ValueError("output_dir must be provided")
E   ValueError: output_dir must be provided

During handling of the above exception, another exception occurred:
src/tests/test_audio_overall.py:139: in test_audio_generation
    result = generate_audio_from_gnn("test GNN content")
             ^^^^^^^^^^^^^^^^^^^^^^^^^^^^^^^^^^^^^^^^^^^
src/audio/processor.py:191: in generate_audio_from_gnn
    raise Exception(f"Failed to generate audio from {file_path}: {e}")
E   Exception: Failed to generate audio from gnn_input.md: output_dir must be provided
________________ TestExecuteOverall.test_process_execution_flow ________________
src/tests/test_execute_overall.py:38: in test_process_execution_flow
    assert (output_dir / "execution_results").exists() or \
E   AssertionError: assert (False or False or True is False)
E    +  where False = exists()
E    +    where exists = (PosixPath('/var/folders/vc/rgmbpjpj0dbg61vr54xjskc80000gn/T/tmp4rsrauxb/output') / 'execution_results').exists
E    +  and   False = exists()
E    +    where exists = (PosixPath('/var/folders/vc/rgmbpjpj0dbg61vr54xjskc80000gn/T/tmp4rsrauxb/output') / 'execution_logs').exists

During handling of the above exception, another exception occurred:
src/tests/test_execute_overall.py:43: in test_process_execution_flow
    pytest.fail(f"Execution process crashed: {e}")
E   Failed: Execution process crashed: assert (False or False or True is False)
E    +  where False = exists()
E    +    where exists = (PosixPath('/var/folders/vc/rgmbpjpj0dbg61vr54xjskc80000gn/T/tmp4rsrauxb/output') / 'execution_results').exists
E    +  and   False = exists()
E    +    where exists = (PosixPath('/var/folders/vc/rgmbpjpj0dbg61vr54xjskc80000gn/T/tmp4rsrauxb/output') / 'execution_logs').exists
----------------------------- Captured stderr call -----------------------------
2026-01-07 18:48:31,609 - execute - INFO - üöÄ Processing execute - searching for rendered implementations
2026-01-07 18:48:31,609 - execute - INFO - Requested frameworks: ['pymdp', 'jax', 'discopy', 'rxinfer', 'activeinference_jl']
2026-01-07 18:48:31,617 - execute - INFO - Found render output directory: output/11_render_output
2026-01-07 18:48:31,617 - execute - INFO - Searching for executable scripts in: output/11_render_output
2026-01-07 18:48:31,618 - execute - INFO - Found python script: actinf_pomdp_agent/jax/Active Inference POMDP Agent_jax.py
2026-01-07 18:48:31,618 - execute - INFO - Found python script: actinf_pomdp_agent/discopy/Active Inference POMDP Agent_discopy.py
2026-01-07 18:48:31,618 - execute - INFO - Found python script: actinf_pomdp_agent/pymdp_gen/Active Inference POMDP Agent_pymdp.py
2026-01-07 18:48:31,619 - execute - INFO - Found julia script: actinf_pomdp_agent/rxinfer/Active Inference POMDP Agent_rxinfer.jl
2026-01-07 18:48:31,619 - execute - INFO - Found julia script: actinf_pomdp_agent/activeinference_jl/Active Inference POMDP Agent_activeinference.jl
2026-01-07 18:48:31,619 - execute - INFO - Found 5 executable scripts to run
2026-01-07 18:48:31,619 - execute - INFO - Executing jax script: Active Inference POMDP Agent_jax.py
2026-01-07 18:48:32,395 - execute - INFO - ‚úÖ Successfully executed Active Inference POMDP Agent_jax.py
2026-01-07 18:48:32,395 - execute - INFO - Script output: ============================================================
JAX Active Inference Model: GNNModel
============================================================

‚úÖ Model parameters created
   A matrix s...
2026-01-07 18:48:32,396 - execute - INFO - Collecting execution outputs for jax script Active Inference POMDP Agent_jax.py
2026-01-07 18:48:32,397 - execute - INFO - Extracting simulation data from collected files for jax
2026-01-07 18:48:32,397 - execute - INFO - Executing discopy script: Active Inference POMDP Agent_discopy.py
2026-01-07 18:48:33,241 - execute - INFO - ‚úÖ Successfully executed Active Inference POMDP Agent_discopy.py
2026-01-07 18:48:33,242 - execute - INFO - Script output: ‚úÖ DisCoPy is available
üî¨ DisCoPy Categorical Diagram Generation
üìä State Space: 3 states, 3 observations, 3 actions
============================================================
DisCoPy Categorical Diag...
2026-01-07 18:48:33,243 - execute - INFO - Collecting execution outputs for discopy script Active Inference POMDP Agent_discopy.py
2026-01-07 18:48:33,244 - execute - INFO - Found 5 output files to collect for discopy
2026-01-07 18:48:33,245 - execute - INFO - Copied model_components.png ‚Üí visualizations/model_components.png
2026-01-07 18:48:33,245 - execute - INFO - Copied generative_model.png ‚Üí visualizations/generative_model.png
2026-01-07 18:48:33,245 - execute - INFO - Copied perception_action_loop.png ‚Üí visualizations/perception_action_loop.png
2026-01-07 18:48:33,246 - execute - INFO - Copied circuit_analysis.json ‚Üí simulation_data/circuit_analysis.json
2026-01-07 18:48:33,246 - execute - INFO - Copied circuit_info.json ‚Üí simulation_data/circuit_info.json
2026-01-07 18:48:33,246 - execute - INFO - Collected 5 output files: 3 visualizations, 2 data files, 0 traces
2026-01-07 18:48:33,246 - execute - INFO - Extracting simulation data from collected files for discopy
2026-01-07 18:48:33,246 - execute - INFO - Executing pymdp script: Active Inference POMDP Agent_pymdp.py
2026-01-07 18:48:35,730 - execute - WARNING - ‚ö†Ô∏è Script Active Inference POMDP Agent_pymdp.py failed with return code 1
2026-01-07 18:48:35,730 - execute - WARNING - Error output: 2026-01-07 18:48:33,626 - mcp - INFO - Enhanced MCP server initialized (caching=True, rate_limiting=True, strict_validation=False)
2026-01-07 18:48:34,756 - root - WARNING - PyMDP not available - this is normal if not installed. To enable PyMDP simulations, install with: uv pip install inferactively-pymdp. Alternatively, use other frameworks: RxInfer.jl, ActiveInference.jl, or JAX. Continuing with fallback mode and informative output.
2026-01-07 18:48:34,760 - root - WARNING - PyMDP not availabl...
2026-01-07 18:48:35,731 - execute - INFO - Executing rxinfer script: Active Inference POMDP Agent_rxinfer.jl
2026-01-07 18:48:58,381 - execute - INFO - ‚úÖ Successfully executed Active Inference POMDP Agent_rxinfer.jl
2026-01-07 18:48:58,381 - execute - INFO - Script output: üì¶ Ensuring required packages are installed...
A matrix size: (3, 3)
B matrix size: (3, 3, 1)
D vector size: (3,)
Observation sequence: [2, 3, 3, 2, 1, 1, 2, 1, 1, 1, 1, 1, 2, 2, 1, 2, 2, 2, 1, 3]
Obse...
2026-01-07 18:48:58,383 - execute - INFO - Collecting execution outputs for rxinfer script Active Inference POMDP Agent_rxinfer.jl
2026-01-07 18:48:58,383 - execute - INFO - Found 2 output files to collect for rxinfer
2026-01-07 18:48:58,383 - execute - INFO - Copied rxinfer_results.png ‚Üí visualizations/rxinfer_results.png
2026-01-07 18:48:58,384 - execute - INFO - Copied simulation_results.json ‚Üí simulation_data/simulation_results.json
2026-01-07 18:48:58,384 - execute - INFO - Collected 2 output files: 1 visualizations, 1 data files, 0 traces
2026-01-07 18:48:58,384 - execute - INFO - Extracting simulation data from collected files for rxinfer
2026-01-07 18:48:58,384 - execute - INFO - Executing activeinference_jl script: Active Inference POMDP Agent_activeinference.jl
2026-01-07 18:49:22,587 - execute - INFO - ‚úÖ Successfully executed Active Inference POMDP Agent_activeinference.jl
2026-01-07 18:49:22,588 - execute - INFO - Script output: üì¶ Ensuring required packages are installed...
‚úÖ Package installation complete
======================================================================
ActiveInference.jl Script for GNN Model: Active Inf...
2026-01-07 18:49:22,589 - execute - INFO - Collecting execution outputs for activeinference_jl script Active Inference POMDP Agent_activeinference.jl
2026-01-07 18:49:22,637 - execute - INFO - Found 106 output files to collect for activeinference_jl
2026-01-07 18:49:22,638 - execute - INFO - Copied Active Inference POMDP Agent_belief_evolution.png ‚Üí visualizations/visualizations_Active Inference POMDP Agent_belief_evolution.png
2026-01-07 18:49:22,638 - execute - INFO - Copied Active Inference POMDP Agent_action_analysis.png ‚Üí visualizations/visualizations_Active Inference POMDP Agent_action_analysis.png
2026-01-07 18:49:22,638 - execute - INFO - Copied Active Inference POMDP Agent_A_matrix.png ‚Üí visualizations/visualizations_Active Inference POMDP Agent_A_matrix.png
2026-01-07 18:49:22,638 - execute - INFO - Copied Active Inference POMDP Agent_belief_trajectory_3d.png ‚Üí visualizations/visualizations_Active Inference POMDP Agent_belief_trajectory_3d.png
2026-01-07 18:49:22,639 - execute - INFO - Copied Active Inference POMDP Agent_preferences_prior.png ‚Üí visualizations/visualizations_Active Inference POMDP Agent_preferences_prior.png
2026-01-07 18:49:22,639 - execute - INFO - Copied Active Inference POMDP Agent_dashboard.png ‚Üí visualizations/visualizations_Active Inference POMDP Agent_dashboard.png
2026-01-07 18:49:22,640 - execute - INFO - Copied Active Inference POMDP Agent_belief_evolution.png ‚Üí visualizations/visualizations_Active Inference POMDP Agent_belief_evolution.png
2026-01-07 18:49:22,640 - execute - INFO - Copied Active Inference POMDP Agent_action_analysis.png ‚Üí visualizations/visualizations_Active Inference POMDP Agent_action_analysis.png
2026-01-07 18:49:22,641 - execute - INFO - Copied Active Inference POMDP Agent_A_matrix.png ‚Üí visualizations/visualizations_Active Inference POMDP Agent_A_matrix.png
2026-01-07 18:49:22,641 - execute - INFO - Copied Active Inference POMDP Agent_belief_trajectory_3d.png ‚Üí visualizations/visualizations_Active Inference POMDP Agent_belief_trajectory_3d.png
2026-01-07 18:49:22,642 - execute - INFO - Copied Active Inference POMDP Agent_preferences_prior.png ‚Üí visualizations/visualizations_Active Inference POMDP Agent_preferences_prior.png
2026-01-07 18:49:22,642 - execute - INFO - Copied Active Inference POMDP Agent_dashboard.png ‚Üí visualizations/visualizations_Active Inference POMDP Agent_dashboard.png
2026-01-07 18:49:22,643 - execute - INFO - Copied Active Inference POMDP Agent_belief_evolution.png ‚Üí visualizations/visualizations_Active Inference POMDP Agent_belief_evolution.png
2026-01-07 18:49:22,643 - execute - INFO - Copied Active Inference POMDP Agent_action_analysis.png ‚Üí visualizations/visualizations_Active Inference POMDP Agent_action_analysis.png
2026-01-07 18:49:22,644 - execute - INFO - Copied Active Inference POMDP Agent_A_matrix.png ‚Üí visualizations/visualizations_Active Inference POMDP Agent_A_matrix.png
2026-01-07 18:49:22,644 - execute - INFO - Copied Active Inference POMDP Agent_belief_trajectory_3d.png ‚Üí visualizations/visualizations_Active Inference POMDP Agent_belief_trajectory_3d.png
2026-01-07 18:49:22,645 - execute - INFO - Copied Active Inference POMDP Agent_preferences_prior.png ‚Üí visualizations/visualizations_Active Inference POMDP Agent_preferences_prior.png
2026-01-07 18:49:22,645 - execute - INFO - Copied Active Inference POMDP Agent_dashboard.png ‚Üí visualizations/visualizations_Active Inference POMDP Agent_dashboard.png
2026-01-07 18:49:22,646 - execute - INFO - Copied Active Inference POMDP Agent_belief_evolution.png ‚Üí visualizations/visualizations_Active Inference POMDP Agent_belief_evolution.png
2026-01-07 18:49:22,646 - execute - INFO - Copied Active Inference POMDP Agent_action_analysis.png ‚Üí visualizations/visualizations_Active Inference POMDP Agent_action_analysis.png
2026-01-07 18:49:22,647 - execute - INFO - Copied Active Inference POMDP Agent_A_matrix.png ‚Üí visualizations/visualizations_Active Inference POMDP Agent_A_matrix.png
2026-01-07 18:49:22,647 - execute - INFO - Copied Active Inference POMDP Agent_belief_trajectory_3d.png ‚Üí visualizations/visualizations_Active Inference POMDP Agent_belief_trajectory_3d.png
2026-01-07 18:49:22,647 - execute - INFO - Copied Active Inference POMDP Agent_preferences_prior.png ‚Üí visualizations/visualizations_Active Inference POMDP Agent_preferences_prior.png
2026-01-07 18:49:22,648 - execute - INFO - Copied Active Inference POMDP Agent_dashboard.png ‚Üí visualizations/visualizations_Active Inference POMDP Agent_dashboard.png
2026-01-07 18:49:22,648 - execute - INFO - Copied Active Inference POMDP Agent_belief_evolution.png ‚Üí visualizations/visualizations_Active Inference POMDP Agent_belief_evolution.png
2026-01-07 18:49:22,649 - execute - INFO - Copied Active Inference POMDP Agent_action_analysis.png ‚Üí visualizations/visualizations_Active Inference POMDP Agent_action_analysis.png
2026-01-07 18:49:22,649 - execute - INFO - Copied Active Inference POMDP Agent_A_matrix.png ‚Üí visualizations/visualizations_Active Inference POMDP Agent_A_matrix.png
2026-01-07 18:49:22,650 - execute - INFO - Copied Active Inference POMDP Agent_belief_trajectory_3d.png ‚Üí visualizations/visualizations_Active Inference POMDP Agent_belief_trajectory_3d.png
2026-01-07 18:49:22,650 - execute - INFO - Copied Active Inference POMDP Agent_preferences_prior.png ‚Üí visualizations/visualizations_Active Inference POMDP Agent_preferences_prior.png
2026-01-07 18:49:22,651 - execute - INFO - Copied Active Inference POMDP Agent_dashboard.png ‚Üí visualizations/visualizations_Active Inference POMDP Agent_dashboard.png
2026-01-07 18:49:22,651 - execute - INFO - Copied Active Inference POMDP Agent_belief_evolution.png ‚Üí visualizations/visualizations_Active Inference POMDP Agent_belief_evolution.png
2026-01-07 18:49:22,652 - execute - INFO - Copied Active Inference POMDP Agent_action_analysis.png ‚Üí visualizations/visualizations_Active Inference POMDP Agent_action_analysis.png
2026-01-07 18:49:22,652 - execute - INFO - Copied Active Inference POMDP Agent_A_matrix.png ‚Üí visualizations/visualizations_Active Inference POMDP Agent_A_matrix.png
2026-01-07 18:49:22,652 - execute - INFO - Copied Active Inference POMDP Agent_belief_trajectory_3d.png ‚Üí visualizations/visualizations_Active Inference POMDP Agent_belief_trajectory_3d.png
2026-01-07 18:49:22,653 - execute - INFO - Copied Active Inference POMDP Agent_preferences_prior.png ‚Üí visualizations/visualizations_Active Inference POMDP Agent_preferences_prior.png
2026-01-07 18:49:22,653 - execute - INFO - Copied Active Inference POMDP Agent_dashboard.png ‚Üí visualizations/visualizations_Active Inference POMDP Agent_dashboard.png
2026-01-07 18:49:22,654 - execute - INFO - Copied Active Inference POMDP Agent_belief_evolution.png ‚Üí visualizations/visualizations_Active Inference POMDP Agent_belief_evolution.png
2026-01-07 18:49:22,654 - execute - INFO - Copied Active Inference POMDP Agent_action_analysis.png ‚Üí visualizations/visualizations_Active Inference POMDP Agent_action_analysis.png
2026-01-07 18:49:22,655 - execute - INFO - Copied Active Inference POMDP Agent_A_matrix.png ‚Üí visualizations/visualizations_Active Inference POMDP Agent_A_matrix.png
2026-01-07 18:49:22,655 - execute - INFO - Copied Active Inference POMDP Agent_belief_trajectory_3d.png ‚Üí visualizations/visualizations_Active Inference POMDP Agent_belief_trajectory_3d.png
2026-01-07 18:49:22,655 - execute - INFO - Copied Active Inference POMDP Agent_preferences_prior.png ‚Üí visualizations/visualizations_Active Inference POMDP Agent_preferences_prior.png
2026-01-07 18:49:22,656 - execute - INFO - Copied Active Inference POMDP Agent_dashboard.png ‚Üí visualizations/visualizations_Active Inference POMDP Agent_dashboard.png
2026-01-07 18:49:22,656 - execute - INFO - Copied Active Inference POMDP Agent_belief_evolution.png ‚Üí visualizations/visualizations_Active Inference POMDP Agent_belief_evolution.png
2026-01-07 18:49:22,657 - execute - INFO - Copied Active Inference POMDP Agent_action_analysis.png ‚Üí visualizations/visualizations_Active Inference POMDP Agent_action_analysis.png
2026-01-07 18:49:22,657 - execute - INFO - Copied Active Inference POMDP Agent_A_matrix.png ‚Üí visualizations/visualizations_Active Inference POMDP Agent_A_matrix.png
2026-01-07 18:49:22,657 - execute - INFO - Copied Active Inference POMDP Agent_belief_trajectory_3d.png ‚Üí visualizations/visualizations_Active Inference POMDP Agent_belief_trajectory_3d.png
2026-01-07 18:49:22,658 - execute - INFO - Copied Active Inference POMDP Agent_preferences_prior.png ‚Üí visualizations/visualizations_Active Inference POMDP Agent_preferences_prior.png
2026-01-07 18:49:22,658 - execute - INFO - Copied Active Inference POMDP Agent_dashboard.png ‚Üí visualizations/visualizations_Active Inference POMDP Agent_dashboard.png
2026-01-07 18:49:22,659 - execute - INFO - Copied Active Inference POMDP Agent_belief_evolution.png ‚Üí visualizations/visualizations_Active Inference POMDP Agent_belief_evolution.png
2026-01-07 18:49:22,659 - execute - INFO - Copied Active Inference POMDP Agent_action_analysis.png ‚Üí visualizations/visualizations_Active Inference POMDP Agent_action_analysis.png
2026-01-07 18:49:22,659 - execute - INFO - Copied Active Inference POMDP Agent_A_matrix.png ‚Üí visualizations/visualizations_Active Inference POMDP Agent_A_matrix.png
2026-01-07 18:49:22,660 - execute - INFO - Copied Active Inference POMDP Agent_belief_trajectory_3d.png ‚Üí visualizations/visualizations_Active Inference POMDP Agent_belief_trajectory_3d.png
2026-01-07 18:49:22,661 - execute - INFO - Copied Active Inference POMDP Agent_preferences_prior.png ‚Üí visualizations/visualizations_Active Inference POMDP Agent_preferences_prior.png
2026-01-07 18:49:22,661 - execute - INFO - Copied Active Inference POMDP Agent_dashboard.png ‚Üí visualizations/visualizations_Active Inference POMDP Agent_dashboard.png
2026-01-07 18:49:22,662 - execute - INFO - Copied visualizations_Active Inference POMDP Agent_A_matrix.png ‚Üí visualizations/visualizations_Active Inference POMDP Agent_A_matrix_5.png
2026-01-07 18:49:22,663 - execute - INFO - Copied Active Inference POMDP Agent_belief_evolution.png ‚Üí visualizations/visualizations_Active Inference POMDP Agent_belief_evolution.png
2026-01-07 18:49:22,664 - execute - INFO - Copied Active Inference POMDP Agent_action_analysis.png ‚Üí visualizations/visualizations_Active Inference POMDP Agent_action_analysis.png
2026-01-07 18:49:22,665 - execute - INFO - Copied visualizations_Active Inference POMDP Agent_action_analysis.png ‚Üí visualizations/visualizations_Active Inference POMDP Agent_action_analysis_7.png
2026-01-07 18:49:22,666 - execute - INFO - Copied Active Inference POMDP Agent_A_matrix.png ‚Üí visualizations/visualizations_Active Inference POMDP Agent_A_matrix.png
2026-01-07 18:49:22,667 - execute - INFO - Copied visualizations_Active Inference POMDP Agent_belief_trajectory_3d.png ‚Üí visualizations/visualizations_Active Inference POMDP Agent_belief_trajectory_3d_5.png
2026-01-07 18:49:22,668 - execute - INFO - Copied visualizations_Active Inference POMDP Agent_dashboard.png ‚Üí visualizations/visualizations_Active Inference POMDP Agent_dashboard_5.png
2026-01-07 18:49:22,668 - execute - INFO - Copied visualizations_Active Inference POMDP Agent_preferences_prior.png ‚Üí visualizations/visualizations_Active Inference POMDP Agent_preferences_prior_5.png
2026-01-07 18:49:22,669 - execute - INFO - Copied Active Inference POMDP Agent_belief_trajectory_3d.png ‚Üí visualizations/visualizations_Active Inference POMDP Agent_belief_trajectory_3d.png
2026-01-07 18:49:22,670 - execute - INFO - Copied Active Inference POMDP Agent_preferences_prior.png ‚Üí visualizations/visualizations_Active Inference POMDP Agent_preferences_prior.png
2026-01-07 18:49:22,670 - execute - INFO - Copied visualizations_Active Inference POMDP Agent_belief_evolution.png ‚Üí visualizations/visualizations_Active Inference POMDP Agent_belief_evolution_7.png
2026-01-07 18:49:22,671 - execute - INFO - Copied Active Inference POMDP Agent_dashboard.png ‚Üí visualizations/visualizations_Active Inference POMDP Agent_dashboard.png
2026-01-07 18:49:22,672 - execute - INFO - Collected 106 output files: 106 visualizations, 0 data files, 0 traces
2026-01-07 18:49:22,672 - execute - INFO - Extracting simulation data from collected files for activeinference_jl
2026-01-07 18:49:22,673 - execute - INFO - Generated execution report: /var/folders/vc/rgmbpjpj0dbg61vr54xjskc80000gn/T/tmp4rsrauxb/output/execution_report.md
2026-01-07 18:49:22,673 - execute - WARNING - ‚ö†Ô∏è Execute processing completed with 1/5 failures (partial success)
------------------------------ Captured log call -------------------------------
INFO     execute:step_logging.py:19 üöÄ Processing execute - searching for rendered implementations
INFO     execute:processor.py:166 Requested frameworks: ['pymdp', 'jax', 'discopy', 'rxinfer', 'activeinference_jl']
INFO     execute:processor.py:216 Found render output directory: output/11_render_output
INFO     execute:processor.py:220 Searching for executable scripts in: output/11_render_output
INFO     execute:processor.py:350 Found python script: actinf_pomdp_agent/jax/Active Inference POMDP Agent_jax.py
INFO     execute:processor.py:350 Found python script: actinf_pomdp_agent/discopy/Active Inference POMDP Agent_discopy.py
INFO     execute:processor.py:350 Found python script: actinf_pomdp_agent/pymdp_gen/Active Inference POMDP Agent_pymdp.py
INFO     execute:processor.py:350 Found julia script: actinf_pomdp_agent/rxinfer/Active Inference POMDP Agent_rxinfer.jl
INFO     execute:processor.py:350 Found julia script: actinf_pomdp_agent/activeinference_jl/Active Inference POMDP Agent_activeinference.jl
INFO     execute:processor.py:237 Found 5 executable scripts to run
INFO     execute:processor.py:399 Executing jax script: Active Inference POMDP Agent_jax.py
INFO     execute:processor.py:478 ‚úÖ Successfully executed Active Inference POMDP Agent_jax.py
INFO     execute:processor.py:480 Script output: ============================================================
JAX Active Inference Model: GNNModel
============================================================

‚úÖ Model parameters created
   A matrix s...
INFO     execute:processor.py:626 Collecting execution outputs for jax script Active Inference POMDP Agent_jax.py
INFO     execute:processor.py:645 Extracting simulation data from collected files for jax
INFO     execute:processor.py:399 Executing discopy script: Active Inference POMDP Agent_discopy.py
INFO     execute:processor.py:478 ‚úÖ Successfully executed Active Inference POMDP Agent_discopy.py
INFO     execute:processor.py:480 Script output: ‚úÖ DisCoPy is available
üî¨ DisCoPy Categorical Diagram Generation
üìä State Space: 3 states, 3 observations, 3 actions
============================================================
DisCoPy Categorical Diag...
INFO     execute:processor.py:626 Collecting execution outputs for discopy script Active Inference POMDP Agent_discopy.py
INFO     execute:processor.py:847 Found 5 output files to collect for discopy
INFO     execute:processor.py:907 Copied model_components.png ‚Üí visualizations/model_components.png
INFO     execute:processor.py:907 Copied generative_model.png ‚Üí visualizations/generative_model.png
INFO     execute:processor.py:907 Copied perception_action_loop.png ‚Üí visualizations/perception_action_loop.png
INFO     execute:processor.py:907 Copied circuit_analysis.json ‚Üí simulation_data/circuit_analysis.json
INFO     execute:processor.py:907 Copied circuit_info.json ‚Üí simulation_data/circuit_info.json
INFO     execute:processor.py:915 Collected 5 output files: 3 visualizations, 2 data files, 0 traces
INFO     execute:processor.py:645 Extracting simulation data from collected files for discopy
INFO     execute:processor.py:399 Executing pymdp script: Active Inference POMDP Agent_pymdp.py
WARNING  execute:processor.py:494 ‚ö†Ô∏è Script Active Inference POMDP Agent_pymdp.py failed with return code 1
WARNING  execute:processor.py:496 Error output: 2026-01-07 18:48:33,626 - mcp - INFO - Enhanced MCP server initialized (caching=True, rate_limiting=True, strict_validation=False)
2026-01-07 18:48:34,756 - root - WARNING - PyMDP not available - this is normal if not installed. To enable PyMDP simulations, install with: uv pip install inferactively-pymdp. Alternatively, use other frameworks: RxInfer.jl, ActiveInference.jl, or JAX. Continuing with fallback mode and informative output.
2026-01-07 18:48:34,760 - root - WARNING - PyMDP not availabl...
INFO     execute:processor.py:399 Executing rxinfer script: Active Inference POMDP Agent_rxinfer.jl
INFO     execute:processor.py:478 ‚úÖ Successfully executed Active Inference POMDP Agent_rxinfer.jl
INFO     execute:processor.py:480 Script output: üì¶ Ensuring required packages are installed...
A matrix size: (3, 3)
B matrix size: (3, 3, 1)
D vector size: (3,)
Observation sequence: [2, 3, 3, 2, 1, 1, 2, 1, 1, 1, 1, 1, 2, 2, 1, 2, 2, 2, 1, 3]
Obse...
INFO     execute:processor.py:626 Collecting execution outputs for rxinfer script Active Inference POMDP Agent_rxinfer.jl
INFO     execute:processor.py:847 Found 2 output files to collect for rxinfer
INFO     execute:processor.py:907 Copied rxinfer_results.png ‚Üí visualizations/rxinfer_results.png
INFO     execute:processor.py:907 Copied simulation_results.json ‚Üí simulation_data/simulation_results.json
INFO     execute:processor.py:915 Collected 2 output files: 1 visualizations, 1 data files, 0 traces
INFO     execute:processor.py:645 Extracting simulation data from collected files for rxinfer
INFO     execute:processor.py:399 Executing activeinference_jl script: Active Inference POMDP Agent_activeinference.jl
INFO     execute:processor.py:478 ‚úÖ Successfully executed Active Inference POMDP Agent_activeinference.jl
INFO     execute:processor.py:480 Script output: üì¶ Ensuring required packages are installed...
‚úÖ Package installation complete
======================================================================
ActiveInference.jl Script for GNN Model: Active Inf...
INFO     execute:processor.py:626 Collecting execution outputs for activeinference_jl script Active Inference POMDP Agent_activeinference.jl
INFO     execute:processor.py:847 Found 106 output files to collect for activeinference_jl
INFO     execute:processor.py:907 Copied Active Inference POMDP Agent_belief_evolution.png ‚Üí visualizations/visualizations_Active Inference POMDP Agent_belief_evolution.png
INFO     execute:processor.py:907 Copied Active Inference POMDP Agent_action_analysis.png ‚Üí visualizations/visualizations_Active Inference POMDP Agent_action_analysis.png
INFO     execute:processor.py:907 Copied Active Inference POMDP Agent_A_matrix.png ‚Üí visualizations/visualizations_Active Inference POMDP Agent_A_matrix.png
INFO     execute:processor.py:907 Copied Active Inference POMDP Agent_belief_trajectory_3d.png ‚Üí visualizations/visualizations_Active Inference POMDP Agent_belief_trajectory_3d.png
INFO     execute:processor.py:907 Copied Active Inference POMDP Agent_preferences_prior.png ‚Üí visualizations/visualizations_Active Inference POMDP Agent_preferences_prior.png
INFO     execute:processor.py:907 Copied Active Inference POMDP Agent_dashboard.png ‚Üí visualizations/visualizations_Active Inference POMDP Agent_dashboard.png
INFO     execute:processor.py:907 Copied Active Inference POMDP Agent_belief_evolution.png ‚Üí visualizations/visualizations_Active Inference POMDP Agent_belief_evolution.png
INFO     execute:processor.py:907 Copied Active Inference POMDP Agent_action_analysis.png ‚Üí visualizations/visualizations_Active Inference POMDP Agent_action_analysis.png
INFO     execute:processor.py:907 Copied Active Inference POMDP Agent_A_matrix.png ‚Üí visualizations/visualizations_Active Inference POMDP Agent_A_matrix.png
INFO     execute:processor.py:907 Copied Active Inference POMDP Agent_belief_trajectory_3d.png ‚Üí visualizations/visualizations_Active Inference POMDP Agent_belief_trajectory_3d.png
INFO     execute:processor.py:907 Copied Active Inference POMDP Agent_preferences_prior.png ‚Üí visualizations/visualizations_Active Inference POMDP Agent_preferences_prior.png
INFO     execute:processor.py:907 Copied Active Inference POMDP Agent_dashboard.png ‚Üí visualizations/visualizations_Active Inference POMDP Agent_dashboard.png
INFO     execute:processor.py:907 Copied Active Inference POMDP Agent_belief_evolution.png ‚Üí visualizations/visualizations_Active Inference POMDP Agent_belief_evolution.png
INFO     execute:processor.py:907 Copied Active Inference POMDP Agent_action_analysis.png ‚Üí visualizations/visualizations_Active Inference POMDP Agent_action_analysis.png
INFO     execute:processor.py:907 Copied Active Inference POMDP Agent_A_matrix.png ‚Üí visualizations/visualizations_Active Inference POMDP Agent_A_matrix.png
INFO     execute:processor.py:907 Copied Active Inference POMDP Agent_belief_trajectory_3d.png ‚Üí visualizations/visualizations_Active Inference POMDP Agent_belief_trajectory_3d.png
INFO     execute:processor.py:907 Copied Active Inference POMDP Agent_preferences_prior.png ‚Üí visualizations/visualizations_Active Inference POMDP Agent_preferences_prior.png
INFO     execute:processor.py:907 Copied Active Inference POMDP Agent_dashboard.png ‚Üí visualizations/visualizations_Active Inference POMDP Agent_dashboard.png
INFO     execute:processor.py:907 Copied Active Inference POMDP Agent_belief_evolution.png ‚Üí visualizations/visualizations_Active Inference POMDP Agent_belief_evolution.png
INFO     execute:processor.py:907 Copied Active Inference POMDP Agent_action_analysis.png ‚Üí visualizations/visualizations_Active Inference POMDP Agent_action_analysis.png
INFO     execute:processor.py:907 Copied Active Inference POMDP Agent_A_matrix.png ‚Üí visualizations/visualizations_Active Inference POMDP Agent_A_matrix.png
INFO     execute:processor.py:907 Copied Active Inference POMDP Agent_belief_trajectory_3d.png ‚Üí visualizations/visualizations_Active Inference POMDP Agent_belief_trajectory_3d.png
INFO     execute:processor.py:907 Copied Active Inference POMDP Agent_preferences_prior.png ‚Üí visualizations/visualizations_Active Inference POMDP Agent_preferences_prior.png
INFO     execute:processor.py:907 Copied Active Inference POMDP Agent_dashboard.png ‚Üí visualizations/visualizations_Active Inference POMDP Agent_dashboard.png
INFO     execute:processor.py:907 Copied Active Inference POMDP Agent_belief_evolution.png ‚Üí visualizations/visualizations_Active Inference POMDP Agent_belief_evolution.png
INFO     execute:processor.py:907 Copied Active Inference POMDP Agent_action_analysis.png ‚Üí visualizations/visualizations_Active Inference POMDP Agent_action_analysis.png
INFO     execute:processor.py:907 Copied Active Inference POMDP Agent_A_matrix.png ‚Üí visualizations/visualizations_Active Inference POMDP Agent_A_matrix.png
INFO     execute:processor.py:907 Copied Active Inference POMDP Agent_belief_trajectory_3d.png ‚Üí visualizations/visualizations_Active Inference POMDP Agent_belief_trajectory_3d.png
INFO     execute:processor.py:907 Copied Active Inference POMDP Agent_preferences_prior.png ‚Üí visualizations/visualizations_Active Inference POMDP Agent_preferences_prior.png
INFO     execute:processor.py:907 Copied Active Inference POMDP Agent_dashboard.png ‚Üí visualizations/visualizations_Active Inference POMDP Agent_dashboard.png
INFO     execute:processor.py:907 Copied Active Inference POMDP Agent_belief_evolution.png ‚Üí visualizations/visualizations_Active Inference POMDP Agent_belief_evolution.png
INFO     execute:processor.py:907 Copied Active Inference POMDP Agent_action_analysis.png ‚Üí visualizations/visualizations_Active Inference POMDP Agent_action_analysis.png
INFO     execute:processor.py:907 Copied Active Inference POMDP Agent_A_matrix.png ‚Üí visualizations/visualizations_Active Inference POMDP Agent_A_matrix.png
INFO     execute:processor.py:907 Copied Active Inference POMDP Agent_belief_trajectory_3d.png ‚Üí visualizations/visualizations_Active Inference POMDP Agent_belief_trajectory_3d.png
INFO     execute:processor.py:907 Copied Active Inference POMDP Agent_preferences_prior.png ‚Üí visualizations/visualizations_Active Inference POMDP Agent_preferences_prior.png
INFO     execute:processor.py:907 Copied Active Inference POMDP Agent_dashboard.png ‚Üí visualizations/visualizations_Active Inference POMDP Agent_dashboard.png
INFO     execute:processor.py:907 Copied Active Inference POMDP Agent_belief_evolution.png ‚Üí visualizations/visualizations_Active Inference POMDP Agent_belief_evolution.png
INFO     execute:processor.py:907 Copied Active Inference POMDP Agent_action_analysis.png ‚Üí visualizations/visualizations_Active Inference POMDP Agent_action_analysis.png
INFO     execute:processor.py:907 Copied Active Inference POMDP Agent_A_matrix.png ‚Üí visualizations/visualizations_Active Inference POMDP Agent_A_matrix.png
INFO     execute:processor.py:907 Copied Active Inference POMDP Agent_belief_trajectory_3d.png ‚Üí visualizations/visualizations_Active Inference POMDP Agent_belief_trajectory_3d.png
INFO     execute:processor.py:907 Copied Active Inference POMDP Agent_preferences_prior.png ‚Üí visualizations/visualizations_Active Inference POMDP Agent_preferences_prior.png
INFO     execute:processor.py:907 Copied Active Inference POMDP Agent_dashboard.png ‚Üí visualizations/visualizations_Active Inference POMDP Agent_dashboard.png
INFO     execute:processor.py:907 Copied Active Inference POMDP Agent_belief_evolution.png ‚Üí visualizations/visualizations_Active Inference POMDP Agent_belief_evolution.png
INFO     execute:processor.py:907 Copied Active Inference POMDP Agent_action_analysis.png ‚Üí visualizations/visualizations_Active Inference POMDP Agent_action_analysis.png
INFO     execute:processor.py:907 Copied Active Inference POMDP Agent_A_matrix.png ‚Üí visualizations/visualizations_Active Inference POMDP Agent_A_matrix.png
INFO     execute:processor.py:907 Copied Active Inference POMDP Agent_belief_trajectory_3d.png ‚Üí visualizations/visualizations_Active Inference POMDP Agent_belief_trajectory_3d.png
INFO     execute:processor.py:907 Copied Active Inference POMDP Agent_preferences_prior.png ‚Üí visualizations/visualizations_Active Inference POMDP Agent_preferences_prior.png
INFO     execute:processor.py:907 Copied Active Inference POMDP Agent_dashboard.png ‚Üí visualizations/visualizations_Active Inference POMDP Agent_dashboard.png
INFO     execute:processor.py:907 Copied Active Inference POMDP Agent_belief_evolution.png ‚Üí visualizations/visualizations_Active Inference POMDP Agent_belief_evolution.png
INFO     execute:processor.py:907 Copied Active Inference POMDP Agent_action_analysis.png ‚Üí visualizations/visualizations_Active Inference POMDP Agent_action_analysis.png
INFO     execute:processor.py:907 Copied Active Inference POMDP Agent_A_matrix.png ‚Üí visualizations/visualizations_Active Inference POMDP Agent_A_matrix.png
INFO     execute:processor.py:907 Copied Active Inference POMDP Agent_belief_trajectory_3d.png ‚Üí visualizations/visualizations_Active Inference POMDP Agent_belief_trajectory_3d.png
INFO     execute:processor.py:907 Copied Active Inference POMDP Agent_preferences_prior.png ‚Üí visualizations/visualizations_Active Inference POMDP Agent_preferences_prior.png
INFO     execute:processor.py:907 Copied Active Inference POMDP Agent_dashboard.png ‚Üí visualizations/visualizations_Active Inference POMDP Agent_dashboard.png
INFO     execute:processor.py:907 Copied visualizations_Active Inference POMDP Agent_A_matrix.png ‚Üí visualizations/visualizations_Active Inference POMDP Agent_A_matrix_5.png
INFO     execute:processor.py:907 Copied Active Inference POMDP Agent_belief_evolution.png ‚Üí visualizations/visualizations_Active Inference POMDP Agent_belief_evolution.png
INFO     execute:processor.py:907 Copied Active Inference POMDP Agent_action_analysis.png ‚Üí visualizations/visualizations_Active Inference POMDP Agent_action_analysis.png
INFO     execute:processor.py:907 Copied visualizations_Active Inference POMDP Agent_action_analysis.png ‚Üí visualizations/visualizations_Active Inference POMDP Agent_action_analysis_7.png
INFO     execute:processor.py:907 Copied Active Inference POMDP Agent_A_matrix.png ‚Üí visualizations/visualizations_Active Inference POMDP Agent_A_matrix.png
INFO     execute:processor.py:907 Copied visualizations_Active Inference POMDP Agent_belief_trajectory_3d.png ‚Üí visualizations/visualizations_Active Inference POMDP Agent_belief_trajectory_3d_5.png
INFO     execute:processor.py:907 Copied visualizations_Active Inference POMDP Agent_dashboard.png ‚Üí visualizations/visualizations_Active Inference POMDP Agent_dashboard_5.png
INFO     execute:processor.py:907 Copied visualizations_Active Inference POMDP Agent_preferences_prior.png ‚Üí visualizations/visualizations_Active Inference POMDP Agent_preferences_prior_5.png
INFO     execute:processor.py:907 Copied Active Inference POMDP Agent_belief_trajectory_3d.png ‚Üí visualizations/visualizations_Active Inference POMDP Agent_belief_trajectory_3d.png
INFO     execute:processor.py:907 Copied Active Inference POMDP Agent_preferences_prior.png ‚Üí visualizations/visualizations_Active Inference POMDP Agent_preferences_prior.png
INFO     execute:processor.py:907 Copied visualizations_Active Inference POMDP Agent_belief_evolution.png ‚Üí visualizations/visualizations_Active Inference POMDP Agent_belief_evolution_7.png
INFO     execute:processor.py:907 Copied Active Inference POMDP Agent_dashboard.png ‚Üí visualizations/visualizations_Active Inference POMDP Agent_dashboard.png
INFO     execute:processor.py:915 Collected 106 output files: 106 visualizations, 0 data files, 0 traces
INFO     execute:processor.py:645 Extracting simulation data from collected files for activeinference_jl
INFO     execute:processor.py:1344 Generated execution report: /var/folders/vc/rgmbpjpj0dbg61vr54xjskc80000gn/T/tmp4rsrauxb/output/execution_report.md
WARNING  execute:step_logging.py:29 ‚ö†Ô∏è Execute processing completed with 1/5 failures (partial success)
_______________ TestPyMDPSimulation.test_visualization_creation ________________
src/tests/test_execute_pymdp_simulation.py:194: in test_visualization_creation
    self.assertTrue(viz_success)
E   AssertionError: False is not true
----------------------------- Captured stdout call -----------------------------
Visualization error: Invalid shape (4, 1, 10) for image data
----------------------------- Captured stderr call -----------------------------
2026-01-07 18:49:23,086 - execute.pymdp.pymdp_simulation - INFO - Initialized from GNN config: 4 states, 4 actions, 2 observations
2026-01-07 18:49:23,087 - execute.pymdp.pymdp_simulation - INFO - Created PyMDP model: 4S, 4A, 2O
2026-01-07 18:49:23,087 - execute.pymdp.pymdp_simulation - INFO - Starting PyMDP simulation: GNN_POMDP
2026-01-07 18:49:23,087 - execute.pymdp.pymdp_simulation - INFO - Timestep 0: state=0, obs=0, action=2
2026-01-07 18:49:23,087 - execute.pymdp.pymdp_simulation - INFO - Timestep 5: state=0, obs=0, action=2
2026-01-07 18:49:23,087 - execute.pymdp.pymdp_simulation - INFO - Simulation completed in 0.00 seconds
------------------------------ Captured log call -------------------------------
INFO     execute.pymdp.pymdp_simulation:pymdp_simulation.py:243 Initialized from GNN config: 4 states, 4 actions, 2 observations
INFO     execute.pymdp.pymdp_simulation:pymdp_simulation.py:582 Created PyMDP model: 4S, 4A, 2O
INFO     execute.pymdp.pymdp_simulation:pymdp_simulation.py:714 Starting PyMDP simulation: GNN_POMDP
INFO     execute.pymdp.pymdp_simulation:pymdp_simulation.py:754 Timestep 0: state=0, obs=0, action=2
INFO     execute.pymdp.pymdp_simulation:pymdp_simulation.py:754 Timestep 5: state=0, obs=0, action=2
INFO     execute.pymdp.pymdp_simulation:pymdp_simulation.py:782 Simulation completed in 0.00 seconds
_____________ TestIntegrationOverall.test_process_integration_flow _____________
src/tests/test_integration_overall.py:37: in test_process_integration_flow
    assert results_file.exists()
E   AssertionError: assert False
E    +  where False = exists()
E    +    where exists = PosixPath('/var/folders/vc/rgmbpjpj0dbg61vr54xjskc80000gn/T/tmpenw3znih/integration_output/integration_results/integration_results.json').exists
----------------------------- Captured stderr call -----------------------------
2026-01-07 18:49:24,595 - integration - INFO - üöÄ Processing integration
2026-01-07 18:49:24,596 - integration - INFO - ‚úÖ integration processing completed successfully
------------------------------ Captured log call -------------------------------
INFO     integration:pipeline_template.py:47 üöÄ Processing integration
INFO     integration:pipeline_template.py:48 ‚úÖ integration processing completed successfully
=============================== warnings summary ===============================
src/tests/test_execute_pymdp_integration_module.py::test_gnn_parsing
  /opt/homebrew/lib/python3.13/site-packages/_pytest/python.py:161: PytestReturnNotNoneWarning: Test functions should return None, but src/tests/test_execute_pymdp_integration_module.py::test_gnn_parsing returned <class 'bool'>.
  Did you mean to use `assert` instead of `return`?
  See https://docs.pytest.org/en/stable/how-to/assert.html#return-not-none for more information.
    warnings.warn(

src/tests/test_execute_pymdp_integration_module.py::test_pymdp_renderer
  /opt/homebrew/lib/python3.13/site-packages/_pytest/python.py:161: PytestReturnNotNoneWarning: Test functions should return None, but src/tests/test_execute_pymdp_integration_module.py::test_pymdp_renderer returned <class 'bool'>.
  Did you mean to use `assert` instead of `return`?
  See https://docs.pytest.org/en/stable/how-to/assert.html#return-not-none for more information.
    warnings.warn(

src/tests/test_execute_pymdp_integration_module.py::test_pymdp_simulation
  /opt/homebrew/lib/python3.13/site-packages/_pytest/python.py:161: PytestReturnNotNoneWarning: Test functions should return None, but src/tests/test_execute_pymdp_integration_module.py::test_pymdp_simulation returned <class 'bool'>.
  Did you mean to use `assert` instead of `return`?
  See https://docs.pytest.org/en/stable/how-to/assert.html#return-not-none for more information.
    warnings.warn(

src/tests/test_execute_pymdp_integration_module.py::test_full_integration
  /opt/homebrew/lib/python3.13/site-packages/_pytest/python.py:161: PytestReturnNotNoneWarning: Test functions should return None, but src/tests/test_execute_pymdp_integration_module.py::test_full_integration returned <class 'bool'>.
  Did you mean to use `assert` instead of `return`?
  See https://docs.pytest.org/en/stable/how-to/assert.html#return-not-none for more information.
    warnings.warn(

src/tests/test_execute_pymdp_utils.py::test_numpy_serialization
  /opt/homebrew/lib/python3.13/site-packages/_pytest/python.py:161: PytestReturnNotNoneWarning: Test functions should return None, but src/tests/test_execute_pymdp_utils.py::test_numpy_serialization returned <class 'bool'>.
  Did you mean to use `assert` instead of `return`?
  See https://docs.pytest.org/en/stable/how-to/assert.html#return-not-none for more information.
    warnings.warn(

src/tests/test_execute_pymdp_utils.py::test_gnn_parsing
  /opt/homebrew/lib/python3.13/site-packages/_pytest/python.py:161: PytestReturnNotNoneWarning: Test functions should return None, but src/tests/test_execute_pymdp_utils.py::test_gnn_parsing returned <class 'bool'>.
  Did you mean to use `assert` instead of `return`?
  See https://docs.pytest.org/en/stable/how-to/assert.html#return-not-none for more information.
    warnings.warn(

src/tests/test_execute_pymdp_utils.py::test_integration
  /opt/homebrew/lib/python3.13/site-packages/_pytest/python.py:161: PytestReturnNotNoneWarning: Test functions should return None, but src/tests/test_execute_pymdp_utils.py::test_integration returned <class 'bool'>.
  Did you mean to use `assert` instead of `return`?
  See https://docs.pytest.org/en/stable/how-to/assert.html#return-not-none for more information.
    warnings.warn(

src/tests/test_execute_pymdp_visualization_module.py::test_visualizer
  /opt/homebrew/lib/python3.13/site-packages/_pytest/python.py:161: PytestReturnNotNoneWarning: Test functions should return None, but src/tests/test_execute_pymdp_visualization_module.py::test_visualizer returned <class 'pathlib._local.PosixPath'>.
  Did you mean to use `assert` instead of `return`?
  See https://docs.pytest.org/en/stable/how-to/assert.html#return-not-none for more information.
    warnings.warn(

src/tests/test_execute_pymdp_visualization_module.py::test_pipeline_integration
  /opt/homebrew/lib/python3.13/site-packages/_pytest/python.py:161: PytestReturnNotNoneWarning: Test functions should return None, but src/tests/test_execute_pymdp_visualization_module.py::test_pipeline_integration returned <class 'bool'>.
  Did you mean to use `assert` instead of `return`?
  See https://docs.pytest.org/en/stable/how-to/assert.html#return-not-none for more information.
    warnings.warn(

src/tests/test_execute_pymdp_visualizer.py::test_visualizer_creation
  /opt/homebrew/lib/python3.13/site-packages/_pytest/python.py:161: PytestReturnNotNoneWarning: Test functions should return None, but src/tests/test_execute_pymdp_visualizer.py::test_visualizer_creation returned <class 'bool'>.
  Did you mean to use `assert` instead of `return`?
  See https://docs.pytest.org/en/stable/how-to/assert.html#return-not-none for more information.
    warnings.warn(

src/tests/test_execute_pymdp_visualizer.py::test_discrete_state_visualization
  /opt/homebrew/lib/python3.13/site-packages/_pytest/python.py:161: PytestReturnNotNoneWarning: Test functions should return None, but src/tests/test_execute_pymdp_visualizer.py::test_discrete_state_visualization returned <class 'bool'>.
  Did you mean to use `assert` instead of `return`?
  See https://docs.pytest.org/en/stable/how-to/assert.html#return-not-none for more information.
    warnings.warn(

src/tests/test_execute_pymdp_visualizer.py::test_belief_visualization
  /opt/homebrew/lib/python3.13/site-packages/_pytest/python.py:161: PytestReturnNotNoneWarning: Test functions should return None, but src/tests/test_execute_pymdp_visualizer.py::test_belief_visualization returned <class 'bool'>.
  Did you mean to use `assert` instead of `return`?
  See https://docs.pytest.org/en/stable/how-to/assert.html#return-not-none for more information.
    warnings.warn(

src/tests/test_execute_pymdp_visualizer.py::test_performance_metrics
  /opt/homebrew/lib/python3.13/site-packages/_pytest/python.py:161: PytestReturnNotNoneWarning: Test functions should return None, but src/tests/test_execute_pymdp_visualizer.py::test_performance_metrics returned <class 'bool'>.
  Did you mean to use `assert` instead of `return`?
  See https://docs.pytest.org/en/stable/how-to/assert.html#return-not-none for more information.
    warnings.warn(

src/tests/test_execute_pymdp_visualizer.py::test_action_visualization
  /opt/homebrew/lib/python3.13/site-packages/_pytest/python.py:161: PytestReturnNotNoneWarning: Test functions should return None, but src/tests/test_execute_pymdp_visualizer.py::test_action_visualization returned <class 'bool'>.
  Did you mean to use `assert` instead of `return`?
  See https://docs.pytest.org/en/stable/how-to/assert.html#return-not-none for more information.
    warnings.warn(

src/tests/test_execute_pymdp_visualizer.py::test_observation_visualization
  /opt/homebrew/lib/python3.13/site-packages/_pytest/python.py:161: PytestReturnNotNoneWarning: Test functions should return None, but src/tests/test_execute_pymdp_visualizer.py::test_observation_visualization returned <class 'bool'>.
  Did you mean to use `assert` instead of `return`?
  See https://docs.pytest.org/en/stable/how-to/assert.html#return-not-none for more information.
    warnings.warn(

src/tests/test_execute_pymdp_visualizer.py::test_episode_summary
  /opt/homebrew/lib/python3.13/site-packages/_pytest/python.py:161: PytestReturnNotNoneWarning: Test functions should return None, but src/tests/test_execute_pymdp_visualizer.py::test_episode_summary returned <class 'bool'>.
  Did you mean to use `assert` instead of `return`?
  See https://docs.pytest.org/en/stable/how-to/assert.html#return-not-none for more information.
    warnings.warn(

src/tests/test_execute_pymdp_visualizer.py::test_comprehensive_visualization
  /opt/homebrew/lib/python3.13/site-packages/_pytest/python.py:161: PytestReturnNotNoneWarning: Test functions should return None, but src/tests/test_execute_pymdp_visualizer.py::test_comprehensive_visualization returned <class 'bool'>.
  Did you mean to use `assert` instead of `return`?
  See https://docs.pytest.org/en/stable/how-to/assert.html#return-not-none for more information.
    warnings.warn(

-- Docs: https://docs.pytest.org/en/stable/how-to/capture-warnings.html
============================= slowest 10 durations =============================
51.06s call     src/tests/test_execute_overall.py::TestExecuteOverall::test_process_execution_flow
1.84s call     src/tests/test_core_modules.py::TestLLMModuleComprehensive::test_llm_model_analysis
0.44s call     src/tests/test_environment_overall.py::TestEnvironmentModuleComprehensive::test_environment_validation
0.38s call     src/tests/test_analysis_overall.py::TestPostSimulationVisualization::test_generate_free_energy_plots
0.30s call     src/tests/test_execute_pymdp_package.py::TestPyMDPPackageDetection::test_attempt_pymdp_auto_install
0.30s call     src/tests/test_analysis_overall.py::TestPostSimulationVisualization::test_generate_belief_heatmaps
0.30s call     src/tests/test_execute_pymdp_visualizer.py::test_episode_summary
0.29s call     src/tests/test_environment_overall.py::TestEnvironmentIntegration::test_environment_pipeline_integration
0.25s call     src/tests/test_analysis_overall.py::TestPostSimulationVisualization::test_generate_action_analysis
0.25s call     src/tests/test_execute_pymdp_visualizer.py::test_belief_visualization
=========================== short test summary info ============================
SKIPPED [1] src/tests/test_advanced_visualization_overall.py:480: MCP integration not available
SKIPPED [1] src/tests/test_execute_pymdp_integration.py:45: PyMDP (inferactively-pymdp) not installed
SKIPPED [1] src/tests/test_execute_pymdp_integration.py:54: PyMDP (inferactively-pymdp) not installed
SKIPPED [1] src/tests/test_execute_pymdp_integration.py:93: PyMDP (inferactively-pymdp) not installed
SKIPPED [1] src/tests/test_execute_pymdp_integration.py:123: PyMDP (inferactively-pymdp) not installed
SKIPPED [1] src/tests/test_execute_pymdp_integration.py:132: PyMDP (inferactively-pymdp) not installed
SKIPPED [1] src/tests/test_execute_pymdp_integration.py:137: PyMDP (inferactively-pymdp) not installed
SKIPPED [1] src/tests/test_execute_pymdp_integration.py:176: PyMDP (inferactively-pymdp) not installed
SKIPPED [1] src/tests/test_execute_pymdp_integration.py:185: PyMDP (inferactively-pymdp) not installed
SKIPPED [1] src/tests/test_execute_pymdp_integration.py:218: PyMDP (inferactively-pymdp) not installed
SKIPPED [1] src/tests/test_gnn_integration.py:30: GNN module not available
SKIPPED [1] src/tests/test_gnn_overall.py:94: GNN reporting not available
SKIPPED [1] src/tests/test_gnn_overall.py:117: GNN reporting not available
SKIPPED [1] src/tests/test_gnn_parsing.py:69: GNN discovery not available
SKIPPED [1] src/tests/test_gnn_parsing.py:101: GNN discovery not available
SKIPPED [1] src/tests/test_gnn_validation.py:57: GNN validation not available
SKIPPED [1] src/tests/test_gnn_validation.py:80: GNN validation not available
FAILED src/tests/test_analysis_overall.py::TestAnalysisOverall::test_process_analysis_flow
FAILED src/tests/test_audio_overall.py::TestAudioProcessing::test_audio_generation
FAILED src/tests/test_execute_overall.py::TestExecuteOverall::test_process_execution_flow
FAILED src/tests/test_execute_pymdp_simulation.py::TestPyMDPSimulation::test_visualization_creation
FAILED src/tests/test_integration_overall.py::TestIntegrationOverall::test_process_integration_flow
!!!!!!!!!!!!!!!!!!!!!!!!!! stopping after 5 failures !!!!!!!!!!!!!!!!!!!!!!!!!!!
5 failed, 307 passed, 17 skipped, 25 deselected, 17 warnings in 57.76s


STDERR:
