============================= test session starts ==============================
platform darwin -- Python 3.13.5, pytest-8.4.1, pluggy-1.6.0 -- /Users/4d/Documents/GitHub/GeneralizedNotationNotation/.venv/bin/python
cachedir: .pytest_cache
rootdir: /Users/4d/Documents/GitHub/GeneralizedNotationNotation
configfile: pytest.ini
plugins: anyio-4.9.0, asyncio-1.1.0, cov-6.2.1
asyncio: mode=Mode.STRICT, asyncio_default_fixture_loop_scope=None, asyncio_default_test_loop_scope=function
collecting ... collected 500 items / 332 deselected / 168 selected

src/tests/test_core_modules.py::TestGNNModuleComprehensive::test_gnn_module_imports PASSED [  0%]
src/tests/test_core_modules.py::TestGNNModuleComprehensive::test_gnn_file_discovery PASSED [  1%]
src/tests/test_core_modules.py::TestGNNModuleComprehensive::test_gnn_file_parsing PASSED [  1%]
src/tests/test_core_modules.py::TestGNNModuleComprehensive::test_gnn_validation PASSED [  2%]
src/tests/test_core_modules.py::TestGNNModuleComprehensive::test_gnn_directory_processing PASSED [  2%]
src/tests/test_core_modules.py::TestRenderModuleComprehensive::test_render_module_imports PASSED [  3%]
src/tests/test_core_modules.py::TestRenderModuleComprehensive::test_pymdp_rendering PASSED [  4%]
src/tests/test_core_modules.py::TestRenderModuleComprehensive::test_rxinfer_rendering PASSED [  4%]
src/tests/test_core_modules.py::TestRenderModuleComprehensive::test_discopy_rendering PASSED [  5%]
src/tests/test_core_modules.py::TestExecuteModuleComprehensive::test_execute_module_imports PASSED [  5%]
src/tests/test_core_modules.py::TestExecuteModuleComprehensive::test_execution_environment_validation PASSED [  6%]
src/tests/test_core_modules.py::TestExecuteModuleComprehensive::test_safe_script_execution PASSED [  7%]
src/tests/test_core_modules.py::TestLLMModuleComprehensive::test_llm_module_imports PASSED [  7%]
src/tests/test_core_modules.py::TestLLMModuleComprehensive::test_llm_model_analysis PASSED [  8%]
src/tests/test_core_modules.py::TestLLMModuleComprehensive::test_llm_description_generation PASSED [  8%]
src/tests/test_core_modules.py::TestMCPModuleComprehensive::test_mcp_module_imports PASSED [  9%]
src/tests/test_core_modules.py::TestMCPModuleComprehensive::test_mcp_tool_registration PASSED [ 10%]
src/tests/test_core_modules.py::TestMCPModuleComprehensive::test_mcp_request_handling PASSED [ 10%]
src/tests/test_core_modules.py::TestOntologyModuleComprehensive::test_ontology_module_imports PASSED [ 11%]
src/tests/test_core_modules.py::TestOntologyModuleComprehensive::test_ontology_term_validation PASSED [ 11%]
src/tests/test_core_modules.py::TestWebsiteModuleComprehensive::test_website_module_imports PASSED [ 12%]
src/tests/test_core_modules.py::TestWebsiteModuleComprehensive::test_website_generation PASSED [ 13%]
src/tests/test_core_modules.py::TestWebsiteModuleComprehensive::test_html_report_creation PASSED [ 13%]
src/tests/test_core_modules.py::TestSAPFModuleComprehensive::test_sapf_module_imports FAILED [ 14%]
src/tests/test_core_modules.py::TestSAPFModuleComprehensive::test_gnn_to_sapf_conversion FAILED [ 14%]
src/tests/test_core_modules.py::TestSAPFModuleComprehensive::test_sapf_audio_generation FAILED [ 15%]
src/tests/test_core_modules.py::TestCoreModuleIntegration::test_module_coordination PASSED [ 16%]
src/tests/test_core_modules.py::TestCoreModuleIntegration::test_module_data_flow PASSED [ 16%]
src/tests/test_core_modules.py::test_core_module_completeness PASSED     [ 17%]
src/tests/test_core_modules.py::test_core_module_performance PASSED      [ 17%]
src/tests/test_environment.py::TestPythonEnvironment::test_python_version_compatibility PASSED [ 18%]
src/tests/test_environment.py::TestPythonEnvironment::test_python_path_configuration PASSED [ 19%]
src/tests/test_environment.py::TestPythonEnvironment::test_project_structure_validation PASSED [ 19%]
src/tests/test_environment.py::TestDependencyAvailability::test_core_python_modules PASSED [ 20%]
src/tests/test_environment.py::TestDependencyAvailability::test_testing_dependencies PASSED [ 20%]
src/tests/test_environment.py::TestDependencyAvailability::test_optional_dependencies_graceful_degradation PASSED [ 21%]
src/tests/test_environment.py::TestProjectConfiguration::test_requirements_file_validity PASSED [ 22%]
src/tests/test_environment.py::TestProjectConfiguration::test_pipeline_scripts_discovery PASSED [ 22%]
src/tests/test_environment.py::TestProjectConfiguration::test_utility_modules_availability PASSED [ 23%]
src/tests/test_environment.py::TestSystemResources::test_disk_space_availability PASSED [ 23%]
src/tests/test_environment.py::TestSystemResources::test_memory_availability PASSED [ 24%]
src/tests/test_environment.py::TestSystemResources::test_temporary_directory_access PASSED [ 25%]
src/tests/test_environment.py::TestEnvironmentVariables::test_test_mode_environment_variables FAILED [ 25%]
src/tests/test_environment.py::TestEnvironmentVariables::test_python_path_environment PASSED [ 26%]
src/tests/test_environment.py::TestEnvironmentVariables::test_test_configuration_environment PASSED [ 26%]
src/tests/test_environment.py::TestImportCapabilities::test_main_module_import PASSED [ 27%]
src/tests/test_environment.py::TestImportCapabilities::test_pipeline_step_imports PASSED [ 27%]
src/tests/test_environment.py::TestImportCapabilities::test_test_module_imports PASSED [ 28%]
src/tests/test_environment.py::TestEnvironmentIntegration::test_logging_system_integration PASSED [ 29%]
src/tests/test_environment.py::TestEnvironmentIntegration::test_path_resolution_integration PASSED [ 29%]
src/tests/test_environment.py::TestEnvironmentIntegration::test_test_environment_validation_integration PASSED [ 30%]
src/tests/test_environment.py::test_requirements_parsing PASSED          [ 30%]
src/tests/test_environment.py::test_subprocess_execution_capability PASSED [ 31%]
src/tests/test_export.py::test_export_to_json_gnn FAILED                 [ 32%]

=================================== FAILURES ===================================
_____________ TestSAPFModuleComprehensive.test_sapf_module_imports _____________
src/tests/test_core_modules.py:578: in test_sapf_module_imports
    from sapf import (
E   ImportError: cannot import name 'convert_gnn_to_sapf' from 'sapf' (unknown location)

During handling of the above exception, another exception occurred:
src/tests/test_core_modules.py:593: in test_sapf_module_imports
    pytest.fail(f"Failed to import SAPF module: {e}")
E   Failed: Failed to import SAPF module: cannot import name 'convert_gnn_to_sapf' from 'sapf' (unknown location)
___________ TestSAPFModuleComprehensive.test_gnn_to_sapf_conversion ____________
src/tests/test_core_modules.py:599: in test_gnn_to_sapf_conversion
    from sapf import convert_gnn_to_sapf
E   ImportError: cannot import name 'convert_gnn_to_sapf' from 'sapf' (unknown location)
____________ TestSAPFModuleComprehensive.test_sapf_audio_generation ____________
src/tests/test_core_modules.py:616: in test_sapf_audio_generation
    from sapf import generate_sapf_audio
E   ImportError: cannot import name 'generate_sapf_audio' from 'sapf' (unknown location)
________ TestEnvironmentVariables.test_test_mode_environment_variables _________
src/tests/test_environment.py:389: in test_test_mode_environment_variables
    assert test_mode == "true", f"GNN_TEST_MODE should be 'true', got '{test_mode}'"
E   AssertionError: GNN_TEST_MODE should be 'true', got 'None'
E   assert None == 'true'
___________________________ test_export_to_json_gnn ____________________________
src/tests/test_export.py:57: in test_export_to_json_gnn
    success, message = export_to_json_gnn(valid_gnn_dict, str(output_file))
    ^^^^^^^^^^^^^^^^
E   TypeError: cannot unpack non-iterable NoneType object
------------------------------ Captured log setup ------------------------------
DEBUG    export.format_exporters:format_exporters.py:95 Parsed matrix string (original: '{1,2,3}') to (processed for eval: '[1,2,3]'): [1, 2, 3]
----------------------------- Captured stdout call -----------------------------
2025-07-25 16:14:46,984 [336d541e:utils] export.format_exporters - INFO - Exporting GNN model to JSON: /private/var/folders/vc/rgmbpjpj0dbg61vr54xjskc80000gn/T/pytest-of-4d/pytest-25/test_export_to_json_gnn0/output.json
------------------------------ Captured log call -------------------------------
INFO     export.format_exporters:format_exporters.py:211 Exporting GNN model to JSON: /private/var/folders/vc/rgmbpjpj0dbg61vr54xjskc80000gn/T/pytest-of-4d/pytest-25/test_export_to_json_gnn0/output.json
DEBUG    export.format_exporters:format_exporters.py:215 Successfully exported GNN model to JSON: /private/var/folders/vc/rgmbpjpj0dbg61vr54xjskc80000gn/T/pytest-of-4d/pytest-25/test_export_to_json_gnn0/output.json
============================= slowest 10 durations =============================
1.26s call     src/tests/test_environment.py::TestDependencyAvailability::test_optional_dependencies_graceful_degradation
0.01s call     src/tests/test_core_modules.py::TestGNNModuleComprehensive::test_gnn_file_parsing
0.01s setup    src/tests/test_export.py::test_export_to_json_gnn

(7 durations < 0.005s hidden.  Use -vv to show these durations.)
=========================== short test summary info ============================
FAILED src/tests/test_core_modules.py::TestSAPFModuleComprehensive::test_sapf_module_imports
FAILED src/tests/test_core_modules.py::TestSAPFModuleComprehensive::test_gnn_to_sapf_conversion
FAILED src/tests/test_core_modules.py::TestSAPFModuleComprehensive::test_sapf_audio_generation
FAILED src/tests/test_environment.py::TestEnvironmentVariables::test_test_mode_environment_variables
FAILED src/tests/test_export.py::test_export_to_json_gnn - TypeError: cannot ...
!!!!!!!!!!!!!!!!!!!!!!!!!! stopping after 5 failures !!!!!!!!!!!!!!!!!!!!!!!!!!!
================= 5 failed, 49 passed, 332 deselected in 3.14s =================
