============================= test session starts ==============================
collecting ... collected 136 items

src/tests/test_pipeline_functionality.py::TestPipelineFunctionality::test_visualization_generates_images PASSED
src/tests/test_pipeline_functionality.py::TestPipelineFunctionality::test_gnn_processing_generates_results PASSED
src/tests/test_pipeline_functionality.py::TestPipelineFunctionality::test_multi_format_export_generates_files PASSED
src/tests/test_pipeline_functionality.py::TestPipelineFunctionality::test_results_json_are_valid PASSED
src/tests/test_pipeline_functionality.py::TestPipelineFunctionality::test_preflight_metrics PASSED
src/tests/test_pipeline_infrastructure.py::TestPipelineDiscovery::test_discovery_imports PASSED
src/tests/test_pipeline_infrastructure.py::TestPipelineDiscovery::test_get_pipeline_scripts PASSED
src/tests/test_pipeline_infrastructure.py::TestPipelineDiscovery::test_discover_steps PASSED
src/tests/test_pipeline_infrastructure.py::TestPipelineStepTemplate::test_step_template_imports SKIPPED
src/tests/test_pipeline_infrastructure.py::TestPipelineStepTemplate::test_pipeline_step_class SKIPPED
src/tests/test_pipeline_infrastructure.py::TestPipelineStepTemplate::test_create_step_template SKIPPED
src/tests/test_pipeline_infrastructure.py::TestPipelineValidation::test_validation_imports SKIPPED
src/tests/test_pipeline_infrastructure.py::TestPipelineValidation::test_validate_pipeline SKIPPED
src/tests/test_pipeline_infrastructure.py::TestPipelineValidation::test_check_step_dependencies SKIPPED
src/tests/test_pipeline_infrastructure.py::TestVerifyPipeline::test_verify_imports PASSED
src/tests/test_pipeline_infrastructure.py::TestVerifyPipeline::test_verify_pipeline_integrity SKIPPED
src/tests/test_pipeline_infrastructure.py::TestVerifyPipeline::test_check_pipeline_health SKIPPED
src/tests/test_pipeline_infrastructure.py::TestUtilsMigrationHelper::test_migration_imports PASSED
src/tests/test_pipeline_infrastructure.py::TestUtilsMigrationHelper::test_migrate_pipeline SKIPPED
src/tests/test_pipeline_infrastructure.py::TestUtilsMigrationHelper::test_upgrade_scripts SKIPPED
src/tests/test_pipeline_infrastructure.py::TestUtilsPipelineMonitor::test_monitor_imports PASSED
src/tests/test_pipeline_infrastructure.py::TestUtilsPipelineMonitor::test_pipeline_monitor_class PASSED
src/tests/test_pipeline_infrastructure.py::TestUtilsPipelineMonitor::test_monitor_execution SKIPPED
src/tests/test_pipeline_infrastructure.py::TestUtilsResourceManager::test_resource_manager_imports PASSED
src/tests/test_pipeline_infrastructure.py::TestUtilsResourceManager::test_resource_manager_class SKIPPED
src/tests/test_pipeline_infrastructure.py::TestUtilsResourceManager::test_monitor_resources SKIPPED
src/tests/test_pipeline_infrastructure.py::TestUtilsScriptValidator::test_script_validator_imports PASSED
src/tests/test_pipeline_infrastructure.py::TestUtilsScriptValidator::test_script_validator_class SKIPPED
src/tests/test_pipeline_infrastructure.py::TestUtilsScriptValidator::test_validate_script SKIPPED
src/tests/test_pipeline_infrastructure.py::TestPipelineInfrastructureIntegration::test_discovery_and_validation_integration SKIPPED
src/tests/test_pipeline_infrastructure.py::TestPipelineInfrastructureIntegration::test_monitoring_and_resource_management_integration SKIPPED
src/tests/test_pipeline_infrastructure.py::test_pipeline_infrastructure_performance SKIPPED
src/tests/test_pipeline_infrastructure.py::test_pipeline_infrastructure_completeness PASSED
src/tests/test_pipeline_overall.py::TestPipelineModuleComprehensive::test_pipeline_module_imports PASSED
src/tests/test_pipeline_overall.py::TestPipelineModuleComprehensive::test_pipeline_orchestrator_instantiation PASSED
src/tests/test_pipeline_overall.py::TestPipelineModuleComprehensive::test_pipeline_step_instantiation PASSED
src/tests/test_pipeline_overall.py::TestPipelineModuleComprehensive::test_pipeline_module_info PASSED
src/tests/test_pipeline_overall.py::TestPipelineModuleComprehensive::test_pipeline_config PASSED
src/tests/test_pipeline_overall.py::TestPipelineFunctionality::test_pipeline_execution PASSED
src/tests/test_pipeline_overall.py::TestPipelineFunctionality::test_pipeline_step_validation PASSED
src/tests/test_pipeline_overall.py::TestPipelineFunctionality::test_pipeline_discovery PASSED
src/tests/test_pipeline_overall.py::TestPipelineIntegration::test_pipeline_module_integration PASSED
src/tests/test_pipeline_overall.py::TestPipelineIntegration::test_pipeline_mcp_integration PASSED
src/tests/test_pipeline_overall.py::test_pipeline_module_completeness PASSED
src/tests/test_pipeline_overall.py::test_pipeline_module_performance PASSED
src/tests/test_pipeline_performance.py::TestGNNProcessingPerformance::test_processing_scaling[small] PASSED
src/tests/test_pipeline_performance.py::TestGNNProcessingPerformance::test_processing_scaling[medium] PASSED
src/tests/test_pipeline_performance.py::TestGNNProcessingPerformance::test_processing_scaling[large] PASSED
src/tests/test_pipeline_performance.py::TestGNNProcessingPerformance::test_parallel_processing PASSED
src/tests/test_pipeline_performance.py::TestVisualizationPerformance::test_visualization_scaling[small] PASSED
src/tests/test_pipeline_performance.py::TestVisualizationPerformance::test_visualization_scaling[medium] PASSED
src/tests/test_pipeline_performance.py::TestVisualizationPerformance::test_visualization_scaling[large] PASSED
src/tests/test_pipeline_performance.py::TestVisualizationPerformance::test_visualization_caching PASSED
src/tests/test_pipeline_performance.py::TestMemoryUsagePatterns::test_memory_cleanup PASSED
src/tests/test_pipeline_performance.py::TestMemoryUsagePatterns::test_peak_memory_tracking PASSED
src/tests/test_pipeline_performance.py::TestDiskIOPerformance::test_file_write_performance PASSED
src/tests/test_pipeline_performance.py::TestDiskIOPerformance::test_export_performance PASSED
src/tests/test_pipeline_performance.py::TestNetworkOperationTiming::test_api_request_timing PASSED
src/tests/test_pipeline_performance.py::TestNetworkOperationTiming::test_batch_request_performance PASSED
src/tests/test_pipeline_performance.py::TestResourceScaling::test_pipeline_scaling[1] PASSED
src/tests/test_pipeline_performance.py::TestResourceScaling::test_pipeline_scaling[3] PASSED
src/tests/test_pipeline_performance.py::TestResourceScaling::test_pipeline_scaling[10] PASSED
src/tests/test_pipeline_performance.py::TestResourceScaling::test_resource_estimation PASSED
src/tests/test_pipeline_recovery.py::TestRecursionErrorRecovery::test_numpy_import_recovery FAILED
src/tests/test_pipeline_recovery.py::TestRecursionErrorRecovery::test_render_step_recovery PASSED
src/tests/test_pipeline_recovery.py::TestAsyncAwaitRecovery::test_llm_analysis_recovery FAILED
src/tests/test_pipeline_recovery.py::TestAsyncAwaitRecovery::test_sync_wrapper_recovery PASSED
src/tests/test_pipeline_recovery.py::TestLightweightProcessingRecovery::test_gnn_lightweight_fallback PASSED
src/tests/test_pipeline_recovery.py::TestLightweightProcessingRecovery::test_lightweight_processing_output PASSED
src/tests/test_pipeline_recovery.py::TestHardwareInitializationRecovery::test_jax_cpu_fallback PASSED
src/tests/test_pipeline_recovery.py::TestHardwareInitializationRecovery::test_execution_hardware_recovery PASSED
src/tests/test_pipeline_recovery.py::TestResourceManagementRecovery::test_memory_limit_recovery PASSED
src/tests/test_pipeline_recovery.py::TestResourceManagementRecovery::test_disk_space_recovery PASSED
src/tests/test_pipeline_recovery.py::TestErrorReportingRecovery::test_error_collection PASSED
src/tests/test_pipeline_recovery.py::TestErrorReportingRecovery::test_error_recovery_logging 2025-08-20 07:00:21,014 [MAIN:pipeline] test_step - ERROR - ‚ùå Test error occurred [step_number=None]
PASSED
src/tests/test_pipeline_scripts.py::TestPipelineScriptDiscovery::test_all_pipeline_scripts_exist 2025-08-20 07:00:21,016 [MAIN:pipeline] root - INFO - Found 24 pipeline scripts
PASSED
src/tests/test_pipeline_scripts.py::TestPipelineScriptDiscovery::test_pipeline_script_structure[1_setup.py] 2025-08-20 07:00:21,017 [MAIN:pipeline] root - INFO - Script 1_setup.py structure validated
PASSED
src/tests/test_pipeline_scripts.py::TestPipelineScriptDiscovery::test_pipeline_script_structure[2_gnn.py] SKIPPED
src/tests/test_pipeline_scripts.py::TestPipelineScriptDiscovery::test_pipeline_script_structure[3_tests.py] SKIPPED
src/tests/test_pipeline_scripts.py::TestPipelineScriptDiscovery::test_pipeline_script_structure[4_type_checker.py] SKIPPED
src/tests/test_pipeline_scripts.py::TestPipelineScriptDiscovery::test_pipeline_script_structure[5_export.py] SKIPPED
src/tests/test_pipeline_scripts.py::TestPipelineScriptDiscovery::test_pipeline_script_structure[6_visualization.py] SKIPPED
src/tests/test_pipeline_scripts.py::TestPipelineScriptDiscovery::test_pipeline_script_structure[7_mcp.py] SKIPPED
src/tests/test_pipeline_scripts.py::TestPipelineScriptDiscovery::test_pipeline_script_structure[8_ontology.py] SKIPPED
src/tests/test_pipeline_scripts.py::TestPipelineScriptDiscovery::test_pipeline_script_structure[9_render.py] SKIPPED
src/tests/test_pipeline_scripts.py::TestPipelineScriptDiscovery::test_pipeline_script_structure[10_execute.py] SKIPPED
src/tests/test_pipeline_scripts.py::TestPipelineScriptDiscovery::test_pipeline_script_structure[11_llm.py] SKIPPED
src/tests/test_pipeline_scripts.py::TestPipelineScriptDiscovery::test_pipeline_script_structure[12_audio.py] SKIPPED
src/tests/test_pipeline_scripts.py::TestPipelineScriptDiscovery::test_pipeline_script_structure[13_website.py] SKIPPED
src/tests/test_pipeline_scripts.py::TestPipelineScriptDiscovery::test_pipeline_script_structure[14_report.py] SKIPPED
src/tests/test_pipeline_scripts.py::TestPipelineScriptImports::test_script_import_capability[1_setup.py] 2025-08-20 07:00:21,029 [MAIN:pipeline] root - INFO - Script 1_setup.py imports successfully
PASSED
src/tests/test_pipeline_scripts.py::TestPipelineScriptImports::test_script_import_capability[2_gnn.py] SKIPPED
src/tests/test_pipeline_scripts.py::TestPipelineScriptImports::test_script_import_capability[3_tests.py] SKIPPED
src/tests/test_pipeline_scripts.py::TestPipelineScriptImports::test_script_import_capability[4_type_checker.py] SKIPPED
src/tests/test_pipeline_scripts.py::TestPipelineScriptImports::test_script_import_capability[5_export.py] SKIPPED
src/tests/test_pipeline_scripts.py::TestPipelineScriptImports::test_script_import_capability[6_visualization.py] SKIPPED
src/tests/test_pipeline_scripts.py::TestPipelineScriptImports::test_script_import_capability[7_mcp.py] SKIPPED
src/tests/test_pipeline_scripts.py::TestPipelineScriptImports::test_script_import_capability[8_ontology.py] SKIPPED
src/tests/test_pipeline_scripts.py::TestPipelineScriptImports::test_script_import_capability[9_render.py] SKIPPED
src/tests/test_pipeline_scripts.py::TestPipelineScriptImports::test_script_import_capability[10_execute.py] SKIPPED
src/tests/test_pipeline_scripts.py::TestPipelineScriptImports::test_script_import_capability[11_llm.py] SKIPPED
src/tests/test_pipeline_scripts.py::TestPipelineScriptImports::test_script_import_capability[12_audio.py] SKIPPED
src/tests/test_pipeline_scripts.py::TestPipelineScriptImports::test_script_import_capability[13_website.py] SKIPPED
src/tests/test_pipeline_scripts.py::TestPipelineScriptImports::test_script_import_capability[14_report.py] SKIPPED
src/tests/test_pipeline_scripts.py::TestPipelineScriptExecution::test_script_execution_with_mocks[1_setup.py] 2025-08-20 07:00:21,040 [MAIN:pipeline] root - INFO - Script 1_setup.py executed successfully with exit code 0
PASSED
src/tests/test_pipeline_scripts.py::TestPipelineScriptExecution::test_script_execution_with_mocks[2_gnn.py] SKIPPED
src/tests/test_pipeline_scripts.py::TestPipelineScriptExecution::test_script_execution_with_mocks[3_tests.py] SKIPPED
src/tests/test_pipeline_scripts.py::TestPipelineScriptExecution::test_script_execution_with_mocks[4_type_checker.py] SKIPPED
src/tests/test_pipeline_scripts.py::TestPipelineScriptExecution::test_script_execution_with_mocks[5_export.py] SKIPPED
src/tests/test_pipeline_scripts.py::TestPipelineScriptExecution::test_script_execution_with_mocks[6_visualization.py] SKIPPED
src/tests/test_pipeline_scripts.py::TestPipelineScriptExecution::test_script_execution_with_mocks[7_mcp.py] SKIPPED
src/tests/test_pipeline_scripts.py::TestPipelineScriptExecution::test_script_execution_with_mocks[8_ontology.py] SKIPPED
src/tests/test_pipeline_scripts.py::TestPipelineScriptExecution::test_script_execution_with_mocks[9_render.py] SKIPPED
src/tests/test_pipeline_scripts.py::TestPipelineScriptExecution::test_script_execution_with_mocks[10_execute.py] SKIPPED
src/tests/test_pipeline_scripts.py::TestPipelineScriptExecution::test_script_execution_with_mocks[11_llm.py] SKIPPED
src/tests/test_pipeline_scripts.py::TestPipelineScriptExecution::test_script_execution_with_mocks[12_audio.py] SKIPPED
src/tests/test_pipeline_scripts.py::TestPipelineScriptExecution::test_script_execution_with_mocks[13_website.py] SKIPPED
src/tests/test_pipeline_scripts.py::TestPipelineScriptExecution::test_script_execution_with_mocks[14_report.py] SKIPPED
src/tests/test_pipeline_scripts.py::TestStep2GNNComprehensive::test_step2_gnn_file_discovery 2025-08-20 07:00:21,055 [MAIN:pipeline] root - WARNING - Failed to parse simple.gnn: Parsed data should contain ModelName
assert 'ModelName' in {'file_path': '/var/folders/vc/rgmbpjpj0dbg61vr54xjskc80000gn/T/tmpotiz8n38/simple.gnn', 'file_name': 'simple.gnn', 'file_size': 136, 'sections': ['Test GNN Model', 'Model Name', 'State Space', 'Connections', 'Parameters'], 'variables': ['type', 'A', 's'], 'structure_info': {'has_variables': True, 'has_sections': True, 'variable_count': 3, 'section_count': 5, 'line_count': 14, 'char_count': 136}, 'parse_timestamp': '2025-08-20T07:00:21.055343'}
PASSED
src/tests/test_pipeline_scripts.py::TestStep2GNNComprehensive::test_step2_gnn_validation 2025-08-20 07:00:21,056 [MAIN:pipeline] root - WARNING - Validation failed for simple.gnn: Validation should return boolean
assert False
 +  where False = isinstance({'file_path': '/var/folders/vc/rgmbpjpj0dbg61vr54xjskc80000gn/T/tmpfb4qo_kj/simple.gnn', 'file_name': 'simple.gnn', 'valid': True, 'errors': [], 'warnings': [], 'validation_timestamp': '2025-08-20T07:00:21.056627'}, bool)
PASSED
src/tests/test_pipeline_scripts.py::TestStep1SetupComprehensive::test_step1_environment_validation 2025-08-20 07:00:21,058 [MAIN:pipeline] root - WARNING - Setup module functions not available: cannot import name 'check_dependencies' from 'src.setup' (/Users/4d/Documents/GitHub/GeneralizedNotationNotation/src/setup/__init__.py)
PASSED
src/tests/test_pipeline_scripts.py::TestStep4TypeCheckerComprehensive::test_step4_type_checking 2025-08-20 07:00:21,059 [MAIN:pipeline] root - WARNING - Type checker module functions not available: cannot import name 'check_gnn_file' from 'src.type_checker' (/Users/4d/Documents/GitHub/GeneralizedNotationNotation/src/type_checker/__init__.py)
PASSED
src/tests/test_pipeline_scripts.py::TestStep5ExportComprehensive::test_step5_export_formats 2025-08-20 07:00:21,061 [MAIN:pipeline] root - WARNING - Export module functions not available: cannot import name 'export_gnn_data' from 'src.export' (/Users/4d/Documents/GitHub/GeneralizedNotationNotation/src/export/__init__.py)
PASSED
src/tests/test_pipeline_scripts.py::TestStep6VisualizationComprehensive::test_step6_visualization_generation 2025-08-20 07:00:21,062 [MAIN:pipeline] root - WARNING - Visualization module functions not available: cannot import name 'create_graph_visualization' from 'src.visualization' (/Users/4d/Documents/GitHub/GeneralizedNotationNotation/src/visualization/__init__.py)
PASSED
src/tests/test_pipeline_scripts.py::TestStep7MCPComprehensive::test_step7_mcp_tools 2025-08-20 07:00:21,067 [MAIN:pipeline] mcp - INFO - Enhanced MCP server initialized
2025-08-20 07:00:21,067 [MAIN:pipeline] root - WARNING - MCP tools test failed: Tools should be a list
assert False
 +  where False = isinstance(True, list)
PASSED
src/tests/test_pipeline_scripts.py::TestStep8OntologyComprehensive::test_step8_ontology_processing 2025-08-20 07:00:21,069 [MAIN:pipeline] root - WARNING - Ontology processing test failed: process_ontology() missing 2 required positional arguments: 'target_dir' and 'output_dir'
PASSED
src/tests/test_pipeline_scripts.py::TestStep9RenderComprehensive::test_step9_code_rendering 2025-08-20 07:00:21,087 [MAIN:pipeline] root - WARNING - PyMDP rendering test failed: generate_pymdp_code() takes 1 positional argument but 2 were given
2025-08-20 07:00:21,087 [MAIN:pipeline] root - WARNING - RxInfer rendering test failed: generate_rxinfer_code() takes 1 positional argument but 2 were given
PASSED
src/tests/test_pipeline_scripts.py::TestStep10ExecuteComprehensive::test_step10_execution_safety 2025-08-20 07:00:21,090 [MAIN:pipeline] root - WARNING - PyMDP not available - simulation will gracefully degrade with informative output
2025-08-20 07:00:21,091 [MAIN:pipeline] src.execute.discopy.discopy_executor - WARNING - DisCoPy translator module not available: No module named 'src.execute.discopy_translator_module'
FAILED
src/tests/test_pipeline_scripts.py::TestStep11LLMComprehensive::test_step11_llm_operations 2025-08-20 07:00:21,105 [MAIN:pipeline] src.llm.llm_processor - INFO - Loaded API keys for providers: ['ollama']
2025-08-20 07:00:21,105 [MAIN:pipeline] src.llm.llm_processor - INFO - No cloud API keys detected. Defaulting to local Ollama for LLM operations.
2025-08-20 07:00:21,105 [MAIN:pipeline] src.llm.llm_operations - INFO - Created new LLM processor
FAILED
src/tests/test_pipeline_scripts.py::TestStep12AudioComprehensive::test_step12_audio_generation 2025-08-20 07:00:21,116 [MAIN:pipeline] root - WARNING - Website generation test failed: generate_website() missing 1 required positional argument: 'output_dir'
2025-08-20 07:00:21,116 [MAIN:pipeline] root - INFO - HTML report creation test completed
PASSED
src/tests/test_pipeline_scripts.py::TestStep13WebsiteComprehensive::test_step13_website_generation 2025-08-20 07:00:21,119 [MAIN:pipeline] root - WARNING - GNN to SAPF conversion test failed: convert_gnn_to_sapf() missing 1 required positional argument: 'model_name'
2025-08-20 07:00:21,119 [MAIN:pipeline] audio.sapf.processor - ERROR - Failed to generate SAPF audio: 'SAPFGNNProcessor' object has no attribute 'generate_audio_from_sapf'
2025-08-20 07:00:21,119 [MAIN:pipeline] root - INFO - SAPF audio generation test completed
PASSED
src/tests/test_pipeline_scripts.py::TestStep14ReportComprehensive::test_step14_report_generation 2025-08-20 07:00:21,122 [MAIN:pipeline] report - INFO - üöÄ Generating comprehensive report
2025-08-20 07:00:21,122 [MAIN:pipeline] report - ERROR - ‚ùå Failed to generate comprehensive report: 'dict' object has no attribute 'glob'
2025-08-20 07:00:21,122 [MAIN:pipeline] root - INFO - Step 14 report generation validated
PASSED
src/tests/test_pipeline_scripts.py::TestPipelineScriptIntegration::test_pipeline_script_coordination 2025-08-20 07:00:21,124 [MAIN:pipeline] root - INFO - Script 1_setup.py coordination test passed
PASSED
src/tests/test_pipeline_scripts.py::TestPipelineScriptIntegration::test_pipeline_argument_consistency 2025-08-20 07:00:21,124 [MAIN:pipeline] root - INFO - Testing pipeline argument consistency
2025-08-20 07:00:21,124 [MAIN:pipeline] root - INFO - Script 1_setup.py uses standardized pipeline template - arguments handled automatically
2025-08-20 07:00:21,125 [MAIN:pipeline] root - INFO - Script 1_setup.py argument consistency validated
PASSED
src/tests/test_pipeline_scripts.py::test_pipeline_script_completeness 2025-08-20 07:00:21,125 [MAIN:pipeline] root - INFO - Pipeline script completeness test passed
PASSED
src/tests/test_pipeline_scripts.py::test_pipeline_script_performance 2025-08-20 07:00:21,126 [MAIN:pipeline] root - INFO - Pipeline script performance test completed
PASSED

=================================== FAILURES ===================================
____________ TestRecursionErrorRecovery.test_numpy_import_recovery _____________
src/tests/test_pipeline_recovery.py:77: in test_numpy_import_recovery
    with pytest.raises(RecursionError):
         ^^^^^^^^^^^^^^^^^^^^^^^^^^^^^
E   Failed: DID NOT RAISE <class 'RecursionError'>
______________ TestAsyncAwaitRecovery.test_llm_analysis_recovery _______________
async def functions are not natively supported.
You need to install a suitable plugin for your async framework, for example:
  - anyio
  - pytest-asyncio
  - pytest-tornasync
  - pytest-trio
  - pytest-twisted
_________ TestStep10ExecuteComprehensive.test_step10_execution_safety __________
src/tests/test_pipeline_scripts.py:461: in test_step10_execution_safety
    from src.execute import execute_script_safely, validate_execution_environment
E   ImportError: cannot import name 'execute_script_safely' from 'src.execute' (/Users/4d/Documents/GitHub/GeneralizedNotationNotation/src/execute/__init__.py)
------------------------------ Captured log call -------------------------------
WARNING  root:pymdp_simulation.py:50 PyMDP not available - simulation will gracefully degrade with informative output
WARNING  src.execute.discopy.discopy_executor:discopy_executor.py:28 DisCoPy translator module not available: No module named 'src.execute.discopy_translator_module'
____________ TestStep11LLMComprehensive.test_step11_llm_operations _____________
src/tests/test_pipeline_scripts.py:486: in test_step11_llm_operations
    from src.llm import analyze_gnn_model, generate_model_description
E   ImportError: cannot import name 'analyze_gnn_model' from 'src.llm' (/Users/4d/Documents/GitHub/GeneralizedNotationNotation/src/llm/__init__.py)
------------------------------ Captured log call -------------------------------
DEBUG    src.llm.llm_processor:llm_processor.py:62 python-dotenv not available, skipping .env file loading
INFO     src.llm.llm_processor:llm_processor.py:84 Loaded API keys for providers: ['ollama']
INFO     src.llm.llm_processor:llm_processor.py:86 No cloud API keys detected. Defaulting to local Ollama for LLM operations.
INFO     src.llm.llm_operations:llm_operations.py:87 Created new LLM processor
=============================== warnings summary ===============================
src/tests/test_pipeline_recovery.py:103
  /Users/4d/Documents/GitHub/GeneralizedNotationNotation/src/tests/test_pipeline_recovery.py:103: PytestUnknownMarkWarning: Unknown pytest.mark.asyncio - is this a typo?  You can register custom marks to avoid this warning - for details, see https://docs.pytest.org/en/stable/how-to/mark.html
    @pytest.mark.asyncio

-- Docs: https://docs.pytest.org/en/stable/how-to/capture-warnings.html
==================================== PASSES ====================================
________ TestPipelineFunctionality.test_visualization_generates_images _________
------------------------------ Captured log call -------------------------------
INFO     visualization:pipeline_template.py:46 üöÄ Processing visualizations
INFO     visualization:pipeline_template.py:47 ‚úÖ Generated 3 visualizations
_______ TestPipelineFunctionality.test_gnn_processing_generates_results ________
------------------------------ Captured log call -------------------------------
INFO     gnn.schema_validator:schema_validator.py:77 Enhanced multi-format parsing system initialized
INFO     gnn.cross_format_validator:cross_format_validator.py:82 Enhanced parsing system initialized for cross-format validation
INFO     gnn.cross_format_validator:cross_format_validator.py:82 Enhanced parsing system initialized for cross-format validation
INFO     gnn.core_processor.wrapper:core_processor.py:106 Starting GNN processing pipeline
INFO     gnn.core_processor.wrapper:core_processor.py:141 Phase 1: File discovery and basic analysis
INFO     gnn.discovery:discovery.py:63 Starting file discovery in /var/folders/vc/rgmbpjpj0dbg61vr54xjskc80000gn/T/tmpxpqhmwtd
INFO     gnn.discovery:discovery.py:83 Discovery completed: 0/0 potential GNN files in 0.001s
INFO     gnn.core_processor.wrapper:core_processor.py:148 Discovered 0 GNN files
______ TestPipelineFunctionality.test_multi_format_export_generates_files ______
------------------------------ Captured log call -------------------------------
INFO     export:pipeline_template.py:46 üöÄ Generating multi-format exports
INFO     export:pipeline_template.py:47 ‚úÖ All exports generated successfully
____________ TestPipelineFunctionality.test_results_json_are_valid _____________
------------------------------ Captured log call -------------------------------
INFO     visualization:pipeline_template.py:46 üöÄ Processing visualizations
INFO     visualization:pipeline_template.py:47 ‚úÖ Generated 2 visualizations
INFO     export:pipeline_template.py:46 üöÄ Generating multi-format exports
INFO     export:pipeline_template.py:47 ‚úÖ All exports generated successfully
_______________ TestPipelineFunctionality.test_preflight_metrics _______________
------------------------------ Captured log call -------------------------------
INFO     visualization:pipeline_template.py:46 üöÄ Processing visualizations
INFO     visualization:pipeline_template.py:47 ‚úÖ Generated 2 visualizations
________ TestVisualizationPerformance.test_visualization_scaling[small] ________
------------------------------ Captured log call -------------------------------
INFO     visualization:pipeline_template.py:46 üöÄ Processing visualizations
WARNING  visualization:pipeline_template.py:48 ‚ö†Ô∏è No GNN files found for visualization
_______ TestVisualizationPerformance.test_visualization_scaling[medium] ________
------------------------------ Captured log call -------------------------------
INFO     visualization:pipeline_template.py:46 üöÄ Processing visualizations
WARNING  visualization:pipeline_template.py:48 ‚ö†Ô∏è No GNN files found for visualization
________ TestVisualizationPerformance.test_visualization_scaling[large] ________
------------------------------ Captured log call -------------------------------
INFO     visualization:pipeline_template.py:46 üöÄ Processing visualizations
WARNING  visualization:pipeline_template.py:48 ‚ö†Ô∏è No GNN files found for visualization
___________ TestVisualizationPerformance.test_visualization_caching ____________
------------------------------ Captured log call -------------------------------
INFO     visualization:pipeline_template.py:46 üöÄ Processing visualizations
WARNING  visualization:pipeline_template.py:48 ‚ö†Ô∏è No GNN files found for visualization
INFO     visualization:pipeline_template.py:46 üöÄ Processing visualizations
WARNING  visualization:pipeline_template.py:48 ‚ö†Ô∏è No GNN files found for visualization
_____________ TestRecursionErrorRecovery.test_render_step_recovery _____________
------------------------------ Captured log call -------------------------------
INFO     render.pymdp.pymdp_converter:pymdp_converter.py:267 ModelName not found in GNN spec, using default 'pymdp_agent_model'.
INFO     render.pymdp.pymdp_converter:pymdp_converter.py:267 Starting GNN data extraction.
INFO     render.pymdp.pymdp_converter:pymdp_converter.py:267 Found parsed GNN data with 0 variables.
INFO     render.pymdp.pymdp_converter:pymdp_converter.py:267 Processing 0 variables from GNN data
WARNING  render.pymdp.pymdp_converter:pymdp_converter.py:267 No observation modalities or state factors found in variables
INFO     render.pymdp.pymdp_converter:pymdp_converter.py:267 ModelParameters not found or empty in GNN spec.
WARNING  render.pymdp.pymdp_converter:pymdp_converter.py:267 Warning: Missing required data - modalities: 0, factors: 0
INFO     render.pymdp.pymdp_converter:pymdp_converter.py:267 DEBUG: _extract_initial_parameterization_matrices: initial_params = None
INFO     render.pymdp.pymdp_converter:pymdp_converter.py:267 Finished GNN data extraction.
INFO     render.pymdp.pymdp_converter:pymdp_converter.py:267 Matrix definitions not generated yet. Generating matrices...
INFO     render.pymdp.pymdp_converter:pymdp_converter.py:267 DEBUG: convert_A_matrix: type(self.A_spec) = <class 'NoneType'>, value = None
INFO     render.pymdp.pymdp_converter:pymdp_converter.py:267 DEBUG: _extract_initial_parameterization_matrices: initial_params = None
INFO     render.pymdp.pymdp_converter:pymdp_converter.py:267 A_matrix: No observation modalities defined. 'A' will be None.
INFO     render.pymdp.pymdp_converter:pymdp_converter.py:267 DEBUG: convert_B_matrix: type(self.B_spec) = <class 'NoneType'>, value = None
INFO     render.pymdp.pymdp_converter:pymdp_converter.py:267 DEBUG: _extract_initial_parameterization_matrices: initial_params = None
INFO     render.pymdp.pymdp_converter:pymdp_converter.py:267 B_matrix: No hidden state factors defined. 'B' will be None.
INFO     render.pymdp.pymdp_converter:pymdp_converter.py:267 DEBUG: convert_C_vector: self.C_spec = None
INFO     render.pymdp.pymdp_converter:pymdp_converter.py:267 DEBUG: _extract_initial_parameterization_matrices: initial_params = None
INFO     render.pymdp.pymdp_converter:pymdp_converter.py:267 C_vector: No observation modalities defined. 'C' will be None.
INFO     render.pymdp.pymdp_converter:pymdp_converter.py:267 DEBUG: convert_D_vector: self.D_spec = None
INFO     render.pymdp.pymdp_converter:pymdp_converter.py:267 DEBUG: _extract_initial_parameterization_matrices: initial_params = None
INFO     render.pymdp.pymdp_converter:pymdp_converter.py:267 D_vector: No hidden state factors defined. 'D' will be None.
INFO     render.pymdp.pymdp_converter:pymdp_converter.py:267 DEBUG: convert_E_vector: self.E_spec = None
INFO     render.pymdp.pymdp_converter:pymdp_converter.py:267 DEBUG: _extract_initial_parameterization_matrices: initial_params = None
INFO     render.pymdp.pymdp_converter:pymdp_converter.py:267 E_vector: No E (policy prior) specification found. Defaulting to None.
INFO     render.pymdp.pymdp_converter:pymdp_converter.py:267 Agent instantiation code not generated yet. Generating...
ERROR    render.pymdp.pymdp_converter:pymdp_converter.py:267 Cannot generate agent instantiation with no observation modalities or hidden state factors.
INFO     render.pymdp.pymdp_converter:pymdp_converter.py:267 Example usage code not generated yet. Generating...
INFO     render.pymdp.pymdp_converter:pymdp_converter.py:267 Skipping example usage code due to missing modalities or state factors.
INFO     render.pymdp.pymdp_converter:pymdp_converter.py:267 Generated full Python script (9609 characters)
______________ TestAsyncAwaitRecovery.test_sync_wrapper_recovery _______________
------------------------------ Captured log call -------------------------------
INFO     llm.llm_processor:llm_processor.py:84 Loaded API keys for providers: ['ollama']
INFO     llm.llm_processor:llm_processor.py:86 No cloud API keys detected. Defaulting to local Ollama for LLM operations.
INFO     llm.llm_operations:llm_operations.py:87 Created new LLM processor
INFO     llm.llm_processor:llm_processor.py:84 Loaded API keys for providers: ['ollama']
INFO     llm.llm_processor:llm_processor.py:86 No cloud API keys detected. Defaulting to local Ollama for LLM operations.
INFO     llm.llm_operations:llm_operations.py:87 Created new LLM processor
WARNING  llm.providers.openai_provider:openai_provider.py:76 OpenAI API key not provided
WARNING  llm.llm_processor:llm_processor.py:203 Failed to initialize openai provider
WARNING  llm.providers.openrouter_provider:openrouter_provider.py:116 OpenRouter API key not provided
WARNING  llm.llm_processor:llm_processor.py:203 Failed to initialize openrouter provider
WARNING  llm.providers.perplexity_provider:perplexity_provider.py:90 Perplexity API key not provided
WARNING  llm.llm_processor:llm_processor.py:203 Failed to initialize perplexity provider
WARNING  llm.providers.ollama_provider:ollama_provider.py:88 Ollama not available. Install python client with 'pip install ollama' or install Ollama CLI from https://ollama.ai
WARNING  llm.llm_processor:llm_processor.py:203 Failed to initialize ollama provider
WARNING  llm.llm_processor:llm_processor.py:213 No LLM providers could be initialized
ERROR    llm.llm_operations:llm_operations.py:217 Async summarization failed: Processor not initialized
WARNING  llm.providers.openai_provider:openai_provider.py:76 OpenAI API key not provided
WARNING  llm.llm_processor:llm_processor.py:203 Failed to initialize openai provider
WARNING  llm.providers.openrouter_provider:openrouter_provider.py:116 OpenRouter API key not provided
WARNING  llm.llm_processor:llm_processor.py:203 Failed to initialize openrouter provider
WARNING  llm.providers.perplexity_provider:perplexity_provider.py:90 Perplexity API key not provided
WARNING  llm.llm_processor:llm_processor.py:203 Failed to initialize perplexity provider
WARNING  llm.providers.ollama_provider:ollama_provider.py:88 Ollama not available. Install python client with 'pip install ollama' or install Ollama CLI from https://ollama.ai
WARNING  llm.llm_processor:llm_processor.py:203 Failed to initialize ollama provider
WARNING  llm.llm_processor:llm_processor.py:213 No LLM providers could be initialized
_______ TestLightweightProcessingRecovery.test_gnn_lightweight_fallback ________
------------------------------ Captured log call -------------------------------
INFO     gnn.schema_validator:schema_validator.py:77 Enhanced multi-format parsing system initialized
INFO     gnn.cross_format_validator:cross_format_validator.py:82 Enhanced parsing system initialized for cross-format validation
INFO     gnn.cross_format_validator:cross_format_validator.py:82 Enhanced parsing system initialized for cross-format validation
INFO     gnn.core_processor.wrapper:core_processor.py:106 Starting GNN processing pipeline
INFO     gnn.core_processor.wrapper:core_processor.py:141 Phase 1: File discovery and basic analysis
INFO     gnn.discovery:discovery.py:63 Starting file discovery in /var/folders/vc/rgmbpjpj0dbg61vr54xjskc80000gn/T/tmpae2c447j/input
INFO     gnn.discovery:discovery.py:83 Discovery completed: 0/1 potential GNN files in 0.000s
INFO     gnn.core_processor.wrapper:core_processor.py:148 Discovered 0 GNN files
___________ TestHardwareInitializationRecovery.test_jax_cpu_fallback ___________
------------------------------ Captured log call -------------------------------
WARNING  root:pymdp_simulation.py:50 PyMDP not available - simulation will gracefully degrade with informative output
WARNING  execute.discopy.discopy_executor:discopy_executor.py:28 DisCoPy translator module not available: No module named 'execute.discopy_translator_module'
_________ TestPipelineScriptDiscovery.test_all_pipeline_scripts_exist __________
------------------------------ Captured log call -------------------------------
INFO     root:test_pipeline_scripts.py:111 Found 24 pipeline scripts
____ TestPipelineScriptDiscovery.test_pipeline_script_structure[1_setup.py] ____
------------------------------ Captured log call -------------------------------
INFO     root:test_pipeline_scripts.py:145 Script 1_setup.py structure validated
_____ TestPipelineScriptImports.test_script_import_capability[1_setup.py] ______
------------------------------ Captured log call -------------------------------
INFO     root:test_pipeline_scripts.py:174 Script 1_setup.py imports successfully
___ TestPipelineScriptExecution.test_script_execution_with_mocks[1_setup.py] ___
------------------------------ Captured log call -------------------------------
INFO     root:test_pipeline_scripts.py:220 Script 1_setup.py executed successfully with exit code 0
___________ TestStep2GNNComprehensive.test_step2_gnn_file_discovery ____________
------------------------------ Captured log call -------------------------------
WARNING  root:test_pipeline_scripts.py:244 Failed to parse simple.gnn: Parsed data should contain ModelName
assert 'ModelName' in {'file_path': '/var/folders/vc/rgmbpjpj0dbg61vr54xjskc80000gn/T/tmpotiz8n38/simple.gnn', 'file_name': 'simple.gnn', 'file_size': 136, 'sections': ['Test GNN Model', 'Model Name', 'State Space', 'Connections', 'Parameters'], 'variables': ['type', 'A', 's'], 'structure_info': {'has_variables': True, 'has_sections': True, 'variable_count': 3, 'section_count': 5, 'line_count': 14, 'char_count': 136}, 'parse_timestamp': '2025-08-20T07:00:21.055343'}
_____________ TestStep2GNNComprehensive.test_step2_gnn_validation ______________
------------------------------ Captured log call -------------------------------
WARNING  root:test_pipeline_scripts.py:261 Validation failed for simple.gnn: Validation should return boolean
assert False
 +  where False = isinstance({'file_path': '/var/folders/vc/rgmbpjpj0dbg61vr54xjskc80000gn/T/tmpfb4qo_kj/simple.gnn', 'file_name': 'simple.gnn', 'valid': True, 'errors': [], 'warnings': [], 'validation_timestamp': '2025-08-20T07:00:21.056627'}, bool)
________ TestStep1SetupComprehensive.test_step1_environment_validation _________
------------------------------ Captured log call -------------------------------
WARNING  root:test_pipeline_scripts.py:291 Setup module functions not available: cannot import name 'check_dependencies' from 'src.setup' (/Users/4d/Documents/GitHub/GeneralizedNotationNotation/src/setup/__init__.py)
__________ TestStep4TypeCheckerComprehensive.test_step4_type_checking __________
------------------------------ Captured log call -------------------------------
WARNING  root:test_pipeline_scripts.py:317 Type checker module functions not available: cannot import name 'check_gnn_file' from 'src.type_checker' (/Users/4d/Documents/GitHub/GeneralizedNotationNotation/src/type_checker/__init__.py)
____________ TestStep5ExportComprehensive.test_step5_export_formats ____________
------------------------------ Captured log call -------------------------------
WARNING  root:test_pipeline_scripts.py:354 Export module functions not available: cannot import name 'export_gnn_data' from 'src.export' (/Users/4d/Documents/GitHub/GeneralizedNotationNotation/src/export/__init__.py)
___ TestStep6VisualizationComprehensive.test_step6_visualization_generation ____
------------------------------ Captured log call -------------------------------
WARNING  root:test_pipeline_scripts.py:382 Visualization module functions not available: cannot import name 'create_graph_visualization' from 'src.visualization' (/Users/4d/Documents/GitHub/GeneralizedNotationNotation/src/visualization/__init__.py)
________________ TestStep7MCPComprehensive.test_step7_mcp_tools ________________
------------------------------ Captured log call -------------------------------
INFO     mcp:mcp.py:478 Enhanced MCP server initialized
WARNING  root:test_pipeline_scripts.py:405 MCP tools test failed: Tools should be a list
assert False
 +  where False = isinstance(True, list)
________ TestStep8OntologyComprehensive.test_step8_ontology_processing _________
------------------------------ Captured log call -------------------------------
WARNING  root:test_pipeline_scripts.py:429 Ontology processing test failed: process_ontology() missing 2 required positional arguments: 'target_dir' and 'output_dir'
____________ TestStep9RenderComprehensive.test_step9_code_rendering ____________
------------------------------ Captured log call -------------------------------
WARNING  root:test_pipeline_scripts.py:445 PyMDP rendering test failed: generate_pymdp_code() takes 1 positional argument but 2 were given
WARNING  root:test_pipeline_scripts.py:452 RxInfer rendering test failed: generate_rxinfer_code() takes 1 positional argument but 2 were given
__________ TestStep12AudioComprehensive.test_step12_audio_generation ___________
------------------------------ Captured log call -------------------------------
WARNING  root:test_pipeline_scripts.py:518 Website generation test failed: generate_website() missing 1 required positional argument: 'output_dir'
INFO     root:test_pipeline_scripts.py:523 HTML report creation test completed
________ TestStep13WebsiteComprehensive.test_step13_website_generation _________
------------------------------ Captured log call -------------------------------
WARNING  root:test_pipeline_scripts.py:542 GNN to SAPF conversion test failed: convert_gnn_to_sapf() missing 1 required positional argument: 'model_name'
ERROR    audio.sapf.processor:processor.py:93 Failed to generate SAPF audio: 'SAPFGNNProcessor' object has no attribute 'generate_audio_from_sapf'
INFO     root:test_pipeline_scripts.py:548 SAPF audio generation test completed
_________ TestStep14ReportComprehensive.test_step14_report_generation __________
------------------------------ Captured log call -------------------------------
INFO     report:pipeline_template.py:46 üöÄ Generating comprehensive report
ERROR    report:pipeline_template.py:49 ‚ùå Failed to generate comprehensive report: 'dict' object has no attribute 'glob'
INFO     root:test_pipeline_scripts.py:577 Step 14 report generation validated
_______ TestPipelineScriptIntegration.test_pipeline_script_coordination ________
------------------------------ Captured log call -------------------------------
INFO     root:test_pipeline_scripts.py:607 Script 1_setup.py coordination test passed
_______ TestPipelineScriptIntegration.test_pipeline_argument_consistency _______
------------------------------ Captured log call -------------------------------
INFO     root:test_pipeline_scripts.py:613 Testing pipeline argument consistency
INFO     root:test_pipeline_scripts.py:634 Script 1_setup.py uses standardized pipeline template - arguments handled automatically
INFO     root:test_pipeline_scripts.py:645 Script 1_setup.py argument consistency validated
______________________ test_pipeline_script_completeness _______________________
------------------------------ Captured log call -------------------------------
INFO     root:test_pipeline_scripts.py:650 Pipeline script completeness test passed
_______________________ test_pipeline_script_performance _______________________
------------------------------ Captured log call -------------------------------
INFO     root:test_pipeline_scripts.py:656 Pipeline script performance test completed
--------------------------------- JSON report ----------------------------------
report auto-save skipped
================================ tests coverage ================================
_______________ coverage: platform darwin, python 3.13.5-final-0 _______________

Name                                                               Stmts   Miss  Cover   Missing
------------------------------------------------------------------------------------------------
src/0_template.py                                                     79     79     0%   35-217
src/1_setup.py                                                        92     72    22%   53-86, 99-126, 150-212, 221
src/2_tests.py                                                       278    278     0%   23-626
src/3_gnn.py                                                           8      0   100%
src/4_model_registry.py                                              104    104     0%   21-267
src/5_type_checker.py                                                 93     11    88%   57-58, 90, 97-98, 103-105, 119, 124, 197
src/6_validation.py                                                    8      8     0%   35-54
src/7_export.py                                                        8      0   100%
src/8_visualization.py                                                 8      0   100%
src/9_advanced_viz.py                                                273    273     0%   17-742
src/10_ontology.py                                                    46     46     0%   26-141
src/11_render.py                                                       8      8     0%   32-50
src/12_execute.py                                                      8      0   100%
src/13_llm.py                                                          8      8     0%   32-50
src/14_ml_integration.py                                               8      8     0%   32-50
src/15_audio.py                                                        8      0   100%
src/16_analysis.py                                                     8      8     0%   32-50
src/17_integration.py                                                  8      8     0%   32-50
src/18_security.py                                                     8      8     0%   32-50
src/19_research.py                                                     8      8     0%   32-50
src/20_website.py                                                      8      8     0%   32-50
src/21_mcp.py                                                          8      8     0%   32-50
src/22_gui.py                                                          8      8     0%   32-50
src/23_report.py                                                       8      8     0%   32-50
src/__init__.py                                                       23     14    39%   24-34, 42, 63-64
src/advanced_visualization/__init__.py                                 4      4     0%   7-27
src/advanced_visualization/dashboard.py                               59     59     0%   8-567
src/advanced_visualization/data_extractor.py                         114    114     0%   8-343
src/advanced_visualization/html_generator.py                          37     37     0%   8-479
src/advanced_visualization/visualizer.py                             122    122     0%   6-264
src/analysis/__init__.py                                              16     16     0%   7-63
src/analysis/analyzer.py                                             195    195     0%   6-465
src/analysis/mcp.py                                                   16     16     0%   7-65
src/analysis/processor.py                                             59     59     0%   6-136
src/audio/__init__.py                                                 24      3    88%   92-94
src/audio/analyzer.py                                                 72     60    17%   16-51, 58, 86-121, 128, 141-175, 191-216, 231-259
src/audio/classes.py                                                  82     66    20%   18-19, 23-71, 80-90, 97-98, 104-105, 109-122, 129-169, 176-177, 180-181, 185
src/audio/generator.py                                               135    121    10%   15-32, 36-54, 58-82, 86-109, 124-140, 153-161, 174-205, 211-213, 217-245, 249-269
src/audio/mcp.py                                                      53     41    23%   21-25, 28-35, 38-56, 72-86, 96-123
src/audio/processor.py                                               173    153    12%   48-121, 135-183, 187-205, 209-227, 231-236, 240-261, 265-286, 290-309, 313-366, 370-397
src/audio/sapf/__init__.py                                            21      1    95%   47
src/audio/sapf/audio_generators.py                                   259    235     9%   27-28, 44-60, 72-232, 245-288, 293-303, 307-308, 313-322, 326-354, 358-373, 386-486, 504-514, 532-555, 568-591
src/audio/sapf/generator.py                                           58     58     0%   1-113
src/audio/sapf/processor.py                                           64     49    23%   29-66, 90, 110-156, 172-193
src/audio/sapf/sapf_gnn_processor.py                                 295    264    11%   37-80, 84-140, 144-162, 166-182, 186-203, 207-219, 233-311, 315-326, 331-341, 345-359, 363-368, 372-379, 383-469, 473-500, 504-541, 545-572, 585-587, 599-624, 638-646
src/audio/sapf/utils.py                                               14      8    43%   20, 66, 85-92
src/execute/__init__.py                                               23      9    61%   20-24, 29-32
src/execute/activeinference_jl/__init__.py                             2      0   100%
src/execute/activeinference_jl/activeinference_runner.py             258    240     7%   34-77, 91-152, 164-207, 220-232, 244-271, 291-381, 399-429, 453-553
src/execute/discopy/__init__.py                                        2      0   100%
src/execute/discopy/discopy_executor.py                              124    102    18%   25-26, 49-51, 63-79, 91-122, 135-244, 266-295
src/execute/executor.py                                              379    288    24%   21-23, 28-30, 35-37, 42-44, 49-51, 55-67, 71-73, 82-83, 99, 125, 127, 129, 144-145, 157-158, 182, 189-190, 206-223, 236-238, 247-264, 271-287, 294-310, 378-379, 394-396, 422-804
src/execute/fallback.py                                               35     16    54%   15, 24, 34, 43, 52, 61, 70, 84, 99, 111, 118, 125, 132, 145, 158, 171
src/execute/install_dependencies.py                                   56     56     0%   8-126
src/execute/jax/__init__.py                                            2      0   100%
src/execute/jax/jax_runner.py                                        121    103    15%   32-33, 37-64, 68-73, 77-147, 151-175
src/execute/legacy.py                                                 18     13    28%   23-28, 41-46, 59
src/execute/mcp.py                                                    53     53     0%   7-122
src/execute/processor.py                                              50     16    68%   20-24, 77-84, 95, 99-101, 128-130
src/execute/pymdp/__init__.py                                         13      0   100%
src/execute/pymdp/context.py                                          30     24    20%   33-88
src/execute/pymdp/execute_pymdp.py                                   115    115     0%   19-319
src/execute/pymdp/executor.py                                         41     29    29%   47-67, 85-122, 140-141
src/execute/pymdp/pymdp_runner.py                                    262    242     8%   33-76, 94-208, 227-266, 275-340, 349-382, 402-468, 474-522, 527-545
src/execute/pymdp/pymdp_simulation.py                                336    299    11%   46-47, 77-90, 94-125, 137-218, 222-249, 253-286, 290-320, 324-357, 369-412, 417-426, 431-467, 472-480, 485-493, 498-503, 515-575, 579-623, 627-654, 658-661, 682, 697-699
src/execute/pymdp/pymdp_utils.py                                     204    184    10%   37-54, 69-84, 98-110, 123-142, 155-173, 192-213, 226-265, 280-308, 321-328, 343-349, 362-396, 409-427, 440-471, 484-510
src/execute/pymdp/pymdp_visualizer.py                                134    115    14%   28-32, 55-76, 95-120, 137-163, 180-227, 239-253, 257-260, 273, 297-331
src/execute/pymdp/validator.py                                        49     43    12%   21-97, 106-124
src/execute/rxinfer/__init__.py                                        2      0   100%
src/execute/rxinfer/rxinfer_runner.py                                 86     75    13%   25-43, 59-74, 90-147, 168-205
src/execute/validator.py                                             179    179     0%   9-466
src/export/__init__.py                                               127     53    58%   46-73, 78, 93-98, 101, 108-113, 116, 153-154, 187, 200-205, 245-259, 267, 288-290
src/export/core.py                                                    89     89     0%   1-159
src/export/format_exporters.py                                       282    282     0%   9-373
src/export/formatters.py                                             210     96    54%   21-22, 157-158, 166-167, 171-176, 180-225, 229-234, 238-268, 272-303
src/export/mcp.py                                                     61     61     0%   7-161
src/export/processor.py                                              168     75    55%   57-58, 77-78, 82-84, 134-135, 197-198, 217, 235-240, 247-255, 266-268, 272-273, 290-309, 326-380
src/export/utils.py                                                   12      9    25%   12-55, 59
src/gnn/__init__.py                                                   13      5    62%   46, 50-51, 55-56
src/gnn/core_processor.py                                            167     76    54%   67, 71-73, 113-135, 152-154, 158-176, 180-201, 205-217, 221-231, 267-268, 279, 416
src/gnn/cross_format.py                                               14     11    21%   21-35
src/gnn/cross_format_validator.py                                    283    234    17%   48-50, 54-58, 83-85, 90-145, 150-215, 220-249, 253-279, 283-316, 320-332, 337-349, 354-378, 383-403, 407-465, 470-512, 518-519, 524-525
src/gnn/discovery.py                                                  47      4    91%   80, 110-112
src/gnn/documentation/__init__.py                                      1      1     0%   8
src/gnn/formal_specs/__init__.py                                       1      1     0%   8
src/gnn/grammars/__init__.py                                           1      1     0%   8
src/gnn/mcp.py                                                       184    184     0%   16-875
src/gnn/multi_format_processor.py                                     96     15    84%   96-97, 156-169, 224-228, 245-255, 279, 294
src/gnn/parser.py                                                    139    101    27%   20-27, 31, 38, 46, 54, 58, 62, 77-78, 82, 86, 90-105, 109-118, 122-166, 173-176, 196, 210-265, 269-275
src/gnn/parsers/__init__.py                                           44      0   100%
src/gnn/parsers/alloy_serializer.py                                   75      1    99%   77
src/gnn/parsers/asn1_serializer.py                                    96      2    98%   125, 127
src/gnn/parsers/base_serializer.py                                    39      6    85%   19-21, 26, 38, 49
src/gnn/parsers/binary_parser.py                                     136    115    15%   30, 33-48, 52-60, 64-98, 102-103, 107-176, 181-198, 202-216, 220-229, 233-256, 260-270, 274-282
src/gnn/parsers/binary_serializer.py                                  27      6    78%   62-100, 104, 109, 120
src/gnn/parsers/common.py                                            367    111    70%   33-37, 41-48, 137-143, 147, 197-198, 231-232, 271, 275-278, 282-287, 291-294, 298-320, 338, 342-345, 379, 385, 389-402, 451, 455, 459-460, 464, 497, 549, 556, 564-565, 569-594, 624, 638, 640, 642, 644, 646, 648, 650, 652, 665-670
src/gnn/parsers/converters.py                                         22     10    55%   41-49, 60-61, 74
src/gnn/parsers/coq_parser.py                                        167    137    18%   39-52, 57-73, 77-90, 94-159, 164-183, 187-191, 195-203, 207-222, 226-244, 248-266, 270-281, 285-305, 309-320, 325-330, 334
src/gnn/parsers/coq_serializer.py                                     40      2    95%   81, 92
src/gnn/parsers/functional_parser.py                                 126    104    17%   33, 36-43, 47-113, 117-131, 135-200, 204-205, 209-216, 220, 226-234, 238-244
src/gnn/parsers/functional_serializer.py                              47      2    96%   89, 100
src/gnn/parsers/grammar_parser.py                                    204    168    18%   36-47, 51-109, 113-126, 130-146, 150-160, 165-183, 187-205, 209-236, 240-251, 257-269, 273, 290-348, 352-362, 366-386, 391-402, 408-425, 429
src/gnn/parsers/grammar_serializer.py                                 47      2    96%   94, 105
src/gnn/parsers/isabelle_parser.py                                   148    124    16%   35, 39-46, 51-127, 131-144, 148-213, 217-227, 232-238, 242-250, 255-256, 261-269, 273-294
src/gnn/parsers/isabelle_serializer.py                                38      2    95%   79, 90
src/gnn/parsers/json_parser.py                                       182    161    12%   35-57, 61-92, 96-107, 113-171, 175-214, 218-247, 251-273, 277-299, 303-316, 320-340, 344
src/gnn/parsers/json_serializer.py                                     9      0   100%
src/gnn/parsers/lean_parser.py                                       176    148    16%   38-51, 56-72, 76-90, 94-159, 163-183, 188-198, 202-210, 214-224, 229-251, 255-274, 278-296, 300-327, 331-343, 347
src/gnn/parsers/lean_serializer.py                                    47      2    96%   90, 101
src/gnn/parsers/markdown_parser.py                                   454    104    77%   55, 65-66, 73-76, 85-87, 93-96, 103, 109-115, 153-154, 172-175, 241-245, 282-284, 300-301, 321-323, 331-333, 387-388, 403-405, 409, 424-426, 441, 474-482, 486-488, 492-494, 557, 605, 618, 620, 637-643, 647-657, 661-668, 682, 686, 688, 715-717, 721, 733-735, 752-764, 775, 780, 786
src/gnn/parsers/markdown_serializer.py                                69      9    87%   47, 63-68, 75, 95
src/gnn/parsers/maxima_parser.py                                     150    127    15%   33-42, 46-104, 108, 112-119, 123-196, 200-211, 215, 222-233, 237-250, 254-270, 274-294
src/gnn/parsers/maxima_serializer.py                                  53      8    85%   28, 52-56, 101, 112
src/gnn/parsers/pkl_serializer.py                                    164     24    85%   86-93, 99-105, 112-117, 226, 228, 233, 238
src/gnn/parsers/protobuf_parser.py                                   236    209    11%   30, 34-41, 45, 49-111, 121-140, 144-158, 162-214, 218-258, 262-291, 295-302, 307-315, 319-329, 334-349, 353-411, 415-424, 428-437, 441-457, 461-476
src/gnn/parsers/protobuf_serializer.py                                96      3    97%   152, 164, 175
src/gnn/parsers/python_parser.py                                     258    221    14%   37-50, 55-71, 76-81, 85-99, 103-118, 122-187, 191-204, 208-229, 233-243, 247-267, 273-283, 287-289, 293-300, 305-310, 315-335, 340, 344-349, 353-357, 361-370, 376-403, 407-426, 430-448, 452-467, 471
src/gnn/parsers/python_serializer.py                                  60      2    97%   105, 116
src/gnn/parsers/scala_parser.py                                      261    225    14%   58, 62-69, 74-107, 111-125, 129-194, 199-213, 217-240, 244-272, 276-308, 312-322, 326-331, 336-347, 352-365, 370-383, 388-401, 407-412, 417-438, 442-469, 473-474, 479-488, 493-507, 511-524, 528-536
src/gnn/parsers/scala_serializer.py                                   53      5    91%   94, 105, 118, 120, 122
src/gnn/parsers/schema_parser.py                                     702    610    13%   30-46, 50-105, 109-117, 120, 123-131, 135-146, 149-177, 180-189, 192-198, 211-228, 232-287, 291-299, 302, 305-312, 315-354, 357-361, 364-375, 378-386, 400-416, 420-476, 480-488, 491, 494-501, 504-581, 585, 591-595, 599-609, 613-624, 628-638, 642-698, 709-723, 727-746, 750-782, 786-813, 817-847, 851-858, 862-866, 870-879, 883-901, 905-925, 929-937, 941-949, 953-972, 976-985, 996, 1000-1009, 1013-1071, 1074-1081, 1084-1119, 1122-1128, 1139, 1143-1154, 1158-1216, 1219-1226, 1229-1264, 1267-1274, 1277-1283
src/gnn/parsers/schema_serializer.py                                   8      1    88%   13
src/gnn/parsers/serializers.py                                      1133   1133     0%   12-2642
src/gnn/parsers/system.py                                            142     48    66%   146-147, 154-155, 172, 181, 196-215, 231, 246, 252-254, 267-279, 322, 335-351, 359
src/gnn/parsers/temporal_parser.py                                   264    225    15%   35, 38-45, 49-134, 138-152, 156-221, 225-247, 251-261, 275, 278-285, 289-352, 356-370, 374-439, 443-448, 452-459, 464, 471-484, 488-505, 509-517
src/gnn/parsers/temporal_serializer.py                                77      2    97%   95, 106
src/gnn/parsers/unified_parser.py                                    220    201     9%   35-36, 41, 59-117, 131-175, 187-228, 240-315, 330-346, 362-451, 455, 459-460
src/gnn/parsers/utils.py                                              14      8    43%   27-28, 41-52
src/gnn/parsers/validators.py                                        241    196    19%   40, 53-61, 65, 69, 73-78, 102-122, 127-146, 155-170, 175-207, 211-247, 257-295, 300-330, 340-356, 366-387, 391-426, 437-506, 511-566, 571-617
src/gnn/parsers/xml_parser.py                                        349    309    11%   34-67, 71-109, 113-124, 130-164, 168-172, 177-188, 192-235, 240-255, 259-314, 319-329, 333-351, 355-366, 370-379, 383-398, 402-416, 424-434, 438-454, 458, 462-473, 478-530, 544-556, 561-579, 583-591, 601-609, 619-625, 634, 638-649, 654-706
src/gnn/parsers/xml_serializer.py                                    101     21    79%   53, 63-64, 74, 77, 81-91, 97, 101, 113, 168, 179
src/gnn/parsers/xsd_serializer.py                                     59      3    95%   97, 109, 120
src/gnn/parsers/yaml_parser.py                                       361    327     9%   20-21, 38, 42-55, 60-94, 98-138, 142-174, 178-189, 195-267, 271-286, 290-325, 329-360, 364-404, 408-415, 419-456, 460-491, 495-511, 515-530, 534-541, 545-569, 573-594, 598-614, 618-631, 635
src/gnn/parsers/yaml_serializer.py                                    31     18    42%   6-7, 81, 87-105
src/gnn/parsers/znotation_serializer.py                               52      2    96%   106, 117
src/gnn/processor.py                                                 158     61    61%   21-25, 67-73, 77-82, 86-87, 147, 156, 170-171, 174-175, 226-227, 261-262, 266, 273, 277, 280, 284-285, 320-321, 335-380, 384
src/gnn/processors.py                                                401    401     0%   15-872
src/gnn/reporting.py                                                 188    164    13%   41-77, 85-135, 139-141, 145-162, 175-201, 212-220, 232-240, 251-254, 266-297, 301-303, 307-377, 381-386, 390-393, 453-461
src/gnn/schema_validator.py                                          732    637    13%   45-46, 79-80, 85-105, 110-133, 137-162, 166-176, 196-214, 234-244, 248-277, 296-302, 307-315, 319-367, 371-398, 402-433, 437-467, 471-479, 483-490, 494-513, 517-540, 544-564, 568-590, 594-622, 626-647, 651-680, 684-705, 709-719, 723-732, 736-742, 770-776, 784-785, 799-823, 833-916, 920-931, 935-967, 971-990, 994-1009, 1013-1031, 1035-1056, 1060-1097, 1101-1112, 1116-1163, 1167-1210, 1214, 1219-1238, 1243, 1248-1271, 1276-1297, 1303-1319, 1324-1325
src/gnn/schemas/__init__.py                                            1      1     0%   8
src/gnn/simple_validator.py                                           57     57     0%   10-162
src/gnn/testing.py                                                   197    197     0%   10-413
src/gnn/testing/__init__.py                                            1      1     0%   11
src/gnn/testing/performance_benchmarks.py                             78     78     0%   8-160
src/gnn/testing/round_trip_strategy.py                                94     94     0%   9-198
src/gnn/testing/simple_round_trip_test.py                            119    119     0%   12-202
src/gnn/type_systems/__init__.py                                       1      1     0%   8
src/gnn/types.py                                                     189     48    75%   19-22, 25-33, 50-53, 56-59, 139-140, 143, 172-173, 176, 179-180, 196-204, 207, 210-220
src/gnn/validation.py                                                173    143    17%   38-44, 56-58, 70-100, 112-134, 138-166, 170-177, 181-187, 191-197, 201-217, 221-234, 238-262, 266-291, 295-327
src/gui/__init__.py                                                   16     16     0%   12-56
src/gui/markdown.py                                                  187    187     0%   1-251
src/gui/mcp.py                                                        13     13     0%   5-27
src/gui/processor.py                                                  43     43     0%   1-96
src/gui/ui.py                                                        109    109     0%   1-145
src/integration/__init__.py                                           23     23     0%   7-66
src/integration/mcp.py                                                16     16     0%   7-65
src/integration/processor.py                                          26     26     0%   8-75
src/llm/__init__.py                                                   78     57    27%   12-13, 26-37, 41-47, 59-66, 75-79, 88, 96-101, 104-105, 112, 120, 125, 134-146
src/llm/analyzer.py                                                   87     12    86%   65-68, 77-78, 138, 194, 197, 201, 204, 208, 211
src/llm/demo_enhanced_llm.py                                         124    124     0%   9-304
src/llm/generator.py                                                  89     83     7%   11-49, 53-88, 92-161, 165-211
src/llm/llm_operations.py                                            191    118    38%   57-68, 75-76, 81, 88-92, 97, 150, 155-157, 164-177, 181-199, 231-236, 248-266, 270-278, 291-312, 316-325, 329-340, 353-362, 366-374, 386-395, 399-407, 411-417, 421-436, 444, 448, 457-461, 466, 470, 474, 478, 482
src/llm/llm_processor.py                                             320    222    31%   52-60, 63-64, 70, 74, 78, 131-151, 199-201, 205-206, 211, 239-240, 244, 256, 268-289, 310-336, 346-359, 378-391, 410-426, 436-442, 451, 458-466, 491-529, 557-573, 582, 588-590, 608-609, 618-623, 636-666, 682, 694, 706, 719-740, 748-750, 760, 774-781, 794, 807-822, 838-848, 860-873
src/llm/mcp.py                                                        53     53     0%   7-115
src/llm/processor.py                                                 116    116     0%   6-239
src/llm/prompts.py                                                    27     27     0%   10-389
src/llm/providers/__init__.py                                         14      0   100%
src/llm/providers/base_provider.py                                    56     11    80%   162-171, 188-230, 237, 246
src/llm/providers/ollama_provider.py                                 123     87    29%   59, 63, 67, 73-80, 84-87, 90-92, 96-102, 109-187, 194-244, 248-249
src/llm/providers/openai_provider.py                                 155    123    21%   56, 61, 66, 79-103, 115-131, 148-215, 232-282, 299-312, 316-320, 324-364
src/llm/providers/openrouter_provider.py                             191    150    21%   20-22, 91, 96, 101, 111-113, 119-146, 158-174, 191-268, 285-354, 363-374, 386-398, 402-406, 410-450
src/llm/providers/perplexity_provider.py                             171    134    22%   18-20, 65, 70, 75, 85-87, 93-119, 131-147, 164-236, 253-317, 329, 342-354, 377-382, 386-426, 430-434
src/main.py                                                          275     73    73%   86-87, 138, 171, 209-211, 234, 268-271, 280, 299-305, 315, 317, 340-343, 347-362, 401-404, 409-412, 418, 488-489, 505-507, 532, 534, 538-544, 551-556, 575-576, 580-585, 591-592, 610-611, 616-617
src/mcp/__init__.py                                                   24     12    50%   99-114
src/mcp/cli.py                                                       201    201     0%   16-314
src/mcp/mcp.py                                                       825    605    27%   51-62, 67, 77, 88, 99, 114, 124, 134, 147, 182-197, 201, 226-237, 261-266, 293-296, 300-307, 324-378, 382-403, 407, 471-472, 483, 488, 493, 498, 506-519, 526-539, 556-653, 667-754, 790-850, 879-902, 921-964, 979-1011, 1015-1057, 1073-1087, 1110-1128, 1146-1156, 1190-1224, 1240-1398, 1407-1428, 1433-1438, 1442-1447, 1456-1484, 1545-1552, 1568-1594, 1614-1633, 1637-1644, 1671-1706, 1710, 1714, 1718, 1722, 1726-1738, 1756-1758, 1771-1777, 1781-1787, 1799-1830, 1834, 1845, 1849, 1853-1860, 1864, 1868-1874, 1878-1879, 1883-1884, 1888-1894, 1898-1909, 1913, 1917-1918, 1926-1928
src/mcp/meta_mcp.py                                                   65     65     0%   17-372
src/mcp/npx_inspector.py                                             194    194     0%   12-328
src/mcp/processor.py                                                  89     79    11%   31-59, 71-110, 126-146, 169-214, 223-228
src/mcp/server.py                                                      2      2     0%   7-9
src/mcp/server_http.py                                               132    132     0%   14-195
src/mcp/server_stdio.py                                              155    155     0%   15-237
src/mcp/sympy_mcp.py                                                 165    165     0%   9-481
src/mcp/sympy_mcp_client.py                                          194    194     0%   9-503
src/ml_integration/__init__.py                                        18     18     0%   3-44
src/ml_integration/processor.py                                       25     25     0%   8-73
src/model_registry/__init__.py                                         5      5     0%   8-20
src/model_registry/legacy.py                                           3      3     0%   8-20
src/model_registry/mcp.py                                             65     65     0%   8-343
src/model_registry/registry.py                                       201    201     0%   8-451
src/ontology/__init__.py                                              42     22    48%   37, 47, 50, 54-61, 69-71, 76, 79-82, 85-88, 92
src/ontology/mcp.py                                                   53     53     0%   7-121
src/ontology/processor.py                                            123    112     9%   41-74, 86-139, 157-191, 203-233, 251-291, 310-346
src/ontology/utils.py                                                 10      3    70%   20, 45, 74
src/pipeline/__init__.py                                              36      4    89%   47, 52, 62, 64
src/pipeline/config.py                                                76     37    51%   14-16, 50-55, 67-80, 85-86, 90-104, 121-122, 126, 171, 176
src/pipeline/discovery.py                                             25      2    92%   24, 30
src/pipeline/execution.py                                             89     31    65%   27-28, 62-64, 80-81, 86-90, 110-112, 118, 127-131, 135, 144, 153-163, 172-177
src/pipeline/mcp.py                                                   78     67    14%   30-55, 67-109, 121-155, 167-183, 195-239
src/pipeline/pipeline_step_template.py                               210    206     2%   35-442
src/pipeline/pipeline_validation.py                                  380    373     2%   33-714
src/pipeline/update_version.py                                       129    129     0%   8-244
src/pipeline/validate_documentation.py                               197    197     0%   18-398
src/pipeline/verify_pipeline.py                                      102     91    11%   15-31, 38-75, 86-99, 106-141, 152-170, 181-201, 212-263
src/pipeline_step_template.py                                         10     10     0%   24-50
src/render/__init__.py                                                 7      0   100%
src/render/activeinference_jl/__init__.py                              2      0   100%
src/render/activeinference_jl/activeinference_jl_renderer.py          82     82     0%   18-492
src/render/activeinference_jl/activeinference_renderer.py            121    111     8%   33-56, 63-160, 173-445, 464-477
src/render/activeinference_jl/activeinference_renderer_fixed.py       83     83     0%   9-442
src/render/activeinference_jl/activeinference_renderer_simple.py      84     84     0%   9-423
src/render/discopy/__init__.py                                         8      1    88%   14
src/render/discopy/discopy_renderer.py                                88     76    14%   37-38, 51-73, 77-105, 119-452, 456, 475-503
src/render/discopy/translator.py                                     703    703     0%   7-1518
src/render/discopy/visualize_jax_output.py                           130    130     0%   1-172
src/render/generators.py                                              72     60    17%   16-23, 29-36, 40-142, 146-218, 222-281, 285-380, 384-447, 451-518, 522-556, 624
src/render/jax/__init__.py                                             2      0   100%
src/render/jax/jax_renderer.py                                       557    536     4%   40-49, 67-76, 93-102, 108-199, 203-549, 554-621, 627-676, 680, 685-713, 718-734, 739-945, 965-1191, 1211-1392
src/render/jax/templates/__init__.py                                   4      4     0%   8-12
src/render/jax/templates/combined_template.py                          0      0   100%
src/render/jax/templates/general_template.py                           0      0   100%
src/render/jax/templates/pomdp_template.py                             0      0   100%
src/render/legacy.py                                                  28     12    57%   33-34, 65-69, 82, 95, 108, 121, 134, 139
src/render/mcp.py                                                     53     53     0%   7-122
src/render/processor.py                                               65     58    11%   28-102, 122-149, 153, 170
src/render/pymdp/__init__.py                                           2      0   100%
src/render/pymdp/pymdp_converter.py                                  994    780    22%   21-27, 47-49, 53-60, 64-70, 74-82, 86-91, 95-100, 104-109, 113-117, 121-123, 127-132, 136-141, 165-167, 195-197, 246, 265, 271-324, 336, 340-341, 367-427, 431-434, 437-450, 458-490, 494-584, 589-620, 628-653, 659, 672, 674, 676-684, 690-755, 759-825, 829-893, 897-906, 910-964, 968-1008, 1012-1046, 1050-1118, 1127-1144, 1148, 1157-1190, 1199-1241, 1251-1279, 1289-1317, 1325-1333, 1343-1364, 1373-1412, 1424-1442
src/render/pymdp/pymdp_renderer.py                                   174    149    14%   35-45, 59-73, 78-107, 112-146, 151-176, 191-192, 205-229, 242-275, 289-407, 411-412, 431-456
src/render/pymdp/pymdp_templates.py                                  157    124    21%   237-364, 390-403, 411-428, 436-446, 454-463
src/render/pymdp/pymdp_utils.py                                      160    151     6%   13-52, 56-94, 108-195, 214-267
src/render/render.py                                                 169    143    15%   20-23, 28-31, 36-40, 45-49, 54-59, 87-170, 174-255
src/render/renderer.py                                               151    108    28%   18-19, 39-51, 59-77, 82-137, 141-159, 164-224, 228-246, 250-286, 301-304, 314, 320-326, 328-332, 352-378
src/render/rxinfer/__init__.py                                         2      0   100%
src/render/rxinfer/gnn_parser.py                                     117    117     0%   5-256
src/render/rxinfer/rxinfer_renderer.py                                82     82     0%   18-398
src/render/rxinfer/toml_generator.py                                 388    365     6%   24-102, 114-172, 184-243, 259-273, 286-320, 340-553, 557-561, 565-574, 578, 582-588, 592-600, 608-778, 794-835, 839-842, 846-881, 885-935, 939-961, 990-1002
src/report/__init__.py                                                52     28    46%   33-41, 47, 51, 54-56, 61, 64, 67, 70, 79, 82, 103-118
src/report/analyzer.py                                               184    184     0%   9-502
src/report/formatters.py                                             124    124     0%   9-599
src/report/generator.py                                              150    150     0%   9-380
src/report/mcp.py                                                     55     55     0%   7-120
src/report/processor.py                                               87     68    22%   39-75, 107-151, 175-202, 216-257, 269-286
src/research/__init__.py                                              23     23     0%   7-66
src/research/mcp.py                                                   16     16     0%   7-65
src/research/processor.py                                             26     26     0%   8-75
src/sapf/__init__.py                                                   2      0   100%
src/security/__init__.py                                              15     15     0%   7-48
src/security/mcp.py                                                   16     16     0%   7-65
src/security/processor.py                                            140    140     0%   6-362
src/setup/__init__.py                                                 41     21    49%   99, 101-105, 109, 111, 113, 116-120, 123-124, 128-133
src/setup/mcp.py                                                     125    125     0%   8-412
src/setup/setup.py                                                   517    478     8%   41, 63-98, 110-147, 159-171, 184-257, 272-320, 332-390, 397-526, 546-627, 690-732, 745-789, 798-812, 821-831, 835-861, 866-889, 893-930, 943-964
src/setup/utils.py                                                    41     30    27%   24-29, 41-50, 62, 91, 145, 167-172, 185-190
src/setup/validator.py                                                27     21    22%   20-27, 40-54, 66-80
src/template/__init__.py                                               7      7     0%   20-47
src/template/mcp.py                                                   94     94     0%   8-325
src/template/processor.py                                            203    203     0%   8-480
src/template/utils.py                                                  2      2     0%   8-15
src/type_checker/__init__.py                                           2      0   100%
src/type_checker/__main__.py                                           2      2     0%   7-8
src/type_checker/analysis_utils.py                                    69      6    91%   159, 161, 165-166, 168, 173
src/type_checker/checker.py                                          615    615     0%   9-1345
src/type_checker/cli.py                                              124    124     0%   8-214
src/type_checker/mcp.py                                               26     26     0%   7-113
src/type_checker/output_utils.py                                     170    170     0%   10-249
src/type_checker/processor.py                                        129    112    13%   25, 46-114, 118-167, 179, 193-213, 217-230, 234-270, 279-311, 315-335
src/type_checker/resource_estimator.py                               583    583     0%   11-1738
src/utils/__init__.py                                                 17      3    82%   164-167
src/utils/argument_utils.py                                          505    334    34%   50, 115, 117, 122-123, 127-128, 132-180, 378-394, 399-418, 423-491, 507-537, 551-571, 745-746, 751, 764-781, 840, 854-857, 864-890, 917, 927, 936, 961-972, 977, 981-992, 996-1001, 1010-1027, 1031-1041, 1046-1170, 1173-1205
src/utils/config_loader.py                                           212    145    32%   10-12, 47-54, 68-69, 115-126, 131-186, 190, 213-243, 255-279, 290-311, 319-326, 333-341, 348-355
src/utils/dependency_validator.py                                    216    180    17%   44-51, 55, 172-259, 263-272, 276-294, 306-336, 340-367, 383-416, 425-435, 443-455, 468-490, 533-534
src/utils/error_recovery.py                                          201    134    33%   222-259, 264-300, 304-317, 321-331, 335-345, 349-369, 373-384, 388-394, 398-414, 429-479, 488-495, 499-513, 548, 564-593
src/utils/fallback.py                                                 17     17     0%   8-49
src/utils/io_utils.py                                                 84     56    33%   43-47, 55-56, 89-132, 152-178, 194-200, 212-243
src/utils/logging_utils.py                                           478    167    65%   53-96, 126-129, 156-171, 184-192, 204-206, 210-211, 215, 219-226, 234-235, 264, 281-284, 296-304, 330-367, 430-441, 449-453, 472-473, 475-476, 496-512, 519-530, 570-571, 622-629, 641-642, 657-659, 686-688, 704, 716-730, 745-746, 751-752, 782-784, 790-792, 874-875, 885, 894, 907, 914
src/utils/mcp.py                                                     107    107     0%   16-352
src/utils/migration_helper.py                                        160    140    12%   29-30, 34-65, 69-109, 113-122, 127-138, 142-156, 160-161, 165-183, 187-195, 199-205, 208-291
src/utils/network_utils.py                                            33      9    73%   85-95, 107-125
src/utils/path_utils.py                                                9      9     0%   1-11
src/utils/performance_tracker.py                                      95     58    39%   21-22, 36-40, 49-54, 58-69, 73-76, 81, 86-92, 96, 125-130, 139-147, 154-155, 164-180, 189-195
src/utils/pipeline.py                                                 69     58    16%   22-32, 50-56, 69-84, 97-115, 132-162
src/utils/pipeline_monitor.py                                        303    204    33%   56-61, 65-67, 71-73, 101-103, 143-145, 149-151, 164-175, 180-195, 201-219, 233-244, 253-283, 287-302, 312-337, 341-377, 381-382, 386-387, 391-392, 396-397, 401-403, 407-408, 412-509, 513-526, 541-566, 570-578, 585, 589, 608-618, 622-623
src/utils/pipeline_template.py                                       200    146    27%   29, 51-55, 79-146, 150-173, 216-271, 286, 304-374, 401-405, 412-425, 434-442, 452, 469-471, 477, 481-491
src/utils/resource_manager.py                                         93     21    77%   46-48, 53, 58, 62, 71-75, 110, 114-116, 146, 193-194, 203-208
src/utils/script_validator.py                                        207    168    19%   47-57, 68-103, 107-164, 168-181, 192-221, 232-246, 257-264, 269-335, 339-377, 381-442, 446-471, 483-490
src/utils/shared_functions.py                                        100    100     0%   8-268
src/utils/system_utils.py                                             22     11    50%   11-12, 20-44
src/utils/venv_utils.py                                               35     29    17%   18-68
src/validation/__init__.py                                           102    102     0%   8-204
src/validation/consistency_checker.py                                227    227     0%   8-446
src/validation/legacy.py                                              16     16     0%   8-102
src/validation/mcp.py                                                123    123     0%   8-417
src/validation/performance_profiler.py                               207    207     0%   9-409
src/validation/semantic_validator.py                                 245    245     0%   8-519
src/visualization/__init__.py                                        122     30    75%   38, 45, 86-87, 116, 129-134, 166-167, 175-181, 192-198, 209-215, 228-229, 237, 259-261
src/visualization/__main__.py                                          2      2     0%   8-9
src/visualization/cli.py                                              33     33     0%   7-83
src/visualization/legacy.py                                            6      2    67%   10-11
src/visualization/matrix_visualizer.py                               506    304    40%   17-21, 26-28, 33-35, 75-77, 96-140, 144-152, 169-250, 264-297, 312-313, 322-324, 454, 461-463, 467-470, 486-493, 497-512, 519, 524, 532, 534, 541, 548-549, 555-556, 563-564, 579-580, 586-595, 608-707, 725-732, 808-811, 824-873, 885-913, 925-939, 953-980, 998-1002
src/visualization/mcp.py                                              53     53     0%   7-122
src/visualization/ontology_visualizer.py                             105     88    16%   28-36, 54-91, 104-120, 132-156, 160, 173-234, 238, 241
src/visualization/parser.py                                          136    119    12%   23, 35-42, 46-72, 77-92, 96-136, 140-200, 204-237, 249
src/visualization/processor.py                                       382    163    57%   24-28, 34-36, 49-51, 62-68, 80-90, 133-134, 138-142, 159, 163-165, 195, 214-215, 277-278, 282-283, 308, 323, 343, 357-367, 381-418, 437, 506, 589-691
src/visualization/run_visualization.py                                42     42     0%   9-76
src/visualization/visualizer.py                                      450    400    11%   22-24, 30-33, 38-40, 46-48, 53-55, 60-62, 84-124, 136-225, 229-238, 242-251, 263-272, 276-284, 287, 292-319, 324-347, 351-396, 400-476, 480-586, 590-593, 605-628, 641-652, 666-672, 686-697, 711-717, 732-761, 786-878
src/website/__init__.py                                                6      0   100%
src/website/generator.py                                             159    140    12%   19-20, 24-124, 133-166, 170-184, 229, 262, 290-303, 307-320, 324-336, 340-393
src/website/mcp.py                                                    53     53     0%   7-117
src/website/renderer.py                                              142    102    28%   127-162, 176-177, 181-209, 213-249, 253-285, 289-324, 328-362, 366, 392, 409-441
------------------------------------------------------------------------------------------------
TOTAL                                                              38357  30603    20%
Coverage HTML written to dir /Users/4d/Documents/GitHub/GeneralizedNotationNotation/output/2_tests_output/test_results/test_reports/category_pipeline/htmlcov
Coverage JSON written to file /Users/4d/Documents/GitHub/GeneralizedNotationNotation/output/2_tests_output/test_results/test_reports/category_pipeline/coverage.json
============================= slowest 10 durations =============================
4.52s call     src/tests/test_pipeline_performance.py::TestNetworkOperationTiming::test_api_request_timing
1.62s call     src/tests/test_pipeline_performance.py::TestResourceScaling::test_resource_estimation
0.73s call     src/tests/test_pipeline_functionality.py::TestPipelineFunctionality::test_visualization_generates_images
0.57s call     src/tests/test_pipeline_functionality.py::TestPipelineFunctionality::test_preflight_metrics
0.54s call     src/tests/test_pipeline_functionality.py::TestPipelineFunctionality::test_results_json_are_valid
0.27s call     src/tests/test_pipeline_performance.py::TestResourceScaling::test_pipeline_scaling[10]
0.26s call     src/tests/test_pipeline_performance.py::TestResourceScaling::test_pipeline_scaling[1]
0.26s call     src/tests/test_pipeline_performance.py::TestResourceScaling::test_pipeline_scaling[3]
0.23s call     src/tests/test_pipeline_recovery.py::TestHardwareInitializationRecovery::test_jax_cpu_fallback
0.12s call     src/tests/test_pipeline_performance.py::TestMemoryUsagePatterns::test_peak_memory_tracking
=========================== short test summary info ============================
PASSED src/tests/test_pipeline_functionality.py::TestPipelineFunctionality::test_visualization_generates_images
PASSED src/tests/test_pipeline_functionality.py::TestPipelineFunctionality::test_gnn_processing_generates_results
PASSED src/tests/test_pipeline_functionality.py::TestPipelineFunctionality::test_multi_format_export_generates_files
PASSED src/tests/test_pipeline_functionality.py::TestPipelineFunctionality::test_results_json_are_valid
PASSED src/tests/test_pipeline_functionality.py::TestPipelineFunctionality::test_preflight_metrics
PASSED src/tests/test_pipeline_infrastructure.py::TestPipelineDiscovery::test_discovery_imports
PASSED src/tests/test_pipeline_infrastructure.py::TestPipelineDiscovery::test_get_pipeline_scripts
PASSED src/tests/test_pipeline_infrastructure.py::TestPipelineDiscovery::test_discover_steps
PASSED src/tests/test_pipeline_infrastructure.py::TestVerifyPipeline::test_verify_imports
PASSED src/tests/test_pipeline_infrastructure.py::TestUtilsMigrationHelper::test_migration_imports
PASSED src/tests/test_pipeline_infrastructure.py::TestUtilsPipelineMonitor::test_monitor_imports
PASSED src/tests/test_pipeline_infrastructure.py::TestUtilsPipelineMonitor::test_pipeline_monitor_class
PASSED src/tests/test_pipeline_infrastructure.py::TestUtilsResourceManager::test_resource_manager_imports
PASSED src/tests/test_pipeline_infrastructure.py::TestUtilsScriptValidator::test_script_validator_imports
PASSED src/tests/test_pipeline_infrastructure.py::test_pipeline_infrastructure_completeness
PASSED src/tests/test_pipeline_overall.py::TestPipelineModuleComprehensive::test_pipeline_module_imports
PASSED src/tests/test_pipeline_overall.py::TestPipelineModuleComprehensive::test_pipeline_orchestrator_instantiation
PASSED src/tests/test_pipeline_overall.py::TestPipelineModuleComprehensive::test_pipeline_step_instantiation
PASSED src/tests/test_pipeline_overall.py::TestPipelineModuleComprehensive::test_pipeline_module_info
PASSED src/tests/test_pipeline_overall.py::TestPipelineModuleComprehensive::test_pipeline_config
PASSED src/tests/test_pipeline_overall.py::TestPipelineFunctionality::test_pipeline_execution
PASSED src/tests/test_pipeline_overall.py::TestPipelineFunctionality::test_pipeline_step_validation
PASSED src/tests/test_pipeline_overall.py::TestPipelineFunctionality::test_pipeline_discovery
PASSED src/tests/test_pipeline_overall.py::TestPipelineIntegration::test_pipeline_module_integration
PASSED src/tests/test_pipeline_overall.py::TestPipelineIntegration::test_pipeline_mcp_integration
PASSED src/tests/test_pipeline_overall.py::test_pipeline_module_completeness
PASSED src/tests/test_pipeline_overall.py::test_pipeline_module_performance
PASSED src/tests/test_pipeline_performance.py::TestGNNProcessingPerformance::test_processing_scaling[small]
PASSED src/tests/test_pipeline_performance.py::TestGNNProcessingPerformance::test_processing_scaling[medium]
PASSED src/tests/test_pipeline_performance.py::TestGNNProcessingPerformance::test_processing_scaling[large]
PASSED src/tests/test_pipeline_performance.py::TestGNNProcessingPerformance::test_parallel_processing
PASSED src/tests/test_pipeline_performance.py::TestVisualizationPerformance::test_visualization_scaling[small]
PASSED src/tests/test_pipeline_performance.py::TestVisualizationPerformance::test_visualization_scaling[medium]
PASSED src/tests/test_pipeline_performance.py::TestVisualizationPerformance::test_visualization_scaling[large]
PASSED src/tests/test_pipeline_performance.py::TestVisualizationPerformance::test_visualization_caching
PASSED src/tests/test_pipeline_performance.py::TestMemoryUsagePatterns::test_memory_cleanup
PASSED src/tests/test_pipeline_performance.py::TestMemoryUsagePatterns::test_peak_memory_tracking
PASSED src/tests/test_pipeline_performance.py::TestDiskIOPerformance::test_file_write_performance
PASSED src/tests/test_pipeline_performance.py::TestDiskIOPerformance::test_export_performance
PASSED src/tests/test_pipeline_performance.py::TestNetworkOperationTiming::test_api_request_timing
PASSED src/tests/test_pipeline_performance.py::TestNetworkOperationTiming::test_batch_request_performance
PASSED src/tests/test_pipeline_performance.py::TestResourceScaling::test_pipeline_scaling[1]
PASSED src/tests/test_pipeline_performance.py::TestResourceScaling::test_pipeline_scaling[3]
PASSED src/tests/test_pipeline_performance.py::TestResourceScaling::test_pipeline_scaling[10]
PASSED src/tests/test_pipeline_performance.py::TestResourceScaling::test_resource_estimation
PASSED src/tests/test_pipeline_recovery.py::TestRecursionErrorRecovery::test_render_step_recovery
PASSED src/tests/test_pipeline_recovery.py::TestAsyncAwaitRecovery::test_sync_wrapper_recovery
PASSED src/tests/test_pipeline_recovery.py::TestLightweightProcessingRecovery::test_gnn_lightweight_fallback
PASSED src/tests/test_pipeline_recovery.py::TestLightweightProcessingRecovery::test_lightweight_processing_output
PASSED src/tests/test_pipeline_recovery.py::TestHardwareInitializationRecovery::test_jax_cpu_fallback
PASSED src/tests/test_pipeline_recovery.py::TestHardwareInitializationRecovery::test_execution_hardware_recovery
PASSED src/tests/test_pipeline_recovery.py::TestResourceManagementRecovery::test_memory_limit_recovery
PASSED src/tests/test_pipeline_recovery.py::TestResourceManagementRecovery::test_disk_space_recovery
PASSED src/tests/test_pipeline_recovery.py::TestErrorReportingRecovery::test_error_collection
PASSED src/tests/test_pipeline_recovery.py::TestErrorReportingRecovery::test_error_recovery_logging
PASSED src/tests/test_pipeline_scripts.py::TestPipelineScriptDiscovery::test_all_pipeline_scripts_exist
PASSED src/tests/test_pipeline_scripts.py::TestPipelineScriptDiscovery::test_pipeline_script_structure[1_setup.py]
PASSED src/tests/test_pipeline_scripts.py::TestPipelineScriptImports::test_script_import_capability[1_setup.py]
PASSED src/tests/test_pipeline_scripts.py::TestPipelineScriptExecution::test_script_execution_with_mocks[1_setup.py]
PASSED src/tests/test_pipeline_scripts.py::TestStep2GNNComprehensive::test_step2_gnn_file_discovery
PASSED src/tests/test_pipeline_scripts.py::TestStep2GNNComprehensive::test_step2_gnn_validation
PASSED src/tests/test_pipeline_scripts.py::TestStep1SetupComprehensive::test_step1_environment_validation
PASSED src/tests/test_pipeline_scripts.py::TestStep4TypeCheckerComprehensive::test_step4_type_checking
PASSED src/tests/test_pipeline_scripts.py::TestStep5ExportComprehensive::test_step5_export_formats
PASSED src/tests/test_pipeline_scripts.py::TestStep6VisualizationComprehensive::test_step6_visualization_generation
PASSED src/tests/test_pipeline_scripts.py::TestStep7MCPComprehensive::test_step7_mcp_tools
PASSED src/tests/test_pipeline_scripts.py::TestStep8OntologyComprehensive::test_step8_ontology_processing
PASSED src/tests/test_pipeline_scripts.py::TestStep9RenderComprehensive::test_step9_code_rendering
PASSED src/tests/test_pipeline_scripts.py::TestStep12AudioComprehensive::test_step12_audio_generation
PASSED src/tests/test_pipeline_scripts.py::TestStep13WebsiteComprehensive::test_step13_website_generation
PASSED src/tests/test_pipeline_scripts.py::TestStep14ReportComprehensive::test_step14_report_generation
PASSED src/tests/test_pipeline_scripts.py::TestPipelineScriptIntegration::test_pipeline_script_coordination
PASSED src/tests/test_pipeline_scripts.py::TestPipelineScriptIntegration::test_pipeline_argument_consistency
PASSED src/tests/test_pipeline_scripts.py::test_pipeline_script_completeness
PASSED src/tests/test_pipeline_scripts.py::test_pipeline_script_performance
SKIPPED [1] src/tests/test_pipeline_infrastructure.py:110: Pipeline step template not available
SKIPPED [1] src/tests/test_pipeline_infrastructure.py:129: Pipeline step template not available
SKIPPED [1] src/tests/test_pipeline_infrastructure.py:152: Pipeline step template not available
SKIPPED [1] src/tests/test_pipeline_infrastructure.py:170: Pipeline validation not available
SKIPPED [1] src/tests/test_pipeline_infrastructure.py:188: Pipeline validation not available
SKIPPED [1] src/tests/test_pipeline_infrastructure.py:208: Pipeline validation not available
SKIPPED [1] src/tests/test_pipeline_infrastructure.py:244: Pipeline verify not available
SKIPPED [1] src/tests/test_pipeline_infrastructure.py:265: Pipeline verify not available
SKIPPED [1] src/tests/test_pipeline_infrastructure.py:310: Migration helper not available
SKIPPED [1] src/tests/test_pipeline_infrastructure.py:334: Migration helper not available
SKIPPED [1] src/tests/test_pipeline_infrastructure.py:398: Pipeline monitor not available
SKIPPED [1] src/tests/test_pipeline_infrastructure.py:439: Resource manager not available
SKIPPED [1] src/tests/test_pipeline_infrastructure.py:459: Resource manager not available
SKIPPED [1] src/tests/test_pipeline_infrastructure.py:496: Script validator not available
SKIPPED [1] src/tests/test_pipeline_infrastructure.py:527: Script validator not available
SKIPPED [1] src/tests/test_pipeline_infrastructure.py:554: Pipeline modules not available for integration test
SKIPPED [1] src/tests/test_pipeline_infrastructure.py:580: Utils modules not available for integration test
SKIPPED [1] src/tests/test_pipeline_infrastructure.py:603: Pipeline infrastructure not available for performance test
SKIPPED [1] src/tests/test_pipeline_scripts.py:123: Script 2_gnn.py not found
SKIPPED [1] src/tests/test_pipeline_scripts.py:123: Script 3_tests.py not found
SKIPPED [1] src/tests/test_pipeline_scripts.py:123: Script 4_type_checker.py not found
SKIPPED [1] src/tests/test_pipeline_scripts.py:123: Script 5_export.py not found
SKIPPED [1] src/tests/test_pipeline_scripts.py:123: Script 6_visualization.py not found
SKIPPED [1] src/tests/test_pipeline_scripts.py:123: Script 7_mcp.py not found
SKIPPED [1] src/tests/test_pipeline_scripts.py:123: Script 8_ontology.py not found
SKIPPED [1] src/tests/test_pipeline_scripts.py:123: Script 9_render.py not found
SKIPPED [1] src/tests/test_pipeline_scripts.py:123: Script 10_execute.py not found
SKIPPED [1] src/tests/test_pipeline_scripts.py:123: Script 11_llm.py not found
SKIPPED [1] src/tests/test_pipeline_scripts.py:123: Script 12_audio.py not found
SKIPPED [1] src/tests/test_pipeline_scripts.py:123: Script 13_website.py not found
SKIPPED [1] src/tests/test_pipeline_scripts.py:123: Script 14_report.py not found
SKIPPED [1] src/tests/test_pipeline_scripts.py:160: Script 2_gnn.py not found
SKIPPED [1] src/tests/test_pipeline_scripts.py:160: Script 3_tests.py not found
SKIPPED [1] src/tests/test_pipeline_scripts.py:160: Script 4_type_checker.py not found
SKIPPED [1] src/tests/test_pipeline_scripts.py:160: Script 5_export.py not found
SKIPPED [1] src/tests/test_pipeline_scripts.py:160: Script 6_visualization.py not found
SKIPPED [1] src/tests/test_pipeline_scripts.py:160: Script 7_mcp.py not found
SKIPPED [1] src/tests/test_pipeline_scripts.py:160: Script 8_ontology.py not found
SKIPPED [1] src/tests/test_pipeline_scripts.py:160: Script 9_render.py not found
SKIPPED [1] src/tests/test_pipeline_scripts.py:160: Script 10_execute.py not found
SKIPPED [1] src/tests/test_pipeline_scripts.py:160: Script 11_llm.py not found
SKIPPED [1] src/tests/test_pipeline_scripts.py:160: Script 12_audio.py not found
SKIPPED [1] src/tests/test_pipeline_scripts.py:160: Script 13_website.py not found
SKIPPED [1] src/tests/test_pipeline_scripts.py:160: Script 14_report.py not found
SKIPPED [1] src/tests/test_pipeline_scripts.py:193: Script 2_gnn.py not found
SKIPPED [1] src/tests/test_pipeline_scripts.py:193: Script 3_tests.py not found
SKIPPED [1] src/tests/test_pipeline_scripts.py:193: Script 4_type_checker.py not found
SKIPPED [1] src/tests/test_pipeline_scripts.py:193: Script 5_export.py not found
SKIPPED [1] src/tests/test_pipeline_scripts.py:193: Script 6_visualization.py not found
SKIPPED [1] src/tests/test_pipeline_scripts.py:193: Script 7_mcp.py not found
SKIPPED [1] src/tests/test_pipeline_scripts.py:193: Script 8_ontology.py not found
SKIPPED [1] src/tests/test_pipeline_scripts.py:193: Script 9_render.py not found
SKIPPED [1] src/tests/test_pipeline_scripts.py:193: Script 10_execute.py not found
SKIPPED [1] src/tests/test_pipeline_scripts.py:193: Script 11_llm.py not found
SKIPPED [1] src/tests/test_pipeline_scripts.py:193: Script 12_audio.py not found
SKIPPED [1] src/tests/test_pipeline_scripts.py:193: Script 13_website.py not found
SKIPPED [1] src/tests/test_pipeline_scripts.py:193: Script 14_report.py not found
FAILED src/tests/test_pipeline_recovery.py::TestRecursionErrorRecovery::test_numpy_import_recovery - Failed: DID NOT RAISE <class 'RecursionError'>
FAILED src/tests/test_pipeline_recovery.py::TestAsyncAwaitRecovery::test_llm_analysis_recovery - Failed: async def functions are not natively supported.
You need to install a suitable plugin for your async framework, for example:
  - anyio
  - pytest-asyncio
  - pytest-tornasync
  - pytest-trio
  - pytest-twisted
FAILED src/tests/test_pipeline_scripts.py::TestStep10ExecuteComprehensive::test_step10_execution_safety - ImportError: cannot import name 'execute_script_safely' from 'src.execute' (/Users/4d/Documents/GitHub/GeneralizedNotationNotation/src/execute/__init__.py)
FAILED src/tests/test_pipeline_scripts.py::TestStep11LLMComprehensive::test_step11_llm_operations - ImportError: cannot import name 'analyze_gnn_model' from 'src.llm' (/Users/4d/Documents/GitHub/GeneralizedNotationNotation/src/llm/__init__.py)
============= 4 failed, 75 passed, 57 skipped, 1 warning in 14.82s =============