<?xml version="1.0" encoding="utf-8"?><testsuites name="pytest tests"><testsuite name="pytest" errors="0" failures="1" skipped="8" tests="2094" time="409.961" timestamp="2026-06-20T20:10:52.720413+00:00" hostname="runnervm7b5n9"><testcase classname="src.tests.advanced_visualization.test_advanced_visualization_overall.TestAdvancedVisualizationModule" name="test_module_imports" time="0.001" /><testcase classname="src.tests.advanced_visualization.test_advanced_visualization_overall.TestAdvancedVisualizationModule" name="test_visualization_functions" time="0.001" /><testcase classname="src.tests.advanced_visualization.test_advanced_visualization_overall.TestAdvancedVisualizer" name="test_visualizer_instantiation" time="0.000" /><testcase classname="src.tests.advanced_visualization.test_advanced_visualization_overall.TestAdvancedVisualizer" name="test_visualizer_methods" time="0.000" /><testcase classname="src.tests.advanced_visualization.test_advanced_visualization_overall.TestDashboardGenerator" name="test_dashboard_generator_instantiation" time="0.007" /><testcase classname="src.tests.advanced_visualization.test_advanced_visualization_overall.TestDashboardGenerator" name="test_generate_dashboard_function" time="0.002" /><testcase classname="src.tests.advanced_visualization.test_advanced_visualization_overall.TestVisualizationDataExtractor" name="test_extractor_instantiation" time="0.001" /><testcase classname="src.tests.advanced_visualization.test_advanced_visualization_overall.TestVisualizationDataExtractor" name="test_extract_visualization_data" time="0.003" /><testcase classname="src.tests.advanced_visualization.test_advanced_visualization_overall.TestVisualizationDataExtractor" name="test_extract_from_file_failure_returns_full_shape" time="0.001" /><testcase classname="src.tests.advanced_visualization.test_advanced_visualization_overall.TestVisualizationDataExtractor" name="test_connection_keys_use_source_target_variables" time="0.001" /><testcase classname="src.tests.advanced_visualization.test_advanced_visualization_overall.TestVisualizationDataExtractor" name="test_extract_from_content_failure_returns_full_shape" time="0.001" /><testcase classname="src.tests.advanced_visualization.test_advanced_visualization_overall.TestD2Visualization" name="test_d2_availability_flag" time="0.000" /><testcase classname="src.tests.advanced_visualization.test_advanced_visualization_overall.TestD2Visualization" name="test_d2_visualizer_import" time="0.000" /><testcase classname="src.tests.advanced_visualization.test_advanced_visualization_overall.TestD2Visualization" name="test_process_gnn_file_with_d2" time="0.002" /><testcase classname="src.tests.advanced_visualization.test_advanced_visualization_overall.TestProcessAdvancedViz" name="test_process_advanced_viz" time="0.004" /><testcase classname="src.tests.advanced_visualization.test_advanced_visualization_overall.TestProcessAdvancedViz" name="test_process_with_viz_types" time="0.013" /><testcase classname="src.tests.advanced_visualization.test_advanced_visualization_overall.TestProcessAdvancedViz" name="test_process_advanced_viz_empty_input_returns_warning_code" time="0.004" /><testcase classname="src.tests.advanced_visualization.test_advanced_visualization_overall.TestVisualizationCreation" name="test_create_default_visualization" time="0.000" /><testcase classname="src.tests.advanced_visualization.test_advanced_visualization_overall.TestVisualizationCreation" name="test_create_network_visualization" time="0.000" /><testcase classname="src.tests.advanced_visualization.test_advanced_visualization_shared.TestNormalizeConnectionFormat" name="test_new_format_passthrough" time="0.000" /><testcase classname="src.tests.advanced_visualization.test_advanced_visualization_shared.TestNormalizeConnectionFormat" name="test_old_format_converted" time="0.000" /><testcase classname="src.tests.advanced_visualization.test_advanced_visualization_shared.TestNormalizeConnectionFormat" name="test_old_format_extra_keys_preserved" time="0.000" /><testcase classname="src.tests.advanced_visualization.test_advanced_visualization_shared.TestNormalizeConnectionFormat" name="test_source_not_in_result_when_converted" time="0.000" /><testcase classname="src.tests.advanced_visualization.test_advanced_visualization_shared.TestNormalizeConnectionFormat" name="test_unknown_format_returns_unchanged" time="0.000" /><testcase classname="src.tests.advanced_visualization.test_advanced_visualization_shared.TestCalculateSemanticPositions" name="test_empty_variables_returns_empty" time="0.000" /><testcase classname="src.tests.advanced_visualization.test_advanced_visualization_shared.TestCalculateSemanticPositions" name="test_single_variable_returns_one_position" time="0.001" /><testcase classname="src.tests.advanced_visualization.test_advanced_visualization_shared.TestCalculateSemanticPositions" name="test_multiple_variables_correct_count" time="0.004" /><testcase classname="src.tests.advanced_visualization.test_advanced_visualization_shared.TestCalculateSemanticPositions" name="test_positions_are_3d" time="0.001" /><testcase classname="src.tests.advanced_visualization.test_advanced_visualization_shared.TestValidateVisualizationData" name="test_empty_model_returns_dict" time="0.001" /><testcase classname="src.tests.advanced_visualization.test_advanced_visualization_shared.TestValidateVisualizationData" name="test_valid_model_is_valid" time="0.001" /><testcase classname="src.tests.advanced_visualization.test_advanced_visualization_shared.TestValidateVisualizationData" name="test_model_with_variables_passes" time="0.001" /><testcase classname="src.tests.analysis.test_analysis_empty_input" name="test_process_analysis_returns_2_when_no_gnn_files" time="0.002" /><testcase classname="src.tests.analysis.test_analysis_empty_input" name="test_process_analysis_returns_2_when_target_dir_missing" time="0.001" /><testcase classname="src.tests.analysis.test_analysis_extraction" name="test_extract_activeinference_jl_data" time="0.002" /><testcase classname="src.tests.analysis.test_analysis_extraction" name="test_extract_discopy_data" time="0.001" /><testcase classname="src.tests.analysis.test_analysis_overall" name="test_gridworld_animation_suite_and_manifest" time="4.183" /><testcase classname="src.tests.analysis.test_analysis_overall.TestAnalysisOverall" name="test_process_analysis_flow" time="0.004" /><testcase classname="src.tests.analysis.test_analysis_overall.TestAnalysisOverall" name="test_process_analysis_no_files" time="0.002" /><testcase classname="src.tests.analysis.test_analysis_overall.TestAnalysisOverall" name="test_generate_animations_normalization_contract" time="0.001" /><testcase classname="src.tests.analysis.test_analysis_overall.TestAnalysisOverall" name="test_execution_scope_filters_stale_frameworks" time="0.002" /><testcase classname="src.tests.analysis.test_analysis_overall.TestPostSimulationVisualization" name="test_generate_belief_heatmaps" time="0.712" /><testcase classname="src.tests.analysis.test_analysis_overall.TestPostSimulationVisualization" name="test_generate_action_analysis" time="0.677" /><testcase classname="src.tests.analysis.test_analysis_overall.TestPostSimulationVisualization" name="test_generate_free_energy_plots" time="1.072" /><testcase classname="src.tests.analysis.test_analysis_overall.TestPostSimulationVisualization" name="test_generate_observation_analysis" time="0.427" /><testcase classname="src.tests.analysis.test_analysis_overall.TestPostSimulationVisualization" name="test_analyze_free_energy" time="0.001" /><testcase classname="src.tests.analysis.test_analysis_overall.TestPostSimulationVisualization" name="test_analyze_simulation_traces" time="0.000" /><testcase classname="src.tests.analysis.test_analysis_overall.TestPostSimulationVisualization" name="test_analyze_policy_convergence" time="0.001" /><testcase classname="src.tests.analysis.test_analysis_overall.TestPostSimulationVisualization" name="test_compare_framework_results" time="0.001" /><testcase classname="src.tests.analysis.test_analysis_overall.TestAnalysisModuleImports" name="test_visualization_function_exports" time="0.000" /><testcase classname="src.tests.analysis.test_analysis_overall.TestActiveInferenceJLAnalyzer" name="test_module_importable" time="0.005" /><testcase classname="src.tests.analysis.test_analysis_overall.TestActiveInferenceJLAnalyzer" name="test_generate_analysis_from_logs_missing_dir" time="0.001" /><testcase classname="src.tests.analysis.test_analysis_overall.TestActiveInferenceJLAnalyzer" name="test_generate_analysis_from_logs_empty_dir" time="0.001" /><testcase classname="src.tests.analysis.test_analysis_overall.TestDisCoPyAnalyzer" name="test_module_importable" time="0.004" /><testcase classname="src.tests.analysis.test_analysis_overall.TestDisCoPyAnalyzer" name="test_extract_circuit_data_empty_dir" time="0.001" /><testcase classname="src.tests.analysis.test_analysis_overall.TestDisCoPyAnalyzer" name="test_analyze_diagram_structure_empty" time="0.000" /><testcase classname="src.tests.analysis.test_analysis_overall.TestDisCoPyAnalyzer" name="test_generate_analysis_from_logs_empty_dir" time="0.001" /><testcase classname="src.tests.analysis.test_analysis_overall.TestJAXAnalyzer" name="test_module_importable" time="0.007" /><testcase classname="src.tests.analysis.test_analysis_overall.TestJAXAnalyzer" name="test_parse_raw_output_empty_string" time="0.000" /><testcase classname="src.tests.analysis.test_analysis_overall.TestJAXAnalyzer" name="test_extract_simulation_data_empty_dir" time="0.001" /><testcase classname="src.tests.analysis.test_analysis_overall.TestJAXAnalyzer" name="test_generate_analysis_from_logs_empty_dir" time="0.001" /><testcase classname="src.tests.analysis.test_analysis_overall.TestPyMDPAnalyzer" name="test_module_importable" time="0.000" /><testcase classname="src.tests.analysis.test_analysis_overall.TestPyMDPAnalyzer" name="test_generate_analysis_from_logs_missing_dir" time="0.001" /><testcase classname="src.tests.analysis.test_analysis_overall.TestPyMDPAnalyzer" name="test_generate_analysis_from_logs_empty_dir" time="0.001" /><testcase classname="src.tests.analysis.test_analysis_overall.TestPyMDPAnalyzer" name="test_generate_analysis_prefers_current_named_results" time="0.003" /><testcase classname="src.tests.analysis.test_analysis_overall.TestRxInferAnalyzer" name="test_module_importable" time="0.004" /><testcase classname="src.tests.analysis.test_analysis_overall.TestRxInferAnalyzer" name="test_extract_simulation_data_empty_dir" time="0.001" /><testcase classname="src.tests.analysis.test_analysis_overall.TestRxInferAnalyzer" name="test_generate_analysis_from_logs_empty_dir" time="0.001" /><testcase classname="src.tests.analysis.test_analysis_overall.TestAnalyzerSimulationMetrics" name="test_extract_simulation_metrics_returns_dict" time="0.001" /><testcase classname="src.tests.analysis.test_analysis_overall.TestAnalyzerSimulationMetrics" name="test_extract_simulation_metrics_reads_pymdp_v1_json" time="0.002" /><testcase classname="src.tests.analysis.test_analysis_overall.TestAnalyzerSimulationMetrics" name="test_extract_simulation_metrics_rejects_non_v1_pymdp_json" time="0.002" /><testcase classname="src.tests.analysis.test_analysis_overall.TestAnalyzerSimulationMetrics" name="test_extract_simulation_metrics_missing_dir" time="0.001" /><testcase classname="src.tests.analysis.test_analysis_overall.TestAnalyzerSimulationMetrics" name="test_extract_simulation_metrics_rejects_stale_checkout_output" time="0.002" /><testcase classname="src.tests.analysis.test_analysis_overall.TestAnalyzerSimulationMetrics" name="test_extract_simulation_metrics_bnlearn_execution_logs" time="0.002" /><testcase classname="src.tests.analysis.test_analysis_overall.TestAnalyzerSimulationMetrics" name="test_extract_simulation_metrics_rxinfer_prefers_simulation_data" time="0.002" /><testcase classname="src.tests.analysis.test_analysis_overall.TestAnalyzerSimulationMetrics" name="test_extract_simulation_metrics_discopy_supplements_circuit_info" time="0.002" /><testcase classname="src.tests.analysis.test_analysis_overall.TestAnalyzerSimulationMetrics" name="test_compare_framework_results_empty_input" time="0.000" /><testcase classname="src.tests.analysis.test_analysis_overall.TestAnalyzerSimulationMetrics" name="test_compare_framework_results_success_rates" time="0.000" /><testcase classname="src.tests.analysis.test_analysis_overall.TestAnalyzerSimulationMetrics" name="test_compare_framework_results_execution_times" time="0.001" /><testcase classname="src.tests.analysis.test_analysis_overall.TestAnalyzerSimulationMetrics" name="test_visualize_simulation_results_no_details" time="0.001" /><testcase classname="src.tests.analysis.test_analysis_post_simulation.TestShannonEntropy" name="test_uniform_distribution" time="0.000" /><testcase classname="src.tests.analysis.test_analysis_post_simulation.TestShannonEntropy" name="test_deterministic_distribution" time="0.000" /><testcase classname="src.tests.analysis.test_analysis_post_simulation.TestShannonEntropy" name="test_binary_half" time="0.000" /><testcase classname="src.tests.analysis.test_analysis_post_simulation.TestShannonEntropy" name="test_non_normalized_input" time="0.000" /><testcase classname="src.tests.analysis.test_analysis_post_simulation.TestShannonEntropy" name="test_single_element" time="0.000" /><testcase classname="src.tests.analysis.test_analysis_post_simulation.TestKLDivergence" name="test_identical_distributions" time="0.000" /><testcase classname="src.tests.analysis.test_analysis_post_simulation.TestKLDivergence" name="test_asymmetry" time="0.000" /><testcase classname="src.tests.analysis.test_analysis_post_simulation.TestKLDivergence" name="test_kl_non_negative" time="0.000" /><testcase classname="src.tests.analysis.test_analysis_post_simulation.TestKLDivergence" name="test_kl_with_zero_elements" time="0.000" /><testcase classname="src.tests.analysis.test_analysis_post_simulation.TestVariationalFreeEnergy" name="test_basic_computation" time="0.001" /><testcase classname="src.tests.analysis.test_analysis_post_simulation.TestVariationalFreeEnergy" name="test_with_explicit_prior" time="0.001" /><testcase classname="src.tests.analysis.test_analysis_post_simulation.TestVariationalFreeEnergy" name="test_uniform_prior_default" time="0.001" /><testcase classname="src.tests.analysis.test_analysis_post_simulation.TestVariationalFreeEnergy" name="test_free_energy_changes_with_beliefs" time="0.001" /><testcase classname="src.tests.analysis.test_analysis_post_simulation.TestExpectedFreeEnergy" name="test_basic_efe" time="0.001" /><testcase classname="src.tests.analysis.test_analysis_post_simulation.TestExpectedFreeEnergy" name="test_different_policies_different_efe" time="0.001" /><testcase classname="src.tests.analysis.test_analysis_post_simulation.TestExpectedFreeEnergy" name="test_efe_with_2d_B" time="0.001" /><testcase classname="src.tests.analysis.test_analysis_post_simulation.TestInformationGain" name="test_no_update" time="0.000" /><testcase classname="src.tests.analysis.test_analysis_post_simulation.TestInformationGain" name="test_positive_gain" time="0.000" /><testcase classname="src.tests.analysis.test_analysis_post_simulation.TestExtractPymdpData" name="test_empty_result" time="0.000" /><testcase classname="src.tests.analysis.test_analysis_post_simulation.TestExtractPymdpData" name="test_with_simulation_data" time="0.000" /><testcase classname="src.tests.analysis.test_analysis_post_simulation.TestExtractRxinferData" name="test_empty_result" time="0.000" /><testcase classname="src.tests.analysis.test_analysis_post_simulation.TestExtractRxinferData" name="test_with_simulation_data" time="0.000" /><testcase classname="src.tests.analysis.test_analysis_post_simulation.TestExtractJaxData" name="test_empty_result" time="0.000" /><testcase classname="src.tests.analysis.test_analysis_post_simulation.TestExtractDiscopyData" name="test_empty_result" time="0.000" /><testcase classname="src.tests.analysis.test_analysis_post_simulation.TestExtractActiveInferenceJlData" name="test_empty_result" time="0.000" /><testcase classname="src.tests.analysis.test_analysis_post_simulation.TestAnalyzeSimulationTraces" name="test_empty_traces" time="0.001" /><testcase classname="src.tests.analysis.test_analysis_post_simulation.TestAnalyzeSimulationTraces" name="test_list_traces" time="0.000" /><testcase classname="src.tests.analysis.test_analysis_post_simulation.TestAnalyzeSimulationTraces" name="test_dict_traces" time="0.000" /><testcase classname="src.tests.analysis.test_analysis_post_simulation.TestAnalyzeSimulationTraces" name="test_model_name_preserved" time="0.000" /><testcase classname="src.tests.analysis.test_analysis_post_simulation.TestAnalyzeFreeEnergy" name="test_empty_values" time="0.000" /><testcase classname="src.tests.analysis.test_analysis_post_simulation.TestAnalyzeFreeEnergy" name="test_basic_statistics" time="0.001" /><testcase classname="src.tests.analysis.test_analysis_post_simulation.TestAnalyzeFreeEnergy" name="test_decreasing_trend" time="0.001" /><testcase classname="src.tests.analysis.test_analysis_post_simulation.TestAnalyzeFreeEnergy" name="test_convergence_detection" time="0.001" /><testcase classname="src.tests.analysis.test_analysis_post_simulation.TestAnalyzePolicyConvergence" name="test_empty_policies" time="0.000" /><testcase classname="src.tests.analysis.test_analysis_post_simulation.TestAnalyzePolicyConvergence" name="test_deterministic_policies" time="0.000" /><testcase classname="src.tests.analysis.test_analysis_post_simulation.TestAnalyzePolicyConvergence" name="test_uniform_policies" time="0.000" /><testcase classname="src.tests.analysis.test_analysis_post_simulation.TestAnalyzeStateDistributions" name="test_empty_states" time="0.000" /><testcase classname="src.tests.analysis.test_analysis_post_simulation.TestAnalyzeStateDistributions" name="test_state_entropy_calculation" time="0.000" /><testcase classname="src.tests.analysis.test_analysis_post_simulation.TestAnalyzeStateDistributions" name="test_diversity_metrics" time="0.001" /><testcase classname="src.tests.analysis.test_analysis_post_simulation.TestCompareFrameworkResults" name="test_single_framework" time="0.000" /><testcase classname="src.tests.analysis.test_analysis_post_simulation.TestCompareFrameworkResults" name="test_two_frameworks" time="0.000" /><testcase classname="src.tests.analysis.test_analysis_post_simulation.TestCompareFrameworkResults" name="test_success_rates_comparison" time="0.000" /><testcase classname="src.tests.analysis.test_analysis_post_simulation.TestCompareFrameworkResults" name="test_empty_results" time="0.000" /><testcase classname="src.tests.analysis.test_analysis_viz_base.TestMatplotlibAvailable" name="test_is_bool" time="0.000" /><testcase classname="src.tests.analysis.test_analysis_viz_base.TestSavefigReal" name="test_returns_none_when_unavailable" time="0.001" /><testcase classname="src.tests.analysis.test_analysis_viz_base.TestSavefigReal" name="test_returns_string_path_on_success" time="0.158" /><testcase classname="src.tests.analysis.test_analysis_viz_base.TestSavefigReal" name="test_parent_directory_created" time="0.158" /><testcase classname="src.tests.analysis.test_analysis_viz_base.TestSavefigReal" name="test_returns_none_on_savefig_failure" time="0.068" /><testcase classname="src.tests.analysis.test_interpretability_summary" name="test_model_interpretability_summary_extracts_variables_edges_and_traces" time="0.004" /><testcase classname="src.tests.analysis.test_interpretability_summary" name="test_family_interpretability_markdown_is_compact" time="0.001" /><testcase classname="src.tests.api.test_api_endpoints" name="test_api_health_endpoint" time="0.171" /><testcase classname="src.tests.api.test_api_endpoints" name="test_api_list_runs_empty" time="0.006" /><testcase classname="src.tests.api.test_api_endpoints" name="test_api_submit_run_invalid_payload" time="0.006" /><testcase classname="src.tests.api.test_api_endpoints" name="test_api_submit_run_success" time="0.009" /><testcase classname="src.tests.api.test_api_endpoints" name="test_api_submit_run_rejects_output_outside_repo" time="0.007" /><testcase classname="src.tests.api.test_api_endpoints" name="test_api_submit_run_stores_normalized_output_dir" time="0.007" /><testcase classname="src.tests.api.test_api_endpoints" name="test_job_processor_uses_requested_output_dir" time="0.005" /><testcase classname="src.tests.api.test_api_endpoints" name="test_api_availability_flag" time="0.000" /><testcase classname="src.tests.api.test_api_startup" name="test_api_module_loads_and_exposes_version" time="0.000" /><testcase classname="src.tests.api.test_api_startup" name="test_api_app_has_routes_registered" time="0.062" /><testcase classname="src.tests.api.test_api_startup" name="test_api_openapi_schema_is_well_formed" time="0.046" /><testcase classname="src.tests.api.test_api_startup" name="test_api_health_endpoint_exists" time="0.001" /><testcase classname="src.tests.api.test_comprehensive_api.TestGNNModule" name="test_module_imports" time="0.000" /><testcase classname="src.tests.api.test_comprehensive_api.TestGNNModule" name="test_get_module_info" time="0.001" /><testcase classname="src.tests.api.test_comprehensive_api.TestGNNModule" name="test_validate_gnn_function" time="0.001" /><testcase classname="src.tests.api.test_comprehensive_api.TestGNNModule" name="test_feature_flags" time="0.000" /><testcase classname="src.tests.api.test_comprehensive_api.TestExportModule" name="test_module_imports" time="0.000" /><testcase classname="src.tests.api.test_comprehensive_api.TestExportModule" name="test_get_module_info" time="0.001" /><testcase classname="src.tests.api.test_comprehensive_api.TestExportModule" name="test_get_supported_formats" time="0.000" /><testcase classname="src.tests.api.test_comprehensive_api.TestExportModule" name="test_export_gnn_model_invalid_format" time="0.001" /><testcase classname="src.tests.api.test_comprehensive_api.TestRenderModule" name="test_module_imports" time="0.000" /><testcase classname="src.tests.api.test_comprehensive_api.TestRenderModule" name="test_get_module_info" time="0.001" /><testcase classname="src.tests.api.test_comprehensive_api.TestRenderModule" name="test_get_available_renderers" time="0.000" /><testcase classname="src.tests.api.test_comprehensive_api.TestRenderModule" name="test_feature_flags" time="0.000" /><testcase classname="src.tests.api.test_comprehensive_api.TestWebsiteModule" name="test_module_imports" time="0.000" /><testcase classname="src.tests.api.test_comprehensive_api.TestWebsiteModule" name="test_get_module_info" time="0.000" /><testcase classname="src.tests.api.test_comprehensive_api.TestWebsiteModule" name="test_get_supported_file_types" time="0.000" /><testcase classname="src.tests.api.test_comprehensive_api.TestWebsiteModule" name="test_generate_website_from_pipeline_output_nonexistent" time="0.001" /><testcase classname="src.tests.api.test_comprehensive_api.TestWebsiteModule" name="test_validate_website_config" time="0.001" /><testcase classname="src.tests.api.test_comprehensive_api.TestSAPFModule" name="test_module_imports" time="0.001" /><testcase classname="src.tests.api.test_comprehensive_api.TestSAPFModule" name="test_get_module_info" time="0.001" /><testcase classname="src.tests.api.test_comprehensive_api.TestSAPFModule" name="test_get_audio_generation_options" time="0.000" /><testcase classname="src.tests.api.test_comprehensive_api.TestSAPFModule" name="test_process_gnn_to_audio_invalid_input" time="0.000" /><testcase classname="src.tests.api.test_comprehensive_api.TestOntologyModule" name="test_module_imports" time="0.001" /><testcase classname="src.tests.api.test_comprehensive_api.TestOntologyModule" name="test_get_module_info" time="0.000" /><testcase classname="src.tests.api.test_comprehensive_api.TestOntologyModule" name="test_get_ontology_processing_options" time="0.000" /><testcase classname="src.tests.api.test_comprehensive_api.TestOntologyModule" name="test_process_gnn_ontology_nonexistent_file" time="0.002" /><testcase classname="src.tests.api.test_comprehensive_api.TestOntologyModule" name="test_parse_gnn_ontology_section_empty" time="0.001" /><testcase classname="src.tests.api.test_comprehensive_api.TestTypeCheckerModule" name="test_module_imports" time="0.000" /><testcase classname="src.tests.api.test_comprehensive_api.TestTypeCheckerModule" name="test_type_checker_instantiation" time="0.000" /><testcase classname="src.tests.api.test_comprehensive_api.TestVisualizationModule" name="test_module_imports" time="0.000" /><testcase classname="src.tests.api.test_comprehensive_api.TestVisualizationModule" name="test_visualizer_instantiation" time="0.001" /><testcase classname="src.tests.api.test_comprehensive_api.TestExecuteModule" name="test_module_imports" time="0.000" /><testcase classname="src.tests.api.test_comprehensive_api.TestExecuteModule" name="test_executor_instantiation" time="0.001" /><testcase classname="src.tests.api.test_comprehensive_api.TestLLMModule" name="test_module_imports" time="0.001" /><testcase classname="src.tests.api.test_comprehensive_api.TestLLMModule" name="test_llm_processor_instantiation" time="0.001" /><testcase classname="src.tests.api.test_comprehensive_api.TestMCPModule" name="test_module_imports" time="0.001" /><testcase classname="src.tests.api.test_comprehensive_api.TestMCPModule" name="test_mcp_server_instantiation" time="0.001" /><testcase classname="src.tests.api.test_comprehensive_api.TestSetupModule" name="test_module_imports" time="0.001" /><testcase classname="src.tests.api.test_comprehensive_api.TestSetupModule" name="test_setup_functions_exist" time="0.000" /><testcase classname="src.tests.api.test_comprehensive_api.TestUtilsModule" name="test_module_imports" time="0.000" /><testcase classname="src.tests.api.test_comprehensive_api.TestUtilsModule" name="test_utils_classes_instantiation" time="0.001" /><testcase classname="src.tests.api.test_comprehensive_api.TestPipelineModule" name="test_module_imports" time="0.000" /><testcase classname="src.tests.api.test_comprehensive_api.TestPipelineModule" name="test_pipeline_config" time="0.000" /><testcase classname="src.tests.api.test_comprehensive_api.TestMCPIntegration" name="test_mcp_availability_flags" time="0.000" /><testcase classname="src.tests.api.test_comprehensive_api.TestMCPIntegration" name="test_register_tools_functions" time="0.001" /><testcase classname="src.tests.api.test_comprehensive_api.TestModuleConsistency" name="test_version_consistency" time="0.000" /><testcase classname="src.tests.api.test_comprehensive_api.TestModuleConsistency" name="test_feature_flags_consistency" time="0.000" /><testcase classname="src.tests.api.test_comprehensive_api.TestModuleConsistency" name="test_module_info_consistency" time="0.001" /><testcase classname="src.tests.audio.test_audio_generation.TestGenerateTonalRepresentation" name="test_empty_variables_returns_silence" time="0.001" /><testcase classname="src.tests.audio.test_audio_generation.TestGenerateTonalRepresentation" name="test_single_variable_produces_nonzero_audio" time="0.005" /><testcase classname="src.tests.audio.test_audio_generation.TestGenerateTonalRepresentation" name="test_multiple_variables_returns_correct_length" time="0.015" /><testcase classname="src.tests.audio.test_audio_generation.TestGenerateTonalRepresentation" name="test_connections_do_not_change_output_length" time="0.008" /><testcase classname="src.tests.audio.test_audio_generation.TestGenerateRhythmicRepresentation" name="test_no_connections_returns_silence" time="0.001" /><testcase classname="src.tests.audio.test_audio_generation.TestGenerateRhythmicRepresentation" name="test_single_connection_produces_audio" time="0.006" /><testcase classname="src.tests.audio.test_audio_generation.TestGenerateRhythmicRepresentation" name="test_multiple_connections_correct_length" time="0.014" /><testcase classname="src.tests.audio.test_audio_generation.TestGenerateAmbientRepresentation" name="test_empty_inputs_returns_audio_with_drone" time="0.006" /><testcase classname="src.tests.audio.test_audio_generation.TestGenerateAmbientRepresentation" name="test_variables_add_harmonics" time="0.027" /><testcase classname="src.tests.audio.test_audio_generation.TestGenerateAmbientRepresentation" name="test_output_length_is_ten_seconds" time="0.012" /><testcase classname="src.tests.audio.test_audio_generation.TestGenerateSonificationAudio" name="test_empty_dynamics_returns_silence" time="0.001" /><testcase classname="src.tests.audio.test_audio_generation.TestGenerateSonificationAudio" name="test_single_dynamic_produces_audio" time="0.013" /><testcase classname="src.tests.audio.test_audio_generation.TestGenerateSonificationAudio" name="test_output_length_is_eight_seconds" time="0.012" /><testcase classname="src.tests.audio.test_audio_generation.TestGenerateOscillatorAudio" name="test_oscillator_types_produce_audio[sine]" time="0.001" /><testcase classname="src.tests.audio.test_audio_generation.TestGenerateOscillatorAudio" name="test_oscillator_types_produce_audio[square]" time="0.001" /><testcase classname="src.tests.audio.test_audio_generation.TestGenerateOscillatorAudio" name="test_oscillator_types_produce_audio[sawtooth]" time="0.001" /><testcase classname="src.tests.audio.test_audio_generation.TestGenerateOscillatorAudio" name="test_oscillator_types_produce_audio[triangle]" time="0.001" /><testcase classname="src.tests.audio.test_audio_generation.TestGenerateOscillatorAudio" name="test_oscillator_types_produce_audio[noise]" time="0.001" /><testcase classname="src.tests.audio.test_audio_generation.TestGenerateOscillatorAudio" name="test_unknown_type_falls_back_gracefully" time="0.001" /><testcase classname="src.tests.audio.test_audio_generation.TestMixAudioChannels" name="test_empty_channels_returns_empty" time="0.000" /><testcase classname="src.tests.audio.test_audio_generation.TestMixAudioChannels" name="test_single_channel_passthrough" time="0.001" /><testcase classname="src.tests.audio.test_audio_generation.TestMixAudioChannels" name="test_add_mode_sums_channels" time="0.001" /><testcase classname="src.tests.audio.test_audio_generation.TestMixAudioChannels" name="test_average_mode" time="0.001" /><testcase classname="src.tests.audio.test_audio_generation.TestMixAudioChannels" name="test_unequal_length_channels_padded" time="0.001" /><testcase classname="src.tests.audio.test_audio_generation.TestSyntheticAudioGenerator" name="test_generate_sine_wave" time="0.001" /><testcase classname="src.tests.audio.test_audio_generation.TestSyntheticAudioGenerator" name="test_apply_adsr_envelope_changes_amplitude" time="0.001" /><testcase classname="src.tests.audio.test_audio_generation.TestSyntheticAudioGenerator" name="test_supported_formats_present" time="0.000" /><testcase classname="src.tests.audio.test_audio_integration.TestAudioGNNIntegration" name="test_audio_module_gnn_data_flow" time="0.001" /><testcase classname="src.tests.audio.test_audio_integration.TestAudioGNNIntegration" name="test_audio_generation_from_parsed_gnn" time="0.091" /><testcase classname="src.tests.audio.test_audio_integration.TestAudioGNNIntegration" name="test_audio_backends_availability" time="0.005" /><testcase classname="src.tests.audio.test_audio_integration.TestAudioGNNIntegration" name="test_audio_features_availability" time="0.000" /><testcase classname="src.tests.audio.test_audio_integration.TestAudioPipelineIntegration" name="test_audio_step_execution" time="0.002" /><testcase classname="src.tests.audio.test_audio_integration.TestAudioPipelineIntegration" name="test_audio_sonification" time="0.004" /><testcase classname="src.tests.audio.test_audio_integration.TestAudioExportIntegration" name="test_audio_file_writing" time="0.001" /><testcase classname="src.tests.audio.test_audio_overall.TestAudioModuleComprehensive" name="test_audio_module_imports" time="0.000" /><testcase classname="src.tests.audio.test_audio_overall.TestAudioModuleComprehensive" name="test_audio_generator_instantiation" time="0.000" /><testcase classname="src.tests.audio.test_audio_overall.TestAudioModuleComprehensive" name="test_sapf_gnn_processor_instantiation" time="0.000" /><testcase classname="src.tests.audio.test_audio_overall.TestAudioModuleComprehensive" name="test_audio_module_info" time="0.000" /><testcase classname="src.tests.audio.test_audio_overall.TestAudioModuleComprehensive" name="test_audio_generation_options" time="0.000" /><testcase classname="src.tests.audio.test_audio_overall.TestAudioProcessing" name="test_gnn_to_audio_conversion" time="0.015" /><testcase classname="src.tests.audio.test_audio_overall.TestAudioProcessing" name="test_audio_validation" time="0.000" /><testcase classname="src.tests.audio.test_audio_overall.TestAudioProcessing" name="test_audio_generation" time="0.013" /><testcase classname="src.tests.audio.test_audio_overall.TestAudioIntegration" name="test_audio_pipeline_integration" time="0.114" /><testcase classname="src.tests.audio.test_audio_overall.TestAudioIntegration" name="test_audio_mcp_integration" time="0.002" /><testcase classname="src.tests.audio.test_audio_overall" name="test_audio_module_completeness" time="0.000" /><testcase classname="src.tests.audio.test_audio_overall" name="test_audio_module_performance" time="0.099" /><testcase classname="src.tests.audio.test_audio_sapf.TestSAPFCodeValidation" name="test_validate_sapf_code_valid" time="0.001" /><testcase classname="src.tests.audio.test_audio_sapf.TestSAPFCodeValidation" name="test_validate_sapf_code_invalid" time="0.000" /><testcase classname="src.tests.audio.test_audio_sapf.TestSAPFStandaloneFunctions" name="test_convert_gnn_to_sapf_function" time="0.001" /><testcase classname="src.tests.audio.test_audio_sapf.TestSAPFStandaloneFunctions" name="test_generate_oscillator_audio_function" time="0.001" /><testcase classname="src.tests.audio.test_audio_sapf.TestSAPFStandaloneFunctions" name="test_apply_envelope_function" time="0.001" /><testcase classname="src.tests.audio.test_audio_sapf.TestSAPFStandaloneFunctions" name="test_mix_audio_channels_function" time="0.001" /><testcase classname="src.tests.audio.test_audio_streaming" name="test_audio_telemetry_frames_from_execution_trace" time="0.001" /><testcase classname="src.tests.audio.test_audio_streaming" name="test_audio_stream_chunks_are_device_free" time="0.001" /><testcase classname="src.tests.audio.test_audio_streaming" name="test_audio_stream_summary_empty_chunks_is_not_success_like" time="0.001" /><testcase classname="src.tests.audio.test_audio_streaming" name="test_audio_frames_accept_step12_simulation_data_aliases" time="0.000" /><testcase classname="src.tests.audio.test_audio_streaming" name="test_audio_frames_accept_vector_free_energy_and_action_samples" time="0.000" /><testcase classname="src.tests.audio.test_audio_streaming" name="test_audio_streaming_loads_execution_output_dir" time="0.026" /><testcase classname="src.tests.audio.test_audio_streaming" name="test_audio_streaming_follows_step12_summary_structured_result" time="0.002" /><testcase classname="src.tests.audio.test_audio_streaming" name="test_audio_summary_artifact_resolver_handles_execution_rooted_relative_paths" time="0.002" /><testcase classname="src.tests.audio.test_audio_streaming" name="test_audio_streaming_rejects_summary_pointer_outside_execution_dir" time="0.002" /><testcase classname="src.tests.audio.test_audio_streaming" name="test_audio_streaming_discovers_sibling_step12_output" time="0.002" /><testcase classname="src.tests.audio.test_audio_streaming" name="test_audio_streaming_empty_telemetry_reports_no_frames" time="0.001" /><testcase classname="src.tests.cli.test_cli" name="test_cli_help" time="0.005" /><testcase classname="src.tests.cli.test_cli" name="test_cli_invalid_command" time="0.004" /><testcase classname="src.tests.cli.test_cli" name="test_cli_validate_parser" time="0.009" /><testcase classname="src.tests.cli.test_cli" name="test_cli_verbose_flag" time="0.004" /><testcase classname="src.tests.cli.test_cli" name="test_cli_health_strict_flag_routes_to_handler" time="0.003" /><testcase classname="src.tests.cli.test_cli" name="test_health_default_informational_when_environment_has_errors" time="0.003" /><testcase classname="src.tests.cli.test_cli" name="test_health_strict_fails_when_environment_has_errors" time="0.001" /><testcase classname="src.tests.cli.test_cli" name="test_cli_subcommand_routing" time="0.280" /><testcase classname="src.tests.cli.test_templates_cli" name="test_template_index_contains_documented_pull_target" time="0.001" /><testcase classname="src.tests.cli.test_templates_cli" name="test_template_index_is_externalized_and_has_three_entries" time="0.001" /><testcase classname="src.tests.cli.test_templates_cli" name="test_packaged_templates_pass_strict_cli_validation[actinf_pomdp_2state.md]" time="0.004" /><testcase classname="src.tests.cli.test_templates_cli" name="test_packaged_templates_pass_strict_cli_validation[multi_agent_coordination.md]" time="0.005" /><testcase classname="src.tests.cli.test_templates_cli" name="test_packaged_templates_pass_strict_cli_validation[pomdp_gridworld_3x3.md]" time="0.006" /><testcase classname="src.tests.cli.test_templates_cli" name="test_template_index_rejects_paths_outside_package_contract[record0]" time="0.001" /><testcase classname="src.tests.cli.test_templates_cli" name="test_template_index_rejects_paths_outside_package_contract[record1]" time="0.001" /><testcase classname="src.tests.cli.test_templates_cli" name="test_template_index_rejects_paths_outside_package_contract[record2]" time="0.001" /><testcase classname="src.tests.cli.test_templates_cli" name="test_template_index_rejects_paths_outside_package_contract[record3]" time="0.001" /><testcase classname="src.tests.cli.test_templates_cli" name="test_template_index_rejects_paths_outside_package_contract[record4]" time="0.001" /><testcase classname="src.tests.cli.test_templates_cli" name="test_show_template_returns_gridworld_record" time="0.001" /><testcase classname="src.tests.cli.test_templates_cli" name="test_pull_template_dry_run_does_not_copy" time="0.001" /><testcase classname="src.tests.cli.test_templates_cli" name="test_pull_template_copies_with_checksum" time="0.002" /><testcase classname="src.tests.cli.test_templates_cli" name="test_pull_template_rejects_checksum_collision_without_overwrite" time="0.002" /><testcase classname="src.tests.cli.test_templates_cli" name="test_pull_template_overwrite_replaces_checksum_collision" time="0.002" /><testcase classname="src.tests.cli.test_templates_cli" name="test_pull_template_rejects_symlink_destination" time="0.001" /><testcase classname="src.tests.cli.test_templates_cli" name="test_templates_list_cli_outputs_json" time="0.004" /><testcase classname="src.tests.cli.test_templates_cli" name="test_pull_cli_dry_run_outputs_json" time="0.004" /><testcase classname="src.tests.cli.test_templates_cli" name="test_templates_show_cli_outputs_one_template" time="0.004" /><testcase classname="src.tests.cli.test_templates_cli" name="test_pull_cli_unknown_template_fails" time="0.004" /><testcase classname="src.tests.cli.test_templates_cli" name="test_template_cli_works_from_installed_wheel_outside_repo" time="6.010" /><testcase classname="src.tests.docs.test_capability_contracts" name="test_capability_contracts_are_current" time="0.006" /><testcase classname="src.tests.docs.test_capability_contracts" name="test_capability_contracts_fail_strict_by_default" time="0.001" /><testcase classname="src.tests.docs.test_skill_contracts" name="test_all_source_skills_have_discovery_frontmatter" time="0.008" /><testcase classname="src.tests.docs.test_skill_contracts" name="test_all_source_skills_declare_mcp_tool_surface" time="0.006" /><testcase classname="src.tests.execute.test_discrete_models_pymdp" name="test_pomdp_extraction[actinf_pomdp_agent.md]" time="0.002" /><testcase classname="src.tests.execute.test_discrete_models_pymdp" name="test_pomdp_extraction[bnlearn_causal_model.md]" time="0.001" /><testcase classname="src.tests.execute.test_discrete_models_pymdp" name="test_pomdp_extraction[deep_planning_horizon.md]" time="0.001" /><testcase classname="src.tests.execute.test_discrete_models_pymdp" name="test_pomdp_extraction[hmm_baseline.md]" time="0.001" /><testcase classname="src.tests.execute.test_discrete_models_pymdp" name="test_pomdp_extraction[markov_chain.md]" time="0.001" /><testcase classname="src.tests.execute.test_discrete_models_pymdp" name="test_pomdp_extraction[multi_armed_bandit.md]" time="0.001" /><testcase classname="src.tests.execute.test_discrete_models_pymdp" name="test_pomdp_extraction[simple_mdp.md]" time="0.002" /><testcase classname="src.tests.execute.test_discrete_models_pymdp" name="test_pomdp_extraction[time_varying_dynamics.md]" time="0.001" /><testcase classname="src.tests.execute.test_discrete_models_pymdp" name="test_pomdp_extraction[tmaze_epistemic.md]" time="0.002" /><testcase classname="src.tests.execute.test_discrete_models_pymdp" name="test_pomdp_extraction[two_state_bistable.md]" time="0.001" /><testcase classname="src.tests.execute.test_discrete_models_pymdp" name="test_hmm_baseline_2d_b_is_passive_single_action" time="0.001" /><testcase classname="src.tests.execute.test_discrete_models_pymdp" name="test_tmaze_factored_matrices_are_preserved_and_composed" time="0.003" /><testcase classname="src.tests.execute.test_discrete_models_pymdp" name="test_time_varying_b_tensor_projects_to_pymdp_b_with_provenance" time="0.001" /><testcase classname="src.tests.execute.test_discrete_models_pymdp" name="test_pymdp_render[actinf_pomdp_agent.md]" time="0.008" /><testcase classname="src.tests.execute.test_discrete_models_pymdp" name="test_pymdp_render[bnlearn_causal_model.md]" time="0.006" /><testcase classname="src.tests.execute.test_discrete_models_pymdp" name="test_pymdp_render[deep_planning_horizon.md]" time="0.010" /><testcase classname="src.tests.execute.test_discrete_models_pymdp" name="test_pymdp_render[hmm_baseline.md]" time="0.007" /><testcase classname="src.tests.execute.test_discrete_models_pymdp" name="test_pymdp_render[markov_chain.md]" time="0.006" /><testcase classname="src.tests.execute.test_discrete_models_pymdp" name="test_pymdp_render[multi_armed_bandit.md]" time="0.007" /><testcase classname="src.tests.execute.test_discrete_models_pymdp" name="test_pymdp_render[simple_mdp.md]" time="0.008" /><testcase classname="src.tests.execute.test_discrete_models_pymdp" name="test_pymdp_render[time_varying_dynamics.md]" time="0.007" /><testcase classname="src.tests.execute.test_discrete_models_pymdp" name="test_pymdp_render[tmaze_epistemic.md]" time="0.015" /><testcase classname="src.tests.execute.test_discrete_models_pymdp" name="test_pymdp_render[two_state_bistable.md]" time="0.007" /><testcase classname="src.tests.execute.test_discrete_models_pymdp" name="test_pymdp_execute[actinf_pomdp_agent.md]" time="3.944" /><testcase classname="src.tests.execute.test_discrete_models_pymdp" name="test_pymdp_execute[bnlearn_causal_model.md]" time="3.179" /><testcase classname="src.tests.execute.test_discrete_models_pymdp" name="test_pymdp_execute[deep_planning_horizon.md]" time="3.346" /><testcase classname="src.tests.execute.test_discrete_models_pymdp" name="test_pymdp_execute[hmm_baseline.md]" time="3.301" /><testcase classname="src.tests.execute.test_discrete_models_pymdp" name="test_pymdp_execute[markov_chain.md]" time="2.086" /><testcase classname="src.tests.execute.test_discrete_models_pymdp" name="test_pymdp_execute[multi_armed_bandit.md]" time="2.056" /><testcase classname="src.tests.execute.test_discrete_models_pymdp" name="test_pymdp_execute[simple_mdp.md]" time="2.006" /><testcase classname="src.tests.execute.test_discrete_models_pymdp" name="test_pymdp_execute[time_varying_dynamics.md]" time="2.262" /><testcase classname="src.tests.execute.test_discrete_models_pymdp" name="test_pymdp_execute[tmaze_epistemic.md]" time="3.614" /><testcase classname="src.tests.execute.test_discrete_models_pymdp" name="test_pymdp_execute[two_state_bistable.md]" time="2.311" /><testcase classname="src.tests.execute.test_discrete_models_pymdp" name="test_pymdp_analysis_extractor[actinf_pomdp_agent.md]" time="2.053" /><testcase classname="src.tests.execute.test_discrete_models_pymdp" name="test_pymdp_analysis_extractor[bnlearn_causal_model.md]" time="1.953" /><testcase classname="src.tests.execute.test_discrete_models_pymdp" name="test_pymdp_analysis_extractor[deep_planning_horizon.md]" time="2.068" /><testcase classname="src.tests.execute.test_discrete_models_pymdp" name="test_pymdp_analysis_extractor[hmm_baseline.md]" time="2.189" /><testcase classname="src.tests.execute.test_discrete_models_pymdp" name="test_pymdp_analysis_extractor[markov_chain.md]" time="1.891" /><testcase classname="src.tests.execute.test_discrete_models_pymdp" name="test_pymdp_analysis_extractor[multi_armed_bandit.md]" time="2.071" /><testcase classname="src.tests.execute.test_discrete_models_pymdp" name="test_pymdp_analysis_extractor[simple_mdp.md]" time="2.096" /><testcase classname="src.tests.execute.test_discrete_models_pymdp" name="test_pymdp_analysis_extractor[time_varying_dynamics.md]" time="2.097" /><testcase classname="src.tests.execute.test_discrete_models_pymdp" name="test_pymdp_analysis_extractor[tmaze_epistemic.md]" time="2.726" /><testcase classname="src.tests.execute.test_discrete_models_pymdp" name="test_pymdp_analysis_extractor[two_state_bistable.md]" time="1.948" /><testcase classname="src.tests.execute.test_discrete_models_pymdp" name="test_all_discrete_models_e2e" time="133.047" /><testcase classname="src.tests.execute.test_execute_mcp_wiring" name="test_register_tools_emits_expected_set" time="0.001" /><testcase classname="src.tests.execute.test_execute_mcp_wiring" name="test_schemas_match_tool_signatures" time="0.001" /><testcase classname="src.tests.execute.test_execute_mcp_wiring" name="test_check_execute_dependencies_returns_dict" time="0.002" /><testcase classname="src.tests.execute.test_execute_mcp_wiring" name="test_get_execute_module_info_returns_metadata" time="0.000" /><testcase classname="src.tests.execute.test_execute_mcp_wiring" name="test_process_execute_tool_handles_empty_directory" time="0.003" /><testcase classname="src.tests.execute.test_execute_mcp_wiring" name="test_execute_gnn_model_tool_accepts_real_gnn" time="0.001" /><testcase classname="src.tests.execute.test_execute_mcp_wiring" name="test_execute_pymdp_simulation_tool_accepts_real_gnn" time="0.005" /><testcase classname="src.tests.execute.test_execute_overall.TestExecuteOverall" name="test_executor_initialization" time="0.000" /><testcase classname="src.tests.execute.test_execute_overall.TestExecuteOverall" name="test_parse_frameworks_parameter_all" time="0.000" /><testcase classname="src.tests.execute.test_execute_overall.TestExecuteOverall" name="test_parse_frameworks_parameter_lite" time="0.000" /><testcase classname="src.tests.execute.test_execute_overall.TestExecuteOverall" name="test_parse_frameworks_parameter_custom" time="0.000" /><testcase classname="src.tests.execute.test_execute_overall.TestExecuteOverall" name="test_determine_script_framework" time="0.001" /><testcase classname="src.tests.execute.test_execute_overall.TestExecuteOverall" name="test_determine_script_framework_prefers_exact_framework_directory" time="0.001" /><testcase classname="src.tests.execute.test_execute_overall.TestExecuteOverall" name="test_find_executable_scripts" time="0.002" /><testcase classname="src.tests.execute.test_execute_overall.TestExecuteOverall" name="test_find_executable_scripts_with_framework_filter" time="0.002" /><testcase classname="src.tests.execute.test_execute_overall.TestExecuteOverall" name="test_collect_execution_outputs" time="0.003" /><testcase classname="src.tests.execute.test_execute_overall.TestExecuteOverall" name="test_process_execution_flow" time="0.055" /><testcase classname="src.tests.execute.test_execute_overall.TestExecuteOverall" name="test_process_execution_with_render_output" time="0.055" /><testcase classname="src.tests.execute.test_execute_overall.TestExecuteScriptExecution" name="test_execute_single_script_success" time="0.001" /><testcase classname="src.tests.execute.test_execute_overall.TestExecuteScriptExecution" name="test_execute_single_script_skipped_when_dependency_missing" time="0.001" /><testcase classname="src.tests.execute.test_execute_overall.TestExecuteScriptExecution" name="test_execute_single_script_timeout_handling" time="0.001" /><testcase classname="src.tests.execute.test_execute_overall.TestExecuteIntegration" name="test_execute_uses_render_output" time="0.055" /><testcase classname="src.tests.execute.test_execute_overall.TestExecuteIntegration" name="test_execution_summary_structure" time="0.055" /><testcase classname="src.tests.execute.test_execute_overall.TestExecuteIntegration" name="test_execution_summary_aggregate_is_slim_v1" time="0.054" /><testcase classname="src.tests.execute.test_execute_overall.TestExecuteIntegration" name="test_execution_summary_detail_file_optional" time="0.063" /><testcase classname="src.tests.execute.test_execute_overall.TestJAXExecute" name="test_find_jax_executable_scripts" time="0.002" /><testcase classname="src.tests.execute.test_execute_overall.TestJAXExecute" name="test_execute_jax_script" time="0.689" /><testcase classname="src.tests.execute.test_execute_overall.TestJAXExecute" name="test_determine_jax_framework" time="0.001" /><testcase classname="src.tests.execute.test_execute_overall.TestJAXExecute" name="test_process_execution_with_jax_framework_filter" time="0.707" /><testcase classname="src.tests.execute.test_execute_overall.TestExecuteDisCoPyTranslatorModule" name="test_module_importable" time="0.000" /><testcase classname="src.tests.execute.test_execute_overall.TestExecuteDisCoPyTranslatorModule" name="test_gnn_file_to_discopy_diagram_nonexistent" time="0.001" /><testcase classname="src.tests.execute.test_execute_overall.TestExecuteDisCoPyTranslatorModule" name="test_gnn_file_to_discopy_matrix_diagram_nonexistent" time="0.001" /><testcase classname="src.tests.execute.test_execute_path_collection.TestPathDeduplication" name="test_normalize_and_deduplicate_paths_empty" time="0.000" /><testcase classname="src.tests.execute.test_execute_path_collection.TestPathDeduplication" name="test_normalize_and_deduplicate_paths_single" time="0.001" /><testcase classname="src.tests.execute.test_execute_path_collection.TestPathDeduplication" name="test_normalize_and_deduplicate_paths_duplicates" time="0.001" /><testcase classname="src.tests.execute.test_execute_path_collection.TestPathDeduplication" name="test_normalize_and_deduplicate_paths_nested" time="0.002" /><testcase classname="src.tests.execute.test_execute_path_collection.TestPathCollection" name="test_collect_execution_outputs_empty" time="0.001" /><testcase classname="src.tests.execute.test_execute_path_collection.TestPathCollection" name="test_collect_execution_outputs_structure" time="0.002" /><testcase classname="src.tests.execute.test_execute_path_collection.TestActiveInferencePathCollection" name="test_activeinference_jl_path_collection" time="0.002" /><testcase classname="src.tests.execute.test_execute_path_collection.TestPathCollectionDeduplication" name="test_no_duplicate_copies" time="0.002" /><testcase classname="src.tests.execute.test_execute_pymdp_integration.TestPyMDPRealExecution" name="test_pymdp_agent_import" time="0.000" /><testcase classname="src.tests.execute.test_execute_pymdp_integration.TestPyMDPRealExecution" name="test_pymdp_agent_creation" time="0.163" /><testcase classname="src.tests.execute.test_execute_pymdp_integration.TestPyMDPRealExecution" name="test_pymdp_simulation_execution" time="0.623" /><testcase classname="src.tests.execute.test_execute_pymdp_integration.TestPyMDPRealExecution" name="test_pymdp_package_detection_with_real_installation" time="0.001" /><testcase classname="src.tests.execute.test_execute_pymdp_integration.TestPyMDPRealExecution" name="test_is_correct_pymdp_package_with_real_installation" time="0.001" /><testcase classname="src.tests.execute.test_execute_pymdp_integration.TestPyMDPRealExecution" name="test_validate_pymdp_for_execution_with_real_installation" time="0.001" /><testcase classname="src.tests.execute.test_execute_pymdp_integration.TestPyMDPErrorHandling" name="test_package_detection_structure" time="0.001" /><testcase classname="src.tests.execute.test_execute_pymdp_integration.TestPyMDPErrorHandling" name="test_validation_structure" time="0.001" /><testcase classname="src.tests.execute.test_execute_pymdp_integration.TestPyMDPJAXFirstAPI" name="test_modern_import_works" time="0.000" /><testcase classname="src.tests.execute.test_execute_pymdp_integration.TestPyMDPJAXFirstAPI" name="test_agent_has_required_methods" time="0.004" /><testcase classname="src.tests.execute.test_execute_pymdp_integration.TestPyMDPJAXFirstAPI" name="test_simulation_step_execution" time="0.166" /><testcase classname="src.tests.execute.test_execute_pymdp_integration_module.TestGNNPyMDPIntegration" name="test_gnn_parsing" time="0.002" /><testcase classname="src.tests.execute.test_execute_pymdp_integration_module.TestGNNPyMDPIntegration" name="test_pymdp_renderer_exists" time="0.001" /><testcase classname="src.tests.execute.test_execute_pymdp_integration_module.TestGNNPyMDPIntegration" name="test_pymdp_simulation_creation" time="0.005" /><testcase classname="src.tests.execute.test_execute_pymdp_integration_module.TestGNNPyMDPIntegration" name="test_pymdp_simulation_run" time="3.306" /><testcase classname="src.tests.execute.test_execute_pymdp_integration_module.TestGNNPyMDPIntegration" name="test_full_integration" time="0.005" /><testcase classname="src.tests.execute.test_execute_pymdp_package.TestPyMDPPackageDetection" name="test_detect_pymdp_installation_structure" time="0.001" /><testcase classname="src.tests.execute.test_execute_pymdp_package.TestPyMDPPackageDetection" name="test_is_correct_pymdp_package" time="0.001" /><testcase classname="src.tests.execute.test_execute_pymdp_package.TestPyMDPPackageDetection" name="test_get_pymdp_installation_instructions" time="0.001" /><testcase classname="src.tests.execute.test_execute_pymdp_package.TestPyMDPPackageDetection" name="test_validate_pymdp_for_execution_structure" time="0.001" /><testcase classname="src.tests.execute.test_execute_pymdp_package.TestPyMDPPackageDetection" name="test_attempt_pymdp_auto_install" time="0.001" /><testcase classname="src.tests.execute.test_execute_pymdp_package.TestPyMDPPackageDetectionIntegration" name="test_detection_consistency" time="0.001" /><testcase classname="src.tests.execute.test_execute_pymdp_package.TestPyMDPPackageDetectionIntegration" name="test_validation_uses_detection" time="0.001" /><testcase classname="src.tests.execute.test_execute_pymdp_package.TestPyMDPPackageDetectionIntegration" name="test_instructions_are_actionable" time="0.001" /><testcase classname="src.tests.execute.test_execute_pymdp_package.TestPyMDPRealInstallation" name="test_real_installation_detection" time="0.001" /><testcase classname="src.tests.execute.test_execute_pymdp_package.TestPyMDPRealInstallation" name="test_real_installation_validation" time="0.001" /><testcase classname="src.tests.execute.test_execute_pymdp_package.TestPyMDPRealInstallation" name="test_wrong_package_detection" time="0.001" /><testcase classname="src.tests.execute.test_execute_pymdp_simulation.TestPyMDPSimulation" name="test_gnn_parameter_integration" time="0.054" /><testcase classname="src.tests.execute.test_execute_pymdp_simulation.TestPyMDPSimulation" name="test_matrix_construction" time="0.006" /><testcase classname="src.tests.execute.test_execute_pymdp_simulation.TestPyMDPSimulation" name="test_serialization" time="0.978" /><testcase classname="src.tests.execute.test_execute_pymdp_simulation.TestPyMDPSimulation" name="test_simulation_creation_with_gnn_config" time="0.005" /><testcase classname="src.tests.execute.test_execute_pymdp_simulation.TestPyMDPSimulation" name="test_simulation_creation_with_minimal_config" time="0.005" /><testcase classname="src.tests.execute.test_execute_pymdp_simulation.TestPyMDPSimulation" name="test_simulation_run" time="1.673" /><testcase classname="src.tests.execute.test_execute_pymdp_simulation.TestPyMDPSimulation" name="test_visualization_creation" time="1.924" /><testcase classname="src.tests.execute.test_execute_pymdp_simulation.TestPyMDPUtils" name="test_numpy_conversion" time="0.001" /><testcase classname="src.tests.execute.test_execute_pymdp_utils.TestNumpySerialization" name="test_convert_numpy_for_json" time="0.001" /><testcase classname="src.tests.execute.test_execute_pymdp_utils.TestNumpySerialization" name="test_clean_trace_for_serialization" time="0.001" /><testcase classname="src.tests.execute.test_execute_pymdp_utils.TestNumpySerialization" name="test_safe_json_dump" time="0.001" /><testcase classname="src.tests.execute.test_execute_pymdp_utils.TestGNNParsing" name="test_parse_gnn_matrix_string" time="0.001" /><testcase classname="src.tests.execute.test_execute_pymdp_utils.TestGNNParsing" name="test_parse_gnn_vector_string" time="0.000" /><testcase classname="src.tests.execute.test_execute_pymdp_utils.TestGNNParsing" name="test_extract_gnn_dimensions" time="0.000" /><testcase classname="src.tests.execute.test_execute_pymdp_utils.TestGNNParsing" name="test_validate_gnn_pomdp_structure" time="0.000" /><testcase classname="src.tests.execute.test_execute_pymdp_utils.TestIntegration" name="test_save_simulation_results" time="0.001" /><testcase classname="src.tests.execute.test_execute_pymdp_visualization_module.TestPyMDPVisualizationModule" name="test_visualizer_creation" time="0.001" /><testcase classname="src.tests.execute.test_execute_pymdp_visualization_module.TestPyMDPVisualizationModule" name="test_discrete_state_visualization" time="0.497" /><testcase classname="src.tests.execute.test_execute_pymdp_visualization_module.TestPyMDPVisualizationModule" name="test_belief_evolution_visualization" time="0.614" /><testcase classname="src.tests.execute.test_execute_pymdp_visualization_module.TestPyMDPVisualizationModule" name="test_performance_metrics_visualization" time="0.866" /><testcase classname="src.tests.execute.test_execute_pymdp_visualization_module.TestPyMDPVisualizationModule" name="test_action_sequence_visualization" time="0.501" /><testcase classname="src.tests.execute.test_execute_pymdp_visualization_module.TestPyMDPVisualizationModule" name="test_observation_sequence_visualization" time="1.118" /><testcase classname="src.tests.execute.test_execute_pymdp_visualization_module" name="test_visualizer" time="1.971" /><testcase classname="src.tests.execute.test_execute_pymdp_visualization_module" name="test_pipeline_integration" time="2.014" /><testcase classname="src.tests.execute.test_execute_pymdp_visualizer.TestPyMDPVisualizer" name="test_visualizer_creation" time="0.001" /><testcase classname="src.tests.execute.test_execute_pymdp_visualizer.TestPyMDPVisualizer" name="test_visualizer_factory_creation" time="0.001" /><testcase classname="src.tests.execute.test_execute_pymdp_visualizer.TestPyMDPVisualizer" name="test_discrete_state_visualization" time="0.492" /><testcase classname="src.tests.execute.test_execute_pymdp_visualizer.TestPyMDPVisualizer" name="test_belief_visualization" time="0.616" /><testcase classname="src.tests.execute.test_execute_pymdp_visualizer.TestPyMDPVisualizer" name="test_performance_metrics" time="0.565" /><testcase classname="src.tests.execute.test_execute_pymdp_visualizer.TestPyMDPVisualizer" name="test_action_visualization" time="0.488" /><testcase classname="src.tests.execute.test_execute_pymdp_visualizer.TestPyMDPVisualizer" name="test_observation_visualization" time="0.479" /><testcase classname="src.tests.execute.test_execute_pymdp_visualizer.TestPyMDPVisualizer" name="test_episode_summary" time="0.811" /><testcase classname="src.tests.execute.test_execute_pymdp_visualizer.TestPyMDPVisualizer" name="test_comprehensive_visualization" time="2.026" /><testcase classname="src.tests.execute.test_execute_pymdp_visualizer" name="test_visualizer_creation" time="0.002" /><testcase classname="src.tests.execute.test_execute_pymdp_visualizer" name="test_discrete_state_visualization" time="0.482" /><testcase classname="src.tests.execute.test_execute_pymdp_visualizer" name="test_belief_visualization" time="0.620" /><testcase classname="src.tests.execute.test_execute_pymdp_visualizer" name="test_performance_metrics" time="0.595" /><testcase classname="src.tests.execute.test_execute_pymdp_visualizer" name="test_action_visualization" time="0.478" /><testcase classname="src.tests.execute.test_execute_pymdp_visualizer" name="test_observation_visualization" time="0.486" /><testcase classname="src.tests.execute.test_execute_pymdp_visualizer" name="test_episode_summary" time="0.808" /><testcase classname="src.tests.execute.test_execute_pymdp_visualizer" name="test_comprehensive_visualization" time="2.049" /><testcase classname="src.tests.execute.test_execute_result_semantics" name="test_public_symbols_are_callable_or_class" time="0.000" /><testcase classname="src.tests.execute.test_execute_result_semantics" name="test_validate_pymdp_environment_returns_structured_dict" time="0.001" /><testcase classname="src.tests.execute.test_execute_result_semantics" name="test_check_network_connectivity_has_status" time="0.014" /><testcase classname="src.tests.execute.test_execute_result_semantics" name="test_validate_execution_environment_returns_dict" time="1.007" /><testcase classname="src.tests.execute.test_execute_result_semantics" name="test_gnnexecutor_is_instantiable" time="0.001" /><testcase classname="src.tests.execute.test_execute_script_safely" name="test_missing_file_returns_failure_envelope" time="0.001" /><testcase classname="src.tests.execute.test_execute_script_safely" name="test_non_python_suffix_rejected" time="0.001" /><testcase classname="src.tests.execute.test_execute_script_safely" name="test_successful_script" time="0.022" /><testcase classname="src.tests.execute.test_execute_script_safely" name="test_failing_script" time="0.021" /><testcase classname="src.tests.execute.test_execute_script_safely" name="test_timeout" time="1.004" /><testcase classname="src.tests.execute.test_execute_script_safely" name="test_env_override_merges" time="0.022" /><testcase classname="src.tests.execute.test_execute_script_safely" name="test_process_execute_returns_2_when_no_render_output" time="0.002" /><testcase classname="src.tests.execute.test_execute_script_safely" name="test_process_execute_records_local_worker_configuration" time="0.204" /><testcase classname="src.tests.execute.test_execute_script_safely" name="test_process_execute_records_local_worker_pool_failure" time="0.005" /><testcase classname="src.tests.execute.test_execute_slim_detail" name="test_slim_execution_detail_strips_bulk_fields_and_keeps_lengths" time="0.001" /><testcase classname="src.tests.execute.test_execute_slim_detail" name="test_slim_execution_detail_omits_missing_optional_keys" time="0.000" /><testcase classname="src.tests.execute.test_execute_slim_detail" name="test_summarize_collected_outputs[None-None]" time="0.001" /><testcase classname="src.tests.execute.test_execute_slim_detail" name="test_summarize_collected_outputs[coll1-expected1]" time="0.001" /><testcase classname="src.tests.execute.test_execute_slim_detail" name="test_summarize_collected_outputs[coll2-expected2]" time="0.001" /><testcase classname="src.tests.execute.test_executor_framework_coverage" name="test_framework_spec_registry_matches_summary_contract" time="0.001" /><testcase classname="src.tests.execute.test_executor_framework_coverage" name="test_executor_covers_all_frameworks" time="5.421" /><testcase classname="src.tests.execute.test_executor_framework_coverage" name="test_failed_framework_runner_logs_warning_not_success" time="0.001" /><testcase classname="src.tests.execute.test_pymdp_1_0_0_upstream_api" name="test_inferactively_pymdp_version_is_1_0_0_plus" time="0.002" /><testcase classname="src.tests.execute.test_pymdp_1_0_0_upstream_api" name="test_utils_public_surface_exists" time="0.002" /><testcase classname="src.tests.execute.test_pymdp_1_0_0_upstream_api" name="test_single_step_infer_states_infer_policies_sample_action" time="0.195" /><testcase classname="src.tests.execute.test_pymdp_1_0_0_upstream_api" name="test_agent_with_e_matches_policy_count" time="0.154" /><testcase classname="src.tests.execute.test_pymdp_1_0_0_upstream_api" name="test_multi_step_rollout_closes_via_update_empirical_prior" time="0.811" /><testcase classname="src.tests.execute.test_pymdp_1_0_0_upstream_api" name="test_control_and_inference_submodules_importable" time="0.002" /><testcase classname="src.tests.execute.test_pymdp_contracts" name="test_render_execute_contract_pymdp" time="1.178" /><testcase classname="src.tests.execute.test_pymdp_contracts" name="test_extract_pymdp_data_from_real_execution_payload" time="1.173" /><testcase classname="src.tests.execute.test_pymdp_contracts" name="test_pymdp_seeded_reproducibility_contract" time="2.358" /><testcase classname="src.tests.execute.test_pymdp_contracts" name="test_actinf_pomdp_golden_pymdp_simulation" time="2.066" /><testcase classname="src.tests.execute.test_pymdp_contracts" name="test_actinf_pomdp_render_execute_analyze_e2e" time="14.857" /><testcase classname="src.tests.export.test_export_overall.TestExportModuleComprehensive" name="test_export_module_imports" time="0.001" /><testcase classname="src.tests.export.test_export_overall.TestExportModuleComprehensive" name="test_exporter_instantiation" time="0.000" /><testcase classname="src.tests.export.test_export_overall.TestExportModuleComprehensive" name="test_multi_format_exporter_instantiation" time="0.000" /><testcase classname="src.tests.export.test_export_overall.TestExportModuleComprehensive" name="test_export_module_info" time="0.000" /><testcase classname="src.tests.export.test_export_overall.TestExportModuleComprehensive" name="test_supported_formats" time="0.000" /><testcase classname="src.tests.export.test_export_overall.TestExportFunctionality" name="test_export_gnn_model" time="0.001" /><testcase classname="src.tests.export.test_export_overall.TestExportFunctionality" name="test_export_format_validation" time="0.000" /><testcase classname="src.tests.export.test_export_overall.TestExportFunctionality" name="test_multi_format_export" time="0.001" /><testcase classname="src.tests.export.test_export_overall.TestExportIntegration" name="test_export_pipeline_integration" time="0.002" /><testcase classname="src.tests.export.test_export_overall.TestExportIntegration" name="test_export_mcp_integration" time="0.002" /><testcase classname="src.tests.export.test_export_overall" name="test_export_module_completeness" time="0.000" /><testcase classname="src.tests.export.test_export_overall" name="test_export_module_performance" time="0.001" /><testcase classname="src.tests.export.test_export_overall.TestExportUtils" name="test_module_importable" time="0.000" /><testcase classname="src.tests.export.test_export_overall.TestExportUtils" name="test_get_module_info_returns_dict" time="0.000" /><testcase classname="src.tests.export.test_export_overall.TestExportUtils" name="test_get_supported_formats_returns_dict" time="0.000" /><testcase classname="src.tests.export.test_export_roundtrip" name="test_export_registry_includes_canonical_formats" time="0.000" /><testcase classname="src.tests.export.test_export_roundtrip" name="test_export_to_json_roundtrip_preserves_structure" time="0.002" /><testcase classname="src.tests.export.test_export_roundtrip" name="test_process_export_handles_missing_target_dir" time="0.002" /><testcase classname="src.tests.gnn.test_gnn_adversarial" name="test_extract_sections_lightweight_resilience[]" time="0.001" /><testcase classname="src.tests.gnn.test_gnn_adversarial" name="test_extract_sections_lightweight_resilience[   \n  \t ]" time="0.001" /><testcase classname="src.tests.gnn.test_gnn_adversarial" name="test_extract_sections_lightweight_resilience[# Single Heading]" time="0.001" /><testcase classname="src.tests.gnn.test_gnn_adversarial" name="test_extract_sections_lightweight_resilience[Some raw text without headings]" time="0.000" /><testcase classname="src.tests.gnn.test_gnn_adversarial" name="test_extract_sections_lightweight_resilience[## Missing Body:]" time="0.000" /><testcase classname="src.tests.gnn.test_gnn_adversarial" name="test_extract_sections_lightweight_resilience[## ValidSection\nVar = ]" time="0.001" /><testcase classname="src.tests.gnn.test_gnn_adversarial" name="test_extract_sections_lightweight_resilience[### Another\nVar[3, 3, type=float]\n\n# H\nVar2: 3]" time="0.001" /><testcase classname="src.tests.gnn.test_gnn_adversarial" name="test_extract_sections_lightweight_resilience[##\n#\n###\n]" time="0.000" /><testcase classname="src.tests.gnn.test_gnn_adversarial" name="test_extract_sections_lightweight_resilience[\x00\x01\xff\xfe]" time="0.001" /><testcase classname="src.tests.gnn.test_gnn_adversarial" name="test_extract_sections_lightweight_resilience[## Section\nA = B = C = D]" time="0.000" /><testcase classname="src.tests.gnn.test_gnn_adversarial" name="test_extract_sections_lightweight_resilience[## Variables:\nvar1 = [1, 2, [3, 4]" time="0.000" /><testcase classname="src.tests.gnn.test_gnn_adversarial" name="test_extract_sections_lightweight_resilience[\n\n\n## Section\n\n\nvar: 1\n\n\n]" time="0.000" /><testcase classname="src.tests.gnn.test_gnn_adversarial" name="test_extract_variables_lightweight_resilience[]" time="0.001" /><testcase classname="src.tests.gnn.test_gnn_adversarial" name="test_extract_variables_lightweight_resilience[   \n  \t ]" time="0.001" /><testcase classname="src.tests.gnn.test_gnn_adversarial" name="test_extract_variables_lightweight_resilience[# Single Heading]" time="0.001" /><testcase classname="src.tests.gnn.test_gnn_adversarial" name="test_extract_variables_lightweight_resilience[Some raw text without headings]" time="0.001" /><testcase classname="src.tests.gnn.test_gnn_adversarial" name="test_extract_variables_lightweight_resilience[## Missing Body:]" time="0.001" /><testcase classname="src.tests.gnn.test_gnn_adversarial" name="test_extract_variables_lightweight_resilience[## ValidSection\nVar = ]" time="0.001" /><testcase classname="src.tests.gnn.test_gnn_adversarial" name="test_extract_variables_lightweight_resilience[### Another\nVar[3, 3, type=float]\n\n# H\nVar2: 3]" time="0.001" /><testcase classname="src.tests.gnn.test_gnn_adversarial" name="test_extract_variables_lightweight_resilience[##\n#\n###\n]" time="0.000" /><testcase classname="src.tests.gnn.test_gnn_adversarial" name="test_extract_variables_lightweight_resilience[\x00\x01\xff\xfe]" time="0.001" /><testcase classname="src.tests.gnn.test_gnn_adversarial" name="test_extract_variables_lightweight_resilience[## Section\nA = B = C = D]" time="0.001" /><testcase classname="src.tests.gnn.test_gnn_adversarial" name="test_extract_variables_lightweight_resilience[## Variables:\nvar1 = [1, 2, [3, 4]" time="0.001" /><testcase classname="src.tests.gnn.test_gnn_adversarial" name="test_extract_variables_lightweight_resilience[\n\n\n## Section\n\n\nvar: 1\n\n\n]" time="0.001" /><testcase classname="src.tests.gnn.test_gnn_adversarial" name="test_parse_gnn_file_resilience[]" time="0.001" /><testcase classname="src.tests.gnn.test_gnn_adversarial" name="test_parse_gnn_file_resilience[   \n  \t ]" time="0.001" /><testcase classname="src.tests.gnn.test_gnn_adversarial" name="test_parse_gnn_file_resilience[# Single Heading]" time="0.001" /><testcase classname="src.tests.gnn.test_gnn_adversarial" name="test_parse_gnn_file_resilience[Some raw text without headings]" time="0.001" /><testcase classname="src.tests.gnn.test_gnn_adversarial" name="test_parse_gnn_file_resilience[## Missing Body:]" time="0.001" /><testcase classname="src.tests.gnn.test_gnn_adversarial" name="test_parse_gnn_file_resilience[## ValidSection\nVar = ]" time="0.001" /><testcase classname="src.tests.gnn.test_gnn_adversarial" name="test_parse_gnn_file_resilience[### Another\nVar[3, 3, type=float]\n\n# H\nVar2: 3]" time="0.001" /><testcase classname="src.tests.gnn.test_gnn_adversarial" name="test_parse_gnn_file_resilience[##\n#\n###\n]" time="0.001" /><testcase classname="src.tests.gnn.test_gnn_adversarial" name="test_parse_gnn_file_resilience[\x00\x01\xff\xfe]" time="0.001" /><testcase classname="src.tests.gnn.test_gnn_adversarial" name="test_parse_gnn_file_resilience[## Section\nA = B = C = D]" time="0.001" /><testcase classname="src.tests.gnn.test_gnn_adversarial" name="test_parse_gnn_file_resilience[## Variables:\nvar1 = [1, 2, [3, 4]" time="0.001" /><testcase classname="src.tests.gnn.test_gnn_adversarial" name="test_parse_gnn_file_resilience[\n\n\n## Section\n\n\nvar: 1\n\n\n]" time="0.001" /><testcase classname="src.tests.gnn.test_gnn_adversarial" name="test_validate_gnn_structure_resilience[]" time="0.001" /><testcase classname="src.tests.gnn.test_gnn_adversarial" name="test_validate_gnn_structure_resilience[   \n  \t ]" time="0.001" /><testcase classname="src.tests.gnn.test_gnn_adversarial" name="test_validate_gnn_structure_resilience[# Single Heading]" time="0.001" /><testcase classname="src.tests.gnn.test_gnn_adversarial" name="test_validate_gnn_structure_resilience[Some raw text without headings]" time="0.001" /><testcase classname="src.tests.gnn.test_gnn_adversarial" name="test_validate_gnn_structure_resilience[## Missing Body:]" time="0.001" /><testcase classname="src.tests.gnn.test_gnn_adversarial" name="test_validate_gnn_structure_resilience[## ValidSection\nVar = ]" time="0.001" /><testcase classname="src.tests.gnn.test_gnn_adversarial" name="test_validate_gnn_structure_resilience[### Another\nVar[3, 3, type=float]\n\n# H\nVar2: 3]" time="0.001" /><testcase classname="src.tests.gnn.test_gnn_adversarial" name="test_validate_gnn_structure_resilience[##\n#\n###\n]" time="0.001" /><testcase classname="src.tests.gnn.test_gnn_adversarial" name="test_validate_gnn_structure_resilience[\x00\x01\xff\xfe]" time="0.001" /><testcase classname="src.tests.gnn.test_gnn_adversarial" name="test_validate_gnn_structure_resilience[## Section\nA = B = C = D]" time="0.001" /><testcase classname="src.tests.gnn.test_gnn_adversarial" name="test_validate_gnn_structure_resilience[## Variables:\nvar1 = [1, 2, [3, 4]" time="0.001" /><testcase classname="src.tests.gnn.test_gnn_adversarial" name="test_validate_gnn_structure_resilience[\n\n\n## Section\n\n\nvar: 1\n\n\n]" time="0.001" /><testcase classname="src.tests.gnn.test_gnn_cross_format_validator.TestCrossFormatValidationResult" name="test_default_consistency_rate_no_formats" time="0.000" /><testcase classname="src.tests.gnn.test_gnn_cross_format_validator.TestCrossFormatValidationResult" name="test_consistency_rate_all_valid" time="0.001" /><testcase classname="src.tests.gnn.test_gnn_cross_format_validator.TestCrossFormatValidationResult" name="test_consistency_rate_partial" time="0.000" /><testcase classname="src.tests.gnn.test_gnn_cross_format_validator.TestCrossFormatValidationResult" name="test_consistency_rate_format_not_in_results" time="0.000" /><testcase classname="src.tests.gnn.test_gnn_cross_format_validator.TestCrossFormatValidationResult" name="test_add_format_issue_creates_list" time="0.000" /><testcase classname="src.tests.gnn.test_gnn_cross_format_validator.TestCrossFormatValidationResult" name="test_add_format_issue_appends" time="0.000" /><testcase classname="src.tests.gnn.test_gnn_cross_format_validator.TestCrossFormatValidator" name="test_instantiation_default" time="0.001" /><testcase classname="src.tests.gnn.test_gnn_cross_format_validator.TestCrossFormatValidator" name="test_instantiation_with_round_trip" time="0.001" /><testcase classname="src.tests.gnn.test_gnn_cross_format_validator.TestCrossFormatValidator" name="test_validate_cross_format_consistency_returns_result" time="0.027" /><testcase classname="src.tests.gnn.test_gnn_cross_format_validator.TestCrossFormatValidator" name="test_validate_cross_format_consistency_has_metadata" time="0.037" /><testcase classname="src.tests.gnn.test_gnn_cross_format_validator.TestCrossFormatValidator" name="test_validate_cross_format_schema_files_absent_no_crash" time="0.004" /><testcase classname="src.tests.gnn.test_gnn_cross_format_validator.TestCrossFormatValidator" name="test_validate_cross_format_consistency_is_bool" time="0.024" /><testcase classname="src.tests.gnn.test_gnn_overall.TestGNNCoreProcessor" name="test_core_processor_imports" time="0.011" /><testcase classname="src.tests.gnn.test_gnn_overall.TestGNNCoreProcessor" name="test_gnn_processor_basic_imports" time="0.001" /><testcase classname="src.tests.gnn.test_gnn_overall.TestGNNReporting" name="test_reporting_imports" time="0.000" /><testcase classname="src.tests.gnn.test_gnn_overall.TestGNNReporting" name="test_generate_report" time="0.001" /><testcase classname="src.tests.gnn.test_gnn_parsers_base_serializer.TestSerializeTimeSpec" name="test_none_returns_empty_dict" time="0.001" /><testcase classname="src.tests.gnn.test_gnn_parsers_base_serializer.TestSerializeTimeSpec" name="test_empty_string_returns_empty_dict" time="0.001" /><testcase classname="src.tests.gnn.test_gnn_parsers_base_serializer.TestSerializeTimeSpec" name="test_populated_time_spec" time="0.001" /><testcase classname="src.tests.gnn.test_gnn_parsers_base_serializer.TestSerializeTimeSpec" name="test_defaults_via_getattr" time="0.001" /><testcase classname="src.tests.gnn.test_gnn_parsers_base_serializer.TestSerializeOntologyMappings" name="test_none_returns_empty_list" time="0.001" /><testcase classname="src.tests.gnn.test_gnn_parsers_base_serializer.TestSerializeOntologyMappings" name="test_empty_list_returns_empty_list" time="0.001" /><testcase classname="src.tests.gnn.test_gnn_parsers_base_serializer.TestSerializeOntologyMappings" name="test_mapping_with_dict_protocol" time="0.001" /><testcase classname="src.tests.gnn.test_gnn_parsers_base_serializer.TestSerializeOntologyMappings" name="test_non_dict_protocol_stringified" time="0.001" /><testcase classname="src.tests.gnn.test_gnn_parsers_base_serializer.TestCreateEmbeddedModelData" name="test_empty_model" time="0.001" /><testcase classname="src.tests.gnn.test_gnn_parsers_base_serializer.TestCreateEmbeddedModelData" name="test_model_with_variable" time="0.001" /><testcase classname="src.tests.gnn.test_gnn_parsers_base_serializer.TestCreateEmbeddedModelData" name="test_model_with_connection" time="0.001" /><testcase classname="src.tests.gnn.test_gnn_parsers_base_serializer.TestCreateEmbeddedModelData" name="test_model_with_parameter" time="0.001" /><testcase classname="src.tests.gnn.test_gnn_parsers_base_serializer.TestCreateEmbeddedModelData" name="test_model_with_time_spec" time="0.001" /><testcase classname="src.tests.gnn.test_gnn_parsers_base_serializer.TestAddEmbeddedModelData" name="test_appends_to_content" time="0.001" /><testcase classname="src.tests.gnn.test_gnn_parsers_base_serializer.TestAddEmbeddedModelData" name="test_embedded_json_is_valid" time="0.001" /><testcase classname="src.tests.gnn.test_gnn_parsers_base_serializer.TestAddEmbeddedModelData" name="test_format_name_affects_prefix" time="0.001" /><testcase classname="src.tests.gnn.test_gnn_parsers_base_serializer.TestAddEmbeddedModelData" name="test_format_name_affects_suffix" time="0.001" /><testcase classname="src.tests.gnn.test_gnn_parsers_common.TestNormalizeVariableName" name="test_unicode_pi" time="0.000" /><testcase classname="src.tests.gnn.test_gnn_parsers_common.TestNormalizeVariableName" name="test_ascii_
[...]
ow_diagram" time="0.001" /><testcase classname="src.tests.visualization.test_d2_visualizer.TestD2DiagramGeneration" name="test_generate_pipeline_flow_diagram_no_frameworks" time="0.001" /><testcase classname="src.tests.visualization.test_d2_visualizer.TestD2DiagramGeneration" name="test_generate_pomdp_diagram" time="0.001" /><testcase classname="src.tests.visualization.test_d2_visualizer.TestD2DiagramCompilation" name="test_compile_d2_diagram_no_cli" time="0.001" /><testcase classname="src.tests.visualization.test_d2_visualizer.TestD2DiagramCompilation" name="test_compile_d2_diagram_with_cli" time="0.001"><skipped type="pytest.skip" message="D2 CLI not available">/home/runner/work/GeneralizedNotationNotation/GeneralizedNotationNotation/src/tests/visualization/test_d2_visualizer.py:262: D2 CLI not available</skipped></testcase><testcase classname="src.tests.visualization.test_d2_visualizer.TestD2DiagramCompilation" name="test_compile_d2_diagram_write_d2_file" time="0.001" /><testcase classname="src.tests.visualization.test_d2_visualizer.TestD2HelperMethods" name="test_get_d2_arrow" time="0.001" /><testcase classname="src.tests.visualization.test_d2_visualizer.TestD2HelperMethods" name="test_get_d2_shape_for_variable" time="0.001" /><testcase classname="src.tests.visualization.test_d2_visualizer.TestD2HelperMethods" name="test_is_pomdp_model" time="0.001" /><testcase classname="src.tests.visualization.test_d2_visualizer.TestD2HelperMethods" name="test_sanitize_name" time="0.001" /><testcase classname="src.tests.visualization.test_d2_visualizer.TestD2EndToEndProcessing" name="test_generate_all_diagrams_for_model" time="0.001" /><testcase classname="src.tests.visualization.test_d2_visualizer.TestD2ProcessorIntegration" name="test_init_exports_d2_components" time="0.001" /><testcase classname="src.tests.visualization.test_d2_visualizer.TestD2ProcessorIntegration" name="test_processor_has_d2_methods" time="0.001" /><testcase classname="src.tests.visualization.test_d2_visualizer.TestD2Documentation" name="test_d2_diagram_spec_has_fields" time="0.001" /><testcase classname="src.tests.visualization.test_d2_visualizer.TestD2Documentation" name="test_d2_visualizer_has_docstrings" time="0.000" /><testcase classname="src.tests.visualization.test_mermaid_converter.TestNodeShapeInference" name="test_matrix_shape" time="0.000" /><testcase classname="src.tests.visualization.test_mermaid_converter.TestNodeShapeInference" name="test_state_shape" time="0.000" /><testcase classname="src.tests.visualization.test_mermaid_converter.TestNodeShapeInference" name="test_observation_shape" time="0.000" /><testcase classname="src.tests.visualization.test_mermaid_converter.TestNodeShapeInference" name="test_action_shape" time="0.000" /><testcase classname="src.tests.visualization.test_mermaid_converter.TestNodeShapeInference" name="test_policy_shape" time="0.000" /><testcase classname="src.tests.visualization.test_mermaid_converter.TestNodeShapeInference" name="test_free_energy_shape" time="0.000" /><testcase classname="src.tests.visualization.test_mermaid_converter.TestEdgeStyleMapping" name="test_generative_style" time="0.000" /><testcase classname="src.tests.visualization.test_mermaid_converter.TestEdgeStyleMapping" name="test_inference_style" time="0.000" /><testcase classname="src.tests.visualization.test_mermaid_converter.TestEdgeStyleMapping" name="test_modulation_style" time="0.000" /><testcase classname="src.tests.visualization.test_mermaid_converter.TestEdgeStyleMapping" name="test_coupling_style" time="0.000" /><testcase classname="src.tests.visualization.test_mermaid_converter.TestEdgeStyleMapping" name="test_default_style" time="0.000" /><testcase classname="src.tests.visualization.test_mermaid_converter.TestNodeDefinitionGeneration" name="test_node_with_dimensions" time="0.000" /><testcase classname="src.tests.visualization.test_mermaid_converter.TestNodeDefinitionGeneration" name="test_node_without_dimensions" time="0.000" /><testcase classname="src.tests.visualization.test_mermaid_converter.TestEdgeDefinitionGeneration" name="test_edge_without_label" time="0.000" /><testcase classname="src.tests.visualization.test_mermaid_converter.TestEdgeDefinitionGeneration" name="test_edge_with_label" time="0.000" /><testcase classname="src.tests.visualization.test_mermaid_converter.TestVariableClassification" name="test_classify_matrix" time="0.000" /><testcase classname="src.tests.visualization.test_mermaid_converter.TestVariableClassification" name="test_classify_state" time="0.000" /><testcase classname="src.tests.visualization.test_mermaid_converter.TestVariableClassification" name="test_classify_observation" time="0.000" /><testcase classname="src.tests.visualization.test_mermaid_converter.TestVariableClassification" name="test_classify_action" time="0.000" /><testcase classname="src.tests.visualization.test_mermaid_converter.TestVariableClassification" name="test_classify_policy" time="0.000" /><testcase classname="src.tests.visualization.test_mermaid_converter.TestVariableClassification" name="test_classify_free_energy" time="0.000" /><testcase classname="src.tests.visualization.test_mermaid_converter.TestVariableClassification" name="test_classify_vector_default" time="0.000" /><testcase classname="src.tests.visualization.test_mermaid_converter.TestStyleGeneration" name="test_generate_styles" time="0.000" /><testcase classname="src.tests.visualization.test_mermaid_converter.TestMetadataGeneration" name="test_metadata_includes_all_sections" time="0.000" /><testcase classname="src.tests.visualization.test_mermaid_converter.TestMetadataGeneration" name="test_metadata_serialization" time="0.000" /><testcase classname="src.tests.visualization.test_mermaid_converter.TestFullConversion" name="test_complete_conversion" time="0.000" /><testcase classname="src.tests.visualization.test_mermaid_parser.TestMetadataExtraction" name="test_extract_metadata_multiline" time="0.001" /><testcase classname="src.tests.visualization.test_mermaid_parser.TestMetadataExtraction" name="test_extract_metadata_not_found" time="0.000" /><testcase classname="src.tests.visualization.test_mermaid_parser.TestNodeExtraction" name="test_extract_rectangle_nodes" time="0.001" /><testcase classname="src.tests.visualization.test_mermaid_parser.TestNodeExtraction" name="test_extract_rounded_nodes" time="0.000" /><testcase classname="src.tests.visualization.test_mermaid_parser.TestNodeExtraction" name="test_extract_stadium_nodes" time="0.000" /><testcase classname="src.tests.visualization.test_mermaid_parser.TestNodeExtraction" name="test_extract_circle_nodes" time="0.000" /><testcase classname="src.tests.visualization.test_mermaid_parser.TestNodeExtraction" name="test_extract_hexagon_nodes" time="0.000" /><testcase classname="src.tests.visualization.test_mermaid_parser.TestNodeExtraction" name="test_extract_diamond_nodes" time="0.000" /><testcase classname="src.tests.visualization.test_mermaid_parser.TestNodeExtraction" name="test_extract_nodes_with_multipart_labels" time="0.000" /><testcase classname="src.tests.visualization.test_mermaid_parser.TestEdgeExtraction" name="test_extract_thick_arrow" time="0.001" /><testcase classname="src.tests.visualization.test_mermaid_parser.TestEdgeExtraction" name="test_extract_dashed_arrow" time="0.000" /><testcase classname="src.tests.visualization.test_mermaid_parser.TestEdgeExtraction" name="test_extract_dotted_arrow" time="0.000" /><testcase classname="src.tests.visualization.test_mermaid_parser.TestEdgeExtraction" name="test_extract_normal_arrow" time="0.000" /><testcase classname="src.tests.visualization.test_mermaid_parser.TestEdgeExtraction" name="test_extract_edge_with_label" time="0.000" /><testcase classname="src.tests.visualization.test_mermaid_parser.TestLabelInference" name="test_infer_dimensions_2d" time="0.000" /><testcase classname="src.tests.visualization.test_mermaid_parser.TestLabelInference" name="test_infer_dimensions_3d" time="0.000" /><testcase classname="src.tests.visualization.test_mermaid_parser.TestLabelInference" name="test_infer_dimensions_1d" time="0.000" /><testcase classname="src.tests.visualization.test_mermaid_parser.TestLabelInference" name="test_infer_type_float" time="0.000" /><testcase classname="src.tests.visualization.test_mermaid_parser.TestLabelInference" name="test_infer_type_int" time="0.000" /><testcase classname="src.tests.visualization.test_mermaid_parser.TestLabelInference" name="test_infer_type_default" time="0.000" /><testcase classname="src.tests.visualization.test_mermaid_parser.TestVariableMerging" name="test_merge_preserves_metadata" time="0.000" /><testcase classname="src.tests.visualization.test_mermaid_parser.TestVariableMerging" name="test_merge_adds_new_variables" time="0.000" /><testcase classname="src.tests.visualization.test_mermaid_parser.TestConnectionMerging" name="test_merge_connections_visual_precedence" time="0.000" /><testcase classname="src.tests.visualization.test_mermaid_parser.TestConnectionMerging" name="test_merge_adds_new_connections" time="0.000" /><testcase classname="src.tests.visualization.test_mermaid_parser.TestOntologyReconstruction" name="test_reconstruct_ontology_mappings" time="0.000" /><testcase classname="src.tests.visualization.test_mermaid_parser.TestGNNMarkdownGeneration" name="test_markdown_generation" time="0.001" /><testcase classname="src.tests.visualization.test_mermaid_parser.TestFullParsing" name="test_full_parsing" time="0.002" /><testcase classname="src.tests.visualization.test_threejs_tensor_explorer" name="test_threejs_tensor_explorer_writes_html_and_json" time="0.002" /><testcase classname="src.tests.visualization.test_threejs_tensor_explorer" name="test_threejs_tensor_explorer_browser_canvas_smoke" time="0.002" /><testcase classname="src.tests.visualization.test_threejs_tensor_explorer" name="test_threejs_tensor_explorer_reports_fallback_when_cdn_blocked" time="0.002" /><testcase classname="src.tests.visualization.test_visualization_artifacts" name="test_network_stats_gnn_edge_orientation_and_ontology_legend" time="1.104" /><testcase classname="src.tests.visualization.test_visualization_artifacts" name="test_viz_manifest_json_after_process_single_gnn_file" time="2.812" /><testcase classname="src.tests.visualization.test_visualization_artifacts" name="test_visualization_discovery_honors_recursive_flag" time="0.002" /><testcase classname="src.tests.visualization.test_visualization_artifacts" name="test_process_visualization_empty_input_returns_warning_code" time="0.002" /><testcase classname="src.tests.visualization.test_visualization_comprehensive.TestMatplotlibBackendConfiguration" name="test_backend_configuration_with_display" time="0.001" /><testcase classname="src.tests.visualization.test_visualization_comprehensive.TestMatplotlibBackendConfiguration" name="test_backend_configuration_headless" time="0.008" /><testcase classname="src.tests.visualization.test_visualization_comprehensive.TestVisualizationProcessing" name="test_visualization_main_success" time="2.792" /><testcase classname="src.tests.visualization.test_visualization_comprehensive.TestVisualizationProcessing" name="test_visualization_with_missing_gnn_data" time="2.863" /><testcase classname="src.tests.visualization.test_visualization_comprehensive.TestVisualizationProcessing" name="test_matrix_visualizer_with_real_parameters" time="0.000" /><testcase classname="src.tests.visualization.test_visualization_comprehensive.TestVisualizationProcessing" name="test_visualization_progress_tracking" time="2.845" /><testcase classname="src.tests.visualization.test_visualization_comprehensive.TestVisualizationProcessing" name="test_visualization_error_recovery" time="2.794" /><testcase classname="src.tests.visualization.test_visualization_comprehensive.TestVisualizationComponents" name="test_network_visualization_generation" time="0.749" /><testcase classname="src.tests.visualization.test_visualization_comprehensive.TestVisualizationComponents" name="test_combined_analysis_generation" time="1.332" /><testcase classname="src.tests.visualization.test_visualization_matrices.TestMatrixVisualizerCore" name="test_matrix_visualizer_instantiation" time="0.001" /><testcase classname="src.tests.visualization.test_visualization_matrices.TestMatrixVisualizerCore" name="test_extract_matrix_data_from_parameters" time="0.001" /><testcase classname="src.tests.visualization.test_visualization_matrices.TestMatrixVisualizerCore" name="test_extract_matrix_from_dict_format" time="0.000" /><testcase classname="src.tests.visualization.test_visualization_matrices.TestMatrixVisualizerCore" name="test_convert_to_matrix_1d" time="0.000" /><testcase classname="src.tests.visualization.test_visualization_matrices.TestMatrixVisualizerCore" name="test_convert_to_matrix_2d" time="0.000" /><testcase classname="src.tests.visualization.test_visualization_matrices.TestMatrixVisualizerCore" name="test_convert_to_matrix_3d" time="0.000" /><testcase classname="src.tests.visualization.test_visualization_matrices.TestMatrixHeatmapGeneration" name="test_generate_matrix_heatmap" time="0.581" /><testcase classname="src.tests.visualization.test_visualization_matrices.TestMatrixHeatmapGeneration" name="test_generate_heatmap_with_custom_colormap" time="0.600" /><testcase classname="src.tests.visualization.test_visualization_matrices.TestMatrixHeatmapGeneration" name="test_create_heatmap_convenience_method" time="0.588" /><testcase classname="src.tests.visualization.test_visualization_matrices.TestTensorVisualization" name="test_generate_3d_tensor_visualization" time="0.489" /><testcase classname="src.tests.visualization.test_visualization_matrices.TestTensorVisualization" name="test_generate_pomdp_transition_analysis" time="0.492" /><testcase classname="src.tests.visualization.test_visualization_matrices.TestMatrixExportFormats" name="test_export_matrix_to_csv" time="0.002" /><testcase classname="src.tests.visualization.test_visualization_matrices.TestMatrixExportFormats" name="test_export_3d_tensor_to_csv" time="0.002" /><testcase classname="src.tests.visualization.test_visualization_matrices.TestMatrixStatistics" name="test_tensor_statistics_generation" time="0.001" /><testcase classname="src.tests.visualization.test_visualization_matrices.TestParsedGNNExtraction" name="test_extract_from_parsed_gnn_parameters" time="0.000" /><testcase classname="src.tests.visualization.test_visualization_matrices.TestParsedGNNExtraction" name="test_extract_from_initial_parameterization" time="0.000" /><testcase classname="src.tests.visualization.test_visualization_matrices.TestGUI2MatrixEditor" name="test_parse_matrix_from_gnn_returns_dict" time="0.001" /><testcase classname="src.tests.visualization.test_visualization_matrices.TestGUI2MatrixEditor" name="test_parse_matrix_from_gnn_empty_content" time="0.000" /><testcase classname="src.tests.visualization.test_visualization_matrices.TestGUI2MatrixEditor" name="test_create_matrix_from_gnn_returns_dict" time="0.000" /><testcase classname="src.tests.visualization.test_visualization_matrices.TestGUI2MatrixEditor" name="test_validate_visual_matrix_dimensions_returns_list" time="0.000" /><testcase classname="src.tests.visualization.test_visualization_matrices.TestGUI2MatrixEditor" name="test_get_pomdp_template_returns_string" time="0.000" /><testcase classname="src.tests.visualization.test_visualization_ontology.TestOntologyVisualizer" name="test_extract_ontology_mappings" time="0.001" /><testcase classname="src.tests.visualization.test_visualization_ontology.TestOntologyVisualizer" name="test_create_ontology_table" time="0.115" /><testcase classname="src.tests.visualization.test_visualization_ontology.TestOntologyVisualizer" name="test_visualize_directory" time="0.182" /><testcase classname="src.tests.visualization.test_visualization_overall.TestVisualizationModuleComprehensive" name="test_visualization_module_imports" time="0.000" /><testcase classname="src.tests.visualization.test_visualization_overall.TestVisualizationModuleComprehensive" name="test_matrix_visualizer_instantiation" time="0.000" /><testcase classname="src.tests.visualization.test_visualization_overall.TestVisualizationModuleComprehensive" name="test_gnn_visualizer_instantiation" time="0.001" /><testcase classname="src.tests.visualization.test_visualization_overall.TestVisualizationModuleComprehensive" name="test_ontology_visualizer_instantiation" time="0.000" /><testcase classname="src.tests.visualization.test_visualization_overall.TestVisualizationModuleComprehensive" name="test_visualization_module_info" time="0.000" /><testcase classname="src.tests.visualization.test_visualization_overall.TestVisualizationModuleComprehensive" name="test_visualization_options" time="0.000" /><testcase classname="src.tests.visualization.test_visualization_overall.TestVisualizationFunctionality" name="test_matrix_visualization" time="0.574" /><testcase classname="src.tests.visualization.test_visualization_overall.TestVisualizationFunctionality" name="test_graph_visualization" time="0.097" /><testcase classname="src.tests.visualization.test_visualization_overall.TestVisualizationFunctionality" name="test_ontology_visualization" time="0.001" /><testcase classname="src.tests.visualization.test_visualization_overall.TestVisualizationIntegration" name="test_visualization_pipeline_integration" time="0.574" /><testcase classname="src.tests.visualization.test_visualization_overall.TestVisualizationIntegration" name="test_visualization_mcp_integration" time="0.001" /><testcase classname="src.tests.visualization.test_visualization_overall" name="test_visualization_module_completeness" time="0.000" /><testcase classname="src.tests.visualization.test_visualization_overall" name="test_visualization_module_performance" time="0.570" /><testcase classname="src.tests.website.test_website_overall.TestWebsiteModuleComprehensive" name="test_website_module_imports" time="0.001" /><testcase classname="src.tests.website.test_website_overall.TestWebsiteModuleComprehensive" name="test_website_generator_instantiation" time="0.000" /><testcase classname="src.tests.website.test_website_overall.TestWebsiteModuleComprehensive" name="test_website_renderer_instantiation" time="0.000" /><testcase classname="src.tests.website.test_website_overall.TestWebsiteModuleComprehensive" name="test_website_module_info" time="0.000" /><testcase classname="src.tests.website.test_website_overall.TestWebsiteModuleComprehensive" name="test_supported_file_types" time="0.000" /><testcase classname="src.tests.website.test_website_overall.TestWebsiteFunctionality" name="test_website_generation" time="0.017" /><testcase classname="src.tests.website.test_website_overall.TestWebsiteFunctionality" name="test_html_rendering" time="0.000" /><testcase classname="src.tests.website.test_website_overall.TestWebsiteFunctionality" name="test_website_validation" time="0.000" /><testcase classname="src.tests.website.test_website_overall.TestWebsiteIntegration" name="test_website_pipeline_integration" time="0.017" /><testcase classname="src.tests.website.test_website_overall.TestWebsiteIntegration" name="test_website_mcp_integration" time="0.001" /><testcase classname="src.tests.website.test_website_overall" name="test_website_module_completeness" time="0.000" /><testcase classname="src.tests.website.test_website_overall" name="test_website_module_performance" time="0.017" /><testcase classname="src.tests.website.test_website_overall.TestWebsiteMCP" name="test_module_importable" time="0.000" /><testcase classname="src.tests.website.test_website_overall.TestWebsiteMCP" name="test_get_website_module_info_mcp" time="0.000" /><testcase classname="src.tests.website.test_website_overall.TestWebsiteMCP" name="test_get_website_status_mcp_nonexistent" time="0.001" /><testcase classname="src.tests.website.test_website_overall.TestWebsiteMCP" name="test_list_generated_pages_mcp_empty" time="0.004" /></testsuite></testsuites>