STDOUT:
============================= test session starts ==============================
platform darwin -- Python 3.12.11, pytest-9.0.2, pluggy-1.6.0 -- /Users/4d/Documents/GitHub/generalizednotationnotation/.venv/bin/python
cachedir: .pytest_cache
benchmark: 5.2.3 (defaults: timer=time.perf_counter disable_gc=False min_rounds=5 min_time=0.000005 max_time=1.0 calibration_precision=10 warmup=False warmup_iterations=100000)
metadata: {'Python': '3.12.11', 'Platform': 'macOS-26.3-arm64-arm-64bit', 'Packages': {'pytest': '9.0.2', 'pluggy': '1.6.0'}, 'Plugins': {'anyio': '4.12.1', 'benchmark': '5.2.3', 'mock': '3.15.1', 'xdist': '3.8.0', 'json-report': '1.5.0', 'timeout': '2.4.0', 'metadata': '3.1.1', 'asyncio': '1.3.0', 'dash': '3.4.0', 'cov': '7.0.0'}}
rootdir: /Users/4d/Documents/GitHub/generalizednotationnotation
configfile: pytest.ini (WARNING: ignoring pytest config in pyproject.toml!)
plugins: anyio-4.12.1, benchmark-5.2.3, mock-3.15.1, xdist-3.8.0, json-report-1.5.0, timeout-2.4.0, metadata-3.1.1, asyncio-1.3.0, dash-3.4.0, cov-7.0.0
timeout: 30.0s
timeout method: thread
timeout func_only: False
asyncio: mode=Mode.AUTO, debug=False, asyncio_default_fixture_loop_scope=function, asyncio_default_test_loop_scope=function
collecting ... 
----------------------------- live log collection ------------------------------
2026-02-13 11:18:14 [    INFO] src.llm.llm_processor: Loaded API keys for providers: ['openai', 'ollama']
2026-02-13 11:18:14 [    INFO] src.llm.llm_operations: Created new LLM processor
2026-02-13 11:18:14 [    INFO] mcp: Enhanced MCP server initialized (caching=True, rate_limiting=True, strict_validation=False)
2026-02-13 11:18:15 [    INFO] llm.llm_processor: Loaded API keys for providers: ['openai', 'ollama']
2026-02-13 11:18:15 [    INFO] llm.llm_operations: Created new LLM processor
collected 1171 items / 84 deselected / 1087 selected

src/tests/test_active_inference_math.py::TestShannonEntropy::test_uniform_distribution PASSED [  0%]
src/tests/test_active_inference_math.py::TestShannonEntropy::test_dirac_distribution PASSED [  0%]
src/tests/test_active_inference_math.py::TestShannonEntropy::test_binary_distribution PASSED [  0%]
src/tests/test_active_inference_math.py::TestShannonEntropy::test_asymmetric_binary PASSED [  0%]
src/tests/test_active_inference_math.py::TestShannonEntropy::test_non_negative PASSED [  0%]
src/tests/test_active_inference_math.py::TestKLDivergence::test_same_distribution_is_zero PASSED [  0%]
src/tests/test_active_inference_math.py::TestKLDivergence::test_non_negative PASSED [  0%]
src/tests/test_active_inference_math.py::TestKLDivergence::test_asymmetric PASSED [  0%]
src/tests/test_active_inference_math.py::TestKLDivergence::test_peaked_vs_uniform PASSED [  0%]
src/tests/test_active_inference_math.py::TestVariationalFreeEnergy::test_returns_float PASSED [  0%]
src/tests/test_active_inference_math.py::TestVariationalFreeEnergy::test_certain_belief_lower_energy PASSED [  1%]
src/tests/test_active_inference_math.py::TestVariationalFreeEnergy::test_uniform_prior PASSED [  1%]
src/tests/test_active_inference_math.py::TestExpectedFreeEnergy::test_returns_float PASSED [  1%]
src/tests/test_active_inference_math.py::TestExpectedFreeEnergy::test_preferred_outcome_lower_efe PASSED [  1%]
src/tests/test_active_inference_math.py::TestExpectedFreeEnergy::test_2d_b_matrix_fallback PASSED [  1%]
src/tests/test_active_inference_math.py::TestInformationGain::test_no_update_zero_gain PASSED [  1%]
src/tests/test_active_inference_math.py::TestInformationGain::test_positive_gain PASSED [  1%]
src/tests/test_active_inference_math.py::TestInformationGain::test_equals_kl_posterior_prior PASSED [  1%]
src/tests/test_active_inference_math.py::TestAnalyzeActiveInferenceMetrics::test_output_structure PASSED [  1%]
src/tests/test_active_inference_math.py::TestAnalyzeActiveInferenceMetrics::test_entropy_decreasing_trend PASSED [  1%]
src/tests/test_active_inference_math.py::TestAnalyzeActiveInferenceMetrics::test_information_gain_positive PASSED [  1%]
src/tests/test_active_inference_math.py::TestAnalyzeActiveInferenceMetrics::test_empty_trajectory PASSED [  2%]
src/tests/test_active_inference_math.py::TestNormalizeMatrices::test_2d_a_matrix_normalization PASSED [  2%]
src/tests/test_active_inference_math.py::TestNormalizeMatrices::test_3d_b_matrix_normalization PASSED [  2%]
src/tests/test_active_inference_math.py::TestNormalizeMatrices::test_zero_column_uniform_fallback PASSED [  2%]
src/tests/test_active_inference_math.py::TestNormalizeMatrices::test_factorial_a_matrix PASSED [  2%]
src/tests/test_active_inference_math.py::TestNormalizeMatrices::test_passthrough_no_matrices PASSED [  2%]
src/tests/test_activeinference_matrix_formatting.py::TestMatrixToJulia::test_basic_vector PASSED [  2%]
src/tests/test_activeinference_matrix_formatting.py::TestMatrixToJulia::test_2d_matrix_list_of_lists PASSED [  2%]
src/tests/test_activeinference_matrix_formatting.py::TestMatrixToJulia::test_2d_matrix_tuple_of_lists PASSED [  2%]
src/tests/test_activeinference_matrix_formatting.py::TestMatrixToJulia::test_2d_matrix_tuple_of_tuples PASSED [  2%]
src/tests/test_activeinference_matrix_formatting.py::TestMatrixToJulia::test_3d_matrix_list_of_list_of_lists PASSED [  2%]
src/tests/test_activeinference_matrix_formatting.py::TestMatrixToJulia::test_3d_matrix_nested_tuples PASSED [  3%]
src/tests/test_activeinference_matrix_formatting.py::TestMatrixToJulia::test_string_input PASSED [  3%]
src/tests/test_advanced_visualization_overall.py::TestAdvancedVisualizationModule::test_module_imports PASSED [  3%]
src/tests/test_advanced_visualization_overall.py::TestAdvancedVisualizationModule::test_visualization_functions PASSED [  3%]
src/tests/test_advanced_visualization_overall.py::TestAdvancedVisualizer::test_visualizer_instantiation PASSED [  3%]
src/tests/test_advanced_visualization_overall.py::TestAdvancedVisualizer::test_visualizer_methods PASSED [  3%]
src/tests/test_advanced_visualization_overall.py::TestDashboardGenerator::test_dashboard_generator_instantiation PASSED [  3%]
src/tests/test_advanced_visualization_overall.py::TestDashboardGenerator::test_generate_dashboard_function 
-------------------------------- live log call ---------------------------------
2026-02-13 11:18:15 [   ERROR] gnn.parsers.system: Parsing failed for format GNNFormat.MARKDOWN: 'ValidationResult' object has no attribute 'is_valid'
PASSED                                                                   [  3%]
src/tests/test_advanced_visualization_overall.py::TestVisualizationDataExtractor::test_extractor_instantiation PASSED [  3%]
src/tests/test_advanced_visualization_overall.py::TestVisualizationDataExtractor::test_extract_visualization_data PASSED [  3%]
src/tests/test_advanced_visualization_overall.py::TestD2Visualization::test_d2_availability_flag PASSED [  3%]
src/tests/test_advanced_visualization_overall.py::TestD2Visualization::test_d2_visualizer_import PASSED [  4%]
src/tests/test_advanced_visualization_overall.py::TestD2Visualization::test_process_gnn_file_with_d2 
-------------------------------- live log call ---------------------------------
2026-02-13 11:18:15 [   ERROR] advanced_visualization.d2_visualizer: Failed to parse GNN file: cannot import name 'parse_gnn_file' from 'gnn.parser' (/Users/4d/Documents/GitHub/generalizednotationnotation/src/gnn/parser.py)
PASSED                                                                   [  4%]
src/tests/test_advanced_visualization_overall.py::TestProcessAdvancedViz::test_process_advanced_viz_standardized_impl 
-------------------------------- live log call ---------------------------------
2026-02-13 11:18:15 [    INFO] test_adv_viz: ================================================================================
2026-02-13 11:18:15 [    INFO] test_adv_viz: ADVANCED VISUALIZATION PROCESSING
2026-02-13 11:18:15 [    INFO] test_adv_viz: ================================================================================
2026-02-13 11:18:15 [    INFO] test_adv_viz: Looking for GNN output in: /var/folders/vc/rgmbpjpj0dbg61vr54xjskc80000gn/T/tmpbwvvk52_/3_gnn_output
2026-02-13 11:18:15 [    INFO] test_adv_viz: Looking for results file: /var/folders/vc/rgmbpjpj0dbg61vr54xjskc80000gn/T/tmpbwvvk52_/3_gnn_output/gnn_processing_results.json (exists: False)
2026-02-13 11:18:15 [    INFO] test_adv_viz: Looking for nested results file: /var/folders/vc/rgmbpjpj0dbg61vr54xjskc80000gn/T/tmpbwvvk52_/3_gnn_output/3_gnn_output/gnn_processing_results.json (exists: False)
2026-02-13 11:18:15 [ WARNING] test_adv_viz: GNN processing results not found at /var/folders/vc/rgmbpjpj0dbg61vr54xjskc80000gn/T/tmpbwvvk52_/3_gnn_output/gnn_processing_results.json
2026-02-13 11:18:15 [    INFO] test_adv_viz: Found 0 parsed files in /var/folders/vc/rgmbpjpj0dbg61vr54xjskc80000gn/T/tmpbwvvk52_/3_gnn_output
2026-02-13 11:18:15 [ WARNING] test_adv_viz: No GNN models found for advanced visualization
2026-02-13 11:18:15 [    INFO] test_adv_viz: Saved advanced visualization summary: /var/folders/vc/rgmbpjpj0dbg61vr54xjskc80000gn/T/tmpbwvvk52_/adv_viz_output/advanced_viz_summary.json
PASSED                                                                   [  4%]
src/tests/test_advanced_visualization_overall.py::TestProcessAdvancedViz::test_process_with_viz_types 
-------------------------------- live log call ---------------------------------
2026-02-13 11:18:15 [    INFO] test_viz_types: ================================================================================
2026-02-13 11:18:15 [    INFO] test_viz_types: ADVANCED VISUALIZATION PROCESSING
2026-02-13 11:18:15 [    INFO] test_viz_types: ================================================================================
2026-02-13 11:18:15 [    INFO] test_viz_types: Looking for GNN output in: /var/folders/vc/rgmbpjpj0dbg61vr54xjskc80000gn/T/tmpp84fgbha/3_gnn_output
2026-02-13 11:18:15 [    INFO] test_viz_types: Looking for results file: /var/folders/vc/rgmbpjpj0dbg61vr54xjskc80000gn/T/tmpp84fgbha/3_gnn_output/gnn_processing_results.json (exists: False)
2026-02-13 11:18:15 [    INFO] test_viz_types: Looking for nested results file: /var/folders/vc/rgmbpjpj0dbg61vr54xjskc80000gn/T/tmpp84fgbha/3_gnn_output/3_gnn_output/gnn_processing_results.json (exists: False)
2026-02-13 11:18:15 [ WARNING] test_viz_types: GNN processing results not found at /var/folders/vc/rgmbpjpj0dbg61vr54xjskc80000gn/T/tmpp84fgbha/3_gnn_output/gnn_processing_results.json
2026-02-13 11:18:15 [    INFO] test_viz_types: Found 0 parsed files in /var/folders/vc/rgmbpjpj0dbg61vr54xjskc80000gn/T/tmpp84fgbha/3_gnn_output
2026-02-13 11:18:15 [ WARNING] test_viz_types: No GNN models found for advanced visualization
2026-02-13 11:18:15 [    INFO] test_viz_types: Saved advanced visualization summary: /var/folders/vc/rgmbpjpj0dbg61vr54xjskc80000gn/T/tmpp84fgbha/types_output/advanced_viz_summary.json
2026-02-13 11:18:15 [    INFO] test_viz_types: ================================================================================
2026-02-13 11:18:15 [    INFO] test_viz_types: ADVANCED VISUALIZATION PROCESSING
2026-02-13 11:18:15 [    INFO] test_viz_types: ================================================================================
2026-02-13 11:18:15 [    INFO] test_viz_types: Looking for GNN output in: /var/folders/vc/rgmbpjpj0dbg61vr54xjskc80000gn/T/tmpp84fgbha/3_gnn_output
2026-02-13 11:18:15 [    INFO] test_viz_types: Looking for results file: /var/folders/vc/rgmbpjpj0dbg61vr54xjskc80000gn/T/tmpp84fgbha/3_gnn_output/gnn_processing_results.json (exists: False)
2026-02-13 11:18:15 [    INFO] test_viz_types: Looking for nested results file: /var/folders/vc/rgmbpjpj0dbg61vr54xjskc80000gn/T/tmpp84fgbha/3_gnn_output/3_gnn_output/gnn_processing_results.json (exists: False)
2026-02-13 11:18:15 [ WARNING] test_viz_types: GNN processing results not found at /var/folders/vc/rgmbpjpj0dbg61vr54xjskc80000gn/T/tmpp84fgbha/3_gnn_output/gnn_processing_results.json
2026-02-13 11:18:15 [    INFO] test_viz_types: Found 0 parsed files in /var/folders/vc/rgmbpjpj0dbg61vr54xjskc80000gn/T/tmpp84fgbha/3_gnn_output
2026-02-13 11:18:15 [ WARNING] test_viz_types: No GNN models found for advanced visualization
2026-02-13 11:18:15 [    INFO] test_viz_types: Saved advanced visualization summary: /var/folders/vc/rgmbpjpj0dbg61vr54xjskc80000gn/T/tmpp84fgbha/types_output/advanced_viz_summary.json
2026-02-13 11:18:15 [    INFO] test_viz_types: ================================================================================
2026-02-13 11:18:15 [    INFO] test_viz_types: ADVANCED VISUALIZATION PROCESSING
2026-02-13 11:18:15 [    INFO] test_viz_types: ================================================================================
2026-02-13 11:18:15 [    INFO] test_viz_types: Looking for GNN output in: /var/folders/vc/rgmbpjpj0dbg61vr54xjskc80000gn/T/tmpp84fgbha/3_gnn_output
2026-02-13 11:18:15 [    INFO] test_viz_types: Looking for results file: /var/folders/vc/rgmbpjpj0dbg61vr54xjskc80000gn/T/tmpp84fgbha/3_gnn_output/gnn_processing_results.json (exists: False)
2026-02-13 11:18:15 [    INFO] test_viz_types: Looking for nested results file: /var/folders/vc/rgmbpjpj0dbg61vr54xjskc80000gn/T/tmpp84fgbha/3_gnn_output/3_gnn_output/gnn_processing_results.json (exists: False)
2026-02-13 11:18:15 [ WARNING] test_viz_types: GNN processing results not found at /var/folders/vc/rgmbpjpj0dbg61vr54xjskc80000gn/T/tmpp84fgbha/3_gnn_output/gnn_processing_results.json
2026-02-13 11:18:15 [    INFO] test_viz_types: Found 0 parsed files in /var/folders/vc/rgmbpjpj0dbg61vr54xjskc80000gn/T/tmpp84fgbha/3_gnn_output
2026-02-13 11:18:15 [ WARNING] test_viz_types: No GNN models found for advanced visualization
2026-02-13 11:18:15 [    INFO] test_viz_types: Saved advanced visualization summary: /var/folders/vc/rgmbpjpj0dbg61vr54xjskc80000gn/T/tmpp84fgbha/types_output/advanced_viz_summary.json
2026-02-13 11:18:15 [    INFO] test_viz_types: ================================================================================
2026-02-13 11:18:15 [    INFO] test_viz_types: ADVANCED VISUALIZATION PROCESSING
2026-02-13 11:18:15 [    INFO] test_viz_types: ================================================================================
2026-02-13 11:18:15 [    INFO] test_viz_types: Looking for GNN output in: /var/folders/vc/rgmbpjpj0dbg61vr54xjskc80000gn/T/tmpp84fgbha/3_gnn_output
2026-02-13 11:18:15 [    INFO] test_viz_types: Looking for results file: /var/folders/vc/rgmbpjpj0dbg61vr54xjskc80000gn/T/tmpp84fgbha/3_gnn_output/gnn_processing_results.json (exists: False)
2026-02-13 11:18:15 [    INFO] test_viz_types: Looking for nested results file: /var/folders/vc/rgmbpjpj0dbg61vr54xjskc80000gn/T/tmpp84fgbha/3_gnn_output/3_gnn_output/gnn_processing_results.json (exists: False)
2026-02-13 11:18:15 [ WARNING] test_viz_types: GNN processing results not found at /var/folders/vc/rgmbpjpj0dbg61vr54xjskc80000gn/T/tmpp84fgbha/3_gnn_output/gnn_processing_results.json
2026-02-13 11:18:15 [    INFO] test_viz_types: Found 0 parsed files in /var/folders/vc/rgmbpjpj0dbg61vr54xjskc80000gn/T/tmpp84fgbha/3_gnn_output
2026-02-13 11:18:15 [ WARNING] test_viz_types: No GNN models found for advanced visualization
2026-02-13 11:18:15 [    INFO] test_viz_types: Saved advanced visualization summary: /var/folders/vc/rgmbpjpj0dbg61vr54xjskc80000gn/T/tmpp84fgbha/types_output/advanced_viz_summary.json
PASSED                                                                   [  4%]
src/tests/test_advanced_visualization_overall.py::TestVisualizationCreation::test_create_default_visualization PASSED [  4%]
src/tests/test_advanced_visualization_overall.py::TestVisualizationCreation::test_create_network_visualization PASSED [  4%]
src/tests/test_analysis_extraction.py::test_extract_activeinference_jl_data 
-------------------------------- live log call ---------------------------------
2026-02-13 11:18:15 [    INFO] analysis.post_simulation: Reading ActiveInference.jl simulation data from simulation_results.csv
2026-02-13 11:18:15 [    INFO] analysis.post_simulation: Extracted 10 steps from ActiveInference.jl results
PASSED                                                                   [  4%]
src/tests/test_analysis_extraction.py::test_extract_discopy_data 
-------------------------------- live log call ---------------------------------
2026-02-13 11:18:15 [    INFO] analysis.post_simulation: Extracted DisCoPy data: 1 diagrams, 2 JAX evals
PASSED                                                                   [  4%]
src/tests/test_analysis_overall.py::TestAnalysisOverall::test_process_analysis_flow 
-------------------------------- live log call ---------------------------------
2026-02-13 11:18:15 [    INFO] analysis: 🚀 Starting step: Processing analysis
2026-02-13 11:18:15 [    INFO] analysis: Looking for execution results in: /var/folders/vc/rgmbpjpj0dbg61vr54xjskc80000gn/T/tmpiuaam6lz/12_execute_output
2026-02-13 11:18:15 [ WARNING] analysis: Execution directory not found at /var/folders/vc/rgmbpjpj0dbg61vr54xjskc80000gn/T/tmpiuaam6lz/12_execute_output. Skipping post-simulation analysis.
2026-02-13 11:18:15 [    INFO] analysis: Generating ActiveInference.jl visualizations...
2026-02-13 11:18:15 [    INFO] analysis.activeinference_jl: No ActiveInference.jl output directories found
2026-02-13 11:18:15 [    INFO] analysis: Generating DisCoPy visualizations...
2026-02-13 11:18:15 [    INFO] analysis.discopy.analyzer: Searching for DisCoPy results in /var/folders/vc/rgmbpjpj0dbg61vr54xjskc80000gn/T/tmpiuaam6lz/12_execute_output
2026-02-13 11:18:15 [    INFO] analysis.discopy.analyzer: Found 0 DisCoPy directories
2026-02-13 11:18:15 [    INFO] analysis: Generating JAX visualizations...
2026-02-13 11:18:15 [    INFO] analysis: Generating RxInfer visualizations...
2026-02-13 11:18:15 [    INFO] analysis: ✅ Analysis processing completed successfully
PASSED                                                                   [  4%]
src/tests/test_analysis_overall.py::TestAnalysisOverall::test_process_analysis_no_files 
-------------------------------- live log call ---------------------------------
2026-02-13 11:18:15 [    INFO] analysis: 🚀 Starting step: Processing analysis
2026-02-13 11:18:15 [ WARNING] analysis: No GNN files found for analysis
2026-02-13 11:18:15 [   ERROR] analysis: ❌ Analysis processing failed
PASSED                                                                   [  4%]
src/tests/test_analysis_overall.py::TestPostSimulationVisualization::test_generate_belief_heatmaps PASSED [  4%]
src/tests/test_analysis_overall.py::TestPostSimulationVisualization::test_generate_action_analysis PASSED [  5%]
src/tests/test_analysis_overall.py::TestPostSimulationVisualization::test_generate_free_energy_plots PASSED [  5%]
src/tests/test_analysis_overall.py::TestPostSimulationVisualization::test_generate_observation_analysis PASSED [  5%]
src/tests/test_analysis_overall.py::TestPostSimulationVisualization::test_analyze_free_energy PASSED [  5%]
src/tests/test_analysis_overall.py::TestPostSimulationVisualization::test_analyze_simulation_traces PASSED [  5%]
src/tests/test_analysis_overall.py::TestPostSimulationVisualization::test_analyze_policy_convergence PASSED [  5%]
src/tests/test_analysis_overall.py::TestPostSimulationVisualization::test_compare_framework_results PASSED [  5%]
src/tests/test_analysis_overall.py::TestAnalysisModuleImports::test_visualization_function_exports PASSED [  5%]
src/tests/test_audio_generation.py::TestAudioGeneration::test_audio_import_available PASSED [  5%]
src/tests/test_audio_generation.py::TestAudioGeneration::test_sapf_audio_generation PASSED [  5%]
src/tests/test_audio_generation.py::TestAudioGeneration::test_pedalboard_audio_generation PASSED [  5%]
src/tests/test_audio_generation.py::TestAudioGeneration::test_audio_format_conversion PASSED [  6%]
src/tests/test_audio_generation.py::TestAudioGeneration::test_audio_parameter_validation PASSED [  6%]
src/tests/test_audio_generation.py::TestAudioGeneration::test_audio_error_handling PASSED [  6%]
src/tests/test_audio_generation.py::TestAudioGeneration::test_audio_performance PASSED [  6%]
src/tests/test_audio_generation.py::TestAudioGeneration::test_audio_memory_usage PASSED [  6%]
src/tests/test_audio_generation.py::TestAudioGeneration::test_audio_quality_metrics PASSED [  6%]
src/tests/test_audio_generation.py::TestAudioGeneration::test_audio_file_operations PASSED [  6%]
src/tests/test_audio_generation.py::TestAudioGeneration::test_audio_backend_selection PASSED [  6%]
src/tests/test_audio_generation.py::TestAudioGeneration::test_audio_concurrent_generation PASSED [  6%]
src/tests/test_audio_integration.py::TestAudioGNNIntegration::test_audio_module_gnn_data_flow PASSED [  6%]
src/tests/test_audio_integration.py::TestAudioGNNIntegration::test_audio_generation_from_parsed_gnn PASSED [  6%]
src/tests/test_audio_integration.py::TestAudioGNNIntegration::test_audio_backends_availability PASSED [  7%]
src/tests/test_audio_integration.py::TestAudioGNNIntegration::test_audio_features_availability PASSED [  7%]
src/tests/test_audio_integration.py::TestAudioPipelineIntegration::test_audio_step_execution 
-------------------------------- live log call ---------------------------------
2026-02-13 11:18:17 [    INFO] audio: 🚀 Starting step: Processing audio
2026-02-13 11:18:17 [ WARNING] audio: No GNN files found for audio processing
2026-02-13 11:18:17 [   ERROR] audio: ❌ Audio processing failed
PASSED                                                                   [  7%]
src/tests/test_audio_integration.py::TestAudioPipelineIntegration::test_audio_sonification PASSED [  7%]
src/tests/test_audio_integration.py::TestAudioExportIntegration::test_audio_file_writing PASSED [  7%]
src/tests/test_audio_overall.py::TestAudioModuleComprehensive::test_audio_module_imports PASSED [  7%]
src/tests/test_audio_overall.py::TestAudioModuleComprehensive::test_audio_generator_instantiation PASSED [  7%]
src/tests/test_audio_overall.py::TestAudioModuleComprehensive::test_sapf_processor_instantiation PASSED [  7%]
src/tests/test_audio_overall.py::TestAudioModuleComprehensive::test_pedalboard_processor_instantiation PASSED [  7%]
src/tests/test_audio_overall.py::TestAudioModuleComprehensive::test_audio_module_info PASSED [  7%]
src/tests/test_audio_overall.py::TestAudioModuleComprehensive::test_audio_generation_options PASSED [  8%]
src/tests/test_audio_overall.py::TestAudioProcessing::test_gnn_to_audio_conversion PASSED [  8%]
src/tests/test_audio_overall.py::TestAudioProcessing::test_audio_validation PASSED [  8%]
src/tests/test_audio_overall.py::TestAudioProcessing::test_audio_generation PASSED [  8%]
src/tests/test_audio_overall.py::TestAudioIntegration::test_audio_pipeline_integration PASSED [  8%]
src/tests/test_audio_overall.py::TestAudioIntegration::test_audio_mcp_integration PASSED [  8%]
src/tests/test_audio_overall.py::test_audio_module_completeness PASSED   [  8%]
src/tests/test_audio_sapf.py::TestSAPFCodeValidation::test_validate_sapf_code_valid PASSED [  8%]
src/tests/test_audio_sapf.py::TestSAPFCodeValidation::test_validate_sapf_code_invalid PASSED [  8%]
src/tests/test_audio_sapf.py::TestSAPFStandaloneFunctions::test_convert_gnn_to_sapf_function PASSED [  8%]
src/tests/test_audio_sapf.py::TestSAPFStandaloneFunctions::test_generate_oscillator_audio_function PASSED [  8%]
src/tests/test_audio_sapf.py::TestSAPFStandaloneFunctions::test_apply_envelope_function PASSED [  9%]
src/tests/test_audio_sapf.py::TestSAPFStandaloneFunctions::test_mix_audio_channels_function PASSED [  9%]
src/tests/test_comprehensive_api.py::TestGNNModule::test_module_imports PASSED [  9%]
src/tests/test_comprehensive_api.py::TestGNNModule::test_get_module_info PASSED [  9%]
src/tests/test_comprehensive_api.py::TestGNNModule::test_validate_gnn_function PASSED [  9%]
src/tests/test_comprehensive_api.py::TestGNNModule::test_feature_flags PASSED [  9%]
src/tests/test_comprehensive_api.py::TestExportModule::test_module_imports PASSED [  9%]
src/tests/test_comprehensive_api.py::TestExportModule::test_get_module_info PASSED [  9%]
src/tests/test_comprehensive_api.py::TestExportModule::test_get_supported_formats PASSED [  9%]
src/tests/test_comprehensive_api.py::TestExportModule::test_export_gnn_model_invalid_format PASSED [  9%]
src/tests/test_comprehensive_api.py::TestRenderModule::test_module_imports PASSED [  9%]
src/tests/test_comprehensive_api.py::TestRenderModule::test_get_module_info PASSED [ 10%]
src/tests/test_comprehensive_api.py::TestRenderModule::test_get_available_renderers PASSED [ 10%]
src/tests/test_comprehensive_api.py::TestRenderModule::test_feature_flags PASSED [ 10%]
src/tests/test_comprehensive_api.py::TestWebsiteModule::test_module_imports PASSED [ 10%]
src/tests/test_comprehensive_api.py::TestWebsiteModule::test_get_module_info PASSED [ 10%]
src/tests/test_comprehensive_api.py::TestWebsiteModule::test_get_supported_file_types PASSED [ 10%]
src/tests/test_comprehensive_api.py::TestWebsiteModule::test_generate_website_from_pipeline_output_nonexistent PASSED [ 10%]
src/tests/test_comprehensive_api.py::TestWebsiteModule::test_validate_website_config PASSED [ 10%]
src/tests/test_comprehensive_api.py::TestSAPFModule::test_module_imports PASSED [ 10%]
src/tests/test_comprehensive_api.py::TestSAPFModule::test_get_module_info PASSED [ 10%]
src/tests/test_comprehensive_api.py::TestSAPFModule::test_get_audio_generation_options PASSED [ 10%]
src/tests/test_comprehensive_api.py::TestSAPFModule::test_process_gnn_to_audio_invalid_input PASSED [ 11%]
src/tests/test_comprehensive_api.py::TestOntologyModule::test_module_imports PASSED [ 11%]
src/tests/test_comprehensive_api.py::TestOntologyModule::test_get_module_info PASSED [ 11%]
src/tests/test_comprehensive_api.py::TestOntologyModule::test_get_ontology_processing_options PASSED [ 11%]
src/tests/test_comprehensive_api.py::TestOntologyModule::test_process_gnn_ontology_nonexistent_file PASSED [ 11%]
src/tests/test_comprehensive_api.py::TestOntologyModule::test_parse_gnn_ontology_section_empty PASSED [ 11%]
src/tests/test_comprehensive_api.py::TestTypeCheckerModule::test_module_imports PASSED [ 11%]
src/tests/test_comprehensive_api.py::TestTypeCheckerModule::test_type_checker_instantiation 
-------------------------------- live log call ---------------------------------
2026-02-13 11:18:17 [    INFO] src.type_checker.checker: GNNTypeChecker initialized. Strict mode: False
PASSED                                                                   [ 11%]
src/tests/test_comprehensive_api.py::TestVisualizationModule::test_module_imports PASSED [ 11%]
src/tests/test_comprehensive_api.py::TestVisualizationModule::test_visualizer_instantiation PASSED [ 11%]
src/tests/test_comprehensive_api.py::TestExecuteModule::test_module_imports PASSED [ 11%]
src/tests/test_comprehensive_api.py::TestExecuteModule::test_executor_instantiation PASSED [ 12%]
src/tests/test_comprehensive_api.py::TestLLMModule::test_module_imports PASSED [ 12%]
src/tests/test_comprehensive_api.py::TestLLMModule::test_llm_processor_instantiation PASSED [ 12%]
src/tests/test_comprehensive_api.py::TestMCPModule::test_module_imports PASSED [ 12%]
src/tests/test_comprehensive_api.py::TestMCPModule::test_mcp_server_instantiation PASSED [ 12%]
src/tests/test_comprehensive_api.py::TestSetupModule::test_module_imports PASSED [ 12%]
src/tests/test_comprehensive_api.py::TestSetupModule::test_setup_functions_exist PASSED [ 12%]
src/tests/test_comprehensive_api.py::TestUtilsModule::test_module_imports PASSED [ 12%]
src/tests/test_comprehensive_api.py::TestUtilsModule::test_utils_classes_instantiation PASSED [ 12%]
src/tests/test_comprehensive_api.py::TestPipelineModule::test_module_imports PASSED [ 12%]
src/tests/test_comprehensive_api.py::TestPipelineModule::test_pipeline_config PASSED [ 12%]
src/tests/test_comprehensive_api.py::TestMCPIntegration::test_mcp_availability_flags PASSED [ 13%]
src/tests/test_comprehensive_api.py::TestMCPIntegration::test_register_tools_functions PASSED [ 13%]
src/tests/test_comprehensive_api.py::TestModuleConsistency::test_version_consistency PASSED [ 13%]
src/tests/test_comprehensive_api.py::TestModuleConsistency::test_feature_flags_consistency PASSED [ 13%]
src/tests/test_comprehensive_api.py::TestModuleConsistency::test_module_info_consistency PASSED [ 13%]
src/tests/test_core_modules.py::TestGNNModuleComprehensive::test_gnn_module_imports 
-------------------------------- live log call ---------------------------------
2026-02-13 11:18:17 [    INFO] root: GNN module imports validated
PASSED                                                                   [ 13%]
src/tests/test_core_modules.py::TestGNNModuleComprehensive::test_gnn_file_discovery 
-------------------------------- live log call ---------------------------------
2026-02-13 11:18:17 [    INFO] root: GNN file discovery validated: 1 files found
PASSED                                                                   [ 13%]
src/tests/test_core_modules.py::TestGNNModuleComprehensive::test_gnn_file_parsing 
-------------------------------- live log call ---------------------------------
2026-02-13 11:18:17 [ WARNING] root: Failed to parse simple.gnn: Parsed data should contain ModelName
assert 'ModelName' in {'file_name': 'simple.gnn', 'file_path': '/var/folders/vc/rgmbpjpj0dbg61vr54xjskc80000gn/T/tmphj1nqckr/simple.gnn', 'file_size': 152, 'parse_timestamp': '2026-02-13T11:18:17.666468', ...}
PASSED                                                                   [ 13%]
src/tests/test_core_modules.py::TestGNNModuleComprehensive::test_gnn_validation 
-------------------------------- live log call ---------------------------------
2026-02-13 11:18:17 [    INFO] root: Validation result for simple.gnn: True
PASSED                                                                   [ 13%]
src/tests/test_core_modules.py::TestRenderModuleComprehensive::test_render_module_imports 
-------------------------------- live log call ---------------------------------
2026-02-13 11:18:17 [    INFO] root: Render module imports validated
PASSED                                                                   [ 13%]
src/tests/test_core_modules.py::TestRenderModuleComprehensive::test_pymdp_rendering 
-------------------------------- live log call ---------------------------------
2026-02-13 11:18:17 [ WARNING] src.render.pymdp.pymdp_renderer: A matrix (likelihood) not found in initial parameterization
2026-02-13 11:18:17 [ WARNING] src.render.pymdp.pymdp_renderer: B matrix (transition) not found in initial parameterization
2026-02-13 11:18:17 [ WARNING] src.render.pymdp.pymdp_renderer: C vector (preferences) not found in initial parameterization
2026-02-13 11:18:17 [ WARNING] src.render.pymdp.pymdp_renderer: D vector (prior) not found in initial parameterization
2026-02-13 11:18:17 [    INFO] root: PyMDP rendering validated
PASSED                                                                   [ 13%]
src/tests/test_core_modules.py::TestRenderModuleComprehensive::test_rxinfer_rendering 
-------------------------------- live log call ---------------------------------
2026-02-13 11:18:17 [    INFO] src.render.rxinfer.rxinfer_renderer: Successfully generated RxInfer.jl script for GNN_Model
2026-02-13 11:18:17 [    INFO] root: RxInfer POMDP validated: 3 actions
2026-02-13 11:18:17 [    INFO] root: RxInfer POMDP rendering validated
PASSED                                                                   [ 14%]
src/tests/test_core_modules.py::TestRenderModuleComprehensive::test_discopy_rendering PASSED [ 14%]
src/tests/test_core_modules.py::TestExecuteModuleComprehensive::test_execute_module_imports PASSED [ 14%]
src/tests/test_core_modules.py::TestExecuteModuleComprehensive::test_execution_environment_validation 
-------------------------------- live log call ---------------------------------
2026-02-13 11:18:18 [ WARNING] root: Execution environment validation failed: Status should contain python_version
assert 'python_version' in {'overall_status': 'healthy', 'results': [{'component': 'python_version', 'details': {'version': '3.12.11'}, 'message': 'Python 3.12 is supported', 'status': 'pass', ...}, {'component': 'memory', 'details': {'available_gb': 3.399322509765625, 'total_gb': 24.0}, 'message': 'Sufficient memory: 24.0GB available', 'status': 'pass', ...}, {'component': 'disk_space', 'details': {'free_gb': 59.15351104736328, 'total_gb': 460.4317207336426}, 'message': 'Sufficient disk space: 59.2GB free', 'status': 'pass', ...}, {'component': 'cpu_usage', 'details': {'cpu_count': 14, 'cpu_percent': 54.5}, 'message': 'Normal CPU usage: 54.5%', 'status': 'pass', ...}, {'component': 'dependency_numpy', 'details': {'min_version': '1.19.0', 'package': 'numpy', 'version': '2.3.5'}, 'message': 'numpy 2.3.5 is available', 'status': 'pass', ...}, {'component': 'dependency_matplotlib', 'details': {'min_version': '3.3.0', 'package': 'matplotlib', 'version': '3.10.8'}, 'message': 'matplotlib 3.10.8 is available', 'status': 'pass', ...}, ...], 'summary': {'total_checks': 15, 'total_errors': 0, 'total_passed': 15, 'total_warnings': 0}, 'timestamp': '2026-02-13T11:18:17.674048'}
PASSED                                                                   [ 14%]
src/tests/test_core_modules.py::TestExecuteModuleComprehensive::test_safe_script_execution PASSED [ 14%]
src/tests/test_core_modules.py::TestLLMModuleComprehensive::test_llm_module_imports PASSED [ 14%]
src/tests/test_core_modules.py::TestLLMModuleComprehensive::test_llm_description_generation PASSED [ 14%]
src/tests/test_core_modules.py::TestMCPModuleComprehensive::test_mcp_module_imports 
-------------------------------- live log call ---------------------------------
2026-02-13 11:18:18 [    INFO] root: MCP module imports validated
PASSED                                                                   [ 14%]
src/tests/test_core_modules.py::TestMCPModuleComprehensive::test_mcp_tool_registration 
-------------------------------- live log call ---------------------------------
2026-02-13 11:18:18 [ WARNING] root: MCP tool registration failed: Tools should be a list
assert False
 +  where False = isinstance(True, list)
PASSED                                                                   [ 14%]
src/tests/test_core_modules.py::TestMCPModuleComprehensive::test_mcp_request_handling 
-------------------------------- live log call ---------------------------------
2026-02-13 11:18:18 [    INFO] src.mcp.processor: Handling MCP request: tools/list
2026-02-13 11:18:18 [    INFO] root: MCP request handling validated
PASSED                                                                   [ 14%]
src/tests/test_core_modules.py::TestOntologyModuleComprehensive::test_ontology_module_imports PASSED [ 14%]
src/tests/test_core_modules.py::TestOntologyModuleComprehensive::test_ontology_term_validation 
-------------------------------- live log call ---------------------------------
2026-02-13 11:18:18 [    INFO] ontology: 🚀 Starting step: Processing ontology
2026-02-13 11:18:18 [    INFO] ontology: Loaded 64 Active Inference ontology terms from /Users/4d/Documents/GitHub/generalizednotationnotation/src/ontology/act_inf_ontology_terms.json
2026-02-13 11:18:18 [    INFO] ontology: Validated 0 annotations: 0 valid, 0 invalid
2026-02-13 11:18:18 [    INFO] ontology: ✅ Ontology processing completed successfully
PASSED                                                                   [ 15%]
src/tests/test_core_modules.py::TestWebsiteModuleComprehensive::test_website_module_imports PASSED [ 15%]
src/tests/test_core_modules.py::TestWebsiteModuleComprehensive::test_website_generation 
-------------------------------- live log call ---------------------------------
2026-02-13 11:18:18 [    INFO] website: Website generated successfully with 1 pages
PASSED                                                                   [ 15%]
src/tests/test_core_modules.py::TestWebsiteModuleComprehensive::test_html_report_creation 
-------------------------------- live log call ---------------------------------
2026-02-13 11:18:18 [    INFO] website: Website generated successfully with 1 pages
PASSED                                                                   [ 15%]
src/tests/test_core_modules.py::TestSAPFModuleComprehensive::test_sapf_module_imports 
-------------------------------- live log call ---------------------------------
2026-02-13 11:18:18 [    INFO] root: SAPF module imports validated successfully
PASSED                                                                   [ 15%]
src/tests/test_core_modules.py::TestSAPFModuleComprehensive::test_gnn_to_sapf_conversion 
-------------------------------- live log call ---------------------------------
2026-02-13 11:18:18 [    INFO] root: GNN to SAPF conversion validated
PASSED                                                                   [ 15%]
src/tests/test_core_modules.py::TestSAPFModuleComprehensive::test_sapf_validation 
-------------------------------- live log call ---------------------------------
2026-02-13 11:18:18 [    INFO] root: SAPF validation functionality confirmed
PASSED                                                                   [ 15%]
src/tests/test_core_modules.py::TestSAPFModuleComprehensive::test_sapf_audio_generation 
-------------------------------- live log call ---------------------------------
2026-02-13 11:18:18 [    INFO] root: SAPF audio generation functionality confirmed
PASSED                                                                   [ 15%]
src/tests/test_core_modules.py::TestCoreModuleIntegration::test_module_coordination 
-------------------------------- live log call ---------------------------------
2026-02-13 11:18:18 [ WARNING] src.render.pymdp.pymdp_renderer: A matrix (likelihood) not found in initial parameterization
2026-02-13 11:18:18 [ WARNING] src.render.pymdp.pymdp_renderer: B matrix (transition) not found in initial parameterization
2026-02-13 11:18:18 [ WARNING] src.render.pymdp.pymdp_renderer: C vector (preferences) not found in initial parameterization
2026-02-13 11:18:18 [ WARNING] src.render.pymdp.pymdp_renderer: D vector (prior) not found in initial parameterization
2026-02-13 11:18:18 [ WARNING] root: Core module coordination failed: execute_gnn_model() got an unexpected keyword argument 'timeout'
PASSED                                                                   [ 15%]
src/tests/test_core_modules.py::TestCoreModuleIntegration::test_module_data_flow 
-------------------------------- live log call ---------------------------------
2026-02-13 11:18:18 [    INFO] root: Module data flow validated
PASSED                                                                   [ 15%]
src/tests/test_core_modules.py::test_core_module_completeness 
-------------------------------- live log call ---------------------------------
2026-02-13 11:18:18 [    INFO] root: Core module completeness: 5/5 modules available
PASSED                                                                   [ 16%]
src/tests/test_coverage_assessment.py::TestCoverageStrategy::test_critical_module_coverage_strategy PASSED [ 16%]
src/tests/test_coverage_assessment.py::TestCoverageStrategy::test_performance_regression_test_framework PASSED [ 16%]
src/tests/test_coverage_assessment.py::TestCoverageStrategy::test_error_scenario_coverage PASSED [ 16%]
src/tests/test_coverage_assessment.py::TestCoverageImprovementPriorities::test_priority_1_critical_apis PASSED [ 16%]
src/tests/test_coverage_assessment.py::TestCoverageImprovementPriorities::test_priority_2_integration_scenarios PASSED [ 16%]
src/tests/test_coverage_assessment.py::TestCoverageImprovementPriorities::test_priority_3_edge_cases_and_recovery PASSED [ 16%]
src/tests/test_coverage_assessment.py::test_coverage_improvement_action_plan PASSED [ 16%]
src/tests/test_coverage_overall.py::TestCoverageOverall::test_gnn_core_imports PASSED [ 16%]
src/tests/test_coverage_overall.py::TestCoverageOverall::test_audio_imports PASSED [ 16%]
src/tests/test_coverage_overall.py::TestCoverageOverall::test_export_imports PASSED [ 16%]
src/tests/test_coverage_overall.py::TestCoverageOverall::test_visualization_imports PASSED [ 17%]
src/tests/test_coverage_overall.py::TestCoverageOverall::test_llm_imports PASSED [ 17%]
src/tests/test_d2_visualizer.py::TestD2VisualizerImport::test_d2_classes_available PASSED [ 17%]
src/tests/test_d2_visualizer.py::TestD2VisualizerImport::test_d2_visualizer_module_available PASSED [ 17%]
src/tests/test_d2_visualizer.py::TestD2VisualizerInitialization::test_d2_availability_check PASSED [ 17%]
src/tests/test_d2_visualizer.py::TestD2VisualizerInitialization::test_d2_visualizer_init PASSED [ 17%]
src/tests/test_d2_visualizer.py::TestD2VisualizerInitialization::test_d2_visualizer_with_logger PASSED [ 17%]
src/tests/test_d2_visualizer.py::TestD2DiagramGeneration::test_generate_active_inference_concepts_diagram PASSED [ 17%]
src/tests/test_d2_visualizer.py::TestD2DiagramGeneration::test_generate_framework_mapping_custom_frameworks PASSED [ 17%]
src/tests/test_d2_visualizer.py::TestD2DiagramGeneration::test_generate_framework_mapping_diagram PASSED [ 17%]
src/tests/test_d2_visualizer.py::TestD2DiagramGeneration::test_generate_model_structure_diagram PASSED [ 17%]
src/tests/test_d2_visualizer.py::TestD2DiagramGeneration::test_generate_pipeline_flow_diagram PASSED [ 18%]
src/tests/test_d2_visualizer.py::TestD2DiagramGeneration::test_generate_pipeline_flow_diagram_no_frameworks PASSED [ 18%]
src/tests/test_d2_visualizer.py::TestD2DiagramGeneration::test_generate_pomdp_diagram PASSED [ 18%]
src/tests/test_d2_visualizer.py::TestD2DiagramCompilation::test_compile_d2_diagram_no_cli PASSED [ 18%]
src/tests/test_d2_visualizer.py::TestD2DiagramCompilation::test_compile_d2_diagram_with_cli 
-------------------------------- live log call ---------------------------------
2026-02-13 11:18:19 [    INFO] advanced_visualization.d2_visualizer: Generated svg: /var/folders/vc/rgmbpjpj0dbg61vr54xjskc80000gn/T/tmp542tmrbq/test_diagram.svg
PASSED                                                                   [ 18%]
src/tests/test_d2_visualizer.py::TestD2DiagramCompilation::test_compile_d2_diagram_write_d2_file PASSED [ 18%]
src/tests/test_d2_visualizer.py::TestD2HelperMethods::test_get_d2_arrow PASSED [ 18%]
src/tests/test_d2_visualizer.py::TestD2HelperMethods::test_get_d2_shape_for_variable PASSED [ 18%]
src/tests/test_d2_visualizer.py::TestD2HelperMethods::test_is_pomdp_model PASSED [ 18%]
src/tests/test_d2_visualizer.py::TestD2HelperMethods::test_sanitize_name PASSED [ 18%]
src/tests/test_d2_visualizer.py::TestD2EndToEndProcessing::test_generate_all_diagrams_for_model 
-------------------------------- live log call ---------------------------------
2026-02-13 11:18:19 [ WARNING] advanced_visualization.d2_visualizer: Failed to generate svg: err: failed to compile /var/folders/vc/rgmbpjpj0dbg61vr54xjskc80000gn/T/tmp4w4fbl78/integration_test_model_structure.d2: /var/folders/vc/rgmbpjpj0dbg61vr54xjskc80000gn/T/tmp4w4fbl78/integration_test_model_structure.d2:11:10: unexpected text after unquoted string
err: /var/folders/vc/rgmbpjpj0dbg61vr54xjskc80000gn/T/tmp4w4fbl78/integration_test_model_structure.d2:15:10: unexpected text after unquoted string
err: /var/folders/vc/rgmbpjpj0dbg61vr54xjskc80000gn/T/tmp4w4fbl78/integration_test_model_structure.d2:19:3: unexpected map termination character } in file map
err: /var/folders/vc/rgmbpjpj0dbg61vr54xjskc80000gn/T/tmp4w4fbl78/integration_test_model_structure.d2:31:1: unexpected map termination character } in file map

2026-02-13 11:18:19 [ WARNING] advanced_visualization.d2_visualizer: Failed to generate svg: err: failed to compile /var/folders/vc/rgmbpjpj0dbg61vr54xjskc80000gn/T/tmp4w4fbl78/integration_test_model_pomdp.d2: /var/folders/vc/rgmbpjpj0dbg61vr54xjskc80000gn/T/tmp4w4fbl78/integration_test_model_pomdp.d2:11:10: unexpected text after unquoted string
err: /var/folders/vc/rgmbpjpj0dbg61vr54xjskc80000gn/T/tmp4w4fbl78/integration_test_model_pomdp.d2:16:10: unexpected text after unquoted string
err: /var/folders/vc/rgmbpjpj0dbg61vr54xjskc80000gn/T/tmp4w4fbl78/integration_test_model_pomdp.d2:21:3: unexpected map termination character } in file map
err: /var/folders/vc/rgmbpjpj0dbg61vr54xjskc80000gn/T/tmp4w4fbl78/integration_test_model_pomdp.d2:46:1: unexpected map termination character } in file map

PASSED                                                                   [ 18%]
src/tests/test_d2_visualizer.py::TestD2ProcessorIntegration::test_init_exports_d2_components PASSED [ 19%]
src/tests/test_d2_visualizer.py::TestD2ProcessorIntegration::test_processor_has_d2_methods PASSED [ 19%]
src/tests/test_d2_visualizer.py::TestD2Documentation::test_d2_diagram_spec_has_fields PASSED [ 19%]
src/tests/test_d2_visualizer.py::TestD2Documentation::test_d2_visualizer_has_docstrings PASSED [ 19%]
src/tests/test_environment_dependencies.py::TestCoreDependencies::test_numpy_available PASSED [ 19%]
src/tests/test_environment_dependencies.py::TestCoreDependencies::test_pathlib_available PASSED [ 19%]
src/tests/test_environment_dependencies.py::TestCoreDependencies::test_json_available PASSED [ 19%]
src/tests/test_environment_dependencies.py::TestCoreDependencies::test_logging_available PASSED [ 19%]
src/tests/test_environment_dependencies.py::TestVisualizationDependencies::test_matplotlib_available PASSED [ 19%]
src/tests/test_environment_dependencies.py::TestVisualizationDependencies::test_seaborn_available PASSED [ 19%]
src/tests/test_environment_dependencies.py::TestAudioDependencies::test_audio_backends PASSED [ 19%]
src/tests/test_environment_dependencies.py::TestAudioDependencies::test_librosa_availability PASSED [ 20%]
src/tests/test_environment_dependencies.py::TestAudioDependencies::test_soundfile_availability PASSED [ 20%]
src/tests/test_environment_dependencies.py::TestMLDependencies::test_scipy_available PASSED [ 20%]
src/tests/test_environment_dependencies.py::TestMLDependencies::test_pymdp_available PASSED [ 20%]
src/tests/test_environment_dependencies.py::TestDependencyVersions::test_python_version PASSED [ 20%]
src/tests/test_environment_dependencies.py::TestDependencyVersions::test_numpy_version PASSED [ 20%]
src/tests/test_environment_dependencies.py::TestDependencyConflicts::test_no_import_conflicts PASSED [ 20%]
src/tests/test_environment_dependencies.py::TestDependencyConflicts::test_visualization_imports_compatible PASSED [ 20%]
src/tests/test_environment_dependencies.py::TestOptionalDependencies::test_optional_deps_graceful_import PASSED [ 20%]
src/tests/test_environment_dependencies.py::TestOptionalDependencies::test_feature_flags_reflect_deps PASSED [ 20%]
src/tests/test_environment_dependencies.py::TestDependencyDiscovery::test_list_installed_packages PASSED [ 20%]
src/tests/test_environment_dependencies.py::TestDependencyDiscovery::test_requirements_file_exists PASSED [ 21%]
src/tests/test_environment_integration.py::TestEnvironmentSetupIntegration::test_environment_validates_before_pipeline PASSED [ 21%]
src/tests/test_environment_integration.py::TestEnvironmentSetupIntegration::test_environment_paths_accessible PASSED [ 21%]
src/tests/test_environment_integration.py::TestEnvironmentSetupIntegration::test_environment_imports_work PASSED [ 21%]
src/tests/test_environment_integration.py::TestEnvironmentModuleIntegration::test_all_modules_have_info PASSED [ 21%]
src/tests/test_environment_integration.py::TestEnvironmentModuleIntegration::test_module_features_accessible PASSED [ 21%]
src/tests/test_environment_integration.py::TestEnvironmentPipelineIntegration::test_pipeline_finds_scripts PASSED [ 21%]
src/tests/test_environment_integration.py::TestEnvironmentPipelineIntegration::test_output_directory_creation PASSED [ 21%]
src/tests/test_environment_integration.py::TestEnvironmentPipelineIntegration::test_temp_directory_creation PASSED [ 21%]
src/tests/test_environment_integration.py::TestEnvironmentLoggingIntegration::test_logging_configuration 
-------------------------------- live log call ---------------------------------
2026-02-13 11:18:19 [    INFO] test_env: Info message
2026-02-13 11:18:19 [ WARNING] test_env: Warning message
PASSED                                                                   [ 21%]
src/tests/test_environment_integration.py::TestEnvironmentLoggingIntegration::test_log_file_creation 
-------------------------------- live log call ---------------------------------
2026-02-13 11:18:19 [    INFO] test_log_file: Test log entry
PASSED                                                                   [ 21%]
src/tests/test_environment_integration.py::TestEnvironmentResourceIntegration::test_input_directory_access PASSED [ 22%]
src/tests/test_environment_integration.py::TestEnvironmentResourceIntegration::test_memory_availability PASSED [ 22%]
src/tests/test_environment_integration.py::TestEnvironmentResourceIntegration::test_disk_space_available PASSED [ 22%]
src/tests/test_environment_overall.py::TestEnvironmentModuleComprehensive::test_environment_module_imports PASSED [ 22%]
src/tests/test_environment_overall.py::TestEnvironmentModuleComprehensive::test_environment_manager_instantiation PASSED [ 22%]
src/tests/test_environment_overall.py::TestEnvironmentModuleComprehensive::test_virtual_environment_instantiation PASSED [ 22%]
src/tests/test_environment_overall.py::TestEnvironmentModuleComprehensive::test_environment_module_info PASSED [ 22%]
src/tests/test_environment_overall.py::TestEnvironmentModuleComprehensive::test_environment_validation 
-------------------------------- live log call ---------------------------------
2026-02-13 11:18:19 [    INFO] setup.setup: 🔍 Checking system requirements...
2026-02-13 11:18:19 [    INFO] setup.setup: ✅ Python version check passed: 3.12.11
2026-02-13 11:18:19 [    INFO] setup.setup: ✅ UV is available: uv 0.9.18 (0cee76417 2025-12-16)
2026-02-13 11:18:19 [    INFO] setup.setup: ✅ Disk space check passed: 59.15GB free
2026-02-13 11:18:19 [    INFO] setup.setup: 📋 Getting list of installed packages using UV...
2026-02-13 11:18:19 [    INFO] setup.setup: 📦 Found 334 installed packages using UV
2026-02-13 11:18:19 [    INFO] setup.setup: 📋 Key installed packages:
2026-02-13 11:18:19 [    INFO] setup.setup:   - pytest: 9.0.2
2026-02-13 11:18:19 [    INFO] setup.setup:   - numpy: 2.3.5
2026-02-13 11:18:19 [    INFO] setup.setup:   - matplotlib: 3.10.8
2026-02-13 11:18:19 [    INFO] setup.setup:   - scipy: 1.17.0
2026-02-13 11:18:19 [    INFO] setup.setup:   - psutil: 7.2.1
2026-02-13 11:18:19 [    INFO] setup.setup: 📄 Full package list saved to: /Users/4d/Documents/GitHub/generalizednotationnotation/.venv/installed_packages_uv.json
PASSED                                                                   [ 22%]
src/tests/test_environment_overall.py::TestEnvironmentFunctionality::test_environment_setup PASSED [ 22%]
src/tests/test_environment_overall.py::TestEnvironmentFunctionality::test_python_version_check PASSED [ 22%]
src/tests/test_environment_overall.py::TestEnvironmentIntegration::test_environment_pipeline_integration 
-------------------------------- live log call ---------------------------------
2026-02-13 11:18:19 [    INFO] setup.setup: 🔍 Checking system requirements...
2026-02-13 11:18:19 [    INFO] setup.setup: ✅ Python version check passed: 3.12.11
2026-02-13 11:18:19 [    INFO] setup.setup: ✅ UV is available: uv 0.9.18 (0cee76417 2025-12-16)
2026-02-13 11:18:19 [    INFO] setup.setup: ✅ Disk space check passed: 59.15GB free
2026-02-13 11:18:19 [    INFO] setup.setup: 📋 Getting list of installed packages using UV...
2026-02-13 11:18:19 [    INFO] setup.setup: 📦 Found 334 installed packages using UV
2026-02-13 11:18:19 [    INFO] setup.setup: 📋 Key installed packages:
2026-02-13 11:18:19 [    INFO] setup.setup:   - pytest: 9.0.2
2026-02-13 11:18:19 [    INFO] setup.setup:   - numpy: 2.3.5
2026-02-13 11:18:19 [    INFO] setup.setup:   - matplotlib: 3.10.8
2026-02-13 11:18:19 [    INFO] setup.setup:   - scipy: 1.17.0
2026-02-13 11:18:19 [    INFO] setup.setup:   - psutil: 7.2.1
2026-02-13 11:18:19 [    INFO] setup.setup: 📄 Full package list saved to: /Users/4d/Documents/GitHub/generalizednotationnotation/.venv/installed_packages_uv.json
PASSED                                                                   [ 22%]
src/tests/test_environment_overall.py::TestEnvironmentIntegration::test_environment_mcp_integration PASSED [ 23%]
src/tests/test_environment_overall.py::test_environment_module_completeness PASSED [ 23%]
src/tests/test_environment_python.py::TestPythonVersion::test_python_version_minimum PASSED [ 23%]
src/tests/test_environment_python.py::TestPythonVersion::test_python_version_compatible PASSED [ 23%]
src/tests/test_environment_python.py::TestPythonVersion::test_python_implementation PASSED [ 23%]
src/tests/test_environment_python.py::TestPythonPath::test_src_in_path PASSED [ 23%]
src/tests/test_environment_python.py::TestPythonPath::test_project_root_accessible PASSED [ 23%]
src/tests/test_environment_python.py::TestPythonPath::test_modules_importable PASSED [ 23%]
src/tests/test_environment_python.py::TestPythonInterpreter::test_encoding_utf8 PASSED [ 23%]
src/tests/test_environment_python.py::TestPythonInterpreter::test_recursion_limit_adequate PASSED [ 23%]
src/tests/test_environment_python.py::TestPythonInterpreter::test_platform_supported PASSED [ 24%]
src/tests/test_environment_python.py::TestPythonFeatures::test_async_await_available PASSED [ 24%]
src/tests/test_environment_python.py::TestPythonFeatures::test_type_hints_work PASSED [ 24%]
src/tests/test_environment_python.py::TestPythonFeatures::test_dataclasses_available PASSED [ 24%]
src/tests/test_environment_python.py::TestPythonFeatures::test_pathlib_fully_functional PASSED [ 24%]
src/tests/test_environment_python.py::TestPythonModules::test_json_module PASSED [ 24%]
src/tests/test_environment_python.py::TestPythonModules::test_logging_module PASSED [ 24%]
src/tests/test_environment_python.py::TestPythonModules::test_subprocess_module PASSED [ 24%]
src/tests/test_environment_python.py::TestPythonModules::test_threading_module PASSED [ 24%]
src/tests/test_environment_python.py::TestPythonEnvironment::test_environment_variables_accessible PASSED [ 24%]
src/tests/test_environment_python.py::TestPythonEnvironment::test_cwd_accessible PASSED [ 24%]
src/tests/test_environment_system.py::TestSystemPlatform::test_platform_identified PASSED [ 25%]
src/tests/test_environment_system.py::TestSystemPlatform::test_architecture_identified PASSED [ 25%]
src/tests/test_environment_system.py::TestSystemPlatform::test_os_name_available PASSED [ 25%]
src/tests/test_environment_system.py::TestFilesystem::test_temp_directory_available PASSED [ 25%]
src/tests/test_environment_system.py::TestFilesystem::test_temp_file_creation PASSED [ 25%]
src/tests/test_environment_system.py::TestFilesystem::test_directory_creation PASSED [ 25%]
src/tests/test_environment_system.py::TestFilesystem::test_file_read_write PASSED [ 25%]
src/tests/test_environment_system.py::TestFilesystem::test_binary_file_operations PASSED [ 25%]
src/tests/test_environment_system.py::TestSystemResources::test_memory_available PASSED [ 25%]
src/tests/test_environment_system.py::TestSystemResources::test_file_descriptors_available PASSED [ 25%]
src/tests/test_environment_system.py::TestSystemResources::test_cpu_count_available PASSED [ 25%]
src/tests/test_environment_system.py::TestSystemProcesses::test_subprocess_execution PASSED [ 26%]
src/tests/test_environment_system.py::TestSystemProcesses::test_process_id_available PASSED [ 26%]
src/tests/test_environment_system.py::TestSystemProcesses::test_environment_variables PASSED [ 26%]
src/tests/test_environment_system.py::TestSystemTime::test_time_available PASSED [ 26%]
src/tests/test_environment_system.py::TestSystemTime::test_datetime_available PASSED [ 26%]
src/tests/test_environment_system.py::TestSystemTime::test_timezone_available PASSED [ 26%]
src/tests/test_environment_system.py::TestSystemPath::test_path_separator PASSED [ 26%]
src/tests/test_environment_system.py::TestSystemPath::test_absolute_path_works PASSED [ 26%]
src/tests/test_environment_system.py::TestSystemPath::test_path_normalization PASSED [ 26%]
src/tests/test_environment_system.py::TestSystemLocale::test_utf8_encoding PASSED [ 26%]
src/tests/test_environment_system.py::TestSystemLocale::test_filesystem_encoding PASSED [ 26%]
src/tests/test_environment_system.py::TestSystemNetwork::test_socket_module_available PASSED [ 27%]
src/tests/test_environment_system.py::TestSystemNetwork::test_localhost_resolvable PASSED [ 27%]
src/tests/test_error_recovery_framework.py::TestErrorRecoveryFramework::test_error_context_creation PASSED [ 27%]
src/tests/test_error_recovery_framework.py::TestErrorRecoveryFramework::test_error_recovery_manager_initialization PASSED [ 27%]
src/tests/test_error_recovery_framework.py::TestErrorRecoveryFramework::test_error_code_registry PASSED [ 27%]
src/tests/test_error_recovery_framework.py::TestErrorRecoveryFramework::test_error_message_formatting PASSED [ 27%]
src/tests/test_error_recovery_framework.py::TestErrorRecoveryFramework::test_error_handling_with_severity_levels 
-------------------------------- live log call ---------------------------------
2026-02-13 11:18:20 [    INFO] test: [I001] Informational
2026-02-13 11:18:20 [ WARNING] test: [W001] Warning
2026-02-13 11:18:20 [   ERROR] test: [E001] Error
2026-02-13 11:18:20 [CRITICAL] test: [CRIT001] Critical
PASSED                                                                   [ 27%]
src/tests/test_error_recovery_framework.py::TestErrorRecoveryFramework::test_format_and_log_error_function 
-------------------------------- live log call ---------------------------------
2026-02-13 11:18:20 [   ERROR] utils.error_recovery: [E101] File not found
2026-02-13 11:18:20 [    INFO] utils.error_recovery: Recovery suggestions:
2026-02-13 11:18:20 [    INFO] utils.error_recovery:   1. Check file path
2026-02-13 11:18:20 [    INFO] utils.error_recovery:   2. Verify file exists
PASSED                                                                   [ 27%]
src/tests/test_error_recovery_framework.py::TestErrorRecoveryStrategies::test_import_error_recovery_suggestions PASSED [ 27%]
src/tests/test_error_recovery_framework.py::TestErrorRecoveryStrategies::test_file_error_recovery_suggestions PASSED [ 27%]
src/tests/test_error_recovery_framework.py::TestErrorRecoveryStrategies::test_resource_error_recovery_suggestions PASSED [ 27%]
src/tests/test_error_recovery_framework.py::TestErrorRecoveryStrategies::test_validation_error_recovery_suggestions PASSED [ 28%]
src/tests/test_error_recovery_framework.py::TestErrorHandlingIntegration::test_error_context_roundtrip PASSED [ 28%]
src/tests/test_error_recovery_framework.py::TestErrorHandlingIntegration::test_error_recovery_manager_is_singleton PASSED [ 28%]
src/tests/test_error_recovery_framework.py::test_error_recovery_documentation PASSED [ 28%]
src/tests/test_execute_overall.py::TestExecuteOverall::test_executor_initialization PASSED [ 28%]
src/tests/test_execute_overall.py::TestExecuteOverall::test_parse_frameworks_parameter_all PASSED [ 28%]
src/tests/test_execute_overall.py::TestExecuteOverall::test_parse_frameworks_parameter_lite PASSED [ 28%]
src/tests/test_execute_overall.py::TestExecuteOverall::test_parse_frameworks_parameter_custom PASSED [ 28%]
src/tests/test_execute_overall.py::TestExecuteOverall::test_determine_script_framework PASSED [ 28%]
src/tests/test_execute_overall.py::TestExecuteOverall::test_find_executable_scripts PASSED [ 28%]
src/tests/test_execute_overall.py::TestExecuteOverall::test_find_executable_scripts_with_framework_filter PASSED [ 28%]
src/tests/test_execute_overall.py::TestExecuteOverall::test_collect_execution_outputs 
-------------------------------- live log call ---------------------------------
2026-02-13 11:18:20 [    INFO] test: Found 1 output files to collect for pymdp
2026-02-13 11:18:20 [    INFO] test: Copied output.json → simulation_data/output.json
2026-02-13 11:18:20 [    INFO] test: Collected 1 output files: 0 visualizations, 1 data files, 0 traces
PASSED                                                                   [ 29%]
src/tests/test_execute_overall.py::TestExecuteScriptExecution::test_execute_single_script_success PASSED [ 29%]
src/tests/test_execute_overall.py::TestExecuteScriptExecution::test_execute_single_script_timeout_handling PASSED [ 29%]
src/tests/test_execute_overall.py::TestJAXExecute::test_find_jax_executable_scripts 
-------------------------------- live log call ---------------------------------
2026-02-13 11:18:20 [    INFO] test: Found python script: actinf_model/jax/actinf_model_jax.py
PASSED                                                                   [ 29%]
src/tests/test_execute_overall.py::TestJAXExecute::test_execute_jax_script 
-------------------------------- live log call ---------------------------------
2026-02-13 11:18:20 [    INFO] test: Executing jax script: actinf_model_jax
2026-02-13 11:18:20 [    INFO] test: ✅ Successfully executed actinf_model_jax
2026-02-13 11:18:20 [    INFO] test: Script output: {"success": true, "framework": "jax", "model_name": "actinf_model", "num_timesteps": 10, "actions": [0, 1, 2, 0, 1, 2, 0, 1, 2, 0], "beliefs": [[0.33, 0.33, 0.34], [0.33, 0.33, 0.34], [0.33, 0.33, 0.3...
2026-02-13 11:18:20 [    INFO] test: Collecting execution outputs for jax script actinf_model_jax
2026-02-13 11:18:20 [    INFO] test: Found 1 output files to collect for jax
2026-02-13 11:18:20 [    INFO] test: Copied simulation_results.json → simulation_data/simulation_results.json
2026-02-13 11:18:20 [    INFO] test: Collected 1 output files: 0 visualizations, 1 data files, 0 traces
2026-02-13 11:18:20 [    INFO] test: Extracting simulation data from collected files for jax
2026-02-13 11:18:20 [    INFO] test: Extracted PyMDP data from simulation_results.json
2026-02-13 11:18:20 [    INFO] test: Extracted 3 data fields from files
PASSED                                                                   [ 29%]
src/tests/test_execute_overall.py::TestJAXExecute::test_determine_jax_framework PASSED [ 29%]
src/tests/test_execute_path_collection.py::TestPathDeduplication::test_normalize_and_deduplicate_paths_empty PASSED [ 29%]
src/tests/test_execute_path_collection.py::TestPathDeduplication::test_normalize_and_deduplicate_paths_single PASSED [ 29%]
src/tests/test_execute_path_collection.py::TestPathDeduplication::test_normalize_and_deduplicate_paths_duplicates 
-------------------------------- live log call ---------------------------------
2026-02-13 11:18:20 [    INFO] src.tests.test_execute_path_collection: Deduplicated paths: 3 → 1 files
PASSED                                                                   [ 29%]
src/tests/test_execute_path_collection.py::TestPathDeduplication::test_normalize_and_deduplicate_paths_nested 
-------------------------------- live log call ---------------------------------
2026-02-13 11:18:20 [    INFO] src.tests.test_execute_path_collection: Deduplicated paths: 2 → 1 files
PASSED                                                                   [ 29%]
src/tests/test_execute_path_collection.py::TestPathCollection::test_collect_execution_outputs_empty PASSED [ 29%]
src/tests/test_execute_path_collection.py::TestPathCollection::test_collect_execution_outputs_structure PASSED [ 30%]
src/tests/test_execute_path_collection.py::TestActiveInferencePathCollection::test_activeinference_jl_path_collection 
-------------------------------- live log call ---------------------------------
2026-02-13 11:18:20 [    INFO] src.tests.test_execute_path_collection: Found 1 output files to collect for activeinference_jl
PASSED                                                                   [ 30%]
src/tests/test_execute_path_collection.py::TestPathCollectionDeduplication::test_no_duplicate_copies 
-------------------------------- live log call ---------------------------------
2026-02-13 11:18:20 [    INFO] src.tests.test_execute_path_collection: Found 1 output files to collect for jax
2026-02-13 11:18:20 [    INFO] src.tests.test_execute_path_collection: Copied data.json → simulation_data/data.json
2026-02-13 11:18:20 [    INFO] src.tests.test_execute_path_collection: Collected 1 output files: 0 visualizations, 1 data files, 0 traces
PASSED                                                                   [ 30%]
src/tests/test_execute_pymdp_integration.py::TestPyMDPRealExecution::test_pymdp_agent_import PASSED [ 30%]
src/tests/test_execute_pymdp_integration.py::TestPyMDPRealExecution::test_pymdp_agent_creation PASSED [ 30%]
src/tests/test_execute_pymdp_integration.py::TestPyMDPRealExecution::test_pymdp_simple_simulation_execution 
-------------------------------- live log call ---------------------------------
2026-02-13 11:18:20 [    INFO] execute.pymdp.simple_simulation: Using PyMDP (inferactively-pymdp) API
2026-02-13 11:18:20 [    INFO] execute.pymdp.simple_simulation: Starting simple PyMDP simulation
2026-02-13 11:18:20 [    INFO] execute.pymdp.simple_simulation: Transposed B from (1, 2, 2) to (2, 2, 1)
2026-02-13 11:18:20 [    INFO] execute.pymdp.simple_simulation: Created matrices: A=(2, 2), B=(2, 2, 1), C=(2,), D=(2,)
2026-02-13 11:18:20 [    INFO] execute.pymdp.simple_simulation: Wrapped arrays in obj_array format (except E)
2026-02-13 11:18:20 [    INFO] execute.pymdp.simple_simulation: Successfully created PyMDP agent
2026-02-13 11:18:20 [    INFO] execute.pymdp.simple_simulation: Simulation timesteps: 20 (from GNN spec)
2026-02-13 11:18:20 [    INFO] execute.pymdp.simple_simulation: Step 0: true_s=0, obs=0, belief=[0.9 0.1], action=0.0
2026-02-13 11:18:20 [    INFO] execute.pymdp.simple_simulation: Step 1: true_s=0, obs=0, belief=[0.96 0.04], action=0.0
2026-02-13 11:18:20 [    INFO] execute.pymdp.simple_simulation: Step 2: true_s=0, obs=0, belief=[0.97 0.03], action=0.0
2026-02-13 11:18:20 [    INFO] execute.pymdp.simple_simulation: Step 3: true_s=0, obs=0, belief=[0.97 0.03], action=0.0
2026-02-13 11:18:20 [    INFO] execute.pymdp.simple_simulation: Step 4: true_s=0, obs=0, belief=[0.97 0.03], action=0.0
2026-02-13 11:18:20 [    INFO] execute.pymdp.simple_simulation: Step 5: true_s=0, obs=0, belief=[0.97 0.03], action=0.0
2026-02-13 11:18:20 [    INFO] execute.pymdp.simple_simulation: Step 6: true_s=0, obs=0, belief=[0.97 0.03], action=0.0
2026-02-13 11:18:20 [    INFO] execute.pymdp.simple_simulation: Step 7: true_s=1, obs=1, belief=[0.28 0.72], action=0.0
2026-02-13 11:18:20 [    INFO] execute.pymdp.simple_simulation: Step 8: true_s=1, obs=1, belief=[0.06 0.94], action=0.0
2026-02-13 11:18:20 [    INFO] execute.pymdp.simple_simulation: Step 9: true_s=1, obs=1, belief=[0.03 0.97], action=0.0
2026-02-13 11:18:20 [    INFO] execute.pymdp.simple_simulation: Step 10: true_s=1, obs=1, belief=[0.03 0.97], action=0.0
2026-02-13 11:18:20 [    INFO] execute.pymdp.simple_simulation: Step 11: true_s=1, obs=1, belief=[0.03 0.97], action=0.0
2026-02-13 11:18:20 [    INFO] execute.pymdp.simple_simulation: Step 12: true_s=0, obs=0, belief=[0.72 0.28], action=0.0
2026-02-13 11:18:20 [    INFO] execute.pymdp.simple_simulation: Step 13: true_s=0, obs=0, belief=[0.94 0.06], action=0.0
2026-02-13 11:18:20 [    INFO] execute.pymdp.simple_simulation: Step 14: true_s=0, obs=0, belief=[0.97 0.03], action=0.0
2026-02-13 11:18:20 [    INFO] execute.pymdp.simple_simulation: Step 15: true_s=0, obs=0, belief=[0.97 0.03], action=0.0
2026-02-13 11:18:20 [    INFO] execute.pymdp.simple_simulation: Step 16: true_s=0, obs=0, belief=[0.97 0.03], action=0.0
2026-02-13 11:18:20 [    INFO] execute.pymdp.simple_simulation: Step 17: true_s=0, obs=0, belief=[0.97 0.03], action=0.0
2026-02-13 11:18:20 [    INFO] execute.pymdp.simple_simulation: Step 18: true_s=0, obs=0, belief=[0.97 0.03], action=0.0
2026-02-13 11:18:20 [    INFO] execute.pymdp.simple_simulation: Step 19: true_s=1, obs=1, belief=[0.28 0.72], action=0.0
2026-02-13 11:18:20 [    INFO] execute.pymdp.simple_simulation: Saving raw simulation data for analysis step...
2026-02-13 11:18:20 [    INFO] execute.pymdp.simple_simulation: 💾 Saved raw simulation data to /private/var/folders/vc/rgmbpjpj0dbg61vr54xjskc80000gn/T/pytest-of-4d/pytest-57/test_pymdp_simple_simulation_e0/pymdp_output/simulation_results.json
2026-02-13 11:18:20 [    INFO] execute.pymdp.simple_simulation: 📊 Validation: beliefs_valid=True, sum_to_one=True
2026-02-13 11:18:20 [    INFO] execute.pymdp.simple_simulation: 📈 Trace data saved: 20 timesteps, ready for analysis step visualization
PASSED                                                                   [ 30%]
src/tests/test_execute_pymdp_integration.py::TestPyMDPRealExecution::test_pymdp_package_detection_with_real_installation 
-------------------------------- live log call ---------------------------------
2026-02-13 11:18:20 [    INFO] execute.pymdp.package_detector: Detected correct PyMDP package (inferactively-pymdp) with Agent in agent submodule
2026-02-13 11:18:20 [ WARNING] execute.pymdp.package_detector: Detected mixed PyMDP package indicators (found Agent AND MDP/MDPSolver). Proceeding as correct package.
PASSED                                                                   [ 30%]
src/tests/test_execute_pymdp_integration.py::TestPyMDPRealExecution::test_is_correct_pymdp_package_with_real_installation 
-------------------------------- live log call ---------------------------------
2026-02-13 11:18:20 [    INFO] execute.pymdp.package_detector: Detected correct PyMDP package (inferactively-pymdp) with Agent in agent submodule
2026-02-13 11:18:20 [ WARNING] execute.pymdp.package_detector: Detected mixed PyMDP package indicators (found Agent AND MDP/MDPSolver). Proceeding as correct package.
PASSED                                                                   [ 30%]
src/tests/test_execute_pymdp_integration.py::TestPyMDPRealExecution::test_validate_pymdp_for_execution_with_real_installation 
-------------------------------- live log call ---------------------------------
2026-02-13 11:18:20 [    INFO] execute.pymdp.package_detector: Detected correct PyMDP package (inferactively-pymdp) with Agent in agent submodule
2026-02-13 11:18:20 [ WARNING] execute.pymdp.package_detector: Detected mixed PyMDP package indicators (found Agent AND MDP/MDPSolver). Proceeding as correct package.
PASSED                                                                   [ 30%]
src/tests/test_execute_pymdp_integration.py::TestPyMDPErrorHandling::test_package_detection_structure 
-------------------------------- live log call ---------------------------------
2026-02-13 11:18:20 [    INFO] execute.pymdp.package_detector: Detected correct PyMDP package (inferactively-pymdp) with Agent in agent submodule
2026-02-13 11:18:20 [ WARNING] execute.pymdp.package_detector: Detected mixed PyMDP package indicators (found Agent AND MDP/MDPSolver). Proceeding as correct package.
PASSED                                                                   [ 30%]
src/tests/test_execute_pymdp_integration.py::TestPyMDPErrorHandling::test_validation_structure 
-------------------------------- live log call ---------------------------------
2026-02-13 11:18:20 [    INFO] execute.pymdp.package_detector: Detected correct PyMDP package (inferactively-pymdp) with Agent in agent submodule
2026-02-13 11:18:20 [ WARNING] execute.pymdp.package_detector: Detected mixed PyMDP package indicators (found Agent AND MDP/MDPSolver). Proceeding as correct package.
PASSED                                                                   [ 31%]
src/tests/test_execute_pymdp_integration.py::TestPyMDPModernAPI::test_modern_import_works PASSED [ 31%]
src/tests/test_execute_pymdp_integration.py::TestPyMDPModernAPI::test_agent_has_required_methods PASSED [ 31%]
src/tests/test_execute_pymdp_integration.py::TestPyMDPModernAPI::test_simulation_step_execution PASSED [ 31%]
src/tests/test_execute_pymdp_integration_module.py::TestGNNPyMDPIntegration::test_gnn_parsing PASSED [ 31%]
src/tests/test_execute_pymdp_integration_module.py::TestGNNPyMDPIntegration::test_pymdp_renderer_exists PASSED [ 31%]
src/tests/test_execute_pymdp_integration_module.py::TestGNNPyMDPIntegration::test_pymdp_simulation_creation 
-------------------------------- live log call ---------------------------------
2026-02-13 11:18:20 [    INFO] execute.pymdp.pymdp_simulation: Initialized from GNN config: 0 states, 0 actions, 0 observations
2026-02-13 11:18:20 [   ERROR] execute.pymdp.pymdp_simulation: Error creating PyMDP model: index -1 is out of bounds for axis 0 with size 0
PASSED                                                                   [ 31%]
src/tests/test_execute_pymdp_integration_module.py::TestGNNPyMDPIntegration::test_pymdp_simulation_run 
-------------------------------- live log call ---------------------------------
2026-02-13 11:18:20 [    INFO] execute.pymdp.pymdp_simulation: Initialized from GNN config: 0 states, 0 actions, 0 observations
2026-02-13 11:18:20 [   ERROR] execute.pymdp.pymdp_simulation: Error creating PyMDP model: index -1 is out of bounds for axis 0 with size 0
2026-02-13 11:18:20 [   ERROR] execute.pymdp.pymdp_simulation: Error creating PyMDP model: index -1 is out of bounds for axis 0 with size 0
2026-02-13 11:18:20 [   ERROR] execute.pymdp.pymdp_simulation: No agent available - create model first
PASSED                                                                   [ 31%]
src/tests/test_execute_pymdp_integration_module.py::TestGNNPyMDPIntegration::test_full_integration 
-------------------------------- live log call ---------------------------------
2026-02-13 11:18:20 [ WARNING] src.render.pymdp.pymdp_renderer: A matrix (likelihood) not found in initial parameterization
2026-02-13 11:18:20 [ WARNING] src.render.pymdp.pymdp_renderer: B matrix (transition) not found in initial parameterization
2026-02-13 11:18:20 [ WARNING] src.render.pymdp.pymdp_renderer: C vector (preferences) not found in initial parameterization
2026-02-13 11:18:20 [ WARNING] src.render.pymdp.pymdp_renderer: D vector (prior) not found in initial parameterization
2026-02-13 11:18:20 [    INFO] src.render.pymdp.pymdp_renderer: Generated PyMDP simulation: /private/var/folders/vc/rgmbpjpj0dbg61vr54xjskc80000gn/T/pytest-of-4d/pytest-57/test_full_integration0/rendered_pymdp.py
PASSED                                                                   [ 31%]
src/tests/test_execute_pymdp_package.py::TestPyMDPPackageDetection::test_detect_pymdp_installation_structure 
-------------------------------- live log call ---------------------------------
2026-02-13 11:18:20 [    INFO] execute.pymdp.package_detector: Detected correct PyMDP package (inferactively-pymdp) with Agent in agent submodule
2026-02-13 11:18:20 [ WARNING] execute.pymdp.package_detector: Detected mixed PyMDP package indicators (found Agent AND MDP/MDPSolver). Proceeding as correct package.
PASSED                                                                   [ 31%]
src/tests/test_execute_pymdp_package.py::TestPyMDPPackageDetection::test_is_correct_pymdp_package 
-------------------------------- live log call ---------------------------------
2026-02-13 11:18:20 [    INFO] execute.pymdp.package_detector: Detected correct PyMDP package (inferactively-pymdp) with Agent in agent submodule
2026-02-13 11:18:20 [ WARNING] execute.pymdp.package_detector: Detected mixed PyMDP package indicators (found Agent AND MDP/MDPSolver). Proceeding as correct package.
PASSED                                                                   [ 31%]
src/tests/test_execute_pymdp_package.py::TestPyMDPPackageDetection::test_get_pymdp_installation_instructions 
-------------------------------- live log call ---------------------------------
2026-02-13 11:18:20 [    INFO] execute.pymdp.package_detector: Detected correct PyMDP package (inferactively-pymdp) with Agent in agent submodule
2026-02-13 11:18:20 [ WARNING] execute.pymdp.package_detector: Detected mixed PyMDP package indicators (found Agent AND MDP/MDPSolver). Proceeding as correct package.
PASSED                                                                   [ 32%]
src/tests/test_execute_pymdp_package.py::TestPyMDPPackageDetection::test_validate_pymdp_for_execution_structure 
-------------------------------- live log call ---------------------------------
2026-02-13 11:18:20 [    INFO] execute.pymdp.package_detector: Detected correct PyMDP package (inferactively-pymdp) with Agent in agent submodule
2026-02-13 11:18:20 [ WARNING] execute.pymdp.package_detector: Detected mixed PyMDP package indicators (found Agent AND MDP/MDPSolver). Proceeding as correct package.
PASSED                                                                   [ 32%]
src/tests/test_execute_pymdp_package.py::TestPyMDPPackageDetection::test_attempt_pymdp_auto_install 
-------------------------------- live log call ---------------------------------
2026-02-13 11:18:20 [    INFO] execute.pymdp.package_detector: Attempting to install inferactively-pymdp using UV sync...
2026-02-13 11:18:21 [    INFO] execute.pymdp.package_detector: Successfully installed inferactively-pymdp using UV sync
PASSED                                                                   [ 32%]
src/tests/test_execute_pymdp_package.py::TestPyMDPPackageDetectionIntegration::test_detection_consistency 
-------------------------------- live log call ---------------------------------
2026-02-13 11:18:21 [    INFO] execute.pymdp.package_detector: Detected correct PyMDP package (inferactively-pymdp) with Agent in agent submodule
2026-02-13 11:18:21 [ WARNING] execute.pymdp.package_detector: Detected mixed PyMDP package indicators (found Agent AND MDP/MDPSolver). Proceeding as correct package.
2026-02-13 11:18:21 [    INFO] execute.pymdp.package_detector: Detected correct PyMDP package (inferactively-pymdp) with Agent in agent submodule
2026-02-13 11:18:21 [ WARNING] execute.pymdp.package_detector: Detected mixed PyMDP package indicators (found Agent AND MDP/MDPSolver). Proceeding as correct package.
PASSED                                                                   [ 32%]
src/tests/test_execute_pymdp_package.py::TestPyMDPPackageDetectionIntegration::test_validation_uses_detection 
-------------------------------- live log call ---------------------------------
2026-02-13 11:18:21 [    INFO] execute.pymdp.package_detector: Detected correct PyMDP package (inferactively-pymdp) with Agent in agent submodule
2026-02-13 11:18:21 [ WARNING] execute.pymdp.package_detector: Detected mixed PyMDP package indicators (found Agent AND MDP/MDPSolver). Proceeding as correct package.
PASSED                                                                   [ 32%]
src/tests/test_execute_pymdp_package.py::TestPyMDPPackageDetectionIntegration::test_instructions_are_actionable 
-------------------------------- live log call ---------------------------------
2026-02-13 11:18:21 [    INFO] execute.pymdp.package_detector: Detected correct PyMDP package (inferactively-pymdp) with Agent in agent submodule
2026-02-13 11:18:21 [ WARNING] execute.pymdp.package_detector: Detected mixed PyMDP package indicators (found Agent AND MDP/MDPSolver). Proceeding as correct package.
PASSED                                                                   [ 32%]
src/tests/test_execute_pymdp_package.py::TestPyMDPRealInstallation::test_real_installation_detection 
-------------------------------- live log call ---------------------------------
2026-02-13 11:18:21 [    INFO] execute.pymdp.package_detector: Detected correct PyMDP package (inferactively-pymdp) with Agent in agent submodule
2026-02-13 11:18:21 [ WARNING] execute.pymdp.package_detector: Detected mixed PyMDP package indicators (found Agent AND MDP/MDPSolver). Proceeding as correct package.
[...]
2026-02-13 11:19:01 [    INFO] src.setup.setup: 📋 Getting list of installed packages using UV...
2026-02-13 11:19:01 [    INFO] src.setup.setup: 📦 Found 197 installed packages using UV
2026-02-13 11:19:01 [    INFO] src.setup.setup: 📋 Key installed packages:
2026-02-13 11:19:01 [    INFO] src.setup.setup:   - pytest: 9.0.2
2026-02-13 11:19:01 [    INFO] src.setup.setup:   - numpy: 2.3.5
2026-02-13 11:19:01 [    INFO] src.setup.setup:   - matplotlib: 3.10.8
2026-02-13 11:19:01 [    INFO] src.setup.setup:   - scipy: 1.17.0
2026-02-13 11:19:01 [    INFO] src.setup.setup:   - psutil: 7.2.1
2026-02-13 11:19:01 [    INFO] src.setup.setup: 📄 Full package list saved to: /Users/4d/Documents/GitHub/generalizednotationnotation/.venv/installed_packages_uv.json
PASSED                                                                   [ 93%]
src/tests/test_uv_environment.py::TestUVSetupValidation::test_get_uv_setup_info 
-------------------------------- live log call ---------------------------------
2026-02-13 11:19:01 [    INFO] src.setup.setup: 🔍 Checking system requirements...
2026-02-13 11:19:01 [    INFO] src.setup.setup: ✅ Python version check passed: 3.12.11
2026-02-13 11:19:01 [    INFO] src.setup.setup: ✅ UV is available: uv 0.9.18 (0cee76417 2025-12-16)
2026-02-13 11:19:01 [    INFO] src.setup.setup: ✅ Disk space check passed: 60.34GB free
2026-02-13 11:19:01 [    INFO] src.setup.setup: 📋 Getting list of installed packages using UV...
2026-02-13 11:19:01 [    INFO] src.setup.setup: 📦 Found 197 installed packages using UV
2026-02-13 11:19:01 [    INFO] src.setup.setup: 📋 Key installed packages:
2026-02-13 11:19:01 [    INFO] src.setup.setup:   - pytest: 9.0.2
2026-02-13 11:19:01 [    INFO] src.setup.setup:   - numpy: 2.3.5
2026-02-13 11:19:01 [    INFO] src.setup.setup:   - matplotlib: 3.10.8
2026-02-13 11:19:01 [    INFO] src.setup.setup:   - scipy: 1.17.0
2026-02-13 11:19:01 [    INFO] src.setup.setup:   - psutil: 7.2.1
2026-02-13 11:19:01 [    INFO] src.setup.setup: 📄 Full package list saved to: /Users/4d/Documents/GitHub/generalizednotationnotation/.venv/installed_packages_uv.json
2026-02-13 11:19:02 [    INFO] src.setup.setup: 📋 Getting list of installed packages using UV...
2026-02-13 11:19:02 [    INFO] src.setup.setup: 📦 Found 197 installed packages using UV
2026-02-13 11:19:02 [    INFO] src.setup.setup: 📋 Key installed packages:
2026-02-13 11:19:02 [    INFO] src.setup.setup:   - pytest: 9.0.2
2026-02-13 11:19:02 [    INFO] src.setup.setup:   - numpy: 2.3.5
2026-02-13 11:19:02 [    INFO] src.setup.setup:   - matplotlib: 3.10.8
2026-02-13 11:19:02 [    INFO] src.setup.setup:   - scipy: 1.17.0
2026-02-13 11:19:02 [    INFO] src.setup.setup:   - psutil: 7.2.1
2026-02-13 11:19:02 [    INFO] src.setup.setup: 📄 Full package list saved to: /Users/4d/Documents/GitHub/generalizednotationnotation/.venv/installed_packages_uv.json
PASSED                                                                   [ 93%]
src/tests/test_uv_environment.py::TestUVSetupValidation::test_get_uv_status 
-------------------------------- live log call ---------------------------------
2026-02-13 11:19:02 [    INFO] src.setup.setup: ✅ UV is available: uv 0.9.18 (0cee76417 2025-12-16)
2026-02-13 11:19:02 [    INFO] src.setup.setup: ✅ UV is available and ready to use
2026-02-13 11:19:02 [    INFO] src.setup.setup: 🔍 Checking system requirements...
2026-02-13 11:19:02 [    INFO] src.setup.setup: ✅ Python version check passed: 3.12.11
2026-02-13 11:19:02 [    INFO] src.setup.setup: ✅ UV is available: uv 0.9.18 (0cee76417 2025-12-16)
2026-02-13 11:19:02 [    INFO] src.setup.setup: ✅ Disk space check passed: 60.34GB free
2026-02-13 11:19:02 [    INFO] src.setup.setup: 📋 Getting list of installed packages using UV...
2026-02-13 11:19:02 [    INFO] src.setup.setup: 📦 Found 197 installed packages using UV
2026-02-13 11:19:02 [    INFO] src.setup.setup: 📋 Key installed packages:
2026-02-13 11:19:02 [    INFO] src.setup.setup:   - pytest: 9.0.2
2026-02-13 11:19:02 [    INFO] src.setup.setup:   - numpy: 2.3.5
2026-02-13 11:19:02 [    INFO] src.setup.setup:   - matplotlib: 3.10.8
2026-02-13 11:19:02 [    INFO] src.setup.setup:   - scipy: 1.17.0
2026-02-13 11:19:02 [    INFO] src.setup.setup:   - psutil: 7.2.1
2026-02-13 11:19:02 [    INFO] src.setup.setup: 📄 Full package list saved to: /Users/4d/Documents/GitHub/generalizednotationnotation/.venv/installed_packages_uv.json
2026-02-13 11:19:02 [    INFO] src.setup.setup: 📋 Getting list of installed packages using UV...
2026-02-13 11:19:02 [    INFO] src.setup.setup: 📦 Found 197 installed packages using UV
2026-02-13 11:19:02 [    INFO] src.setup.setup: 📋 Key installed packages:
2026-02-13 11:19:02 [    INFO] src.setup.setup:   - pytest: 9.0.2
2026-02-13 11:19:02 [    INFO] src.setup.setup:   - numpy: 2.3.5
2026-02-13 11:19:02 [    INFO] src.setup.setup:   - matplotlib: 3.10.8
2026-02-13 11:19:02 [    INFO] src.setup.setup:   - scipy: 1.17.0
2026-02-13 11:19:02 [    INFO] src.setup.setup:   - psutil: 7.2.1
2026-02-13 11:19:02 [    INFO] src.setup.setup: 📄 Full package list saved to: /Users/4d/Documents/GitHub/generalizednotationnotation/.venv/installed_packages_uv.json
PASSED                                                                   [ 93%]
src/tests/test_uv_environment.py::TestEnvironmentHealth::test_check_environment_health 
-------------------------------- live log call ---------------------------------
2026-02-13 11:19:02 [    INFO] src.setup.setup: 🏥 Running GNN environment health check...
2026-02-13 11:19:03 [    INFO] src.setup.setup: ✅ Environment health check PASSED
PASSED                                                                   [ 94%]
src/tests/test_uv_environment.py::TestEnvironmentHealth::test_get_environment_info 
-------------------------------- live log call ---------------------------------
2026-02-13 11:19:03 [    INFO] src.setup.setup: 🔍 Checking system requirements...
2026-02-13 11:19:03 [    INFO] src.setup.setup: ✅ Python version check passed: 3.12.11
2026-02-13 11:19:03 [    INFO] src.setup.setup: ✅ UV is available: uv 0.9.18 (0cee76417 2025-12-16)
2026-02-13 11:19:03 [    INFO] src.setup.setup: ✅ Disk space check passed: 60.34GB free
2026-02-13 11:19:03 [    INFO] src.setup.setup: 📋 Getting list of installed packages using UV...
2026-02-13 11:19:03 [    INFO] src.setup.setup: 📦 Found 197 installed packages using UV
2026-02-13 11:19:03 [    INFO] src.setup.setup: 📋 Key installed packages:
2026-02-13 11:19:03 [    INFO] src.setup.setup:   - pytest: 9.0.2
2026-02-13 11:19:03 [    INFO] src.setup.setup:   - numpy: 2.3.5
2026-02-13 11:19:03 [    INFO] src.setup.setup:   - matplotlib: 3.10.8
2026-02-13 11:19:03 [    INFO] src.setup.setup:   - scipy: 1.17.0
2026-02-13 11:19:03 [    INFO] src.setup.setup:   - psutil: 7.2.1
2026-02-13 11:19:03 [    INFO] src.setup.setup: 📄 Full package list saved to: /Users/4d/Documents/GitHub/generalizednotationnotation/.venv/installed_packages_uv.json
2026-02-13 11:19:04 [    INFO] src.setup.setup: 📋 Getting list of installed packages using UV...
2026-02-13 11:19:04 [    INFO] src.setup.setup: 📦 Found 197 installed packages using UV
2026-02-13 11:19:04 [    INFO] src.setup.setup: 📋 Key installed packages:
2026-02-13 11:19:04 [    INFO] src.setup.setup:   - pytest: 9.0.2
2026-02-13 11:19:04 [    INFO] src.setup.setup:   - numpy: 2.3.5
2026-02-13 11:19:04 [    INFO] src.setup.setup:   - matplotlib: 3.10.8
2026-02-13 11:19:04 [    INFO] src.setup.setup:   - scipy: 1.17.0
2026-02-13 11:19:04 [    INFO] src.setup.setup:   - psutil: 7.2.1
2026-02-13 11:19:04 [    INFO] src.setup.setup: 📄 Full package list saved to: /Users/4d/Documents/GitHub/generalizednotationnotation/.venv/installed_packages_uv.json
2026-02-13 11:19:04 [    INFO] src.setup.setup: 📋 Getting list of installed packages using UV...
2026-02-13 11:19:04 [    INFO] src.setup.setup: 📦 Found 197 installed packages using UV
2026-02-13 11:19:04 [    INFO] src.setup.setup: 📋 Key installed packages:
2026-02-13 11:19:04 [    INFO] src.setup.setup:   - pytest: 9.0.2
2026-02-13 11:19:04 [    INFO] src.setup.setup:   - numpy: 2.3.5
2026-02-13 11:19:04 [    INFO] src.setup.setup:   - matplotlib: 3.10.8
2026-02-13 11:19:04 [    INFO] src.setup.setup:   - scipy: 1.17.0
2026-02-13 11:19:04 [    INFO] src.setup.setup:   - psutil: 7.2.1
2026-02-13 11:19:04 [    INFO] src.setup.setup: 📄 Full package list saved to: /Users/4d/Documents/GitHub/generalizednotationnotation/.venv/installed_packages_uv.json
PASSED                                                                   [ 94%]
src/tests/test_uv_environment.py::TestOptionalGroups::test_optional_groups_defined PASSED [ 94%]
src/tests/test_uv_environment.py::TestOptionalGroups::test_optional_groups_have_descriptions PASSED [ 94%]
src/tests/test_uv_environment.py::TestOptionalGroups::test_expected_optional_groups_exist PASSED [ 94%]
src/tests/test_uv_environment.py::TestFeatureFlags::test_features_defined PASSED [ 94%]
src/tests/test_uv_environment.py::TestFeatureFlags::test_critical_features_enabled PASSED [ 94%]
src/tests/test_uv_environment.py::TestNativeUVFunctions::test_add_uv_dependency_function_exists PASSED [ 94%]
src/tests/test_uv_environment.py::TestNativeUVFunctions::test_remove_uv_dependency_function_exists PASSED [ 94%]
src/tests/test_uv_environment.py::TestNativeUVFunctions::test_update_uv_dependencies_function_exists PASSED [ 94%]
src/tests/test_uv_environment.py::TestNativeUVFunctions::test_lock_uv_dependencies_function_exists PASSED [ 94%]
src/tests/test_uv_environment.py::TestUVRunIntegration::test_uv_run_python PASSED [ 95%]
src/tests/test_uv_environment.py::TestUVRunIntegration::test_uv_run_module_import PASSED [ 95%]
src/tests/test_uv_environment.py::TestUVRunIntegration::test_uv_run_pytest PASSED [ 95%]
src/tests/test_uv_environment.py::TestUVCacheAndPerformance::test_uv_cache_dir_accessible PASSED [ 95%]
src/tests/test_uv_environment.py::TestUVCacheAndPerformance::test_uv_sync_fast PASSED [ 95%]
src/tests/test_validation_overall.py::TestValidationOverall::test_semantic_validator_valid_model PASSED [ 95%]
src/tests/test_validation_overall.py::TestValidationOverall::test_semantic_validator_invalid_model PASSED [ 95%]
src/tests/test_validation_overall.py::TestValidationOverall::test_process_semantic_validation_wrapper PASSED [ 95%]
src/tests/test_validation_overall.py::TestValidationOverall::test_validation_levels PASSED [ 95%]
src/tests/test_visualization_comprehensive.py::TestMatplotlibBackendConfiguration::test_backend_configuration_with_display SKIPPED [ 95%]
src/tests/test_visualization_comprehensive.py::TestMatplotlibBackendConfiguration::test_backend_configuration_headless SKIPPED [ 95%]
src/tests/test_visualization_comprehensive.py::TestVisualizationProcessing::test_visualization_main_success 
-------------------------------- live log call ---------------------------------
2026-02-13 11:19:04 [    INFO] visualization: 🚀 Starting step: Processing visualizations
2026-02-13 11:19:04 [ WARNING] visualization.processor: No matrix data found for test_model - checked parameters, variables, and matrices sections
2026-02-13 11:19:05 [    INFO] visualization: ✅ Generated 6 visualizations
PASSED                                                                   [ 96%]
src/tests/test_visualization_comprehensive.py::TestVisualizationProcessing::test_visualization_with_missing_gnn_data 
-------------------------------- live log call ---------------------------------
2026-02-13 11:19:05 [    INFO] visualization: 🚀 Starting step: Processing visualizations
2026-02-13 11:19:05 [ WARNING] visualization.processor: No matrix data found for test_model - checked parameters, variables, and matrices sections
2026-02-13 11:19:06 [    INFO] visualization: ✅ Generated 6 visualizations
PASSED                                                                   [ 96%]
src/tests/test_visualization_comprehensive.py::TestVisualizationProcessing::test_matrix_visualizer_with_real_parameters PASSED [ 96%]
src/tests/test_visualization_comprehensive.py::TestVisualizationProcessing::test_visualization_progress_tracking 
-------------------------------- live log call ---------------------------------
2026-02-13 11:19:06 [    INFO] visualization: 🚀 Starting step: Processing visualizations
2026-02-13 11:19:06 [ WARNING] visualization.processor: No matrix data found for test_model - checked parameters, variables, and matrices sections
2026-02-13 11:19:07 [    INFO] visualization: ✅ Generated 6 visualizations
PASSED                                                                   [ 96%]
src/tests/test_visualization_comprehensive.py::TestVisualizationProcessing::test_visualization_error_recovery 
-------------------------------- live log call ---------------------------------
2026-02-13 11:19:07 [ WARNING] visualization.processor: No matrix data found for test_model - checked parameters, variables, and matrices sections
PASSED                                                                   [ 96%]
src/tests/test_visualization_comprehensive.py::TestVisualizationComponents::test_network_visualization_generation PASSED [ 96%]
src/tests/test_visualization_comprehensive.py::TestVisualizationComponents::test_combined_analysis_generation PASSED [ 96%]
src/tests/test_visualization_matrices.py::TestMatrixVisualizerCore::test_matrix_visualizer_instantiation PASSED [ 96%]
src/tests/test_visualization_matrices.py::TestMatrixVisualizerCore::test_extract_matrix_data_from_parameters PASSED [ 96%]
src/tests/test_visualization_matrices.py::TestMatrixVisualizerCore::test_extract_matrix_from_dict_format PASSED [ 96%]
src/tests/test_visualization_matrices.py::TestMatrixVisualizerCore::test_convert_to_matrix_1d PASSED [ 96%]
src/tests/test_visualization_matrices.py::TestMatrixVisualizerCore::test_convert_to_matrix_2d PASSED [ 97%]
src/tests/test_visualization_matrices.py::TestMatrixVisualizerCore::test_convert_to_matrix_3d PASSED [ 97%]
src/tests/test_visualization_matrices.py::TestMatrixExportFormats::test_export_matrix_to_csv PASSED [ 97%]
src/tests/test_visualization_matrices.py::TestMatrixExportFormats::test_export_3d_tensor_to_csv PASSED [ 97%]
src/tests/test_visualization_matrices.py::TestMatrixStatistics::test_tensor_statistics_generation PASSED [ 97%]
src/tests/test_visualization_matrices.py::TestParsedGNNExtraction::test_extract_from_parsed_gnn_parameters PASSED [ 97%]
src/tests/test_visualization_matrices.py::TestParsedGNNExtraction::test_extract_from_initial_parameterization PASSED [ 97%]
src/tests/test_visualization_ontology.py::TestOntologyVisualizer::test_extract_ontology_mappings PASSED [ 97%]
src/tests/test_visualization_ontology.py::TestOntologyVisualizer::test_create_ontology_table 
-------------------------------- live log call ---------------------------------
2026-02-13 11:19:08 [    INFO] visualization.ontology_visualizer: Ontology visualization saved to /var/folders/vc/rgmbpjpj0dbg61vr54xjskc80000gn/T/tmpwrngb_4x/viz_output/ontology_annotations.png
PASSED                                                                   [ 97%]
src/tests/test_visualization_ontology.py::TestOntologyVisualizer::test_visualize_directory 
-------------------------------- live log call ---------------------------------
2026-02-13 11:19:08 [    INFO] visualization.ontology_visualizer: Ontology visualization saved to /var/folders/vc/rgmbpjpj0dbg61vr54xjskc80000gn/T/tmpt06p7lhq/viz_output/actinf_pomdp_agent/ontology_annotations.png
PASSED                                                                   [ 97%]
src/tests/test_visualization_overall.py::TestVisualizationModuleComprehensive::test_visualization_module_imports PASSED [ 97%]
src/tests/test_visualization_overall.py::TestVisualizationModuleComprehensive::test_matrix_visualizer_instantiation PASSED [ 98%]
src/tests/test_visualization_overall.py::TestVisualizationModuleComprehensive::test_graph_visualizer_instantiation PASSED [ 98%]
src/tests/test_visualization_overall.py::TestVisualizationModuleComprehensive::test_ontology_visualizer_instantiation PASSED [ 98%]
src/tests/test_visualization_overall.py::TestVisualizationModuleComprehensive::test_visualization_module_info PASSED [ 98%]
src/tests/test_visualization_overall.py::TestVisualizationModuleComprehensive::test_visualization_options PASSED [ 98%]
src/tests/test_visualization_overall.py::TestVisualizationFunctionality::test_matrix_visualization PASSED [ 98%]
src/tests/test_visualization_overall.py::TestVisualizationFunctionality::test_graph_visualization PASSED [ 98%]
src/tests/test_visualization_overall.py::TestVisualizationFunctionality::test_ontology_visualization PASSED [ 98%]
src/tests/test_visualization_overall.py::TestVisualizationIntegration::test_visualization_pipeline_integration PASSED [ 98%]
src/tests/test_visualization_overall.py::TestVisualizationIntegration::test_visualization_mcp_integration PASSED [ 98%]
src/tests/test_visualization_overall.py::test_visualization_module_completeness PASSED [ 98%]
src/tests/test_website_overall.py::TestWebsiteModuleComprehensive::test_website_module_imports PASSED [ 99%]
src/tests/test_website_overall.py::TestWebsiteModuleComprehensive::test_website_generator_instantiation PASSED [ 99%]
src/tests/test_website_overall.py::TestWebsiteModuleComprehensive::test_website_renderer_instantiation PASSED [ 99%]
src/tests/test_website_overall.py::TestWebsiteModuleComprehensive::test_website_module_info PASSED [ 99%]
src/tests/test_website_overall.py::TestWebsiteModuleComprehensive::test_supported_file_types PASSED [ 99%]
src/tests/test_website_overall.py::TestWebsiteFunctionality::test_website_generation PASSED [ 99%]
src/tests/test_website_overall.py::TestWebsiteFunctionality::test_html_rendering PASSED [ 99%]
src/tests/test_website_overall.py::TestWebsiteFunctionality::test_website_validation PASSED [ 99%]
src/tests/test_website_overall.py::TestWebsiteIntegration::test_website_pipeline_integration PASSED [ 99%]
src/tests/test_website_overall.py::TestWebsiteIntegration::test_website_mcp_integration PASSED [ 99%]
src/tests/test_website_overall.py::test_website_module_completeness PASSED [100%]

============================= slowest 10 durations =============================
10.06s call     src/tests/test_mcp_overall.py::TestMCPProcessing::test_process_mcp
3.45s call     src/tests/test_setup_overall.py::TestSetupIntegration::test_setup_environment_function
1.86s call     src/tests/test_pipeline_improvements_validation.py::TestDependencyValidationImprovements::test_improved_installation_instructions
1.61s call     src/tests/test_pipeline_performance.py::TestResourceScaling::test_resource_estimation
1.48s call     src/tests/test_execute_pymdp_package.py::TestPyMDPPackageDetection::test_attempt_pymdp_auto_install
1.40s call     src/tests/test_pipeline_error_scenarios.py::TestResourceConstraintScenarios::test_concurrent_pipeline_execution
1.34s call     src/tests/test_pipeline_performance.py::TestNetworkOperationTiming::test_batch_request_performance
1.22s call     src/tests/test_core_modules.py::TestExecuteModuleComprehensive::test_execution_environment_validation
1.18s call     src/tests/test_pipeline_functionality.py::TestPipelineFunctionality::test_preflight_metrics
1.17s call     src/tests/test_pipeline_functionality.py::TestPipelineFunctionality::test_visualization_generates_images
=========================== short test summary info ============================
SKIPPED [1] src/tests/test_llm_ollama.py:90: Ollama not available locally
SKIPPED [1] src/tests/test_llm_ollama.py:116: Ollama not available locally
SKIPPED [1] src/tests/test_visualization_comprehensive.py:32: Testing internal implementation - backend auto-configured
SKIPPED [1] src/tests/test_visualization_comprehensive.py:39: Testing internal implementation - backend auto-configured
=============== 1083 passed, 4 skipped, 84 deselected in 55.45s ================


STDERR:
DEBUG:2026-02-13 11:18:13,569:jax._src.path:41: etils.epath found. Using etils.epath for file I/O.
