STDOUT:
============================= test session starts ==============================
platform darwin -- Python 3.12.11, pytest-9.0.2, pluggy-1.6.0 -- /Users/4d/Documents/GitHub/GeneralizedNotationNotation/.venv/bin/python
cachedir: .pytest_cache
benchmark: 5.2.3 (defaults: timer=time.perf_counter disable_gc=False min_rounds=5 min_time=0.000005 max_time=1.0 calibration_precision=10 warmup=False warmup_iterations=100000)
metadata: {'Python': '3.12.11', 'Platform': 'macOS-26.2-arm64-arm-64bit', 'Packages': {'pytest': '9.0.2', 'pluggy': '1.6.0'}, 'Plugins': {'anyio': '4.12.1', 'benchmark': '5.2.3', 'mock': '3.15.1', 'xdist': '3.8.0', 'json-report': '1.5.0', 'timeout': '2.4.0', 'metadata': '3.1.1', 'asyncio': '1.3.0', 'dash': '3.4.0', 'cov': '7.0.0'}}
rootdir: /Users/4d/Documents/GitHub/GeneralizedNotationNotation
configfile: pytest.ini (WARNING: ignoring pytest config in pyproject.toml!)
plugins: anyio-4.12.1, benchmark-5.2.3, mock-3.15.1, xdist-3.8.0, json-report-1.5.0, timeout-2.4.0, metadata-3.1.1, asyncio-1.3.0, dash-3.4.0, cov-7.0.0
timeout: 30.0s
timeout method: thread
timeout func_only: False
asyncio: mode=Mode.AUTO, debug=False, asyncio_default_fixture_loop_scope=function, asyncio_default_test_loop_scope=function
collecting ... 
----------------------------- live log collection ------------------------------
2026-01-21 09:18:01 [    INFO] src.llm.llm_processor: Loaded API keys for providers: ['openai', 'ollama']
2026-01-21 09:18:01 [    INFO] src.llm.llm_operations: Created new LLM processor
2026-01-21 09:18:01 [    INFO] mcp: Enhanced MCP server initialized (caching=True, rate_limiting=True, strict_validation=False)
2026-01-21 09:18:02 [    INFO] llm.llm_processor: Loaded API keys for providers: ['openai', 'ollama']
2026-01-21 09:18:02 [    INFO] llm.llm_operations: Created new LLM processor
collected 798 items / 54 deselected / 744 selected

src/tests/test_activeinference_matrix_formatting.py::TestMatrixToJulia::test_basic_vector PASSED [  0%]
src/tests/test_activeinference_matrix_formatting.py::TestMatrixToJulia::test_2d_matrix_list_of_lists PASSED [  0%]
src/tests/test_activeinference_matrix_formatting.py::TestMatrixToJulia::test_2d_matrix_tuple_of_lists PASSED [  0%]
src/tests/test_activeinference_matrix_formatting.py::TestMatrixToJulia::test_2d_matrix_tuple_of_tuples PASSED [  0%]
src/tests/test_activeinference_matrix_formatting.py::TestMatrixToJulia::test_3d_matrix_list_of_list_of_lists PASSED [  0%]
src/tests/test_activeinference_matrix_formatting.py::TestMatrixToJulia::test_3d_matrix_nested_tuples PASSED [  0%]
src/tests/test_activeinference_matrix_formatting.py::TestMatrixToJulia::test_string_input PASSED [  0%]
src/tests/test_analysis_overall.py::TestAnalysisOverall::test_process_analysis_flow 
-------------------------------- live log call ---------------------------------
2026-01-21 09:18:02 [    INFO] analysis: 🚀 Starting step: Processing analysis
2026-01-21 09:18:02 [    INFO] analysis: Looking for execution results in: /var/folders/vc/rgmbpjpj0dbg61vr54xjskc80000gn/T/tmps434tnq2/12_execute_output
2026-01-21 09:18:02 [ WARNING] analysis: Execution directory not found at /var/folders/vc/rgmbpjpj0dbg61vr54xjskc80000gn/T/tmps434tnq2/12_execute_output. Skipping post-simulation analysis.
2026-01-21 09:18:02 [    INFO] analysis: ✅ Analysis processing completed successfully
PASSED                                                                   [  1%]
src/tests/test_analysis_overall.py::TestAnalysisOverall::test_process_analysis_no_files 
-------------------------------- live log call ---------------------------------
2026-01-21 09:18:02 [    INFO] analysis: 🚀 Starting step: Processing analysis
2026-01-21 09:18:02 [ WARNING] analysis: No GNN files found for analysis
2026-01-21 09:18:02 [   ERROR] analysis: ❌ Analysis processing failed
PASSED                                                                   [  1%]
src/tests/test_analysis_overall.py::TestPostSimulationVisualization::test_generate_belief_heatmaps PASSED [  1%]
src/tests/test_analysis_overall.py::TestPostSimulationVisualization::test_generate_action_analysis PASSED [  1%]
src/tests/test_analysis_overall.py::TestPostSimulationVisualization::test_generate_free_energy_plots PASSED [  1%]
src/tests/test_analysis_overall.py::TestPostSimulationVisualization::test_generate_observation_analysis PASSED [  1%]
src/tests/test_analysis_overall.py::TestPostSimulationVisualization::test_analyze_free_energy PASSED [  1%]
src/tests/test_analysis_overall.py::TestPostSimulationVisualization::test_analyze_simulation_traces PASSED [  2%]
src/tests/test_analysis_overall.py::TestPostSimulationVisualization::test_analyze_policy_convergence PASSED [  2%]
src/tests/test_analysis_overall.py::TestPostSimulationVisualization::test_compare_framework_results PASSED [  2%]
src/tests/test_analysis_overall.py::TestAnalysisModuleImports::test_visualization_function_exports PASSED [  2%]
src/tests/test_audio_generation.py::TestAudioGeneration::test_audio_import_available PASSED [  2%]
src/tests/test_audio_generation.py::TestAudioGeneration::test_sapf_audio_generation PASSED [  2%]
src/tests/test_audio_generation.py::TestAudioGeneration::test_pedalboard_audio_generation PASSED [  2%]
src/tests/test_audio_generation.py::TestAudioGeneration::test_audio_format_conversion PASSED [  2%]
src/tests/test_audio_generation.py::TestAudioGeneration::test_audio_parameter_validation PASSED [  3%]
src/tests/test_audio_generation.py::TestAudioGeneration::test_audio_error_handling PASSED [  3%]
src/tests/test_audio_generation.py::TestAudioGeneration::test_audio_performance PASSED [  3%]
src/tests/test_audio_generation.py::TestAudioGeneration::test_audio_memory_usage PASSED [  3%]
src/tests/test_audio_generation.py::TestAudioGeneration::test_audio_quality_metrics PASSED [  3%]
src/tests/test_audio_generation.py::TestAudioGeneration::test_audio_file_operations PASSED [  3%]
src/tests/test_audio_generation.py::TestAudioGeneration::test_audio_backend_selection PASSED [  3%]
src/tests/test_audio_generation.py::TestAudioGeneration::test_audio_concurrent_generation PASSED [  4%]
src/tests/test_audio_overall.py::TestAudioModuleComprehensive::test_audio_module_imports PASSED [  4%]
src/tests/test_audio_overall.py::TestAudioModuleComprehensive::test_audio_generator_instantiation PASSED [  4%]
src/tests/test_audio_overall.py::TestAudioModuleComprehensive::test_sapf_processor_instantiation PASSED [  4%]
src/tests/test_audio_overall.py::TestAudioModuleComprehensive::test_pedalboard_processor_instantiation PASSED [  4%]
src/tests/test_audio_overall.py::TestAudioModuleComprehensive::test_audio_module_info PASSED [  4%]
src/tests/test_audio_overall.py::TestAudioModuleComprehensive::test_audio_generation_options PASSED [  4%]
src/tests/test_audio_overall.py::TestAudioProcessing::test_gnn_to_audio_conversion PASSED [  4%]
src/tests/test_audio_overall.py::TestAudioProcessing::test_audio_validation PASSED [  5%]
src/tests/test_audio_overall.py::TestAudioProcessing::test_audio_generation PASSED [  5%]
src/tests/test_audio_overall.py::TestAudioIntegration::test_audio_pipeline_integration PASSED [  5%]
src/tests/test_audio_overall.py::TestAudioIntegration::test_audio_mcp_integration PASSED [  5%]
src/tests/test_audio_overall.py::test_audio_module_completeness PASSED   [  5%]
src/tests/test_audio_sapf.py::TestSAPFCodeValidation::test_validate_sapf_code_valid PASSED [  5%]
src/tests/test_audio_sapf.py::TestSAPFCodeValidation::test_validate_sapf_code_invalid PASSED [  5%]
src/tests/test_audio_sapf.py::TestSAPFStandaloneFunctions::test_convert_gnn_to_sapf_function PASSED [  6%]
src/tests/test_audio_sapf.py::TestSAPFStandaloneFunctions::test_generate_oscillator_audio_function PASSED [  6%]
src/tests/test_audio_sapf.py::TestSAPFStandaloneFunctions::test_apply_envelope_function PASSED [  6%]
src/tests/test_audio_sapf.py::TestSAPFStandaloneFunctions::test_mix_audio_channels_function PASSED [  6%]
src/tests/test_comprehensive_api.py::TestGNNModule::test_module_imports PASSED [  6%]
src/tests/test_comprehensive_api.py::TestGNNModule::test_get_module_info PASSED [  6%]
src/tests/test_comprehensive_api.py::TestGNNModule::test_validate_gnn_function PASSED [  6%]
src/tests/test_comprehensive_api.py::TestGNNModule::test_feature_flags PASSED [  6%]
src/tests/test_comprehensive_api.py::TestExportModule::test_module_imports PASSED [  7%]
src/tests/test_comprehensive_api.py::TestExportModule::test_get_module_info PASSED [  7%]
src/tests/test_comprehensive_api.py::TestExportModule::test_get_supported_formats PASSED [  7%]
src/tests/test_comprehensive_api.py::TestExportModule::test_export_gnn_model_invalid_format PASSED [  7%]
src/tests/test_comprehensive_api.py::TestRenderModule::test_module_imports PASSED [  7%]
src/tests/test_comprehensive_api.py::TestRenderModule::test_get_module_info PASSED [  7%]
src/tests/test_comprehensive_api.py::TestRenderModule::test_get_available_renderers PASSED [  7%]
src/tests/test_comprehensive_api.py::TestRenderModule::test_feature_flags PASSED [  8%]
src/tests/test_comprehensive_api.py::TestWebsiteModule::test_module_imports PASSED [  8%]
src/tests/test_comprehensive_api.py::TestWebsiteModule::test_get_module_info PASSED [  8%]
src/tests/test_comprehensive_api.py::TestWebsiteModule::test_get_supported_file_types PASSED [  8%]
src/tests/test_comprehensive_api.py::TestWebsiteModule::test_generate_website_from_pipeline_output_nonexistent PASSED [  8%]
src/tests/test_comprehensive_api.py::TestWebsiteModule::test_validate_website_config PASSED [  8%]
src/tests/test_comprehensive_api.py::TestSAPFModule::test_module_imports PASSED [  8%]
src/tests/test_comprehensive_api.py::TestSAPFModule::test_get_module_info PASSED [  9%]
src/tests/test_comprehensive_api.py::TestSAPFModule::test_get_audio_generation_options PASSED [  9%]
src/tests/test_comprehensive_api.py::TestSAPFModule::test_process_gnn_to_audio_invalid_input PASSED [  9%]
src/tests/test_comprehensive_api.py::TestOntologyModule::test_module_imports PASSED [  9%]
src/tests/test_comprehensive_api.py::TestOntologyModule::test_get_module_info PASSED [  9%]
src/tests/test_comprehensive_api.py::TestOntologyModule::test_get_ontology_processing_options PASSED [  9%]
src/tests/test_comprehensive_api.py::TestOntologyModule::test_process_gnn_ontology_nonexistent_file PASSED [  9%]
src/tests/test_comprehensive_api.py::TestOntologyModule::test_parse_gnn_ontology_section_empty PASSED [  9%]
src/tests/test_comprehensive_api.py::TestTypeCheckerModule::test_module_imports PASSED [ 10%]
src/tests/test_comprehensive_api.py::TestTypeCheckerModule::test_type_checker_instantiation 
-------------------------------- live log call ---------------------------------
2026-01-21 09:18:04 [    INFO] src.type_checker.checker: GNNTypeChecker initialized. Strict mode: False
PASSED                                                                   [ 10%]
src/tests/test_comprehensive_api.py::TestVisualizationModule::test_module_imports PASSED [ 10%]
src/tests/test_comprehensive_api.py::TestVisualizationModule::test_visualizer_instantiation PASSED [ 10%]
src/tests/test_comprehensive_api.py::TestExecuteModule::test_module_imports PASSED [ 10%]
src/tests/test_comprehensive_api.py::TestExecuteModule::test_executor_instantiation PASSED [ 10%]
src/tests/test_comprehensive_api.py::TestLLMModule::test_module_imports PASSED [ 10%]
src/tests/test_comprehensive_api.py::TestLLMModule::test_llm_processor_instantiation PASSED [ 11%]
src/tests/test_comprehensive_api.py::TestMCPModule::test_module_imports PASSED [ 11%]
src/tests/test_comprehensive_api.py::TestMCPModule::test_mcp_server_instantiation PASSED [ 11%]
src/tests/test_comprehensive_api.py::TestSetupModule::test_module_imports PASSED [ 11%]
src/tests/test_comprehensive_api.py::TestSetupModule::test_setup_functions_exist PASSED [ 11%]
src/tests/test_comprehensive_api.py::TestUtilsModule::test_module_imports PASSED [ 11%]
src/tests/test_comprehensive_api.py::TestUtilsModule::test_utils_classes_instantiation PASSED [ 11%]
src/tests/test_comprehensive_api.py::TestPipelineModule::test_module_imports PASSED [ 11%]
src/tests/test_comprehensive_api.py::TestPipelineModule::test_pipeline_config PASSED [ 12%]
src/tests/test_comprehensive_api.py::TestMCPIntegration::test_mcp_availability_flags PASSED [ 12%]
src/tests/test_comprehensive_api.py::TestMCPIntegration::test_register_tools_functions PASSED [ 12%]
src/tests/test_comprehensive_api.py::TestModuleConsistency::test_version_consistency PASSED [ 12%]
src/tests/test_comprehensive_api.py::TestModuleConsistency::test_feature_flags_consistency PASSED [ 12%]
src/tests/test_comprehensive_api.py::TestModuleConsistency::test_module_info_consistency PASSED [ 12%]
src/tests/test_core_modules.py::TestGNNModuleComprehensive::test_gnn_module_imports 
-------------------------------- live log call ---------------------------------
2026-01-21 09:18:04 [    INFO] root: GNN module imports validated
PASSED                                                                   [ 12%]
src/tests/test_core_modules.py::TestGNNModuleComprehensive::test_gnn_file_discovery 
-------------------------------- live log call ---------------------------------
2026-01-21 09:18:04 [    INFO] root: GNN file discovery validated: 1 files found
PASSED                                                                   [ 13%]
src/tests/test_core_modules.py::TestGNNModuleComprehensive::test_gnn_file_parsing 
-------------------------------- live log call ---------------------------------
2026-01-21 09:18:04 [ WARNING] root: Failed to parse simple.gnn: Parsed data should contain ModelName
assert 'ModelName' in {'file_name': 'simple.gnn', 'file_path': '/var/folders/vc/rgmbpjpj0dbg61vr54xjskc80000gn/T/tmp1phr0ybz/simple.gnn', 'file_size': 152, 'parse_timestamp': '2026-01-21T09:18:04.024520', ...}
PASSED                                                                   [ 13%]
src/tests/test_core_modules.py::TestGNNModuleComprehensive::test_gnn_validation 
-------------------------------- live log call ---------------------------------
2026-01-21 09:18:04 [    INFO] root: Validation result for simple.gnn: True
PASSED                                                                   [ 13%]
src/tests/test_core_modules.py::TestRenderModuleComprehensive::test_render_module_imports 
-------------------------------- live log call ---------------------------------
2026-01-21 09:18:04 [    INFO] root: Render module imports validated
PASSED                                                                   [ 13%]
src/tests/test_core_modules.py::TestRenderModuleComprehensive::test_pymdp_rendering 
-------------------------------- live log call ---------------------------------
2026-01-21 09:18:04 [ WARNING] src.render.pymdp.pymdp_renderer: A matrix (likelihood) not found in initial parameterization
2026-01-21 09:18:04 [ WARNING] src.render.pymdp.pymdp_renderer: B matrix (transition) not found in initial parameterization
2026-01-21 09:18:04 [ WARNING] src.render.pymdp.pymdp_renderer: C vector (preferences) not found in initial parameterization
2026-01-21 09:18:04 [ WARNING] src.render.pymdp.pymdp_renderer: D vector (prior) not found in initial parameterization
2026-01-21 09:18:04 [    INFO] root: PyMDP rendering validated
PASSED                                                                   [ 13%]
src/tests/test_core_modules.py::TestRenderModuleComprehensive::test_rxinfer_rendering 
-------------------------------- live log call ---------------------------------
2026-01-21 09:18:04 [    INFO] src.render.rxinfer.rxinfer_renderer: Successfully generated RxInfer.jl script for GNN_Model
2026-01-21 09:18:04 [    INFO] root: RxInfer POMDP validated: 3 actions
2026-01-21 09:18:04 [    INFO] root: RxInfer POMDP rendering validated
PASSED                                                                   [ 13%]
src/tests/test_core_modules.py::TestRenderModuleComprehensive::test_discopy_rendering PASSED [ 13%]
src/tests/test_core_modules.py::TestExecuteModuleComprehensive::test_execute_module_imports PASSED [ 13%]
src/tests/test_core_modules.py::TestExecuteModuleComprehensive::test_execution_environment_validation 
-------------------------------- live log call ---------------------------------
2026-01-21 09:18:04 [ WARNING] root: Execution environment validation failed: Status should contain python_version
assert 'python_version' in {'issues': ['validate_execution_environment not available'], 'valid': False}
PASSED                                                                   [ 14%]
src/tests/test_core_modules.py::TestExecuteModuleComprehensive::test_safe_script_execution PASSED [ 14%]
src/tests/test_core_modules.py::TestLLMModuleComprehensive::test_llm_module_imports PASSED [ 14%]
src/tests/test_core_modules.py::TestLLMModuleComprehensive::test_llm_description_generation PASSED [ 14%]
src/tests/test_core_modules.py::TestMCPModuleComprehensive::test_mcp_module_imports 
-------------------------------- live log call ---------------------------------
2026-01-21 09:18:04 [    INFO] root: MCP module imports validated
PASSED                                                                   [ 14%]
src/tests/test_core_modules.py::TestMCPModuleComprehensive::test_mcp_tool_registration 
-------------------------------- live log call ---------------------------------
2026-01-21 09:18:04 [ WARNING] root: MCP tool registration failed: Tools should be a list
assert False
 +  where False = isinstance(True, list)
PASSED                                                                   [ 14%]
src/tests/test_core_modules.py::TestMCPModuleComprehensive::test_mcp_request_handling 
-------------------------------- live log call ---------------------------------
2026-01-21 09:18:04 [    INFO] src.mcp.processor: Handling MCP request: tools/list
2026-01-21 09:18:04 [    INFO] root: MCP request handling validated
PASSED                                                                   [ 14%]
src/tests/test_core_modules.py::TestOntologyModuleComprehensive::test_ontology_module_imports PASSED [ 15%]
src/tests/test_core_modules.py::TestOntologyModuleComprehensive::test_ontology_term_validation 
-------------------------------- live log call ---------------------------------
2026-01-21 09:18:04 [    INFO] ontology: 🚀 Starting step: Processing ontology
2026-01-21 09:18:04 [    INFO] ontology: Loaded 64 Active Inference ontology terms from /Users/4d/Documents/GitHub/GeneralizedNotationNotation/src/ontology/act_inf_ontology_terms.json
2026-01-21 09:18:04 [    INFO] ontology: Validated 0 annotations: 0 valid, 0 invalid
2026-01-21 09:18:04 [    INFO] ontology: ✅ Ontology processing completed successfully
PASSED                                                                   [ 15%]
src/tests/test_core_modules.py::TestWebsiteModuleComprehensive::test_website_module_imports PASSED [ 15%]
src/tests/test_core_modules.py::TestWebsiteModuleComprehensive::test_website_generation 
-------------------------------- live log call ---------------------------------
2026-01-21 09:18:04 [    INFO] website: Website generated successfully with 1 pages
PASSED                                                                   [ 15%]
src/tests/test_core_modules.py::TestWebsiteModuleComprehensive::test_html_report_creation 
-------------------------------- live log call ---------------------------------
2026-01-21 09:18:04 [    INFO] website: Website generated successfully with 1 pages
PASSED                                                                   [ 15%]
src/tests/test_core_modules.py::TestSAPFModuleComprehensive::test_sapf_module_imports 
-------------------------------- live log call ---------------------------------
2026-01-21 09:18:04 [    INFO] root: SAPF module imports validated successfully
PASSED                                                                   [ 15%]
src/tests/test_core_modules.py::TestSAPFModuleComprehensive::test_gnn_to_sapf_conversion 
-------------------------------- live log call ---------------------------------
2026-01-21 09:18:04 [    INFO] root: GNN to SAPF conversion validated
PASSED                                                                   [ 15%]
src/tests/test_core_modules.py::TestSAPFModuleComprehensive::test_sapf_validation 
-------------------------------- live log call ---------------------------------
2026-01-21 09:18:04 [    INFO] root: SAPF validation functionality confirmed
PASSED                                                                   [ 15%]
src/tests/test_core_modules.py::TestSAPFModuleComprehensive::test_sapf_audio_generation 
-------------------------------- live log call ---------------------------------
2026-01-21 09:18:04 [    INFO] root: SAPF audio generation functionality confirmed
PASSED                                                                   [ 16%]
src/tests/test_core_modules.py::TestCoreModuleIntegration::test_module_coordination 
-------------------------------- live log call ---------------------------------
2026-01-21 09:18:04 [ WARNING] root: Core module coordination failed: cannot import name 'execute_gnn_model' from 'src.execute' (/Users/4d/Documents/GitHub/GeneralizedNotationNotation/src/execute/__init__.py)
PASSED                                                                   [ 16%]
src/tests/test_core_modules.py::TestCoreModuleIntegration::test_module_data_flow 
-------------------------------- live log call ---------------------------------
2026-01-21 09:18:04 [    INFO] root: Module data flow validated
PASSED                                                                   [ 16%]
src/tests/test_core_modules.py::test_core_module_completeness 
-------------------------------- live log call ---------------------------------
2026-01-21 09:18:04 [    INFO] root: Core module completeness test passed
PASSED                                                                   [ 16%]
src/tests/test_coverage_assessment.py::TestCoverageStrategy::test_critical_module_coverage_strategy PASSED [ 16%]
src/tests/test_coverage_assessment.py::TestCoverageStrategy::test_performance_regression_test_framework PASSED [ 16%]
src/tests/test_coverage_assessment.py::TestCoverageStrategy::test_error_scenario_coverage PASSED [ 16%]
src/tests/test_coverage_assessment.py::TestCoverageImprovementPriorities::test_priority_1_critical_apis PASSED [ 17%]
src/tests/test_coverage_assessment.py::TestCoverageImprovementPriorities::test_priority_2_integration_scenarios PASSED [ 17%]
src/tests/test_coverage_assessment.py::TestCoverageImprovementPriorities::test_priority_3_edge_cases_and_recovery PASSED [ 17%]
src/tests/test_coverage_assessment.py::test_coverage_improvement_action_plan PASSED [ 17%]
src/tests/test_coverage_overall.py::TestCoverageOverall::test_gnn_core_imports PASSED [ 17%]
src/tests/test_coverage_overall.py::TestCoverageOverall::test_audio_imports PASSED [ 17%]
src/tests/test_coverage_overall.py::TestCoverageOverall::test_export_imports PASSED [ 17%]
src/tests/test_coverage_overall.py::TestCoverageOverall::test_visualization_imports PASSED [ 18%]
src/tests/test_coverage_overall.py::TestCoverageOverall::test_llm_imports PASSED [ 18%]
src/tests/test_d2_visualizer.py::TestD2VisualizerImport::test_d2_classes_available PASSED [ 18%]
src/tests/test_d2_visualizer.py::TestD2VisualizerImport::test_d2_visualizer_module_available PASSED [ 18%]
src/tests/test_d2_visualizer.py::TestD2VisualizerInitialization::test_d2_availability_check PASSED [ 18%]
src/tests/test_d2_visualizer.py::TestD2VisualizerInitialization::test_d2_visualizer_init PASSED [ 18%]
src/tests/test_d2_visualizer.py::TestD2VisualizerInitialization::test_d2_visualizer_with_logger PASSED [ 18%]
src/tests/test_d2_visualizer.py::TestD2DiagramGeneration::test_generate_active_inference_concepts_diagram PASSED [ 18%]
src/tests/test_d2_visualizer.py::TestD2DiagramGeneration::test_generate_framework_mapping_custom_frameworks PASSED [ 19%]
src/tests/test_d2_visualizer.py::TestD2DiagramGeneration::test_generate_framework_mapping_diagram PASSED [ 19%]
src/tests/test_d2_visualizer.py::TestD2DiagramGeneration::test_generate_model_structure_diagram PASSED [ 19%]
src/tests/test_d2_visualizer.py::TestD2DiagramGeneration::test_generate_pipeline_flow_diagram PASSED [ 19%]
src/tests/test_d2_visualizer.py::TestD2DiagramGeneration::test_generate_pipeline_flow_diagram_no_frameworks PASSED [ 19%]
src/tests/test_d2_visualizer.py::TestD2DiagramGeneration::test_generate_pomdp_diagram PASSED [ 19%]
src/tests/test_d2_visualizer.py::TestD2DiagramCompilation::test_compile_d2_diagram_no_cli PASSED [ 19%]
src/tests/test_d2_visualizer.py::TestD2DiagramCompilation::test_compile_d2_diagram_with_cli 
-------------------------------- live log call ---------------------------------
2026-01-21 09:18:04 [    INFO] advanced_visualization.d2_visualizer: Generated svg: /var/folders/vc/rgmbpjpj0dbg61vr54xjskc80000gn/T/tmp68hncb3_/test_diagram.svg
PASSED                                                                   [ 20%]
src/tests/test_d2_visualizer.py::TestD2DiagramCompilation::test_compile_d2_diagram_write_d2_file PASSED [ 20%]
src/tests/test_d2_visualizer.py::TestD2HelperMethods::test_get_d2_arrow PASSED [ 20%]
src/tests/test_d2_visualizer.py::TestD2HelperMethods::test_get_d2_shape_for_variable PASSED [ 20%]
src/tests/test_d2_visualizer.py::TestD2HelperMethods::test_is_pomdp_model PASSED [ 20%]
src/tests/test_d2_visualizer.py::TestD2HelperMethods::test_sanitize_name PASSED [ 20%]
src/tests/test_d2_visualizer.py::TestD2EndToEndProcessing::test_generate_all_diagrams_for_model 
-------------------------------- live log call ---------------------------------
2026-01-21 09:18:04 [ WARNING] advanced_visualization.d2_visualizer: Failed to generate svg: err: failed to compile /var/folders/vc/rgmbpjpj0dbg61vr54xjskc80000gn/T/tmpnynxh77r/integration_test_model_structure.d2: /var/folders/vc/rgmbpjpj0dbg61vr54xjskc80000gn/T/tmpnynxh77r/integration_test_model_structure.d2:11:10: unexpected text after unquoted string
err: /var/folders/vc/rgmbpjpj0dbg61vr54xjskc80000gn/T/tmpnynxh77r/integration_test_model_structure.d2:15:10: unexpected text after unquoted string
err: /var/folders/vc/rgmbpjpj0dbg61vr54xjskc80000gn/T/tmpnynxh77r/integration_test_model_structure.d2:19:3: unexpected map termination character } in file map
err: /var/folders/vc/rgmbpjpj0dbg61vr54xjskc80000gn/T/tmpnynxh77r/integration_test_model_structure.d2:31:1: unexpected map termination character } in file map

2026-01-21 09:18:04 [ WARNING] advanced_visualization.d2_visualizer: Failed to generate svg: err: failed to compile /var/folders/vc/rgmbpjpj0dbg61vr54xjskc80000gn/T/tmpnynxh77r/integration_test_model_pomdp.d2: /var/folders/vc/rgmbpjpj0dbg61vr54xjskc80000gn/T/tmpnynxh77r/integration_test_model_pomdp.d2:11:10: unexpected text after unquoted string
err: /var/folders/vc/rgmbpjpj0dbg61vr54xjskc80000gn/T/tmpnynxh77r/integration_test_model_pomdp.d2:16:10: unexpected text after unquoted string
err: /var/folders/vc/rgmbpjpj0dbg61vr54xjskc80000gn/T/tmpnynxh77r/integration_test_model_pomdp.d2:21:3: unexpected map termination character } in file map
err: /var/folders/vc/rgmbpjpj0dbg61vr54xjskc80000gn/T/tmpnynxh77r/integration_test_model_pomdp.d2:46:1: unexpected map termination character } in file map

PASSED                                                                   [ 20%]
src/tests/test_d2_visualizer.py::TestD2ProcessorIntegration::test_init_exports_d2_components PASSED [ 20%]
src/tests/test_d2_visualizer.py::TestD2ProcessorIntegration::test_processor_has_d2_methods PASSED [ 21%]
src/tests/test_d2_visualizer.py::TestD2Documentation::test_d2_diagram_spec_has_fields PASSED [ 21%]
src/tests/test_d2_visualizer.py::TestD2Documentation::test_d2_visualizer_has_docstrings PASSED [ 21%]
src/tests/test_environment_overall.py::TestEnvironmentModuleComprehensive::test_environment_module_imports PASSED [ 21%]
src/tests/test_environment_overall.py::TestEnvironmentModuleComprehensive::test_environment_manager_instantiation PASSED [ 21%]
src/tests/test_environment_overall.py::TestEnvironmentModuleComprehensive::test_virtual_environment_instantiation PASSED [ 21%]
src/tests/test_environment_overall.py::TestEnvironmentModuleComprehensive::test_environment_module_info PASSED [ 21%]
src/tests/test_environment_overall.py::TestEnvironmentModuleComprehensive::test_environment_validation 
-------------------------------- live log call ---------------------------------
2026-01-21 09:18:04 [    INFO] setup.setup: 🔍 Checking system requirements...
2026-01-21 09:18:04 [    INFO] setup.setup: ✅ Python version check passed: 3.12.11
2026-01-21 09:18:04 [    INFO] setup.setup: ✅ UV is available: uv 0.9.18 (0cee76417 2025-12-16)
2026-01-21 09:18:04 [    INFO] setup.setup: ✅ Disk space check passed: 88.50GB free
2026-01-21 09:18:04 [    INFO] setup.setup: 📋 Getting list of installed packages using UV...
2026-01-21 09:18:04 [    INFO] setup.setup: 📦 Found 334 installed packages using UV
2026-01-21 09:18:04 [    INFO] setup.setup: 📋 Key installed packages:
2026-01-21 09:18:04 [    INFO] setup.setup:   - pytest: 9.0.2
2026-01-21 09:18:04 [    INFO] setup.setup:   - numpy: 2.3.5
2026-01-21 09:18:04 [    INFO] setup.setup:   - matplotlib: 3.10.8
2026-01-21 09:18:04 [    INFO] setup.setup:   - scipy: 1.17.0
2026-01-21 09:18:04 [    INFO] setup.setup:   - psutil: 7.2.1
2026-01-21 09:18:04 [    INFO] setup.setup: 📄 Full package list saved to: /Users/4d/Documents/GitHub/GeneralizedNotationNotation/.venv/installed_packages_uv.json
PASSED                                                                   [ 22%]
src/tests/test_environment_overall.py::TestEnvironmentFunctionality::test_environment_setup PASSED [ 22%]
src/tests/test_environment_overall.py::TestEnvironmentFunctionality::test_python_version_check PASSED [ 22%]
src/tests/test_environment_overall.py::TestEnvironmentIntegration::test_environment_pipeline_integration 
-------------------------------- live log call ---------------------------------
2026-01-21 09:18:04 [    INFO] setup.setup: 🔍 Checking system requirements...
2026-01-21 09:18:04 [    INFO] setup.setup: ✅ Python version check passed: 3.12.11
2026-01-21 09:18:04 [    INFO] setup.setup: ✅ UV is available: uv 0.9.18 (0cee76417 2025-12-16)
2026-01-21 09:18:04 [    INFO] setup.setup: ✅ Disk space check passed: 88.50GB free
2026-01-21 09:18:04 [    INFO] setup.setup: 📋 Getting list of installed packages using UV...
2026-01-21 09:18:04 [    INFO] setup.setup: 📦 Found 334 installed packages using UV
2026-01-21 09:18:04 [    INFO] setup.setup: 📋 Key installed packages:
2026-01-21 09:18:04 [    INFO] setup.setup:   - pytest: 9.0.2
2026-01-21 09:18:04 [    INFO] setup.setup:   - numpy: 2.3.5
2026-01-21 09:18:04 [    INFO] setup.setup:   - matplotlib: 3.10.8
2026-01-21 09:18:04 [    INFO] setup.setup:   - scipy: 1.17.0
2026-01-21 09:18:04 [    INFO] setup.setup:   - psutil: 7.2.1
2026-01-21 09:18:04 [    INFO] setup.setup: 📄 Full package list saved to: /Users/4d/Documents/GitHub/GeneralizedNotationNotation/.venv/installed_packages_uv.json
PASSED                                                                   [ 22%]
src/tests/test_environment_overall.py::TestEnvironmentIntegration::test_environment_mcp_integration PASSED [ 22%]
src/tests/test_environment_overall.py::test_environment_module_completeness PASSED [ 22%]
src/tests/test_error_recovery_framework.py::TestErrorRecoveryFramework::test_error_context_creation PASSED [ 22%]
src/tests/test_error_recovery_framework.py::TestErrorRecoveryFramework::test_error_recovery_manager_initialization PASSED [ 22%]
src/tests/test_error_recovery_framework.py::TestErrorRecoveryFramework::test_error_code_registry PASSED [ 23%]
src/tests/test_error_recovery_framework.py::TestErrorRecoveryFramework::test_error_message_formatting PASSED [ 23%]
src/tests/test_error_recovery_framework.py::TestErrorRecoveryFramework::test_error_handling_with_severity_levels 
-------------------------------- live log call ---------------------------------
2026-01-21 09:18:04 [    INFO] test: [I001] Informational
2026-01-21 09:18:04 [ WARNING] test: [W001] Warning
2026-01-21 09:18:04 [   ERROR] test: [E001] Error
2026-01-21 09:18:04 [CRITICAL] test: [CRIT001] Critical
PASSED                                                                   [ 23%]
src/tests/test_error_recovery_framework.py::TestErrorRecoveryFramework::test_format_and_log_error_function 
-------------------------------- live log call ---------------------------------
2026-01-21 09:18:04 [   ERROR] utils.error_recovery: [E101] File not found
2026-01-21 09:18:04 [    INFO] utils.error_recovery: Recovery suggestions:
2026-01-21 09:18:04 [    INFO] utils.error_recovery:   1. Check file path
2026-01-21 09:18:04 [    INFO] utils.error_recovery:   2. Verify file exists
PASSED                                                                   [ 23%]
src/tests/test_error_recovery_framework.py::TestErrorRecoveryStrategies::test_import_error_recovery_suggestions PASSED [ 23%]
src/tests/test_error_recovery_framework.py::TestErrorRecoveryStrategies::test_file_error_recovery_suggestions PASSED [ 23%]
src/tests/test_error_recovery_framework.py::TestErrorRecoveryStrategies::test_resource_error_recovery_suggestions PASSED [ 23%]
src/tests/test_error_recovery_framework.py::TestErrorRecoveryStrategies::test_validation_error_recovery_suggestions PASSED [ 24%]
src/tests/test_error_recovery_framework.py::TestErrorHandlingIntegration::test_error_context_roundtrip PASSED [ 24%]
src/tests/test_error_recovery_framework.py::TestErrorHandlingIntegration::test_error_recovery_manager_is_singleton PASSED [ 24%]
src/tests/test_error_recovery_framework.py::test_error_recovery_documentation PASSED [ 24%]
src/tests/test_execute_overall.py::TestExecuteOverall::test_executor_initialization PASSED [ 24%]
src/tests/test_execute_overall.py::TestExecuteOverall::test_parse_frameworks_parameter_all PASSED [ 24%]
src/tests/test_execute_overall.py::TestExecuteOverall::test_parse_frameworks_parameter_lite PASSED [ 24%]
src/tests/test_execute_overall.py::TestExecuteOverall::test_parse_frameworks_parameter_custom PASSED [ 25%]
src/tests/test_execute_overall.py::TestExecuteOverall::test_determine_script_framework PASSED [ 25%]
src/tests/test_execute_overall.py::TestExecuteOverall::test_find_executable_scripts PASSED [ 25%]
src/tests/test_execute_overall.py::TestExecuteOverall::test_find_executable_scripts_with_framework_filter PASSED [ 25%]
src/tests/test_execute_overall.py::TestExecuteOverall::test_collect_execution_outputs 
-------------------------------- live log call ---------------------------------
2026-01-21 09:18:04 [    INFO] test: Found 1 output files to collect for pymdp
2026-01-21 09:18:04 [    INFO] test: Copied output.json → simulation_data/output.json
2026-01-21 09:18:04 [    INFO] test: Collected 1 output files: 0 visualizations, 1 data files, 0 traces
PASSED                                                                   [ 25%]
src/tests/test_execute_overall.py::TestExecuteScriptExecution::test_execute_single_script_success PASSED [ 25%]
src/tests/test_execute_overall.py::TestExecuteScriptExecution::test_execute_single_script_timeout_handling PASSED [ 25%]
src/tests/test_execute_path_collection.py::TestPathDeduplication::test_normalize_and_deduplicate_paths_empty PASSED [ 25%]
src/tests/test_execute_path_collection.py::TestPathDeduplication::test_normalize_and_deduplicate_paths_single PASSED [ 26%]
src/tests/test_execute_path_collection.py::TestPathDeduplication::test_normalize_and_deduplicate_paths_duplicates 
-------------------------------- live log call ---------------------------------
2026-01-21 09:18:04 [    INFO] src.tests.test_execute_path_collection: Deduplicated paths: 3 → 1 files
PASSED                                                                   [ 26%]
src/tests/test_execute_path_collection.py::TestPathDeduplication::test_normalize_and_deduplicate_paths_nested 
-------------------------------- live log call ---------------------------------
2026-01-21 09:18:04 [    INFO] src.tests.test_execute_path_collection: Deduplicated paths: 2 → 1 files
PASSED                                                                   [ 26%]
src/tests/test_execute_path_collection.py::TestPathCollection::test_collect_execution_outputs_empty PASSED [ 26%]
src/tests/test_execute_path_collection.py::TestPathCollection::test_collect_execution_outputs_structure PASSED [ 26%]
src/tests/test_execute_path_collection.py::TestActiveInferencePathCollection::test_activeinference_jl_path_collection 
-------------------------------- live log call ---------------------------------
2026-01-21 09:18:04 [    INFO] src.tests.test_execute_path_collection: Found 1 output files to collect for activeinference_jl
2026-01-21 09:18:04 [    INFO] src.tests.test_execute_path_collection: Collected 1 output files: 1 visualizations, 0 data files, 0 traces
PASSED                                                                   [ 26%]
src/tests/test_execute_path_collection.py::TestPathCollectionDeduplication::test_no_duplicate_copies 
-------------------------------- live log call ---------------------------------
2026-01-21 09:18:04 [    INFO] src.tests.test_execute_path_collection: Found 1 output files to collect for jax
2026-01-21 09:18:04 [    INFO] src.tests.test_execute_path_collection: Copied data.json → simulation_data/data.json
2026-01-21 09:18:04 [    INFO] src.tests.test_execute_path_collection: Collected 1 output files: 0 visualizations, 1 data files, 0 traces
PASSED                                                                   [ 26%]
src/tests/test_execute_pymdp_integration.py::TestPyMDPRealExecution::test_pymdp_agent_import PASSED [ 27%]
src/tests/test_execute_pymdp_integration.py::TestPyMDPRealExecution::test_pymdp_agent_creation PASSED [ 27%]
src/tests/test_execute_pymdp_integration.py::TestPyMDPRealExecution::test_pymdp_simple_simulation_execution 
-------------------------------- live log call ---------------------------------
2026-01-21 09:18:04 [    INFO] execute.pymdp.simple_simulation: Using PyMDP (inferactively-pymdp) API
2026-01-21 09:18:04 [    INFO] execute.pymdp.simple_simulation: Starting simple PyMDP simulation
2026-01-21 09:18:04 [    INFO] execute.pymdp.simple_simulation: Transposed B from (1, 2, 2) to (2, 2, 1)
2026-01-21 09:18:04 [    INFO] execute.pymdp.simple_simulation: Created matrices: A=(2, 2), B=(2, 2, 1), C=(2,), D=(2,)
2026-01-21 09:18:04 [    INFO] execute.pymdp.simple_simulation: Wrapped arrays in obj_array format (except E)
2026-01-21 09:18:04 [    INFO] execute.pymdp.simple_simulation: Successfully created PyMDP agent
2026-01-21 09:18:04 [    INFO] execute.pymdp.simple_simulation: Step 0: true_s=1, obs=1, belief=[0.1 0.9], action=0.0
2026-01-21 09:18:04 [    INFO] execute.pymdp.simple_simulation: Step 1: true_s=1, obs=1, belief=[0.04 0.96], action=0.0
2026-01-21 09:18:04 [    INFO] execute.pymdp.simple_simulation: Step 2: true_s=1, obs=1, belief=[0.03 0.97], action=0.0
2026-01-21 09:18:04 [    INFO] execute.pymdp.simple_simulation: Step 3: true_s=1, obs=1, belief=[0.03 0.97], action=0.0
2026-01-21 09:18:04 [    INFO] execute.pymdp.simple_simulation: Step 4: true_s=1, obs=1, belief=[0.03 0.97], action=0.0
2026-01-21 09:18:04 [    INFO] execute.pymdp.simple_simulation: Step 5: true_s=0, obs=0, belief=[0.72 0.28], action=0.0
2026-01-21 09:18:04 [    INFO] execute.pymdp.simple_simulation: Step 6: true_s=0, obs=0, belief=[0.94 0.06], action=0.0
2026-01-21 09:18:04 [    INFO] execute.pymdp.simple_simulation: Step 7: true_s=0, obs=0, belief=[0.97 0.03], action=0.0
2026-01-21 09:18:04 [    INFO] execute.pymdp.simple_simulation: Step 8: true_s=0, obs=0, belief=[0.97 0.03], action=0.0
2026-01-21 09:18:04 [    INFO] execute.pymdp.simple_simulation: Step 9: true_s=0, obs=0, belief=[0.97 0.03], action=0.0
2026-01-21 09:18:04 [    INFO] execute.pymdp.simple_simulation: Step 10: true_s=0, obs=0, belief=[0.97 0.03], action=0.0
2026-01-21 09:18:04 [    INFO] execute.pymdp.simple_simulation: Step 11: true_s=0, obs=1, belief=[0.28 0.72], action=0.0
2026-01-21 09:18:04 [    INFO] execute.pymdp.simple_simulation: Step 12: true_s=0, obs=0, belief=[0.84 0.16], action=0.0
2026-01-21 09:18:04 [    INFO] execute.pymdp.simple_simulation: Step 13: true_s=0, obs=1, belief=[0.21 0.79], action=0.0
2026-01-21 09:18:04 [    INFO] execute.pymdp.simple_simulation: Step 14: true_s=0, obs=0, belief=[0.81 0.19], action=0.0
2026-01-21 09:18:04 [    INFO] execute.pymdp.simple_simulation: Saving raw simulation data for analysis step...
2026-01-21 09:18:04 [    INFO] execute.pymdp.simple_simulation: 💾 Saved raw simulation data to /private/var/folders/vc/rgmbpjpj0dbg61vr54xjskc80000gn/T/pytest-of-4d/pytest-1868/test_pymdp_simple_simulation_e0/pymdp_output/simulation_results.json
2026-01-21 09:18:04 [    INFO] execute.pymdp.simple_simulation: 📊 Validation: beliefs_valid=True, sum_to_one=True
2026-01-21 09:18:04 [    INFO] execute.pymdp.simple_simulation: 📈 Trace data saved: 15 timesteps, ready for analysis step visualization
PASSED                                                                   [ 27%]
src/tests/test_execute_pymdp_integration.py::TestPyMDPRealExecution::test_pymdp_package_detection_with_real_installation 
-------------------------------- live log call ---------------------------------
2026-01-21 09:18:04 [    INFO] execute.pymdp.package_detector: Detected correct PyMDP package (inferactively-pymdp) with Agent in agent submodule
2026-01-21 09:18:04 [ WARNING] execute.pymdp.package_detector: Detected mixed PyMDP package indicators (found Agent AND MDP/MDPSolver). Proceeding as correct package.
PASSED                                                                   [ 27%]
src/tests/test_execute_pymdp_integration.py::TestPyMDPRealExecution::test_is_correct_pymdp_package_with_real_installation 
-------------------------------- live log call ---------------------------------
2026-01-21 09:18:04 [    INFO] execute.pymdp.package_detector: Detected correct PyMDP package (inferactively-pymdp) with Agent in agent submodule
2026-01-21 09:18:04 [ WARNING] execute.pymdp.package_detector: Detected mixed PyMDP package indicators (found Agent AND MDP/MDPSolver). Proceeding as correct package.
PASSED                                                                   [ 27%]
src/tests/test_execute_pymdp_integration.py::TestPyMDPRealExecution::test_validate_pymdp_for_execution_with_real_installation 
-------------------------------- live log call ---------------------------------
2026-01-21 09:18:04 [    INFO] execute.pymdp.package_detector: Detected correct PyMDP package (inferactively-pymdp) with Agent in agent submodule
2026-01-21 09:18:04 [ WARNING] execute.pymdp.package_detector: Detected mixed PyMDP package indicators (found Agent AND MDP/MDPSolver). Proceeding as correct package.
PASSED                                                                   [ 27%]
src/tests/test_execute_pymdp_integration.py::TestPyMDPErrorHandling::test_package_detection_structure 
-------------------------------- live log call ---------------------------------
2026-01-21 09:18:04 [    INFO] execute.pymdp.package_detector: Detected correct PyMDP package (inferactively-pymdp) with Agent in agent submodule
2026-01-21 09:18:04 [ WARNING] execute.pymdp.package_detector: Detected mixed PyMDP package indicators (found Agent AND MDP/MDPSolver). Proceeding as correct package.
PASSED                                                                   [ 27%]
src/tests/test_execute_pymdp_integration.py::TestPyMDPErrorHandling::test_validation_structure 
-------------------------------- live log call ---------------------------------
2026-01-21 09:18:04 [    INFO] execute.pymdp.package_detector: Detected correct PyMDP package (inferactively-pymdp) with Agent in agent submodule
2026-01-21 09:18:04 [ WARNING] execute.pymdp.package_detector: Detected mixed PyMDP package indicators (found Agent AND MDP/MDPSolver). Proceeding as correct package.
PASSED                                                                   [ 27%]
src/tests/test_execute_pymdp_integration.py::TestPyMDPModernAPI::test_modern_import_works PASSED [ 28%]
src/tests/test_execute_pymdp_integration.py::TestPyMDPModernAPI::test_agent_has_required_methods PASSED [ 28%]
src/tests/test_execute_pymdp_integration.py::TestPyMDPModernAPI::test_simulation_step_execution PASSED [ 28%]
src/tests/test_execute_pymdp_integration_module.py::TestGNNPyMDPIntegration::test_gnn_parsing PASSED [ 28%]
src/tests/test_execute_pymdp_integration_module.py::TestGNNPyMDPIntegration::test_pymdp_renderer_exists PASSED [ 28%]
src/tests/test_execute_pymdp_integration_module.py::TestGNNPyMDPIntegration::test_pymdp_simulation_creation 
-------------------------------- live log call ---------------------------------
2026-01-21 09:18:04 [    INFO] execute.pymdp.pymdp_simulation: Initialized from GNN config: 0 states, 0 actions, 0 observations
2026-01-21 09:18:04 [   ERROR] execute.pymdp.pymdp_simulation: Error creating PyMDP model: index -1 is out of bounds for axis 0 with size 0
PASSED                                                                   [ 28%]
src/tests/test_execute_pymdp_integration_module.py::TestGNNPyMDPIntegration::test_pymdp_simulation_run 
-------------------------------- live log call ---------------------------------
2026-01-21 09:18:04 [    INFO] execute.pymdp.pymdp_simulation: Initialized from GNN config: 0 states, 0 actions, 0 observations
2026-01-21 09:18:04 [   ERROR] execute.pymdp.pymdp_simulation: Error creating PyMDP model: index -1 is out of bounds for axis 0 with size 0
2026-01-21 09:18:04 [   ERROR] execute.pymdp.pymdp_simulation: Error creating PyMDP model: index -1 is out of bounds for axis 0 with size 0
2026-01-21 09:18:04 [   ERROR] execute.pymdp.pymdp_simulation: No agent available - create model first
PASSED                                                                   [ 28%]
src/tests/test_execute_pymdp_integration_module.py::TestGNNPyMDPIntegration::test_full_integration 
-------------------------------- live log call ---------------------------------
2026-01-21 09:18:04 [ WARNING] src.render.pymdp.pymdp_renderer: A matrix (likelihood) not found in initial parameterization
2026-01-21 09:18:04 [ WARNING] src.render.pymdp.pymdp_renderer: B matrix (transition) not found in initial parameterization
2026-01-21 09:18:04 [ WARNING] src.render.pymdp.pymdp_renderer: C vector (preferences) not found in initial parameterization
2026-01-21 09:18:04 [ WARNING] src.render.pymdp.pymdp_renderer: D vector (prior) not found in initial parameterization
2026-01-21 09:18:04 [    INFO] src.render.pymdp.pymdp_renderer: Generated PyMDP simulation: /private/var/folders/vc/rgmbpjpj0dbg61vr54xjskc80000gn/T/pytest-of-4d/pytest-1868/test_full_integration0/rendered_pymdp.py
PASSED                                                                   [ 29%]
src/tests/test_execute_pymdp_integration_module.py::test_gnn_parsing PASSED [ 29%]
src/tests/test_execute_pymdp_integration_module.py::test_pymdp_renderer PASSED [ 29%]
src/tests/test_execute_pymdp_integration_module.py::test_pymdp_simulation 
-------------------------------- live log call ---------------------------------
2026-01-21 09:18:04 [    INFO] execute.pymdp.pymdp_simulation: Initialized from GNN config: 0 states, 0 actions, 0 observations
2026-01-21 09:18:04 [   ERROR] execute.pymdp.pymdp_simulation: Error creating PyMDP model: index -1 is out of bounds for axis 0 with size 0
2026-01-21 09:18:04 [   ERROR] execute.pymdp.pymdp_simulation: Error creating PyMDP model: index -1 is out of bounds for axis 0 with size 0
2026-01-21 09:18:04 [   ERROR] execute.pymdp.pymdp_simulation: No agent available - create model first
PASSED                                                                   [ 29%]
src/tests/test_execute_pymdp_integration_module.py::test_full_integration 
-------------------------------- live log call ---------------------------------
2026-01-21 09:18:04 [ WARNING] src.render.pymdp.pymdp_renderer: A matrix (likelihood) not found in initial parameterization
2026-01-21 09:18:04 [ WARNING] src.render.pymdp.pymdp_renderer: B matrix (transition) not found in initial parameterization
2026-01-21 09:18:04 [ WARNING] src.render.pymdp.pymdp_renderer: C vector (preferences) not found in initial parameterization
2026-01-21 09:18:04 [ WARNING] src.render.pymdp.pymdp_renderer: D vector (prior) not found in initial parameterization
2026-01-21 09:18:04 [    INFO] src.render.pymdp.pymdp_renderer: Generated PyMDP simulation: /private/var/folders/vc/rgmbpjpj0dbg61vr54xjskc80000gn/T/pytest-of-4d/pytest-1868/test_full_integration1/rendered_pymdp.py
PASSED                                                                   [ 29%]
src/tests/test_execute_pymdp_package.py::TestPyMDPPackageDetection::test_detect_pymdp_installation_structure 
-------------------------------- live log call ---------------------------------
2026-01-21 09:18:04 [    INFO] execute.pymdp.package_detector: Detected correct PyMDP package (inferactively-pymdp) with Agent in agent submodule
2026-01-21 09:18:04 [ WARNING] execute.pymdp.package_detector: Detected mixed PyMDP package indicators (found Agent AND MDP/MDPSolver). Proceeding as correct package.
PASSED                                                                   [ 29%]
src/tests/test_execute_pymdp_package.py::TestPyMDPPackageDetection::test_is_correct_pymdp_package 
-------------------------------- live log call ---------------------------------
2026-01-21 09:18:04 [    INFO] execute.pymdp.package_detector: Detected correct PyMDP package (inferactively-pymdp) with Agent in agent submodule
2026-01-21 09:18:04 [ WARNING] execute.pymdp.package_detector: Detected mixed PyMDP package indicators (found Agent AND MDP/MDPSolver). Proceeding as correct package.
PASSED                                                                   [ 29%]
src/tests/test_execute_pymdp_package.py::TestPyMDPPackageDetection::test_get_pymdp_installation_instructions 
-------------------------------- live log call ---------------------------------
2026-01-21 09:18:04 [    INFO] execute.pymdp.package_detector: Detected correct PyMDP package (inferactively-pymdp) with Agent in agent submodule
2026-01-21 09:18:04 [ WARNING] execute.pymdp.package_detector: Detected mixed PyMDP package indicators (found Agent AND MDP/MDPSolver). Proceeding as correct package.
PASSED                                                                   [ 29%]
src/tests/test_execute_pymdp_package.py::TestPyMDPPackageDetection::test_validate_pymdp_for_execution_structure 
-------------------------------- live log call ---------------------------------
2026-01-21 09:18:04 [    INFO] execute.pymdp.package_detector: Detected correct PyMDP package (inferactively-pymdp) with Agent in agent submodule
2026-01-21 09:18:04 [ WARNING] execute.pymdp.package_detector: Detected mixed PyMDP package indicators (found Agent AND MDP/MDPSolver). Proceeding as correct package.
PASSED                                                                   [ 30%]
src/tests/test_execute_pymdp_package.py::TestPyMDPPackageDetection::test_attempt_pymdp_auto_install 
-------------------------------- live log call ---------------------------------
2026-01-21 09:18:04 [    INFO] execute.pymdp.package_detector: Attempting to install inferactively-pymdp using UV sync...
2026-01-21 09:18:06 [    INFO] execute.pymdp.package_detector: Successfully installed inferactively-pymdp using UV sync
PASSED                                                                   [ 30%]
src/tests/test_execute_pymdp_package.py::TestPyMDPPackageDetectionIntegration::test_detection_consistency 
-------------------------------- live log call ---------------------------------
2026-01-21 09:18:06 [    INFO] execute.pymdp.package_detector: Detected correct PyMDP package (inferactively-pymdp) with Agent in agent submodule
2026-01-21 09:18:06 [ WARNING] execute.pymdp.package_detector: Detected mixed PyMDP package indicators (found Agent AND MDP/MDPSolver). Proceeding as correct package.
2026-01-21 09:18:06 [    INFO] execute.pymdp.package_detector: Detected correct PyMDP package (inferactively-pymdp) with Agent in agent submodule
2026-01-21 09:18:06 [ WARNING] execute.pymdp.package_detector: Detected mixed PyMDP package indicators (found Agent AND MDP/MDPSolver). Proceeding as correct package.
PASSED                                                                   [ 30%]
src/tests/test_execute_pymdp_package.py::TestPyMDPPackageDetectionIntegration::test_validation_uses_detection 
-------------------------------- live log call ---------------------------------
2026-01-21 09:18:06 [    INFO] execute.pymdp.package_detector: Detected correct PyMDP package (inferactively-pymdp) with Agent in agent submodule
2026-01-21 09:18:06 [ WARNING] execute.pymdp.package_detector: Detected mixed PyMDP package indicators (found Agent AND MDP/MDPSolver). Proceeding as correct package.
PASSED                                                                   [ 30%]
src/tests/test_execute_pymdp_package.py::TestPyMDPPackageDetectionIntegration::test_instructions_are_actionable 
-------------------------------- live log call ---------------------------------
2026-01-21 09:18:06 [    INFO] execute.pymdp.package_detector: Detected correct PyMDP package (inferactively-pymdp) with Agent in agent submodule
2026-01-21 09:18:06 [ WARNING] execute.pymdp.package_detector: Detected mixed PyMDP package indicators (found Agent AND MDP/MDPSolver). Proceeding as correct package.
PASSED                                                                   [ 30%]
src/tests/test_execute_pymdp_package.py::TestPyMDPRealInstallation::test_real_installation_detection 
-------------------------------- live log call ---------------------------------
2026-01-21 09:18:06 [    INFO] execute.pymdp.package_detector: Detected correct PyMDP package (inferactively-pymdp) with Agent in agent submodule
2026-01-21 09:18:06 [ WARNING] execute.pymdp.package_detector: Detected mixed PyMDP package indicators (found Agent AND MDP/MDPSolver). Proceeding as correct package.
PASSED                                                                   [ 30%]
src/tests/test_execute_pymdp_package.py::TestPyMDPRealInstallation::test_real_installation_validation 
-------------------------------- live log call ---------------------------------
2026-01-21 09:18:06 [    INFO] execute.pymdp.package_detector: Detected correct PyMDP package (inferactively-pymdp) with Agent in agent submodule
2026-01-21 09:18:06 [ WARNING] execute.pymdp.package_detector: Detected mixed PyMDP package indicators (found Agent AND MDP/MDPSolver). Proceeding as correct package.
PASSED                                                                   [ 30%]
src/tests/test_execute_pymdp_package.py::TestPyMDPRealInstallation::test_wrong_package_detection 
-------------------------------- live log call ---------------------------------
2026-01-21 09:18:06 [    INFO] execute.pymdp.package_detector: Detected correct PyMDP package (inferactively-pymdp) with Agent in agent submodule
2026-01-21 09:18:06 [ WARNING] execute.pymdp.package_detector: Detected mixed PyMDP package indicators (found Agent AND MDP/MDPSolver). Proceeding as correct package.
PASSED                                                                   [ 31%]
src/tests/test_execute_pymdp_simulation.py::TestPyMDPSimulation::test_gnn_parameter_integration 
-------------------------------- live log call ---------------------------------
2026-01-21 09:18:06 [    INFO] execute.pymdp.pymdp_simulation: Initialized from GNN config: 4 states, 4 actions, 2 observations
2026-01-21 09:18:06 [    INFO] execute.pymdp.pymdp_simulation: Created PyMDP model: 4S, 4A, 2O
PASSED                                                                   [ 31%]
src/tests/test_execute_pymdp_simulation.py::TestPyMDPSimulation::test_matrix_construction 
-------------------------------- live log call ---------------------------------
2026-01-21 09:18:06 [    INFO] execute.pymdp.pymdp_simulation: Initialized from GNN config: 4 states, 4 actions, 2 observations
2026-01-21 09:18:06 [    INFO] execute.pymdp.pymdp_simulation: Created PyMDP model: 4S, 4A, 2O
PASSED                                                                   [ 31%]
src/tests/test_execute_pymdp_simulation.py::TestPyMDPSimulation::test_serialization 
-------------------------------- live log call ---------------------------------
2026-01-21 09:18:06 [    INFO] execute.pymdp.pymdp_simulation: Initialized from GNN config: 4 states, 4 actions, 2 observations
2026-01-21 09:18:06 [    INFO] execute.pymdp.pymdp_simulation: Created PyMDP model: 4S, 4A, 2O
2026-01-21 09:18:06 [    INFO] execute.pymdp.pymdp_simulation: Starting PyMDP simulation: GNN_POMDP
2026-01-21 09:18:06 [    INFO] execute.pymdp.pymdp_simulation: Timestep 0: state=0, obs=0, action=1
2026-01-21 09:18:06 [    INFO] execute.pymdp.pymdp_simulation: Simulation completed in 0.01 seconds
PASSED                                                                   [ 31%]
src/tests/test_execute_pymdp_simulation.py::TestPyMDPSimulation::test_simulation_creation_with_gnn_config 
-------------------------------- live log call ---------------------------------
2026-01-21 09:18:06 [    INFO] execute.pymdp.pymdp_simulation: Initialized from GNN config: 4 states, 4 actions, 2 observations
2026-01-21 09:18:06 [    INFO] execute.pymdp.pymdp_simulation: Created PyMDP model: 4S, 4A, 2O
PASSED                                                                   [ 31%]
src/tests/test_execute_pymdp_simulation.py::TestPyMDPSimulation::test_simulation_creation_with_minimal_config 
-------------------------------- live log call ---------------------------------
2026-01-21 09:18:06 [    INFO] execute.pymdp.pymdp_simulation: Initialized from GNN config: 4 states, 4 actions, 2 observations
2026-01-21 09:18:06 [    INFO] execute.pymdp.pymdp_simulation: Created PyMDP model: 4S, 4A, 2O
PASSED                                                                   [ 31%]
src/tests/test_execute_pymdp_simulation.py::TestPyMDPSimulation::test_simulation_run 
-------------------------------- live log call ---------------------------------
2026-01-21 09:18:06 [    INFO] execute.pymdp.pymdp_simulation: Initialized from GNN config: 4 states, 4 actions, 2 observations
2026-01-21 09:18:06 [    INFO] execute.pymdp.pymdp_simulation: Created PyMDP model: 4S, 4A, 2O
2026-01-21 09:18:06 [    INFO] execute.pymdp.pymdp_simulation: Starting PyMDP simulation: GNN_POMDP
2026-01-21 09:18:06 [    INFO] execute.pymdp.pymdp_simulation: Timestep 0: state=0, obs=0, action=0
2026-01-21 09:18:06 [    INFO] execute.pymdp.pymdp_simulation: Timestep 5: state=0, obs=0, action=0
2026-01-21 09:18:06 [    INFO] execute.pymdp.pymdp_simulation: Simulation completed in 0.02 seconds
PASSED                                                                   [ 31%]
src/tests/test_execute_pymdp_simulation.py::TestPyMDPSimulation::test_visualization_creation 
-------------------------------- live log call ---------------------------------
2026-01-21 09:18:06 [    INFO] execute.pymdp.pymdp_simulation: Initialized from GNN config: 4 states, 4 actions, 2 observations
2026-01-21 09:18:06 [    INFO] execute.pymdp.pymdp_simulation: Created PyMDP model: 4S, 4A, 2O
2026-01-21 09:18:06 [    INFO] execute.pymdp.pymdp_simulation: Starting PyMDP simulation: GNN_POMDP
2026-01-21 09:18:06 [    INFO] execute.pymdp.pymdp_simulation: Timestep 0: state=0, obs=0, action=2
2026-01-21 09:18:06 [    INFO] execute.pymdp.pymdp_simulation: Timestep 5: state=0, obs=0, action=2
2026-01-21 09:18:06 [    INFO] execute.pymdp.pymdp_simulation: Simulation completed in 0.02 seconds
PASSED                                                                   [ 31%]
src/tests/test_execute_pymdp_simulation.py::TestPyMDPUtils::test_numpy_conversion PASSED [ 32%]
src/tests/test_execute_pymdp_utils.py::TestNumpySerialization::test_convert_numpy_for_json PASSED [ 32%]
src/tests/test_execute_pymdp_utils.py::TestNumpySerialization::test_clean_trace_for_serialization PASSED [ 32%]
src/tests/test_execute_pymdp_utils.py::TestNumpySerialization::test_safe_json_dump PASSED [ 32%]
src/tests/test_execute_pymdp_utils.py::TestGNNParsing::test_parse_gnn_matrix_string PASSED [ 32%]
src/tests/test_execute_pymdp_utils.py::TestGNNParsing::test_parse_gnn_vector_string PASSED [ 32%]
src/tests/test_execute_pymdp_utils.py::TestGNNParsing::test_extract_gnn_dimensions PASSED [ 32%]
src/tests/test_execute_pymdp_utils.py::TestGNNParsing::test_validate_gnn_pomdp_structure PASSED [ 33%]
src/tests/test_execute_pymdp_utils.py::TestIntegration::test_save_simulation_results PASSED [ 33%]
src/tests/test_execute_pymdp_utils.py::test_numpy_serialization PASSED   [ 33%]
src/tests/test_execute_pymdp_utils.py::test_gnn_parsing PASSED           [ 33%]
src/tests/test_execute_pymdp_utils.py::test_integration PASSED           [ 33%]
src/tests/test_execute_pymdp_visualization_module.py::TestPyMDPVisualizationModule::test_visualizer_creation PASSED [ 33%]
src/tests/test_execute_pymdp_visualization_module.py::TestPyMDPVisualizationModule::test_discrete_state_visualization PASSED [ 33%]
src/tests/test_execute_pymdp_visualization_module.py::TestPyMDPVisualizationModule::test_belief_evolution_visualization PASSED [ 34%]
src/tests/test_execute_pymdp_visualization_module.py::TestPyMDPVisualizationModule::test_performance_metrics_visualization PASSED [ 34%]
src/tests/test_execute_pymdp_visualization_module.py::TestPyMDPVisualizationModule::test_action_sequence_visualization PASSED [ 34%]
src/tests/test_execute_pymdp_visualization_module.py::TestPyMDPVisualizationModule::test_observation_sequence_visualization PASSED [ 34%]
src/tests/test_execute_pymdp_visualization_module.py::test_visualizer PASSED [ 34%]
src/tests/test_execute_pymdp_visualization_module.py::test_pipeline_integration PASSED [ 34%]
src/tests/test_execute_pymdp_visualizer.py::TestPyMDPVisualizer::test_visualizer_creation PASSED [ 34%]
src/tests/test_execute_pymdp_visualizer.py::TestPyMDPVisualizer::test_visualizer_factory_creation PASSED [ 34%]
src/tests/test_execute_pymdp_visualizer.py::TestPyMDPVisualizer::test_discrete_state_visualization PASSED [ 35%]
src/tests/test_execute_pymdp_visualizer.py::TestPyMDPVisualizer::test_belief_visualization PASSED [ 35%]
src/tests/test_execute_pymdp_visualizer.py::TestPyMDPVisualizer::test_performance_metrics PASSED [ 35%]
src/tests/test_execute_pymdp_visualizer.py::TestPyMDPVisualizer::test_action_visualization PASSED [ 35%]
src/tests/test_execute_pymdp_visualizer.py::TestPyMDPVisualizer::test_observation_visualization PASSED [ 35%]
src/tests/test_execute_pymdp_visualizer.py::TestPyMDPVisualizer::test_episode_summary PASSED [ 35%]
src/tests/test_execute_pymdp_visualizer.py::TestPyMDPVisualizer::test_comprehensive_visualization PASSED [ 35%]
src/tests/test_execute_pymdp_visualizer.py::test_visualizer_creation PASSED [ 36%]
src/tests/test_execute_pymdp_visualizer.py::test_discrete_state_visualization PASSED [ 36%]
src/tests/test_execute_pymdp_visualizer.py::test_belief_visualization PASSED [ 36%]
src/tests/test_execute_pymdp_visualizer.py::test_performance_metrics PASSED [ 36%]
src/tests/test_execute_pymdp_visualizer.py::test_action_visualization PASSED [ 36%]
src/tests/test_execute_pymdp_visualizer.py::test_observation_visualization PASSED [ 36%]
src/tests/test_execute_pymdp_visualizer.py::test_episode_summary PASSED  [ 36%]
src/tests/test_execute_pymdp_visualizer.py::test_comprehensive_visualization PASSED [ 36%]
src/tests/test_export_overall.py::TestExportModuleComprehensive::test_export_module_imports PASSED [ 37%]
src/tests/test_export_overall.py::TestExportModuleComprehensive::test_exporter_instantiation PASSED [ 37%]
src/tests/test_export_overall.py::TestExportModuleComprehensive::test_multi_format_exporter_instantiation PASSED [ 37%]
src/tests/test_export_overall.py::TestExportModuleComprehensive::test_export_module_info PASSED [ 37%]
src/tests/test_export_overall.py::TestExportModuleComprehensive::test_supported_formats PASSED [ 37%]
src/tests/test_export_overall.py::TestExportFunctionality::test_export_gnn_model PASSED [ 37%]
src/tests/test_export_overall.py::TestExportFunctionality::test_export_format_validation PASSED [ 37%]
src/tests/test_export_overall.py::TestExportFunctionality::test_multi_format_export PASSED [ 38%]
src/tests/test_export_overall.py::TestExportIntegration::test_export_pipeline_integration PASSED [ 38%]
src/tests/test_export_overall.py::TestExportIntegration::test_export_mcp_integration PASSED [ 38%]
src/tests/test_export_overall.py::test_export_module_completeness PASSED [ 38%]
src/tests/test_fast_suite.py::TestFastEnvironment::test_python_environment PASSED [ 38%]
src/tests/test_fast_suite.py::TestFastEnvironment::test_test_configuration PASSED [ 38%]
src/tests/test_fast_suite.py::TestFastEnvironment::test_essential_directories PASSED [ 38%]
src/tests/test_fast_suite.py::TestFastGNNProcessing::test_gnn_module_import PASSED [ 38%]
src/tests/test_fast_suite.py::TestFastGNNProcessing::test_gnn_file_creation PASSED [ 39%]
src/tests/test_fast_suite.py::TestFastGNNProcessing::test_gnn_content_validation PASSED [ 39%]
src/tests/test_fast_suite.py::TestFastPipelineComponents::test_utils_module_import PASSED [ 39%]
src/tests/test_fast_suite.py::TestFastPipelineComponents::test_pipeline_module_import PASSED [ 39%]
src/tests/test_fast_suite.py::TestFastPipelineComponents::test_type_checker_import PASSED [ 39%]
src/tests/test_fast_suite.py::TestFastExport::test_export_module_import PASSED [ 39%]
src/tests/test_fast_suite.py::TestFastExport::test_basic_export_functionality PASSED [ 39%]
src/tests/test_fast_suite.py::TestFastVisualization::test_visualization_module_import PASSED [ 40%]
src/tests/test_fast_suite.py::TestFastRender::test_render_module_import PASSED [ 40%]
src/tests/test_fast_suite.py::TestFastExecute::test_execute_module_import PASSED [ 40%]
src/tests/test_fast_suite.py::TestFastLLM::test_llm_module_import PASSED [ 40%]
src/tests/test_fast_suite.py::TestFastMCP::test_mcp_module_import PASSED [ 40%]
src/tests/test_fast_suite.py::TestFastOntology::test_ontology_module_import PASSED [ 40%]
src/tests/test_fast_suite.py::TestFastSAPF::test_sapf_module_import PASSED [ 40%]
src/tests/test_fast_suite.py::TestFastWebsite::test_website_module_import PASSED [ 40%]
src/tests/test_fast_suite.py::TestFastIntegration::test_basic_pipeline_flow PASSED [ 41%]
src/tests/test_fast_suite.py::TestFastIntegration::test_test_environment_setup PASSED [ 41%]
src/tests/test_fast_suite.py::test_fast_suite_completeness 
-------------------------------- live log call ---------------------------------
2026-01-21 09:18:11 [    INFO] root: Fast test suite completeness validated
PASSED                                                                   [ 41%]
src/tests/test_gnn_overall.py::TestGNNCoreProcessor::test_core_processor_imports PASSED [ 41%]
src/tests/test_gnn_overall.py::TestGNNCoreProcessor::test_gnn_processor_basic_imports PASSED [ 41%]
src/tests/test_gnn_overall.py::TestGNNReporting::test_reporting_imports PASSED [ 41%]
src/tests/test_gnn_overall.py::TestGNNReporting::test_generate_report PASSED [ 41%]
src/tests/test_gnn_parsing.py::TestGNNDiscovery::test_discovery_imports PASSED [ 42%]
src/tests/test_gnn_parsing.py::TestGNNDiscovery::test_discover_gnn_files PASSED [ 42%]
src/tests/test_gnn_parsing.py::TestMarkdownParser::test_valid_parsing 
-------------------------------- live log call ---------------------------------
2026-01-21 09:18:11 [ WARNING] gnn.parsers.markdown_parser: Connection references unknown target variables: ['o']
PASSED                                                                   [ 42%]
src/tests/test_gnn_parsing.py::TestMarkdownParser::test_invalid_parsing PASSED [ 42%]
src/tests/test_gnn_parsing.py::TestMarkdownParser::test_empty_string PASSED [ 42%]
src/tests/test_gnn_parsing.py::TestScalaParser::test_valid_parsing PASSED [ 42%]
src/tests/test_gnn_parsing.py::TestLeanParser::test_valid_parsing PASSED [ 42%]
src/tests/test_gnn_parsing.py::TestCoqParser::test_valid_parsing PASSED  [ 43%]
src/tests/test_gnn_processing.py::TestGNNParsersSerializers::test_serializers_imports PASSED [ 43%]
src/tests/test_gnn_processing.py::TestGNNParsersSerializers::test_json_serializer_instance PASSED [ 43%]
src/tests/test_gnn_processing.py::TestGNNParsersSerializers::test_multiple_serializers_available PASSED [ 43%]
src/tests/test_gnn_validation.py::TestGNNValidation::test_validation_imports PASSED [ 43%]
src/tests/test_gnn_validation.py::TestGNNValidation::test_validate_gnn_structure_basic PASSED [ 43%]
src/tests/test_gnn_validation.py::TestGNNSimpleValidator::test_simple_validator_imports PASSED [ 43%]
src/tests/test_gnn_validation.py::TestGNNSimpleValidator::test_simple_validator_instantiation PASSED [ 43%]
src/tests/test_gnn_validation.py::TestGNNSimpleValidator::test_simple_validation PASSED [ 44%]
src/tests/test_gui_functionality.py::TestGUIFunctionality::test_headless_artifacts 
-------------------------------- live log call ---------------------------------
2026-01-21 09:18:11 [    INFO] gui: 📦 Running in HEADLESS mode - generating artifacts only (fast)
2026-01-21 09:18:11 [    INFO] gui: Processing GUI module for files in /var/folders/vc/rgmbpjpj0dbg61vr54xjskc80000gn/T/tmph0oc0_i_/input
2026-01-21 09:18:11 [    INFO] gui: Running GUI types: ['gui_1', 'gui_2']
2026-01-21 09:18:11 [    INFO] gui: Mode: HEADLESS
2026-01-21 09:18:11 [    INFO] gui: 🎮 Starting GUI 1: Form-based Interactive GNN Constructor
2026-01-21 09:18:11 [    INFO] gui: 📦 Running GUI 1 in HEADLESS mode - generating artifacts only
2026-01-21 09:18:11 [    INFO] gui: ✅ GUI 1 artifacts generated (headless). Export: /var/folders/vc/rgmbpjpj0dbg61vr54xjskc80000gn/T/tmph0oc0_i_/output/22_gui_output/constructed_model_gui1.md
2026-01-21 09:18:11 [    INFO] gui: ✅ GUI 1 completed successfully
2026-01-21 09:18:11 [    INFO] gui: 🎯 Starting GUI 2: Visual Matrix Editor
2026-01-21 09:18:11 [    INFO] gui: 📦 Running GUI 2 in HEADLESS mode - generating artifacts only
2026-01-21 09:18:11 [    INFO] gui: ✅ GUI 2 artifacts generated (headless). Export: /var/folders/vc/rgmbpjpj0dbg61vr54xjskc80000gn/T/tmph0oc0_i_/output/22_gui_output/visual_model_gui2.md
2026-01-21 09:18:11 [    INFO] gui: ✅ GUI 2 completed successfully
2026-01-21 09:18:11 [    INFO] gui: 📊 GUI processing summary saved to: /var/folders/vc/rgmbpjpj0dbg61vr54xjskc80000gn/T/tmph0oc0_i_/output/gui_processing_summary.json
2026-01-21 09:18:11 [    INFO] gui: Generating HTML navigation page for pipeline outputs
2026-01-21 09:18:11 [    INFO] gui: ✅ HTML navigation page generated: /var/folders/vc/rgmbpjpj0dbg61vr54xjskc80000gn/T/tmph0oc0_i_/output/navigation.html
2026-01-21 09:18:11 [    INFO] gui: ✅ HTML navigation page generated
PASSED                                                                   [ 44%]
src/tests/test_gui_overall.py::TestGUIModuleComprehensive::test_gui_markdown_helpers_imports PASSED [ 44%]
src/tests/test_gui_overall.py::TestGUIModuleComprehensive::test_add_component_and_parse PASSED [ 44%]
src/tests/test_gui_overall.py::TestGUIModuleComprehensive::test_update_states_append_and_replace PASSED [ 44%]
src/tests/test_gui_overall.py::TestGUIModuleComprehensive::test_remove_component PASSED [ 44%]
src/tests/test_integration_overall.py::TestIntegrationOverall::test_process_integration_flow 
-------------------------------- live log call ---------------------------------
2026-01-21 09:18:11 [    INFO] integration: 🚀 Starting step: Processing integration
2026-01-21 09:18:11 [    INFO] integration: ✅ integration processing completed successfully
PASSED                                                                   [ 44%]
src/tests/test_integration_overall.py::TestIntegrationOverall::test_process_integration_circular_dependency 
-------------------------------- live log call ---------------------------------
2026-01-21 09:18:11 [    INFO] integration: 🚀 Starting step: Processing integration
2026-01-21 09:18:11 [    INFO] integration: ✅ integration processing completed successfully
PASSED                                                                   [ 45%]
src/tests/test_integration_processor.py::TestProcessIntegration::test_process_empty_directory 
-------------------------------- live log call ---------------------------------
2026-01-21 09:18:11 [    INFO] integration: 🚀 Starting step: Processing integration
2026-01-21 09:18:11 [    INFO] integration: ✅ integration processing completed successfully
PASSED                                                                   [ 45%]
src/tests/test_integration_processor.py::TestProcessIntegration::test_process_with_gnn_files 
-------------------------------- live log call ---------------------------------
2026-01-21 09:18:11 [    INFO] integration: 🚀 Starting step: Processing integration
2026-01-21 09:18:11 [    INFO] integration: ✅ integration processing completed successfully
PASSED                                                                   [ 45%]
src/tests/test_integration_processor.py::TestProcessIntegration::test_process_multiple_files_with_references 
-------------------------------- live log call ---------------------------------
2026-01-21 09:18:11 [    INFO] integration: 🚀 Starting step: Processing integration
2026-01-21 09:18:11 [    INFO] integration: ✅ integration processing completed successfully
PASSED                                                                   [ 45%]
src/tests/test_integration_processor.py::TestProcessIntegration::test_circular_dependency_detection 
-------------------------------- live log call ---------------------------------
2026-01-21 09:18:11 [    INFO] integration: 🚀 Starting step: Processing integration
2026-01-21 09:18:11 [    INFO] integration: ✅ integration processing completed successfully
PASSED                                                                   [ 45%]
src/tests/test_integration_processor.py::TestProcessIntegration::test_undefined_reference_detection 
-------------------------------- live log call ---------------------------------
2026-01-21 09:18:11 [    INFO] integration: 🚀 Starting step: Processing integration
2026-01-21 09:18:11 [    INFO] integration: ✅ integration processing completed successfully
PASSED                                                                   [ 45%]
src/tests/test_integration_processor.py::TestProcessIntegration::test_summary_generation 
-------------------------------- live log call ---------------------------------
2026-01-21 09:18:11 [    INFO] integration: 🚀 Starting step: Processing integration
2026-01-21 09:18:11 [    INFO] integration: ✅ integration processing completed successfully
PASSED                                                                   [ 45%]
src/tests/test_integration_processor.py::TestProcessIntegrationErrorHandling::test_invalid_file_handling 
-------------------------------- live log call ---------------------------------
2026-01-21 09:18:11 [    INFO] integration: 🚀 Starting step: Processing integration
2026-01-21 09:18:11 [    INFO] integration: ✅ integration processing completed successfully
PASSED                                                                   [ 45%]
src/tests/test_integration_processor.py::TestProcessIntegrationErrorHandling::test_nonexistent_target_returns_gracefully 
-------------------------------- live log call ---------------------------------
2026-01-21 09:18:11 [    INFO] integration: 🚀 Starting step: Processing integration
2026-01-21 09:18:11 [    INFO] integration: ✅ integration processing completed successfully
PASSED                                                                   [ 46%]
src/tests/test_llm_ollama.py::test_import_ollama_provider PASSED         [ 46%]
src/tests/test_llm_ollama.py::test_ollama_provider_initialize 
-------------------------------- live log call ---------------------------------
2026-01-21 09:18:11 [    INFO] llm.providers.ollama_provider: Ollama provider initialized (CLI fallback)
PASSED                                                                   [ 46%]
src/tests/test_llm_ollama.py::test_ollama_simple_chat 
-------------------------------- live log call ---------------------------------
2026-01-21 09:18:11 [    INFO] llm.providers.ollama_provider: Ollama provider initialized (CLI fallback)
PASSED                                                                   [ 46%]
src/tests/test_llm_ollama.py::test_ollama_streaming 
-------------------------------- live log call ---------------------------------
2026-01-21 09:18:12 [    INFO] llm.providers.ollama_provider: Ollama provider initialized (CLI fallback)
PASSED                                                                   [ 46%]
src/tests/test_llm_ollama_integration.py::TestOllamaDetection::test_ollama_check_returns_tuple 
-------------------------------- live log call ---------------------------------
2026-01-21 09:18:12 [    INFO] test_ollama: 🔍 Found Ollama at: /opt/homebrew/bin/ollama
PASSED                                                                   [ 46%]
src/tests/test_llm_ollama_integration.py::TestOllamaDetection::test_ollama_detection_logging 
-------------------------------- live log call ---------------------------------
2026-01-21 09:18:12 [    INFO] test_ollama: 🔍 Found Ollama at: /opt/homebrew/bin/ollama
PASSED                                                                   [ 46%]
src/tests/test_llm_ollama_integration.py::TestOllamaDetection::test_ollama_model_listing 
-------------------------------- live log call ---------------------------------
2026-01-21 09:18:12 [    INFO] test_ollama: 🔍 Found Ollama at: /opt/homebrew/bin/ollama
PASSED                                                                   [ 47%]
src/tests/test_llm_ollama_integration.py::TestOllamaDetection::test_ollama_socket_check 
-------------------------------- live log call ---------------------------------
2026-01-21 09:18:12 [    INFO] test_ollama: 🔍 Found Ollama at: /opt/homebrew/bin/ollama
2026-01-21 09:18:12 [    INFO] test_ollama: ⚠️ Port 11434 open but detection returned False - API may be starting up
PASSED                                                                   [ 47%]
src/tests/test_llm_ollama_integration.py::TestOllamaModelSelection::test_model_selection_with_empty_list 
-------------------------------- live log call ---------------------------------
2026-01-21 09:18:12 [ WARNING] test_model_selection: ⚠️ No models found, defaulting to: ministral-3:3b
2026-01-21 09:18:12 [    INFO] test_model_selection:    Note: You may need to run: ollama pull ministral-3:3b
PASSED                                                                   [ 47%]
src/tests/test_llm_ollama_integration.py::TestOllamaModelSelection::test_model_selection_prefers_small_models 
-------------------------------- live log call ---------------------------------
2026-01-21 09:18:12 [    INFO] test_model_selection: 🎯 Selected model: llama2:7b
2026-01-21 09:18:12 [    INFO] test_model_selection: 🎯 Selected model: mistral:7b
2026-01-21 09:18:12 [    INFO] test_model_selection: 🎯 Selected model: gemma2:2b
PASSED                                                                   [ 47%]
src/tests/test_llm_ollama_integration.py::TestOllamaModelSelection::test_model_selection_respects_env_override 
-------------------------------- live log call ---------------------------------
2026-01-21 09:18:12 [    INFO] test_model_selection: 🎯 Using model from environment: my-custom-model:latest
PASSED                                                                   [ 47%]
src/tests/test_llm_ollama_integration.py::TestOllamaModelSelection::test_model_selection_logging 
-------------------------------- live log call ---------------------------------
2026-01-21 09:18:12 [    INFO] test_model_selection: 🎯 Selected model: llama2:7b
[...]
src/tests/test_pipeline_recovery.py::TestLightweightProcessingRecovery::test_gnn_lightweight_fallback PASSED [ 77%]
src/tests/test_pipeline_recovery.py::TestLightweightProcessingRecovery::test_lightweight_processing_output PASSED [ 77%]
src/tests/test_pipeline_recovery.py::TestHardwareInitializationRecovery::test_jax_cpu_fallback PASSED [ 77%]
src/tests/test_pipeline_recovery.py::TestHardwareInitializationRecovery::test_execution_hardware_recovery PASSED [ 77%]
src/tests/test_pipeline_recovery.py::TestResourceManagementRecovery::test_memory_limit_recovery PASSED [ 78%]
src/tests/test_pipeline_recovery.py::TestResourceManagementRecovery::test_disk_space_recovery PASSED [ 78%]
src/tests/test_pipeline_recovery.py::TestErrorReportingRecovery::test_error_collection PASSED [ 78%]
src/tests/test_pipeline_recovery.py::TestErrorReportingRecovery::test_error_recovery_logging PASSED [ 78%]
src/tests/test_pipeline_render_execute_analyze.py::TestExecuteAnalyzeIntegration::test_execution_results_analyzable PASSED [ 78%]
src/tests/test_pipeline_scripts.py::TestPipelineScriptDiscovery::test_all_pipeline_scripts_exist PASSED [ 78%]
src/tests/test_pipeline_scripts.py::TestPipelineScriptDiscovery::test_pipeline_script_structure[1_setup.py] PASSED [ 78%]
src/tests/test_pipeline_scripts.py::TestPipelineScriptDiscovery::test_pipeline_script_structure[2_tests.py] PASSED [ 79%]
src/tests/test_pipeline_scripts.py::TestPipelineScriptDiscovery::test_pipeline_script_structure[3_gnn.py] PASSED [ 79%]
src/tests/test_pipeline_scripts.py::TestPipelineScriptDiscovery::test_pipeline_script_structure[4_model_registry.py] PASSED [ 79%]
src/tests/test_pipeline_scripts.py::TestPipelineScriptDiscovery::test_pipeline_script_structure[5_type_checker.py] PASSED [ 79%]
src/tests/test_pipeline_scripts.py::TestPipelineScriptDiscovery::test_pipeline_script_structure[6_validation.py] PASSED [ 79%]
src/tests/test_pipeline_scripts.py::TestPipelineScriptDiscovery::test_pipeline_script_structure[7_export.py] PASSED [ 79%]
src/tests/test_pipeline_scripts.py::TestPipelineScriptDiscovery::test_pipeline_script_structure[8_visualization.py] PASSED [ 79%]
src/tests/test_pipeline_scripts.py::TestPipelineScriptDiscovery::test_pipeline_script_structure[9_advanced_viz.py] PASSED [ 79%]
src/tests/test_pipeline_scripts.py::TestPipelineScriptDiscovery::test_pipeline_script_structure[10_ontology.py] PASSED [ 80%]
src/tests/test_pipeline_scripts.py::TestPipelineScriptDiscovery::test_pipeline_script_structure[11_render.py] PASSED [ 80%]
src/tests/test_pipeline_scripts.py::TestPipelineScriptDiscovery::test_pipeline_script_structure[12_execute.py] PASSED [ 80%]
src/tests/test_pipeline_scripts.py::TestPipelineScriptDiscovery::test_pipeline_script_structure[13_llm.py] PASSED [ 80%]
src/tests/test_pipeline_scripts.py::TestPipelineScriptDiscovery::test_pipeline_script_structure[14_ml_integration.py] PASSED [ 80%]
src/tests/test_pipeline_scripts.py::TestPipelineScriptDiscovery::test_pipeline_script_structure[15_audio.py] PASSED [ 80%]
src/tests/test_pipeline_scripts.py::TestPipelineScriptDiscovery::test_pipeline_script_structure[16_analysis.py] PASSED [ 80%]
src/tests/test_pipeline_scripts.py::TestPipelineScriptDiscovery::test_pipeline_script_structure[17_integration.py] PASSED [ 81%]
src/tests/test_pipeline_scripts.py::TestPipelineScriptDiscovery::test_pipeline_script_structure[18_security.py] PASSED [ 81%]
src/tests/test_pipeline_scripts.py::TestPipelineScriptDiscovery::test_pipeline_script_structure[19_research.py] PASSED [ 81%]
src/tests/test_pipeline_scripts.py::TestPipelineScriptDiscovery::test_pipeline_script_structure[20_website.py] PASSED [ 81%]
src/tests/test_pipeline_scripts.py::TestPipelineScriptDiscovery::test_pipeline_script_structure[21_mcp.py] PASSED [ 81%]
src/tests/test_pipeline_scripts.py::TestPipelineScriptDiscovery::test_pipeline_script_structure[22_gui.py] PASSED [ 81%]
src/tests/test_pipeline_scripts.py::TestPipelineScriptDiscovery::test_pipeline_script_structure[23_report.py] PASSED [ 81%]
src/tests/test_pipeline_scripts.py::TestStep2GNNComprehensive::test_step2_gnn_file_discovery PASSED [ 81%]
src/tests/test_pipeline_scripts.py::TestStep2GNNComprehensive::test_step2_gnn_validation PASSED [ 82%]
src/tests/test_pipeline_scripts.py::TestStep1SetupComprehensive::test_step1_environment_validation PASSED [ 82%]
src/tests/test_pipeline_scripts.py::TestStep4TypeCheckerComprehensive::test_step4_type_checking PASSED [ 82%]
src/tests/test_pipeline_scripts.py::TestStep5ExportComprehensive::test_step5_export_formats PASSED [ 82%]
src/tests/test_pipeline_scripts.py::TestStep6VisualizationComprehensive::test_step6_visualization_generation PASSED [ 82%]
src/tests/test_pipeline_scripts.py::TestStep7MCPComprehensive::test_step7_mcp_tools PASSED [ 82%]
src/tests/test_pipeline_scripts.py::TestStep8OntologyComprehensive::test_step8_ontology_processing PASSED [ 82%]
src/tests/test_pipeline_scripts.py::TestStep9RenderComprehensive::test_step9_code_rendering PASSED [ 83%]
src/tests/test_pipeline_scripts.py::TestStep10ExecuteComprehensive::test_step10_execution_safety PASSED [ 83%]
src/tests/test_pipeline_scripts.py::TestStep11LLMComprehensive::test_step11_llm_operations PASSED [ 83%]
src/tests/test_pipeline_scripts.py::TestStep20WebsiteComprehensive::test_step20_website_generation PASSED [ 83%]
src/tests/test_pipeline_scripts.py::TestStep15AudioComprehensive::test_step15_audio_generation PASSED [ 83%]
src/tests/test_pipeline_scripts.py::TestStep14ReportComprehensive::test_step14_report_generation PASSED [ 83%]
src/tests/test_pipeline_scripts.py::test_pipeline_script_completeness PASSED [ 83%]
src/tests/test_pipeline_warnings_fix.py::TestPipelineWarningsFix::test_prerequisite_validation_correct_directories PASSED [ 84%]
src/tests/test_pipeline_warnings_fix.py::TestPipelineWarningsFix::test_prerequisite_validation_with_nested_directories PASSED [ 84%]
src/tests/test_pipeline_warnings_fix.py::TestPipelineWarningsFix::test_prerequisite_validation_missing_directory PASSED [ 84%]
src/tests/test_pipeline_warnings_fix.py::TestPipelineWarningsFix::test_get_output_dir_prevents_nesting PASSED [ 84%]
src/tests/test_pipeline_warnings_fix.py::TestPipelineWarningsFix::test_get_output_dir_all_steps PASSED [ 84%]
src/tests/test_pipeline_warnings_fix.py::TestPipelineWarningsFix::test_prerequisite_chain_validation PASSED [ 84%]
src/tests/test_pipeline_warnings_fix.py::TestPipelineWarningsFix::test_get_output_dir_with_path_object PASSED [ 84%]
src/tests/test_pipeline_warnings_fix.py::TestPipelineWarningsFix::test_get_output_dir_without_py_extension PASSED [ 84%]
src/tests/test_render_integration.py::TestRenderIntegration::test_get_module_info PASSED [ 85%]
src/tests/test_render_integration.py::TestRenderIntegration::test_get_available_renderers PASSED [ 85%]
src/tests/test_render_integration.py::TestRenderIntegration::test_process_render_workflow PASSED [ 85%]
src/tests/test_render_integration.py::TestRenderOutputStructure::test_render_output_follows_conventions PASSED [ 85%]
src/tests/test_render_integration.py::TestRenderOutputStructure::test_render_creates_documentation PASSED [ 85%]
src/tests/test_render_overall.py::TestRenderTargets::test_render_to_pymdp PASSED [ 85%]
src/tests/test_render_overall.py::TestRenderTargets::test_render_to_rxinfer_toml PASSED [ 85%]
src/tests/test_render_overall.py::TestRenderTargets::test_render_to_discopy PASSED [ 86%]
src/tests/test_render_overall.py::TestRenderTargets::test_render_to_discopy_combined PASSED [ 86%]
src/tests/test_render_overall.py::TestRenderTargets::test_render_to_activeinference_jl PASSED [ 86%]
src/tests/test_render_overall.py::TestRenderTargets::test_render_to_jax PASSED [ 86%]
src/tests/test_render_overall.py::TestRenderTargets::test_render_to_jax_pomdp PASSED [ 86%]
src/tests/test_report_overall.py::TestReportModuleComprehensive::test_report_module_imports PASSED [ 86%]
src/tests/test_report_overall.py::TestReportModuleComprehensive::test_report_generator_instantiation PASSED [ 86%]
src/tests/test_report_overall.py::TestReportModuleComprehensive::test_report_formatter_instantiation PASSED [ 86%]
src/tests/test_report_overall.py::TestReportModuleComprehensive::test_report_module_info PASSED [ 87%]
src/tests/test_report_overall.py::TestReportModuleComprehensive::test_report_formats PASSED [ 87%]
src/tests/test_report_overall.py::TestReportFunctionality::test_report_generation PASSED [ 87%]
src/tests/test_report_overall.py::TestReportFunctionality::test_report_formatting PASSED [ 87%]
src/tests/test_report_overall.py::TestReportFunctionality::test_report_validation PASSED [ 87%]
src/tests/test_report_overall.py::TestReportIntegration::test_report_pipeline_integration PASSED [ 87%]
src/tests/test_report_overall.py::TestReportIntegration::test_report_mcp_integration PASSED [ 87%]
src/tests/test_report_overall.py::test_report_module_completeness PASSED [ 88%]
src/tests/test_research_overall.py::TestResearchOverall::test_process_research_no_files PASSED [ 88%]
src/tests/test_security_overall.py::TestSecurityOverall::test_perform_security_check_clean PASSED [ 88%]
src/tests/test_security_overall.py::TestSecurityOverall::test_check_vulnerabilities_malicious PASSED [ 88%]
src/tests/test_type_checker_overall.py::TestTypeCheckerOverall::test_check_file_valid PASSED [ 88%]
src/tests/test_type_checker_overall.py::TestTypeCheckerOverall::test_check_file_strict_mode PASSED [ 88%]
src/tests/test_type_checker_overall.py::TestTypeCheckerOverall::test_check_file_with_errors PASSED [ 88%]
src/tests/test_type_checker_overall.py::TestTypeCheckerOverall::test_check_directory PASSED [ 88%]
src/tests/test_unit_overall.py::TestPathUtilities::test_project_root_detection PASSED [ 89%]
src/tests/test_unit_overall.py::TestPathUtilities::test_src_directory_exists PASSED [ 89%]
src/tests/test_unit_overall.py::TestModuleStructure::test_gnn_module_exports PASSED [ 89%]
src/tests/test_unit_overall.py::TestModuleStructure::test_export_module_exports PASSED [ 89%]
src/tests/test_unit_overall.py::TestModuleStructure::test_render_module_exports PASSED [ 89%]
src/tests/test_unit_overall.py::TestFeatureFlags::test_gnn_features_dict PASSED [ 89%]
src/tests/test_unit_overall.py::TestFeatureFlags::test_render_features_dict PASSED [ 89%]
src/tests/test_unit_overall.py::TestFeatureFlags::test_src_package_version PASSED [ 90%]
src/tests/test_uv_environment.py::TestUVAvailability::test_uv_cli_available PASSED [ 90%]
src/tests/test_uv_environment.py::TestUVAvailability::test_check_uv_availability_function PASSED [ 90%]
src/tests/test_uv_environment.py::TestUVAvailability::test_uv_version_compatible PASSED [ 90%]
src/tests/test_uv_environment.py::TestVirtualEnvironment::test_venv_exists PASSED [ 90%]
src/tests/test_uv_environment.py::TestVirtualEnvironment::test_venv_python_exists PASSED [ 90%]
src/tests/test_uv_environment.py::TestVirtualEnvironment::test_venv_python_executable PASSED [ 90%]
src/tests/test_uv_environment.py::TestVirtualEnvironment::test_venv_python_version_compatible PASSED [ 90%]
src/tests/test_uv_environment.py::TestProjectFiles::test_pyproject_toml_exists PASSED [ 91%]
src/tests/test_uv_environment.py::TestProjectFiles::test_uv_lock_exists PASSED [ 91%]
src/tests/test_uv_environment.py::TestProjectFiles::test_pyproject_toml_valid PASSED [ 91%]
src/tests/test_uv_environment.py::TestProjectFiles::test_uv_lock_not_empty PASSED [ 91%]
src/tests/test_uv_environment.py::TestDependencyManagement::test_get_installed_package_versions PASSED [ 91%]
src/tests/test_uv_environment.py::TestDependencyManagement::test_uv_pip_list_works PASSED [ 91%]
src/tests/test_uv_environment.py::TestDependencyManagement::test_uv_sync_check PASSED [ 91%]
src/tests/test_uv_environment.py::TestSystemRequirements::test_check_system_requirements PASSED [ 92%]
src/tests/test_uv_environment.py::TestSystemRequirements::test_validate_system_function PASSED [ 92%]
src/tests/test_uv_environment.py::TestUVSetupValidation::test_validate_uv_setup PASSED [ 92%]
src/tests/test_uv_environment.py::TestUVSetupValidation::test_get_uv_setup_info PASSED [ 92%]
src/tests/test_uv_environment.py::TestUVSetupValidation::test_get_uv_status PASSED [ 92%]
src/tests/test_uv_environment.py::TestEnvironmentHealth::test_check_environment_health PASSED [ 92%]
src/tests/test_uv_environment.py::TestEnvironmentHealth::test_get_environment_info PASSED [ 92%]
src/tests/test_uv_environment.py::TestOptionalGroups::test_optional_groups_defined PASSED [ 93%]
src/tests/test_uv_environment.py::TestOptionalGroups::test_optional_groups_have_descriptions PASSED [ 93%]
src/tests/test_uv_environment.py::TestOptionalGroups::test_expected_optional_groups_exist PASSED [ 93%]
src/tests/test_uv_environment.py::TestFeatureFlags::test_features_defined PASSED [ 93%]
src/tests/test_uv_environment.py::TestFeatureFlags::test_critical_features_enabled PASSED [ 93%]
src/tests/test_uv_environment.py::TestNativeUVFunctions::test_add_uv_dependency_function_exists PASSED [ 93%]
src/tests/test_uv_environment.py::TestNativeUVFunctions::test_remove_uv_dependency_function_exists PASSED [ 93%]
src/tests/test_uv_environment.py::TestNativeUVFunctions::test_update_uv_dependencies_function_exists PASSED [ 93%]
src/tests/test_uv_environment.py::TestNativeUVFunctions::test_lock_uv_dependencies_function_exists PASSED [ 94%]
src/tests/test_uv_environment.py::TestUVRunIntegration::test_uv_run_python PASSED [ 94%]
src/tests/test_uv_environment.py::TestUVRunIntegration::test_uv_run_module_import PASSED [ 94%]
src/tests/test_uv_environment.py::TestUVRunIntegration::test_uv_run_pytest PASSED [ 94%]
src/tests/test_uv_environment.py::TestUVCacheAndPerformance::test_uv_cache_dir_accessible PASSED [ 94%]
src/tests/test_uv_environment.py::TestUVCacheAndPerformance::test_uv_sync_fast PASSED [ 94%]
src/tests/test_validation_overall.py::TestValidationOverall::test_semantic_validator_valid_model PASSED [ 94%]
src/tests/test_validation_overall.py::TestValidationOverall::test_semantic_validator_invalid_model PASSED [ 95%]
src/tests/test_validation_overall.py::TestValidationOverall::test_process_semantic_validation_wrapper PASSED [ 95%]
src/tests/test_validation_overall.py::TestValidationOverall::test_validation_levels PASSED [ 95%]
src/tests/test_visualization_comprehensive.py::TestMatplotlibBackendConfiguration::test_backend_configuration_with_display SKIPPED [ 95%]
src/tests/test_visualization_comprehensive.py::TestMatplotlibBackendConfiguration::test_backend_configuration_headless SKIPPED [ 95%]
src/tests/test_visualization_comprehensive.py::TestVisualizationProcessing::test_visualization_main_success PASSED [ 95%]
src/tests/test_visualization_comprehensive.py::TestVisualizationProcessing::test_visualization_with_missing_gnn_data PASSED [ 95%]
src/tests/test_visualization_comprehensive.py::TestVisualizationProcessing::test_matrix_visualizer_with_real_parameters PASSED [ 95%]
src/tests/test_visualization_comprehensive.py::TestVisualizationProcessing::test_visualization_progress_tracking PASSED [ 96%]
src/tests/test_visualization_comprehensive.py::TestVisualizationProcessing::test_visualization_error_recovery PASSED [ 96%]
src/tests/test_visualization_comprehensive.py::TestVisualizationComponents::test_network_visualization_generation PASSED [ 96%]
src/tests/test_visualization_comprehensive.py::TestVisualizationComponents::test_combined_analysis_generation PASSED [ 96%]
src/tests/test_visualization_ontology.py::TestOntologyVisualizer::test_extract_ontology_mappings PASSED [ 96%]
src/tests/test_visualization_ontology.py::TestOntologyVisualizer::test_create_ontology_table PASSED [ 96%]
src/tests/test_visualization_ontology.py::TestOntologyVisualizer::test_visualize_directory PASSED [ 96%]
src/tests/test_visualization_overall.py::TestVisualizationModuleComprehensive::test_visualization_module_imports PASSED [ 97%]
src/tests/test_visualization_overall.py::TestVisualizationModuleComprehensive::test_matrix_visualizer_instantiation PASSED [ 97%]
src/tests/test_visualization_overall.py::TestVisualizationModuleComprehensive::test_graph_visualizer_instantiation PASSED [ 97%]
src/tests/test_visualization_overall.py::TestVisualizationModuleComprehensive::test_ontology_visualizer_instantiation PASSED [ 97%]
src/tests/test_visualization_overall.py::TestVisualizationModuleComprehensive::test_visualization_module_info PASSED [ 97%]
src/tests/test_visualization_overall.py::TestVisualizationModuleComprehensive::test_visualization_options PASSED [ 97%]
src/tests/test_visualization_overall.py::TestVisualizationFunctionality::test_matrix_visualization PASSED [ 97%]
src/tests/test_visualization_overall.py::TestVisualizationFunctionality::test_graph_visualization PASSED [ 97%]
src/tests/test_visualization_overall.py::TestVisualizationFunctionality::test_ontology_visualization PASSED [ 98%]
src/tests/test_visualization_overall.py::TestVisualizationIntegration::test_visualization_pipeline_integration PASSED [ 98%]
src/tests/test_visualization_overall.py::TestVisualizationIntegration::test_visualization_mcp_integration PASSED [ 98%]
src/tests/test_visualization_overall.py::test_visualization_module_completeness PASSED [ 98%]
src/tests/test_website_overall.py::TestWebsiteModuleComprehensive::test_website_module_imports PASSED [ 98%]
src/tests/test_website_overall.py::TestWebsiteModuleComprehensive::test_website_generator_instantiation PASSED [ 98%]
src/tests/test_website_overall.py::TestWebsiteModuleComprehensive::test_website_renderer_instantiation PASSED [ 98%]
src/tests/test_website_overall.py::TestWebsiteModuleComprehensive::test_website_module_info PASSED [ 99%]
src/tests/test_website_overall.py::TestWebsiteModuleComprehensive::test_supported_file_types PASSED [ 99%]
src/tests/test_website_overall.py::TestWebsiteFunctionality::test_website_generation PASSED [ 99%]
src/tests/test_website_overall.py::TestWebsiteFunctionality::test_html_rendering PASSED [ 99%]
src/tests/test_website_overall.py::TestWebsiteFunctionality::test_website_validation PASSED [ 99%]
src/tests/test_website_overall.py::TestWebsiteIntegration::test_website_pipeline_integration PASSED [ 99%]
src/tests/test_website_overall.py::TestWebsiteIntegration::test_website_mcp_integration PASSED [ 99%]
src/tests/test_website_overall.py::test_website_module_completeness PASSED [100%]

============================= slowest 10 durations =============================
5.83s call     src/tests/test_uv_environment.py::TestEnvironmentHealth::test_check_environment_health
2.91s call     src/tests/test_ml_integration_overall.py::TestMLIntegrationOverall::test_process_ml_integration_flow
1.61s call     src/tests/test_pipeline_performance.py::TestResourceScaling::test_resource_estimation
1.40s call     src/tests/test_pipeline_improvements_validation.py::TestDependencyValidationImprovements::test_improved_installation_instructions
1.30s call     src/tests/test_execute_pymdp_package.py::TestPyMDPPackageDetection::test_attempt_pymdp_auto_install
1.11s call     src/tests/test_pipeline_functionality.py::TestPipelineFunctionality::test_preflight_metrics
1.09s call     src/tests/test_pipeline_error_scenarios.py::TestResourceConstraintScenarios::test_concurrent_pipeline_execution
1.01s call     src/tests/test_pipeline_performance.py::TestNetworkOperationTiming::test_api_request_timing
1.00s call     src/tests/test_pipeline_infrastructure.py::TestUtilsResourceManager::test_resource_manager_class

(1 durations < 1s hidden.)
=========================== short test summary info ============================
SKIPPED [1] src/tests/test_visualization_comprehensive.py:32: Testing internal implementation - backend auto-configured
SKIPPED [1] src/tests/test_visualization_comprehensive.py:39: Testing internal implementation - backend auto-configured
================ 742 passed, 2 skipped, 54 deselected in 39.14s ================


STDERR:
DEBUG:2026-01-21 09:18:01,454:jax._src.path:41: etils.epath found. Using etils.epath for file I/O.
