============================= test session starts ==============================
created: 14/14 workers
14 workers [206 items]

............F.F.FF..FF.FF..F...sFFF...s.Fssss.s.ss.ssFs.Fss..s.F.F.FFFF. [ 34%]
FF.FFFFFFF
=================================== FAILURES ===================================
_______ TestPipelineFunctionality.test_audio_generation_produces_output ________
[gw10] darwin -- Python 3.13.5 /Users/4d/Documents/GitHub/GeneralizedNotationNotation/.venv/bin/python
src/tests/test_pipeline_functionality.py:81: in test_audio_generation_produces_output
    assert audio_dir.exists(), "Audio output directory should exist"
E   AssertionError: Audio output directory should exist
E   assert False
E    +  where False = exists()
E    +    where exists = PosixPath('output/audio_processing_step/audio_results').exists
________ TestPipelineFunctionality.test_visualization_generates_images _________
[gw9] darwin -- Python 3.13.5 /Users/4d/Documents/GitHub/GeneralizedNotationNotation/.venv/bin/python
src/tests/test_pipeline_functionality.py:26: in test_visualization_generates_images
    assert len(png_files) > 0, f"Should generate PNG files. Found: {list(viz_dir.iterdir())}"
E   AssertionError: Should generate PNG files. Found: []
E   assert 0 > 0
E    +  where 0 = len([])
________ TestPipelineFunctionality.test_pipeline_results_are_valid_json ________
[gw10] darwin -- Python 3.13.5 /Users/4d/Documents/GitHub/GeneralizedNotationNotation/.venv/bin/python
src/tests/test_pipeline_functionality.py:102: in test_pipeline_results_are_valid_json
    assert path.exists(), f"Result file should exist: {result_file}"
E   AssertionError: Result file should exist: output/type_check/type_check_results.json
E   assert False
E    +  where False = exists()
E    +    where exists = PosixPath('output/type_check/type_check_results.json').exists
______ TestPipelineFunctionality.test_core_pipeline_functionality_metrics ______
[gw11] darwin -- Python 3.13.5 /Users/4d/Documents/GitHub/GeneralizedNotationNotation/.venv/bin/python
src/tests/test_pipeline_functionality.py:138: in test_core_pipeline_functionality_metrics
    assert total_outputs > 10, f"Pipeline should generate substantial output. Found: {total_outputs} files"
E   AssertionError: Pipeline should generate substantial output. Found: 2 files
E   assert 2 > 10
___________ TestPipelineScriptDiscovery.test_pipeline_script_sorting ___________
[gw2] darwin -- Python 3.13.5 /Users/4d/Documents/GitHub/GeneralizedNotationNotation/.venv/bin/python
src/tests/test_main_orchestrator.py:225: in test_pipeline_script_sorting
    assert actual_order == expected_order, f"Scripts should be sorted correctly: {actual_order}"
E   AssertionError: Scripts should be sorted correctly: [1, 2, 3, 13, 14]
E   assert [1, 2, 3, 13, 14] == [1, 2, 3, 13]
E     
E     Left contains one more item: 14
E     Use -v to get more diff
______ TestConfigurationValidation.test_environment_variable_consistency _______
[gw7] darwin -- Python 3.13.5 /Users/4d/Documents/GitHub/GeneralizedNotationNotation/.venv/bin/python
src/tests/test_main_orchestrator.py:617: in test_environment_variable_consistency
    assert actual_value == expected_value, \
E   AssertionError: Environment variable GNN_SAFE_MODE should be true, got None
E   assert None == 'true'
_____ TestPipelineFunctionality.test_gnn_processing_generates_parsed_data ______
[gw9] darwin -- Python 3.13.5 /Users/4d/Documents/GitHub/GeneralizedNotationNotation/.venv/bin/python
src/tests/test_pipeline_functionality.py:52: in test_gnn_processing_generates_parsed_data
    assert len(data["variables"]) > 0, "Should parse variables from GNN file"
           ^^^^^^^^^^^^^^^^^^^^^^
E   TypeError: object of type 'int' has no len()
______ TestPipelineFunctionality.test_visualization_results_show_success _______
[gw10] darwin -- Python 3.13.5 /Users/4d/Documents/GitHub/GeneralizedNotationNotation/.venv/bin/python
src/tests/test_pipeline_functionality.py:117: in test_visualization_results_show_success
    summary = results["summary"]
              ^^^^^^^^^^^^^^^^^^
E   KeyError: 'summary'
__________________ TestArgumentParsing.test_argument_defaults __________________
[gw1] darwin -- Python 3.13.5 /Users/4d/Documents/GitHub/GeneralizedNotationNotation/.venv/bin/python
src/tests/test_main_orchestrator.py:163: in test_argument_defaults
    assert sample_args["recursive"] is False, "recursive should be False for testing"
E   AssertionError: recursive should be False for testing
E   assert True is False
___________ TestEndToEndIntegration.test_minimal_pipeline_execution ____________
[gw7] darwin -- Python 3.13.5 /Users/4d/Documents/GitHub/GeneralizedNotationNotation/.venv/bin/python
src/tests/test_main_orchestrator.py:645: in test_minimal_pipeline_execution
    "--output-dir", str(env['temp_dir'])
                        ^^^^^^^^^^^^^^^
E   KeyError: 'temp_dir'
___________ TestPipelineCoordination.test_pipeline_coordination_flow ___________
[gw4] darwin -- Python 3.13.5 /Users/4d/Documents/GitHub/GeneralizedNotationNotation/.venv/bin/python
src/tests/test_main_orchestrator.py:354: in test_pipeline_coordination_flow
    "--output-dir", str(env['temp_dir'])
                        ^^^^^^^^^^^^^^^
E   KeyError: 'temp_dir'
______ TestPipelineFunctionality.test_multi_format_export_generates_files ______
[gw9] darwin -- Python 3.13.5 /Users/4d/Documents/GitHub/GeneralizedNotationNotation/.venv/bin/python
src/tests/test_pipeline_functionality.py:68: in test_multi_format_export_generates_files
    assert len(export_files) > 3, f"Should export multiple formats. Found: {len(export_files)} files"
E   AssertionError: Should export multiple formats. Found: 1 files
E   assert 1 > 3
E    +  where 1 = len([PosixPath('output/gnn_exports/actinf_pomdp_agent/export.json')])
_________________ TestResourceScaling.test_pipeline_scaling[1] _________________
[gw0] darwin -- Python 3.13.5 /Users/4d/Documents/GitHub/GeneralizedNotationNotation/.venv/bin/python
src/tests/test_pipeline_performance.py:304: in test_pipeline_scaling
    from main import run_pipeline
E   ImportError: cannot import name 'run_pipeline' from 'main' (/Users/4d/Documents/GitHub/GeneralizedNotationNotation/src/main.py)
_________________ TestResourceScaling.test_resource_estimation _________________
[gw12] darwin -- Python 3.13.5 /Users/4d/Documents/GitHub/GeneralizedNotationNotation/.venv/bin/python
src/tests/test_pipeline_performance.py:329: in test_resource_estimation
    result = run_pipeline(
             ^^^^^^^^^^^^
E   NameError: name 'run_pipeline' is not defined
________________ TestResourceScaling.test_pipeline_scaling[10] _________________
[gw0] darwin -- Python 3.13.5 /Users/4d/Documents/GitHub/GeneralizedNotationNotation/.venv/bin/python
src/tests/test_pipeline_performance.py:304: in test_pipeline_scaling
    from main import run_pipeline
E   ImportError: cannot import name 'run_pipeline' from 'main' (/Users/4d/Documents/GitHub/GeneralizedNotationNotation/src/main.py)
________________ TestResourceScaling.test_pipeline_scaling[100] ________________
[gw0] darwin -- Python 3.13.5 /Users/4d/Documents/GitHub/GeneralizedNotationNotation/.venv/bin/python
src/tests/test_pipeline_performance.py:304: in test_pipeline_scaling
    from main import run_pipeline
E   ImportError: cannot import name 'run_pipeline' from 'main' (/Users/4d/Documents/GitHub/GeneralizedNotationNotation/src/main.py)
________________ TestDiskIOPerformance.test_export_performance _________________
[gw9] darwin -- Python 3.13.5 /Users/4d/Documents/GitHub/GeneralizedNotationNotation/.venv/bin/python
src/tests/test_pipeline_performance.py:254: in test_export_performance
    from export import export_model
E   ImportError: cannot import name 'export_model' from 'export' (/Users/4d/Documents/GitHub/GeneralizedNotationNotation/src/export/__init__.py). Did you mean: 'export_to_xml'?
______________ TestNetworkOperationTiming.test_api_request_timing ______________
[gw9] darwin -- Python 3.13.5 /Users/4d/Documents/GitHub/GeneralizedNotationNotation/.venv/bin/python
src/tests/test_pipeline_performance.py:275: in test_api_request_timing
    from utils.network_utils import timed_request
E   ModuleNotFoundError: No module named 'utils.network_utils'
__________ TestNetworkOperationTiming.test_batch_request_performance ___________
[gw9] darwin -- Python 3.13.5 /Users/4d/Documents/GitHub/GeneralizedNotationNotation/.venv/bin/python
src/tests/test_pipeline_performance.py:286: in test_batch_request_performance
    from utils.network_utils import batch_request
E   ModuleNotFoundError: No module named 'utils.network_utils'
_________ TestGNNProcessingPerformance.test_processing_scaling[small] __________
[gw10] darwin -- Python 3.13.5 /Users/4d/Documents/GitHub/GeneralizedNotationNotation/.venv/bin/python
src/tests/test_pipeline_performance.py:120: in test_processing_scaling
    assert tracker.max_memory_mb < THRESHOLDS[f"{model_size}_model"]["memory_usage"]
           ^^^^^^^^^^^^^^^^^^^^^
E   AttributeError: 'PerformanceTracker' object has no attribute 'max_memory_mb'
_________ TestGNNProcessingPerformance.test_processing_scaling[medium] _________
[gw10] darwin -- Python 3.13.5 /Users/4d/Documents/GitHub/GeneralizedNotationNotation/.venv/bin/python
src/tests/test_pipeline_performance.py:120: in test_processing_scaling
    assert tracker.max_memory_mb < THRESHOLDS[f"{model_size}_model"]["memory_usage"]
           ^^^^^^^^^^^^^^^^^^^^^
E   AttributeError: 'PerformanceTracker' object has no attribute 'max_memory_mb'
_________ TestGNNProcessingPerformance.test_processing_scaling[large] __________
[gw10] darwin -- Python 3.13.5 /Users/4d/Documents/GitHub/GeneralizedNotationNotation/.venv/bin/python
src/tests/test_pipeline_performance.py:120: in test_processing_scaling
    assert tracker.max_memory_mb < THRESHOLDS[f"{model_size}_model"]["memory_usage"]
           ^^^^^^^^^^^^^^^^^^^^^
E   AttributeError: 'PerformanceTracker' object has no attribute 'max_memory_mb'
____________ TestGNNProcessingPerformance.test_parallel_processing _____________
[gw10] darwin -- Python 3.13.5 /Users/4d/Documents/GitHub/GeneralizedNotationNotation/.venv/bin/python
src/tests/test_pipeline_performance.py:138: in test_parallel_processing
    assert len(result["processed_files"]) == 2
E   assert 0 == 2
E    +  where 0 = len([])
______________ TestDiskIOPerformance.test_file_write_performance _______________
[gw2] darwin -- Python 3.13.5 /Users/4d/Documents/GitHub/GeneralizedNotationNotation/.venv/bin/python
src/tests/test_pipeline_performance.py:235: in test_file_write_performance
    from utils.io_utils import batch_write_files
E   ModuleNotFoundError: No module named 'utils.io_utils'
____________ TestRecursionErrorRecovery.test_numpy_import_recovery _____________
[gw12] darwin -- Python 3.13.5 /Users/4d/Documents/GitHub/GeneralizedNotationNotation/.venv/bin/python
src/tests/test_pipeline_recovery.py:72: in test_numpy_import_recovery
    with patch('numpy.typing._array_like', side_effect=RecursionError):
         ^^^^^^^^^^^^^^^^^^^^^^^^^^^^^^^^^^^^^^^^^^^^^^^^^^^^^^^^^^^^^
/opt/homebrew/Cellar/python@3.13/3.13.5/Frameworks/Python.framework/Versions/3.13/lib/python3.13/unittest/mock.py:1497: in __enter__
    original, local = self.get_original()
                      ^^^^^^^^^^^^^^^^^^^
/opt/homebrew/Cellar/python@3.13/3.13.5/Frameworks/Python.framework/Versions/3.13/lib/python3.13/unittest/mock.py:1467: in get_original
    raise AttributeError(
E   AttributeError: <module 'numpy.typing' from '/Users/4d/Documents/GitHub/GeneralizedNotationNotation/.venv/lib/python3.13/site-packages/numpy/typing/__init__.py'> does not have the attribute '_array_like'
_____________ TestRecursionErrorRecovery.test_render_step_recovery _____________
[gw12] darwin -- Python 3.13.5 /Users/4d/Documents/GitHub/GeneralizedNotationNotation/.venv/bin/python
src/tests/test_pipeline_recovery.py:86: in test_render_step_recovery
    result = render_gnn_files(
E   TypeError: render_gnn_files() missing 1 required positional argument: 'logger'
----------------------------- Captured stdout call -----------------------------
2025-07-28 07:41:47,816 [72593ad4:X_step_name] root - WARNING - DisCoPy renderer not available: cannot import name 'render_gnn_to_discopy_jax' from 'render.discopy.discopy_renderer' (/Users/4d/Documents/GitHub/GeneralizedNotationNotation/src/render/discopy/discopy_renderer.py)
------------------------------ Captured log call -------------------------------
WARNING  root:render.py:37 DisCoPy renderer not available: cannot import name 'render_gnn_to_discopy_jax' from 'render.discopy.discopy_renderer' (/Users/4d/Documents/GitHub/GeneralizedNotationNotation/src/render/discopy/discopy_renderer.py)
________ TestVisualizationPerformance.test_visualization_scaling[small] ________
[gw7] darwin -- Python 3.13.5 /Users/4d/Documents/GitHub/GeneralizedNotationNotation/.venv/bin/python
src/tests/test_pipeline_performance.py:161: in test_visualization_scaling
    assert result["status"] == "SUCCESS"
           ^^^^^^^^^^^^^^^^
E   TypeError: 'bool' object is not subscriptable
----------------------------- Captured stdout call -----------------------------
2025-07-28 07:41:49,140 [2fbf7eb6:utils] visualization - INFO - üöÄ Processing comprehensive visualization
2025-07-28 07:41:49,140 [2fbf7eb6:utils] visualization - WARNING - ‚ö†Ô∏è No GNN files found for visualization
_______ TestVisualizationPerformance.test_visualization_scaling[medium] ________
[gw7] darwin -- Python 3.13.5 /Users/4d/Documents/GitHub/GeneralizedNotationNotation/.venv/bin/python
src/tests/test_pipeline_performance.py:161: in test_visualization_scaling
    assert result["status"] == "SUCCESS"
           ^^^^^^^^^^^^^^^^
E   TypeError: 'bool' object is not subscriptable
----------------------------- Captured stdout call -----------------------------
2025-07-28 07:41:49,146 [2fbf7eb6:utils] visualization - INFO - üöÄ Processing comprehensive visualization
2025-07-28 07:41:49,146 [2fbf7eb6:utils] visualization - WARNING - ‚ö†Ô∏è No GNN files found for visualization
------------------------------ Captured log call -------------------------------
INFO     visualization:pipeline_template.py:46 üöÄ Processing comprehensive visualization
WARNING  visualization:pipeline_template.py:48 ‚ö†Ô∏è No GNN files found for visualization
________ TestVisualizationPerformance.test_visualization_scaling[large] ________
[gw7] darwin -- Python 3.13.5 /Users/4d/Documents/GitHub/GeneralizedNotationNotation/.venv/bin/python
src/tests/test_pipeline_performance.py:161: in test_visualization_scaling
    assert result["status"] == "SUCCESS"
           ^^^^^^^^^^^^^^^^
E   TypeError: 'bool' object is not subscriptable
----------------------------- Captured stdout call -----------------------------
2025-07-28 07:41:49,153 [2fbf7eb6:utils] visualization - INFO - üöÄ Processing comprehensive visualization
2025-07-28 07:41:49,153 [2fbf7eb6:utils] visualization - WARNING - ‚ö†Ô∏è No GNN files found for visualization
------------------------------ Captured log call -------------------------------
INFO     visualization:pipeline_template.py:46 üöÄ Processing comprehensive visualization
WARNING  visualization:pipeline_template.py:48 ‚ö†Ô∏è No GNN files found for visualization
___________ TestVisualizationPerformance.test_visualization_caching ____________
[gw7] darwin -- Python 3.13.5 /Users/4d/Documents/GitHub/GeneralizedNotationNotation/.venv/bin/python
src/tests/test_pipeline_performance.py:185: in test_visualization_caching
    assert result_1["status"] == result_2["status"] == "SUCCESS"
           ^^^^^^^^^^^^^^^^^^
E   TypeError: 'bool' object is not subscriptable
----------------------------- Captured stdout call -----------------------------
2025-07-28 07:41:49,160 [2fbf7eb6:utils] visualization - INFO - üöÄ Processing comprehensive visualization
2025-07-28 07:41:49,160 [2fbf7eb6:utils] visualization - WARNING - ‚ö†Ô∏è No GNN files found for visualization
2025-07-28 07:41:49,161 [2fbf7eb6:utils] visualization - INFO - üöÄ Processing comprehensive visualization
2025-07-28 07:41:49,161 [2fbf7eb6:utils] visualization - WARNING - ‚ö†Ô∏è No GNN files found for visualization
------------------------------ Captured log call -------------------------------
INFO     visualization:pipeline_template.py:46 üöÄ Processing comprehensive visualization
WARNING  visualization:pipeline_template.py:48 ‚ö†Ô∏è No GNN files found for visualization
INFO     visualization:pipeline_template.py:46 üöÄ Processing comprehensive visualization
WARNING  visualization:pipeline_template.py:48 ‚ö†Ô∏è No GNN files found for visualization
=============================== warnings summary ===============================
src/tests/test_main_orchestrator.py:36: 14 warnings
  /Users/4d/Documents/GitHub/GeneralizedNotationNotation/src/tests/test_main_orchestrator.py:36: PytestUnknownMarkWarning: Unknown pytest.mark.main_orchestrator - is this a typo?  You can register custom marks to avoid this warning - for details, see https://docs.pytest.org/en/stable/how-to/mark.html
    pytestmark = [pytest.mark.main_orchestrator, pytest.mark.safe_to_fail]

src/tests/test_pipeline_infrastructure.py:27: 14 warnings
  /Users/4d/Documents/GitHub/GeneralizedNotationNotation/src/tests/test_pipeline_infrastructure.py:27: PytestUnknownMarkWarning: Unknown pytest.mark.pipeline - is this a typo?  You can register custom marks to avoid this warning - for details, see https://docs.pytest.org/en/stable/how-to/mark.html
    pytestmark = [pytest.mark.pipeline, pytest.mark.safe_to_fail, pytest.mark.fast]

src/tests/test_pipeline_recovery.py:39: 14 warnings
  /Users/4d/Documents/GitHub/GeneralizedNotationNotation/src/tests/test_pipeline_recovery.py:39: PytestUnknownMarkWarning: Unknown pytest.mark.recovery - is this a typo?  You can register custom marks to avoid this warning - for details, see https://docs.pytest.org/en/stable/how-to/mark.html
    pytestmark = [pytest.mark.recovery, pytest.mark.safe_to_fail]

src/tests/test_pipeline_scripts.py:34: 14 warnings
  /Users/4d/Documents/GitHub/GeneralizedNotationNotation/src/tests/test_pipeline_scripts.py:34: PytestUnknownMarkWarning: Unknown pytest.mark.pipeline - is this a typo?  You can register custom marks to avoid this warning - for details, see https://docs.pytest.org/en/stable/how-to/mark.html
    pytestmark = [pytest.mark.pipeline, pytest.mark.safe_to_fail]

src/tests/test_pipeline_steps.py:32: 14 warnings
  /Users/4d/Documents/GitHub/GeneralizedNotationNotation/src/tests/test_pipeline_steps.py:32: PytestUnknownMarkWarning: Unknown pytest.mark.pipeline - is this a typo?  You can register custom marks to avoid this warning - for details, see https://docs.pytest.org/en/stable/how-to/mark.html
    pytestmark = [pytest.mark.pipeline, pytest.mark.safe_to_fail]

-- Docs: https://docs.pytest.org/en/stable/how-to/capture-warnings.html
============================= slowest 10 durations =============================
1.66s call     src/tests/test_pipeline_performance.py::TestVisualizationPerformance::test_visualization_scaling[small]
0.13s call     src/tests/test_pipeline_performance.py::TestMemoryUsagePatterns::test_peak_memory_tracking
0.11s call     src/tests/test_pipeline_recovery.py::TestRecursionErrorRecovery::test_numpy_import_recovery
0.10s call     src/tests/test_pipeline_recovery.py::TestRecursionErrorRecovery::test_render_step_recovery
0.10s call     src/tests/test_pipeline_performance.py::TestMemoryUsagePatterns::test_memory_cleanup
0.08s call     src/tests/test_pipeline_performance.py::TestGNNProcessingPerformance::test_processing_scaling[small]
0.06s call     src/tests/test_pipeline_infrastructure.py::TestPipelineDiscovery::test_discovery_imports
0.06s call     src/tests/test_pipeline_infrastructure.py::TestPipelineStepTemplate::test_create_step_template
0.03s call     src/tests/test_pipeline_infrastructure.py::TestPipelineDiscovery::test_discover_steps
0.03s call     src/tests/test_pipeline_infrastructure.py::TestPipelineValidation::test_check_step_dependencies
=========================== short test summary info ============================
FAILED src/tests/test_pipeline_functionality.py::TestPipelineFunctionality::test_audio_generation_produces_output
FAILED src/tests/test_pipeline_functionality.py::TestPipelineFunctionality::test_visualization_generates_images
FAILED src/tests/test_pipeline_functionality.py::TestPipelineFunctionality::test_pipeline_results_are_valid_json
FAILED src/tests/test_pipeline_functionality.py::TestPipelineFunctionality::test_core_pipeline_functionality_metrics
FAILED src/tests/test_main_orchestrator.py::TestPipelineScriptDiscovery::test_pipeline_script_sorting
FAILED src/tests/test_main_orchestrator.py::TestConfigurationValidation::test_environment_variable_consistency
FAILED src/tests/test_pipeline_functionality.py::TestPipelineFunctionality::test_gnn_processing_generates_parsed_data
FAILED src/tests/test_pipeline_functionality.py::TestPipelineFunctionality::test_visualization_results_show_success
FAILED src/tests/test_main_orchestrator.py::TestArgumentParsing::test_argument_defaults
FAILED src/tests/test_main_orchestrator.py::TestEndToEndIntegration::test_minimal_pipeline_execution
FAILED src/tests/test_main_orchestrator.py::TestPipelineCoordination::test_pipeline_coordination_flow
FAILED src/tests/test_pipeline_functionality.py::TestPipelineFunctionality::test_multi_format_export_generates_files
FAILED src/tests/test_pipeline_performance.py::TestResourceScaling::test_pipeline_scaling[1]
FAILED src/tests/test_pipeline_performance.py::TestResourceScaling::test_resource_estimation
FAILED src/tests/test_pipeline_performance.py::TestResourceScaling::test_pipeline_scaling[10]
FAILED src/tests/test_pipeline_performance.py::TestResourceScaling::test_pipeline_scaling[100]
FAILED src/tests/test_pipeline_performance.py::TestDiskIOPerformance::test_export_performance
FAILED src/tests/test_pipeline_performance.py::TestNetworkOperationTiming::test_api_request_timing
FAILED src/tests/test_pipeline_performance.py::TestNetworkOperationTiming::test_batch_request_performance
FAILED src/tests/test_pipeline_performance.py::TestGNNProcessingPerformance::test_processing_scaling[small]
FAILED src/tests/test_pipeline_performance.py::TestGNNProcessingPerformance::test_processing_scaling[medium]
FAILED src/tests/test_pipeline_performance.py::TestGNNProcessingPerformance::test_processing_scaling[large]
FAILED src/tests/test_pipeline_performance.py::TestGNNProcessingPerformance::test_parallel_processing
FAILED src/tests/test_pipeline_performance.py::TestDiskIOPerformance::test_file_write_performance
FAILED src/tests/test_pipeline_recovery.py::TestRecursionErrorRecovery::test_numpy_import_recovery
FAILED src/tests/test_pipeline_recovery.py::TestRecursionErrorRecovery::test_render_step_recovery
FAILED src/tests/test_pipeline_performance.py::TestVisualizationPerformance::test_visualization_scaling[small]
FAILED src/tests/test_pipeline_performance.py::TestVisualizationPerformance::test_visualization_scaling[medium]
FAILED src/tests/test_pipeline_performance.py::TestVisualizationPerformance::test_visualization_scaling[large]
FAILED src/tests/test_pipeline_performance.py::TestVisualizationPerformance::test_visualization_caching
!!!!!!!!!!!!!!!!!!!!!!!!!! stopping after 30 failures !!!!!!!!!!!!!!!!!!!!!!!!!!
!!!!!!!!!!!! xdist.dsession.Interrupted: stopping after 10 failures !!!!!!!!!!!!
============ 30 failed, 37 passed, 15 skipped, 70 warnings in 3.42s ============
