============================= test session starts ==============================
platform linux -- Python 3.11.7, pytest-8.4.1, pluggy-1.6.0 -- /home/trim/Documents/GitHub/GeneralizedNotationNotation/.venv/bin/python
cachedir: .pytest_cache
benchmark: 5.1.0 (defaults: timer=time.perf_counter disable_gc=False min_rounds=5 min_time=0.000005 max_time=1.0 calibration_precision=10 warmup=False warmup_iterations=100000)
metadata: {'Python': '3.11.7', 'Platform': 'Linux-6.12.10-76061203-generic-x86_64-with-glibc2.35', 'Packages': {'pytest': '8.4.1', 'pluggy': '1.6.0'}, 'Plugins': {'cov': '6.2.1', 'timeout': '2.4.0', 'asyncio': '1.1.0', 'benchmark': '5.1.0', 'xdist': '3.8.0', 'sugar': '1.0.0', 'metadata': '3.1.1', 'anyio': '4.10.0', 'mock': '3.14.1', 'json-report': '1.5.0'}}
rootdir: /home/trim/Documents/GitHub/GeneralizedNotationNotation
configfile: pytest.ini
plugins: cov-6.2.1, timeout-2.4.0, asyncio-1.1.0, benchmark-5.1.0, xdist-3.8.0, sugar-1.0.0, metadata-3.1.1, anyio-4.10.0, mock-3.14.1, json-report-1.5.0
asyncio: mode=Mode.STRICT, asyncio_default_fixture_loop_scope=None, asyncio_default_test_loop_scope=function
collecting ... collected 475 items

src/tests/test_audio_generation.py::TestAudioGeneration::test_audio_import_available PASSED
src/tests/test_audio_generation.py::TestAudioGeneration::test_sapf_audio_generation PASSED
src/tests/test_audio_generation.py::TestAudioGeneration::test_pedalboard_audio_generation PASSED
src/tests/test_audio_generation.py::TestAudioGeneration::test_audio_format_conversion PASSED
src/tests/test_audio_generation.py::TestAudioGeneration::test_audio_parameter_validation PASSED
src/tests/test_audio_generation.py::TestAudioGeneration::test_audio_error_handling PASSED
src/tests/test_audio_generation.py::TestAudioGeneration::test_audio_performance PASSED
src/tests/test_audio_generation.py::TestAudioGeneration::test_audio_memory_usage PASSED
src/tests/test_audio_generation.py::TestAudioGeneration::test_audio_quality_metrics PASSED
src/tests/test_audio_generation.py::TestAudioGeneration::test_audio_file_operations PASSED
src/tests/test_audio_generation.py::TestAudioGeneration::test_audio_backend_selection PASSED
src/tests/test_audio_generation.py::TestAudioGeneration::test_audio_concurrent_generation PASSED
src/tests/test_audio_overall.py::TestAudioModuleComprehensive::test_audio_module_imports PASSED
src/tests/test_audio_overall.py::TestAudioModuleComprehensive::test_audio_generator_instantiation PASSED
src/tests/test_audio_overall.py::TestAudioModuleComprehensive::test_sapf_processor_instantiation PASSED
src/tests/test_audio_overall.py::TestAudioModuleComprehensive::test_pedalboard_processor_instantiation PASSED
src/tests/test_audio_overall.py::TestAudioModuleComprehensive::test_audio_module_info PASSED
src/tests/test_audio_overall.py::TestAudioModuleComprehensive::test_audio_generation_options PASSED
src/tests/test_audio_overall.py::TestAudioProcessing::test_gnn_to_audio_conversion PASSED
src/tests/test_audio_overall.py::TestAudioProcessing::test_audio_validation PASSED
src/tests/test_audio_overall.py::TestAudioProcessing::test_audio_generation PASSED
src/tests/test_audio_overall.py::TestAudioIntegration::test_audio_pipeline_integration PASSED
src/tests/test_audio_overall.py::TestAudioIntegration::test_audio_mcp_integration PASSED
src/tests/test_audio_overall.py::test_audio_module_completeness PASSED
src/tests/test_audio_overall.py::test_audio_module_performance PASSED
src/tests/test_audio_sapf.py::TestSAPFCodeValidation::test_validate_sapf_code_valid SKIPPED
src/tests/test_audio_sapf.py::TestSAPFCodeValidation::test_validate_sapf_code_invalid SKIPPED
src/tests/test_audio_sapf.py::TestSAPFStandaloneFunctions::test_convert_gnn_to_sapf_function SKIPPED
src/tests/test_audio_sapf.py::TestSAPFStandaloneFunctions::test_generate_oscillator_audio_function SKIPPED
src/tests/test_audio_sapf.py::TestSAPFStandaloneFunctions::test_apply_envelope_function SKIPPED
src/tests/test_audio_sapf.py::TestSAPFStandaloneFunctions::test_mix_audio_channels_function SKIPPED
src/tests/test_comprehensive_api.py::TestGNNModule::test_module_imports PASSED
src/tests/test_comprehensive_api.py::TestGNNModule::test_get_module_info PASSED
src/tests/test_comprehensive_api.py::TestGNNModule::test_validate_gnn_function PASSED
src/tests/test_comprehensive_api.py::TestGNNModule::test_feature_flags PASSED
src/tests/test_comprehensive_api.py::TestExportModule::test_module_imports PASSED
src/tests/test_comprehensive_api.py::TestExportModule::test_get_module_info PASSED
src/tests/test_comprehensive_api.py::TestExportModule::test_get_supported_formats PASSED
src/tests/test_comprehensive_api.py::TestExportModule::test_export_gnn_model_invalid_format PASSED
src/tests/test_comprehensive_api.py::TestRenderModule::test_module_imports PASSED
src/tests/test_comprehensive_api.py::TestRenderModule::test_get_module_info PASSED
src/tests/test_comprehensive_api.py::TestRenderModule::test_get_available_renderers PASSED
src/tests/test_comprehensive_api.py::TestRenderModule::test_feature_flags PASSED
src/tests/test_comprehensive_api.py::TestWebsiteModule::test_module_imports PASSED
src/tests/test_comprehensive_api.py::TestWebsiteModule::test_get_module_info PASSED
src/tests/test_comprehensive_api.py::TestWebsiteModule::test_get_supported_file_types PASSED
src/tests/test_comprehensive_api.py::TestWebsiteModule::test_generate_website_from_pipeline_output_nonexistent PASSED
src/tests/test_comprehensive_api.py::TestWebsiteModule::test_validate_website_config PASSED
src/tests/test_comprehensive_api.py::TestSAPFModule::test_module_imports PASSED
src/tests/test_comprehensive_api.py::TestSAPFModule::test_get_module_info PASSED
src/tests/test_comprehensive_api.py::TestSAPFModule::test_get_audio_generation_options PASSED
src/tests/test_comprehensive_api.py::TestSAPFModule::test_process_gnn_to_audio_invalid_input PASSED
src/tests/test_comprehensive_api.py::TestOntologyModule::test_module_imports PASSED
src/tests/test_comprehensive_api.py::TestOntologyModule::test_get_module_info PASSED
src/tests/test_comprehensive_api.py::TestOntologyModule::test_get_ontology_processing_options PASSED
src/tests/test_comprehensive_api.py::TestOntologyModule::test_process_gnn_ontology_nonexistent_file PASSED
src/tests/test_comprehensive_api.py::TestOntologyModule::test_parse_gnn_ontology_section_empty PASSED
src/tests/test_comprehensive_api.py::TestTypeCheckerModule::test_module_imports PASSED
src/tests/test_comprehensive_api.py::TestTypeCheckerModule::test_type_checker_instantiation PASSED
src/tests/test_comprehensive_api.py::TestVisualizationModule::test_module_imports PASSED
src/tests/test_comprehensive_api.py::TestVisualizationModule::test_visualizer_instantiation PASSED
src/tests/test_comprehensive_api.py::TestExecuteModule::test_module_imports PASSED
src/tests/test_comprehensive_api.py::TestExecuteModule::test_executor_instantiation PASSED
src/tests/test_comprehensive_api.py::TestLLMModule::test_module_imports PASSED
src/tests/test_comprehensive_api.py::TestLLMModule::test_llm_processor_instantiation PASSED
src/tests/test_comprehensive_api.py::TestMCPModule::test_module_imports PASSED
src/tests/test_comprehensive_api.py::TestMCPModule::test_mcp_server_instantiation PASSED
src/tests/test_comprehensive_api.py::TestSetupModule::test_module_imports PASSED
src/tests/test_comprehensive_api.py::TestSetupModule::test_setup_functions_exist PASSED
src/tests/test_comprehensive_api.py::TestUtilsModule::test_module_imports PASSED
src/tests/test_comprehensive_api.py::TestUtilsModule::test_utils_classes_instantiation PASSED
src/tests/test_comprehensive_api.py::TestPipelineModule::test_module_imports PASSED
src/tests/test_comprehensive_api.py::TestPipelineModule::test_pipeline_config PASSED
src/tests/test_comprehensive_api.py::TestMCPIntegration::test_mcp_availability_flags PASSED
src/tests/test_comprehensive_api.py::TestMCPIntegration::test_register_tools_functions PASSED
src/tests/test_comprehensive_api.py::TestModuleConsistency::test_version_consistency PASSED
src/tests/test_comprehensive_api.py::TestModuleConsistency::test_feature_flags_consistency PASSED
src/tests/test_comprehensive_api.py::TestModuleConsistency::test_module_info_consistency PASSED
src/tests/test_core_modules.py::TestGNNModuleComprehensive::test_gnn_module_imports PASSED
src/tests/test_core_modules.py::TestGNNModuleComprehensive::test_gnn_file_discovery PASSED
src/tests/test_core_modules.py::TestGNNModuleComprehensive::test_gnn_file_parsing PASSED
src/tests/test_core_modules.py::TestGNNModuleComprehensive::test_gnn_validation SKIPPEDture: simple.gnn
assert False)
src/tests/test_core_modules.py::TestRenderModuleComprehensive::test_render_module_imports PASSED
src/tests/test_core_modules.py::TestRenderModuleComprehensive::test_pymdp_rendering PASSED
src/tests/test_core_modules.py::TestRenderModuleComprehensive::test_rxinfer_rendering PASSED
src/tests/test_core_modules.py::TestRenderModuleComprehensive::test_discopy_rendering PASSED
src/tests/test_core_modules.py::TestExecuteModuleComprehensive::test_execute_module_imports PASSED
src/tests/test_core_modules.py::TestExecuteModuleComprehensive::test_execution_environment_validation PASSED
src/tests/test_core_modules.py::TestExecuteModuleComprehensive::test_safe_script_execution PASSED
src/tests/test_core_modules.py::TestLLMModuleComprehensive::test_llm_module_imports PASSED
src/tests/test_core_modules.py::TestLLMModuleComprehensive::test_llm_model_analysis PASSED
src/tests/test_core_modules.py::TestLLMModuleComprehensive::test_llm_description_generation PASSED
src/tests/test_core_modules.py::TestMCPModuleComprehensive::test_mcp_module_imports PASSED
src/tests/test_core_modules.py::TestMCPModuleComprehensive::test_mcp_tool_registration PASSED
src/tests/test_core_modules.py::TestMCPModuleComprehensive::test_mcp_request_handling PASSED
src/tests/test_core_modules.py::TestOntologyModuleComprehensive::test_ontology_module_imports PASSED
src/tests/test_core_modules.py::TestOntologyModuleComprehensive::test_ontology_term_validation PASSED
src/tests/test_core_modules.py::TestWebsiteModuleComprehensive::test_website_module_imports PASSED
src/tests/test_core_modules.py::TestWebsiteModuleComprehensive::test_website_generation PASSED
src/tests/test_core_modules.py::TestWebsiteModuleComprehensive::test_html_report_creation PASSED
src/tests/test_core_modules.py::TestSAPFModuleComprehensive::test_sapf_module_imports PASSED
src/tests/test_core_modules.py::TestSAPFModuleComprehensive::test_gnn_to_sapf_conversion SKIPPEDd positional argument:
'model_name')
src/tests/test_core_modules.py::TestSAPFModuleComprehensive::test_sapf_validation PASSED
src/tests/test_core_modules.py::TestSAPFModuleComprehensive::test_sapf_audio_generation PASSED
src/tests/test_core_modules.py::TestCoreModuleIntegration::test_module_coordination PASSED
src/tests/test_core_modules.py::TestCoreModuleIntegration::test_module_data_flow PASSED
src/tests/test_core_modules.py::test_core_module_completeness PASSED
src/tests/test_core_modules.py::test_core_module_performance PASSED
src/tests/test_coverage_overall.py::TestCoverageOverall::test_gnn_core_imports PASSED
src/tests/test_coverage_overall.py::TestCoverageOverall::test_audio_imports PASSED
src/tests/test_coverage_overall.py::TestCoverageOverall::test_export_imports PASSED
src/tests/test_coverage_overall.py::TestCoverageOverall::test_visualization_imports PASSED
src/tests/test_coverage_overall.py::TestCoverageOverall::test_llm_imports PASSED
src/tests/test_environment_overall.py::TestEnvironmentModuleComprehensive::test_environment_module_imports PASSED
src/tests/test_environment_overall.py::TestEnvironmentModuleComprehensive::test_environment_manager_instantiation PASSED
src/tests/test_environment_overall.py::TestEnvironmentModuleComprehensive::test_virtual_environment_instantiation PASSED
src/tests/test_environment_overall.py::TestEnvironmentModuleComprehensive::test_environment_module_info PASSED
src/tests/test_environment_overall.py::TestEnvironmentModuleComprehensive::test_environment_validation PASSED
src/tests/test_environment_overall.py::TestEnvironmentFunctionality::test_environment_setup PASSED
src/tests/test_environment_overall.py::TestEnvironmentFunctionality::test_dependency_installation PASSED
src/tests/test_environment_overall.py::TestEnvironmentFunctionality::test_python_version_check PASSED
src/tests/test_environment_overall.py::TestEnvironmentIntegration::test_environment_pipeline_integration PASSED
src/tests/test_environment_overall.py::TestEnvironmentIntegration::test_environment_mcp_integration SKIPPED
src/tests/test_environment_overall.py::test_environment_module_completeness PASSED
src/tests/test_environment_overall.py::test_environment_module_performance PASSED
src/tests/test_export_overall.py::TestExportModuleComprehensive::test_export_module_imports PASSED
src/tests/test_export_overall.py::TestExportModuleComprehensive::test_exporter_instantiation PASSED
src/tests/test_export_overall.py::TestExportModuleComprehensive::test_multi_format_exporter_instantiation PASSED
src/tests/test_export_overall.py::TestExportModuleComprehensive::test_export_module_info PASSED
src/tests/test_export_overall.py::TestExportModuleComprehensive::test_supported_formats PASSED
src/tests/test_export_overall.py::TestExportFunctionality::test_export_gnn_model PASSED
src/tests/test_export_overall.py::TestExportFunctionality::test_export_format_validation PASSED
src/tests/test_export_overall.py::TestExportFunctionality::test_multi_format_export PASSED
src/tests/test_export_overall.py::TestExportIntegration::test_export_pipeline_integration PASSED
src/tests/test_export_overall.py::TestExportIntegration::test_export_mcp_integration PASSED
src/tests/test_export_overall.py::test_export_module_completeness PASSED
src/tests/test_export_overall.py::test_export_module_performance PASSED
src/tests/test_fast_suite.py::TestFastEnvironment::test_python_environment PASSED
src/tests/test_fast_suite.py::TestFastEnvironment::test_test_configuration PASSED
src/tests/test_fast_suite.py::TestFastEnvironment::test_essential_directories PASSED
src/tests/test_fast_suite.py::TestFastGNNProcessing::test_gnn_module_import PASSED
src/tests/test_fast_suite.py::TestFastGNNProcessing::test_gnn_file_creation PASSED
src/tests/test_fast_suite.py::TestFastGNNProcessing::test_gnn_content_validation PASSED
src/tests/test_fast_suite.py::TestFastPipelineComponents::test_utils_module_import PASSED
src/tests/test_fast_suite.py::TestFastPipelineComponents::test_pipeline_module_import PASSED
src/tests/test_fast_suite.py::TestFastPipelineComponents::test_type_checker_import PASSED
src/tests/test_fast_suite.py::TestFastExport::test_export_module_import PASSED
src/tests/test_fast_suite.py::TestFastExport::test_basic_export_functionality PASSED
src/tests/test_fast_suite.py::TestFastVisualization::test_visualization_module_import PASSED
src/tests/test_fast_suite.py::TestFastRender::test_render_module_import PASSED
src/tests/test_fast_suite.py::TestFastExecute::test_execute_module_import PASSED
src/tests/test_fast_suite.py::TestFastLLM::test_llm_module_import PASSED
src/tests/test_fast_suite.py::TestFastMCP::test_mcp_module_import PASSED
src/tests/test_fast_suite.py::TestFastOntology::test_ontology_module_import PASSED
src/tests/test_fast_suite.py::TestFastSAPF::test_sapf_module_import PASSED
src/tests/test_fast_suite.py::TestFastWebsite::test_website_module_import PASSED
src/tests/test_fast_suite.py::TestFastIntegration::test_basic_pipeline_flow PASSED
src/tests/test_fast_suite.py::TestFastIntegration::test_test_environment_setup PASSED
src/tests/test_fast_suite.py::test_fast_suite_completeness PASSED
src/tests/test_gnn_integration.py::TestGNNIntegration::test_gnn_import_available SKIPPED
src/tests/test_gnn_integration.py::TestGNNIntegration::test_gnn_file_processing PASSED
src/tests/test_gnn_integration.py::TestGNNIntegration::test_gnn_validation PASSED
src/tests/test_gnn_integration.py::TestGNNIntegration::test_gnn_format_conversion PASSED
src/tests/test_gnn_integration.py::TestGNNIntegration::test_gnn_error_handling PASSED
src/tests/test_gnn_integration.py::TestGNNIntegration::test_gnn_performance PASSED
src/tests/test_gnn_integration.py::TestGNNIntegration::test_gnn_memory_usage PASSED
src/tests/test_gnn_overall.py::TestGNNCoreProcessor::test_core_processor_imports PASSED
src/tests/test_gnn_overall.py::TestGNNCoreProcessor::test_gnn_processor_basic_imports PASSED
src/tests/test_gnn_overall.py::TestGNNReporting::test_reporting_imports PASSED
src/tests/test_gnn_overall.py::TestGNNReporting::test_generate_report SKIPPED
src/tests/test_gnn_overall.py::TestGNNReporting::test_create_summary SKIPPED
src/tests/test_gnn_parsing.py::TestGNNDiscovery::test_discovery_imports PASSED
src/tests/test_gnn_parsing.py::TestGNNDiscovery::test_discover_gnn_files SKIPPED
src/tests/test_gnn_parsing.py::TestGNNDiscovery::test_scan_directory_recursive SKIPPED
src/tests/test_gnn_parsing.py::TestMarkdownParser::test_valid_parsing PASSED
src/tests/test_gnn_parsing.py::TestMarkdownParser::test_invalid_parsing PASSED
src/tests/test_gnn_parsing.py::TestMarkdownParser::test_empty_string PASSED
src/tests/test_gnn_parsing.py::TestScalaParser::test_valid_parsing PASSED
src/tests/test_gnn_parsing.py::TestLeanParser::test_valid_parsing PASSED
src/tests/test_gnn_parsing.py::TestCoqParser::test_valid_parsing PASSED
src/tests/test_gnn_processing.py::TestGNNParsersSerializers::test_serializers_imports PASSED
src/tests/test_gnn_processing.py::TestGNNParsersSerializers::test_serialize_to_format SKIPPED
src/tests/test_gnn_processing.py::TestGNNParsersSerializers::test_deserialize_from_format SKIPPED
src/tests/test_gnn_validation.py::TestGNNValidation::test_validation_imports PASSED
src/tests/test_gnn_validation.py::TestGNNValidation::test_validate_gnn_model SKIPPED
src/tests/test_gnn_validation.py::TestGNNValidation::test_check_consistency SKIPPED
src/tests/test_gnn_validation.py::TestGNNSimpleValidator::test_simple_validator_imports PASSED
src/tests/test_gnn_validation.py::TestGNNSimpleValidator::test_simple_validator_instantiation PASSED
src/tests/test_gnn_validation.py::TestGNNSimpleValidator::test_simple_validation PASSED
src/tests/test_gui_functionality.py::TestGUIFunctionality::test_headless_artifacts PASSED
src/tests/test_gui_overall.py::TestGUIModuleComprehensive::test_gui_markdown_helpers_imports PASSED
src/tests/test_gui_overall.py::TestGUIModuleComprehensive::test_add_component_and_parse PASSED
src/tests/test_gui_overall.py::TestGUIModuleComprehensive::test_update_states_append_and_replace PASSED
src/tests/test_gui_overall.py::TestGUIModuleComprehensive::test_remove_component PASSED
src/tests/test_llm_ollama.py::test_import_ollama_provider PASSED
src/tests/test_llm_ollama.py::test_ollama_provider_initialize PASSED
src/tests/test_llm_ollama.py::test_ollama_simple_chat PASSED
src/tests/test_llm_ollama.py::test_ollama_streaming PASSED
src/tests/test_llm_ollama.py::test_processor_uses_ollama_when_no_keys PASSED
src/tests/test_llm_overall.py::TestLLMModuleComprehensive::test_llm_module_imports PASSED
src/tests/test_llm_overall.py::TestLLMModuleComprehensive::test_llm_processor_instantiation PASSED
src/tests/test_llm_overall.py::TestLLMModuleComprehensive::test_llm_analyzer_instantiation PASSED
src/tests/test_llm_overall.py::TestLLMModuleComprehensive::test_llm_module_info PASSED
src/tests/test_llm_overall.py::TestLLMModuleComprehensive::test_llm_providers PASSED
src/tests/test_llm_overall.py::TestLLMFunctionality::test_model_analysis PASSED
src/tests/test_llm_overall.py::TestLLMFunctionality::test_description_generation PASSED
src/tests/test_llm_overall.py::TestLLMFunctionality::test_content_analysis PASSED
src/tests/test_llm_overall.py::TestLLMIntegration::test_llm_pipeline_integration PASSED
src/tests/test_llm_overall.py::TestLLMIntegration::test_llm_mcp_integration PASSED
src/tests/test_llm_overall.py::test_llm_module_completeness PASSED
src/tests/test_llm_overall.py::test_llm_module_performance PASSED
src/tests/test_main_orchestrator.py::TestMainOrchestratorImport::test_main_orchestrator_file_exists PASSED
src/tests/test_main_orchestrator.py::TestMainOrchestratorImport::test_main_orchestrator_help_executes PASSED
src/tests/test_main_orchestrator.py::TestMainOrchestratorImport::test_main_orchestrator_component_availability PASSED
src/tests/test_main_orchestrator.py::TestArgumentParsing::test_help PASSED
src/tests/test_main_orchestrator.py::TestPipelineScriptDiscovery::test_pipeline_script_discovery_logic PASSED
src/tests/test_main_orchestrator.py::TestPipelineScriptDiscovery::test_pipeline_script_sorting PASSED
src/tests/test_main_orchestrator.py::TestVirtualEnvironmentHandling::test_python_executable_detection PASSED
src/tests/test_main_orchestrator.py::TestStepExecution::test_run_core_step PASSED
src/tests/test_main_orchestrator.py::TestPipelineCoordination::test_minimal_pipeline_execution PASSED
src/tests/test_main_orchestrator.py::TestPipelineCoordination::test_environment_info_function PASSED
src/tests/test_main_orchestrator.py::TestEndToEndIntegration::test_run_pipeline_subset 2025-09-01 12:05:35,049 [d971ec01:pipeline] pipeline - INFO - 🚀 Starting GNN Processing Pipeline [total_steps=24 | target_dir=/home/trim/Documents/GitHub/GeneralizedNotationNotation/input/gnn_files | output_dir=/tmp/tmpjfceqaif/output]
2025-09-01 12:05:35,050 [d971ec01:pipeline] pipeline - INFO - Executing steps: ['3_gnn.py', '5_type_checker.py', '7_export.py', '8_visualization.py']
2025-09-01 12:05:35,050 [d971ec01:pipeline] pipeline - INFO - ┌─ Step 1/4: GNN file processing RUNNING
└─ Progress: [███████▒▒▒▒▒▒▒▒▒▒▒▒▒▒▒▒▒▒▒▒▒▒▒] (25%)
2025-09-01 12:05:35,050 [d971ec01:pipeline] pipeline - INFO - ┌─ Step 1/4: Step 1 RUNNING
└─ Progress: [███████▒▒▒▒▒▒▒▒▒▒▒▒▒▒▒▒▒▒▒▒▒▒▒] (25%)
    Starting GNN file processing [step_number=1 | total_steps=4 | script_name=3_gnn.py]
2025-09-01 12:05:35,348 [d971ec01:pipeline] pipeline - INFO - ✅ Step 1 completed with SUCCESS in 298ms
Progress: 1/4 steps (1 successful)
2025-09-01 12:05:35,348 [d971ec01:pipeline] pipeline - INFO - ✅ ✅ Step 1 completed with SUCCESS in 298ms
Progress: 1/4 steps (1 successful)
    GNN file processing completed [status=SUCCESS | step_number=1] [⏱️ 298ms]
2025-09-01 12:05:35,349 [d971ec01:pipeline] pipeline - INFO - ┌─ Step 2/4: Type checking RUNNING
└─ Progress: [███████████████▒▒▒▒▒▒▒▒▒▒▒▒▒▒▒] (50%)
2025-09-01 12:05:35,349 [d971ec01:pipeline] pipeline - INFO - ┌─ Step 2/4: Step 2 RUNNING
└─ Progress: [███████████████▒▒▒▒▒▒▒▒▒▒▒▒▒▒▒] (50%)
    Starting Type checking [step_number=2 | total_steps=4 | script_name=5_type_checker.py]
2025-09-01 12:05:35,540 [d971ec01:pipeline] pipeline - INFO - ⚠️ Step 2 completed with SUCCESS_WITH_WARNINGS in 192ms
Progress: 2/4 steps (2 successful)
2025-09-01 12:05:35,541 [d971ec01:pipeline] pipeline - INFO - ✅ ✅ Step 2 completed with SUCCESS in 192ms
Progress: 2/4 steps (2 successful)
    Type checking completed [status=SUCCESS_WITH_WARNINGS | step_number=2] [⏱️ 192ms]
2025-09-01 12:05:35,541 [d971ec01:pipeline] pipeline - INFO - ┌─ Step 3/4: Multi-format export RUNNING
└─ Progress: [██████████████████████▒▒▒▒▒▒▒▒] (75%)
2025-09-01 12:05:35,541 [d971ec01:pipeline] pipeline - INFO - ┌─ Step 3/4: Step 3 RUNNING
└─ Progress: [██████████████████████▒▒▒▒▒▒▒▒] (75%)
    Starting Multi-format export [step_number=3 | total_steps=4 | script_name=7_export.py]
2025-09-01 12:05:35,738 [d971ec01:pipeline] pipeline - INFO - ✅ Step 3 completed with SUCCESS in 197ms
Progress: 3/4 steps (3 successful)
2025-09-01 12:05:35,738 [d971ec01:pipeline] pipeline - INFO - ✅ ✅ Step 3 completed with SUCCESS in 197ms
Progress: 3/4 steps (3 successful)
    Multi-format export completed [status=SUCCESS | step_number=3] [⏱️ 197ms]
2025-09-01 12:05:35,738 [d971ec01:pipeline] pipeline - INFO - ┌─ Step 4/4: Visualization RUNNING
└─ Progress: [██████████████████████████████] (100%)
2025-09-01 12:05:35,738 [d971ec01:pipeline] pipeline - INFO - ┌─ Step 4/4: Step 4 RUNNING
└─ Progress: [██████████████████████████████] (100%)
    Starting Visualization [step_number=4 | total_steps=4 | script_name=8_visualization.py]
2025-09-01 12:05:42,767 [d971ec01:pipeline] pipeline - INFO - ✅ Step 4 completed with SUCCESS in 7.03s
Progress: 4/4 steps (4 successful)
2025-09-01 12:05:42,767 [d971ec01:pipeline] pipeline - INFO - ✅ ✅ Step 4 completed with SUCCESS in 7.03s
Progress: 4/4 steps (4 successful)
    Visualization completed [status=SUCCESS | step_number=4] [⏱️ 7.03s]
2025-09-01 12:05:42,768 [d971ec01:pipeline] pipeline - INFO - Saving pipeline summary to: /tmp/tmpjfceqaif/output/pipeline_execution_summary.json
2025-09-01 12:05:42,768 [d971ec01:pipeline] pipeline - INFO - Pipeline summary saved successfully
2025-09-01 12:05:42,768 [d971ec01:pipeline] pipeline - INFO - ┌─ Step 4/4: Overall Progress SUCCESS
└─ Progress: [██████████████████████████████] (100%)
Stats: ✅ Success: 4 | ⚠️ Warnings: 1 | ❌ Failed: 0 | ⏱️ Elapsed: 7.72s
2025-09-01 12:05:42,768 [d971ec01:pipeline] pipeline - INFO - 
2025-09-01 12:05:42,768 [d971ec01:pipeline] pipeline - INFO - ╔═══════════════════════════════════════════════════════════════════════════════════╗
2025-09-01 12:05:42,768 [d971ec01:pipeline] pipeline - INFO - ║             ⚠️ PIPELINE EXECUTION SUMMARY - SUCCESS_WITH_WARNINGS ⚠️              ║
2025-09-01 12:05:42,768 [d971ec01:pipeline] pipeline - INFO - ╠═══════════════════════════════════════════════════════════════════════════════════╣
2025-09-01 12:05:42,768 [d971ec01:pipeline] pipeline - INFO - ║ Total Steps: 4                                                                    ║
2025-09-01 12:05:42,768 [d971ec01:pipeline] pipeline - INFO - ║ ✅ Successful: 3                                                                   ║
2025-09-01 12:05:42,768 [d971ec01:pipeline] pipeline - INFO - ║ ⚠️ Warnings: 1                                                                    ║
2025-09-01 12:05:42,768 [d971ec01:pipeline] pipeline - INFO - ║ ❌ Failed: 0                                                                       ║
2025-09-01 12:05:42,768 [d971ec01:pipeline] pipeline - INFO - ║ ⏱️ Total Time: 7.72s                                                              ║
2025-09-01 12:05:42,768 [d971ec01:pipeline] pipeline - INFO - ║ Average Step Time: 1.93s                                                          ║
2025-09-01 12:05:42,768 [d971ec01:pipeline] pipeline - INFO - ║ 📊 Success Rate: 100.0%                                                            ║
2025-09-01 12:05:42,769 [d971ec01:pipeline] pipeline - INFO - ╚═══════════════════════════════════════════════════════════════════════════════════╝
2025-09-01 12:05:42,769 [d971ec01:pipeline] pipeline - INFO - 
2025-09-01 12:05:42,769 [d971ec01:pipeline] pipeline - INFO - 🔍 DETAILED STEP ANALYSIS:
2025-09-01 12:05:42,769 [d971ec01:pipeline] pipeline - INFO -   ⚠️ 5_type_checker.py: SUCCESS_WITH_WARNINGS (192ms)
2025-09-01 12:05:42,769 [d971ec01:pipeline] pipeline - INFO - 
PASSED
src/tests/test_mcp_integration.py::TestMCPIntegration::test_mcp_import_available SKIPPED
src/tests/test_mcp_integration.py::TestMCPIntegration::test_mcp_tool_registration PASSED
src/tests/test_mcp_integration.py::TestMCPIntegration::test_mcp_transport_layer PASSED
src/tests/test_mcp_integration.py::TestMCPIntegration::test_mcp_message_format PASSED
src/tests/test_mcp_integration.py::TestMCPIntegration::test_mcp_response_format PASSED
src/tests/test_mcp_integration.py::TestMCPIntegration::test_mcp_error_handling PASSED
src/tests/test_mcp_integration.py::TestMCPIntegration::test_mcp_performance PASSED
src/tests/test_mcp_integration.py::TestMCPIntegration::test_mcp_memory_usage PASSED
src/tests/test_mcp_integration.py::TestMCPIntegration::test_mcp_concurrent_operations PASSED
src/tests/test_mcp_integration.py::TestMCPIntegration::test_mcp_validation PASSED
src/tests/test_mcp_overall.py::TestMCPCoreComprehensive::test_mcp_core_imports PASSED
src/tests/test_mcp_overall.py::TestMCPErrorHandling::test_mcp_error_classes PASSED
src/tests/test_mcp_overall.py::TestMCPErrorHandling::test_invalid_tool_execution PASSED
src/tests/test_mcp_overall.py::TestMCPErrorHandling::test_tool_execution_with_invalid_parameters PASSED
src/tests/test_mcp_overall.py::TestMCPResourceManagement::test_mcp_resource_registration PASSED
src/tests/test_mcp_overall.py::TestMCPModuleComprehensive::test_mcp_module_imports PASSED
src/tests/test_mcp_overall.py::TestMCPModuleComprehensive::test_mcp_server_instantiation PASSED
src/tests/test_mcp_overall.py::TestMCPModuleComprehensive::test_mcp_module_info SKIPPED
src/tests/test_mcp_overall.py::TestMCPModuleComprehensive::test_mcp_tools_registration PASSED
src/tests/test_mcp_overall.py::TestMCPModuleComprehensive::test_mcp_initialization PASSED
src/tests/test_mcp_overall.py::TestMCPModuleComprehensive::test_mcp_instance_retrieval PASSED
src/tests/test_mcp_tools.py::TestMCPToolExecution::test_gnn_validate_tool_execution PASSED
src/tests/test_mcp_tools.py::TestMCPToolExecution::test_export_tool_execution PASSED
src/tests/test_mcp_tools.py::TestMCPToolExecution::test_utils_system_info_execution PASSED
src/tests/test_mcp_transport.py::TestMCPTransportLayers::test_stdio_server_imports PASSED
src/tests/test_mcp_transport.py::TestMCPTransportLayers::test_tcp_server_imports SKIPPED
src/tests/test_mcp_transport.py::TestMCPTransportLayers::test_websocket_server_imports SKIPPED
src/tests/test_mcp_transport.py::TestMCPTransportFunctionality::test_transport_initialization SKIPPED
src/tests/test_mcp_transport.py::TestMCPTransportFunctionality::test_transport_configuration SKIPPED
src/tests/test_mcp_transport.py::TestMCPTransportFunctionality::test_transport_cleanup SKIPPED
src/tests/test_mcp_transport.py::TestMCPTransportIntegration::test_transport_with_tools SKIPPED
src/tests/test_mcp_transport.py::TestMCPTransportIntegration::test_transport_error_handling SKIPPED
src/tests/test_ontology_overall.py::TestOntologyModuleComprehensive::test_ontology_module_imports PASSED
src/tests/test_ontology_overall.py::TestOntologyModuleComprehensive::test_ontology_processor_instantiation PASSED
src/tests/test_ontology_overall.py::TestOntologyModuleComprehensive::test_ontology_validator_instantiation PASSED
src/tests/test_ontology_overall.py::TestOntologyModuleComprehensive::test_ontology_module_info PASSED
src/tests/test_ontology_overall.py::TestOntologyModuleComprehensive::test_ontology_processing_options PASSED
src/tests/test_ontology_overall.py::TestOntologyFunctionality::test_ontology_processing PASSED
src/tests/test_ontology_overall.py::TestOntologyFunctionality::test_ontology_validation PASSED
src/tests/test_ontology_overall.py::TestOntologyFunctionality::test_term_validation PASSED
src/tests/test_ontology_overall.py::TestOntologyIntegration::test_ontology_pipeline_integration PASSED
src/tests/test_ontology_overall.py::TestOntologyIntegration::test_ontology_mcp_integration PASSED
src/tests/test_ontology_overall.py::test_ontology_module_completeness PASSED
src/tests/test_ontology_overall.py::test_ontology_module_performance PASSED
src/tests/test_pipeline_error_scenarios.py::TestDependencyErrorScenarios::test_missing_pymdp_graceful_degradation FAILED
src/tests/test_pipeline_error_scenarios.py::TestDependencyErrorScenarios::test_missing_discopy_graceful_degradation PASSED
src/tests/test_pipeline_error_scenarios.py::TestDependencyErrorScenarios::test_matplotlib_rendering_fallbacks PASSED
src/tests/test_pipeline_error_scenarios.py::TestFileOperationErrorScenarios::test_missing_input_directory ERROR
src/tests/test_pipeline_error_scenarios.py::TestFileOperationErrorScenarios::test_readonly_output_directory ERROR
src/tests/test_pipeline_error_scenarios.py::TestFileOperationErrorScenarios::test_corrupted_gnn_file_handling ERROR
src/tests/test_pipeline_error_scenarios.py::TestResourceConstraintScenarios::test_large_gnn_file_handling ERROR
src/tests/test_pipeline_error_scenarios.py::TestResourceConstraintScenarios::test_concurrent_pipeline_execution ERROR
src/tests/test_pipeline_error_scenarios.py::TestPipelineIntegrationScenarios::test_pipeline_with_missing_dependencies ERROR
src/tests/test_pipeline_error_scenarios.py::TestPipelineIntegrationScenarios::test_error_recovery_and_continuation ERROR
src/tests/test_pipeline_error_scenarios.py::TestErrorReportingAndDiagnostics::test_standardized_error_handler_creation PASSED
src/tests/test_pipeline_error_scenarios.py::TestErrorReportingAndDiagnostics::test_diagnostic_logger_creation 2025-09-01 12:05:43,764 [13858d09:test_step] test_step - INFO - [9e23fd90] 🚀 Starting test_step: Test operation
2025-09-01 12:05:43,764 [13858d09:test_step] test_step - DEBUG - [9e23fd90] System resources: Memory 38.7%, CPU 21.7%, Disk 71.8%
2025-09-01 12:05:43,764 [13858d09:test_step] test_step - WARNING - [9e23fd90] ⚠️  Test warning
2025-09-01 12:05:43,765 [13858d09:test_step] test_step - INFO - [9e23fd90] ✅ test_step completed: Test completed (0.10s)
PASSED
src/tests/test_pipeline_error_scenarios.py::TestErrorReportingAndDiagnostics::test_dependency_validation_reporting PASSED
src/tests/test_pipeline_functionality.py::TestPipelineFunctionality::test_visualization_generates_images 2025-09-01 12:05:46,693 [13858d09:test_step] visualization - INFO - 🚀 Processing visualizations
2025-09-01 12:05:46,999 [13858d09:test_step] visualization.processor - DEBUG - Successfully saved plot with DPI 300
2025-09-01 12:05:48,215 [13858d09:test_step] visualization.processor - DEBUG - Successfully saved plot with DPI 300
2025-09-01 12:05:48,215 [13858d09:test_step] visualization - INFO - ✅ Generated 2 visualizations
PASSED
src/tests/test_pipeline_functionality.py::TestPipelineFunctionality::test_gnn_processing_generates_results 2025-09-01 12:05:48,222 [13858d09:test_step] gnn.schema_validator - INFO - Enhanced multi-format parsing system initialized
2025-09-01 12:05:48,222 [13858d09:test_step] gnn.cross_format_validator - INFO - Enhanced parsing system initialized for cross-format validation
2025-09-01 12:05:48,222 [13858d09:test_step] gnn.validation - DEBUG - GNN validator initialized
2025-09-01 12:05:48,222 [13858d09:test_step] gnn.cross_format_validator - INFO - Enhanced parsing system initialized for cross-format validation
2025-09-01 12:05:48,222 [13858d09:test_step] gnn.core_processor.wrapper - INFO - Starting GNN processing pipeline
2025-09-01 12:05:48,222 [13858d09:test_step] gnn.core_processor.wrapper - INFO - Phase 1: File discovery and basic analysis
2025-09-01 12:05:48,222 [13858d09:test_step] gnn.discovery - INFO - Starting file discovery in /tmp/tmp7ituyejn
2025-09-01 12:05:48,222 [13858d09:test_step] gnn.discovery - DEBUG - Found 0 .md files
2025-09-01 12:05:48,223 [13858d09:test_step] gnn.discovery - DEBUG - Found 0 .json files
2025-09-01 12:05:48,223 [13858d09:test_step] gnn.discovery - DEBUG - Found 0 .xml files
2025-09-01 12:05:48,223 [13858d09:test_step] gnn.discovery - DEBUG - Found 0 .yaml files
2025-09-01 12:05:48,223 [13858d09:test_step] gnn.discovery - DEBUG - Found 0 .pkl files
2025-09-01 12:05:48,223 [13858d09:test_step] gnn.discovery - INFO - Discovery completed: 0/0 potential GNN files in 0.001s
2025-09-01 12:05:48,223 [13858d09:test_step] gnn.core_processor.wrapper - INFO - Discovered 0 GNN files
PASSED
src/tests/test_pipeline_functionality.py::TestPipelineFunctionality::test_multi_format_export_generates_files 2025-09-01 12:05:48,225 [13858d09:test_step] export - INFO - 🚀 Generating multi-format exports
2025-09-01 12:05:48,227 [13858d09:test_step] export - INFO - ✅ All exports generated successfully
PASSED
src/tests/test_pipeline_functionality.py::TestPipelineFunctionality::test_results_json_are_valid 2025-09-01 12:05:48,229 [13858d09:test_step] visualization - INFO - 🚀 Processing visualizations
2025-09-01 12:05:49,340 [13858d09:test_step] visualization.processor - DEBUG - Successfully saved plot with DPI 300
2025-09-01 12:05:49,341 [13858d09:test_step] visualization - INFO - ✅ Generated 1 visualizations
2025-09-01 12:05:49,341 [13858d09:test_step] export - INFO - 🚀 Generating multi-format exports
2025-09-01 12:05:49,343 [13858d09:test_step] export - INFO - ✅ All exports generated successfully
PASSED
src/tests/test_pipeline_functionality.py::TestPipelineFunctionality::test_preflight_metrics 2025-09-01 12:05:49,345 [13858d09:test_step] visualization - INFO - 🚀 Processing visualizations
2025-09-01 12:05:50,695 [13858d09:test_step] visualization.processor - DEBUG - Successfully saved plot with DPI 300
2025-09-01 12:05:50,695 [13858d09:test_step] visualization - INFO - ✅ Generated 1 visualizations
PASSED
src/tests/test_pipeline_improvements_validation.py::TestDiScoPyModuleCreation::test_discopy_translator_module_import PASSED
src/tests/test_pipeline_improvements_validation.py::TestDiScoPyModuleCreation::test_discopy_diagram_creation_graceful_degradation 2025-09-01 12:05:50,698 [13858d09:test_step] execute.discopy_translator_module.translator - WARNING - DisCoPy not available - cannot create diagrams
PASSED
src/tests/test_pipeline_improvements_validation.py::TestDiScoPyModuleCreation::test_visualize_jax_output_module_import PASSED
src/tests/test_pipeline_improvements_validation.py::TestVisualizationBugFixes::test_visualization_parser_type_safety 2025-09-01 12:05:50,699 [13858d09:test_step] visualization.parser - DEBUG - Processing state space block...
2025-09-01 12:05:50,699 [13858d09:test_step] visualization.parser - DEBUG - Found variable: var1, dimensions: 3,3, comment: Test variable
2025-09-01 12:05:50,699 [13858d09:test_step] visualization.parser - DEBUG - Found variable: var2, dimensions: 2, comment: Another variable
2025-09-01 12:05:50,699 [13858d09:test_step] visualization.parser - DEBUG - Found variable: var3, dimensions: 5,5,2, comment: 3D variable
2025-09-01 12:05:50,700 [13858d09:test_step] visualization.parser - DEBUG - Extracted 3 variables with comments: [('var1', 'Test variable'), ('var2', 'Another variable'), ('var3', '3D variable')]
2025-09-01 12:05:50,700 [13858d09:test_step] visualization.parser - DEBUG - Found edge: var1 > var2
2025-09-01 12:05:50,700 [13858d09:test_step] visualization.parser - DEBUG - Found edge: var2 > var3
PASSED
src/tests/test_pipeline_improvements_validation.py::TestVisualizationBugFixes::test_matplotlib_dpi_corruption_fix 2025-09-01 12:05:51,300 [13858d09:test_step] visualization.processor - DEBUG - Successfully saved plot with DPI 600
2025-09-01 12:05:51,365 [13858d09:test_step] visualization.processor - DEBUG - Successfully saved plot with DPI 50
2025-09-01 12:05:51,428 [13858d09:test_step] visualization.processor - DEBUG - Successfully saved plot with DPI 50
2025-09-01 12:05:51,499 [13858d09:test_step] visualization.processor - DEBUG - Successfully saved plot with DPI 150
2025-09-01 12:05:51,571 [13858d09:test_step] visualization.processor - DEBUG - Successfully saved plot with DPI 150
PASSED
src/tests/test_pipeline_improvements_validation.py::TestVisualizationBugFixes::test_visualization_data_structure_compatibility 2025-09-01 12:05:52,182 [13858d09:test_step] visualization.processor - DEBUG - Successfully saved plot with DPI 300
PASSED
src/tests/test_pipeline_improvements_validation.py::TestErrorHandlingImprovements::test_standardized_error_handler_functionality 2025-09-01 12:05:52,184 [4282bc32:test_step] test_step - WARNING - ⚠️ test_dependency not available - install with: pip install test_dependency [step_number=None]
FAILED
src/tests/test_pipeline_improvements_validation.py::TestErrorHandlingImprovements::test_error_context_manager 2025-09-01 12:05:52,276 [f5ce5817:test_step] test_step - WARNING - [ed2a0366] unknown: Test error
2025-09-01 12:05:52,276 [f5ce5817:test_step] test_step - WARNING - [ed2a0366] Continuing despite error
2025-09-01 12:05:52,276 [f5ce5817:test_step] test_step - WARNING - [ed2a0366] Continuing after recoverable error in failing_operation
PASSED
src/tests/test_pipeline_improvements_validation.py::TestDependencyValidationImprovements::test_discopy_dependency_group PASSED
src/tests/test_pipeline_improvements_validation.py::TestDependencyValidationImprovements::test_pymdp_dependency_group PASSED
src/tests/test_pipeline_improvements_validation.py::TestDependencyValidationImprovements::test_improved_installation_instructions 2025-09-01 12:05:52,280 [f5ce5817:test_step] dependency_validator - INFO - Starting dependency validation...
2025-09-01 12:05:56,862 [f5ce5817:test_step] dependency_validator - ERROR - Missing required dependency: lxml - XML processing
2025-09-01 12:05:56,862 [f5ce5817:test_step] dependency_validator - ERROR - Dependency group 'export' has missing required dependencies
2025-09-01 12:06:01,899 [f5ce5817:test_step] dependency_validator - ERROR - Missing 1 required dependencies
2025-09-01 12:06:01,899 [f5ce5817:test_step] dependency_validator - ERROR -   - lxml: XML processing (Install: uv pip install lxml)
2025-09-01 12:06:01,899 [f5ce5817:test_step] dependency_validator - WARNING - Could not determine version for pymdp
PASSED
src/tests/test_pipeline_improvements_validation.py::TestLoggingImprovements::test_diagnostic_logger_functionality 2025-09-01 12:06:02,001 [1427ed84:test_step] test_step - INFO - [83410269] 🚀 Starting test_step: Test operation | Context: {'param1': 'value1'}
2025-09-01 12:06:02,001 [1427ed84:test_step] test_step - DEBUG - [83410269] System resources: Memory 38.3%, CPU 11.0%, Disk 71.8%
2025-09-01 12:06:02,001 [1427ed84:test_step] test_step - WARNING - [83410269] ⚠️  Test warning | Context: {'context': 'test'}
2025-09-01 12:06:02,001 [1427ed84:test_step] test_step - INFO - [83410269] ✅ test_step completed: Test completed (0.10s) | Context: {'results': 'success'}
2025-09-01 12:06:02,001 [1427ed84:test_step] test_step - DEBUG - [83410269] Starting operation: test_operation
2025-09-01 12:06:02,011 [1427ed84:test_step] test_step - DEBUG - [83410269] Completed operation: test_operation (0.010s)
2025-09-01 12:06:02,113 [1427ed84:test_step] test_step - INFO - [83410269] Diagnostic report saved to /tmp/tmp5_r4jjpk/test_step_diagnostic_report.json
PASSED
src/tests/test_pipeline_improvements_validation.py::TestLoggingImprovements::test_correlation_context PASSED
src/tests/test_pipeline_improvements_validation.py::TestIntegrationValidation::test_end_to_end_pipeline_with_improvements ERROR

==================================== ERRORS ====================================
_ ERROR at setup of TestFileOperationErrorScenarios.test_missing_input_directory _
file /home/trim/Documents/GitHub/GeneralizedNotationNotation/src/tests/test_pipeline_error_scenarios.py, line 112
      @pytest.mark.unit
      @pytest.mark.safe_to_fail
      def test_missing_input_directory(self, temp_directories):
E       fixture 'temp_directories' not found
>       available fixtures: _class_scoped_runner, _function_scoped_runner, _module_scoped_runner, _package_scoped_runner, _session_scoped_runner, anyio_backend, anyio_backend_name, anyio_backend_options, benchmark, benchmark_weave, cache, capfd, capfdbinary, caplog, capsys, capsysbinary, capteesys, capture_logs, class_mocker, comprehensive_test_data, cov, doctest_namespace, event_loop_policy, free_tcp_port, free_tcp_port_factory, free_udp_port, free_udp_port_factory, full_pipeline_environment, include_metadata_in_junit_xml, isolated_temp_dir, json_metadata, metadata, mock_dangerous_operations, mock_filesystem, mock_imports, mock_llm_provider, mock_logger, mock_mcp_tools, mock_render_module, mock_subprocess, mocker, module_mocker, monkeypatch, no_cover, package_mocker, pipeline_arguments, project_root, pytestconfig, record_property, record_testsuite_property, record_xml_attribute, recwarn, safe_filesystem, sample_gnn_file, sample_gnn_files, sample_gnn_spec, sample_markdown, sample_scala, session_mocker, simulate_failures, src_dir, temp_output_dir, test_config, test_data_dir, test_dir, testrun_uid, tmp_path, tmp_path_factory, tmpdir, tmpdir_factory, unused_tcp_port, unused_tcp_port_factory, unused_udp_port, unused_udp_port_factory, worker_id
>       use 'pytest --fixtures [testpath]' for help on them.

/home/trim/Documents/GitHub/GeneralizedNotationNotation/src/tests/test_pipeline_error_scenarios.py:112
_ ERROR at setup of TestFileOperationErrorScenarios.test_readonly_output_directory _
file /home/trim/Documents/GitHub/GeneralizedNotationNotation/src/tests/test_pipeline_error_scenarios.py, line 136
      @pytest.mark.unit
      @pytest.mark.safe_to_fail
      def test_readonly_output_directory(self, temp_directories):
E       fixture 'temp_directories' not found
>       available fixtures: _class_scoped_runner, _function_scoped_runner, _module_scoped_runner, _package_scoped_runner, _session_scoped_runner, anyio_backend, anyio_backend_name, anyio_backend_options, benchmark, benchmark_weave, cache, capfd, capfdbinary, caplog, capsys, capsysbinary, capteesys, capture_logs, class_mocker, comprehensive_test_data, cov, doctest_namespace, event_loop_policy, free_tcp_port, free_tcp_port_factory, free_udp_port, free_udp_port_factory, full_pipeline_environment, include_metadata_in_junit_xml, isolated_temp_dir, json_metadata, metadata, mock_dangerous_operations, mock_filesystem, mock_imports, mock_llm_provider, mock_logger, mock_mcp_tools, mock_render_module, mock_subprocess, mocker, module_mocker, monkeypatch, no_cover, package_mocker, pipeline_arguments, project_root, pytestconfig, record_property, record_testsuite_property, record_xml_attribute, recwarn, safe_filesystem, sample_gnn_file, sample_gnn_files, sample_gnn_spec, sample_markdown, sample_scala, session_mocker, simulate_failures, src_dir, temp_output_dir, test_config, test_data_dir, test_dir, testrun_uid, tmp_path, tmp_path_factory, tmpdir, tmpdir_factory, unused_tcp_port, unused_tcp_port_factory, unused_udp_port, unused_udp_port_factory, worker_id
>       use 'pytest --fixtures [testpath]' for help on them.

/home/trim/Documents/GitHub/GeneralizedNotationNotation/src/tests/test_pipeline_error_scenarios.py:136
_ ERROR at setup of TestFileOperationErrorScenarios.test_corrupted_gnn_file_handling _
file /home/trim/Documents/GitHub/GeneralizedNotationNotation/src/tests/test_pipeline_error_scenarios.py, line 168
      @pytest.mark.unit
      @pytest.mark.safe_to_fail
      def test_corrupted_gnn_file_handling(self, temp_directories):
E       fixture 'temp_directories' not found
>       available fixtures: _class_scoped_runner, _function_scoped_runner, _module_scoped_runner, _package_scoped_runner, _session_scoped_runner, anyio_backend, anyio_backend_name, anyio_backend_options, benchmark, benchmark_weave, cache, capfd, capfdbinary, caplog, capsys, capsysbinary, capteesys, capture_logs, class_mocker, comprehensive_test_data, cov, doctest_namespace, event_loop_policy, free_tcp_port, free_tcp_port_factory, free_udp_port, free_udp_port_factory, full_pipeline_environment, include_metadata_in_junit_xml, isolated_temp_dir, json_metadata, metadata, mock_dangerous_operations, mock_filesystem, mock_imports, mock_llm_provider, mock_logger, mock_mcp_tools, mock_render_module, mock_subprocess, mocker, module_mocker, monkeypatch, no_cover, package_mocker, pipeline_arguments, project_root, pytestconfig, record_property, record_testsuite_property, record_xml_attribute, recwarn, safe_filesystem, sample_gnn_file, sample_gnn_files, sample_gnn_spec, sample_markdown, sample_scala, session_mocker, simulate_failures, src_dir, temp_output_dir, test_config, test_data_dir, test_dir, testrun_uid, tmp_path, tmp_path_factory, tmpdir, tmpdir_factory, unused_tcp_port, unused_tcp_port_factory, unused_udp_port, unused_udp_port_factory, worker_id
>       use 'pytest --fixtures [testpath]' for help on them.

/home/trim/Documents/GitHub/GeneralizedNotationNotation/src/tests/test_pipeline_error_scenarios.py:168
_ ERROR at setup of TestResourceConstraintScenarios.test_large_gnn_file_handling _
file /home/trim/Documents/GitHub/GeneralizedNotationNotation/src/tests/test_pipeline_error_scenarios.py, line 196
      @pytest.mark.unit
      @pytest.mark.safe_to_fail
      def test_large_gnn_file_handling(self, temp_directories):
E       fixture 'temp_directories' not found
>       available fixtures: _class_scoped_runner, _function_scoped_runner, _module_scoped_runner, _package_scoped_runner, _session_scoped_runner, anyio_backend, anyio_backend_name, anyio_backend_options, benchmark, benchmark_weave, cache, capfd, capfdbinary, caplog, capsys, capsysbinary, capteesys, capture_logs, class_mocker, comprehensive_test_data, cov, doctest_namespace, event_loop_policy, free_tcp_port, free_tcp_port_factory, free_udp_port, free_udp_port_factory, full_pipeline_environment, include_metadata_in_junit_xml, isolated_temp_dir, json_metadata, metadata, mock_dangerous_operations, mock_filesystem, mock_imports, mock_llm_provider, mock_logger, mock_mcp_tools, mock_render_module, mock_subprocess, mocker, module_mocker, monkeypatch, no_cover, package_mocker, pipeline_arguments, project_root, pytestconfig, record_property, record_testsuite_property, record_xml_attribute, recwarn, safe_filesystem, sample_gnn_file, sample_gnn_files, sample_gnn_spec, sample_markdown, sample_scala, session_mocker, simulate_failures, src_dir, temp_output_dir, test_config, test_data_dir, test_dir, testrun_uid, tmp_path, tmp_path_factory, tmpdir, tmpdir_factory, unused_tcp_port, unused_tcp_port_factory, unused_udp_port, unused_udp_port_factory, worker_id
>       use 'pytest --fixtures [testpath]' for help on them.

/home/trim/Documents/GitHub/GeneralizedNotationNotation/src/tests/test_pipeline_error_scenarios.py:196
_ ERROR at setup of TestResourceConstraintScenarios.test_concurrent_pipeline_execution _
file /home/trim/Documents/GitHub/GeneralizedNotationNotation/src/tests/test_pipeline_error_scenarios.py, line 233
      @pytest.mark.unit
      @pytest.mark.safe_to_fail
      def test_concurrent_pipeline_execution(self, temp_directories):
E       fixture 'temp_directories' not found
>       available fixtures: _class_scoped_runner, _function_scoped_runner, _module_scoped_runner, _package_scoped_runner, _session_scoped_runner, anyio_backend, anyio_backend_name, anyio_backend_options, benchmark, benchmark_weave, cache, capfd, capfdbinary, caplog, capsys, capsysbinary, capteesys, capture_logs, class_mocker, comprehensive_test_data, cov, doctest_namespace, event_loop_policy, free_tcp_port, free_tcp_port_factory, free_udp_port, free_udp_port_factory, full_pipeline_environment, include_metadata_in_junit_xml, isolated_temp_dir, json_metadata, metadata, mock_dangerous_operations, mock_filesystem, mock_imports, mock_llm_provider, mock_logger, mock_mcp_tools, mock_render_module, mock_subprocess, mocker, module_mocker, monkeypatch, no_cover, package_mocker, pipeline_arguments, project_root, pytestconfig, record_property, record_testsuite_property, record_xml_attribute, recwarn, safe_filesystem, sample_gnn_file, sample_gnn_files, sample_gnn_spec, sample_markdown, sample_scala, session_mocker, simulate_failures, src_dir, temp_output_dir, test_config, test_data_dir, test_dir, testrun_uid, tmp_path, tmp_path_factory, tmpdir, tmpdir_factory, unused_tcp_port, unused_tcp_port_factory, unused_udp_port, unused_udp_port_factory, worker_id
>       use 'pytest --fixtures [testpath]' for help on them.

/home/trim/Documents/GitHub/GeneralizedNotationNotation/src/tests/test_pipeline_error_scenarios.py:233
_ ERROR at setup of TestPipelineIntegrationScenarios.test_pipeline_with_missing_dependencies _
file /home/trim/Documents/GitHub/GeneralizedNotationNotation/src/tests/test_pipeline_error_scenarios.py, line 293
      @pytest.mark.integration
      @pytest.mark.safe_to_fail
      def test_pipeline_with_missing_dependencies(self, temp_directories):
E       fixture 'temp_directories' not found
>       available fixtures: _class_scoped_runner, _function_scoped_runner, _module_scoped_runner, _package_scoped_runner, _session_scoped_runner, anyio_backend, anyio_backend_name, anyio_backend_options, benchmark, benchmark_weave, cache, capfd, capfdbinary, caplog, capsys, capsysbinary, capteesys, capture_logs, class_mocker, comprehensive_test_data, cov, doctest_namespace, event_loop_policy, free_tcp_port, free_tcp_port_factory, free_udp_port, free_udp_port_factory, full_pipeline_environment, include_metadata_in_junit_xml, isolated_temp_dir, json_metadata, metadata, mock_dangerous_operations, mock_filesystem, mock_imports, mock_llm_provider, mock_logger, mock_mcp_tools, mock_render_module, mock_subprocess, mocker, module_mocker, monkeypatch, no_cover, package_mocker, pipeline_arguments, project_root, pytestconfig, record_property, record_testsuite_property, record_xml_attribute, recwarn, safe_filesystem, sample_gnn_file, sample_gnn_files, sample_gnn_spec, sample_markdown, sample_scala, session_mocker, simulate_failures, src_dir, temp_output_dir, test_config, test_data_dir, test_dir, testrun_uid, tmp_path, tmp_path_factory, tmpdir, tmpdir_factory, unused_tcp_port, unused_tcp_port_factory, unused_udp_port, unused_udp_port_factory, worker_id
>       use 'pytest --fixtures [testpath]' for help on them.

/home/trim/Documents/GitHub/GeneralizedNotationNotation/src/tests/test_pipeline_error_scenarios.py:293
_ ERROR at setup of TestPipelineIntegrationScenarios.test_error_recovery_and_continuation _
file /home/trim/Documents/GitHub/GeneralizedNotationNotation/src/tests/test_pipeline_error_scenarios.py, line 343
      @pytest.mark.integration
      @pytest.mark.safe_to_fail
      def test_error_recovery_and_continuation(self, temp_directories):
E       fixture 'temp_directories' not found
>       available fixtures: _class_scoped_runner, _function_scoped_runner, _module_scoped_runner, _package_scoped_runner, _session_scoped_runner, anyio_backend, anyio_backend_name, anyio_backend_options, benchmark, benchmark_weave, cache, capfd, capfdbinary, caplog, capsys, capsysbinary, capteesys, capture_logs, class_mocker, comprehensive_test_data, cov, doctest_namespace, event_loop_policy, free_tcp_port, free_tcp_port_factory, free_udp_port, free_udp_port_factory, full_pipeline_environment, include_metadata_in_junit_xml, isolated_temp_dir, json_metadata, metadata, mock_dangerous_operations, mock_filesystem, mock_imports, mock_llm_provider, mock_logger, mock_mcp_tools, mock_render_module, mock_subprocess, mocker, module_mocker, monkeypatch, no_cover, package_mocker, pipeline_arguments, project_root, pytestconfig, record_property, record_testsuite_property, record_xml_attribute, recwarn, safe_filesystem, sample_gnn_file, sample_gnn_files, sample_gnn_spec, sample_markdown, sample_scala, session_mocker, simulate_failures, src_dir, temp_output_dir, test_config, test_data_dir, test_dir, testrun_uid, tmp_path, tmp_path_factory, tmpdir, tmpdir_factory, unused_tcp_port, unused_tcp_port_factory, unused_udp_port, unused_udp_port_factory, worker_id
>       use 'pytest --fixtures [testpath]' for help on them.

/home/trim/Documents/GitHub/GeneralizedNotationNotation/src/tests/test_pipeline_error_scenarios.py:343
_ ERROR at setup of TestIntegrationValidation.test_end_to_end_pipeline_with_improvements _
file /home/trim/Documents/GitHub/GeneralizedNotationNotation/src/tests/test_pipeline_improvements_validation.py, line 446
      @pytest.mark.integration
      @pytest.mark.safe_to_fail
      def test_end_to_end_pipeline_with_improvements(self, temp_directories):
E       fixture 'temp_directories' not found
>       available fixtures: _class_scoped_runner, _function_scoped_runner, _module_scoped_runner, _package_scoped_runner, _session_scoped_runner, anyio_backend, anyio_backend_name, anyio_backend_options, benchmark, benchmark_weave, cache, capfd, capfdbinary, caplog, capsys, capsysbinary, capteesys, capture_logs, class_mocker, comprehensive_test_data, cov, doctest_namespace, event_loop_policy, free_tcp_port, free_tcp_port_factory, free_udp_port, free_udp_port_factory, full_pipeline_environment, include_metadata_in_junit_xml, isolated_temp_dir, json_metadata, metadata, mock_dangerous_operations, mock_filesystem, mock_imports, mock_llm_provider, mock_logger, mock_mcp_tools, mock_render_module, mock_subprocess, mocker, module_mocker, monkeypatch, no_cover, package_mocker, pipeline_arguments, project_root, pytestconfig, record_property, record_testsuite_property, record_xml_attribute, recwarn, safe_filesystem, sample_gnn_file, sample_gnn_files, sample_gnn_spec, sample_markdown, sample_scala, session_mocker, simulate_failures, src_dir, temp_output_dir, test_config, test_data_dir, test_dir, testrun_uid, tmp_path, tmp_path_factory, tmpdir, tmpdir_factory, unused_tcp_port, unused_tcp_port_factory, unused_udp_port, unused_udp_port_factory, worker_id
>       use 'pytest --fixtures [testpath]' for help on them.

/home/trim/Documents/GitHub/GeneralizedNotationNotation/src/tests/test_pipeline_improvements_validation.py:446
=================================== FAILURES ===================================
_____ TestDependencyErrorScenarios.test_missing_pymdp_graceful_degradation _____
src/tests/test_pipeline_error_scenarios.py:47: in test_missing_pymdp_graceful_degradation
    simulator.create_model({})
    ^^^^^^^^^^^^^^^^^^^^^^
E   AttributeError: 'PyMDPSimulation' object has no attribute 'create_model'
------------------------------ Captured log call -------------------------------
INFO     execute.pymdp.pymdp_simulation:pymdp_simulation.py:249 Initialized with default gridworld configuration
INFO     execute.pymdp.pymdp_simulation:pymdp_simulation.py:564 Created PyMDP model: 4S, 5A, 4O
_ TestErrorHandlingImprovements.test_standardized_error_handler_functionality __
src/tests/test_pipeline_improvements_validation.py:239: in test_standardized_error_handler_functionality
    should_continue = handler.handle_file_operation_error("read", test_path, file_error)
                      ^^^^^^^^^^^^^^^^^^^^^^^^^^^^^^^^^^^^^^^^^^^^^^^^^^^^^^^^^^^^^^^^^^
src/utils/standardized_error_handling.py:129: in handle_file_operation_error
    category = ErrorCategory.FILE_ERROR
               ^^^^^^^^^^^^^^^^^^^^^^^^
../../../.local/share/uv/python/cpython-3.11.7-linux-x86_64-gnu/lib/python3.11/enum.py:784: in __getattr__
    raise AttributeError(name) from None
E   AttributeError: FILE_ERROR
------------------------------ Captured log call -------------------------------
WARNING  test_step::0 ⚠️ test_dependency not available - install with: pip install test_dependency [step_number=None]
==================================== PASSES ====================================
____________ TestTypeCheckerModule.test_type_checker_instantiation _____________
------------------------------ Captured log call -------------------------------
INFO     src.type_checker.checker:checker.py:230 GNNTypeChecker initialized. Strict mode: False
______________ TestGNNModuleComprehensive.test_gnn_module_imports ______________
------------------------------ Captured log call -------------------------------
INFO     root:test_core_modules.py:62 GNN module imports validated
______________ TestGNNModuleComprehensive.test_gnn_file_discovery ______________
------------------------------ Captured log call -------------------------------
INFO     root:test_core_modules.py:85 GNN file discovery validated: 1 files found
_______________ TestGNNModuleComprehensive.test_gnn_file_parsing _______________
------------------------------ Captured log call -------------------------------
WARNING  root:test_core_modules.py:107 Failed to parse simple.gnn: Parsed data should contain ModelName
assert 'ModelName' in {'file_path': '/tmp/tmpol7952sd/simple.gnn', 'file_name': 'simple.gnn', 'file_size': 136, 'sections': ['Test GNN Model', 'Model Name', 'State Space', 'Connections', 'Parameters'], 'variables': ['type', 'A', 's'], 'structure_info': {'has_variables': True, 'has_sections': True, 'variable_count': 3, 'section_count': 5, 'line_count': 14, 'char_count': 136}, 'parse_timestamp': '2025-09-01T12:04:09.994753'}
___________ TestRenderModuleComprehensive.test_render_module_imports ___________
------------------------------ Captured log call -------------------------------
INFO     root:test_core_modules.py:156 Render module imports validated
______________ TestRenderModuleComprehensive.test_pymdp_rendering ______________
------------------------------ Captured log call -------------------------------
INFO     root:test_core_modules.py:172 PyMDP rendering validated
_____________ TestRenderModuleComprehensive.test_rxinfer_rendering _____________
------------------------------ Captured log call -------------------------------
INFO     root:test_core_modules.py:187 RxInfer rendering validated
_____ TestExecuteModuleComprehensive.test_execution_environment_validation _____
------------------------------ Captured log call -------------------------------
WARNING  root:test_core_modules.py:244 Execution environment validation failed: Status should contain python_version
assert 'python_version' in {'valid': False, 'issues': ['validate_execution_environment not available']}
______________ TestLLMModuleComprehensive.test_llm_model_analysis ______________
------------------------------ Captured log call -------------------------------
INFO     src.llm.llm_processor:llm_processor.py:84 Loaded API keys for providers: ['openai']
INFO     src.llm.llm_operations:llm_operations.py:87 Created new LLM processor
INFO     src.llm.providers.openai_provider:openai_provider.py:95 OpenAI provider initialized successfully
INFO     src.llm.llm_processor:llm_processor.py:201 Initialized openai provider
WARNING  src.llm.providers.openrouter_provider:openrouter_provider.py:116 OpenRouter API key not provided
WARNING  src.llm.llm_processor:llm_processor.py:203 Failed to initialize openrouter provider
WARNING  src.llm.providers.perplexity_provider:perplexity_provider.py:90 Perplexity API key not provided
WARNING  src.llm.llm_processor:llm_processor.py:203 Failed to initialize perplexity provider
INFO     src.llm.providers.ollama_provider:ollama_provider.py:86 Ollama provider initialized (CLI fallback)
INFO     src.llm.llm_processor:llm_processor.py:201 Initialized ollama provider
INFO     src.llm.llm_processor:llm_processor.py:211 LLM Processor initialized with 2 providers
INFO     httpx:_client.py:1740 HTTP Request: POST https://api.openai.com/v1/chat/completions "HTTP/1.1 401 Unauthorized"
ERROR    src.llm.providers.openai_provider:openai_provider.py:214 OpenAI API call failed: Error code: 401 - {'error': {'message': 'Incorrect API key provided: sk-proj-********************************************************************************************************************************************************m_oA. You can find your API key at https://platform.openai.com/account/api-keys.', 'type': 'invalid_request_error', 'param': None, 'code': 'invalid_api_key'}}
ERROR    src.llm.llm_processor:llm_processor.py:334 Analysis failed with openai: Error code: 401 - {'error': {'message': 'Incorrect API key provided: sk-proj-********************************************************************************************************************************************************m_oA. You can find your API key at https://platform.openai.com/account/api-keys.', 'type': 'invalid_request_error', 'param': None, 'code': 'invalid_api_key'}}
INFO     httpx:_client.py:1740 HTTP Request: POST https://api.openai.com/v1/chat/completions "HTTP/1.1 401 Unauthorized"
ERROR    src.llm.providers.openai_provider:openai_provider.py:214 OpenAI API call failed: Error code: 401 - {'error': {'message': 'Incorrect API key provided: sk-proj-********************************************************************************************************************************************************m_oA. You can find your API key at https://platform.openai.com/account/api-keys.', 'type': 'invalid_request_error', 'param': None, 'code': 'invalid_api_key'}}
WARNING  src.llm.llm_processor:llm_processor.py:356 Fallback failed with openai: Error code: 401 - {'error': {'message': 'Incorrect API key provided: sk-proj-********************************************************************************************************************************************************m_oA. You can find your API key at https://platform.openai.com/account/api-keys.', 'type': 'invalid_request_error', 'param': None, 'code': 'invalid_api_key'}}
______________ TestMCPModuleComprehensive.test_mcp_module_imports ______________
------------------------------ Captured log call -------------------------------
INFO     root:test_core_modules.py:346 MCP module imports validated
____________ TestMCPModuleComprehensive.test_mcp_tool_registration _____________
------------------------------ Captured log call -------------------------------
WARNING  root:test_core_modules.py:372 MCP tool registration failed: Tools should be a list
assert False
 +  where False = isinstance(True, list)
_____________ TestMCPModuleComprehensive.test_mcp_request_handling _____________
------------------------------ Captured log call -------------------------------
INFO     src.mcp.processor:processor.py:72 Handling MCP request: tools/list
INFO     root:test_core_modules.py:392 MCP request handling validated
________ TestOntologyModuleComprehensive.test_ontology_term_validation _________
------------------------------ Captured log call -------------------------------
INFO     ontology:pipeline_template.py:47 🚀 Processing ontology
INFO     ontology:pipeline_template.py:48 ✅ Ontology processing completed successfully
____________ TestWebsiteModuleComprehensive.test_website_generation ____________
------------------------------ Captured log call -------------------------------
INFO     website:renderer.py:152 Website generated successfully with 1 pages
___________ TestWebsiteModuleComprehensive.test_html_report_creation ___________
------------------------------ Captured log call -------------------------------
INFO     website:renderer.py:152 Website generated successfully with 1 pages
_____________ TestSAPFModuleComprehensive.test_sapf_module_imports _____________
------------------------------ Captured log call -------------------------------
INFO     root:test_core_modules.py:559 SAPF module imports validated successfully
_______________ TestSAPFModuleComprehensive.test_sapf_validation _______________
------------------------------ Captured log call -------------------------------
INFO     root:test_core_modules.py:636 SAPF validation functionality confirmed
____________ TestSAPFModuleComprehensive.test_sapf_audio_generation ____________
------------------------------ Captured log call -------------------------------
INFO     root:test_core_modules.py:655 SAPF audio generation functionality confirmed
______________ TestCoreModuleIntegration.test_module_coordination ______________
------------------------------ Captured log call -------------------------------
WARNING  root:test_core_modules.py:679 Core module coordination failed: cannot import name 'execute_gnn_model' from 'src.execute' (/home/trim/Documents/GitHub/GeneralizedNotationNotation/src/execute/__init__.py)
_______________ TestCoreModuleIntegration.test_module_data_flow ________________
------------------------------ Captured log call -------------------------------
INFO     root:test_core_modules.py:694 Module data flow validated
________________________ test_core_module_completeness _________________________
------------------------------ Captured log call -------------------------------
INFO     root:test_core_modules.py:701 Core module completeness test passed
_________________________ test_core_module_performance _________________________
------------------------------ Captured log call -------------------------------
INFO     root:test_core_modules.py:707 Core module performance test completed
_____________________ TestCoverageOverall.test_llm_imports _____________________
------------------------------ Captured log call -------------------------------
INFO     llm.llm_processor:llm_processor.py:84 Loaded API keys for providers: ['openai']
INFO     llm.llm_operations:llm_operations.py:87 Created new LLM processor
________ TestEnvironmentModuleComprehensive.test_environment_validation ________
------------------------------ Captured log call -------------------------------
INFO     setup.setup:setup.py:110 🔍 Checking system requirements...
INFO     setup.setup:setup.py:119 ✅ Python version check passed: 3.11.7
INFO     setup.setup:setup.py:126 ✅ UV is available: uv 0.8.5
INFO     setup.setup:setup.py:142 ✅ Disk space check passed: 106.30GB free
INFO     setup.setup:setup.py:332 📋 Getting list of installed packages using UV...
INFO     setup.setup:setup.py:359 📦 Found 286 installed packages using UV
INFO     setup.setup:setup.py:369 📋 Key installed packages:
INFO     setup.setup:setup.py:372   - pytest: 8.4.1
INFO     setup.setup:setup.py:372   - numpy: 2.2.6
INFO     setup.setup:setup.py:372   - matplotlib: 3.10.5
INFO     setup.setup:setup.py:372   - scipy: 1.16.1
INFO     setup.setup:setup.py:378 📄 Full package list saved to: /home/trim/Documents/GitHub/GeneralizedNotationNotation/.venv/installed_packages_uv.json
__________ TestEnvironmentFunctionality.test_dependency_installation ___________
------------------------------ Captured log call -------------------------------
INFO     setup.setup:setup.py:276 📦 Installing dependencies from /home/trim/Documents/GitHub/GeneralizedNotationNotation/pyproject.toml using UV sync
INFO     setup.setup:setup.py:305 ✅ Dependencies installed using UV in 0.4s
INFO     setup.setup:setup.py:332 📋 Getting list of installed packages using UV...
INFO     setup.setup:setup.py:359 📦 Found 163 installed packages using UV
INFO     setup.setup:setup.py:363 📋 Installed packages:
INFO     setup.setup:setup.py:365   - absl-py: 2.3.1
INFO     setup.setup:setup.py:365   - aiofiles: 24.1.0
INFO     setup.setup:setup.py:365   - aiohappyeyeballs: 2.6.1
INFO     setup.setup:setup.py:365   - aiohttp: 3.12.15
INFO     setup.setup:setup.py:365   - aiosignal: 1.4.0
INFO     setup.setup:setup.py:365   - altair: 5.5.0
INFO     setup.setup:setup.py:365   - annotated-types: 0.7.0
INFO     setup.setup:setup.py:365   - anyio: 4.10.0
INFO     setup.setup:setup.py:365   - attrs: 25.3.0
INFO     setup.setup:setup.py:365   - authlib: 1.6.1
INFO     setup.setup:setup.py:365   - bandit: 1.8.6
INFO     setup.setup:setup.py:365   - black: 25.1.0
INFO     setup.setup:setup.py:365   - brotli: 1.1.0
INFO     setup.setup:setup.py:365   - certifi: 2025.8.3
INFO     setup.setup:setup.py:365   - cffi: 1.17.1
INFO     setup.setup:setup.py:365   - charset-normalizer: 3.4.2
INFO     setup.setup:setup.py:365   - chex: 0.1.90
INFO     setup.setup:setup.py:365   - click: 8.2.1
INFO     setup.setup:setup.py:365   - contourpy: 1.3.3
INFO     setup.setup:setup.py:365   - coverage: 7.10.2
INFO     setup.setup:setup.py:365   - cryptography: 45.0.6
INFO     setup.setup:setup.py:365   - cycler: 0.12.1
INFO     setup.setup:setup.py:365   - defusedxml: 0.7.1
INFO     setup.setup:setup.py:365   - discopy: 1.2.0
INFO     setup.setup:setup.py:365   - dparse: 0.6.4
INFO     setup.setup:setup.py:365   - etils: 1.13.0
INFO     setup.setup:setup.py:365   - execnet: 2.1.1
INFO     setup.setup:setup.py:365   - fastapi: 0.116.1
INFO     setup.setup:setup.py:365   - ffmpy: 0.6.1
INFO     setup.setup:setup.py:365   - filelock: 3.16.1
INFO     setup.setup:setup.py:365   - flake8: 7.3.0
INFO     setup.setup:setup.py:365   - flax: 0.11.0
INFO     setup.setup:setup.py:365   - fonttools: 4.59.0
INFO     setup.setup:setup.py:365   - frozenlist: 1.7.0
INFO     setup.setup:setup.py:365   - fsspec: 2025.7.0
INFO     setup.setup:setup.py:365   - generalized-notation-notation: 1.1.0
INFO     setup.setup:setup.py:365   - gradio: 5.42.0
INFO     setup.setup:setup.py:365   - gradio-client: 1.11.1
INFO     setup.setup:setup.py:365   - groovy: 0.1.2
INFO     setup.setup:setup.py:365   - h11: 0.16.0
INFO     setup.setup:setup.py:365   - hf-xet: 1.1.7
INFO     setup.setup:setup.py:365   - httpcore: 1.0.9
INFO     setup.setup:setup.py:365   - httpx: 0.28.1
INFO     setup.setup:setup.py:365   - huggingface-hub: 0.34.3
INFO     setup.setup:setup.py:365   - humanize: 4.12.3
INFO     setup.setup:setup.py:365   - idna: 3.10
INFO     setup.setup:setup.py:365   - importlib-resources: 6.5.2
INFO     setup.setup:setup.py:365   - iniconfig: 2.1.0
INFO     setup.setup:setup.py:365   - jax: 0.7.0
INFO     setup.setup:setup.py:365   - jaxlib: 0.7.0
INFO     setup.setup:setup.py:365   - jinja2: 3.1.6
INFO     setup.setup:setup.py:365   - joblib: 1.5.1
INFO     setup.setup:setup.py:365   - jsonschema: 4.25.0
INFO     setup.setup:setup.py:365   - jsonschema-specifications: 2025.4.1
INFO     setup.setup:setup.py:365   - kiwisolver: 1.4.8
INFO     setup.setup:setup.py:365   - markdown: 3.8.2
INFO     setup.setup:setup.py:365   - markdown-it-py: 3.0.0
INFO     setup.setup:setup.py:365   - markupsafe: 3.0.2
INFO     setup.setup:setup.py:365   - marshmallow: 4.0.0
INFO     setup.setup:setup.py:365   - matplotlib: 3.10.5
INFO     setup.setup:setup.py:365   - mccabe: 0.7.0
INFO     setup.setup:setup.py:365   - mdurl: 0.1.2
INFO     setup.setup:setup.py:365   - ml-dtypes: 0.5.3
INFO     setup.setup:setup.py:365   - mpmath: 1.3.0
INFO     setup.setup:setup.py:365   - msgpack: 1.1.1
INFO     setup.setup:setup.py:365   - multidict: 6.6.3
INFO     setup.setup:setup.py:365   - mypy: 1.17.1
INFO     setup.setup:setup.py:365   - mypy-extensions: 1.1.0
INFO     setup.setup:setup.py:365   - narwhals: 2.0.1
INFO     setup.setup:setup.py:365   - nest-asyncio: 1.6.0
INFO     setup.setup:setup.py:365   - networkx: 3.5
INFO     setup.setup:setup.py:365   - nltk: 3.9.1
INFO     setup.setup:setup.py:365   - nose: 1.3.7
INFO     setup.setup:setup.py:365   - numpy: 2.2.6
INFO     setup.setup:setup.py:365   - nvidia-cublas-cu12: 12.8.4.1
INFO     setup.setup:setup.py:365   - nvidia-cuda-cupti-cu12: 12.8.90
INFO     setup.setup:setup.py:365   - nvidia-cuda-nvrtc-cu12: 12.8.93
INFO     setup.setup:setup.py:365   - nvidia-cuda-runtime-cu12: 12.8.90
INFO     setup.setup:setup.py:365   - nvidia-cudnn-cu12: 9.10.2.21
INFO     setup.setup:setup.py:365   - nvidia-cufft-cu12: 11.3.3.83
INFO     setup.setup:setup.py:365   - nvidia-cufile-cu12: 1.13.1.3
INFO     setup.setup:setup.py:365   - nvidia-curand-cu12: 10.3.9.90
INFO     setup.setup:setup.py:365   - nvidia-cusolver-cu12: 11.7.3.90
INFO     setup.setup:setup.py:365   - nvidia-cusparse-cu12: 12.5.8.93
INFO     setup.setup:setup.py:365   - nvidia-cusparselt-cu12: 0.7.1
INFO     setup.setup:setup.py:365   - nvidia-nccl-cu12: 2.27.3
INFO     setup.setup:setup.py:365   - nvidia-nvjitlink-cu12: 12.8.93
INFO     setup.setup:setup.py:365   - nvidia-nvtx-cu12: 12.8.90
INFO     setup.setup:setup.py:365   - opt-einsum: 3.4.0
INFO     setup.setup:setup.py:365   - optax: 0.2.5
INFO     setup.setup:setup.py:365   - orbax-checkpoint: 0.11.20
INFO     setup.setup:setup.py:365   - orjson: 3.11.2
INFO     setup.setup:setup.py:365   - packaging: 25.0
INFO     setup.setup:setup.py:365   - pandas: 2.3.1
INFO     setup.setup:setup.py:365   - pathspec: 0.12.1
INFO     setup.setup:setup.py:365   - pbr: 6.1.1
INFO     setup.setup:setup.py:365   - pillow: 11.3.0
INFO     setup.setup:setup.py:365   - platformdirs: 4.3.8
INFO     setup.setup:setup.py:365   - plotly: 6.2.0
INFO     setup.setup:setup.py:365   - pluggy: 1.6.0
INFO     setup.setup:setup.py:365   - propcache: 0.3.2
INFO     setup.setup:setup.py:365   - protobuf: 6.31.1
INFO     setup.setup:setup.py:365   - psutil: 6.1.1
INFO     setup.setup:setup.py:365   - pycodestyle: 2.14.0
INFO     setup.setup:setup.py:365   - pycparser: 2.22
INFO     setup.setup:setup.py:365   - pydantic: 2.9.2
INFO     setup.setup:setup.py:365   - pydantic-core: 2.23.4
INFO     setup.setup:setup.py:365   - pydub: 0.25.1
INFO     setup.setup:setup.py:365   - pyflakes: 3.4.0
INFO     setup.setup:setup.py:365   - pygments: 2.19.2
INFO     setup.setup:setup.py:365   - pymdp: 0.0.1
INFO     setup.setup:setup.py:365   - pyparsing: 3.2.3
INFO     setup.setup:setup.py:365   - pytest: 8.4.1
INFO     setup.setup:setup.py:365   - pytest-asyncio: 1.1.0
INFO     setup.setup:setup.py:365   - pytest-cov: 6.2.1
INFO     setup.setup:setup.py:365   - pytest-json-report: 1.5.0
INFO     setup.setup:setup.py:365   - pytest-metadata: 3.1.1
INFO     setup.setup:setup.py:365   - pytest-timeout: 2.4.0
INFO     setup.setup:setup.py:365   - pytest-xdist: 3.8.0
INFO     setup.setup:setup.py:365   - python-dateutil: 2.9.0.post0
INFO     setup.setup:setup.py:365   - python-multipart: 0.0.20
INFO     setup.setup:setup.py:365   - pytz: 2025.2
INFO     setup.setup:setup.py:365   - pyyaml: 6.0.2
INFO     setup.setup:setup.py:365   - referencing: 0.36.2
INFO     setup.setup:setup.py:365   - regex: 2025.7.34
INFO     setup.setup:setup.py:365   - requests: 2.32.4
INFO     setup.setup:setup.py:365   - rich: 14.1.0
INFO     setup.setup:setup.py:365   - rpds-py: 0.26.0
INFO     setup.setup:setup.py:365   - ruamel-yaml: 0.18.14
INFO     setup.setup:setup.py:365   - ruamel-yaml-clib: 0.2.12
INFO     setup.setup:setup.py:365   - ruff: 0.12.8
INFO     setup.setup:setup.py:365   - safehttpx: 0.1.6
INFO     setup.setup:setup.py:365   - safety: 3.6.0
INFO     setup.setup:setup.py:365   - safety-schemas: 0.0.14
INFO     setup.setup:setup.py:365   - scikit-learn: 1.7.1
INFO     setup.setup:setup.py:365   - scipy: 1.16.1
INFO     setup.setup:setup.py:365   - semantic-version: 2.10.0
INFO     setup.setup:setup.py:365   - setuptools: 80.9.0
INFO     setup.setup:setup.py:365   - shellingham: 1.5.4
INFO     setup.setup:setup.py:365   - simplejson: 3.20.1
INFO     setup.setup:setup.py:365   - six: 1.17.0
INFO     setup.setup:setup.py:365   - sniffio: 1.3.1
INFO     setup.setup:setup.py:365   - starlette: 0.47.2
INFO     setup.setup:setup.py:365   - stevedore: 5.4.1
INFO     setup.setup:setup.py:365   - sympy: 1.14.0
INFO     setup.setup:setup.py:365   - tenacity: 9.1.2
INFO     setup.setup:setup.py:365   - tensorstore: 0.1.76
INFO     setup.setup:setup.py:365   - threadpoolctl: 3.6.0
INFO     setup.setup:setup.py:365   - toml: 0.10.2
INFO     setup.setup:setup.py:365   - tomlkit: 0.13.3
INFO     setup.setup:setup.py:365   - toolz: 1.0.0
INFO     setup.setup:setup.py:365   - torch: 2.8.0
INFO     setup.setup:setup.py:365   - tqdm: 4.67.1
INFO     setup.setup:setup.py:365   - treescope: 0.1.9
INFO     setup.setup:setup.py:365   - triton: 3.4.0
INFO     setup.setup:setup.py:365   - typer: 0.16.0
INFO     setup.setup:setup.py:365   - typing-extensions: 4.14.1
INFO     setup.setup:setup.py:365   - tzdata: 2025.2
INFO     setup.setup:setup.py:365   - urllib3: 2.5.0
INFO     setup.setup:setup.py:365   - uvicorn: 0.35.0
INFO     setup.setup:setup.py:365   - websockets: 15.0.1
INFO     setup.setup:setup.py:365   - yarl: 1.20.1
INFO     setup.setup:setup.py:365   - zipp: 3.23.0
INFO     setup.setup:setup.py:378 📄 Full package list saved to: /home/trim/Documents/GitHub/GeneralizedNotationNotation/.venv/installed_packages_uv.json
_______ TestEnvironmentIntegration.test_environment_pipeline_integration _______
------------------------------ Captured log call -------------------------------
INFO     setup.setup:setup.py:110 🔍 Checking system requirements...
INFO     setup.setup:setup.py:119 ✅ Python version check passed: 3.11.7
INFO     setup.setup:setup.py:126 ✅ UV is available: uv 0.8.5
INFO     setup.setup:setup.py:142 ✅ Disk space check passed: 106.32GB free
INFO     setup.setup:setup.py:332 📋 Getting list of installed packages using UV...
INFO     setup.setup:setup.py:359 📦 Found 163 installed packages using UV
INFO     setup.setup:setup.py:369 📋 Key installed packages:
INFO     setup.setup:setup.py:372   - pytest: 8.4.1
INFO     setup.setup:setup.py:372   - numpy: 2.2.6
INFO     setup.setup:setup.py:372   - matplotlib: 3.10.5
INFO     setup.setup:setup.py:372   - scipy: 1.16.1
[...]
PASSED src/tests/test_core_modules.py::TestOntologyModuleComprehensive::test_ontology_module_imports
PASSED src/tests/test_core_modules.py::TestOntologyModuleComprehensive::test_ontology_term_validation
PASSED src/tests/test_core_modules.py::TestWebsiteModuleComprehensive::test_website_module_imports
PASSED src/tests/test_core_modules.py::TestWebsiteModuleComprehensive::test_website_generation
PASSED src/tests/test_core_modules.py::TestWebsiteModuleComprehensive::test_html_report_creation
PASSED src/tests/test_core_modules.py::TestSAPFModuleComprehensive::test_sapf_module_imports
PASSED src/tests/test_core_modules.py::TestSAPFModuleComprehensive::test_sapf_validation
PASSED src/tests/test_core_modules.py::TestSAPFModuleComprehensive::test_sapf_audio_generation
PASSED src/tests/test_core_modules.py::TestCoreModuleIntegration::test_module_coordination
PASSED src/tests/test_core_modules.py::TestCoreModuleIntegration::test_module_data_flow
PASSED src/tests/test_core_modules.py::test_core_module_completeness
PASSED src/tests/test_core_modules.py::test_core_module_performance
PASSED src/tests/test_coverage_overall.py::TestCoverageOverall::test_gnn_core_imports
PASSED src/tests/test_coverage_overall.py::TestCoverageOverall::test_audio_imports
PASSED src/tests/test_coverage_overall.py::TestCoverageOverall::test_export_imports
PASSED src/tests/test_coverage_overall.py::TestCoverageOverall::test_visualization_imports
PASSED src/tests/test_coverage_overall.py::TestCoverageOverall::test_llm_imports
PASSED src/tests/test_environment_overall.py::TestEnvironmentModuleComprehensive::test_environment_module_imports
PASSED src/tests/test_environment_overall.py::TestEnvironmentModuleComprehensive::test_environment_manager_instantiation
PASSED src/tests/test_environment_overall.py::TestEnvironmentModuleComprehensive::test_virtual_environment_instantiation
PASSED src/tests/test_environment_overall.py::TestEnvironmentModuleComprehensive::test_environment_module_info
PASSED src/tests/test_environment_overall.py::TestEnvironmentModuleComprehensive::test_environment_validation
PASSED src/tests/test_environment_overall.py::TestEnvironmentFunctionality::test_environment_setup
PASSED src/tests/test_environment_overall.py::TestEnvironmentFunctionality::test_dependency_installation
PASSED src/tests/test_environment_overall.py::TestEnvironmentFunctionality::test_python_version_check
PASSED src/tests/test_environment_overall.py::TestEnvironmentIntegration::test_environment_pipeline_integration
PASSED src/tests/test_environment_overall.py::test_environment_module_completeness
PASSED src/tests/test_environment_overall.py::test_environment_module_performance
PASSED src/tests/test_export_overall.py::TestExportModuleComprehensive::test_export_module_imports
PASSED src/tests/test_export_overall.py::TestExportModuleComprehensive::test_exporter_instantiation
PASSED src/tests/test_export_overall.py::TestExportModuleComprehensive::test_multi_format_exporter_instantiation
PASSED src/tests/test_export_overall.py::TestExportModuleComprehensive::test_export_module_info
PASSED src/tests/test_export_overall.py::TestExportModuleComprehensive::test_supported_formats
PASSED src/tests/test_export_overall.py::TestExportFunctionality::test_export_gnn_model
PASSED src/tests/test_export_overall.py::TestExportFunctionality::test_export_format_validation
PASSED src/tests/test_export_overall.py::TestExportFunctionality::test_multi_format_export
PASSED src/tests/test_export_overall.py::TestExportIntegration::test_export_pipeline_integration
PASSED src/tests/test_export_overall.py::TestExportIntegration::test_export_mcp_integration
PASSED src/tests/test_export_overall.py::test_export_module_completeness
PASSED src/tests/test_export_overall.py::test_export_module_performance
PASSED src/tests/test_fast_suite.py::TestFastEnvironment::test_python_environment
PASSED src/tests/test_fast_suite.py::TestFastEnvironment::test_test_configuration
PASSED src/tests/test_fast_suite.py::TestFastEnvironment::test_essential_directories
PASSED src/tests/test_fast_suite.py::TestFastGNNProcessing::test_gnn_module_import
PASSED src/tests/test_fast_suite.py::TestFastGNNProcessing::test_gnn_file_creation
PASSED src/tests/test_fast_suite.py::TestFastGNNProcessing::test_gnn_content_validation
PASSED src/tests/test_fast_suite.py::TestFastPipelineComponents::test_utils_module_import
PASSED src/tests/test_fast_suite.py::TestFastPipelineComponents::test_pipeline_module_import
PASSED src/tests/test_fast_suite.py::TestFastPipelineComponents::test_type_checker_import
PASSED src/tests/test_fast_suite.py::TestFastExport::test_export_module_import
PASSED src/tests/test_fast_suite.py::TestFastExport::test_basic_export_functionality
PASSED src/tests/test_fast_suite.py::TestFastVisualization::test_visualization_module_import
PASSED src/tests/test_fast_suite.py::TestFastRender::test_render_module_import
PASSED src/tests/test_fast_suite.py::TestFastExecute::test_execute_module_import
PASSED src/tests/test_fast_suite.py::TestFastLLM::test_llm_module_import
PASSED src/tests/test_fast_suite.py::TestFastMCP::test_mcp_module_import
PASSED src/tests/test_fast_suite.py::TestFastOntology::test_ontology_module_import
PASSED src/tests/test_fast_suite.py::TestFastSAPF::test_sapf_module_import
PASSED src/tests/test_fast_suite.py::TestFastWebsite::test_website_module_import
PASSED src/tests/test_fast_suite.py::TestFastIntegration::test_basic_pipeline_flow
PASSED src/tests/test_fast_suite.py::TestFastIntegration::test_test_environment_setup
PASSED src/tests/test_fast_suite.py::test_fast_suite_completeness
PASSED src/tests/test_gnn_integration.py::TestGNNIntegration::test_gnn_file_processing
PASSED src/tests/test_gnn_integration.py::TestGNNIntegration::test_gnn_validation
PASSED src/tests/test_gnn_integration.py::TestGNNIntegration::test_gnn_format_conversion
PASSED src/tests/test_gnn_integration.py::TestGNNIntegration::test_gnn_error_handling
PASSED src/tests/test_gnn_integration.py::TestGNNIntegration::test_gnn_performance
PASSED src/tests/test_gnn_integration.py::TestGNNIntegration::test_gnn_memory_usage
PASSED src/tests/test_gnn_overall.py::TestGNNCoreProcessor::test_core_processor_imports
PASSED src/tests/test_gnn_overall.py::TestGNNCoreProcessor::test_gnn_processor_basic_imports
PASSED src/tests/test_gnn_overall.py::TestGNNReporting::test_reporting_imports
PASSED src/tests/test_gnn_parsing.py::TestGNNDiscovery::test_discovery_imports
PASSED src/tests/test_gnn_parsing.py::TestMarkdownParser::test_valid_parsing
PASSED src/tests/test_gnn_parsing.py::TestMarkdownParser::test_invalid_parsing
PASSED src/tests/test_gnn_parsing.py::TestMarkdownParser::test_empty_string
PASSED src/tests/test_gnn_parsing.py::TestScalaParser::test_valid_parsing
PASSED src/tests/test_gnn_parsing.py::TestLeanParser::test_valid_parsing
PASSED src/tests/test_gnn_parsing.py::TestCoqParser::test_valid_parsing
PASSED src/tests/test_gnn_processing.py::TestGNNParsersSerializers::test_serializers_imports
PASSED src/tests/test_gnn_validation.py::TestGNNValidation::test_validation_imports
PASSED src/tests/test_gnn_validation.py::TestGNNSimpleValidator::test_simple_validator_imports
PASSED src/tests/test_gnn_validation.py::TestGNNSimpleValidator::test_simple_validator_instantiation
PASSED src/tests/test_gnn_validation.py::TestGNNSimpleValidator::test_simple_validation
PASSED src/tests/test_gui_functionality.py::TestGUIFunctionality::test_headless_artifacts
PASSED src/tests/test_gui_overall.py::TestGUIModuleComprehensive::test_gui_markdown_helpers_imports
PASSED src/tests/test_gui_overall.py::TestGUIModuleComprehensive::test_add_component_and_parse
PASSED src/tests/test_gui_overall.py::TestGUIModuleComprehensive::test_update_states_append_and_replace
PASSED src/tests/test_gui_overall.py::TestGUIModuleComprehensive::test_remove_component
PASSED src/tests/test_llm_ollama.py::test_import_ollama_provider
PASSED src/tests/test_llm_ollama.py::test_ollama_provider_initialize
PASSED src/tests/test_llm_ollama.py::test_ollama_simple_chat
PASSED src/tests/test_llm_ollama.py::test_ollama_streaming
PASSED src/tests/test_llm_ollama.py::test_processor_uses_ollama_when_no_keys
PASSED src/tests/test_llm_overall.py::TestLLMModuleComprehensive::test_llm_module_imports
PASSED src/tests/test_llm_overall.py::TestLLMModuleComprehensive::test_llm_processor_instantiation
PASSED src/tests/test_llm_overall.py::TestLLMModuleComprehensive::test_llm_analyzer_instantiation
PASSED src/tests/test_llm_overall.py::TestLLMModuleComprehensive::test_llm_module_info
PASSED src/tests/test_llm_overall.py::TestLLMModuleComprehensive::test_llm_providers
PASSED src/tests/test_llm_overall.py::TestLLMFunctionality::test_model_analysis
PASSED src/tests/test_llm_overall.py::TestLLMFunctionality::test_description_generation
PASSED src/tests/test_llm_overall.py::TestLLMFunctionality::test_content_analysis
PASSED src/tests/test_llm_overall.py::TestLLMIntegration::test_llm_pipeline_integration
PASSED src/tests/test_llm_overall.py::TestLLMIntegration::test_llm_mcp_integration
PASSED src/tests/test_llm_overall.py::test_llm_module_completeness
PASSED src/tests/test_llm_overall.py::test_llm_module_performance
PASSED src/tests/test_main_orchestrator.py::TestMainOrchestratorImport::test_main_orchestrator_file_exists
PASSED src/tests/test_main_orchestrator.py::TestMainOrchestratorImport::test_main_orchestrator_help_executes
PASSED src/tests/test_main_orchestrator.py::TestMainOrchestratorImport::test_main_orchestrator_component_availability
PASSED src/tests/test_main_orchestrator.py::TestArgumentParsing::test_help
PASSED src/tests/test_main_orchestrator.py::TestPipelineScriptDiscovery::test_pipeline_script_discovery_logic
PASSED src/tests/test_main_orchestrator.py::TestPipelineScriptDiscovery::test_pipeline_script_sorting
PASSED src/tests/test_main_orchestrator.py::TestVirtualEnvironmentHandling::test_python_executable_detection
PASSED src/tests/test_main_orchestrator.py::TestStepExecution::test_run_core_step
PASSED src/tests/test_main_orchestrator.py::TestPipelineCoordination::test_minimal_pipeline_execution
PASSED src/tests/test_main_orchestrator.py::TestPipelineCoordination::test_environment_info_function
PASSED src/tests/test_main_orchestrator.py::TestEndToEndIntegration::test_run_pipeline_subset
PASSED src/tests/test_mcp_integration.py::TestMCPIntegration::test_mcp_tool_registration
PASSED src/tests/test_mcp_integration.py::TestMCPIntegration::test_mcp_transport_layer
PASSED src/tests/test_mcp_integration.py::TestMCPIntegration::test_mcp_message_format
PASSED src/tests/test_mcp_integration.py::TestMCPIntegration::test_mcp_response_format
PASSED src/tests/test_mcp_integration.py::TestMCPIntegration::test_mcp_error_handling
PASSED src/tests/test_mcp_integration.py::TestMCPIntegration::test_mcp_performance
PASSED src/tests/test_mcp_integration.py::TestMCPIntegration::test_mcp_memory_usage
PASSED src/tests/test_mcp_integration.py::TestMCPIntegration::test_mcp_concurrent_operations
PASSED src/tests/test_mcp_integration.py::TestMCPIntegration::test_mcp_validation
PASSED src/tests/test_mcp_overall.py::TestMCPCoreComprehensive::test_mcp_core_imports
PASSED src/tests/test_mcp_overall.py::TestMCPErrorHandling::test_mcp_error_classes
PASSED src/tests/test_mcp_overall.py::TestMCPErrorHandling::test_invalid_tool_execution
PASSED src/tests/test_mcp_overall.py::TestMCPErrorHandling::test_tool_execution_with_invalid_parameters
PASSED src/tests/test_mcp_overall.py::TestMCPResourceManagement::test_mcp_resource_registration
PASSED src/tests/test_mcp_overall.py::TestMCPModuleComprehensive::test_mcp_module_imports
PASSED src/tests/test_mcp_overall.py::TestMCPModuleComprehensive::test_mcp_server_instantiation
PASSED src/tests/test_mcp_overall.py::TestMCPModuleComprehensive::test_mcp_tools_registration
PASSED src/tests/test_mcp_overall.py::TestMCPModuleComprehensive::test_mcp_initialization
PASSED src/tests/test_mcp_overall.py::TestMCPModuleComprehensive::test_mcp_instance_retrieval
PASSED src/tests/test_mcp_tools.py::TestMCPToolExecution::test_gnn_validate_tool_execution
PASSED src/tests/test_mcp_tools.py::TestMCPToolExecution::test_export_tool_execution
PASSED src/tests/test_mcp_tools.py::TestMCPToolExecution::test_utils_system_info_execution
PASSED src/tests/test_mcp_transport.py::TestMCPTransportLayers::test_stdio_server_imports
PASSED src/tests/test_ontology_overall.py::TestOntologyModuleComprehensive::test_ontology_module_imports
PASSED src/tests/test_ontology_overall.py::TestOntologyModuleComprehensive::test_ontology_processor_instantiation
PASSED src/tests/test_ontology_overall.py::TestOntologyModuleComprehensive::test_ontology_validator_instantiation
PASSED src/tests/test_ontology_overall.py::TestOntologyModuleComprehensive::test_ontology_module_info
PASSED src/tests/test_ontology_overall.py::TestOntologyModuleComprehensive::test_ontology_processing_options
PASSED src/tests/test_ontology_overall.py::TestOntologyFunctionality::test_ontology_processing
PASSED src/tests/test_ontology_overall.py::TestOntologyFunctionality::test_ontology_validation
PASSED src/tests/test_ontology_overall.py::TestOntologyFunctionality::test_term_validation
PASSED src/tests/test_ontology_overall.py::TestOntologyIntegration::test_ontology_pipeline_integration
PASSED src/tests/test_ontology_overall.py::TestOntologyIntegration::test_ontology_mcp_integration
PASSED src/tests/test_ontology_overall.py::test_ontology_module_completeness
PASSED src/tests/test_ontology_overall.py::test_ontology_module_performance
PASSED src/tests/test_pipeline_error_scenarios.py::TestDependencyErrorScenarios::test_missing_discopy_graceful_degradation
PASSED src/tests/test_pipeline_error_scenarios.py::TestDependencyErrorScenarios::test_matplotlib_rendering_fallbacks
PASSED src/tests/test_pipeline_error_scenarios.py::TestErrorReportingAndDiagnostics::test_standardized_error_handler_creation
PASSED src/tests/test_pipeline_error_scenarios.py::TestErrorReportingAndDiagnostics::test_diagnostic_logger_creation
PASSED src/tests/test_pipeline_error_scenarios.py::TestErrorReportingAndDiagnostics::test_dependency_validation_reporting
PASSED src/tests/test_pipeline_functionality.py::TestPipelineFunctionality::test_visualization_generates_images
PASSED src/tests/test_pipeline_functionality.py::TestPipelineFunctionality::test_gnn_processing_generates_results
PASSED src/tests/test_pipeline_functionality.py::TestPipelineFunctionality::test_multi_format_export_generates_files
PASSED src/tests/test_pipeline_functionality.py::TestPipelineFunctionality::test_results_json_are_valid
PASSED src/tests/test_pipeline_functionality.py::TestPipelineFunctionality::test_preflight_metrics
PASSED src/tests/test_pipeline_improvements_validation.py::TestDiScoPyModuleCreation::test_discopy_translator_module_import
PASSED src/tests/test_pipeline_improvements_validation.py::TestDiScoPyModuleCreation::test_discopy_diagram_creation_graceful_degradation
PASSED src/tests/test_pipeline_improvements_validation.py::TestDiScoPyModuleCreation::test_visualize_jax_output_module_import
PASSED src/tests/test_pipeline_improvements_validation.py::TestVisualizationBugFixes::test_visualization_parser_type_safety
PASSED src/tests/test_pipeline_improvements_validation.py::TestVisualizationBugFixes::test_matplotlib_dpi_corruption_fix
PASSED src/tests/test_pipeline_improvements_validation.py::TestVisualizationBugFixes::test_visualization_data_structure_compatibility
PASSED src/tests/test_pipeline_improvements_validation.py::TestErrorHandlingImprovements::test_error_context_manager
PASSED src/tests/test_pipeline_improvements_validation.py::TestDependencyValidationImprovements::test_discopy_dependency_group
PASSED src/tests/test_pipeline_improvements_validation.py::TestDependencyValidationImprovements::test_pymdp_dependency_group
PASSED src/tests/test_pipeline_improvements_validation.py::TestDependencyValidationImprovements::test_improved_installation_instructions
PASSED src/tests/test_pipeline_improvements_validation.py::TestLoggingImprovements::test_diagnostic_logger_functionality
PASSED src/tests/test_pipeline_improvements_validation.py::TestLoggingImprovements::test_correlation_context
SKIPPED [1] src/tests/test_audio_sapf.py:30: SAPF validation not available
SKIPPED [1] src/tests/test_audio_sapf.py:51: SAPF validation not available
SKIPPED [1] src/tests/test_audio_sapf.py:90: SAPF conversion function not available
SKIPPED [1] src/tests/test_audio_sapf.py:119: SAPF oscillator function not available
SKIPPED [1] src/tests/test_audio_sapf.py:134: SAPF envelope function not available
SKIPPED [1] src/tests/test_audio_sapf.py:153: SAPF mixing function not available
SKIPPED [1] src/tests/test_core_modules.py:136: Validation test skipped due to: Valid GNN file should have basic structure: simple.gnn
assert False
SKIPPED [1] src/tests/test_core_modules.py:610: SAPF conversion not available: convert_gnn_to_sapf() missing 1 required positional argument: 'model_name'
SKIPPED [1] src/tests/test_environment_overall.py:158: Environment MCP not available
SKIPPED [1] src/tests/test_gnn_integration.py:28: GNN module not available
SKIPPED [1] src/tests/test_gnn_overall.py:94: GNN reporting not available
SKIPPED [1] src/tests/test_gnn_overall.py:117: GNN reporting not available
SKIPPED [1] src/tests/test_gnn_parsing.py:69: GNN discovery not available
SKIPPED [1] src/tests/test_gnn_parsing.py:101: GNN discovery not available
SKIPPED [1] src/tests/test_gnn_processing.py:60: GNN serializers not available
SKIPPED [1] src/tests/test_gnn_processing.py:80: GNN serializers not available
SKIPPED [1] src/tests/test_gnn_validation.py:57: GNN validation not available
SKIPPED [1] src/tests/test_gnn_validation.py:80: GNN validation not available
SKIPPED [1] src/tests/test_mcp_integration.py:28: MCP module not available
SKIPPED [1] src/tests/test_mcp_overall.py:160: MCP module not available
SKIPPED [1] src/tests/test_mcp_transport.py:47: MCP TCP server not available
SKIPPED [1] src/tests/test_mcp_transport.py:60: MCP WebSocket server not available
SKIPPED [1] src/tests/test_mcp_transport.py:77: MCP transport module not available
SKIPPED [1] src/tests/test_mcp_transport.py:90: MCP transport module not available
SKIPPED [1] src/tests/test_mcp_transport.py:103: MCP transport module not available
SKIPPED [1] src/tests/test_mcp_transport.py:121: MCP transport module not available
SKIPPED [1] src/tests/test_mcp_transport.py:134: MCP transport module not available
ERROR src/tests/test_pipeline_error_scenarios.py::TestFileOperationErrorScenarios::test_missing_input_directory
ERROR src/tests/test_pipeline_error_scenarios.py::TestFileOperationErrorScenarios::test_readonly_output_directory
ERROR src/tests/test_pipeline_error_scenarios.py::TestFileOperationErrorScenarios::test_corrupted_gnn_file_handling
ERROR src/tests/test_pipeline_error_scenarios.py::TestResourceConstraintScenarios::test_large_gnn_file_handling
ERROR src/tests/test_pipeline_error_scenarios.py::TestResourceConstraintScenarios::test_concurrent_pipeline_execution
ERROR src/tests/test_pipeline_error_scenarios.py::TestPipelineIntegrationScenarios::test_pipeline_with_missing_dependencies
ERROR src/tests/test_pipeline_error_scenarios.py::TestPipelineIntegrationScenarios::test_error_recovery_and_continuation
ERROR src/tests/test_pipeline_improvements_validation.py::TestIntegrationValidation::test_end_to_end_pipeline_with_improvements
FAILED src/tests/test_pipeline_error_scenarios.py::TestDependencyErrorScenarios::test_missing_pymdp_graceful_degradation - AttributeError: 'PyMDPSimulation' object has no attribute 'create_model'
FAILED src/tests/test_pipeline_improvements_validation.py::TestErrorHandlingImprovements::test_standardized_error_handler_functionality - AttributeError: FILE_ERROR
!!!!!!!!!!!!!!!!!!!!!!!!!! stopping after 10 failures !!!!!!!!!!!!!!!!!!!!!!!!!!
======= 2 failed, 261 passed, 27 skipped, 8 errors in 117.64s (0:01:57) ========
