============================= test session starts ==============================
platform linux -- Python 3.11.2, pytest-8.4.1, pluggy-1.6.0 -- /home/q/Documents/GitHub/GeneralizedNotationNotation/.venv/bin/python
cachedir: .pytest_cache
metadata: {'Python': '3.11.2', 'Platform': 'Linux-6.12.32-amd64-x86_64-with-glibc2.36', 'Packages': {'pytest': '8.4.1', 'pluggy': '1.6.0'}, 'Plugins': {'anyio': '4.10.0', 'json-report': '1.5.0', 'mock': '3.14.1', 'sugar': '1.0.0', 'timeout': '2.4.0', 'xdist': '3.8.0', 'metadata': '3.1.1', 'asyncio': '1.1.0', 'benchmark': '5.1.0', 'cov': '6.2.1'}}
benchmark: 5.1.0 (defaults: timer=time.perf_counter disable_gc=False min_rounds=5 min_time=0.000005 max_time=1.0 calibration_precision=10 warmup=False warmup_iterations=100000)
rootdir: /home/q/Documents/GitHub/GeneralizedNotationNotation
configfile: pytest.ini
plugins: anyio-4.10.0, json-report-1.5.0, mock-3.14.1, sugar-1.0.0, timeout-2.4.0, xdist-3.8.0, metadata-3.1.1, asyncio-1.1.0, benchmark-5.1.0, cov-6.2.1
asyncio: mode=Mode.STRICT, asyncio_default_fixture_loop_scope=None, asyncio_default_test_loop_scope=function
collecting ... collected 52 items

src/tests/test_core_modules.py::TestGNNModuleComprehensive::test_gnn_module_imports PASSED
src/tests/test_core_modules.py::TestGNNModuleComprehensive::test_gnn_file_discovery PASSED
src/tests/test_core_modules.py::TestGNNModuleComprehensive::test_gnn_file_parsing PASSED
src/tests/test_core_modules.py::TestGNNModuleComprehensive::test_gnn_validation SKIPPEDture: simple.gnn
assert False)
src/tests/test_core_modules.py::TestRenderModuleComprehensive::test_render_module_imports PASSED
src/tests/test_core_modules.py::TestRenderModuleComprehensive::test_pymdp_rendering PASSED
src/tests/test_core_modules.py::TestRenderModuleComprehensive::test_rxinfer_rendering PASSED
src/tests/test_core_modules.py::TestRenderModuleComprehensive::test_discopy_rendering PASSED
src/tests/test_core_modules.py::TestExecuteModuleComprehensive::test_execute_module_imports PASSED
src/tests/test_core_modules.py::TestExecuteModuleComprehensive::test_execution_environment_validation PASSED
src/tests/test_core_modules.py::TestExecuteModuleComprehensive::test_safe_script_execution PASSED
src/tests/test_core_modules.py::TestLLMModuleComprehensive::test_llm_module_imports PASSED
src/tests/test_core_modules.py::TestLLMModuleComprehensive::test_llm_model_analysis PASSED
src/tests/test_core_modules.py::TestLLMModuleComprehensive::test_llm_description_generation PASSED
src/tests/test_core_modules.py::TestMCPModuleComprehensive::test_mcp_module_imports PASSED
src/tests/test_core_modules.py::TestMCPModuleComprehensive::test_mcp_tool_registration PASSED
src/tests/test_core_modules.py::TestMCPModuleComprehensive::test_mcp_request_handling PASSED
src/tests/test_core_modules.py::TestOntologyModuleComprehensive::test_ontology_module_imports PASSED
src/tests/test_core_modules.py::TestOntologyModuleComprehensive::test_ontology_term_validation PASSED
src/tests/test_core_modules.py::TestWebsiteModuleComprehensive::test_website_module_imports PASSED
src/tests/test_core_modules.py::TestWebsiteModuleComprehensive::test_website_generation PASSED
src/tests/test_core_modules.py::TestWebsiteModuleComprehensive::test_html_report_creation PASSED
src/tests/test_core_modules.py::TestSAPFModuleComprehensive::test_sapf_module_imports PASSED
src/tests/test_core_modules.py::TestSAPFModuleComprehensive::test_gnn_to_sapf_conversion PASSED
src/tests/test_core_modules.py::TestSAPFModuleComprehensive::test_sapf_validation PASSED
src/tests/test_core_modules.py::TestSAPFModuleComprehensive::test_sapf_audio_generation PASSED
src/tests/test_core_modules.py::TestCoreModuleIntegration::test_module_coordination PASSED
src/tests/test_core_modules.py::TestCoreModuleIntegration::test_module_data_flow PASSED
src/tests/test_core_modules.py::test_core_module_completeness PASSED
src/tests/test_core_modules.py::test_core_module_performance PASSED
src/tests/test_fast_suite.py::TestFastEnvironment::test_python_environment PASSED
src/tests/test_fast_suite.py::TestFastEnvironment::test_test_configuration PASSED
src/tests/test_fast_suite.py::TestFastEnvironment::test_essential_directories PASSED
src/tests/test_fast_suite.py::TestFastGNNProcessing::test_gnn_module_import PASSED
src/tests/test_fast_suite.py::TestFastGNNProcessing::test_gnn_file_creation PASSED
src/tests/test_fast_suite.py::TestFastGNNProcessing::test_gnn_content_validation PASSED
src/tests/test_fast_suite.py::TestFastPipelineComponents::test_utils_module_import PASSED
src/tests/test_fast_suite.py::TestFastPipelineComponents::test_pipeline_module_import PASSED
src/tests/test_fast_suite.py::TestFastPipelineComponents::test_type_checker_import PASSED
src/tests/test_fast_suite.py::TestFastExport::test_export_module_import PASSED
src/tests/test_fast_suite.py::TestFastExport::test_basic_export_functionality PASSED
src/tests/test_fast_suite.py::TestFastVisualization::test_visualization_module_import PASSED
src/tests/test_fast_suite.py::TestFastRender::test_render_module_import PASSED
src/tests/test_fast_suite.py::TestFastExecute::test_execute_module_import PASSED
src/tests/test_fast_suite.py::TestFastLLM::test_llm_module_import PASSED
src/tests/test_fast_suite.py::TestFastMCP::test_mcp_module_import PASSED
src/tests/test_fast_suite.py::TestFastOntology::test_ontology_module_import PASSED
src/tests/test_fast_suite.py::TestFastSAPF::test_sapf_module_import PASSED
src/tests/test_fast_suite.py::TestFastWebsite::test_website_module_import PASSED
src/tests/test_fast_suite.py::TestFastIntegration::test_basic_pipeline_flow PASSED
src/tests/test_fast_suite.py::TestFastIntegration::test_test_environment_setup PASSED
src/tests/test_fast_suite.py::test_fast_suite_completeness PASSED

==================================== PASSES ====================================
______________ TestGNNModuleComprehensive.test_gnn_module_imports ______________
------------------------------ Captured log call -------------------------------
INFO     root:test_core_modules.py:62 GNN module imports validated
______________ TestGNNModuleComprehensive.test_gnn_file_discovery ______________
------------------------------ Captured log call -------------------------------
INFO     root:test_core_modules.py:85 GNN file discovery validated: 1 files found
_______________ TestGNNModuleComprehensive.test_gnn_file_parsing _______________
------------------------------ Captured log call -------------------------------
INFO     root:test_core_modules.py:107 Successfully parsed simple.gnn
___________ TestRenderModuleComprehensive.test_render_module_imports ___________
------------------------------ Captured log call -------------------------------
INFO     root:test_core_modules.py:159 Render module imports validated
______________ TestRenderModuleComprehensive.test_pymdp_rendering ______________
------------------------------ Captured log call -------------------------------
INFO     root:test_core_modules.py:175 PyMDP rendering validated
_____________ TestRenderModuleComprehensive.test_rxinfer_rendering _____________
------------------------------ Captured log call -------------------------------
INFO     root:test_core_modules.py:190 RxInfer rendering validated
__________ TestExecuteModuleComprehensive.test_execute_module_imports __________
------------------------------ Captured log call -------------------------------
WARNING  root:pymdp_simulation.py:50 PyMDP not available - simulation will gracefully degrade with informative output
_____ TestExecuteModuleComprehensive.test_execution_environment_validation _____
------------------------------ Captured log call -------------------------------
WARNING  root:test_core_modules.py:247 Execution environment validation failed: Status should contain python_version
assert 'python_version' in {'valid': False, 'issues': ['validate_execution_environment not available']}
______________ TestLLMModuleComprehensive.test_llm_module_imports ______________
------------------------------ Captured log call -------------------------------
INFO     src.llm.llm_processor:llm_processor.py:84 Loaded API keys for providers: []
INFO     src.llm.llm_operations:llm_operations.py:87 Created new LLM processor
______________ TestLLMModuleComprehensive.test_llm_model_analysis ______________
------------------------------ Captured log call -------------------------------
INFO     src.llm.llm_processor:llm_processor.py:84 Loaded API keys for providers: []
INFO     src.llm.llm_operations:llm_operations.py:87 Created new LLM processor
WARNING  src.llm.providers.openai_provider:openai_provider.py:76 OpenAI API key not provided
WARNING  src.llm.llm_processor:llm_processor.py:203 Failed to initialize openai provider
ERROR    src.llm.providers.openrouter_provider:openrouter_provider.py:111 Cannot initialize OpenRouter provider: aiohttp is not available (No module named 'aiohttp')
ERROR    src.llm.providers.openrouter_provider:openrouter_provider.py:112 Install aiohttp with: pip install aiohttp>=3.9.0
WARNING  src.llm.llm_processor:llm_processor.py:203 Failed to initialize openrouter provider
ERROR    src.llm.providers.perplexity_provider:perplexity_provider.py:85 Cannot initialize Perplexity provider: aiohttp is not available (No module named 'aiohttp')
ERROR    src.llm.providers.perplexity_provider:perplexity_provider.py:86 Install aiohttp with: pip install aiohttp>=3.9.0
WARNING  src.llm.llm_processor:llm_processor.py:203 Failed to initialize perplexity provider
WARNING  src.llm.providers.ollama_provider:ollama_provider.py:88 Ollama not available. Install python client with 'pip install ollama' or install Ollama CLI from https://ollama.ai
WARNING  src.llm.llm_processor:llm_processor.py:203 Failed to initialize ollama provider
WARNING  src.llm.llm_processor:llm_processor.py:213 No LLM providers could be initialized
WARNING  src.llm.analyzer:analyzer.py:84 LLM summary generation failed for simple.gnn: Processor not initialized
______________ TestMCPModuleComprehensive.test_mcp_module_imports ______________
------------------------------ Captured log call -------------------------------
INFO     mcp:mcp.py:478 Enhanced MCP server initialized
INFO     root:test_core_modules.py:349 MCP module imports validated
____________ TestMCPModuleComprehensive.test_mcp_tool_registration _____________
------------------------------ Captured log call -------------------------------
INFO     root:test_core_modules.py:371 MCP tool registration validated
_____________ TestMCPModuleComprehensive.test_mcp_request_handling _____________
------------------------------ Captured log call -------------------------------
INFO     src.mcp.processor:processor.py:72 Handling MCP request: tools/list
INFO     root:test_core_modules.py:394 MCP request handling validated
________ TestOntologyModuleComprehensive.test_ontology_term_validation _________
------------------------------ Captured log call -------------------------------
INFO     ontology:pipeline_template.py:47 🚀 Processing ontology
INFO     ontology:pipeline_template.py:48 ✅ Ontology processing completed successfully
____________ TestWebsiteModuleComprehensive.test_website_generation ____________
------------------------------ Captured log call -------------------------------
INFO     website:renderer.py:152 Website generated successfully with 1 pages
___________ TestWebsiteModuleComprehensive.test_html_report_creation ___________
------------------------------ Captured log call -------------------------------
INFO     website:renderer.py:152 Website generated successfully with 1 pages
_____________ TestSAPFModuleComprehensive.test_sapf_module_imports _____________
------------------------------ Captured log call -------------------------------
INFO     root:test_core_modules.py:561 SAPF module imports validated successfully
___________ TestSAPFModuleComprehensive.test_gnn_to_sapf_conversion ____________
------------------------------ Captured log call -------------------------------
INFO     root:test_core_modules.py:609 GNN to SAPF conversion validated
_______________ TestSAPFModuleComprehensive.test_sapf_validation _______________
------------------------------ Captured log call -------------------------------
INFO     root:test_core_modules.py:639 SAPF validation functionality confirmed
____________ TestSAPFModuleComprehensive.test_sapf_audio_generation ____________
------------------------------ Captured log call -------------------------------
INFO     root:test_core_modules.py:658 SAPF audio generation functionality confirmed
______________ TestCoreModuleIntegration.test_module_coordination ______________
------------------------------ Captured log call -------------------------------
WARNING  root:test_core_modules.py:682 Core module coordination failed: execute_simulation_from_gnn() got an unexpected keyword argument 'timeout'
_______________ TestCoreModuleIntegration.test_module_data_flow ________________
------------------------------ Captured log call -------------------------------
INFO     root:test_core_modules.py:697 Module data flow validated
________________________ test_core_module_completeness _________________________
------------------------------ Captured log call -------------------------------
INFO     root:test_core_modules.py:704 Core module completeness test passed
_________________________ test_core_module_performance _________________________
------------------------------ Captured log call -------------------------------
INFO     root:test_core_modules.py:710 Core module performance test completed
__________________ TestFastExecute.test_execute_module_import __________________
------------------------------ Captured log call -------------------------------
WARNING  root:pymdp_simulation.py:50 PyMDP not available - simulation will gracefully degrade with informative output
______________________ TestFastLLM.test_llm_module_import ______________________
------------------------------ Captured log call -------------------------------
INFO     llm.llm_processor:llm_processor.py:84 Loaded API keys for providers: []
INFO     llm.llm_operations:llm_operations.py:87 Created new LLM processor
______________________ TestFastMCP.test_mcp_module_import ______________________
------------------------------ Captured log call -------------------------------
INFO     mcp:mcp.py:478 Enhanced MCP server initialized
_________________________ test_fast_suite_completeness _________________________
------------------------------ Captured log call -------------------------------
INFO     root:test_fast_suite.py:318 Fast test suite completeness validated
============================= slowest 15 durations =============================
0.05s call     src/tests/test_core_modules.py::TestExecuteModuleComprehensive::test_execute_module_imports
0.02s call     src/tests/test_core_modules.py::TestRenderModuleComprehensive::test_render_module_imports
0.02s call     src/tests/test_fast_suite.py::TestFastRender::test_render_module_import
0.00s call     src/tests/test_fast_suite.py::TestFastExecute::test_execute_module_import
0.00s call     src/tests/test_core_modules.py::TestMCPModuleComprehensive::test_mcp_module_imports
0.00s call     src/tests/test_core_modules.py::TestLLMModuleComprehensive::test_llm_module_imports
0.00s call     src/tests/test_fast_suite.py::TestFastMCP::test_mcp_module_import
0.00s call     src/tests/test_fast_suite.py::TestFastLLM::test_llm_module_import
0.00s call     src/tests/test_core_modules.py::TestLLMModuleComprehensive::test_llm_model_analysis
0.00s call     src/tests/test_core_modules.py::TestSAPFModuleComprehensive::test_gnn_to_sapf_conversion
0.00s call     src/tests/test_core_modules.py::TestGNNModuleComprehensive::test_gnn_module_imports
0.00s call     src/tests/test_fast_suite.py::TestFastExport::test_export_module_import
0.00s call     src/tests/test_core_modules.py::TestOntologyModuleComprehensive::test_ontology_module_imports
0.00s call     src/tests/test_fast_suite.py::TestFastGNNProcessing::test_gnn_module_import
0.00s call     src/tests/test_fast_suite.py::TestFastExport::test_basic_export_functionality
=========================== short test summary info ============================
PASSED src/tests/test_core_modules.py::TestGNNModuleComprehensive::test_gnn_module_imports
PASSED src/tests/test_core_modules.py::TestGNNModuleComprehensive::test_gnn_file_discovery
PASSED src/tests/test_core_modules.py::TestGNNModuleComprehensive::test_gnn_file_parsing
PASSED src/tests/test_core_modules.py::TestRenderModuleComprehensive::test_render_module_imports
PASSED src/tests/test_core_modules.py::TestRenderModuleComprehensive::test_pymdp_rendering
PASSED src/tests/test_core_modules.py::TestRenderModuleComprehensive::test_rxinfer_rendering
PASSED src/tests/test_core_modules.py::TestRenderModuleComprehensive::test_discopy_rendering
PASSED src/tests/test_core_modules.py::TestExecuteModuleComprehensive::test_execute_module_imports
PASSED src/tests/test_core_modules.py::TestExecuteModuleComprehensive::test_execution_environment_validation
PASSED src/tests/test_core_modules.py::TestExecuteModuleComprehensive::test_safe_script_execution
PASSED src/tests/test_core_modules.py::TestLLMModuleComprehensive::test_llm_module_imports
PASSED src/tests/test_core_modules.py::TestLLMModuleComprehensive::test_llm_model_analysis
PASSED src/tests/test_core_modules.py::TestLLMModuleComprehensive::test_llm_description_generation
PASSED src/tests/test_core_modules.py::TestMCPModuleComprehensive::test_mcp_module_imports
PASSED src/tests/test_core_modules.py::TestMCPModuleComprehensive::test_mcp_tool_registration
PASSED src/tests/test_core_modules.py::TestMCPModuleComprehensive::test_mcp_request_handling
PASSED src/tests/test_core_modules.py::TestOntologyModuleComprehensive::test_ontology_module_imports
PASSED src/tests/test_core_modules.py::TestOntologyModuleComprehensive::test_ontology_term_validation
PASSED src/tests/test_core_modules.py::TestWebsiteModuleComprehensive::test_website_module_imports
PASSED src/tests/test_core_modules.py::TestWebsiteModuleComprehensive::test_website_generation
PASSED src/tests/test_core_modules.py::TestWebsiteModuleComprehensive::test_html_report_creation
PASSED src/tests/test_core_modules.py::TestSAPFModuleComprehensive::test_sapf_module_imports
PASSED src/tests/test_core_modules.py::TestSAPFModuleComprehensive::test_gnn_to_sapf_conversion
PASSED src/tests/test_core_modules.py::TestSAPFModuleComprehensive::test_sapf_validation
PASSED src/tests/test_core_modules.py::TestSAPFModuleComprehensive::test_sapf_audio_generation
PASSED src/tests/test_core_modules.py::TestCoreModuleIntegration::test_module_coordination
PASSED src/tests/test_core_modules.py::TestCoreModuleIntegration::test_module_data_flow
PASSED src/tests/test_core_modules.py::test_core_module_completeness
PASSED src/tests/test_core_modules.py::test_core_module_performance
PASSED src/tests/test_fast_suite.py::TestFastEnvironment::test_python_environment
PASSED src/tests/test_fast_suite.py::TestFastEnvironment::test_test_configuration
PASSED src/tests/test_fast_suite.py::TestFastEnvironment::test_essential_directories
PASSED src/tests/test_fast_suite.py::TestFastGNNProcessing::test_gnn_module_import
PASSED src/tests/test_fast_suite.py::TestFastGNNProcessing::test_gnn_file_creation
PASSED src/tests/test_fast_suite.py::TestFastGNNProcessing::test_gnn_content_validation
PASSED src/tests/test_fast_suite.py::TestFastPipelineComponents::test_utils_module_import
PASSED src/tests/test_fast_suite.py::TestFastPipelineComponents::test_pipeline_module_import
PASSED src/tests/test_fast_suite.py::TestFastPipelineComponents::test_type_checker_import
PASSED src/tests/test_fast_suite.py::TestFastExport::test_export_module_import
PASSED src/tests/test_fast_suite.py::TestFastExport::test_basic_export_functionality
PASSED src/tests/test_fast_suite.py::TestFastVisualization::test_visualization_module_import
PASSED src/tests/test_fast_suite.py::TestFastRender::test_render_module_import
PASSED src/tests/test_fast_suite.py::TestFastExecute::test_execute_module_import
PASSED src/tests/test_fast_suite.py::TestFastLLM::test_llm_module_import
PASSED src/tests/test_fast_suite.py::TestFastMCP::test_mcp_module_import
PASSED src/tests/test_fast_suite.py::TestFastOntology::test_ontology_module_import
PASSED src/tests/test_fast_suite.py::TestFastSAPF::test_sapf_module_import
PASSED src/tests/test_fast_suite.py::TestFastWebsite::test_website_module_import
PASSED src/tests/test_fast_suite.py::TestFastIntegration::test_basic_pipeline_flow
PASSED src/tests/test_fast_suite.py::TestFastIntegration::test_test_environment_setup
PASSED src/tests/test_fast_suite.py::test_fast_suite_completeness
SKIPPED [1] src/tests/test_core_modules.py:139: Validation test skipped due to: Valid GNN file should have basic structure: simple.gnn
assert False
======================== 51 passed, 1 skipped in 0.18s =========================
