<?xml version="1.0" encoding="utf-8"?><testsuites name="pytest tests"><testsuite name="pytest" errors="0" failures="0" skipped="0" tests="411" time="407.318" timestamp="2025-07-17T08:04:13.246363-07:00" hostname="timelock.local"><testcase classname="src.tests.test_comprehensive_api.TestGNNModule" name="test_module_imports" time="0.001" /><testcase classname="src.tests.test_comprehensive_api.TestGNNModule" name="test_get_module_info" time="0.000" /><testcase classname="src.tests.test_comprehensive_api.TestGNNModule" name="test_validate_gnn_function" time="0.001" /><testcase classname="src.tests.test_comprehensive_api.TestGNNModule" name="test_feature_flags" time="0.000" /><testcase classname="src.tests.test_comprehensive_api.TestExportModule" name="test_module_imports" time="0.000" /><testcase classname="src.tests.test_comprehensive_api.TestExportModule" name="test_get_module_info" time="0.000" /><testcase classname="src.tests.test_comprehensive_api.TestExportModule" name="test_get_supported_formats" time="0.000" /><testcase classname="src.tests.test_comprehensive_api.TestExportModule" name="test_export_gnn_model_invalid_format" time="0.000" /><testcase classname="src.tests.test_comprehensive_api.TestRenderModule" name="test_module_imports" time="0.000" /><testcase classname="src.tests.test_comprehensive_api.TestRenderModule" name="test_get_module_info" time="0.000" /><testcase classname="src.tests.test_comprehensive_api.TestRenderModule" name="test_get_available_renderers" time="0.000" /><testcase classname="src.tests.test_comprehensive_api.TestRenderModule" name="test_feature_flags" time="0.000" /><testcase classname="src.tests.test_comprehensive_api.TestWebsiteModule" name="test_module_imports" time="0.000" /><testcase classname="src.tests.test_comprehensive_api.TestWebsiteModule" name="test_get_module_info" time="0.000" /><testcase classname="src.tests.test_comprehensive_api.TestWebsiteModule" name="test_get_supported_file_types" time="0.000" /><testcase classname="src.tests.test_comprehensive_api.TestWebsiteModule" name="test_generate_website_from_pipeline_output_nonexistent" time="0.002" /><testcase classname="src.tests.test_comprehensive_api.TestWebsiteModule" name="test_validate_website_config" time="0.000" /><testcase classname="src.tests.test_comprehensive_api.TestSAPFModule" name="test_module_imports" time="0.000" /><testcase classname="src.tests.test_comprehensive_api.TestSAPFModule" name="test_get_module_info" time="0.000" /><testcase classname="src.tests.test_comprehensive_api.TestSAPFModule" name="test_get_audio_generation_options" time="0.000" /><testcase classname="src.tests.test_comprehensive_api.TestSAPFModule" name="test_process_gnn_to_audio_invalid_input" time="0.000" /><testcase classname="src.tests.test_comprehensive_api.TestOntologyModule" name="test_module_imports" time="0.000" /><testcase classname="src.tests.test_comprehensive_api.TestOntologyModule" name="test_get_module_info" time="0.000" /><testcase classname="src.tests.test_comprehensive_api.TestOntologyModule" name="test_get_ontology_processing_options" time="0.000" /><testcase classname="src.tests.test_comprehensive_api.TestOntologyModule" name="test_process_gnn_ontology_nonexistent_file" time="0.000" /><testcase classname="src.tests.test_comprehensive_api.TestOntologyModule" name="test_parse_gnn_ontology_section_empty" time="0.000" /><testcase classname="src.tests.test_comprehensive_api.TestTypeCheckerModule" name="test_module_imports" time="0.000" /><testcase classname="src.tests.test_comprehensive_api.TestTypeCheckerModule" name="test_type_checker_instantiation" time="0.000" /><testcase classname="src.tests.test_comprehensive_api.TestVisualizationModule" name="test_module_imports" time="0.000" /><testcase classname="src.tests.test_comprehensive_api.TestVisualizationModule" name="test_visualizer_instantiation" time="0.000" /><testcase classname="src.tests.test_comprehensive_api.TestExecuteModule" name="test_module_imports" time="0.000" /><testcase classname="src.tests.test_comprehensive_api.TestExecuteModule" name="test_executor_instantiation" time="0.000" /><testcase classname="src.tests.test_comprehensive_api.TestLLMModule" name="test_module_imports" time="0.000" /><testcase classname="src.tests.test_comprehensive_api.TestLLMModule" name="test_llm_processor_instantiation" time="0.000" /><testcase classname="src.tests.test_comprehensive_api.TestMCPModule" name="test_module_imports" time="0.000" /><testcase classname="src.tests.test_comprehensive_api.TestMCPModule" name="test_mcp_server_instantiation" time="0.001" /><testcase classname="src.tests.test_comprehensive_api.TestSetupModule" name="test_module_imports" time="0.000" /><testcase classname="src.tests.test_comprehensive_api.TestSetupModule" name="test_setup_functions_exist" time="0.000" /><testcase classname="src.tests.test_comprehensive_api.TestUtilsModule" name="test_module_imports" time="0.000" /><testcase classname="src.tests.test_comprehensive_api.TestUtilsModule" name="test_utils_classes_instantiation" time="0.000" /><testcase classname="src.tests.test_comprehensive_api.TestPipelineModule" name="test_module_imports" time="0.000" /><testcase classname="src.tests.test_comprehensive_api.TestPipelineModule" name="test_pipeline_config" time="0.000" /><testcase classname="src.tests.test_comprehensive_api.TestMCPIntegration" name="test_mcp_availability_flags" time="0.000" /><testcase classname="src.tests.test_comprehensive_api.TestMCPIntegration" name="test_register_tools_functions" time="0.000" /><testcase classname="src.tests.test_comprehensive_api.TestModuleConsistency" name="test_version_consistency" time="0.000" /><testcase classname="src.tests.test_comprehensive_api.TestModuleConsistency" name="test_feature_flags_consistency" time="0.000" /><testcase classname="src.tests.test_comprehensive_api.TestModuleConsistency" name="test_module_info_consistency" time="0.000" /><testcase classname="src.tests.test_core_modules.TestGNNModuleComprehensive" name="test_gnn_module_imports" time="0.011" /><testcase classname="src.tests.test_core_modules.TestGNNModuleComprehensive" name="test_gnn_file_discovery" time="0.002" /><testcase classname="src.tests.test_core_modules.TestGNNModuleComprehensive" name="test_gnn_file_parsing" time="0.015" /><testcase classname="src.tests.test_core_modules.TestGNNModuleComprehensive" name="test_gnn_validation" time="0.002" /><testcase classname="src.tests.test_core_modules.TestGNNModuleComprehensive" name="test_gnn_directory_processing" time="0.009" /><testcase classname="src.tests.test_core_modules.TestRenderModuleComprehensive" name="test_render_module_imports" time="0.000" /><testcase classname="src.tests.test_core_modules.TestRenderModuleComprehensive" name="test_pymdp_rendering" time="0.003" /><testcase classname="src.tests.test_core_modules.TestRenderModuleComprehensive" name="test_rxinfer_rendering" time="0.002" /><testcase classname="src.tests.test_core_modules.TestRenderModuleComprehensive" name="test_discopy_rendering" time="0.001" /><testcase classname="src.tests.test_core_modules.TestExecuteModuleComprehensive" name="test_execute_module_imports" time="0.002" /><testcase classname="src.tests.test_core_modules.TestExecuteModuleComprehensive" name="test_execution_environment_validation" time="0.000" /><testcase classname="src.tests.test_core_modules.TestExecuteModuleComprehensive" name="test_safe_script_execution" time="0.000" /><testcase classname="src.tests.test_core_modules.TestLLMModuleComprehensive" name="test_llm_module_imports" time="0.004" /><testcase classname="src.tests.test_core_modules.TestLLMModuleComprehensive" name="test_llm_model_analysis" time="10.475" /><testcase classname="src.tests.test_core_modules.TestLLMModuleComprehensive" name="test_llm_description_generation" time="0.003" /><testcase classname="src.tests.test_core_modules.TestMCPModuleComprehensive" name="test_mcp_module_imports" time="0.006" /><testcase classname="src.tests.test_core_modules.TestMCPModuleComprehensive" name="test_mcp_tool_registration" time="0.001" /><testcase classname="src.tests.test_core_modules.TestMCPModuleComprehensive" name="test_mcp_request_handling" time="0.001" /><testcase classname="src.tests.test_core_modules.TestOntologyModuleComprehensive" name="test_ontology_module_imports" time="0.001" /><testcase classname="src.tests.test_core_modules.TestOntologyModuleComprehensive" name="test_ontology_processing" time="0.000" /><testcase classname="src.tests.test_core_modules.TestOntologyModuleComprehensive" name="test_ontology_term_validation" time="0.000" /><testcase classname="src.tests.test_core_modules.TestWebsiteModuleComprehensive" name="test_website_module_imports" time="0.000" /><testcase classname="src.tests.test_core_modules.TestWebsiteModuleComprehensive" name="test_website_generation" time="0.001" /><testcase classname="src.tests.test_core_modules.TestWebsiteModuleComprehensive" name="test_html_report_creation" time="0.001" /><testcase classname="src.tests.test_core_modules.TestSAPFModuleComprehensive" name="test_sapf_module_imports" time="0.002" /><testcase classname="src.tests.test_core_modules.TestSAPFModuleComprehensive" name="test_gnn_to_sapf_conversion" time="0.002" /><testcase classname="src.tests.test_core_modules.TestSAPFModuleComprehensive" name="test_sapf_audio_generation" time="1.204" /><testcase classname="src.tests.test_core_modules.TestCoreModuleIntegration" name="test_module_coordination" time="0.004" /><testcase classname="src.tests.test_core_modules.TestCoreModuleIntegration" name="test_module_data_flow" time="4.055" /><testcase classname="src.tests.test_core_modules" name="test_core_module_completeness" time="0.001" /><testcase classname="src.tests.test_environment.TestPythonEnvironment" name="test_python_version_compatibility" time="0.001" /><testcase classname="src.tests.test_environment.TestPythonEnvironment" name="test_python_path_configuration" time="0.001" /><testcase classname="src.tests.test_environment.TestPythonEnvironment" name="test_project_structure_validation" time="0.001" /><testcase classname="src.tests.test_environment.TestDependencyAvailability" name="test_core_python_modules" time="0.001" /><testcase classname="src.tests.test_environment.TestDependencyAvailability" name="test_testing_dependencies" time="0.000" /><testcase classname="src.tests.test_environment.TestDependencyAvailability" name="test_optional_dependencies_graceful_degradation" time="0.001" /><testcase classname="src.tests.test_environment.TestProjectConfiguration" name="test_requirements_file_validity" time="0.001" /><testcase classname="src.tests.test_environment.TestProjectConfiguration" name="test_pipeline_scripts_discovery" time="0.001" /><testcase classname="src.tests.test_environment.TestProjectConfiguration" name="test_utility_modules_availability" time="0.001" /><testcase classname="src.tests.test_environment.TestSystemResources" name="test_disk_space_availability" time="0.001" /><testcase classname="src.tests.test_environment.TestSystemResources" name="test_memory_availability" time="0.001" /><testcase classname="src.tests.test_environment.TestSystemResources" name="test_temporary_directory_access" time="0.002" /><testcase classname="src.tests.test_environment.TestEnvironmentVariables" name="test_test_mode_environment_variables" time="0.000" /><testcase classname="src.tests.test_environment.TestEnvironmentVariables" name="test_python_path_environment" time="0.000" /><testcase classname="src.tests.test_environment.TestEnvironmentVariables" name="test_test_configuration_environment" time="0.001" /><testcase classname="src.tests.test_environment.TestImportCapabilities" name="test_main_module_import" time="0.000" /><testcase classname="src.tests.test_environment.TestImportCapabilities" name="test_pipeline_step_imports" time="0.001" /><testcase classname="src.tests.test_environment.TestImportCapabilities" name="test_test_module_imports" time="0.000" /><testcase classname="src.tests.test_environment.TestEnvironmentIntegration" name="test_logging_system_integration" time="0.001" /><testcase classname="src.tests.test_environment.TestEnvironmentIntegration" name="test_path_resolution_integration" time="0.001" /><testcase classname="src.tests.test_environment.TestEnvironmentIntegration" name="test_test_environment_validation_integration" time="0.000" /><testcase classname="src.tests.test_environment" name="test_requirements_parsing" time="0.001" /><testcase classname="src.tests.test_export" name="test_render_to_pymdp" time="0.004" /><testcase classname="src.tests.test_export" name="test_render_to_rxinfer_toml" time="0.001" /><testcase classname="src.tests.test_export" name="test_render_to_discopy" time="0.001" /><testcase classname="src.tests.test_export" name="test_render_to_discopy_combined" time="0.001" /><testcase classname="src.tests.test_export" name="test_render_to_activeinference_jl" time="0.001" /><testcase classname="src.tests.test_export" name="test_render_to_jax" time="0.002" /><testcase classname="src.tests.test_export" name="test_render_to_jax_pomdp" time="0.001" /><testcase classname="src.tests.test_export" name="test_render_with_unsupported_targets" time="0.001" /><testcase classname="src.tests.test_export" name="test_gnn_model_to_dict_parsing" time="0.002" /><testcase classname="src.tests.test_export" name="test_export_to_json_gnn" time="0.001" /><testcase classname="src.tests.test_export" name="test_export_to_xml_gnn" time="0.003" /><testcase classname="src.tests.test_export" name="test_export_to_plaintext_summary" time="0.001" /><testcase classname="src.tests.test_export" name="test_export_to_plaintext_dsl" time="0.001" /><testcase classname="src.tests.test_export" name="test_export_to_python_pickle" time="0.001" /><testcase classname="src.tests.test_export" name="test_export_to_gexf" time="0.002" /><testcase classname="src.tests.test_export" name="test_export_to_graphml" time="0.013" /><testcase classname="src.tests.test_export" name="test_export_to_json_adjacency_list" time="0.001" /><testcase classname="src.tests.test_export" name="test_export_with_corrupted_gnn_file" time="0.001" /><testcase classname="src.tests.test_fast_suite.TestFastEnvironment" name="test_python_environment" time="0.000" /><testcase classname="src.tests.test_fast_suite.TestFastEnvironment" name="test_test_configuration" time="0.000" /><testcase classname="src.tests.test_fast_suite.TestFastEnvironment" name="test_essential_directories" time="0.000" /><testcase classname="src.tests.test_fast_suite.TestFastGNNProcessing" name="test_gnn_module_import" time="0.000" /><testcase classname="src.tests.test_fast_suite.TestFastGNNProcessing" name="test_gnn_file_creation" time="0.001" /><testcase classname="src.tests.test_fast_suite.TestFastGNNProcessing" name="test_gnn_content_validation" time="0.000" /><testcase classname="src.tests.test_fast_suite.TestFastPipelineComponents" name="test_utils_module_import" time="0.000" /><testcase classname="src.tests.test_fast_suite.TestFastPipelineComponents" name="test_pipeline_module_import" time="0.000" /><testcase classname="src.tests.test_fast_suite.TestFastPipelineComponents" name="test_type_checker_import" time="0.000" /><testcase classname="src.tests.test_fast_suite.TestFastExport" name="test_export_module_import" time="0.000" /><testcase classname="src.tests.test_fast_suite.TestFastExport" name="test_basic_export_functionality" time="0.001" /><testcase classname="src.tests.test_fast_suite.TestFastVisualization" name="test_visualization_module_import" time="0.000" /><testcase classname="src.tests.test_fast_suite.TestFastRender" name="test_render_module_import" time="0.000" /><testcase classname="src.tests.test_fast_suite.TestFastExecute" name="test_execute_module_import" time="0.000" /><testcase classname="src.tests.test_fast_suite.TestFastLLM" name="test_llm_module_import" time="0.000" /><testcase classname="src.tests.test_fast_suite.TestFastMCP" name="test_mcp_module_import" time="0.000" /><testcase classname="src.tests.test_fast_suite.TestFastOntology" name="test_ontology_module_import" time="0.000" /><testcase classname="src.tests.test_fast_suite.TestFastSAPF" name="test_sapf_module_import" time="0.000" /><testcase classname="src.tests.test_fast_suite.TestFastWebsite" name="test_website_module_import" time="0.001" /><testcase classname="src.tests.test_fast_suite.TestFastIntegration" name="test_basic_pipeline_flow" time="0.001" /><testcase classname="src.tests.test_fast_suite.TestFastIntegration" name="test_test_environment_setup" time="0.000" /><testcase classname="src.tests.test_fast_suite" name="test_fast_suite_completeness" time="0.000" /><testcase classname="src.tests.test_gnn_type_checker.TestGNNTypeChecker" name="test_check_directory" time="0.003" /><testcase classname="src.tests.test_gnn_type_checker.TestGNNTypeChecker" name="test_check_invalid_file" time="0.001" /><testcase classname="src.tests.test_gnn_type_checker.TestGNNTypeChecker" name="test_check_valid_file" time="0.001" /><testcase classname="src.tests.test_gnn_type_checker.TestGNNTypeChecker" name="test_generate_report" time="0.001" /><testcase classname="src.tests.test_main_orchestrator.TestMainOrchestratorImport" name="test_main_orchestrator_file_exists" time="0.000" /><testcase classname="src.tests.test_main_orchestrator.TestMainOrchestratorImport" name="test_main_orchestrator_imports" time="0.000" /><testcase classname="src.tests.test_main_orchestrator.TestMainOrchestratorImport" name="test_main_orchestrator_component_availability" time="0.000" /><testcase classname="src.tests.test_main_orchestrator.TestArgumentParsing" name="test_argument_parser_basic_functionality" time="0.000" /><testcase classname="src.tests.test_main_orchestrator.TestArgumentParsing" name="test_argument_validation" time="0.000" /><testcase classname="src.tests.test_main_orchestrator.TestArgumentParsing" name="test_argument_defaults" time="0.000" /><testcase classname="src.tests.test_main_orchestrator.TestPipelineScriptDiscovery" name="test_pipeline_script_discovery_logic" time="0.000" /><testcase classname="src.tests.test_main_orchestrator.TestPipelineScriptDiscovery" name="test_pipeline_script_sorting" time="0.000" /><testcase classname="src.tests.test_main_orchestrator.TestVirtualEnvironmentHandling" name="test_virtual_environment_detection" time="0.001" /><testcase classname="src.tests.test_main_orchestrator.TestVirtualEnvironmentHandling" name="test_python_executable_detection" time="0.000" /><testcase classname="src.tests.test_main_orchestrator.TestStepExecution" name="test_step_execution_interface" time="0.001" /><testcase classname="src.tests.test_main_orchestrator.TestStepExecution" name="test_step_argument_building" time="0.000" /><testcase classname="src.tests.test_main_orchestrator.TestPipelineCoordination" name="test_pipeline_coordination_flow" time="0.001" /><testcase classname="src.tests.test_main_orchestrator.TestPipelineCoordination" name="test_pipeline_configuration_consistency" time="0.000" /><testcase classname="src.tests.test_main_orchestrator.TestPerformanceTracking" name="test_system_info_collection" time="0.000" /><testcase classname="src.tests.test_main_orchestrator.TestPerformanceTracking" name="test_performance_metrics_structure" time="0.000" /><testcase classname="src.tests.test_main_orchestrator.TestOutputGeneration" name="test_output_directory_structure" time="0.001" /><testcase classname="src.tests.test_main_orchestrator.TestOutputGeneration" name="test_pipeline_summary_generation" time="0.000" /><testcase classname="src.tests.test_main_orchestrator.TestErrorHandlingAndRecovery" name="test_step_failure_handling" time="0.000" /><testcase classname="src.tests.test_main_orchestrator.TestErrorHandlingAndRecovery" name="test_graceful_degradation" time="0.000" /><testcase classname="src.tests.test_main_orchestrator.TestErrorHandlingAndRecovery" name="test_error_reporting" time="0.001" /><testcase classname="src.tests.test_main_orchestrator.TestConfigurationValidation" name="test_configuration_schema_validation" time="0.000" /><testcase classname="src.tests.test_main_orchestrator.TestConfigurationValidation" name="test_environment_variable_consistency" time="0.000" /><testcase classname="src.tests.test_main_orchestrator.TestEndToEndIntegration" name="test_pipeline_with_failures" time="0.001" /><testcase classname="src.tests.test_main_orchestrator" name="test_main_orchestrator_help_functionality" time="0.000" /><testcase classname="src.tests.test_mcp_comprehensive.TestMCPCoreComprehensive" name="test_mcp_core_imports" time="0.000" /><testcase classname="src.tests.test_mcp_comprehensive.TestMCPCoreComprehensive" name="test_mcp_instance_creation" time="0.000" /><testcase classname="src.tests.test_mcp_comprehensive.TestMCPCoreComprehensive" name="test_mcp_enhanced_tool_registration" time="0.000" /><testcase classname="src.tests.test_mcp_comprehensive.TestMCPCoreComprehensive" name="test_mcp_enhanced_resource_registration" time="0.000" /><testcase classname="src.tests.test_mcp_comprehensive.TestMCPCoreComprehensive" name="test_mcp_enhanced_tool_execution" time="0.001" /><testcase classname="src.tests.test_mcp_comprehensive.TestMCPCoreComprehensive" name="test_mcp_enhanced_parameter_validation" time="0.001" /><testcase classname="src.tests.test_mcp_comprehensive.TestMCPCoreComprehensive" name="test_mcp_rate_limiting" time="0.001" /><testcase classname="src.tests.test_mcp_comprehensive.TestMCPCoreComprehensive" name="test_mcp_concurrent_execution_limits" time="0.319" /><testcase classname="src.tests.test_mcp_comprehensive.TestMCPCoreComprehensive" name="test_mcp_enhanced_server_status" time="0.002" /><testcase classname="src.tests.test_mcp_comprehensive.TestMCPCoreComprehensive" name="test_mcp_cache_functionality" time="0.003" /><testcase classname="src.tests.test_mcp_comprehensive.TestMCPCoreComprehensive" name="test_mcp_enhanced_error_handling" time="0.001" /><testcase classname="src.tests.test_mcp_comprehensive.TestMCPTransportLayers" name="test_stdio_server_imports" time="0.002" /><testcase classname="src.tests.test_mcp_comprehensive.TestMCPTransportLayers" name="test_http_server_imports" time="0.001" /><testcase classname="src.tests.test_mcp_comprehensive.TestMCPTransportLayers" name="test_stdio_server_creation" time="0.001" /><testcase classname="src.tests.test_mcp_comprehensive.TestMCPTransportLayers" name="test_http_server_creation" time="0.001" /><testcase classname="src.tests.test_mcp_comprehensive.TestMCPCLI" name="test_cli_imports" time="0.001" /><testcase classname="src.tests.test_mcp_comprehensive.TestMCPCLI" name="test_cli_argument_parsing" time="0.001" /><testcase classname="src.tests.test_mcp_comprehensive.TestMCPMetaTools" name="test_meta_tools_imports" time="0.001" /><testcase classname="src.tests.test_mcp_comprehensive.TestMCPMetaTools" name="test_meta_tools_functionality" time="0.001" /><testcase classname="src.tests.test_mcp_comprehensive.TestMCPSymPyIntegration" name="test_sympy_mcp_imports" time="0.001" /><testcase classname="src.tests.test_mcp_comprehensive.TestMCPSymPyIntegration" name="test_sympy_mcp_tool_registration" time="0.001" /><testcase classname="src.tests.test_mcp_comprehensive.TestMCPErrorHandling" name="test_mcp_error_classes" time="0.000" /><testcase classname="src.tests.test_mcp_comprehensive.TestMCPErrorHandling" name="test_mcp_error_handling_in_execution" time="0.001" /><testcase classname="src.tests.test_mcp_comprehensive.TestMCPIntegration" name="test_mcp_full_workflow" time="330.054" /><testcase classname="src.tests.test_mcp_comprehensive.TestMCPIntegration" name="test_mcp_module_coordination" time="0.001" /><testcase classname="src.tests.test_mcp_comprehensive.TestMCPPerformance" name="test_mcp_initialization_performance" time="0.001" /><testcase classname="src.tests.test_mcp_comprehensive.TestMCPPerformance" name="test_mcp_tool_execution_performance" time="0.001" /><testcase classname="src.tests.test_mcp_comprehensive" name="test_mcp_module_completeness" time="0.000" /><testcase classname="src.tests.test_pipeline_scripts.TestPipelineScriptDiscovery" name="test_all_pipeline_scripts_exist" time="0.001" /><testcase classname="src.tests.test_pipeline_scripts.TestPipelineScriptDiscovery" name="test_pipeline_script_structure[1_gnn.py]" time="0.001" /><testcase classname="src.tests.test_pipeline_scripts.TestPipelineScriptDiscovery" name="test_pipeline_script_structure[2_setup.py]" time="0.001" /><testcase classname="src.tests.test_pipeline_scripts.TestPipelineScriptDiscovery" name="test_pipeline_script_structure[3_tests.py]" time="0.001" /><testcase classname="src.tests.test_pipeline_scripts.TestPipelineScriptDiscovery" name="test_pipeline_script_structure[4_type_checker.py]" time="0.001" /><testcase classname="src.tests.test_pipeline_scripts.TestPipelineScriptDiscovery" name="test_pipeline_script_structure[5_export.py]" time="0.001" /><testcase classname="src.tests.test_pipeline_scripts.TestPipelineScriptDiscovery" name="test_pipeline_script_structure[6_visualization.py]" time="0.001" /><testcase classname="src.tests.test_pipeline_scripts.TestPipelineScriptDiscovery" name="test_pipeline_script_structure[7_mcp.py]" time="0.001" /><testcase classname="src.tests.test_pipeline_scripts.TestPipelineScriptDiscovery" name="test_pipeline_script_structure[8_ontology.py]" time="0.000" /><testcase classname="src.tests.test_pipeline_scripts.TestPipelineScriptDiscovery" name="test_pipeline_script_structure[9_render.py]" time="0.001" /><testcase classname="src.tests.test_pipeline_scripts.TestPipelineScriptDiscovery" name="test_pipeline_script_structure[10_execute.py]" time="0.000" /><testcase classname="src.tests.test_pipeline_scripts.TestPipelineScriptDiscovery" name="test_pipeline_script_structure[11_llm.py]" time="0.000" /><testcase classname="src.tests.test_pipeline_scripts.TestPipelineScriptDiscovery" name="test_pipeline_script_structure[12_website.py]" time="0.001" /><testcase classname="src.tests.test_pipeline_scripts.TestPipelineScriptDiscovery" name="test_pipeline_script_structure[13_sapf.py]" time="0.000" /><testcase classname="src.tests.test_pipeline_scripts.TestPipelineScriptImports" name="test_script_import_capability[1_gnn.py]" time="0.002" /><testcase classname="src.tests.test_pipeline_scripts.TestPipelineScriptImports" name="test_script_import_capability[2_setup.py]" time="0.002" /><testcase classname="src.tests.test_pipeline_scripts.TestPipelineScriptImports" name="test_script_import_capability[3_tests.py]" time="0.001" /><testcase classname="src.tests.test_pipeline_scripts.TestPipelineScriptImports" name="test_script_import_capability[4_type_checker.py]" time="0.001" /><testcase classname="src.tests.test_pipeline_scripts.TestPipelineScriptImports" name="test_script_import_capability[5_export.py]" time="0.001" /><testcase classname="src.tests.test_pipeline_scripts.TestPipelineScriptImports" name="test_script_import_capability[6_visualization.py]" time="0.001" /><testcase classname="src.tests.test_pipeline_scripts.TestPipelineScriptImports" name="test_script_import_capability[7_mcp.py]" time="0.001" /><testcase classname="src.tests.test_pipeline_scripts.TestPipelineScriptImports" name="test_script_import_capability[8_ontology.py]" time="0.003" /><testcase classname="src.tests.test_pipeline_scripts.TestPipelineScriptImports" name="test_script_import_capability[9_render.py]" time="0.001" /><testcase classname="src.tests.test_pipeline_scripts.TestPipelineScriptImports" name="test_script_import_capability[10_execute.py]" time="0.001" /><testcase classname="src.tests.test_pipeline_scripts.TestPipelineScriptImports" name="test_script_import_capability[11_llm.py]" time="0.002" /><testcase classname="src.tests.test_pipeline_scripts.TestPipelineScriptImports" name="test_script_import_capability[12_website.py]" time="0.001" /><testcase classname="src.tests.test_pipeline_scripts.TestPipelineScriptImports" name="test_script_import_capability[13_sapf.py]" time="0.002" /><testcase classname="src.tests.test_pipeline_scripts.TestPipelineScriptExecution" name="test_script_execution_with_mocks[1_gnn.py]" time="0.004" /><testcase classname="src.tests.test_pipeline_scripts.TestPipelineScriptExecution" name="test_script_execution_with_mocks[2_setup.py]" time="0.002" /><testcase classname="src.tests.test_pipeline_scripts.TestPipelineScriptExecution" name="test_script_execution_with_mocks[3_tests.py]" time="0.002" /><testcase classname="src.tests.test_pipeline_scripts.TestPipelineScriptExecution" name="test_script_execution_with_mocks[4_type_checker.py]" time="0.002" /><testcase classname="src.tests.test_pipeline_scripts.TestPipelineScriptExecution" name="test_script_execution_with_mocks[5_export.py]" time="0.002" /><testcase classname="src.tests.test_pipeline_scripts.TestPipelineScriptExecution" name="test_script_execution_with_mocks[6_visualization.py]" time="0.001" /><testcase classname="src.tests.test_pipeline_scripts.TestPipelineScriptExecution" name="test_script_execution_with_mocks[7_mcp.py]" time="0.002" /><testcase classname="src.tests.test_pipeline_scripts.TestPipelineScriptExecution" name="test_script_execution_with_mocks[8_ontology.py]" time="0.002" /><testcase classname="src.tests.test_pipeline_scripts.TestPipelineScriptExecution" name="test_script_execution_with_mocks[9_render.py]" time="0.001" /><testcase classname="src.tests.test_pipeline_scripts.TestPipelineScriptExecution" name="test_script_execution_with_mocks[10_execute.py]" time="0.001" /><testcase classname="src.tests.test_pipeline_scripts.TestPipelineScriptExecution" name="test_script_execution_with_mocks[11_llm.py]" time="0.001" /><testcase classname="src.tests.test_pipeline_scripts.TestPipelineScriptExecution" name="test_script_execution_with_mocks[12_website.py]" time="0.002" /><testcase classname="src.tests.test_pipeline_scripts.TestPipelineScriptExecution" name="test_script_execution_with_mocks[13_sapf.py]" time="0.001" /><testcase classname="src.tests.test_pipeline_scripts.TestStep1GNNComprehensive" name="test_step1_gnn_file_discovery" time="0.005" /><testcase classname="src.tests.test_pipeline_scripts.TestStep1GNNComprehensive" name="test_step1_gnn_validation" time="0.003" /><testcase classname="src.tests.test_pipeline_scripts.TestStep2SetupComprehensive" name="test_step2_environment_validation" time="0.001" /><testcase classname="src.tests.test_pipeline_scripts.TestStep4TypeCheckerComprehensive" name="test_step4_type_checking" time="0.001" /><testcase classname="src.tests.test_pipeline_scripts.TestStep5ExportComprehensive" name="test_step5_export_formats" time="0.001" /><testcase classname="src.tests.test_pipeline_scripts.TestStep6VisualizationComprehensive" name="test_step6_visualization_generation" time="0.001" /><testcase classname="src.tests.test_pipeline_scripts.TestStep7MCPComprehensive" name="test_step7_mcp_tools" time="0.000" /><testcase classname="src.tests.test_pipeline_scripts.TestStep8OntologyComprehensive" name="test_step8_ontology_processing" time="0.000" /><testcase classname="src.tests.test_pipeline_scripts.TestStep9RenderComprehensive" name="test_step9_code_rendering" time="0.003" /><testcase classname="src.tests.test_pipeline_scripts.TestStep10ExecuteComprehensive" name="test_step10_execution_safety" time="0.001" /><testcase classname="src.tests.test_pipeline_scripts.TestStep11LLMComprehensive" name="test_step11_llm_operations" time="40.384" /><testcase classname="src.tests.test_pipeline_scripts.TestStep12WebsiteComprehensive" name="test_step12_website_generation" time="0.002" /><testcase classname="src.tests.test_pipeline_scripts.TestStep13SAPFComprehensive" name="test_step13_sapf_generation" time="1.003" /><testcase classname="src.tests.test_pipeline_scripts.TestPipelineScriptIntegration" name="test_pipeline_script_coordination" time="0.001" /><testcase classname="src.tests.test_pipeline_scripts.TestPipelineScriptIntegration" name="test_pipeline_argument_consistency" time="0.001" /><testcase classname="src.tests.test_pipeline_scripts" name="test_pipeline_script_completeness" time="0.000" /><testcase classname="src.tests.test_pipeline_steps.TestPipelineStepCommonInterface" name="test_pipeline_step_discovery" time="0.000" /><testcase classname="src.tests.test_pipeline_steps.TestPipelineStepCommonInterface" name="test_pipeline_step_file_structure[1]" time="0.000" /><testcase classname="src.tests.test_pipeline_steps.TestPipelineStepCommonInterface" name="test_pipeline_step_file_structure[2]" time="0.000" /><testcase classname="src.tests.test_pipeline_steps.TestPipelineStepCommonInterface" name="test_pipeline_step_file_structure[3]" time="0.000" /><testcase classname="src.tests.test_pipeline_steps.TestPipelineStepCommonInterface" name="test_pipeline_step_file_structure[4]" time="0.000" /><testcase classname="src.tests.test_pipeline_steps.TestPipelineStepCommonInterface" name="test_pipeline_step_file_structure[5]" time="0.000" /><testcase classname="src.tests.test_pipeline_steps.TestPipelineStepCommonInterface" name="test_pipeline_step_file_structure[6]" time="0.000" /><testcase classname="src.tests.test_pipeline_steps.TestPipelineStepCommonInterface" name="test_pipeline_step_file_structure[7]" time="0.000" /><testcase classname="src.tests.test_pipeline_steps.TestPipelineStepCommonInterface" name="test_pipeline_step_file_structure[8]" time="0.000" /><testcase classname="src.tests.test_pipeline_steps.TestPipelineStepCommonInterface" name="test_pipeline_step_file_structure[9]" time="0.000" /><testcase classname="src.tests.test_pipeline_steps.TestPipelineStepCommonInterface" name="test_pipeline_step_file_structure[10]" time="0.000" /><testcase classname="src.tests.test_pipeline_steps.TestPipelineStepCommonInterface" name="test_pipeline_step_file_structure[11]" time="0.000" /><testcase classname="src.tests.test_pipeline_steps.TestPipelineStepCommonInterface" name="test_pipeline_step_file_structure[12]" time="0.000" /><testcase classname="src.tests.test_pipeline_steps.TestPipelineStepCommonInterface" name="test_pipeline_step_file_structure[13]" time="0.000" /><testcase classname="src.tests.test_pipeline_steps.TestPipelineStepCommonInterface" name="test_pipeline_step_common_imports" time="0.000" /><testcase classname="src.tests.test_pipeline_steps.TestStep1GNN" name="test_step1_basic_execution" time="0.001" /><testcase classname="src.tests.test_pipeline_steps.TestStep1GNN" name="test_step1_gnn_file_discovery" time="0.001" /><testcase classname="src.tests.test_pipeline_steps.TestStep2Setup" name="test_step2_environment_validation" time="0.001" /><testcase classname="src.tests.test_pipeline_steps.TestStep2Setup" name="test_step2_dependency_checking" time="0.000" /><testcase classname="src.tests.test_pipeline_steps.TestStep3Tests" name="test_step3_test_discovery" time="0.000" /><testcase classname="src.tests.test_pipeline_steps.TestStep3Tests" name="test_step3_test_environment_integration" time="0.000" /><testcase classname="src.tests.test_pipeline_steps.TestStep4GNNTypeChecker" name="test_step4_type_checking_execution" time="0.001" /><testcase classname="src.tests.test_pipeline_steps.TestStep4GNNTypeChecker" name="test_step4_validation_scenarios" time="0.001" /><testcase classname="src.tests.test_pipeline_steps.TestStep5Export" name="test_step5_export_execution" time="0.001" /><testcase classname="src.tests.test_pipeline_steps.TestStep5Export" name="test_step5_export_formats" time="0.000" /><testcase classname="src.tests.test_pipeline_steps.TestStep6Visualization" name="test_step6_visualization_execution" time="0.001" /><testcase classname="src.tests.test_pipeline_steps.TestStep6Visualization" name="test_step6_matplotlib_integration" time="0.010" /><testcase classname="src.tests.test_pipeline_steps.TestStep7MCP" name="test_step7_mcp_execution" time="0.000" /><testcase classname="src.tests.test_pipeline_steps.TestStep7MCP" name="test_step7_tool_registration" time="0.000" /><testcase classname="src.tests.test_pipeline_steps.TestStep8Ontology" name="test_step8_ontology_execution" time="0.000" /><testcase classname="src.tests.test_pipeline_steps.TestStep8Ontology" name="test_step8_ontology_terms_file" time="0.000" /><testcase classname="src.tests.test_pipeline_steps.TestStep9Render" name="test_step9_render_execution" time="0.000" /><testcase classname="src.tests.test_pipeline_steps.TestStep9Render" name="test_step9_rendering_targets" time="0.000" /><testcase classname="src.tests.test_pipeline_steps.TestStep10Execute" name="test_step10_execute_execution" time="0.000" /><testcase classname="src.tests.test_pipeline_steps.TestStep10Execute" name="test_step10_execution_safety" time="0.000" /><testcase classname="src.tests.test_pipeline_steps.TestStep11LLM" name="test_step11_llm_execution" time="0.001" /><testcase classname="src.tests.test_pipeline_steps.TestStep11LLM" name="test_step11_llm_tasks" time="0.001" /><testcase classname="src.tests.test_pipeline_steps.TestStep12Website" name="test_step12_website_generation" time="0.000" /><testcase classname="src.tests.test_pipeline_steps.TestStep12Website" name="test_step12_categorical_concepts" time="0.000" /><testcase classname="src.tests.test_pipeline_steps.TestStep13SAPF" name="test_step13_sapf_execution" time="0.000" /><testcase classname="src.tests.test_pipeline_steps.TestStep13SAPF" name="test_step13_sapf_integration" time="0.001" /><testcase classname="src.tests.test_pipeline_steps.TestPipelineStepExecution" name="test_step_argument_parsing" time="0.000" /><testcase classname="src.tests.test_pipeline_steps.TestPipelineStepExecution" name="test_step_output_directory_creation" time="0.001" /><testcase classname="src.tests.test_pipeline_steps.TestPipelineStepExecution" name="test_step_error_handling" time="0.000" /><testcase classname="src.tests.test_pipeline_steps.TestPipelineStepExecution" name="test_step_logging_integration" time="0.001" /><testcase classname="src.tests.test_pipeline_steps.TestPipelineIntegration" name="test_step_dependency_chain" time="0.000" /><testcase classname="src.tests.test_pipeline_steps.TestPipelineIntegration" name="test_step_output_compatibility" time="0.000" /><testcase classname="src.tests.test_pipeline_steps.TestPipelineIntegration" name="test_pipeline_configuration_consistency" time="0.000" /><testcase classname="src.tests.test_pipeline_steps" name="test_pipeline_step_template_compliance" time="0.000" /><testcase classname="src.tests.test_render.TestRenderModuleImports" name="test_render_module_imports" time="0.000" /><testcase classname="src.tests.test_render.TestRenderTargets" name="test_render_to_pymdp" time="0.001" /><testcase classname="src.tests.test_render.TestRenderTargets" name="test_render_to_rxinfer_toml" time="0.001" /><testcase classname="src.tests.test_render.TestRenderTargets" name="test_render_to_discopy" time="0.001" /><testcase classname="src.tests.test_render.TestRenderTargets" name="test_render_to_discopy_combined" time="0.001" /><testcase classname="src.tests.test_render.TestRenderTargets" name="test_render_to_activeinference_jl" time="0.001" /><testcase classname="src.tests.test_render.TestRenderTargets" name="test_render_to_jax" time="0.001" /><testcase classname="src.tests.test_render.TestRenderTargets" name="test_render_to_jax_pomdp" time="0.001" /><testcase classname="src.tests.test_render.TestRenderErrorHandling" name="test_render_with_unsupported_targets" time="0.001" /><testcase classname="src.tests.test_render.TestRenderErrorHandling" name="test_render_with_missing_dependencies" time="0.001" /><testcase classname="src.tests.test_render.TestRenderErrorHandling" name="test_render_with_invalid_spec" time="0.001" /><testcase classname="src.tests.test_render.TestRenderIntegration" name="test_render_all_targets" time="0.001" /><testcase classname="src.tests.test_render.TestRenderIntegration" name="test_render_with_different_specs" time="0.001" /><testcase classname="src.tests.test_render.TestRenderPerformance" name="test_render_performance" time="0.001" /><testcase classname="src.tests.test_render.TestRenderValidation" name="test_render_output_validation" time="0.001" /><testcase classname="src.tests.test_render.TestRenderValidation" name="test_render_message_validation" time="0.001" /><testcase classname="src.tests.test_render" name="test_render_module_completeness" time="0.000" /><testcase classname="src.tests.test_sapf.TestSAPFGNNProcessor" name="test_processor_initialization" time="0.000" /><testcase classname="src.tests.test_sapf.TestSAPFGNNProcessor" name="test_parse_gnn_sections" time="0.001" /><testcase classname="src.tests.test_sapf.TestSAPFGNNProcessor" name="test_state_space_parsing_categories" time="0.000" /><testcase classname="src.tests.test_sapf.TestSAPFGNNProcessor" name="test_convert_to_sapf" time="0.000" /><testcase classname="src.tests.test_sapf.TestSAPFGNNProcessor" name="test_complexity_calculation" time="0.000" /><testcase classname="src.tests.test_sapf.TestSAPFGNNProcessor" name="test_model_signature_generation" time="0.000" /><testcase classname="src.tests.test_sapf.TestSAPFGNNProcessor" name="test_musical_scale_assignment" time="0.000" /><testcase classname="src.tests.test_sapf.TestSAPFCodeValidation" name="test_validate_sapf_code_valid" time="0.000" /><testcase classname="src.tests.test_sapf.TestSAPFCodeValidation" name="test_validate_sapf_code_invalid" time="0.000" /><testcase classname="src.tests.test_sapf.TestSAPFAudioGeneration" name="test_audio_generator_initialization" time="0.000" /><testcase classname="src.tests.test_sapf.TestSAPFAudioGeneration" name="test_analyze_sapf_code" time="0.000" /><testcase classname="src.tests.test_sapf.TestSAPFAudioGeneration" name="test_generate_oscillator_audio" time="0.000" /><testcase classname="src.tests.test_sapf.TestSAPFAudioGeneration" name="test_generate_envelope" time="0.000" /><testcase classname="src.tests.test_sapf.TestSAPFAudioGeneration" name="test_apply_lowpass_filter" time="0.001" /><testcase classname="src.tests.test_sapf.TestSAPFAudioGeneration" name="test_generate_from_sapf_mock" time="0.001" /><testcase classname="src.tests.test_sapf.TestSAPFStandaloneFunctions" name="test_convert_gnn_to_sapf_function" time="0.000" /><testcase classname="src.tests.test_sapf.TestSAPFStandaloneFunctions" name="test_generate_oscillator_audio_function" time="0.000" /><testcase classname="src.tests.test_sapf.TestSAPFStandaloneFunctions" name="test_apply_envelope_function" time="0.000" /><testcase classname="src.tests.test_sapf.TestSAPFStandaloneFunctions" name="test_mix_audio_channels_function" time="0.000" /><testcase classname="src.tests.test_sapf.TestSAPFMCPIntegration" name="test_register_sapf_tools" time="0.000" /><testcase classname="src.tests.test_sapf.TestSAPFMCPIntegration" name="test_handle_generate_sapf_code" time="0.001" /><testcase classname="src.tests.test_sapf.TestSAPFMCPIntegration" name="test_handle_validate_sapf_syntax" time="0.001" /><testcase classname="src.tests.test_sapf.TestSAPFErrorHandling" name="test_processor_with_invalid_gnn" time="0.000" /><testcase classname="src.tests.test_sapf.TestSAPFErrorHandling" name="test_audio_generator_error_handling" time="0.000" /><testcase classname="src.tests.test_sapf.TestSAPFErrorHandling" name="test_file_operation_failures" time="0.001" /><testcase classname="src.tests.test_sapf.TestSAPFIntegration" name="test_baseball_gnn_sapf_conversion" time="0.001" /><testcase classname="src.tests.test_sapf.TestSAPFIntegration" name="test_existing_gnn_examples_sapf_conversion" time="0.000" /><testcase classname="src.tests.test_sapf" name="test_sapf_module_completeness" time="0.000" /><testcase classname="src.tests.test_utilities.TestArgumentParsing" name="test_enhanced_argument_parser_import" time="0.000" /><testcase classname="src.tests.test_utilities.TestArgumentParsing" name="test_argument_parser_basic_functionality" time="0.000" /><testcase classname="src.tests.test_utilities.TestArgumentParsing" name="test_argument_parsing_fallback" time="0.000" /><testcase classname="src.tests.test_utilities.TestArgumentParsing" name="test_path_argument_conversion" time="0.000" /><testcase classname="src.tests.test_utilities.TestLoggingUtilities" name="test_logging_setup_import" time="0.000" /><testcase classname="src.tests.test_utilities.TestLoggingUtilities" name="test_step_logging_setup" time="0.000" /><testcase classname="src.tests.test_utilities.TestLoggingUtilities" name="test_logging_verbosity_control" time="0.000" /><testcase classname="src.tests.test_utilities.TestLoggingUtilities" name="test_step_logging_functions" time="0.000" /><testcase classname="src.tests.test_utilities.TestPathUtilities" name="test_path_validation_utilities" time="0.000" /><testcase classname="src.tests.test_utilities.TestPathUtilities" name="test_file_extension_validation" time="0.000" /><testcase classname="src.tests.test_utilities.TestPathUtilities" name="test_safe_file_operations" time="0.001" /><testcase classname="src.tests.test_utilities.TestPathUtilities" name="test_directory_creation_patterns" time="0.001" /><testcase classname="src.tests.test_utilities.TestPerformanceTracking" name="test_performance_tracker_import" time="0.000" /><testcase classname="src.tests.test_utilities.TestPerformanceTracking" name="test_performance_tracking_context_manager" time="0.011" /><testcase classname="src.tests.test_utilities.TestPerformanceTracking" name="test_timestamp_utilities" time="0.001" /><testcase classname="src.tests.test_utilities.TestPerformanceTracking" name="test_resource_monitoring_interface" time="0.102" /><testcase classname="src.tests.test_utilities.TestDependencyValidation" name="test_dependency_validator_import" time="0.000" /><testcase classname="src.tests.test_utilities.TestDependencyValidation" name="test_pipeline_dependency_checking" time="0.001" /><testcase classname="src.tests.test_utilities.TestDependencyValidation" name="test_optional_dependency_handling" time="0.001" /><testcase classname="src.tests.test_utilities.TestConfigurationUtilities" name="test_pipeline_config_import" time="0.000" /><testcase classname="src.tests.test_utilities.TestConfigurationUtilities" name="test_pipeline_configuration_structure" time="0.001" /><testcase classname="src.tests.test_utilities.TestConfigurationUtilities" name="test_step_metadata_structure" time="0.002" /><testcase classname="src.tests.test_utilities.TestUtilityIntegration" name="test_argument_parsing_and_logging_integration" time="0.000" /><testcase classname="src.tests.test_utilities.TestUtilityIntegration" name="test_path_and_configuration_integration" time="0.000" /><testcase classname="src.tests.test_utilities.TestUtilityIntegration" name="test_performance_and_logging_integration" time="0.012" /><testcase classname="src.tests.test_utilities.TestErrorHandlingUtilities" name="test_safe_import_patterns" time="0.001" /><testcase classname="src.tests.test_utilities.TestErrorHandlingUtilities" name="test_graceful_degradation_patterns" time="0.000" /><testcase classname="src.tests.test_utilities.TestErrorHandlingUtilities" name="test_error_recovery_mechanisms" time="0.000" /><testcase classname="src.tests.test_utilities.TestFileOperationUtilities" name="test_safe_file_reading" time="0.001" /><testcase classname="src.tests.test_utilities.TestFileOperationUtilities" name="test_safe_file_writing" time="0.001" /><testcase classname="src.tests.test_utilities.TestFileOperationUtilities" name="test_safe_json_operations" time="0.001" /><testcase classname="src.tests.test_utilities.TestConfigurationValidation" name="test_test_configuration_validation" time="0.000" /><testcase classname="src.tests.test_utilities.TestConfigurationValidation" name="test_environment_configuration_consistency" time="0.000" /><testcase classname="src.tests.test_utilities.TestConfigurationValidation" name="test_path_configuration_validation" time="0.000" /><testcase classname="src.tests.test_utilities.TestSystemIntegration" name="test_python_version_compatibility" time="0.000" /><testcase classname="src.tests.test_utilities.TestSystemIntegration" name="test_platform_compatibility" time="0.000" /><testcase classname="src.tests.test_utilities.TestSystemIntegration" name="test_resource_availability" time="0.001" /><testcase classname="src.tests.test_utilities" name="test_utility_module_completeness" time="0.000" /><testcase classname="src.tests.test_utility_modules.TestArgumentUtilsComprehensive" name="test_argument_utils_imports" time="0.000" /><testcase classname="src.tests.test_utility_modules.TestArgumentUtilsComprehensive" name="test_enhanced_argument_parser" time="0.001" /><testcase classname="src.tests.test_utility_modules.TestArgumentUtilsComprehensive" name="test_step_argument_parsing" time="0.001" /><testcase classname="src.tests.test_utility_modules.TestArgumentUtilsComprehensive" name="test_argument_validation" time="0.000" /><testcase classname="src.tests.test_utility_modules.TestLoggingUtilsComprehensive" name="test_logging_utils_imports" time="0.000" /><testcase classname="src.tests.test_utility_modules.TestLoggingUtilsComprehensive" name="test_step_logging_setup" time="0.000" /><testcase classname="src.tests.test_utility_modules.TestLoggingUtilsComprehensive" name="test_step_logging_functions" time="0.001" /><testcase classname="src.tests.test_utility_modules.TestLoggingUtilsComprehensive" name="test_correlation_context" time="0.000" /><testcase classname="src.tests.test_utility_modules.TestConfigLoaderComprehensive" name="test_config_loader_imports" time="0.000" /><testcase classname="src.tests.test_utility_modules.TestConfigLoaderComprehensive" name="test_config_loading_and_saving" time="0.002" /><testcase classname="src.tests.test_utility_modules.TestConfigLoaderComprehensive" name="test_config_validation" time="0.000" /><testcase classname="src.tests.test_utility_modules.TestConfigLoaderComprehensive" name="test_config_value_access" time="0.000" /><testcase classname="src.tests.test_utility_modules.TestDependencyValidatorComprehensive" name="test_dependency_validator_imports" time="0.000" /><testcase classname="src.tests.test_utility_modules.TestDependencyValidatorComprehensive" name="test_pipeline_dependency_validation" time="5.205" /><testcase classname="src.tests.test_utility_modules.TestDependencyValidatorComprehensive" name="test_optional_dependency_checking" time="1.812" /><testcase classname="src.tests.test_utility_modules.TestDependencyValidatorComprehensive" name="test_dependency_status" time="5.179" /><testcase classname="src.tests.test_utility_modules.TestPerformanceTrackerComprehensive" name="test_performance_tracker_imports" time="0.000" /><testcase classname="src.tests.test_utility_modules.TestPerformanceTrackerComprehensive" name="test_operation_tracking" time="0.102" /><testcase classname="src.tests.test_utility_modules.TestPerformanceTrackerComprehensive" name="test_performance_metrics" time="0.001" /><testcase classname="src.tests.test_utility_modules.TestPerformanceTrackerComprehensive" name="test_performance_monitoring" time="0.000" /><testcase classname="src.tests.test_utility_modules.TestPipelineConfigComprehensive" name="test_pipeline_config_imports" time="0.000" /><testcase classname="src.tests.test_utility_modules.TestPipelineConfigComprehensive" name="test_pipeline_config_retrieval" time="0.000" /><testcase classname="src.tests.test_utility_modules.TestPipelineConfigComprehensive" name="test_step_metadata_structure" time="0.000" /><testcase classname="src.tests.test_utility_modules.TestPipelineConfigComprehensive" name="test_output_directory_generation" time="0.001" /><testcase classname="src.tests.test_utility_modules.TestUtilityModuleIntegration" name="test_utility_coordination" time="0.001" /><testcase classname="src.tests.test_utility_modules.TestUtilityModuleIntegration" name="test_performance_and_logging_integration" time="0.103" /><testcase classname="src.tests.test_utility_modules" name="test_utility_module_completeness" time="0.002" /></testsuite></testsuites>