============================= test session starts ==============================
platform darwin -- Python 3.13.5, pytest-8.4.1, pluggy-1.6.0 -- /Users/4d/Documents/GitHub/GeneralizedNotationNotation/.venv/bin/python
cachedir: .pytest_cache
metadata: {'Python': '3.13.5', 'Platform': 'macOS-15.6-arm64-arm-64bit-Mach-O', 'Packages': {'pytest': '8.4.1', 'pluggy': '1.6.0'}, 'Plugins': {'asyncio': '1.1.0', 'xdist': '3.8.0', 'json-report': '1.5.0', 'timeout': '2.4.0', 'metadata': '3.1.1', 'anyio': '4.10.0', 'cov': '6.2.1'}}
rootdir: /Users/4d/Documents/GitHub/GeneralizedNotationNotation
configfile: pytest.ini
plugins: asyncio-1.1.0, xdist-3.8.0, json-report-1.5.0, timeout-2.4.0, metadata-3.1.1, anyio-4.10.0, cov-6.2.1
asyncio: mode=Mode.STRICT, asyncio_default_fixture_loop_scope=None, asyncio_default_test_loop_scope=function
collecting ... collected 473 items

src/tests/test_audio_generation.py::TestAudioGeneration::test_audio_import_available PASSED
src/tests/test_audio_generation.py::TestAudioGeneration::test_sapf_audio_generation PASSED
src/tests/test_audio_generation.py::TestAudioGeneration::test_pedalboard_audio_generation PASSED
src/tests/test_audio_generation.py::TestAudioGeneration::test_audio_format_conversion PASSED
src/tests/test_audio_generation.py::TestAudioGeneration::test_audio_parameter_validation PASSED
src/tests/test_audio_generation.py::TestAudioGeneration::test_audio_error_handling PASSED
src/tests/test_audio_generation.py::TestAudioGeneration::test_audio_performance PASSED
src/tests/test_audio_generation.py::TestAudioGeneration::test_audio_memory_usage PASSED
src/tests/test_audio_generation.py::TestAudioGeneration::test_audio_quality_metrics PASSED
src/tests/test_audio_generation.py::TestAudioGeneration::test_audio_file_operations PASSED
src/tests/test_audio_generation.py::TestAudioGeneration::test_audio_backend_selection PASSED
src/tests/test_audio_generation.py::TestAudioGeneration::test_audio_concurrent_generation PASSED
src/tests/test_audio_overall.py::TestAudioModuleComprehensive::test_audio_module_imports PASSED
src/tests/test_audio_overall.py::TestAudioModuleComprehensive::test_audio_generator_instantiation PASSED
src/tests/test_audio_overall.py::TestAudioModuleComprehensive::test_sapf_processor_instantiation PASSED
src/tests/test_audio_overall.py::TestAudioModuleComprehensive::test_pedalboard_processor_instantiation PASSED
src/tests/test_audio_overall.py::TestAudioModuleComprehensive::test_audio_module_info PASSED
src/tests/test_audio_overall.py::TestAudioModuleComprehensive::test_audio_generation_options PASSED
src/tests/test_audio_overall.py::TestAudioProcessing::test_gnn_to_audio_conversion PASSED
src/tests/test_audio_overall.py::TestAudioProcessing::test_audio_validation PASSED
src/tests/test_audio_overall.py::TestAudioProcessing::test_audio_generation PASSED
src/tests/test_audio_overall.py::TestAudioIntegration::test_audio_pipeline_integration PASSED
src/tests/test_audio_overall.py::TestAudioIntegration::test_audio_mcp_integration PASSED
src/tests/test_audio_overall.py::test_audio_module_completeness PASSED
src/tests/test_audio_overall.py::test_audio_module_performance PASSED
src/tests/test_audio_sapf.py::TestSAPFCodeValidation::test_validate_sapf_code_valid SKIPPED
src/tests/test_audio_sapf.py::TestSAPFCodeValidation::test_validate_sapf_code_invalid SKIPPED
src/tests/test_audio_sapf.py::TestSAPFStandaloneFunctions::test_convert_gnn_to_sapf_function SKIPPED
src/tests/test_audio_sapf.py::TestSAPFStandaloneFunctions::test_generate_oscillator_audio_function SKIPPED
src/tests/test_audio_sapf.py::TestSAPFStandaloneFunctions::test_apply_envelope_function SKIPPED
src/tests/test_audio_sapf.py::TestSAPFStandaloneFunctions::test_mix_audio_channels_function SKIPPED
src/tests/test_comprehensive_api.py::TestGNNModule::test_module_imports PASSED
src/tests/test_comprehensive_api.py::TestGNNModule::test_get_module_info PASSED
src/tests/test_comprehensive_api.py::TestGNNModule::test_validate_gnn_function PASSED
src/tests/test_comprehensive_api.py::TestGNNModule::test_feature_flags PASSED
src/tests/test_comprehensive_api.py::TestExportModule::test_module_imports PASSED
src/tests/test_comprehensive_api.py::TestExportModule::test_get_module_info PASSED
src/tests/test_comprehensive_api.py::TestExportModule::test_get_supported_formats PASSED
src/tests/test_comprehensive_api.py::TestExportModule::test_export_gnn_model_invalid_format PASSED
src/tests/test_comprehensive_api.py::TestRenderModule::test_module_imports PASSED
src/tests/test_comprehensive_api.py::TestRenderModule::test_get_module_info PASSED
src/tests/test_comprehensive_api.py::TestRenderModule::test_get_available_renderers PASSED
src/tests/test_comprehensive_api.py::TestRenderModule::test_feature_flags PASSED
src/tests/test_comprehensive_api.py::TestWebsiteModule::test_module_imports PASSED
src/tests/test_comprehensive_api.py::TestWebsiteModule::test_get_module_info PASSED
src/tests/test_comprehensive_api.py::TestWebsiteModule::test_get_supported_file_types PASSED
src/tests/test_comprehensive_api.py::TestWebsiteModule::test_generate_website_from_pipeline_output_nonexistent PASSED
src/tests/test_comprehensive_api.py::TestWebsiteModule::test_validate_website_config PASSED
src/tests/test_comprehensive_api.py::TestSAPFModule::test_module_imports PASSED
src/tests/test_comprehensive_api.py::TestSAPFModule::test_get_module_info PASSED
src/tests/test_comprehensive_api.py::TestSAPFModule::test_get_audio_generation_options PASSED
src/tests/test_comprehensive_api.py::TestSAPFModule::test_process_gnn_to_audio_invalid_input PASSED
src/tests/test_comprehensive_api.py::TestOntologyModule::test_module_imports PASSED
src/tests/test_comprehensive_api.py::TestOntologyModule::test_get_module_info PASSED
src/tests/test_comprehensive_api.py::TestOntologyModule::test_get_ontology_processing_options PASSED
src/tests/test_comprehensive_api.py::TestOntologyModule::test_process_gnn_ontology_nonexistent_file PASSED
src/tests/test_comprehensive_api.py::TestOntologyModule::test_parse_gnn_ontology_section_empty PASSED
src/tests/test_comprehensive_api.py::TestTypeCheckerModule::test_module_imports PASSED
src/tests/test_comprehensive_api.py::TestTypeCheckerModule::test_type_checker_instantiation PASSED
src/tests/test_comprehensive_api.py::TestVisualizationModule::test_module_imports PASSED
src/tests/test_comprehensive_api.py::TestVisualizationModule::test_visualizer_instantiation PASSED
src/tests/test_comprehensive_api.py::TestExecuteModule::test_module_imports PASSED
src/tests/test_comprehensive_api.py::TestExecuteModule::test_executor_instantiation PASSED
src/tests/test_comprehensive_api.py::TestLLMModule::test_module_imports PASSED
src/tests/test_comprehensive_api.py::TestLLMModule::test_llm_processor_instantiation PASSED
src/tests/test_comprehensive_api.py::TestMCPModule::test_module_imports PASSED
src/tests/test_comprehensive_api.py::TestMCPModule::test_mcp_server_instantiation PASSED
src/tests/test_comprehensive_api.py::TestSetupModule::test_module_imports PASSED
src/tests/test_comprehensive_api.py::TestSetupModule::test_setup_functions_exist PASSED
src/tests/test_comprehensive_api.py::TestUtilsModule::test_module_imports PASSED
src/tests/test_comprehensive_api.py::TestUtilsModule::test_utils_classes_instantiation PASSED
src/tests/test_comprehensive_api.py::TestPipelineModule::test_module_imports PASSED
src/tests/test_comprehensive_api.py::TestPipelineModule::test_pipeline_config PASSED
src/tests/test_comprehensive_api.py::TestMCPIntegration::test_mcp_availability_flags PASSED
src/tests/test_comprehensive_api.py::TestMCPIntegration::test_register_tools_functions PASSED
src/tests/test_comprehensive_api.py::TestModuleConsistency::test_version_consistency FAILED
src/tests/test_comprehensive_api.py::TestModuleConsistency::test_feature_flags_consistency FAILED
src/tests/test_comprehensive_api.py::TestModuleConsistency::test_module_info_consistency FAILED
src/tests/test_core_modules.py::TestGNNModuleComprehensive::test_gnn_module_imports PASSED
src/tests/test_core_modules.py::TestGNNModuleComprehensive::test_gnn_file_discovery PASSED
src/tests/test_core_modules.py::TestGNNModuleComprehensive::test_gnn_file_parsing PASSED
src/tests/test_core_modules.py::TestGNNModuleComprehensive::test_gnn_validation SKIPPED
src/tests/test_core_modules.py::TestGNNModuleComprehensive::test_gnn_directory_processing PASSED
src/tests/test_core_modules.py::TestRenderModuleComprehensive::test_render_module_imports PASSED
src/tests/test_core_modules.py::TestRenderModuleComprehensive::test_pymdp_rendering PASSED
src/tests/test_core_modules.py::TestRenderModuleComprehensive::test_rxinfer_rendering PASSED
src/tests/test_core_modules.py::TestRenderModuleComprehensive::test_discopy_rendering PASSED
src/tests/test_core_modules.py::TestExecuteModuleComprehensive::test_execute_module_imports PASSED
src/tests/test_core_modules.py::TestExecuteModuleComprehensive::test_execution_environment_validation PASSED
src/tests/test_core_modules.py::TestExecuteModuleComprehensive::test_safe_script_execution PASSED
src/tests/test_core_modules.py::TestLLMModuleComprehensive::test_llm_module_imports PASSED
src/tests/test_core_modules.py::TestLLMModuleComprehensive::test_llm_model_analysis PASSED
src/tests/test_core_modules.py::TestLLMModuleComprehensive::test_llm_description_generation PASSED
src/tests/test_core_modules.py::TestMCPModuleComprehensive::test_mcp_module_imports PASSED
src/tests/test_core_modules.py::TestMCPModuleComprehensive::test_mcp_tool_registration PASSED
src/tests/test_core_modules.py::TestMCPModuleComprehensive::test_mcp_request_handling PASSED
src/tests/test_core_modules.py::TestOntologyModuleComprehensive::test_ontology_module_imports PASSED
src/tests/test_core_modules.py::TestOntologyModuleComprehensive::test_ontology_term_validation PASSED
src/tests/test_core_modules.py::TestWebsiteModuleComprehensive::test_website_module_imports PASSED
src/tests/test_core_modules.py::TestWebsiteModuleComprehensive::test_website_generation PASSED
src/tests/test_core_modules.py::TestWebsiteModuleComprehensive::test_html_report_creation PASSED
src/tests/test_core_modules.py::TestSAPFModuleComprehensive::test_sapf_module_imports PASSED
src/tests/test_core_modules.py::TestSAPFModuleComprehensive::test_gnn_to_sapf_conversion SKIPPED
src/tests/test_core_modules.py::TestSAPFModuleComprehensive::test_sapf_validation PASSED
src/tests/test_core_modules.py::TestSAPFModuleComprehensive::test_sapf_audio_generation PASSED
src/tests/test_core_modules.py::TestCoreModuleIntegration::test_module_coordination PASSED
src/tests/test_core_modules.py::TestCoreModuleIntegration::test_module_data_flow PASSED
src/tests/test_core_modules.py::test_core_module_completeness PASSED
src/tests/test_core_modules.py::test_core_module_performance PASSED
src/tests/test_coverage_overall.py::TestCoverageOverall::test_gnn_core_imports PASSED
src/tests/test_coverage_overall.py::TestCoverageOverall::test_audio_imports PASSED
src/tests/test_coverage_overall.py::TestCoverageOverall::test_export_imports PASSED
src/tests/test_coverage_overall.py::TestCoverageOverall::test_visualization_imports PASSED
src/tests/test_coverage_overall.py::TestCoverageOverall::test_llm_imports PASSED
src/tests/test_environment_overall.py::TestEnvironmentModuleComprehensive::test_environment_module_imports PASSED
src/tests/test_environment_overall.py::TestEnvironmentModuleComprehensive::test_environment_manager_instantiation PASSED
src/tests/test_environment_overall.py::TestEnvironmentModuleComprehensive::test_virtual_environment_instantiation PASSED
src/tests/test_environment_overall.py::TestEnvironmentModuleComprehensive::test_environment_module_info PASSED
src/tests/test_environment_overall.py::TestEnvironmentModuleComprehensive::test_environment_validation PASSED
src/tests/test_environment_overall.py::TestEnvironmentFunctionality::test_environment_setup PASSED
src/tests/test_environment_overall.py::TestEnvironmentFunctionality::test_dependency_installation PASSED
src/tests/test_environment_overall.py::TestEnvironmentFunctionality::test_python_version_check PASSED
src/tests/test_environment_overall.py::TestEnvironmentIntegration::test_environment_pipeline_integration PASSED
src/tests/test_environment_overall.py::TestEnvironmentIntegration::test_environment_mcp_integration SKIPPED
src/tests/test_environment_overall.py::test_environment_module_completeness PASSED
src/tests/test_environment_overall.py::test_environment_module_performance PASSED
src/tests/test_export_overall.py::TestExportModuleComprehensive::test_export_module_imports PASSED
src/tests/test_export_overall.py::TestExportModuleComprehensive::test_exporter_instantiation PASSED
src/tests/test_export_overall.py::TestExportModuleComprehensive::test_multi_format_exporter_instantiation PASSED
src/tests/test_export_overall.py::TestExportModuleComprehensive::test_export_module_info PASSED
src/tests/test_export_overall.py::TestExportModuleComprehensive::test_supported_formats PASSED
src/tests/test_export_overall.py::TestExportFunctionality::test_export_gnn_model PASSED
src/tests/test_export_overall.py::TestExportFunctionality::test_export_format_validation PASSED
src/tests/test_export_overall.py::TestExportFunctionality::test_multi_format_export PASSED
src/tests/test_export_overall.py::TestExportIntegration::test_export_pipeline_integration PASSED
src/tests/test_export_overall.py::TestExportIntegration::test_export_mcp_integration PASSED
src/tests/test_export_overall.py::test_export_module_completeness PASSED
src/tests/test_export_overall.py::test_export_module_performance PASSED
src/tests/test_fast_suite.py::TestFastEnvironment::test_python_environment PASSED
src/tests/test_fast_suite.py::TestFastEnvironment::test_test_configuration PASSED
src/tests/test_fast_suite.py::TestFastEnvironment::test_essential_directories PASSED
src/tests/test_fast_suite.py::TestFastGNNProcessing::test_gnn_module_import PASSED
src/tests/test_fast_suite.py::TestFastGNNProcessing::test_gnn_file_creation PASSED
src/tests/test_fast_suite.py::TestFastGNNProcessing::test_gnn_content_validation PASSED
src/tests/test_fast_suite.py::TestFastPipelineComponents::test_utils_module_import PASSED
src/tests/test_fast_suite.py::TestFastPipelineComponents::test_pipeline_module_import PASSED
src/tests/test_fast_suite.py::TestFastPipelineComponents::test_type_checker_import PASSED
src/tests/test_fast_suite.py::TestFastExport::test_export_module_import PASSED
src/tests/test_fast_suite.py::TestFastExport::test_basic_export_functionality PASSED
src/tests/test_fast_suite.py::TestFastVisualization::test_visualization_module_import PASSED
src/tests/test_fast_suite.py::TestFastRender::test_render_module_import PASSED
src/tests/test_fast_suite.py::TestFastExecute::test_execute_module_import PASSED
src/tests/test_fast_suite.py::TestFastLLM::test_llm_module_import PASSED
src/tests/test_fast_suite.py::TestFastMCP::test_mcp_module_import PASSED
src/tests/test_fast_suite.py::TestFastOntology::test_ontology_module_import PASSED
src/tests/test_fast_suite.py::TestFastSAPF::test_sapf_module_import PASSED
src/tests/test_fast_suite.py::TestFastWebsite::test_website_module_import PASSED
src/tests/test_fast_suite.py::TestFastIntegration::test_basic_pipeline_flow PASSED
src/tests/test_fast_suite.py::TestFastIntegration::test_test_environment_setup PASSED
src/tests/test_fast_suite.py::test_fast_suite_completeness PASSED
src/tests/test_gnn_integration.py::TestGNNIntegration::test_gnn_import_available SKIPPED
src/tests/test_gnn_integration.py::TestGNNIntegration::test_gnn_file_processing PASSED
src/tests/test_gnn_integration.py::TestGNNIntegration::test_gnn_validation PASSED
src/tests/test_gnn_integration.py::TestGNNIntegration::test_gnn_format_conversion PASSED
src/tests/test_gnn_integration.py::TestGNNIntegration::test_gnn_error_handling PASSED
src/tests/test_gnn_integration.py::TestGNNIntegration::test_gnn_performance PASSED
src/tests/test_gnn_integration.py::TestGNNIntegration::test_gnn_memory_usage PASSED
src/tests/test_gnn_overall.py::TestGNNCoreProcessor::test_core_processor_imports PASSED
src/tests/test_gnn_overall.py::TestGNNCoreProcessor::test_gnn_processor_basic_imports PASSED
src/tests/test_gnn_overall.py::TestGNNReporting::test_reporting_imports PASSED
src/tests/test_gnn_overall.py::TestGNNReporting::test_generate_report SKIPPED
src/tests/test_gnn_overall.py::TestGNNReporting::test_create_summary SKIPPED
src/tests/test_gnn_parsing.py::TestGNNDiscovery::test_discovery_imports PASSED
src/tests/test_gnn_parsing.py::TestGNNDiscovery::test_discover_gnn_files SKIPPED
src/tests/test_gnn_parsing.py::TestGNNDiscovery::test_scan_directory_recursive SKIPPED
src/tests/test_gnn_parsing.py::TestMarkdownParser::test_valid_parsing PASSED
src/tests/test_gnn_parsing.py::TestMarkdownParser::test_invalid_parsing PASSED
src/tests/test_gnn_parsing.py::TestMarkdownParser::test_empty_string PASSED
src/tests/test_gnn_parsing.py::TestScalaParser::test_valid_parsing PASSED
src/tests/test_gnn_parsing.py::TestLeanParser::test_valid_parsing PASSED
src/tests/test_gnn_parsing.py::TestCoqParser::test_valid_parsing PASSED
src/tests/test_gnn_processing.py::TestGNNParsersSerializers::test_serializers_imports PASSED
src/tests/test_gnn_processing.py::TestGNNParsersSerializers::test_serialize_to_format SKIPPED
src/tests/test_gnn_processing.py::TestGNNParsersSerializers::test_deserialize_from_format SKIPPED
src/tests/test_gnn_validation.py::TestGNNValidation::test_validation_imports PASSED
src/tests/test_gnn_validation.py::TestGNNValidation::test_validate_gnn_model SKIPPED
src/tests/test_gnn_validation.py::TestGNNValidation::test_check_consistency SKIPPED
src/tests/test_gnn_validation.py::TestGNNSimpleValidator::test_simple_validator_imports PASSED
src/tests/test_gnn_validation.py::TestGNNSimpleValidator::test_simple_validator_instantiation PASSED
src/tests/test_gnn_validation.py::TestGNNSimpleValidator::test_simple_validation PASSED
src/tests/test_gui_functionality.py::TestGUIFunctionality::test_headless_artifacts FAILED
src/tests/test_gui_overall.py::TestGUIModuleComprehensive::test_gui_markdown_helpers_imports PASSED
src/tests/test_gui_overall.py::TestGUIModuleComprehensive::test_add_component_and_parse PASSED
src/tests/test_gui_overall.py::TestGUIModuleComprehensive::test_update_states_append_and_replace PASSED
src/tests/test_gui_overall.py::TestGUIModuleComprehensive::test_remove_component PASSED
src/tests/test_llm_ollama.py::test_import_ollama_provider PASSED
src/tests/test_llm_ollama.py::test_ollama_provider_initialize PASSED
src/tests/test_llm_ollama.py::test_ollama_simple_chat SKIPPED (Ollam...)
src/tests/test_llm_ollama.py::test_ollama_streaming SKIPPED (Ollama ...)
src/tests/test_llm_ollama.py::test_processor_uses_ollama_when_no_keys PASSED
src/tests/test_llm_overall.py::TestLLMModuleComprehensive::test_llm_module_imports PASSED
src/tests/test_llm_overall.py::TestLLMModuleComprehensive::test_llm_processor_instantiation PASSED
src/tests/test_llm_overall.py::TestLLMModuleComprehensive::test_llm_analyzer_instantiation PASSED
src/tests/test_llm_overall.py::TestLLMModuleComprehensive::test_llm_module_info PASSED
src/tests/test_llm_overall.py::TestLLMModuleComprehensive::test_llm_providers PASSED
src/tests/test_llm_overall.py::TestLLMFunctionality::test_model_analysis PASSED
src/tests/test_llm_overall.py::TestLLMFunctionality::test_description_generation PASSED
src/tests/test_llm_overall.py::TestLLMFunctionality::test_content_analysis PASSED
src/tests/test_llm_overall.py::TestLLMIntegration::test_llm_pipeline_integration PASSED
src/tests/test_llm_overall.py::TestLLMIntegration::test_llm_mcp_integration PASSED
src/tests/test_llm_overall.py::test_llm_module_completeness PASSED
src/tests/test_llm_overall.py::test_llm_module_performance PASSED
src/tests/test_main_orchestrator.py::TestMainOrchestratorImport::test_main_orchestrator_file_exists PASSED
src/tests/test_main_orchestrator.py::TestMainOrchestratorImport::test_main_orchestrator_imports PASSED
src/tests/test_main_orchestrator.py::TestMainOrchestratorImport::test_main_orchestrator_component_availability PASSED
src/tests/test_main_orchestrator.py::TestArgumentParsing::test_argument_parser_basic_functionality PASSED
src/tests/test_main_orchestrator.py::TestArgumentParsing::test_argument_validation PASSED
src/tests/test_main_orchestrator.py::TestArgumentParsing::test_argument_defaults PASSED
src/tests/test_main_orchestrator.py::TestPipelineScriptDiscovery::test_pipeline_script_discovery_logic PASSED
src/tests/test_main_orchestrator.py::TestPipelineScriptDiscovery::test_pipeline_script_sorting PASSED
src/tests/test_main_orchestrator.py::TestVirtualEnvironmentHandling::test_virtual_environment_detection PASSED
src/tests/test_main_orchestrator.py::TestVirtualEnvironmentHandling::test_python_executable_detection PASSED
src/tests/test_main_orchestrator.py::TestStepExecution::test_step_execution_interface PASSED
src/tests/test_main_orchestrator.py::TestStepExecution::test_step_argument_building PASSED
src/tests/test_main_orchestrator.py::TestPipelineCoordination::test_pipeline_coordination_flow PASSED
src/tests/test_main_orchestrator.py::TestPipelineCoordination::test_pipeline_configuration_consistency PASSED
src/tests/test_main_orchestrator.py::TestPerformanceTracking::test_system_info_collection PASSED
src/tests/test_main_orchestrator.py::TestPerformanceTracking::test_performance_metrics_structure PASSED
src/tests/test_main_orchestrator.py::TestOutputGeneration::test_output_directory_structure PASSED
src/tests/test_main_orchestrator.py::TestOutputGeneration::test_pipeline_summary_generation PASSED
src/tests/test_main_orchestrator.py::TestErrorHandlingAndRecovery::test_step_failure_handling PASSED
src/tests/test_main_orchestrator.py::TestErrorHandlingAndRecovery::test_graceful_degradation PASSED
src/tests/test_main_orchestrator.py::TestErrorHandlingAndRecovery::test_error_reporting PASSED
src/tests/test_main_orchestrator.py::TestConfigurationValidation::test_configuration_schema_validation PASSED
src/tests/test_main_orchestrator.py::TestConfigurationValidation::test_environment_variable_consistency PASSED
src/tests/test_main_orchestrator.py::TestEndToEndIntegration::test_minimal_pipeline_execution PASSED
src/tests/test_main_orchestrator.py::TestEndToEndIntegration::test_pipeline_with_failures PASSED
src/tests/test_main_orchestrator.py::test_main_orchestrator_help_functionality PASSED
src/tests/test_main_orchestrator.py::test_main_orchestrator_performance_characteristics PASSED
src/tests/test_mcp_integration.py::TestMCPIntegration::test_mcp_import_available SKIPPED
src/tests/test_mcp_integration.py::TestMCPIntegration::test_mcp_tool_registration PASSED
src/tests/test_mcp_integration.py::TestMCPIntegration::test_mcp_transport_layer PASSED
src/tests/test_mcp_integration.py::TestMCPIntegration::test_mcp_message_format PASSED
src/tests/test_mcp_integration.py::TestMCPIntegration::test_mcp_response_format PASSED
src/tests/test_mcp_integration.py::TestMCPIntegration::test_mcp_error_handling PASSED
src/tests/test_mcp_integration.py::TestMCPIntegration::test_mcp_performance PASSED
src/tests/test_mcp_integration.py::TestMCPIntegration::test_mcp_memory_usage PASSED
src/tests/test_mcp_integration.py::TestMCPIntegration::test_mcp_concurrent_operations PASSED
src/tests/test_mcp_integration.py::TestMCPIntegration::test_mcp_validation PASSED
src/tests/test_mcp_overall.py::TestMCPCoreComprehensive::test_mcp_core_imports PASSED
src/tests/test_mcp_overall.py::TestMCPErrorHandling::test_mcp_error_classes PASSED
src/tests/test_mcp_overall.py::TestMCPErrorHandling::test_invalid_tool_execution PASSED
src/tests/test_mcp_overall.py::TestMCPErrorHandling::test_tool_execution_with_invalid_parameters PASSED
src/tests/test_mcp_overall.py::TestMCPResourceManagement::test_mcp_resource_registration PASSED
src/tests/test_mcp_overall.py::TestMCPModuleComprehensive::test_mcp_module_imports PASSED
src/tests/test_mcp_overall.py::TestMCPModuleComprehensive::test_mcp_server_instantiation PASSED
src/tests/test_mcp_overall.py::TestMCPModuleComprehensive::test_mcp_module_info SKIPPED
src/tests/test_mcp_overall.py::TestMCPModuleComprehensive::test_mcp_tools_registration PASSED
src/tests/test_mcp_overall.py::TestMCPModuleComprehensive::test_mcp_initialization PASSED
src/tests/test_mcp_overall.py::TestMCPModuleComprehensive::test_mcp_instance_retrieval PASSED
src/tests/test_mcp_tools.py::TestMCPToolExecution::test_gnn_validate_tool_execution PASSED
src/tests/test_mcp_tools.py::TestMCPToolExecution::test_export_tool_execution PASSED
src/tests/test_mcp_tools.py::TestMCPToolExecution::test_utils_system_info_execution PASSED
src/tests/test_mcp_transport.py::TestMCPTransportLayers::test_stdio_server_imports PASSED
src/tests/test_mcp_transport.py::TestMCPTransportLayers::test_tcp_server_imports SKIPPED
src/tests/test_mcp_transport.py::TestMCPTransportLayers::test_websocket_server_imports SKIPPED
src/tests/test_mcp_transport.py::TestMCPTransportFunctionality::test_transport_initialization SKIPPED
src/tests/test_mcp_transport.py::TestMCPTransportFunctionality::test_transport_configuration SKIPPED
src/tests/test_mcp_transport.py::TestMCPTransportFunctionality::test_transport_cleanup SKIPPED
src/tests/test_mcp_transport.py::TestMCPTransportIntegration::test_transport_with_tools SKIPPED
src/tests/test_mcp_transport.py::TestMCPTransportIntegration::test_transport_error_handling SKIPPED
src/tests/test_ontology_overall.py::TestOntologyModuleComprehensive::test_ontology_module_imports PASSED
src/tests/test_ontology_overall.py::TestOntologyModuleComprehensive::test_ontology_processor_instantiation PASSED
src/tests/test_ontology_overall.py::TestOntologyModuleComprehensive::test_ontology_validator_instantiation PASSED
src/tests/test_ontology_overall.py::TestOntologyModuleComprehensive::test_ontology_module_info PASSED
src/tests/test_ontology_overall.py::TestOntologyModuleComprehensive::test_ontology_processing_options PASSED
src/tests/test_ontology_overall.py::TestOntologyFunctionality::test_ontology_processing PASSED
src/tests/test_ontology_overall.py::TestOntologyFunctionality::test_ontology_validation PASSED
src/tests/test_ontology_overall.py::TestOntologyFunctionality::test_term_validation PASSED
src/tests/test_ontology_overall.py::TestOntologyIntegration::test_ontology_pipeline_integration PASSED
src/tests/test_ontology_overall.py::TestOntologyIntegration::test_ontology_mcp_integration PASSED
src/tests/test_ontology_overall.py::test_ontology_module_completeness PASSED
src/tests/test_ontology_overall.py::test_ontology_module_performance PASSED
src/tests/test_pipeline_functionality.py::TestPipelineFunctionality::test_visualization_generates_images PASSED
src/tests/test_pipeline_functionality.py::TestPipelineFunctionality::test_gnn_processing_generates_results PASSED
src/tests/test_pipeline_functionality.py::TestPipelineFunctionality::test_multi_format_export_generates_files PASSED
src/tests/test_pipeline_functionality.py::TestPipelineFunctionality::test_results_json_are_valid PASSED
src/tests/test_pipeline_functionality.py::TestPipelineFunctionality::test_preflight_metrics PASSED
src/tests/test_pipeline_infrastructure.py::TestPipelineDiscovery::test_discovery_imports PASSED
src/tests/test_pipeline_infrastructure.py::TestPipelineDiscovery::test_get_pipeline_scripts PASSED
src/tests/test_pipeline_infrastructure.py::TestPipelineDiscovery::test_discover_steps PASSED
src/tests/test_pipeline_infrastructure.py::TestPipelineStepTemplate::test_step_template_imports SKIPPED
src/tests/test_pipeline_infrastructure.py::TestPipelineStepTemplate::test_pipeline_step_class SKIPPED
src/tests/test_pipeline_infrastructure.py::TestPipelineStepTemplate::test_create_step_template SKIPPED
src/tests/test_pipeline_infrastructure.py::TestPipelineValidation::test_validation_imports SKIPPED
src/tests/test_pipeline_infrastructure.py::TestPipelineValidation::test_validate_pipeline SKIPPED
src/tests/test_pipeline_infrastructure.py::TestPipelineValidation::test_check_step_dependencies SKIPPED
src/tests/test_pipeline_infrastructure.py::TestVerifyPipeline::test_verify_imports PASSED
src/tests/test_pipeline_infrastructure.py::TestVerifyPipeline::test_verify_pipeline_integrity SKIPPED
src/tests/test_pipeline_infrastructure.py::TestVerifyPipeline::test_check_pipeline_health SKIPPED
src/tests/test_pipeline_infrastructure.py::TestUtilsMigrationHelper::test_migration_imports PASSED
src/tests/test_pipeline_infrastructure.py::TestUtilsMigrationHelper::test_migrate_pipeline SKIPPED
src/tests/test_pipeline_infrastructure.py::TestUtilsMigrationHelper::test_upgrade_scripts SKIPPED
src/tests/test_pipeline_infrastructure.py::TestUtilsPipelineMonitor::test_monitor_imports PASSED
src/tests/test_pipeline_infrastructure.py::TestUtilsPipelineMonitor::test_pipeline_monitor_class PASSED
src/tests/test_pipeline_infrastructure.py::TestUtilsPipelineMonitor::test_monitor_execution SKIPPED
src/tests/test_pipeline_infrastructure.py::TestUtilsResourceManager::test_resource_manager_imports PASSED
src/tests/test_pipeline_infrastructure.py::TestUtilsResourceManager::test_resource_manager_class SKIPPED
src/tests/test_pipeline_infrastructure.py::TestUtilsResourceManager::test_monitor_resources SKIPPED
src/tests/test_pipeline_infrastructure.py::TestUtilsScriptValidator::test_script_validator_imports PASSED
src/tests/test_pipeline_infrastructure.py::TestUtilsScriptValidator::test_script_validator_class SKIPPED
src/tests/test_pipeline_infrastructure.py::TestUtilsScriptValidator::test_validate_script SKIPPED
src/tests/test_pipeline_infrastructure.py::TestPipelineInfrastructureIntegration::test_discovery_and_validation_integration SKIPPED
src/tests/test_pipeline_infrastructure.py::TestPipelineInfrastructureIntegration::test_monitoring_and_resource_management_integration SKIPPED
src/tests/test_pipeline_infrastructure.py::test_pipeline_infrastructure_performance SKIPPED
src/tests/test_pipeline_infrastructure.py::test_pipeline_infrastructure_completeness PASSED
src/tests/test_pipeline_overall.py::TestPipelineModuleComprehensive::test_pipeline_module_imports PASSED
src/tests/test_pipeline_overall.py::TestPipelineModuleComprehensive::test_pipeline_orchestrator_instantiation PASSED
src/tests/test_pipeline_overall.py::TestPipelineModuleComprehensive::test_pipeline_step_instantiation PASSED
src/tests/test_pipeline_overall.py::TestPipelineModuleComprehensive::test_pipeline_module_info PASSED
src/tests/test_pipeline_overall.py::TestPipelineModuleComprehensive::test_pipeline_config PASSED
src/tests/test_pipeline_overall.py::TestPipelineFunctionality::test_pipeline_execution PASSED
src/tests/test_pipeline_overall.py::TestPipelineFunctionality::test_pipeline_step_validation PASSED
src/tests/test_pipeline_overall.py::TestPipelineFunctionality::test_pipeline_discovery PASSED
src/tests/test_pipeline_overall.py::TestPipelineIntegration::test_pipeline_module_integration PASSED
src/tests/test_pipeline_overall.py::TestPipelineIntegration::test_pipeline_mcp_integration PASSED
src/tests/test_pipeline_overall.py::test_pipeline_module_completeness PASSED
src/tests/test_pipeline_overall.py::test_pipeline_module_performance PASSED
src/tests/test_pipeline_performance.py::TestGNNProcessingPerformance::test_processing_scaling[small] PASSED
src/tests/test_pipeline_performance.py::TestGNNProcessingPerformance::test_processing_scaling[medium] PASSED
src/tests/test_pipeline_performance.py::TestGNNProcessingPerformance::test_processing_scaling[large] PASSED
src/tests/test_pipeline_performance.py::TestGNNProcessingPerformance::test_parallel_processing PASSED
src/tests/test_pipeline_performance.py::TestVisualizationPerformance::test_visualization_scaling[small] PASSED
src/tests/test_pipeline_performance.py::TestVisualizationPerformance::test_visualization_scaling[medium] PASSED
src/tests/test_pipeline_performance.py::TestVisualizationPerformance::test_visualization_scaling[large] PASSED
src/tests/test_pipeline_performance.py::TestVisualizationPerformance::test_visualization_caching PASSED
src/tests/test_pipeline_performance.py::TestMemoryUsagePatterns::test_memory_cleanup PASSED
src/tests/test_pipeline_performance.py::TestMemoryUsagePatterns::test_peak_memory_tracking PASSED
src/tests/test_pipeline_performance.py::TestDiskIOPerformance::test_file_write_performance PASSED
src/tests/test_pipeline_performance.py::TestDiskIOPerformance::test_export_performance PASSED
src/tests/test_pipeline_performance.py::TestNetworkOperationTiming::test_api_request_timing PASSED
src/tests/test_pipeline_performance.py::TestNetworkOperationTiming::test_batch_request_performance PASSED
src/tests/test_pipeline_performance.py::TestResourceScaling::test_pipeline_scaling[1] PASSED
src/tests/test_pipeline_performance.py::TestResourceScaling::test_pipeline_scaling[3] PASSED
src/tests/test_pipeline_performance.py::TestResourceScaling::test_pipeline_scaling[10] PASSED
src/tests/test_pipeline_performance.py::TestResourceScaling::test_resource_estimation PASSED
src/tests/test_pipeline_recovery.py::TestRecursionErrorRecovery::test_numpy_import_recovery FAILED
src/tests/test_pipeline_recovery.py::TestRecursionErrorRecovery::test_render_step_recovery PASSED
src/tests/test_pipeline_recovery.py::TestAsyncAwaitRecovery::test_llm_analysis_recovery FAILED
src/tests/test_pipeline_recovery.py::TestAsyncAwaitRecovery::test_sync_wrapper_recovery PASSED
src/tests/test_pipeline_recovery.py::TestLightweightProcessingRecovery::test_gnn_lightweight_fallback PASSED
src/tests/test_pipeline_recovery.py::TestLightweightProcessingRecovery::test_lightweight_processing_output PASSED
src/tests/test_pipeline_recovery.py::TestHardwareInitializationRecovery::test_jax_cpu_fallback PASSED
src/tests/test_pipeline_recovery.py::TestHardwareInitializationRecovery::test_execution_hardware_recovery PASSED
src/tests/test_pipeline_recovery.py::TestResourceManagementRecovery::test_memory_limit_recovery PASSED
src/tests/test_pipeline_recovery.py::TestResourceManagementRecovery::test_disk_space_recovery PASSED
src/tests/test_pipeline_recovery.py::TestErrorReportingRecovery::test_error_collection PASSED
src/tests/test_pipeline_recovery.py::TestErrorReportingRecovery::test_error_recovery_logging 2025-08-20 07:42:00,441 [MAIN:pipeline] test_step - ERROR - ‚ùå Test error occurred [step_number=None]
PASSED
src/tests/test_pipeline_scripts.py::TestPipelineScriptDiscovery::test_all_pipeline_scripts_exist 2025-08-20 07:42:00,442 [MAIN:pipeline] root - INFO - Found 24 pipeline scripts
PASSED
src/tests/test_pipeline_scripts.py::TestPipelineScriptDiscovery::test_pipeline_script_structure[1_setup.py] 2025-08-20 07:42:00,442 [MAIN:pipeline] root - INFO - Script 1_setup.py structure validated
PASSED
src/tests/test_pipeline_scripts.py::TestPipelineScriptDiscovery::test_pipeline_script_structure[2_gnn.py] SKIPPED
src/tests/test_pipeline_scripts.py::TestPipelineScriptDiscovery::test_pipeline_script_structure[3_tests.py] SKIPPED
src/tests/test_pipeline_scripts.py::TestPipelineScriptDiscovery::test_pipeline_script_structure[4_type_checker.py] SKIPPED
src/tests/test_pipeline_scripts.py::TestPipelineScriptDiscovery::test_pipeline_script_structure[5_export.py] SKIPPED
src/tests/test_pipeline_scripts.py::TestPipelineScriptDiscovery::test_pipeline_script_structure[6_visualization.py] SKIPPED
src/tests/test_pipeline_scripts.py::TestPipelineScriptDiscovery::test_pipeline_script_structure[7_mcp.py] SKIPPED
src/tests/test_pipeline_scripts.py::TestPipelineScriptDiscovery::test_pipeline_script_structure[8_ontology.py] SKIPPED
src/tests/test_pipeline_scripts.py::TestPipelineScriptDiscovery::test_pipeline_script_structure[9_render.py] SKIPPED
src/tests/test_pipeline_scripts.py::TestPipelineScriptDiscovery::test_pipeline_script_structure[10_execute.py] SKIPPED
src/tests/test_pipeline_scripts.py::TestPipelineScriptDiscovery::test_pipeline_script_structure[11_llm.py] SKIPPED
src/tests/test_pipeline_scripts.py::TestPipelineScriptDiscovery::test_pipeline_script_structure[12_audio.py] SKIPPED
src/tests/test_pipeline_scripts.py::TestPipelineScriptDiscovery::test_pipeline_script_structure[13_website.py] SKIPPED
src/tests/test_pipeline_scripts.py::TestPipelineScriptDiscovery::test_pipeline_script_structure[14_report.py] SKIPPED
src/tests/test_pipeline_scripts.py::TestPipelineScriptImports::test_script_import_capability[1_setup.py] 2025-08-20 07:42:00,446 [MAIN:pipeline] root - INFO - Script 1_setup.py imports successfully
PASSED
src/tests/test_pipeline_scripts.py::TestPipelineScriptImports::test_script_import_capability[2_gnn.py] SKIPPED
src/tests/test_pipeline_scripts.py::TestPipelineScriptImports::test_script_import_capability[3_tests.py] SKIPPED
src/tests/test_pipeline_scripts.py::TestPipelineScriptImports::test_script_import_capability[4_type_checker.py] SKIPPED
src/tests/test_pipeline_scripts.py::TestPipelineScriptImports::test_script_import_capability[5_export.py] SKIPPED
src/tests/test_pipeline_scripts.py::TestPipelineScriptImports::test_script_import_capability[6_visualization.py] SKIPPED
src/tests/test_pipeline_scripts.py::TestPipelineScriptImports::test_script_import_capability[7_mcp.py] SKIPPED
src/tests/test_pipeline_scripts.py::TestPipelineScriptImports::test_script_import_capability[8_ontology.py] SKIPPED
src/tests/test_pipeline_scripts.py::TestPipelineScriptImports::test_script_import_capability[9_render.py] SKIPPED
src/tests/test_pipeline_scripts.py::TestPipelineScriptImports::test_script_import_capability[10_execute.py] SKIPPED
src/tests/test_pipeline_scripts.py::TestPipelineScriptImports::test_script_import_capability[11_llm.py] SKIPPED
src/tests/test_pipeline_scripts.py::TestPipelineScriptImports::test_script_import_capability[12_audio.py] SKIPPED
src/tests/test_pipeline_scripts.py::TestPipelineScriptImports::test_script_import_capability[13_website.py] SKIPPED
src/tests/test_pipeline_scripts.py::TestPipelineScriptImports::test_script_import_capability[14_report.py] SKIPPED
src/tests/test_pipeline_scripts.py::TestPipelineScriptExecution::test_script_execution_with_mocks[1_setup.py] 2025-08-20 07:42:00,450 [MAIN:pipeline] root - INFO - Script 1_setup.py executed successfully with exit code 0
PASSED
src/tests/test_pipeline_scripts.py::TestPipelineScriptExecution::test_script_execution_with_mocks[2_gnn.py] SKIPPED
src/tests/test_pipeline_scripts.py::TestPipelineScriptExecution::test_script_execution_with_mocks[3_tests.py] SKIPPED
src/tests/test_pipeline_scripts.py::TestPipelineScriptExecution::test_script_execution_with_mocks[4_type_checker.py] SKIPPED
src/tests/test_pipeline_scripts.py::TestPipelineScriptExecution::test_script_execution_with_mocks[5_export.py] SKIPPED
src/tests/test_pipeline_scripts.py::TestPipelineScriptExecution::test_script_execution_with_mocks[6_visualization.py] SKIPPED
src/tests/test_pipeline_scripts.py::TestPipelineScriptExecution::test_script_execution_with_mocks[7_mcp.py] SKIPPED
src/tests/test_pipeline_scripts.py::TestPipelineScriptExecution::test_script_execution_with_mocks[8_ontology.py] SKIPPED
src/tests/test_pipeline_scripts.py::TestPipelineScriptExecution::test_script_execution_with_mocks[9_render.py] SKIPPED
src/tests/test_pipeline_scripts.py::TestPipelineScriptExecution::test_script_execution_with_mocks[10_execute.py] SKIPPED
src/tests/test_pipeline_scripts.py::TestPipelineScriptExecution::test_script_execution_with_mocks[11_llm.py] SKIPPED
src/tests/test_pipeline_scripts.py::TestPipelineScriptExecution::test_script_execution_with_mocks[12_audio.py] SKIPPED
src/tests/test_pipeline_scripts.py::TestPipelineScriptExecution::test_script_execution_with_mocks[13_website.py] SKIPPED
src/tests/test_pipeline_scripts.py::TestPipelineScriptExecution::test_script_execution_with_mocks[14_report.py] SKIPPED
src/tests/test_pipeline_scripts.py::TestStep2GNNComprehensive::test_step2_gnn_file_discovery 2025-08-20 07:42:00,457 [MAIN:pipeline] root - WARNING - Failed to parse simple.gnn: Parsed data should contain ModelName
assert 'ModelName' in {'file_name': 'simple.gnn', 'file_path': '/var/folders/vc/rgmbpjpj0dbg61vr54xjskc80000gn/T/tmph_eetjyc/simple.gnn', 'file_size': 136, 'parse_timestamp': '2025-08-20T07:42:00.457887', ...}
PASSED
src/tests/test_pipeline_scripts.py::TestStep2GNNComprehensive::test_step2_gnn_validation 2025-08-20 07:42:00,458 [MAIN:pipeline] root - WARNING - Validation failed for simple.gnn: Validation should return boolean
assert False
 +  where False = isinstance({'errors': [], 'file_name': 'simple.gnn', 'file_path': '/var/folders/vc/rgmbpjpj0dbg61vr54xjskc80000gn/T/tmpi2xf061x/simple.gnn', 'valid': True, ...}, bool)
PASSED
src/tests/test_pipeline_scripts.py::TestStep1SetupComprehensive::test_step1_environment_validation 2025-08-20 07:42:00,459 [MAIN:pipeline] root - WARNING - Setup module functions not available: cannot import name 'check_dependencies' from 'src.setup' (/Users/4d/Documents/GitHub/GeneralizedNotationNotation/src/setup/__init__.py)
PASSED
src/tests/test_pipeline_scripts.py::TestStep4TypeCheckerComprehensive::test_step4_type_checking 2025-08-20 07:42:00,459 [MAIN:pipeline] root - WARNING - Type checker module functions not available: cannot import name 'check_gnn_file' from 'src.type_checker' (/Users/4d/Documents/GitHub/GeneralizedNotationNotation/src/type_checker/__init__.py)
PASSED
src/tests/test_pipeline_scripts.py::TestStep5ExportComprehensive::test_step5_export_formats 2025-08-20 07:42:00,459 [MAIN:pipeline] root - WARNING - Export module functions not available: cannot import name 'export_gnn_data' from 'src.export' (/Users/4d/Documents/GitHub/GeneralizedNotationNotation/src/export/__init__.py)
PASSED
src/tests/test_pipeline_scripts.py::TestStep6VisualizationComprehensive::test_step6_visualization_generation 2025-08-20 07:42:00,460 [MAIN:pipeline] root - WARNING - Visualization module functions not available: cannot import name 'create_graph_visualization' from 'src.visualization' (/Users/4d/Documents/GitHub/GeneralizedNotationNotation/src/visualization/__init__.py)
PASSED
src/tests/test_pipeline_scripts.py::TestStep7MCPComprehensive::test_step7_mcp_tools 2025-08-20 07:42:00,460 [MAIN:pipeline] root - WARNING - MCP tools test failed: Tools should be a list
assert False
 +  where False = isinstance(True, list)
PASSED
src/tests/test_pipeline_scripts.py::TestStep8OntologyComprehensive::test_step8_ontology_processing 2025-08-20 07:42:00,461 [MAIN:pipeline] root - WARNING - Ontology processing test failed: process_ontology() missing 2 required positional arguments: 'target_dir' and 'output_dir'
PASSED
src/tests/test_pipeline_scripts.py::TestStep9RenderComprehensive::test_step9_code_rendering 2025-08-20 07:42:00,461 [MAIN:pipeline] root - INFO - PyMDP rendering test completed
2025-08-20 07:42:00,461 [MAIN:pipeline] root - WARNING - RxInfer rendering test failed: generate_rxinfer_code() takes 1 positional argument but 2 were given
PASSED
src/tests/test_pipeline_scripts.py::TestStep10ExecuteComprehensive::test_step10_execution_safety FAILED
src/tests/test_pipeline_scripts.py::TestStep11LLMComprehensive::test_step11_llm_operations FAILED
src/tests/test_pipeline_scripts.py::TestStep12AudioComprehensive::test_step12_audio_generation 2025-08-20 07:42:00,470 [MAIN:pipeline] root - WARNING - Website generation test failed: generate_website() missing 1 required positional argument: 'output_dir'
2025-08-20 07:42:00,471 [MAIN:pipeline] root - INFO - HTML report creation test completed
PASSED
src/tests/test_pipeline_scripts.py::TestStep13WebsiteComprehensive::test_step13_website_generation 2025-08-20 07:42:00,471 [MAIN:pipeline] root - WARNING - GNN to SAPF conversion test failed: convert_gnn_to_sapf() missing 1 required positional argument: 'model_name'
2025-08-20 07:42:00,471 [MAIN:pipeline] audio.sapf.processor - ERROR - Failed to generate SAPF audio: 'SAPFGNNProcessor' object has no attribute 'generate_audio_from_sapf'
2025-08-20 07:42:00,471 [MAIN:pipeline] root - INFO - SAPF audio generation test completed
PASSED
src/tests/test_pipeline_scripts.py::TestStep14ReportComprehensive::test_step14_report_generation 2025-08-20 07:42:00,472 [MAIN:pipeline] report - INFO - üöÄ Generating comprehensive report
2025-08-20 07:42:00,472 [MAIN:pipeline] report - ERROR - ‚ùå Failed to generate comprehensive report: 'dict' object has no attribute 'glob'
2025-08-20 07:42:00,472 [MAIN:pipeline] root - INFO - Step 14 report generation validated
PASSED
src/tests/test_pipeline_scripts.py::TestPipelineScriptIntegration::test_pipeline_script_coordination 2025-08-20 07:42:00,473 [MAIN:pipeline] root - INFO - Script 1_setup.py coordination test passed
PASSED
src/tests/test_pipeline_scripts.py::TestPipelineScriptIntegration::test_pipeline_argument_consistency 2025-08-20 07:42:00,473 [MAIN:pipeline] root - INFO - Testing pipeline argument consistency
2025-08-20 07:42:00,473 [MAIN:pipeline] root - INFO - Script 1_setup.py uses standardized pipeline template - arguments handled automatically
2025-08-20 07:42:00,473 [MAIN:pipeline] root - INFO - Script 1_setup.py argument consistency validated
PASSED
src/tests/test_pipeline_scripts.py::test_pipeline_script_completeness 2025-08-20 07:42:00,473 [MAIN:pipeline] root - INFO - Pipeline script completeness test passed
PASSED
src/tests/test_pipeline_scripts.py::test_pipeline_script_performance 2025-08-20 07:42:00,474 [MAIN:pipeline] root - INFO - Pipeline script performance test completed
PASSED
src/tests/test_render_integration.py::TestRenderIntegration::test_render_import_available SKIPPED
src/tests/test_render_integration.py::TestRenderIntegration::test_pymdp_rendering PASSED
src/tests/test_render_integration.py::TestRenderIntegration::test_rxinfer_rendering PASSED
src/tests/test_render_integration.py::TestRenderIntegration::test_jax_rendering PASSED
src/tests/test_render_integration.py::TestRenderIntegration::test_render_error_handling PASSED
src/tests/test_render_integration.py::TestRenderIntegration::test_render_performance PASSED
src/tests/test_render_integration.py::TestRenderIntegration::test_render_memory_usage PASSED
src/tests/test_render_overall.py::TestRenderTargets::test_render_to_pymdp PASSED
src/tests/test_render_overall.py::TestRenderTargets::test_render_to_rxinfer_toml PASSED
src/tests/test_render_overall.py::TestRenderTargets::test_render_to_discopy PASSED
src/tests/test_render_overall.py::TestRenderTargets::test_render_to_discopy_combined PASSED
src/tests/test_render_overall.py::TestRenderTargets::test_render_to_activeinference_jl PASSED
src/tests/test_render_overall.py::TestRenderTargets::test_render_to_jax PASSED
src/tests/test_render_overall.py::TestRenderTargets::test_render_to_jax_pomdp PASSED
src/tests/test_report_overall.py::TestReportModuleComprehensive::test_report_module_imports PASSED
src/tests/test_report_overall.py::TestReportModuleComprehensive::test_report_generator_instantiation PASSED
src/tests/test_report_overall.py::TestReportModuleComprehensive::test_report_formatter_instantiation PASSED
src/tests/test_report_overall.py::TestReportModuleComprehensive::test_report_module_info PASSED
src/tests/test_report_overall.py::TestReportModuleComprehensive::test_report_formats PASSED
src/tests/test_report_overall.py::TestReportFunctionality::test_report_generation PASSED
src/tests/test_report_overall.py::TestReportFunctionality::test_report_formatting PASSED
src/tests/test_report_overall.py::TestReportFunctionality::test_report_validation PASSED
src/tests/test_report_overall.py::TestReportIntegration::test_report_pipeline_integration PASSED
src/tests/test_report_overall.py::TestReportIntegration::test_report_mcp_integration PASSED
src/tests/test_report_overall.py::test_report_module_completeness PASSED
src/tests/test_report_overall.py::test_report_module_performance PASSED
src/tests/test_visualization_ontology.py::TestOntologyVisualizer::test_extract_ontology_mappings PASSED
src/tests/test_visualization_ontology.py::TestOntologyVisualizer::test_create_ontology_table 2025-08-20 07:42:00,523 [MAIN:pipeline] visualization.ontology_visualizer - INFO - Ontology visualization saved to /var/folders/vc/rgmbpjpj0dbg61vr54xjskc80000gn/T/tmp8ilbp845/viz_output/ontology_annotations.png
PASSED
src/tests/test_visualization_ontology.py::TestOntologyVisualizer::test_visualize_directory 2025-08-20 07:42:00,578 [MAIN:pipeline] visualization.ontology_visualizer - INFO - Ontology visualization saved to /var/folders/vc/rgmbpjpj0dbg61vr54xjskc80000gn/T/tmp5yscb3kv/viz_output/actinf_pomdp_agent/ontology_annotations.png
PASSED
src/tests/test_visualization_overall.py::TestVisualizationModuleComprehensive::test_visualization_module_imports PASSED
src/tests/test_visualization_overall.py::TestVisualizationModuleComprehensive::test_matrix_visualizer_instantiation PASSED
src/tests/test_visualization_overall.py::TestVisualizationModuleComprehensive::test_graph_visualizer_instantiation PASSED
src/tests/test_visualization_overall.py::TestVisualizationModuleComprehensive::test_ontology_visualizer_instantiation PASSED
src/tests/test_visualization_overall.py::TestVisualizationModuleComprehensive::test_visualization_module_info PASSED
src/tests/test_visualization_overall.py::TestVisualizationModuleComprehensive::test_visualization_options PASSED
src/tests/test_visualization_overall.py::TestVisualizationFunctionality::test_matrix_visualization PASSED
src/tests/test_visualization_overall.py::TestVisualizationFunctionality::test_graph_visualization PASSED
src/tests/test_visualization_overall.py::TestVisualizationFunctionality::test_ontology_visualization PASSED
src/tests/test_visualization_overall.py::TestVisualizationIntegration::test_visualization_pipeline_integration PASSED
src/tests/test_visualization_overall.py::TestVisualizationIntegration::test_visualization_mcp_integration PASSED
src/tests/test_visualization_overall.py::test_visualization_module_completeness PASSED
src/tests/test_visualization_overall.py::test_visualization_module_performance PASSED
src/tests/test_website_overall.py::TestWebsiteModuleComprehensive::test_website_module_imports PASSED
src/tests/test_website_overall.py::TestWebsiteModuleComprehensive::test_website_generator_instantiation PASSED
src/tests/test_website_overall.py::TestWebsiteModuleComprehensive::test_website_renderer_instantiation PASSED
src/tests/test_website_overall.py::TestWebsiteModuleComprehensive::test_website_module_info PASSED
src/tests/test_website_overall.py::TestWebsiteModuleComprehensive::test_supported_file_types PASSED
src/tests/test_website_overall.py::TestWebsiteFunctionality::test_website_generation PASSED
src/tests/test_website_overall.py::TestWebsiteFunctionality::test_html_rendering PASSED
src/tests/test_website_overall.py::TestWebsiteFunctionality::test_website_validation PASSED
src/tests/test_website_overall.py::TestWebsiteIntegration::test_website_pipeline_integration PASSED
src/tests/test_website_overall.py::TestWebsiteIntegration::test_website_mcp_integration PASSED
src/tests/test_website_overall.py::test_website_module_completeness PASSED
src/tests/test_website_overall.py::test_website_module_performance PASSED

=================================== FAILURES ===================================
________________ TestModuleConsistency.test_version_consistency ________________
src/tests/test_comprehensive_api.py:650: in test_version_consistency
    assert hasattr(module, '__version__')
E   AssertionError: assert False
E    +  where False = hasattr(None, '__version__')
_____________ TestModuleConsistency.test_feature_flags_consistency _____________
src/tests/test_comprehensive_api.py:663: in test_feature_flags_consistency
    assert hasattr(module, 'FEATURES')
E   AssertionError: assert False
E    +  where False = hasattr(None, 'FEATURES')
______________ TestModuleConsistency.test_module_info_consistency ______________
src/tests/test_comprehensive_api.py:676: in test_module_info_consistency
    assert hasattr(module, 'get_module_info')
E   AssertionError: assert False
E    +  where False = hasattr(None, 'get_module_info')
_________________ TestGUIFunctionality.test_headless_artifacts _________________
src/tests/test_gui_functionality.py:36: in test_headless_artifacts
    assert status.exists()
E   AssertionError: assert False
E    +  where False = exists()
E    +    where exists = PosixPath('/var/folders/vc/rgmbpjpj0dbg61vr54xjskc80000gn/T/tmp1wi_m7m9/output/22_gui_output/gui_status.json').exists
____________ TestRecursionErrorRecovery.test_numpy_import_recovery _____________
src/tests/test_pipeline_recovery.py:77: in test_numpy_import_recovery
    with pytest.raises(RecursionError):
         ^^^^^^^^^^^^^^^^^^^^^^^^^^^^^
E   Failed: DID NOT RAISE <class 'RecursionError'>
______________ TestAsyncAwaitRecovery.test_llm_analysis_recovery _______________
src/tests/test_pipeline_recovery.py:113: in test_llm_analysis_recovery
    result = await analyze_gnn_file_with_llm(sample_gnn_file)
             ^^^^^^^^^^^^^^^^^^^^^^^^^^^^^^^^^^^^^^^^^^^^^^^^
E   TypeError: object dict can't be used in 'await' expression
------------------------------ Captured log call -------------------------------
INFO     llm.llm_processor:llm_processor.py:84 Loaded API keys for providers: ['ollama']
INFO     llm.llm_processor:llm_processor.py:86 No cloud API keys detected. Defaulting to local Ollama for LLM operations.
INFO     llm.llm_operations:llm_operations.py:87 Created new LLM processor
ERROR    llm.llm_operations:llm_operations.py:217 Async summarization failed: asyncio.run() cannot be called from a running event loop
ERROR    llm.llm_operations:llm_operations.py:156 Async LLM call failed: asyncio.run() cannot be called from a running event loop
_________ TestStep10ExecuteComprehensive.test_step10_execution_safety __________
src/tests/test_pipeline_scripts.py:461: in test_step10_execution_safety
    from src.execute import execute_script_safely, validate_execution_environment
E   ImportError: cannot import name 'execute_script_safely' from 'src.execute' (/Users/4d/Documents/GitHub/GeneralizedNotationNotation/src/execute/__init__.py)
____________ TestStep11LLMComprehensive.test_step11_llm_operations _____________
src/tests/test_pipeline_scripts.py:486: in test_step11_llm_operations
    from src.llm import analyze_gnn_model, generate_model_description
E   ImportError: cannot import name 'analyze_gnn_model' from 'src.llm' (/Users/4d/Documents/GitHub/GeneralizedNotationNotation/src/llm/__init__.py)
=============================== warnings summary ===============================
src/tests/test_main_orchestrator.py::TestArgumentParsing::test_argument_defaults
src/tests/test_main_orchestrator.py::TestArgumentParsing::test_argument_defaults
src/tests/test_main_orchestrator.py::TestArgumentParsing::test_argument_defaults
  /opt/homebrew/Cellar/python@3.13/3.13.5/Frameworks/Python.framework/Versions/3.13/lib/python3.13/argparse.py:1471: DeprecationWarning: 'type' is deprecated as of Python 3.12 and will be removed in Python 3.14.
    action = action_class(**kwargs)

src/tests/test_pipeline_recovery.py::TestAsyncAwaitRecovery::test_llm_analysis_recovery
  /Users/4d/Documents/GitHub/GeneralizedNotationNotation/src/llm/llm_operations.py:217: RuntimeWarning: coroutine 'LLMOperations._async_summarize_gnn' was never awaited
    logger.error(f"Async summarization failed: {e}")
  Enable tracemalloc to get traceback where the object was allocated.
  See https://docs.pytest.org/en/stable/how-to/capture-warnings.html#resource-warnings for more info.

src/tests/test_pipeline_recovery.py::TestAsyncAwaitRecovery::test_llm_analysis_recovery
  /Users/4d/Documents/GitHub/GeneralizedNotationNotation/src/llm/llm_operations.py:157: RuntimeWarning: coroutine 'LLMOperations._get_async_response' was never awaited
    return f"Error: LLM call failed - {str(e)}"
  Enable tracemalloc to get traceback where the object was allocated.
  See https://docs.pytest.org/en/stable/how-to/capture-warnings.html#resource-warnings for more info.

-- Docs: https://docs.pytest.org/en/stable/how-to/capture-warnings.html
==================================== PASSES ====================================
____________ TestTypeCheckerModule.test_type_checker_instantiation _____________
------------------------------ Captured log call -------------------------------
INFO     src.type_checker.checker:checker.py:230 GNNTypeChecker initialized. Strict mode: False
______________ TestGNNModuleComprehensive.test_gnn_module_imports ______________
------------------------------ Captured log call -------------------------------
INFO     root:test_core_modules.py:64 GNN module imports validated
______________ TestGNNModuleComprehensive.test_gnn_file_discovery ______________
------------------------------ Captured log call -------------------------------
INFO     root:test_core_modules.py:87 GNN file discovery validated: 1 files found
_______________ TestGNNModuleComprehensive.test_gnn_file_parsing _______________
------------------------------ Captured log call -------------------------------
WARNING  root:test_core_modules.py:109 Failed to parse simple.gnn: Parsed data should contain ModelName
assert 'ModelName' in {'file_name': 'simple.gnn', 'file_path': '/var/folders/vc/rgmbpjpj0dbg61vr54xjskc80000gn/T/tmpyezezora/simple.gnn', 'file_size': 136, 'parse_timestamp': '2025-08-20T07:41:50.354149', ...}
___________ TestGNNModuleComprehensive.test_gnn_directory_processing ___________
------------------------------ Captured log call -------------------------------
WARNING  root:test_core_modules.py:166 GNN directory processing failed: Results should contain errors
assert 'errors' in {'files': ['timestamp', 'target_directory', 'files_found', 'files_processed', 'success', 'errors', ...], 'processed_files': ['timestamp', 'target_directory', 'files_found', 'files_processed', 'success', 'errors', ...], 'status': 'SUCCESS'}
___________ TestRenderModuleComprehensive.test_render_module_imports ___________
------------------------------ Captured log call -------------------------------
INFO     root:test_core_modules.py:186 Render module imports validated
______________ TestRenderModuleComprehensive.test_pymdp_rendering ______________
------------------------------ Captured log call -------------------------------
INFO     root:test_core_modules.py:202 PyMDP rendering validated
_____________ TestRenderModuleComprehensive.test_rxinfer_rendering _____________
------------------------------ Captured log call -------------------------------
WARNING  root:test_core_modules.py:219 RxInfer rendering failed: generate_rxinfer_code() takes 1 positional argument but 2 were given
__________ TestExecuteModuleComprehensive.test_execute_module_imports __________
------------------------------ Captured log call -------------------------------
WARNING  root:pymdp_simulation.py:50 PyMDP not available - simulation will gracefully degrade with informative output
WARNING  execute.discopy.discopy_executor:discopy_executor.py:28 DisCoPy translator module not available: No module named 'execute.discopy_translator_module'
_____ TestExecuteModuleComprehensive.test_execution_environment_validation _____
------------------------------ Captured log call -------------------------------
WARNING  root:test_core_modules.py:274 Execution environment validation failed: Status should contain python_version
assert 'python_version' in {'overall_status': 'unknown', 'summary': {'total_errors': 0}}
______________ TestLLMModuleComprehensive.test_llm_module_imports ______________
------------------------------ Captured log call -------------------------------
INFO     llm.llm_processor:llm_processor.py:84 Loaded API keys for providers: ['ollama']
INFO     llm.llm_processor:llm_processor.py:86 No cloud API keys detected. Defaulting to local Ollama for LLM operations.
INFO     llm.llm_operations:llm_operations.py:87 Created new LLM processor
______________ TestLLMModuleComprehensive.test_llm_model_analysis ______________
------------------------------ Captured log call -------------------------------
INFO     llm.llm_processor:llm_processor.py:84 Loaded API keys for providers: ['ollama']
INFO     llm.llm_processor:llm_processor.py:86 No cloud API keys detected. Defaulting to local Ollama for LLM operations.
INFO     llm.llm_operations:llm_operations.py:87 Created new LLM processor
WARNING  llm.providers.openai_provider:openai_provider.py:76 OpenAI API key not provided
WARNING  llm.llm_processor:llm_processor.py:203 Failed to initialize openai provider
WARNING  llm.providers.openrouter_provider:openrouter_provider.py:116 OpenRouter API key not provided
WARNING  llm.llm_processor:llm_processor.py:203 Failed to initialize openrouter provider
WARNING  llm.providers.perplexity_provider:perplexity_provider.py:90 Perplexity API key not provided
WARNING  llm.llm_processor:llm_processor.py:203 Failed to initialize perplexity provider
WARNING  llm.providers.ollama_provider:ollama_provider.py:88 Ollama not available. Install python client with 'pip install ollama' or install Ollama CLI from https://ollama.ai
WARNING  llm.llm_processor:llm_processor.py:203 Failed to initialize ollama provider
WARNING  llm.llm_processor:llm_processor.py:213 No LLM providers could be initialized
ERROR    llm.llm_operations:llm_operations.py:217 Async summarization failed: Processor not initialized
WARNING  llm.providers.openai_provider:openai_provider.py:76 OpenAI API key not provided
WARNING  llm.llm_processor:llm_processor.py:203 Failed to initialize openai provider
WARNING  llm.providers.openrouter_provider:openrouter_provider.py:116 OpenRouter API key not provided
WARNING  llm.llm_processor:llm_processor.py:203 Failed to initialize openrouter provider
WARNING  llm.providers.perplexity_provider:perplexity_provider.py:90 Perplexity API key not provided
WARNING  llm.llm_processor:llm_processor.py:203 Failed to initialize perplexity provider
WARNING  llm.providers.ollama_provider:ollama_provider.py:88 Ollama not available. Install python client with 'pip install ollama' or install Ollama CLI from https://ollama.ai
WARNING  llm.llm_processor:llm_processor.py:203 Failed to initialize ollama provider
WARNING  llm.llm_processor:llm_processor.py:213 No LLM providers could be initialized
______________ TestMCPModuleComprehensive.test_mcp_module_imports ______________
------------------------------ Captured log call -------------------------------
INFO     mcp:mcp.py:478 Enhanced MCP server initialized
INFO     root:test_core_modules.py:376 MCP module imports validated
____________ TestMCPModuleComprehensive.test_mcp_tool_registration _____________
------------------------------ Captured log call -------------------------------
WARNING  root:test_core_modules.py:402 MCP tool registration failed: Tools should be a list
assert False
 +  where False = isinstance(True, list)
_____________ TestMCPModuleComprehensive.test_mcp_request_handling _____________
------------------------------ Captured log call -------------------------------
INFO     mcp.processor:processor.py:72 Handling MCP request: tools/list
INFO     root:test_core_modules.py:422 MCP request handling validated
________ TestOntologyModuleComprehensive.test_ontology_term_validation _________
------------------------------ Captured log call -------------------------------
INFO     ontology:pipeline_template.py:46 üöÄ Processing ontology
INFO     ontology:pipeline_template.py:47 ‚úÖ Ontology processing completed successfully
____________ TestWebsiteModuleComprehensive.test_website_generation ____________
------------------------------ Captured log call -------------------------------
INFO     website:renderer.py:152 Website generated successfully with 1 pages
___________ TestWebsiteModuleComprehensive.test_html_report_creation ___________
------------------------------ Captured log call -------------------------------
INFO     website:renderer.py:152 Website generated successfully with 1 pages
_____________ TestSAPFModuleComprehensive.test_sapf_module_imports _____________
------------------------------ Captured log call -------------------------------
INFO     root:test_core_modules.py:589 SAPF module imports validated successfully
_______________ TestSAPFModuleComprehensive.test_sapf_validation _______________
------------------------------ Captured log call -------------------------------
INFO     root:test_core_modules.py:680 SAPF validation functionality confirmed
____________ TestSAPFModuleComprehensive.test_sapf_audio_generation ____________
------------------------------ Captured log call -------------------------------
INFO     root:test_core_modules.py:702 SAPF audio generation functionality confirmed
______________ TestCoreModuleIntegration.test_module_coordination ______________
------------------------------ Captured log call -------------------------------
WARNING  root:test_core_modules.py:726 Core module coordination failed: cannot import name 'execute_gnn_model' from 'src.execute' (/Users/4d/Documents/GitHub/GeneralizedNotationNotation/src/execute/__init__.py)
_______________ TestCoreModuleIntegration.test_module_data_flow ________________
------------------------------ Captured log call -------------------------------
WARNING  root:test_core_modules.py:743 Module data flow failed: cannot import name 'analyze_gnn_model' from 'src.llm' (/Users/4d/Documents/GitHub/GeneralizedNotationNotation/src/llm/__init__.py)
________________________ test_core_module_completeness _________________________
------------------------------ Captured log call -------------------------------
INFO     root:test_core_modules.py:748 Core module completeness test passed
_________________________ test_core_module_performance _________________________
------------------------------ Captured log call -------------------------------
INFO     root:test_core_modules.py:754 Core module performance test completed
________ TestEnvironmentModuleComprehensive.test_environment_validation ________
------------------------------ Captured log call -------------------------------
INFO     setup.setup:setup.py:110 üîç Checking system requirements...
INFO     setup.setup:setup.py:119 ‚úÖ Python version check passed: 3.13.5
INFO     setup.setup:setup.py:126 ‚úÖ UV is available: uv 0.8.8 (Homebrew 2025-08-09)
INFO     setup.setup:setup.py:142 ‚úÖ Disk space check passed: 13.43GB free
INFO     setup.setup:setup.py:332 üìã Getting list of installed packages using UV...
INFO     setup.setup:setup.py:359 üì¶ Found 126 installed packages using UV
INFO     setup.setup:setup.py:369 üìã Key installed packages:
INFO     setup.setup:setup.py:372   - pip: 25.1.1
INFO     setup.setup:setup.py:372   - pytest: 8.4.1
INFO     setup.setup:setup.py:372   - numpy: 2.3.2
INFO     setup.setup:setup.py:372   - matplotlib: 3.10.5
INFO     setup.setup:setup.py:372   - scipy: 1.16.1
INFO     setup.setup:setup.py:378 üìÑ Full package list saved to: /Users/4d/Documents/GitHub/GeneralizedNotationNotation/.venv/installed_packages_uv.json
__________ TestEnvironmentFunctionality.test_dependency_installation ___________
------------------------------ Captured log call -------------------------------
INFO     setup.setup:setup.py:276 üì¶ Installing dependencies from /Users/4d/Documents/GitHub/GeneralizedNotationNotation/pyproject.toml using UV sync
INFO     setup.setup:setup.py:305 ‚úÖ Dependencies installed using UV in 0.0s
INFO     setup.setup:setup.py:332 üìã Getting list of installed packages using UV...
INFO     setup.setup:setup.py:359 üì¶ Found 126 installed packages using UV
INFO     setup.setup:setup.py:363 üìã Installed packages:
INFO     setup.setup:setup.py:365   - amalgkit: 0.12.19
INFO     setup.setup:setup.py:365   - appnope: 0.1.4
INFO     setup.setup:setup.py:365   - archspec: 0.2.5
INFO     setup.setup:setup.py:365   - argcomplete: 3.6.2
INFO     setup.setup:setup.py:365   - argh: 0.31.3
INFO     setup.setup:setup.py:365   - asttokens: 3.0.0
INFO     setup.setup:setup.py:365   - attrs: 25.3.0
INFO     setup.setup:setup.py:365   - beautifulsoup4: 4.13.4
INFO     setup.setup:setup.py:365   - biopython: 1.85
INFO     setup.setup:setup.py:365   - black: 25.1.0
INFO     setup.setup:setup.py:365   - boltons: 25.0.0
INFO     setup.setup:setup.py:365   - brotli: 1.1.0
INFO     setup.setup:setup.py:365   - cachetools: 5.0.0
INFO     setup.setup:setup.py:365   - certifi: 2025.8.3
INFO     setup.setup:setup.py:365   - cffi: 1.17.1
INFO     setup.setup:setup.py:365   - charset-normalizer: 3.4.2
INFO     setup.setup:setup.py:365   - click: 8.2.1
INFO     setup.setup:setup.py:365   - colorama: 0.4.6
INFO     setup.setup:setup.py:365   - comm: 0.2.3
INFO     setup.setup:setup.py:365   - conda: 25.7.0
INFO     setup.setup:setup.py:365   - conda-libmamba-solver: 25.3.0
INFO     setup.setup:setup.py:365   - conda-package-handling: 2.4.0
INFO     setup.setup:setup.py:365   - conda-package-streaming: 0.12.0
INFO     setup.setup:setup.py:365   - contourpy: 1.3.3
INFO     setup.setup:setup.py:365   - coverage: 7.10.2
INFO     setup.setup:setup.py:365   - cycler: 0.12.1
INFO     setup.setup:setup.py:365   - debugpy: 1.8.16
INFO     setup.setup:setup.py:365   - decorator: 5.2.1
INFO     setup.setup:setup.py:365   - distro: 1.9.0
INFO     setup.setup:setup.py:365   - docopt: 0.6.2
INFO     setup.setup:setup.py:365   - et-xmlfile: 2.0.0
INFO     setup.setup:setup.py:365   - ete3: 3.1.3
INFO     setup.setup:setup.py:365   - executing: 2.2.0
INFO     setup.setup:setup.py:365   - fonttools: 4.59.0
INFO     setup.setup:setup.py:365   - frozendict: 2.4.6
INFO     setup.setup:setup.py:365   - ftpretty: 0.4.0
INFO     setup.setup:setup.py:365   - gffutils: 0.10.1
INFO     setup.setup:setup.py:365   - goatools: 1.4.12
INFO     setup.setup:setup.py:365   - h2: 4.2.0
INFO     setup.setup:setup.py:365   - hpack: 4.1.0
INFO     setup.setup:setup.py:365   - hyperframe: 6.1.0
INFO     setup.setup:setup.py:365   - idna: 3.10
INFO     setup.setup:setup.py:365   - iniconfig: 2.1.0
INFO     setup.setup:setup.py:365   - ipykernel: 6.30.1
INFO     setup.setup:setup.py:365   - ipython: 9.4.0
INFO     setup.setup:setup.py:365   - ipython-pygments-lexers: 1.1.1
INFO     setup.setup:setup.py:365   - jedi: 0.19.2
INFO     setup.setup:setup.py:365   - jinja2: 3.0.3
INFO     setup.setup:setup.py:365   - joblib: 1.5.1
INFO     setup.setup:setup.py:365   - jsonlines: 3.0.0
INFO     setup.setup:setup.py:365   - jsonpatch: 1.33
INFO     setup.setup:setup.py:365   - jsonpointer: 3.0.0
INFO     setup.setup:setup.py:365   - jupyter-client: 8.6.3
INFO     setup.setup:setup.py:365   - jupyter-core: 5.8.1
INFO     setup.setup:setup.py:365   - kiwisolver: 1.4.8
INFO     setup.setup:setup.py:365   - libmambapy: 2.1.1
INFO     setup.setup:setup.py:365   - lxml: 6.0.0
INFO     setup.setup:setup.py:365   - markdown-it-py: 3.0.0
INFO     setup.setup:setup.py:365   - markupsafe: 3.0.2
INFO     setup.setup:setup.py:365   - matplotlib: 3.10.5
INFO     setup.setup:setup.py:365   - matplotlib-inline: 0.1.7
INFO     setup.setup:setup.py:365   - mdurl: 0.1.2
INFO     setup.setup:setup.py:365   - menuinst: 2.3.1
INFO     setup.setup:setup.py:365   - metainformant: 0.1.0
INFO     setup.setup:setup.py:365   - mypy: 1.17.1
INFO     setup.setup:setup.py:365   - mypy-extensions: 1.1.0
INFO     setup.setup:setup.py:365   - ncbi-datasets-pylib: 13.8.0
INFO     setup.setup:setup.py:365   - nest-asyncio: 1.6.0
INFO     setup.setup:setup.py:365   - numpy: 2.3.2
INFO     setup.setup:setup.py:365   - openpyxl: 3.1.5
INFO     setup.setup:setup.py:365   - packaging: 25.0
INFO     setup.setup:setup.py:365   - pandas: 2.3.1
INFO     setup.setup:setup.py:365   - parallel-fastq-dump: 0.6.5
INFO     setup.setup:setup.py:365   - parso: 0.8.4
INFO     setup.setup:setup.py:365   - pathspec: 0.12.1
INFO     setup.setup:setup.py:365   - patsy: 1.0.1
INFO     setup.setup:setup.py:365   - pexpect: 4.9.0
INFO     setup.setup:setup.py:365   - pillow: 11.3.0
INFO     setup.setup:setup.py:365   - pip: 25.1.1
INFO     setup.setup:setup.py:365   - platformdirs: 4.3.8
INFO     setup.setup:setup.py:365   - pluggy: 1.6.0
INFO     setup.setup:setup.py:365   - prompt-toolkit: 3.0.51
INFO     setup.setup:setup.py:365   - protobuf: 3.19.4
INFO     setup.setup:setup.py:365   - psutil: 7.0.0
INFO     setup.setup:setup.py:365   - psycopg2-binary: 2.9.10
INFO     setup.setup:setup.py:365   - ptyprocess: 0.7.0
INFO     setup.setup:setup.py:365   - pure-eval: 0.2.3
INFO     setup.setup:setup.py:365   - pycosat: 0.6.6
INFO     setup.setup:setup.py:365   - pycparser: 2.22
INFO     setup.setup:setup.py:365   - pydot: 4.0.1
INFO     setup.setup:setup.py:365   - pyfaidx: 0.8.1.4
INFO     setup.setup:setup.py:365   - pygments: 2.19.2
INFO     setup.setup:setup.py:365   - pyparsing: 3.2.3
INFO     setup.setup:setup.py:365   - pysocks: 1.7.1
INFO     setup.setup:setup.py:365   - pytest: 8.4.1
INFO     setup.setup:setup.py:365   - pytest-cov: 6.2.1
INFO     setup.setup:setup.py:365   - python-dateutil: 2.8.2
INFO     setup.setup:setup.py:365   - pytz: 2025.2
INFO     setup.setup:setup.py:365   - pyyaml: 6.0.2
INFO     setup.setup:setup.py:365   - pyzmq: 27.0.1
INFO     setup.setup:setup.py:365   - requests: 2.32.4
INFO     setup.setup:setup.py:365   - rich: 14.1.0
INFO     setup.setup:setup.py:365   - ruamel-yaml: 0.18.14
INFO     setup.setup:setup.py:365   - ruamel-yaml-clib: 0.2.8
INFO     setup.setup:setup.py:365   - ruff: 0.12.8
INFO     setup.setup:setup.py:365   - scikit-learn: 1.7.1
INFO     setup.setup:setup.py:365   - scipy: 1.16.1
INFO     setup.setup:setup.py:365   - seaborn: 0.13.2
INFO     setup.setup:setup.py:365   - setuptools: 80.9.0
INFO     setup.setup:setup.py:365   - simplejson: 3.20.1
INFO     setup.setup:setup.py:365   - six: 1.17.0
INFO     setup.setup:setup.py:365   - soupsieve: 2.7
INFO     setup.setup:setup.py:365   - stack-data: 0.6.3
INFO     setup.setup:setup.py:365   - statsmodels: 0.14.5
INFO     setup.setup:setup.py:365   - threadpoolctl: 3.6.0
INFO     setup.setup:setup.py:365   - tornado: 6.5.2
INFO     setup.setup:setup.py:365   - tqdm: 4.67.1
INFO     setup.setup:setup.py:365   - traitlets: 5.14.3
INFO     setup.setup:setup.py:365   - truststore: 0.10.1
INFO     setup.setup:setup.py:365   - typing-extensions: 4.14.1
INFO     setup.setup:setup.py:365   - tzdata: 2025.2
INFO     setup.setup:setup.py:365   - urllib3: 1.26.18
INFO     setup.setup:setup.py:365   - wcwidth: 0.2.13
INFO     setup.setup:setup.py:365   - wheel: 0.45.1
INFO     setup.setup:setup.py:365   - xlsxwriter: 3.2.5
INFO     setup.setup:setup.py:365   - zstandard: 0.23.0
INFO     setup.setup:setup.py:378 üìÑ Full package list saved to: /Users/4d/Documents/GitHub/GeneralizedNotationNotation/.venv/installed_packages_uv.json
_______ TestEnvironmentIntegration.test_environment_pipeline_integration _______
------------------------------ Captured log call -------------------------------
INFO     setup.setup:setup.py:110 üîç Checking system requirements...
INFO     setup.setup:setup.py:119 ‚úÖ Python version check passed: 3.13.5
INFO     setup.setup:setup.py:126 ‚úÖ UV is available: uv 0.8.8 (Homebrew 2025-08-09)
INFO     setup.setup:setup.py:142 ‚úÖ Disk space check passed: 13.43GB free
INFO     setup.setup:setup.py:332 üìã Getting list of installed packages using UV...
INFO     setup.setup:setup.py:359 üì¶ Found 126 installed packages using UV
INFO     setup.setup:setup.py:369 üìã Key installed packages:
INFO     setup.setup:setup.py:372   - pip: 25.1.1
INFO     setup.setup:setup.py:372   - pytest: 8.4.1
INFO     setup.setup:setup.py:372   - numpy: 2.3.2
INFO     setup.setup:setup.py:372   - matplotlib: 3.10.5
INFO     setup.setup:setup.py:372   - scipy: 1.16.1
INFO     setup.setup:setup.py:378 üìÑ Full package list saved to: /Users/4d/Documents/GitHub/GeneralizedNotationNotation/.venv/installed_packages_uv.json
_____________________ test_environment_module_performance ______________________
------------------------------ Captured log call -------------------------------
INFO     setup.setup:setup.py:110 üîç Checking system requirements...
INFO     setup.setup:setup.py:119 ‚úÖ Python version check passed: 3.13.5
INFO     setup.setup:setup.py:126 ‚úÖ UV is available: uv 0.8.8 (Homebrew 2025-08-09)
INFO     setup.setup:setup.py:142 ‚úÖ Disk space check passed: 13.43GB free
INFO     setup.setup:setup.py:332 üìã Getting list of installed packages using UV...
INFO     setup.setup:setup.py:359 üì¶ Found 126 installed packages using UV
INFO     setup.setup:setup.py:369 üìã Key installed packages:
INFO     setup.setup:setup.py:372   - pip: 25.1.1
INFO     setup.setup:setup.py:372   - pytest: 8.4.1
INFO     setup.setup:setup.py:372   - numpy: 2.3.2
INFO     setup.setup:setup.py:372   - matplotlib: 3.10.5
INFO     setup.setup:setup.py:372   - scipy: 1.16.1
INFO     setup.setup:setup.py:378 üìÑ Full package list saved to: /Users/4d/Documents/GitHub/GeneralizedNotationNotation/.venv/installed_packages_uv.json
_________________________ test_fast_suite_completeness _________________________
------------------------------ Captured log call -------------------------------
INFO     root:test_fast_suite.py:318 Fast test suite completeness validated
____________________ TestMarkdownParser.test_valid_parsing _____________________
------------------------------ Captured log call -------------------------------
WARNING  gnn.parsers.markdown_parser:markdown_parser.py:780 Connection references unknown target variables: ['o']
_______________________ test_ollama_provider_initialize ________________________
------------------------------ Captured log call -------------------------------
WARNING  llm.providers.ollama_provider:ollama_provider.py:88 Ollama not available. Install python client with 'pip install ollama' or install Ollama CLI from https://ollama.ai
___________________ test_processor_uses_ollama_when_no_keys ____________________
------------------------------ Captured log call -------------------------------
WARNING  llm.providers.openai_provider:openai_provider.py:76 OpenAI API key not provided
WARNING  llm.llm_processor:llm_processor.py:203 Failed to initialize openai provider
WARNING  llm.providers.openrouter_provider:openrouter_provider.py:116 OpenRouter API key not provided
WARNING  llm.llm_processor:llm_processor.py:203 Failed to initialize openrouter provider
WARNING  llm.providers.perplexity_provider:perplexity_provider.py:90 Perplexity API key not provided
WARNING  llm.llm_processor:llm_processor.py:203 Failed to initialize perplexity provider
WARNING  llm.providers.ollama_provider:ollama_provider.py:88 Ollama not available. Install python client with 'pip install ollama' or install Ollama CLI from https://ollama.ai
WARNING  llm.llm_processor:llm_processor.py:203 Failed to initialize ollama provider
WARNING  llm.llm_processor:llm_processor.py:213 No LLM providers could be initialized
________ TestMainOrchestratorImport.test_main_orchestrator_file_exists _________
------------------------------ Captured log call -------------------------------
INFO     root:test_main_orchestrator.py:69 Main orchestrator file structure validated
__________ TestMainOrchestratorImport.test_main_orchestrator_imports ___________
------------------------------ Captured log call -------------------------------
INFO     root:test_main_orchestrator.py:91 Main orchestrator imports validated
___ TestMainOrchestratorImport.test_main_orchestrator_component_availability ___
------------------------------ Captured log call -------------------------------
INFO     root:test_main_orchestrator.py:112 All 3 main orchestrator components available
_________ TestArgumentParsing.test_argument_parser_basic_functionality _________
------------------------------ Captured log call -------------------------------
INFO     root:test_main_orchestrator.py:133 Argument parser basic functionality validated
_________________ TestArgumentParsing.test_argument_validation _________________
------------------------------ Captured log call -------------------------------
INFO     root:test_main_orchestrator.py:154 Argument validation logic tested
__________________ TestArgumentParsing.test_argument_defaults __________________
------------------------------ Captured log call -------------------------------
INFO     root:test_main_orchestrator.py:179 Argument defaults validated
_______ TestPipelineScriptDiscovery.test_pipeline_script_discovery_logic _______
------------------------------ Captured log call -------------------------------
INFO     root:test_main_orchestrator.py:213 Pipeline script discovery logic validated
___________ TestPipelineScriptDiscovery.test_pipeline_script_sorting ___________
------------------------------ Captured log call -------------------------------
INFO     root:test_main_orchestrator.py:235 Pipeline script sorting logic validated
______ TestVirtualEnvironmentHandling.test_virtual_environment_detection _______
------------------------------ Captured log call -------------------------------
INFO     root:test_main_orchestrator.py:264 Virtual environment detection logic validated
_______ TestVirtualEnvironmentHandling.test_python_executable_detection ________
------------------------------ Captured log call -------------------------------
INFO     root:test_main_orchestrator.py:282 Python executable detection validated: /Users/4d/Documents/GitHub/GeneralizedNotationNotation/.venv/bin/python
_______________ TestStepExecution.test_step_execution_interface ________________
------------------------------ Captured log call -------------------------------
INFO     root:test_main_orchestrator.py:309 Step execution interface validated
________________ TestStepExecution.test_step_argument_building _________________
------------------------------ Captured log call -------------------------------
INFO     root:test_main_orchestrator.py:336 Step argument building logic validated
___________ TestPipelineCoordination.test_pipeline_coordination_flow ___________
------------------------------ Captured log call -------------------------------
INFO     root:test_main_orchestrator.py:372 Pipeline coordination flow validated
_______ TestPipelineCoordination.test_pipeline_configuration_consistency _______
------------------------------ Captured log call -------------------------------
INFO     root:test_main_orchestrator.py:392 Pipeline configuration consistency validated
_____________ TestPerformanceTracking.test_system_info_collection ______________
------------------------------ Captured log call -------------------------------
INFO     root:test_main_orchestrator.py:416 System info collection validated
__________ TestPerformanceTracking.test_performance_metrics_structure __________
------------------------------ Captured log call -------------------------------
INFO     root:test_main_orchestrator.py:441 Performance metrics structure validated
_____________ TestOutputGeneration.test_output_directory_structure _____________
------------------------------ Captured log call -------------------------------
INFO     root:test_main_orchestrator.py:474 Output directory structure validated
____________ TestOutputGeneration.test_pipeline_summary_generation _____________
------------------------------ Captured log call -------------------------------
INFO     root:test_main_orchestrator.py:513 Pipeline summary generation validated
___________ TestErrorHandlingAndRecovery.test_step_failure_handling ____________
------------------------------ Captured log call -------------------------------
INFO     root:test_main_orchestrator.py:543 Step failure handling validated
____________ TestErrorHandlingAndRecovery.test_graceful_degradation ____________
------------------------------ Captured log call -------------------------------
INFO     root:test_main_orchestrator.py:563 Graceful degradation validated for 4 scenarios
______________ TestErrorHandlingAndRecovery.test_error_reporting _______________
------------------------------ Captured log call -------------------------------
WARNING  test_error_reporting:test_main_orchestrator.py:579 Test warning message
ERROR    test_error_reporting:test_main_orchestrator.py:579 Test error message
CRITICAL test_error_reporting:test_main_orchestrator.py:579 Test critical message
INFO     root:test_main_orchestrator.py:587 Error reporting functionality validated
_______ TestConfigurationValidation.test_configuration_schema_validation _______
------------------------------ Captured log call -------------------------------
INFO     root:test_main_orchestrator.py:613 Configuration schema validation passed
______ TestConfigurationValidation.test_environment_variable_consistency _______
------------------------------ Captured log call -------------------------------
INFO     root:test_main_orchestrator.py:635 Environment variable consistency validated
___________ TestEndToEndIntegration.test_minimal_pipeline_execution ____________
------------------------------ Captured log call -------------------------------
INFO     root:test_main_orchestrator.py:665 Minimal pipeline execution validated
_____________ TestEndToEndIntegration.test_pipeline_with_failures ______________
------------------------------ Captured log call -------------------------------
INFO     root:test_main_orchestrator.py:698 Pipeline with failures validated: 2 success, 1 failures
__________________ test_main_orchestrator_help_functionality ___________________
------------------------------ Captured log call -------------------------------
INFO     root:test_main_orchestrator.py:716 Main orchestrator help functionality validated for 4 sections
______________ test_main_orchestrator_performance_characteristics ______________
------------------------------ Captured log call -------------------------------
INFO     root:test_main_orchestrator.py:733 Main orchestrator performance characteristics validated for 4 metrics
_______ TestMCPErrorHandling.test_tool_execution_with_invalid_parameters _______
------------------------------ Captured log call -------------------------------
INFO     gnn.mcp:mcp.py:874 Enhanced GNN MCP tools and resources registered successfully.
INFO     gnn.mcp:mcp.py:875 Enhanced capabilities available: True
___________ TestMCPResourceManagement.test_mcp_resource_registration ___________
------------------------------ Captured log call -------------------------------
INFO     gnn.mcp:mcp.py:874 Enhanced GNN MCP tools and resources registered successfully.
INFO     gnn.mcp:mcp.py:875 Enhanced capabilities available: True
____________ TestMCPToolExecution.test_gnn_validate_tool_execution _____________
------------------------------ Captured log call -------------------------------
INFO     gnn.mcp:mcp.py:874 Enhanced GNN MCP tools and resources registered successfully.
INFO     gnn.mcp:mcp.py:875 Enhanced capabilities available: True
_______________ TestMCPToolExecution.test_export_tool_execution ________________
------------------------------ Captured log call -------------------------------
INFO     export.mcp:mcp.py:161 Export module MCP tools registered.
____________ TestMCPToolExecution.test_utils_system_info_execution _____________
------------------------------ Captured log call -------------------------------
INFO     utils.mcp:mcp.py:289 Registering utils MCP tools
INFO     utils.mcp:mcp.py:352 Successfully registered utils MCP tools
________ TestPipelineFunctionality.test_visualization_generates_images _________
------------------------------ Captured log call -------------------------------
INFO     visualization:pipeline_template.py:46 üöÄ Processing visualizations
INFO     visualization:pipeline_template.py:47 ‚úÖ Generated 3 visualizations
_______ TestPipelineFunctionality.test_gnn_processing_generates_results ________
------------------------------ Captured log call -------------------------------
INFO     gnn.schema_validator:schema_validator.py:77 Enhanced multi-format parsing system initialized
INFO     gnn.cross_format_validator:cross_format_validator.py:82 Enhanced parsing system initialized for cross-format validation
INFO     gnn.cross_format_validator:cross_format_validator.py:82 Enhanced parsing system initialized for cross-format validation
INFO     gnn.core_processor.wrapper:core_processor.py:106 Starting GNN processing pipeline
INFO     gnn.core_processor.wrapper:core_processor.py:141 Phase 1: File discovery and basic analysis
INFO     gnn.discovery:discovery.py:63 Starting file discovery in /var/folders/vc/rgmbpjpj0dbg61vr54xjskc80000gn/T/tmpjsgjbnmj
INFO     gnn.discovery:discovery.py:83 Discovery completed: 0/0 potential GNN files in 0.000s
INFO     gnn.core_processor.wrapper:core_processor.py:148 Discovered 0 GNN files
______ TestPipelineFunctionality.test_multi_format_export_generates_files ______
------------------------------ Captured log call -------------------------------
INFO     export:pipeline_template.py:46 üöÄ Generating multi-format exports
INFO     export:pipeline_template.py:47 ‚úÖ All exports generated successfully
____________ TestPipelineFunctionality.test_results_json_are_valid _____________
------------------------------ Captured log call -------------------------------
INFO     visualization:pipeline_template.py:46 üöÄ Processing visualizations
INFO     visualization:pipeline_template.py:47 ‚úÖ Generated 2 visualizations
INFO     export:pipeline_template.py:46 üöÄ Generating multi-format exports
INFO     export:pipeline_template.py:47 ‚úÖ All exports generated successfully
_______________ TestPipelineFunctionality.test_preflight_metrics _______________
------------------------------ Captured log call -------------------------------
INFO     visualization:pipeline_template.py:46 üöÄ Processing visualizations
INFO     visualization:pipeline_template.py:47 ‚úÖ Generated 2 visualizations
________ TestVisualizationPerformance.test_visualization_scaling[small] ________
------------------------------ Captured log call -------------------------------
INFO     visualization:pipeline_template.py:46 üöÄ Processing visualizations
WARNING  visualization:pipeline_template.py:48 ‚ö†Ô∏è No GNN files found for visualization
_______ TestVisualizationPerformance.test_visualization_scaling[medium] ________
------------------------------ Captured log call -------------------------------
INFO     visualization:pipeline_template.py:46 üöÄ Processing visualizations
WARNING  visualization:pipeline_template.py:48 ‚ö†Ô∏è No GNN files found for visualization
________ TestVisualizationPerformance.test_visualization_scaling[large] ________
------------------------------ Captured log call -------------------------------
INFO     visualization:pipeline_template.py:46 üöÄ Processing visualizations
WARNING  visualization:pipeline_template.py:48 ‚ö†Ô∏è No GNN files found for visualization
___________ TestVisualizationPerformance.test_visualization_caching ____________
------------------------------ Captured log call -------------------------------
INFO     visualization:pipeline_template.py:46 üöÄ Processing visualizations
WARNING  visualization:pipeline_template.py:48 ‚ö†Ô∏è No GNN files found for visualization
INFO     visualization:pipeline_template.py:46 üöÄ Processing visualizations
WARNING  visualization:pipeline_template.py:48 ‚ö†Ô∏è No GNN files found for visualization
_____________ TestRecursionErrorRecovery.test_render_step_recovery _____________
------------------------------ Captured log call -------------------------------
INFO     render.pymdp.pymdp_converter:pymdp_converter.py:267 ModelName not found in GNN spec, using default 'pymdp_agent_model'.
INFO     render.pymdp.pymdp_converter:pymdp_converter.py:267 Starting GNN data extraction.
INFO     render.pymdp.pymdp_converter:pymdp_converter.py:267 Found parsed GNN data with 0 variables.
INFO     render.pymdp.pymdp_converter:pymdp_converter.py:267 Processing 0 variables from GNN data
WARNING  render.pymdp.pymdp_converter:pymdp_converter.py:267 No observation modalities or state factors found in variables
INFO     render.pymdp.pymdp_converter:pymdp_converter.py:267 ModelParameters not found or empty in GNN spec.
WARNING  render.pymdp.pymdp_converter:pymdp_converter.py:267 Warning: Missing required data - modalities: 0, factors: 0
INFO     render.pymdp.pymdp_converter:pymdp_converter.py:267 DEBUG: _extract_initial_parameterization_matrices: initial_params = None
INFO     render.pymdp.pymdp_converter:pymdp_converter.py:267 Finished GNN data extraction.
INFO     render.pymdp.pymdp_converter:pymdp_converter.py:267 Matrix definitions not generated yet. Generating matrices...
INFO     render.pymdp.pymdp_converter:pymdp_converter.py:267 DEBUG: convert_A_matrix: type(self.A_spec) = <class 'NoneType'>, value = None
INFO     render.pymdp.pymdp_converter:pymdp_converter.py:267 DEBUG: _extract_initial_parameterization_matrices: initial_params = None
INFO     render.pymdp.pymdp_converter:pymdp_converter.py:267 A_matrix: No observation modalities defined. 'A' will be None.
INFO     render.pymdp.pymdp_converter:pymdp_converter.py:267 DEBUG: convert_B_matrix: type(self.B_spec) = <class 'NoneType'>, value = None
INFO     render.pymdp.pymdp_converter:pymdp_converter.py:267 DEBUG: _extract_initial_parameterization_matrices: initial_params = None
INFO     render.pymdp.pymdp_converter:pymdp_converter.py:267 B_matrix: No hidden state factors defined. 'B' will be None.
INFO     render.pymdp.pymdp_converter:pymdp_converter.py:267 DEBUG: convert_C_vector: self.C_spec = None
INFO     render.pymdp.pymdp_converter:pymdp_converter.py:267 DEBUG: _extract_initial_parameterization_matrices: initial_params = None
INFO     render.pymdp.pymdp_converter:pymdp_converter.py:267 C_vector: No observation modalities defined. 'C' will be None.
INFO     render.pymdp.pymdp_converter:pymdp_converter.py:267 DEBUG: convert_D_vector: self.D_spec = None
INFO     render.pymdp.pymdp_converter:pymdp_converter.py:267 DEBUG: _extract_initial_parameterization_matrices: initial_params = None
INFO     render.pymdp.pymdp_converter:pymdp_converter.py:267 D_vector: No hidden state factors defined. 'D' will be None.
INFO     render.pymdp.pymdp_converter:pymdp_converter.py:267 DEBUG: convert_E_vector: self.E_spec = None
INFO     render.pymdp.pymdp_converter:pymdp_converter.py:267 DEBUG: _extract_initial_parameterization_matrices: initial_params = None
INFO     render.pymdp.pymdp_converter:pymdp_converter.py:267 E_vector: No E (policy prior) specification found. Defaulting to None.
INFO     render.pymdp.pymdp_converter:pymdp_converter.py:267 Agent instantiation code not generated yet. Generating...
ERROR    render.pymdp.pymdp_converter:pymdp_converter.py:267 Cannot generate agent instantiation with no observation modalities or hidden state factors.
INFO     render.pymdp.pymdp_converter:pymdp_converter.py:267 Example usage code not generated yet. Generating...
INFO     render.pymdp.pymdp_converter:pymdp_converter.py:267 Skipping example usage code due to missing modalities or state factors.
INFO     render.pymdp.pymdp_converter:pymdp_converter.py:267 Generated full Python script (9609 characters)
______________ TestAsyncAwaitRecovery.test_sync_wrapper_recovery _______________
------------------------------ Captured log call -------------------------------
INFO     llm.llm_processor:llm_processor.py:84 Loaded API keys for providers: ['ollama']
INFO     llm.llm_processor:llm_processor.py:86 No cloud API keys detected. Defaulting to local Ollama for LLM operations.
INFO     llm.llm_operations:llm_operations.py:87 Created new LLM processor
WARNING  llm.providers.openai_provider:openai_provider.py:76 OpenAI API key not provided
WARNING  llm.llm_processor:llm_processor.py:203 Failed to initialize openai provider
WARNING  llm.providers.openrouter_provider:openrouter_provider.py:116 OpenRouter API key not provided
WARNING  llm.llm_processor:llm_processor.py:203 Failed to initialize openrouter provider
WARNING  llm.providers.perplexity_provider:perplexity_provider.py:90 Perplexity API key not provided
WARNING  llm.llm_processor:llm_processor.py:203 Failed to initialize perplexity provider
WARNING  llm.providers.ollama_provider:ollama_provider.py:88 Ollama not available. Install python client with 'pip install ollama' or install Ollama CLI from https://ollama.ai
WARNING  llm.llm_processor:llm_processor.py:203 Failed to initialize ollama provider
WARNING  llm.llm_processor:llm_processor.py:213 No LLM providers could be initialized
ERROR    llm.llm_operations:llm_operations.py:217 Async summarization failed: Processor not initialized
WARNING  llm.providers.openai_provider:openai_provider.py:76 OpenAI API key not provided
WARNING  llm.llm_processor:llm_processor.py:203 Failed to initialize openai provider
WARNING  llm.providers.openrouter_provider:openrouter_provider.py:116 OpenRouter API key not provided
WARNING  llm.llm_processor:llm_processor.py:203 Failed to initialize openrouter provider
WARNING  llm.providers.perplexity_provider:perplexity_provider.py:90 Perplexity API key not provided
WARNING  llm.llm_processor:llm_processor.py:203 Failed to initialize perplexity provider
WARNING  llm.providers.ollama_provider:ollama_provider.py:88 Ollama not available. Install python client with 'pip install ollama' or install Ollama CLI from https://ollama.ai
WARNING  llm.llm_processor:llm_processor.py:203 Failed to initialize ollama provider
WARNING  llm.llm_processor:llm_processor.py:213 No LLM providers could be initialized
_______ TestLightweightProcessingRecovery.test_gnn_lightweight_fallback ________
------------------------------ Captured log call -------------------------------
INFO     gnn.schema_validator:schema_validator.py:77 Enhanced multi-format parsing system initialized
INFO     gnn.cross_format_validator:cross_format_validator.py:82 Enhanced parsing system initialized for cross-format validation
INFO     gnn.cross_format_validator:cross_format_validator.py:82 Enhanced parsing system initialized for cross-format validation
INFO     gnn.core_processor.wrapper:core_processor.py:106 Starting GNN processing pipeline
INFO     gnn.core_processor.wrapper:core_processor.py:141 Phase 1: File discovery and basic analysis
INFO     gnn.discovery:discovery.py:63 Starting file discovery in /var/folders/vc/rgmbpjpj0dbg61vr54xjskc80000gn/T/tmpm36kl3of/input
INFO     gnn.discovery:discovery.py:83 Discovery completed: 0/1 potential GNN files in 0.000s
INFO     gnn.core_processor.wrapper:core_processor.py:148 Discovered 0 GNN files
_________ TestPipelineScriptDiscovery.test_all_pipeline_scripts_exist __________
------------------------------ Captured log call -------------------------------
INFO     root:test_pipeline_scripts.py:111 Found 24 pipeline scripts
____ TestPipelineScriptDiscovery.test_pipeline_script_structure[1_setup.py] ____
------------------------------ Captured log call -------------------------------
INFO     root:test_pipeline_scripts.py:145 Script 1_setup.py structure validated
_____ TestPipelineScriptImports.test_script_import_capability[1_setup.py] ______
------------------------------ Captured log call -------------------------------
INFO     root:test_pipeline_scripts.py:174 Script 1_setup.py imports successfully
___ TestPipelineScriptExecution.test_script_execution_with_mocks[1_setup.py] ___
------------------------------ Captured log call -------------------------------
INFO     root:test_pipeline_scripts.py:220 Script 1_setup.py executed successfully with exit code 0
___________ TestStep2GNNComprehensive.test_step2_gnn_file_discovery ____________
------------------------------ Captured log call -------------------------------
WARNING  root:test_pipeline_scripts.py:244 Failed to parse simple.gnn: Parsed data should contain ModelName
assert 'ModelName' in {'file_name': 'simple.gnn', 'file_path': '/var/folders/vc/rgmbpjpj0dbg61vr54xjskc80000gn/T/tmph_eetjyc/simple.gnn', 'file_size': 136, 'parse_timestamp': '2025-08-20T07:42:00.457887', ...}
_____________ TestStep2GNNComprehensive.test_step2_gnn_validation ______________
------------------------------ Captured log call -------------------------------
WARNING  root:test_pipeline_scripts.py:261 Validation failed for simple.gnn: Validation should return boolean
assert False
 +  where False = isinstance({'errors': [], 'file_name': 'simple.gnn', 'file_path': '/var/folders/vc/rgmbpjpj0dbg61vr54xjskc80000gn/T/tmpi2xf061x/simple.gnn', 'valid': True, ...}, bool)
________ TestStep1SetupComprehensive.test_step1_environment_validation _________
------------------------------ Captured log call -------------------------------
WARNING  root:test_pipeline_scripts.py:291 Setup module functions not available: cannot import name 'check_dependencies' from 'src.setup' (/Users/4d/Documents/GitHub/GeneralizedNotationNotation/src/setup/__init__.py)
__________ TestStep4TypeCheckerComprehensive.test_step4_type_checking __________
------------------------------ Captured log call -------------------------------
WARNING  root:test_pipeline_scripts.py:317 Type checker module functions not available: cannot import name 'check_gnn_file' from 'src.type_checker' (/Users/4d/Documents/GitHub/GeneralizedNotationNotation/src/type_checker/__init__.py)
____________ TestStep5ExportComprehensive.test_step5_export_formats ____________
------------------------------ Captured log call -------------------------------
WARNING  root:test_pipeline_scripts.py:354 Export module functions not available: cannot import name 'export_gnn_data' from 'src.export' (/Users/4d/Documents/GitHub/GeneralizedNotationNotation/src/export/__init__.py)
___ TestStep6VisualizationComprehensive.test_step6_visualization_generation ____
------------------------------ Captured log call -------------------------------
WARNING  root:test_pipeline_scripts.py:382 Visualization module functions not available: cannot import name 'create_graph_visualization' from 'src.visualization' (/Users/4d/Documents/GitHub/GeneralizedNotationNotation/src/visualization/__init__.py)
________________ TestStep7MCPComprehensive.test_step7_mcp_tools ________________
------------------------------ Captured log call -------------------------------
WARNING  root:test_pipeline_scripts.py:405 MCP tools test failed: Tools should be a list
assert False
 +  where False = isinstance(True, list)
________ TestStep8OntologyComprehensive.test_step8_ontology_processing _________
------------------------------ Captured log call -------------------------------
WARNING  root:test_pipeline_scripts.py:429 Ontology processing test failed: process_ontology() missing 2 required positional arguments: 'target_dir' and 'output_dir'
____________ TestStep9RenderComprehensive.test_step9_code_rendering ____________
------------------------------ Captured log call -------------------------------
INFO     root:test_pipeline_scripts.py:443 PyMDP rendering test completed
WARNING  root:test_pipeline_scripts.py:452 RxInfer rendering test failed: generate_rxinfer_code() takes 1 positional argument but 2 were given
__________ TestStep12AudioComprehensive.test_step12_audio_generation ___________
------------------------------ Captured log call -------------------------------
WARNING  root:test_pipeline_scripts.py:518 Website generation test failed: generate_website() missing 1 required positional argument: 'output_dir'
INFO     root:test_pipeline_scripts.py:523 HTML report creation test completed
________ TestStep13WebsiteComprehensive.test_step13_website_generation _________
------------------------------ Captured log call -------------------------------
WARNING  root:test_pipeline_scripts.py:542 GNN to SAPF conversion test failed: convert_gnn_to_sapf() missing 1 required positional argument: 'model_name'
ERROR    audio.sapf.processor:processor.py:93 Failed to generate SAPF audio: 'SAPFGNNProcessor' object has no attribute 'generate_audio_from_sapf'
INFO     root:test_pipeline_scripts.py:548 SAPF audio generation test completed
_________ TestStep14ReportComprehensive.test_step14_report_generation __________
------------------------------ Captured log call -------------------------------
INFO     report:pipeline_template.py:46 üöÄ Generating comprehensive report
ERROR    report:pipeline_template.py:49 ‚ùå Failed to generate comprehensive report: 'dict' object has no attribute 'glob'
INFO     root:test_pipeline_scripts.py:577 Step 14 report generation validated
_______ TestPipelineScriptIntegration.test_pipeline_script_coordination ________
------------------------------ Captured log call -------------------------------
INFO     root:test_pipeline_scripts.py:607 Script 1_setup.py coordination test passed
_______ TestPipelineScriptIntegration.test_pipeline_argument_consistency _______
------------------------------ Captured log call -------------------------------
INFO     root:test_pipeline_scripts.py:613 Testing pipeline argument consistency
INFO     root:test_pipeline_scripts.py:634 Script 1_setup.py uses standardized pipeline template - arguments handled automatically
INFO     root:test_pipeline_scripts.py:645 Script 1_setup.py argument consistency validated
______________________ test_pipeline_script_completeness _______________________
------------------------------ Captured log call -------------------------------
INFO     root:test_pipeline_scripts.py:650 Pipeline script completeness test passed
_______________________ test_pipeline_script_performance _______________________
------------------------------ Captured log call -------------------------------
INFO     root:test_pipeline_scripts.py:656 Pipeline script performance test completed
______________ TestOntologyVisualizer.test_create_ontology_table _______________
------------------------------ Captured log call -------------------------------
INFO     visualization.ontology_visualizer:ontology_visualizer.py:229 Ontology visualization saved to /var/folders/vc/rgmbpjpj0dbg61vr54xjskc80000gn/T/tmp8ilbp845/viz_output/ontology_annotations.png
_______________ TestOntologyVisualizer.test_visualize_directory ________________
------------------------------ Captured log call -------------------------------
INFO     visualization.ontology_visualizer:ontology_visualizer.py:229 Ontology visualization saved to /var/folders/vc/rgmbpjpj0dbg61vr54xjskc80000gn/T/tmp5yscb3kv/viz_output/actinf_pomdp_agent/ontology_annotations.png
============================= slowest 15 durations =============================
5.41s call     src/tests/test_pipeline_performance.py::TestNetworkOperationTiming::test_api_request_timing
1.61s call     src/tests/test_pipeline_performance.py::TestResourceScaling::test_resource_estimation
0.67s call     src/tests/test_pipeline_functionality.py::TestPipelineFunctionality::test_visualization_generates_images
0.43s call     src/tests/test_pipeline_functionality.py::TestPipelineFunctionality::test_preflight_metrics
0.43s call     src/tests/test_pipeline_functionality.py::TestPipelineFunctionality::test_results_json_are_valid
0.26s call     src/tests/test_pipeline_performance.py::TestResourceScaling::test_pipeline_scaling[3]
0.26s call     src/tests/test_pipeline_performance.py::TestResourceScaling::test_pipeline_scaling[10]
0.26s call     src/tests/test_pipeline_performance.py::TestResourceScaling::test_pipeline_scaling[1]
0.23s call     src/tests/test_visualization_overall.py::test_visualization_module_performance
0.23s call     src/tests/test_visualization_overall.py::TestVisualizationIntegration::test_visualization_pipeline_integration
0.23s call     src/tests/test_visualization_overall.py::TestVisualizationFunctionality::test_matrix_visualization
0.19s call     src/tests/test_environment_overall.py::TestEnvironmentModuleComprehensive::test_environment_validation
0.12s call     src/tests/test_pipeline_performance.py::TestMemoryUsagePatterns::test_peak_memory_tracking
0.09s call     src/tests/test_core_modules.py::TestLLMModuleComprehensive::test_llm_model_analysis
0.05s call     src/tests/test_visualization_ontology.py::TestOntologyVisualizer::test_visualize_directory
=========================== short test summary info ============================
PASSED src/tests/test_audio_generation.py::TestAudioGeneration::test_audio_import_available
PASSED src/tests/test_audio_generation.py::TestAudioGeneration::test_sapf_audio_generation
PASSED src/tests/test_audio_generation.py::TestAudioGeneration::test_pedalboard_audio_generation
PASSED src/tests/test_audio_generation.py::TestAudioGeneration::test_audio_format_conversion
PASSED src/tests/test_audio_generation.py::TestAudioGeneration::test_audio_parameter_validation
PASSED src/tests/test_audio_generation.py::TestAudioGeneration::test_audio_error_handling
PASSED src/tests/test_audio_generation.py::TestAudioGeneration::test_audio_performance
PASSED src/tests/test_audio_generation.py::TestAudioGeneration::test_audio_memory_usage
PASSED src/tests/test_audio_generation.py::TestAudioGeneration::test_audio_quality_metrics
PASSED src/tests/test_audio_generation.py::TestAudioGeneration::test_audio_file_operations
PASSED src/tests/test_audio_generation.py::TestAudioGeneration::test_audio_backend_selection
PASSED src/tests/test_audio_generation.py::TestAudioGeneration::test_audio_concurrent_generation
PASSED src/tests/test_audio_overall.py::TestAudioModuleComprehensive::test_audio_module_imports
PASSED src/tests/test_audio_overall.py::TestAudioModuleComprehensive::test_audio_generator_instantiation
PASSED src/tests/test_audio_overall.py::TestAudioModuleComprehensive::test_sapf_processor_instantiation
PASSED src/tests/test_audio_overall.py::TestAudioModuleComprehensive::test_pedalboard_processor_instantiation
PASSED src/tests/test_audio_overall.py::TestAudioModuleComprehensive::test_audio_module_info
PASSED src/tests/test_audio_overall.py::TestAudioModuleComprehensive::test_audio_generation_options
PASSED src/tests/test_audio_overall.py::TestAudioProcessing::test_gnn_to_audio_conversion
PASSED src/tests/test_audio_overall.py::TestAudioProcessing::test_audio_validation
PASSED src/tests/test_audio_overall.py::TestAudioProcessing::test_audio_generation
PASSED src/tests/test_audio_overall.py::TestAudioIntegration::test_audio_pipeline_integration
PASSED src/tests/test_audio_overall.py::TestAudioIntegration::test_audio_mcp_integration
PASSED src/tests/test_audio_overall.py::test_audio_module_completeness
PASSED src/tests/test_audio_overall.py::test_audio_module_performance
PASSED src/tests/test_comprehensive_api.py::TestGNNModule::test_module_imports
PASSED src/tests/test_comprehensive_api.py::TestGNNModule::test_get_module_info
PASSED src/tests/test_comprehensive_api.py::TestGNNModule::test_validate_gnn_function
PASSED src/tests/test_comprehensive_api.py::TestGNNModule::test_feature_flags
PASSED src/tests/test_comprehensive_api.py::TestExportModule::test_module_imports
PASSED src/tests/test_comprehensive_api.py::TestExportModule::test_get_module_info
PASSED src/tests/test_comprehensive_api.py::TestExportModule::test_get_supported_formats
PASSED src/tests/test_comprehensive_api.py::TestExportModule::test_export_gnn_model_invalid_format
PASSED src/tests/test_comprehensive_api.py::TestRenderModule::test_module_imports
PASSED src/tests/test_comprehensive_api.py::TestRenderModule::test_get_module_info
PASSED src/tests/test_comprehensive_api.py::TestRenderModule::test_get_available_renderers
PASSED src/tests/test_comprehensive_api.py::TestRenderModule::test_feature_flags
PASSED src/tests/test_comprehensive_api.py::TestWebsiteModule::test_module_imports
PASSED src/tests/test_comprehensive_api.py::TestWebsiteModule::test_get_module_info
PASSED src/tests/test_comprehensive_api.py::TestWebsiteModule::test_get_supported_file_types
PASSED src/tests/test_comprehensive_api.py::TestWebsiteModule::test_generate_website_from_pipeline_output_nonexistent
PASSED src/tests/test_comprehensive_api.py::TestWebsiteModule::test_validate_website_config
PASSED src/tests/test_comprehensive_api.py::TestSAPFModule::test_module_imports
PASSED src/tests/test_comprehensive_api.py::TestSAPFModule::test_get_module_info
PASSED src/tests/test_comprehensive_api.py::TestSAPFModule::test_get_audio_generation_options
PASSED src/tests/test_comprehensive_api.py::TestSAPFModule::test_process_gnn_to_audio_invalid_input
PASSED src/tests/test_comprehensive_api.py::TestOntologyModule::test_module_imports
PASSED src/tests/test_comprehensive_api.py::TestOntologyModule::test_get_module_info
PASSED src/tests/test_comprehensive_api.py::TestOntologyModule::test_get_ontology_processing_options
PASSED src/tests/test_comprehensive_api.py::TestOntologyModule::test_process_gnn_ontology_nonexistent_file
PASSED src/tests/test_comprehensive_api.py::TestOntologyModule::test_parse_gnn_ontology_section_empty
PASSED src/tests/test_comprehensive_api.py::TestTypeCheckerModule::test_module_imports
PASSED src/tests/test_comprehensive_api.py::TestTypeCheckerModule::test_type_checker_instantiation
PASSED src/tests/test_comprehensive_api.py::TestVisualizationModule::test_module_imports
PASSED src/tests/test_comprehensive_api.py::TestVisualizationModule::test_visualizer_instantiation
PASSED src/tests/test_comprehensive_api.py::TestExecuteModule::test_module_imports
PASSED src/tests/test_comprehensive_api.py::TestExecuteModule::test_executor_instantiation
PASSED src/tests/test_comprehensive_api.py::TestLLMModule::test_module_imports
PASSED src/tests/test_comprehensive_api.py::TestLLMModule::test_llm_processor_instantiation
PASSED src/tests/test_comprehensive_api.py::TestMCPModule::test_module_imports
PASSED src/tests/test_comprehensive_api.py::TestMCPModule::test_mcp_server_instantiation
PASSED src/tests/test_comprehensive_api.py::TestSetupModule::test_module_imports
PASSED src/tests/test_comprehensive_api.py::TestSetupModule::test_setup_functions_exist
PASSED src/tests/test_comprehensive_api.py::TestUtilsModule::test_module_imports
PASSED src/tests/test_comprehensive_api.py::TestUtilsModule::test_utils_classes_instantiation
PASSED src/tests/test_comprehensive_api.py::TestPipelineModule::test_module_imports
PASSED src/tests/test_comprehensive_api.py::TestPipelineModule::test_pipeline_config
PASSED src/tests/test_comprehensive_api.py::TestMCPIntegration::test_mcp_availability_flags
PASSED src/tests/test_comprehensive_api.py::TestMCPIntegration::test_register_tools_functions
PASSED src/tests/test_core_modules.py::TestGNNModuleComprehensive::test_gnn_module_imports
PASSED src/tests/test_core_modules.py::TestGNNModuleComprehensive::test_gnn_file_discovery
PASSED src/tests/test_core_modules.py::TestGNNModuleComprehensive::test_gnn_file_parsing
PASSED src/tests/test_core_modules.py::TestGNNModuleComprehensive::test_gnn_directory_processing
PASSED src/tests/test_core_modules.py::TestRenderModuleComprehensive::test_render_module_imports
PASSED src/tests/test_core_modules.py::TestRenderModuleComprehensive::test_pymdp_rendering
PASSED src/tests/test_core_modules.py::TestRenderModuleComprehensive::test_rxinfer_rendering
PASSED src/tests/test_core_modules.py::TestRenderModuleComprehensive::test_discopy_rendering
PASSED src/tests/test_core_modules.py::TestExecuteModuleComprehensive::test_execute_module_imports
PASSED src/tests/test_core_modules.py::TestExecuteModuleComprehensive::test_execution_environment_validation
PASSED src/tests/test_core_modules.py::TestExecuteModuleComprehensive::test_safe_script_execution
PASSED src/tests/test_core_modules.py::TestLLMModuleComprehensive::test_llm_module_imports
PASSED src/tests/test_core_modules.py::TestLLMModuleComprehensive::test_llm_model_analysis
PASSED src/tests/test_core_modules.py::TestLLMModuleComprehensive::test_llm_description_generation
PASSED src/tests/test_core_modules.py::TestMCPModuleComprehensive::test_mcp_module_imports
PASSED src/tests/test_core_modules.py::TestMCPModuleComprehensive::test_mcp_tool_registration
PASSED src/tests/test_core_modules.py::TestMCPModuleComprehensive::test_mcp_request_handling
PASSED src/tests/test_core_modules.py::TestOntologyModuleComprehensive::test_ontology_module_imports
PASSED src/tests/test_core_modules.py::TestOntologyModuleComprehensive::test_ontology_term_validation
PASSED src/tests/test_core_modules.py::TestWebsiteModuleComprehensive::test_website_module_imports
PASSED src/tests/test_core_modules.py::TestWebsiteModuleComprehensive::test_website_generation
PASSED src/tests/test_core_modules.py::TestWebsiteModuleComprehensive::test_html_report_creation
PASSED src/tests/test_core_modules.py::TestSAPFModuleComprehensive::test_sapf_module_imports
PASSED src/tests/test_core_modules.py::TestSAPFModuleComprehensive::test_sapf_validation
PASSED src/tests/test_core_modules.py::TestSAPFModuleComprehensive::test_sapf_audio_generation
PASSED src/tests/test_core_modules.py::TestCoreModuleIntegration::test_module_coordination
PASSED src/tests/test_core_modules.py::TestCoreModuleIntegration::test_module_data_flow
PASSED src/tests/test_core_modules.py::test_core_module_completeness
PASSED src/tests/test_core_modules.py::test_core_module_performance
PASSED src/tests/test_coverage_overall.py::TestCoverageOverall::test_gnn_core_imports
PASSED src/tests/test_coverage_overall.py::TestCoverageOverall::test_audio_imports
PASSED src/tests/test_coverage_overall.py::TestCoverageOverall::test_export_imports
PASSED src/tests/test_coverage_overall.py::TestCoverageOverall::test_visualization_imports
PASSED src/tests/test_coverage_overall.py::TestCoverageOverall::test_llm_imports
PASSED src/tests/test_environment_overall.py::TestEnvironmentModuleComprehensive::test_environment_module_imports
PASSED src/tests/test_environment_overall.py::TestEnvironmentModuleComprehensive::test_environment_manager_instantiation
PASSED src/tests/test_environment_overall.py::TestEnvironmentModuleComprehensive::test_virtual_environment_instantiation
PASSED src/tests/test_environment_overall.py::TestEnvironmentModuleComprehensive::test_environment_module_info
PASSED src/tests/test_environment_overall.py::TestEnvironmentModuleComprehensive::test_environment_validation
PASSED src/tests/test_environment_overall.py::TestEnvironmentFunctionality::test_environment_setup
PASSED src/tests/test_environment_overall.py::TestEnvironmentFunctionality::test_dependency_installation
PASSED src/tests/test_environment_overall.py::TestEnvironmentFunctionality::test_python_version_check
PASSED src/tests/test_environment_overall.py::TestEnvironmentIntegration::test_environment_pipeline_integration
PASSED src/tests/test_environment_overall.py::test_environment_module_completeness
PASSED src/tests/test_environment_overall.py::test_environment_module_performance
PASSED src/tests/test_export_overall.py::TestExportModuleComprehensive::test_export_module_imports
PASSED src/tests/test_export_overall.py::TestExportModuleComprehensive::test_exporter_instantiation
PASSED src/tests/test_export_overall.py::TestExportModuleComprehensive::test_multi_format_exporter_instantiation
PASSED src/tests/test_export_overall.py::TestExportModuleComprehensive::test_export_module_info
PASSED src/tests/test_export_overall.py::TestExportModuleComprehensive::test_supported_formats
PASSED src/tests/test_export_overall.py::TestExportFunctionality::test_export_gnn_model
PASSED src/tests/test_export_overall.py::TestExportFunctionality::test_export_format_validation
PASSED src/tests/test_export_overall.py::TestExportFunctionality::test_multi_format_export
PASSED src/tests/test_export_overall.py::TestExportIntegration::test_export_pipeline_integration
PASSED src/tests/test_export_overall.py::TestExportIntegration::test_export_mcp_integration
PASSED src/tests/test_export_overall.py::test_export_module_completeness
PASSED src/tests/test_export_overall.py::test_export_module_performance
PASSED src/tests/test_fast_suite.py::TestFastEnvironment::test_python_environment
PASSED src/tests/test_fast_suite.py::TestFastEnvironment::test_test_configuration
PASSED src/tests/test_fast_suite.py::TestFastEnvironment::test_essential_directories
PASSED src/tests/test_fast_suite.py::TestFastGNNProcessing::test_gnn_module_import
PASSED src/tests/test_fast_suite.py::TestFastGNNProcessing::test_gnn_file_creation
PASSED src/tests/test_fast_suite.py::TestFastGNNProcessing::test_gnn_content_validation
PASSED src/tests/test_fast_suite.py::TestFastPipelineComponents::test_utils_module_import
PASSED src/tests/test_fast_suite.py::TestFastPipelineComponents::test_pipeline_module_import
PASSED src/tests/test_fast_suite.py::TestFastPipelineComponents::test_type_checker_import
PASSED src/tests/test_fast_suite.py::TestFastExport::test_export_module_import
PASSED src/tests/test_fast_suite.py::TestFastExport::test_basic_export_functionality
PASSED src/tests/test_fast_suite.py::TestFastVisualization::test_visualization_module_import
PASSED src/tests/test_fast_suite.py::TestFastRender::test_render_module_import
PASSED src/tests/test_fast_suite.py::TestFastExecute::test_execute_module_import
PASSED src/tests/test_fast_suite.py::TestFastLLM::test_llm_module_import
PASSED src/tests/test_fast_suite.py::TestFastMCP::test_mcp_module_import
PASSED src/tests/test_fast_suite.py::TestFastOntology::test_ontology_module_import
PASSED src/tests/test_fast_suite.py::TestFastSAPF::test_sapf_module_import
PASSED src/tests/test_fast_suite.py::TestFastWebsite::test_website_module_import
PASSED src/tests/test_fast_suite.py::TestFastIntegration::test_basic_pipeline_flow
PASSED src/tests/test_fast_suite.py::TestFastIntegration::test_test_environment_setup
PASSED src/tests/test_fast_suite.py::test_fast_suite_completeness
PASSED src/tests/test_gnn_integration.py::TestGNNIntegration::test_gnn_file_processing
PASSED src/tests/test_gnn_integration.py::TestGNNIntegration::test_gnn_validation
PASSED src/tests/test_gnn_integration.py::TestGNNIntegration::test_gnn_format_conversion
PASSED src/tests/test_gnn_integration.py::TestGNNIntegration::test_gnn_error_handling
PASSED src/tests/test_gnn_integration.py::TestGNNIntegration::test_gnn_performance
PASSED src/tests/test_gnn_integration.py::TestGNNIntegration::test_gnn_memory_usage
PASSED src/tests/test_gnn_overall.py::TestGNNCoreProcessor::test_core_processor_imports
PASSED src/tests/test_gnn_overall.py::TestGNNCoreProcessor::test_gnn_processor_basic_imports
PASSED src/tests/test_gnn_overall.py::TestGNNReporting::test_reporting_imports
PASSED src/tests/test_gnn_parsing.py::TestGNNDiscovery::test_discovery_imports
PASSED src/tests/test_gnn_parsing.py::TestMarkdownParser::test_valid_parsing
PASSED src/tests/test_gnn_parsing.py::TestMarkdownParser::test_invalid_parsing
PASSED src/tests/test_gnn_parsing.py::TestMarkdownParser::test_empty_string
PASSED src/tests/test_gnn_parsing.py::TestScalaParser::test_valid_parsing
PASSED src/tests/test_gnn_parsing.py::TestLeanParser::test_valid_parsing
PASSED src/tests/test_gnn_parsing.py::TestCoqParser::test_valid_parsing
PASSED src/tests/test_gnn_processing.py::TestGNNParsersSerializers::test_serializers_imports
PASSED src/tests/test_gnn_validation.py::TestGNNValidation::test_validation_imports
PASSED src/tests/test_gnn_validation.py::TestGNNSimpleValidator::test_simple_validator_imports
PASSED src/tests/test_gnn_validation.py::TestGNNSimpleValidator::test_simple_validator_instantiation
PASSED src/tests/test_gnn_validation.py::TestGNNSimpleValidator::test_simple_validation
PASSED src/tests/test_gui_overall.py::TestGUIModuleComprehensive::test_gui_markdown_helpers_imports
PASSED src/tests/test_gui_overall.py::TestGUIModuleComprehensive::test_add_component_and_parse
PASSED src/tests/test_gui_overall.py::TestGUIModuleComprehensive::test_update_states_append_and_replace
PASSED src/tests/test_gui_overall.py::TestGUIModuleComprehensive::test_remove_component
PASSED src/tests/test_llm_ollama.py::test_import_ollama_provider
PASSED src/tests/test_llm_ollama.py::test_ollama_provider_initialize
PASSED src/tests/test_llm_ollama.py::test_processor_uses_ollama_when_no_keys
PASSED src/tests/test_llm_overall.py::TestLLMModuleComprehensive::test_llm_module_imports
PASSED src/tests/test_llm_overall.py::TestLLMModuleComprehensive::test_llm_processor_instantiation
PASSED src/tests/test_llm_overall.py::TestLLMModuleComprehensive::test_llm_analyzer_instantiation
PASSED src/tests/test_llm_overall.py::TestLLMModuleComprehensive::test_llm_module_info
PASSED src/tests/test_llm_overall.py::TestLLMModuleComprehensive::test_llm_providers
PASSED src/tests/test_llm_overall.py::TestLLMFunctionality::test_model_analysis
PASSED src/tests/test_llm_overall.py::TestLLMFunctionality::test_description_generation
PASSED src/tests/test_llm_overall.py::TestLLMFunctionality::test_content_analysis
PASSED src/tests/test_llm_overall.py::TestLLMIntegration::test_llm_pipeline_integration
PASSED src/tests/test_llm_overall.py::TestLLMIntegration::test_llm_mcp_integration
PASSED src/tests/test_llm_overall.py::test_llm_module_completeness
PASSED src/tests/test_llm_overall.py::test_llm_module_performance
PASSED src/tests/test_main_orchestrator.py::TestMainOrchestratorImport::test_main_orchestrator_file_exists
PASSED src/tests/test_main_orchestrator.py::TestMainOrchestratorImport::test_main_orchestrator_imports
PASSED src/tests/test_main_orchestrator.py::TestMainOrchestratorImport::test_main_orchestrator_component_availability
PASSED src/tests/test_main_orchestrator.py::TestArgumentParsing::test_argument_parser_basic_functionality
PASSED src/tests/test_main_orchestrator.py::TestArgumentParsing::test_argument_validation
PASSED src/tests/test_main_orchestrator.py::TestArgumentParsing::test_argument_defaults
PASSED src/tests/test_main_orchestrator.py::TestPipelineScriptDiscovery::test_pipeline_script_discovery_logic
PASSED src/tests/test_main_orchestrator.py::TestPipelineScriptDiscovery::test_pipeline_script_sorting
PASSED src/tests/test_main_orchestrator.py::TestVirtualEnvironmentHandling::test_virtual_environment_detection
PASSED src/tests/test_main_orchestrator.py::TestVirtualEnvironmentHandling::test_python_executable_detection
PASSED src/tests/test_main_orchestrator.py::TestStepExecution::test_step_execution_interface
PASSED src/tests/test_main_orchestrator.py::TestStepExecution::test_step_argument_building
PASSED src/tests/test_main_orchestrator.py::TestPipelineCoordination::test_pipeline_coordination_flow
PASSED src/tests/test_main_orchestrator.py::TestPipelineCoordination::test_pipeline_configuration_consistency
PASSED src/tests/test_main_orchestrator.py::TestPerformanceTracking::test_system_info_collection
PASSED src/tests/test_main_orchestrator.py::TestPerformanceTracking::test_performance_metrics_structure
PASSED src/tests/test_main_orchestrator.py::TestOutputGeneration::test_output_directory_structure
PASSED src/tests/test_main_orchestrator.py::TestOutputGeneration::test_pipeline_summary_generation
PASSED src/tests/test_main_orchestrator.py::TestErrorHandlingAndRecovery::test_step_failure_handling
PASSED src/tests/test_main_orchestrator.py::TestErrorHandlingAndRecovery::test_graceful_degradation
PASSED src/tests/test_main_orchestrator.py::TestErrorHandlingAndRecovery::test_error_reporting
PASSED src/tests/test_main_orchestrator.py::TestConfigurationValidation::test_configuration_schema_validation
PASSED src/tests/test_main_orchestrator.py::TestConfigurationValidation::test_environment_variable_consistency
PASSED src/tests/test_main_orchestrator.py::TestEndToEndIntegration::test_minimal_pipeline_execution
PASSED src/tests/test_main_orchestrator.py::TestEndToEndIntegration::test_pipeline_with_failures
PASSED src/tests/test_main_orchestrator.py::test_main_orchestrator_help_functionality
PASSED src/tests/test_main_orchestrator.py::test_main_orchestrator_performance_characteristics
PASSED src/tests/test_mcp_integration.py::TestMCPIntegration::test_mcp_tool_registration
PASSED src/tests/test_mcp_integration.py::TestMCPIntegration::test_mcp_transport_layer
PASSED src/tests/test_mcp_integration.py::TestMCPIntegration::test_mcp_message_format
PASSED src/tests/test_mcp_integration.py::TestMCPIntegration::test_mcp_response_format
PASSED src/tests/test_mcp_integration.py::TestMCPIntegration::test_mcp_error_handling
PASSED src/tests/test_mcp_integration.py::TestMCPIntegration::test_mcp_performance
PASSED src/tests/test_mcp_integration.py::TestMCPIntegration::test_mcp_memory_usage
PASSED src/tests/test_mcp_integration.py::TestMCPIntegration::test_mcp_concurrent_operations
PASSED src/tests/test_mcp_integration.py::TestMCPIntegration::test_mcp_validation
PASSED src/tests/test_mcp_overall.py::TestMCPCoreComprehensive::test_mcp_core_imports
PASSED src/tests/test_mcp_overall.py::TestMCPErrorHandling::test_mcp_error_classes
PASSED src/tests/test_mcp_overall.py::TestMCPErrorHandling::test_invalid_tool_execution
PASSED src/tests/test_mcp_overall.py::TestMCPErrorHandling::test_tool_execution_with_invalid_parameters
PASSED src/tests/test_mcp_overall.py::TestMCPResourceManagement::test_mcp_resource_registration
PASSED src/tests/test_mcp_overall.py::TestMCPModuleComprehensive::test_mcp_module_imports
PASSED src/tests/test_mcp_overall.py::TestMCPModuleComprehensive::test_mcp_server_instantiation
PASSED src/tests/test_mcp_overall.py::TestMCPModuleComprehensive::test_mcp_tools_registration
PASSED src/tests/test_mcp_overall.py::TestMCPModuleComprehensive::test_mcp_initialization
PASSED src/tests/test_mcp_overall.py::TestMCPModuleComprehensive::test_mcp_instance_retrieval
PASSED src/tests/test_mcp_tools.py::TestMCPToolExecution::test_gnn_validate_tool_execution
PASSED src/tests/test_mcp_tools.py::TestMCPToolExecution::test_export_tool_execution
PASSED src/tests/test_mcp_tools.py::TestMCPToolExecution::test_utils_system_info_execution
PASSED src/tests/test_mcp_transport.py::TestMCPTransportLayers::test_stdio_server_imports
PASSED src/tests/test_ontology_overall.py::TestOntologyModuleComprehensive::test_ontology_module_imports
PASSED src/tests/test_ontology_overall.py::TestOntologyModuleComprehensive::test_ontology_processor_instantiation
PASSED src/tests/test_ontology_overall.py::TestOntologyModuleComprehensive::test_ontology_validator_instantiation
PASSED src/tests/test_ontology_overall.py::TestOntologyModuleComprehensive::test_ontology_module_info
PASSED src/tests/test_ontology_overall.py::TestOntologyModuleComprehensive::test_ontology_processing_options
PASSED src/tests/test_ontology_overall.py::TestOntologyFunctionality::test_ontology_processing
PASSED src/tests/test_ontology_overall.py::TestOntologyFunctionality::test_ontology_validation
PASSED src/tests/test_ontology_overall.py::TestOntologyFunctionality::test_term_validation
PASSED src/tests/test_ontology_overall.py::TestOntologyIntegration::test_ontology_pipeline_integration
PASSED src/tests/test_ontology_overall.py::TestOntologyIntegration::test_ontology_mcp_integration
PASSED src/tests/test_ontology_overall.py::test_ontology_module_completeness
PASSED src/tests/test_ontology_overall.py::test_ontology_module_performance
PASSED src/tests/test_pipeline_functionality.py::TestPipelineFunctionality::test_visualization_generates_images
PASSED src/tests/test_pipeline_functionality.py::TestPipelineFunctionality::test_gnn_processing_generates_results
PASSED src/tests/test_pipeline_functionality.py::TestPipelineFunctionality::test_multi_format_export_generates_files
PASSED src/tests/test_pipeline_functionality.py::TestPipelineFunctionality::test_results_json_are_valid
PASSED src/tests/test_pipeline_functionality.py::TestPipelineFunctionality::test_preflight_metrics
PASSED src/tests/test_pipeline_infrastructure.py::TestPipelineDiscovery::test_discovery_imports
PASSED src/tests/test_pipeline_infrastructure.py::TestPipelineDiscovery::test_get_pipeline_scripts
PASSED src/tests/test_pipeline_infrastructure.py::TestPipelineDiscovery::test_discover_steps
PASSED src/tests/test_pipeline_infrastructure.py::TestVerifyPipeline::test_verify_imports
PASSED src/tests/test_pipeline_infrastructure.py::TestUtilsMigrationHelper::test_migration_imports
PASSED src/tests/test_pipeline_infrastructure.py::TestUtilsPipelineMonitor::test_monitor_imports
PASSED src/tests/test_pipeline_infrastructure.py::TestUtilsPipelineMonitor::test_pipeline_monitor_class
PASSED src/tests/test_pipeline_infrastructure.py::TestUtilsResourceManager::test_resource_manager_imports
PASSED src/tests/test_pipeline_infrastructure.py::TestUtilsScriptValidator::test_script_validator_imports
PASSED src/tests/test_pipeline_infrastructure.py::test_pipeline_infrastructure_completeness
PASSED src/tests/test_pipeline_overall.py::TestPipelineModuleComprehensive::test_pipeline_module_imports
PASSED src/tests/test_pipeline_overall.py::TestPipelineModuleComprehensive::test_pipeline_orchestrator_instantiation
PASSED src/tests/test_pipeline_overall.py::TestPipelineModuleComprehensive::test_pipeline_step_instantiation
PASSED src/tests/test_pipeline_overall.py::TestPipelineModuleComprehensive::test_pipeline_module_info
PASSED src/tests/test_pipeline_overall.py::TestPipelineModuleComprehensive::test_pipeline_config
PASSED src/tests/test_pipeline_overall.py::TestPipelineFunctionality::test_pipeline_execution
PASSED src/tests/test_pipeline_overall.py::TestPipelineFunctionality::test_pipeline_step_validation
PASSED src/tests/test_pipeline_overall.py::TestPipelineFunctionality::test_pipeline_discovery
PASSED src/tests/test_pipeline_overall.py::TestPipelineIntegration::test_pipeline_module_integration
PASSED src/tests/test_pipeline_overall.py::TestPipelineIntegration::test_pipeline_mcp_integration
PASSED src/tests/test_pipeline_overall.py::test_pipeline_module_completeness
PASSED src/tests/test_pipeline_overall.py::test_pipeline_module_performance
PASSED src/tests/test_pipeline_performance.py::TestGNNProcessingPerformance::test_processing_scaling[small]
PASSED src/tests/test_pipeline_performance.py::TestGNNProcessingPerformance::test_processing_scaling[medium]
PASSED src/tests/test_pipeline_performance.py::TestGNNProcessingPerformance::test_processing_scaling[large]
PASSED src/tests/test_pipeline_performance.py::TestGNNProcessingPerformance::test_parallel_processing
PASSED src/tests/test_pipeline_performance.py::TestVisualizationPerformance::test_visualization_scaling[small]
PASSED src/tests/test_pipeline_performance.py::TestVisualizationPerformance::test_visualization_scaling[medium]
PASSED src/tests/test_pipeline_performance.py::TestVisualizationPerformance::test_visualization_scaling[large]
PASSED src/tests/test_pipeline_performance.py::TestVisualizationPerformance::test_visualization_caching
PASSED src/tests/test_pipeline_performance.py::TestMemoryUsagePatterns::test_memory_cleanup
PASSED src/tests/test_pipeline_performance.py::TestMemoryUsagePatterns::test_peak_memory_tracking
PASSED src/tests/test_pipeline_performance.py::TestDiskIOPerformance::test_file_write_performance
PASSED src/tests/test_pipeline_performance.py::TestDiskIOPerformance::test_export_performance
PASSED src/tests/test_pipeline_performance.py::TestNetworkOperationTiming::test_api_request_timing
PASSED src/tests/test_pipeline_performance.py::TestNetworkOperationTiming::test_batch_request_performance
PASSED src/tests/test_pipeline_performance.py::TestResourceScaling::test_pipeline_scaling[1]
PASSED src/tests/test_pipeline_performance.py::TestResourceScaling::test_pipeline_scaling[3]
PASSED src/tests/test_pipeline_performance.py::TestResourceScaling::test_pipeline_scaling[10]
PASSED src/tests/test_pipeline_performance.py::TestResourceScaling::test_resource_estimation
PASSED src/tests/test_pipeline_recovery.py::TestRecursionErrorRecovery::test_render_step_recovery
PASSED src/tests/test_pipeline_recovery.py::TestAsyncAwaitRecovery::test_sync_wrapper_recovery
PASSED src/tests/test_pipeline_recovery.py::TestLightweightProcessingRecovery::test_gnn_lightweight_fallback
PASSED src/tests/test_pipeline_recovery.py::TestLightweightProcessingRecovery::test_lightweight_processing_output
PASSED src/tests/test_pipeline_recovery.py::TestHardwareInitializationRecovery::test_jax_cpu_fallback
PASSED src/tests/test_pipeline_recovery.py::TestHardwareInitializationRecovery::test_execution_hardware_recovery
PASSED src/tests/test_pipeline_recovery.py::TestResourceManagementRecovery::test_memory_limit_recovery
PASSED src/tests/test_pipeline_recovery.py::TestResourceManagementRecovery::test_disk_space_recovery
PASSED src/tests/test_pipeline_recovery.py::TestErrorReportingRecovery::test_error_collection
PASSED src/tests/test_pipeline_recovery.py::TestErrorReportingRecovery::test_error_recovery_logging
PASSED src/tests/test_pipeline_scripts.py::TestPipelineScriptDiscovery::test_all_pipeline_scripts_exist
PASSED src/tests/test_pipeline_scripts.py::TestPipelineScriptDiscovery::test_pipeline_script_structure[1_setup.py]
PASSED src/tests/test_pipeline_scripts.py::TestPipelineScriptImports::test_script_import_capability[1_setup.py]
PASSED src/tests/test_pipeline_scripts.py::TestPipelineScriptExecution::test_script_execution_with_mocks[1_setup.py]
PASSED src/tests/test_pipeline_scripts.py::TestStep2GNNComprehensive::test_step2_gnn_file_discovery
PASSED src/tests/test_pipeline_scripts.py::TestStep2GNNComprehensive::test_step2_gnn_validation
PASSED src/tests/test_pipeline_scripts.py::TestStep1SetupComprehensive::test_step1_environment_validation
PASSED src/tests/test_pipeline_scripts.py::TestStep4TypeCheckerComprehensive::test_step4_type_checking
PASSED src/tests/test_pipeline_scripts.py::TestStep5ExportComprehensive::test_step5_export_formats
PASSED src/tests/test_pipeline_scripts.py::TestStep6VisualizationComprehensive::test_step6_visualization_generation
PASSED src/tests/test_pipeline_scripts.py::TestStep7MCPComprehensive::test_step7_mcp_tools
PASSED src/tests/test_pipeline_scripts.py::TestStep8OntologyComprehensive::test_step8_ontology_processing
PASSED src/tests/test_pipeline_scripts.py::TestStep9RenderComprehensive::test_step9_code_rendering
PASSED src/tests/test_pipeline_scripts.py::TestStep12AudioComprehensive::test_step12_audio_generation
PASSED src/tests/test_pipeline_scripts.py::TestStep13WebsiteComprehensive::test_step13_website_generation
PASSED src/tests/test_pipeline_scripts.py::TestStep14ReportComprehensive::test_step14_report_generation
PASSED src/tests/test_pipeline_scripts.py::TestPipelineScriptIntegration::test_pipeline_script_coordination
PASSED src/tests/test_pipeline_scripts.py::TestPipelineScriptIntegration::test_pipeline_argument_consistency
PASSED src/tests/test_pipeline_scripts.py::test_pipeline_script_completeness
PASSED src/tests/test_pipeline_scripts.py::test_pipeline_script_performance
PASSED src/tests/test_render_integration.py::TestRenderIntegration::test_pymdp_rendering
PASSED src/tests/test_render_integration.py::TestRenderIntegration::test_rxinfer_rendering
PASSED src/tests/test_render_integration.py::TestRenderIntegration::test_jax_rendering
PASSED src/tests/test_render_integration.py::TestRenderIntegration::test_render_error_handling
PASSED src/tests/test_render_integration.py::TestRenderIntegration::test_render_performance
PASSED src/tests/test_render_integration.py::TestRenderIntegration::test_render_memory_usage
PASSED src/tests/test_render_overall.py::TestRenderTargets::test_render_to_pymdp
PASSED src/tests/test_render_overall.py::TestRenderTargets::test_render_to_rxinfer_toml
PASSED src/tests/test_render_overall.py::TestRenderTargets::test_render_to_discopy
PASSED src/tests/test_render_overall.py::TestRenderTargets::test_render_to_discopy_combined
PASSED src/tests/test_render_overall.py::TestRenderTargets::test_render_to_activeinference_jl
PASSED src/tests/test_render_overall.py::TestRenderTargets::test_render_to_jax
PASSED src/tests/test_render_overall.py::TestRenderTargets::test_render_to_jax_pomdp
PASSED src/tests/test_report_overall.py::TestReportModuleComprehensive::test_report_module_imports
PASSED src/tests/test_report_overall.py::TestReportModuleComprehensive::test_report_generator_instantiation
PASSED src/tests/test_report_overall.py::TestReportModuleComprehensive::test_report_formatter_instantiation
PASSED src/tests/test_report_overall.py::TestReportModuleComprehensive::test_report_module_info
PASSED src/tests/test_report_overall.py::TestReportModuleComprehensive::test_report_formats
PASSED src/tests/test_report_overall.py::TestReportFunctionality::test_report_generation
PASSED src/tests/test_report_overall.py::TestReportFunctionality::test_report_formatting
PASSED src/tests/test_report_overall.py::TestReportFunctionality::test_report_validation
PASSED src/tests/test_report_overall.py::TestReportIntegration::test_report_pipeline_integration
PASSED src/tests/test_report_overall.py::TestReportIntegration::test_report_mcp_integration
PASSED src/tests/test_report_overall.py::test_report_module_completeness
PASSED src/tests/test_report_overall.py::test_report_module_performance
PASSED src/tests/test_visualization_ontology.py::TestOntologyVisualizer::test_extract_ontology_mappings
PASSED src/tests/test_visualization_ontology.py::TestOntologyVisualizer::test_create_ontology_table
PASSED src/tests/test_visualization_ontology.py::TestOntologyVisualizer::test_visualize_directory
PASSED src/tests/test_visualization_overall.py::TestVisualizationModuleComprehensive::test_visualization_module_imports
PASSED src/tests/test_visualization_overall.py::TestVisualizationModuleComprehensive::test_matrix_visualizer_instantiation
PASSED src/tests/test_visualization_overall.py::TestVisualizationModuleComprehensive::test_graph_visualizer_instantiation
PASSED src/tests/test_visualization_overall.py::TestVisualizationModuleComprehensive::test_ontology_visualizer_instantiation
PASSED src/tests/test_visualization_overall.py::TestVisualizationModuleComprehensive::test_visualization_module_info
PASSED src/tests/test_visualization_overall.py::TestVisualizationModuleComprehensive::test_visualization_options
PASSED src/tests/test_visualization_overall.py::TestVisualizationFunctionality::test_matrix_visualization
PASSED src/tests/test_visualization_overall.py::TestVisualizationFunctionality::test_graph_visualization
PASSED src/tests/test_visualization_overall.py::TestVisualizationFunctionality::test_ontology_visualization
PASSED src/tests/test_visualization_overall.py::TestVisualizationIntegration::test_visualization_pipeline_integration
PASSED src/tests/test_visualization_overall.py::TestVisualizationIntegration::test_visualization_mcp_integration
PASSED src/tests/test_visualization_overall.py::test_visualization_module_completeness
PASSED src/tests/test_visualization_overall.py::test_visualization_module_performance
PASSED src/tests/test_website_overall.py::TestWebsiteModuleComprehensive::test_website_module_imports
PASSED src/tests/test_website_overall.py::TestWebsiteModuleComprehensive::test_website_generator_instantiation
PASSED src/tests/test_website_overall.py::TestWebsiteModuleComprehensive::test_website_renderer_instantiation
PASSED src/tests/test_website_overall.py::TestWebsiteModuleComprehensive::test_website_module_info
PASSED src/tests/test_website_overall.py::TestWebsiteModuleComprehensive::test_supported_file_types
PASSED src/tests/test_website_overall.py::TestWebsiteFunctionality::test_website_generation
PASSED src/tests/test_website_overall.py::TestWebsiteFunctionality::test_html_rendering
PASSED src/tests/test_website_overall.py::TestWebsiteFunctionality::test_website_validation
PASSED src/tests/test_website_overall.py::TestWebsiteIntegration::test_website_pipeline_integration
PASSED src/tests/test_website_overall.py::TestWebsiteIntegration::test_website_mcp_integration
PASSED src/tests/test_website_overall.py::test_website_module_completeness
PASSED src/tests/test_website_overall.py::test_website_module_performance
SKIPPED [1] src/tests/test_audio_sapf.py:30: SAPF validation not available
SKIPPED [1] src/tests/test_audio_sapf.py:51: SAPF validation not available
SKIPPED [1] src/tests/test_audio_sapf.py:90: SAPF conversion function not available
SKIPPED [1] src/tests/test_audio_sapf.py:119: SAPF oscillator function not available
SKIPPED [1] src/tests/test_audio_sapf.py:134: SAPF envelope function not available
SKIPPED [1] src/tests/test_audio_sapf.py:153: SAPF mixing function not available
SKIPPED [1] src/tests/test_core_modules.py:138: Validation test skipped due to: Valid GNN file should have basic structure: simple.gnn
assert False
SKIPPED [1] src/tests/test_core_modules.py:651: SAPF conversion not available: convert_gnn_to_sapf() missing 1 required positional argument: 'model_name'
SKIPPED [1] src/tests/test_environment_overall.py:158: Environment MCP not available
SKIPPED [1] src/tests/test_gnn_integration.py:28: GNN module not available
SKIPPED [1] src/tests/test_gnn_overall.py:94: GNN reporting not available
SKIPPED [1] src/tests/test_gnn_overall.py:117: GNN reporting not available
SKIPPED [1] src/tests/test_gnn_parsing.py:69: GNN discovery not available
SKIPPED [1] src/tests/test_gnn_parsing.py:101: GNN discovery not available
SKIPPED [1] src/tests/test_gnn_processing.py:60: GNN serializers not available
SKIPPED [1] src/tests/test_gnn_processing.py:80: GNN serializers not available
SKIPPED [1] src/tests/test_gnn_validation.py:57: GNN validation not available
SKIPPED [1] src/tests/test_gnn_validation.py:80: GNN validation not available
SKIPPED [1] src/tests/test_llm_ollama.py:61: Ollama not available locally
SKIPPED [1] src/tests/test_llm_ollama.py:90: Ollama not available locally
SKIPPED [1] src/tests/test_mcp_integration.py:28: MCP module not available
SKIPPED [1] src/tests/test_mcp_overall.py:160: MCP module not available
SKIPPED [1] src/tests/test_mcp_transport.py:47: MCP TCP server not available
SKIPPED [1] src/tests/test_mcp_transport.py:60: MCP WebSocket server not available
SKIPPED [1] src/tests/test_mcp_transport.py:77: MCP transport module not available
SKIPPED [1] src/tests/test_mcp_transport.py:90: MCP transport module not available
SKIPPED [1] src/tests/test_mcp_transport.py:103: MCP transport module not available
SKIPPED [1] src/tests/test_mcp_transport.py:121: MCP transport module not available
SKIPPED [1] src/tests/test_mcp_transport.py:134: MCP transport module not available
SKIPPED [1] src/tests/test_pipeline_infrastructure.py:110: Pipeline step template not available
SKIPPED [1] src/tests/test_pipeline_infrastructure.py:129: Pipeline step template not available
SKIPPED [1] src/tests/test_pipeline_infrastructure.py:152: Pipeline step template not available
SKIPPED [1] src/tests/test_pipeline_infrastructure.py:170: Pipeline validation not available
SKIPPED [1] src/tests/test_pipeline_infrastructure.py:188: Pipeline validation not available
SKIPPED [1] src/tests/test_pipeline_infrastructure.py:208: Pipeline validation not available
SKIPPED [1] src/tests/test_pipeline_infrastructure.py:244: Pipeline verify not available
SKIPPED [1] src/tests/test_pipeline_infrastructure.py:265: Pipeline verify not available
SKIPPED [1] src/tests/test_pipeline_infrastructure.py:310: Migration helper not available
SKIPPED [1] src/tests/test_pipeline_infrastructure.py:334: Migration helper not available
SKIPPED [1] src/tests/test_pipeline_infrastructure.py:398: Pipeline monitor not available
SKIPPED [1] src/tests/test_pipeline_infrastructure.py:439: Resource manager not available
SKIPPED [1] src/tests/test_pipeline_infrastructure.py:459: Resource manager not available
SKIPPED [1] src/tests/test_pipeline_infrastructure.py:496: Script validator not available
SKIPPED [1] src/tests/test_pipeline_infrastructure.py:527: Script validator not available
SKIPPED [1] src/tests/test_pipeline_infrastructure.py:554: Pipeline modules not available for integration test
SKIPPED [1] src/tests/test_pipeline_infrastructure.py:580: Utils modules not available for integration test
SKIPPED [1] src/tests/test_pipeline_infrastructure.py:603: Pipeline infrastructure not available for performance test
SKIPPED [1] src/tests/test_pipeline_scripts.py:123: Script 2_gnn.py not found
SKIPPED [1] src/tests/test_pipeline_scripts.py:123: Script 3_tests.py not found
SKIPPED [1] src/tests/test_pipeline_scripts.py:123: Script 4_type_checker.py not found
SKIPPED [1] src/tests/test_pipeline_scripts.py:123: Script 5_export.py not found
SKIPPED [1] src/tests/test_pipeline_scripts.py:123: Script 6_visualization.py not found
SKIPPED [1] src/tests/test_pipeline_scripts.py:123: Script 7_mcp.py not found
SKIPPED [1] src/tests/test_pipeline_scripts.py:123: Script 8_ontology.py not found
SKIPPED [1] src/tests/test_pipeline_scripts.py:123: Script 9_render.py not found
SKIPPED [1] src/tests/test_pipeline_scripts.py:123: Script 10_execute.py not found
SKIPPED [1] src/tests/test_pipeline_scripts.py:123: Script 11_llm.py not found
SKIPPED [1] src/tests/test_pipeline_scripts.py:123: Script 12_audio.py not found
SKIPPED [1] src/tests/test_pipeline_scripts.py:123: Script 13_website.py not found
SKIPPED [1] src/tests/test_pipeline_scripts.py:123: Script 14_report.py not found
SKIPPED [1] src/tests/test_pipeline_scripts.py:160: Script 2_gnn.py not found
SKIPPED [1] src/tests/test_pipeline_scripts.py:160: Script 3_tests.py not found
SKIPPED [1] src/tests/test_pipeline_scripts.py:160: Script 4_type_checker.py not found
SKIPPED [1] src/tests/test_pipeline_scripts.py:160: Script 5_export.py not found
SKIPPED [1] src/tests/test_pipeline_scripts.py:160: Script 6_visualization.py not found
SKIPPED [1] src/tests/test_pipeline_scripts.py:160: Script 7_mcp.py not found
SKIPPED [1] src/tests/test_pipeline_scripts.py:160: Script 8_ontology.py not found
SKIPPED [1] src/tests/test_pipeline_scripts.py:160: Script 9_render.py not found
SKIPPED [1] src/tests/test_pipeline_scripts.py:160: Script 10_execute.py not found
SKIPPED [1] src/tests/test_pipeline_scripts.py:160: Script 11_llm.py not found
SKIPPED [1] src/tests/test_pipeline_scripts.py:160: Script 12_audio.py not found
SKIPPED [1] src/tests/test_pipeline_scripts.py:160: Script 13_website.py not found
SKIPPED [1] src/tests/test_pipeline_scripts.py:160: Script 14_report.py not found
SKIPPED [1] src/tests/test_pipeline_scripts.py:193: Script 2_gnn.py not found
SKIPPED [1] src/tests/test_pipeline_scripts.py:193: Script 3_tests.py not found
SKIPPED [1] src/tests/test_pipeline_scripts.py:193: Script 4_type_checker.py not found
SKIPPED [1] src/tests/test_pipeline_scripts.py:193: Script 5_export.py not found
SKIPPED [1] src/tests/test_pipeline_scripts.py:193: Script 6_visualization.py not found
SKIPPED [1] src/tests/test_pipeline_scripts.py:193: Script 7_mcp.py not found
SKIPPED [1] src/tests/test_pipeline_scripts.py:193: Script 8_ontology.py not found
SKIPPED [1] src/tests/test_pipeline_scripts.py:193: Script 9_render.py not found
SKIPPED [1] src/tests/test_pipeline_scripts.py:193: Script 10_execute.py not found
SKIPPED [1] src/tests/test_pipeline_scripts.py:193: Script 11_llm.py not found
SKIPPED [1] src/tests/test_pipeline_scripts.py:193: Script 12_audio.py not found
SKIPPED [1] src/tests/test_pipeline_scripts.py:193: Script 13_website.py not found
SKIPPED [1] src/tests/test_pipeline_scripts.py:193: Script 14_report.py not found
SKIPPED [1] src/tests/test_render_integration.py:28: Render module not available
FAILED src/tests/test_comprehensive_api.py::TestModuleConsistency::test_version_consistency
FAILED src/tests/test_comprehensive_api.py::TestModuleConsistency::test_feature_flags_consistency
FAILED src/tests/test_comprehensive_api.py::TestModuleConsistency::test_module_info_consistency
FAILED src/tests/test_gui_functionality.py::TestGUIFunctionality::test_headless_artifacts
FAILED src/tests/test_pipeline_recovery.py::TestRecursionErrorRecovery::test_numpy_import_recovery
FAILED src/tests/test_pipeline_recovery.py::TestAsyncAwaitRecovery::test_llm_analysis_recovery
FAILED src/tests/test_pipeline_scripts.py::TestStep10ExecuteComprehensive::test_step10_execution_safety
FAILED src/tests/test_pipeline_scripts.py::TestStep11LLMComprehensive::test_step11_llm_operations
============ 8 failed, 378 passed, 87 skipped, 5 warnings in 11.24s ============
