{
  "timestamp": 1754924126.169376,
  "returncode": 1,
  "stdout": "============================= test session starts ==============================\nplatform darwin -- Python 3.13.5, pytest-8.4.1, pluggy-1.6.0 -- /Users/4d/Documents/GitHub/GeneralizedNotationNotation/.venv/bin/python\ncachedir: .pytest_cache\nmetadata: {'Python': '3.13.5', 'Platform': 'macOS-15.6-arm64-arm-64bit-Mach-O', 'Packages': {'pytest': '8.4.1', 'pluggy': '1.6.0'}, 'Plugins': {'asyncio': '1.1.0', 'xdist': '3.8.0', 'json-report': '1.5.0', 'metadata': '3.1.1', 'anyio': '4.10.0', 'cov': '6.2.1'}}\nrootdir: /Users/4d/Documents/GitHub/GeneralizedNotationNotation\nconfigfile: pytest.ini\nplugins: asyncio-1.1.0, xdist-3.8.0, json-report-1.5.0, metadata-3.1.1, anyio-4.10.0, cov-6.2.1\nasyncio: mode=Mode.STRICT, asyncio_default_fixture_loop_scope=None, asyncio_default_test_loop_scope=function\ncollecting ... collected 468 items\n\nsrc/tests/test_audio_generation.py::TestAudioGeneration::test_audio_import_available PASSED\nsrc/tests/test_audio_generation.py::TestAudioGeneration::test_sapf_audio_generation PASSED\nsrc/tests/test_audio_generation.py::TestAudioGeneration::test_pedalboard_audio_generation PASSED\nsrc/tests/test_audio_generation.py::TestAudioGeneration::test_audio_format_conversion PASSED\nsrc/tests/test_audio_generation.py::TestAudioGeneration::test_audio_parameter_validation PASSED\nsrc/tests/test_audio_generation.py::TestAudioGeneration::test_audio_error_handling PASSED\nsrc/tests/test_audio_generation.py::TestAudioGeneration::test_audio_performance PASSED\nsrc/tests/test_audio_generation.py::TestAudioGeneration::test_audio_memory_usage PASSED\nsrc/tests/test_audio_generation.py::TestAudioGeneration::test_audio_quality_metrics PASSED\nsrc/tests/test_audio_generation.py::TestAudioGeneration::test_audio_file_operations PASSED\nsrc/tests/test_audio_generation.py::TestAudioGeneration::test_audio_backend_selection PASSED\nsrc/tests/test_audio_generation.py::TestAudioGeneration::test_audio_concurrent_generation PASSED\nsrc/tests/test_audio_overall.py::TestAudioModuleComprehensive::test_audio_module_imports PASSED\nsrc/tests/test_audio_overall.py::TestAudioModuleComprehensive::test_audio_generator_instantiation PASSED\nsrc/tests/test_audio_overall.py::TestAudioModuleComprehensive::test_sapf_processor_instantiation PASSED\nsrc/tests/test_audio_overall.py::TestAudioModuleComprehensive::test_pedalboard_processor_instantiation PASSED\nsrc/tests/test_audio_overall.py::TestAudioModuleComprehensive::test_audio_module_info PASSED\nsrc/tests/test_audio_overall.py::TestAudioModuleComprehensive::test_audio_generation_options PASSED\nsrc/tests/test_audio_overall.py::TestAudioProcessing::test_gnn_to_audio_conversion PASSED\nsrc/tests/test_audio_overall.py::TestAudioProcessing::test_audio_validation PASSED\nsrc/tests/test_audio_overall.py::TestAudioProcessing::test_audio_generation PASSED\nsrc/tests/test_audio_overall.py::TestAudioIntegration::test_audio_pipeline_integration PASSED\nsrc/tests/test_audio_overall.py::TestAudioIntegration::test_audio_mcp_integration PASSED\nsrc/tests/test_audio_overall.py::test_audio_module_completeness PASSED\nsrc/tests/test_audio_overall.py::test_audio_module_performance PASSED\nsrc/tests/test_audio_sapf.py::TestSAPFCodeValidation::test_validate_sapf_code_valid SKIPPED\nsrc/tests/test_audio_sapf.py::TestSAPFCodeValidation::test_validate_sapf_code_invalid SKIPPED\nsrc/tests/test_audio_sapf.py::TestSAPFStandaloneFunctions::test_convert_gnn_to_sapf_function SKIPPED\nsrc/tests/test_audio_sapf.py::TestSAPFStandaloneFunctions::test_generate_oscillator_audio_function SKIPPED\nsrc/tests/test_audio_sapf.py::TestSAPFStandaloneFunctions::test_apply_envelope_function SKIPPED\nsrc/tests/test_audio_sapf.py::TestSAPFStandaloneFunctions::test_mix_audio_channels_function SKIPPED\nsrc/tests/test_comprehensive_api.py::TestGNNModule::test_module_imports PASSED\nsrc/tests/test_comprehensive_api.py::TestGNNModule::test_get_module_info PASSED\nsrc/tests/test_comprehensive_api.py::TestGNNModule::test_validate_gnn_function PASSED\nsrc/tests/test_comprehensive_api.py::TestGNNModule::test_feature_flags PASSED\nsrc/tests/test_comprehensive_api.py::TestExportModule::test_module_imports PASSED\nsrc/tests/test_comprehensive_api.py::TestExportModule::test_get_module_info PASSED\nsrc/tests/test_comprehensive_api.py::TestExportModule::test_get_supported_formats PASSED\nsrc/tests/test_comprehensive_api.py::TestExportModule::test_export_gnn_model_invalid_format PASSED\nsrc/tests/test_comprehensive_api.py::TestRenderModule::test_module_imports PASSED\nsrc/tests/test_comprehensive_api.py::TestRenderModule::test_get_module_info PASSED\nsrc/tests/test_comprehensive_api.py::TestRenderModule::test_get_available_renderers PASSED\nsrc/tests/test_comprehensive_api.py::TestRenderModule::test_feature_flags PASSED\nsrc/tests/test_comprehensive_api.py::TestWebsiteModule::test_module_imports PASSED\nsrc/tests/test_comprehensive_api.py::TestWebsiteModule::test_get_module_info PASSED\nsrc/tests/test_comprehensive_api.py::TestWebsiteModule::test_get_supported_file_types PASSED\nsrc/tests/test_comprehensive_api.py::TestWebsiteModule::test_generate_website_from_pipeline_output_nonexistent PASSED\nsrc/tests/test_comprehensive_api.py::TestWebsiteModule::test_validate_website_config PASSED\nsrc/tests/test_comprehensive_api.py::TestSAPFModule::test_module_imports PASSED\nsrc/tests/test_comprehensive_api.py::TestSAPFModule::test_get_module_info PASSED\nsrc/tests/test_comprehensive_api.py::TestSAPFModule::test_get_audio_generation_options PASSED\nsrc/tests/test_comprehensive_api.py::TestSAPFModule::test_process_gnn_to_audio_invalid_input PASSED\nsrc/tests/test_comprehensive_api.py::TestOntologyModule::test_module_imports PASSED\nsrc/tests/test_comprehensive_api.py::TestOntologyModule::test_get_module_info PASSED\nsrc/tests/test_comprehensive_api.py::TestOntologyModule::test_get_ontology_processing_options PASSED\nsrc/tests/test_comprehensive_api.py::TestOntologyModule::test_process_gnn_ontology_nonexistent_file PASSED\nsrc/tests/test_comprehensive_api.py::TestOntologyModule::test_parse_gnn_ontology_section_empty PASSED\nsrc/tests/test_comprehensive_api.py::TestTypeCheckerModule::test_module_imports PASSED\nsrc/tests/test_comprehensive_api.py::TestTypeCheckerModule::test_type_checker_instantiation PASSED\nsrc/tests/test_comprehensive_api.py::TestVisualizationModule::test_module_imports PASSED\nsrc/tests/test_comprehensive_api.py::TestVisualizationModule::test_visualizer_instantiation PASSED\nsrc/tests/test_comprehensive_api.py::TestExecuteModule::test_module_imports PASSED\nsrc/tests/test_comprehensive_api.py::TestExecuteModule::test_executor_instantiation PASSED\nsrc/tests/test_comprehensive_api.py::TestLLMModule::test_module_imports PASSED\nsrc/tests/test_comprehensive_api.py::TestLLMModule::test_llm_processor_instantiation PASSED\nsrc/tests/test_comprehensive_api.py::TestMCPModule::test_module_imports PASSED\nsrc/tests/test_comprehensive_api.py::TestMCPModule::test_mcp_server_instantiation PASSED\nsrc/tests/test_comprehensive_api.py::TestSetupModule::test_module_imports PASSED\nsrc/tests/test_comprehensive_api.py::TestSetupModule::test_setup_functions_exist PASSED\nsrc/tests/test_comprehensive_api.py::TestUtilsModule::test_module_imports PASSED\nsrc/tests/test_comprehensive_api.py::TestUtilsModule::test_utils_classes_instantiation PASSED\nsrc/tests/test_comprehensive_api.py::TestPipelineModule::test_module_imports PASSED\nsrc/tests/test_comprehensive_api.py::TestPipelineModule::test_pipeline_config PASSED\nsrc/tests/test_comprehensive_api.py::TestMCPIntegration::test_mcp_availability_flags PASSED\nsrc/tests/test_comprehensive_api.py::TestMCPIntegration::test_register_tools_functions PASSED\nsrc/tests/test_comprehensive_api.py::TestModuleConsistency::test_version_consistency FAILED\nsrc/tests/test_comprehensive_api.py::TestModuleConsistency::test_feature_flags_consistency FAILED\nsrc/tests/test_comprehensive_api.py::TestModuleConsistency::test_module_info_consistency FAILED\nsrc/tests/test_core_modules.py::TestGNNModuleComprehensive::test_gnn_module_imports PASSED\nsrc/tests/test_core_modules.py::TestGNNModuleComprehensive::test_gnn_file_discovery PASSED\nsrc/tests/test_core_modules.py::TestGNNModuleComprehensive::test_gnn_file_parsing PASSED\nsrc/tests/test_core_modules.py::TestGNNModuleComprehensive::test_gnn_validation SKIPPED\nsrc/tests/test_core_modules.py::TestGNNModuleComprehensive::test_gnn_directory_processing PASSED\nsrc/tests/test_core_modules.py::TestRenderModuleComprehensive::test_render_module_imports PASSED\nsrc/tests/test_core_modules.py::TestRenderModuleComprehensive::test_pymdp_rendering PASSED\nsrc/tests/test_core_modules.py::TestRenderModuleComprehensive::test_rxinfer_rendering PASSED\nsrc/tests/test_core_modules.py::TestRenderModuleComprehensive::test_discopy_rendering PASSED\nsrc/tests/test_core_modules.py::TestExecuteModuleComprehensive::test_execute_module_imports PASSED\nsrc/tests/test_core_modules.py::TestExecuteModuleComprehensive::test_execution_environment_validation PASSED\nsrc/tests/test_core_modules.py::TestExecuteModuleComprehensive::test_safe_script_execution PASSED\nsrc/tests/test_core_modules.py::TestLLMModuleComprehensive::test_llm_module_imports PASSED\nsrc/tests/test_core_modules.py::TestLLMModuleComprehensive::test_llm_model_analysis PASSED\nsrc/tests/test_core_modules.py::TestLLMModuleComprehensive::test_llm_description_generation FAILED\nsrc/tests/test_core_modules.py::TestMCPModuleComprehensive::test_mcp_module_imports PASSED\nsrc/tests/test_core_modules.py::TestMCPModuleComprehensive::test_mcp_tool_registration PASSED\nsrc/tests/test_core_modules.py::TestMCPModuleComprehensive::test_mcp_request_handling PASSED\nsrc/tests/test_core_modules.py::TestOntologyModuleComprehensive::test_ontology_module_imports PASSED\nsrc/tests/test_core_modules.py::TestOntologyModuleComprehensive::test_ontology_term_validation PASSED\nsrc/tests/test_core_modules.py::TestWebsiteModuleComprehensive::test_website_module_imports PASSED\nsrc/tests/test_core_modules.py::TestWebsiteModuleComprehensive::test_website_generation PASSED\nsrc/tests/test_core_modules.py::TestWebsiteModuleComprehensive::test_html_report_creation FAILED\nsrc/tests/test_core_modules.py::TestSAPFModuleComprehensive::test_sapf_module_imports PASSED\nsrc/tests/test_core_modules.py::TestSAPFModuleComprehensive::test_gnn_to_sapf_conversion SKIPPED\nsrc/tests/test_core_modules.py::TestSAPFModuleComprehensive::test_sapf_validation PASSED\nsrc/tests/test_core_modules.py::TestSAPFModuleComprehensive::test_sapf_audio_generation PASSED\nsrc/tests/test_core_modules.py::TestCoreModuleIntegration::test_module_coordination PASSED\nsrc/tests/test_core_modules.py::TestCoreModuleIntegration::test_module_data_flow PASSED\nsrc/tests/test_core_modules.py::test_core_module_completeness PASSED\nsrc/tests/test_core_modules.py::test_core_module_performance PASSED\nsrc/tests/test_coverage_overall.py::TestCoverageOverall::test_gnn_core_imports PASSED\nsrc/tests/test_coverage_overall.py::TestCoverageOverall::test_audio_imports PASSED\nsrc/tests/test_coverage_overall.py::TestCoverageOverall::test_export_imports PASSED\nsrc/tests/test_coverage_overall.py::TestCoverageOverall::test_visualization_imports PASSED\nsrc/tests/test_coverage_overall.py::TestCoverageOverall::test_llm_imports PASSED\nsrc/tests/test_environment_overall.py::TestEnvironmentModuleComprehensive::test_environment_module_imports PASSED\nsrc/tests/test_environment_overall.py::TestEnvironmentModuleComprehensive::test_environment_manager_instantiation PASSED\nsrc/tests/test_environment_overall.py::TestEnvironmentModuleComprehensive::test_virtual_environment_instantiation PASSED\nsrc/tests/test_environment_overall.py::TestEnvironmentModuleComprehensive::test_environment_module_info PASSED\nsrc/tests/test_environment_overall.py::TestEnvironmentModuleComprehensive::test_environment_validation PASSED\nsrc/tests/test_environment_overall.py::TestEnvironmentFunctionality::test_environment_setup PASSED\nsrc/tests/test_environment_overall.py::TestEnvironmentFunctionality::test_dependency_installation PASSED\nsrc/tests/test_environment_overall.py::TestEnvironmentFunctionality::test_python_version_check PASSED\nsrc/tests/test_environment_overall.py::TestEnvironmentIntegration::test_environment_pipeline_integration PASSED\nsrc/tests/test_environment_overall.py::TestEnvironmentIntegration::test_environment_mcp_integration SKIPPED\nsrc/tests/test_environment_overall.py::test_environment_module_completeness PASSED\nsrc/tests/test_environment_overall.py::test_environment_module_performance PASSED\nsrc/tests/test_export_overall.py::TestExportModuleComprehensive::test_export_module_imports PASSED\nsrc/tests/test_export_overall.py::TestExportModuleComprehensive::test_exporter_instantiation PASSED\nsrc/tests/test_export_overall.py::TestExportModuleComprehensive::test_multi_format_exporter_instantiation PASSED\nsrc/tests/test_export_overall.py::TestExportModuleComprehensive::test_export_module_info PASSED\nsrc/tests/test_export_overall.py::TestExportModuleComprehensive::test_supported_formats PASSED\nsrc/tests/test_export_overall.py::TestExportFunctionality::test_export_gnn_model PASSED\nsrc/tests/test_export_overall.py::TestExportFunctionality::test_export_format_validation PASSED\nsrc/tests/test_export_overall.py::TestExportFunctionality::test_multi_format_export PASSED\nsrc/tests/test_export_overall.py::TestExportIntegration::test_export_pipeline_integration PASSED\nsrc/tests/test_export_overall.py::TestExportIntegration::test_export_mcp_integration PASSED\nsrc/tests/test_export_overall.py::test_export_module_completeness PASSED\nsrc/tests/test_export_overall.py::test_export_module_performance PASSED\nsrc/tests/test_fast_suite.py::TestFastEnvironment::test_python_environment PASSED\nsrc/tests/test_fast_suite.py::TestFastEnvironment::test_test_configuration PASSED\nsrc/tests/test_fast_suite.py::TestFastEnvironment::test_essential_directories PASSED\nsrc/tests/test_fast_suite.py::TestFastGNNProcessing::test_gnn_module_import PASSED\nsrc/tests/test_fast_suite.py::TestFastGNNProcessing::test_gnn_file_creation PASSED\nsrc/tests/test_fast_suite.py::TestFastGNNProcessing::test_gnn_content_validation PASSED\nsrc/tests/test_fast_suite.py::TestFastPipelineComponents::test_utils_module_import PASSED\nsrc/tests/test_fast_suite.py::TestFastPipelineComponents::test_pipeline_module_import PASSED\nsrc/tests/test_fast_suite.py::TestFastPipelineComponents::test_type_checker_import PASSED\nsrc/tests/test_fast_suite.py::TestFastExport::test_export_module_import PASSED\nsrc/tests/test_fast_suite.py::TestFastExport::test_basic_export_functionality PASSED\nsrc/tests/test_fast_suite.py::TestFastVisualization::test_visualization_module_import PASSED\nsrc/tests/test_fast_suite.py::TestFastRender::test_render_module_import PASSED\nsrc/tests/test_fast_suite.py::TestFastExecute::test_execute_module_import PASSED\nsrc/tests/test_fast_suite.py::TestFastLLM::test_llm_module_import PASSED\nsrc/tests/test_fast_suite.py::TestFastMCP::test_mcp_module_import PASSED\nsrc/tests/test_fast_suite.py::TestFastOntology::test_ontology_module_import PASSED\nsrc/tests/test_fast_suite.py::TestFastSAPF::test_sapf_module_import SKIPPED\nsrc/tests/test_fast_suite.py::TestFastWebsite::test_website_module_import PASSED\nsrc/tests/test_fast_suite.py::TestFastIntegration::test_basic_pipeline_flow PASSED\nsrc/tests/test_fast_suite.py::TestFastIntegration::test_test_environment_setup PASSED\nsrc/tests/test_fast_suite.py::test_fast_suite_completeness PASSED\nsrc/tests/test_gnn_integration.py::TestGNNIntegration::test_gnn_import_available SKIPPED\nsrc/tests/test_gnn_integration.py::TestGNNIntegration::test_gnn_file_processing PASSED\nsrc/tests/test_gnn_integration.py::TestGNNIntegration::test_gnn_validation PASSED\nsrc/tests/test_gnn_integration.py::TestGNNIntegration::test_gnn_format_conversion PASSED\nsrc/tests/test_gnn_integration.py::TestGNNIntegration::test_gnn_error_handling PASSED\nsrc/tests/test_gnn_integration.py::TestGNNIntegration::test_gnn_performance PASSED\nsrc/tests/test_gnn_integration.py::TestGNNIntegration::test_gnn_memory_usage PASSED\nsrc/tests/test_gnn_overall.py::TestGNNCoreProcessor::test_core_processor_imports PASSED\nsrc/tests/test_gnn_overall.py::TestGNNCoreProcessor::test_gnn_processor_basic_imports PASSED\nsrc/tests/test_gnn_overall.py::TestGNNReporting::test_reporting_imports PASSED\nsrc/tests/test_gnn_overall.py::TestGNNReporting::test_generate_report SKIPPED\nsrc/tests/test_gnn_overall.py::TestGNNReporting::test_create_summary SKIPPED\nsrc/tests/test_gnn_parsing.py::TestGNNDiscovery::test_discovery_imports PASSED\nsrc/tests/test_gnn_parsing.py::TestGNNDiscovery::test_discover_gnn_files SKIPPED\nsrc/tests/test_gnn_parsing.py::TestGNNDiscovery::test_scan_directory_recursive SKIPPED\nsrc/tests/test_gnn_parsing.py::TestMarkdownParser::test_valid_parsing PASSED\nsrc/tests/test_gnn_parsing.py::TestMarkdownParser::test_invalid_parsing PASSED\nsrc/tests/test_gnn_parsing.py::TestMarkdownParser::test_empty_string PASSED\nsrc/tests/test_gnn_parsing.py::TestScalaParser::test_valid_parsing PASSED\nsrc/tests/test_gnn_parsing.py::TestLeanParser::test_valid_parsing PASSED\nsrc/tests/test_gnn_parsing.py::TestCoqParser::test_valid_parsing PASSED\nsrc/tests/test_gnn_processing.py::TestGNNParsersSerializers::test_serializers_imports PASSED\nsrc/tests/test_gnn_processing.py::TestGNNParsersSerializers::test_serialize_to_format SKIPPED\nsrc/tests/test_gnn_processing.py::TestGNNParsersSerializers::test_deserialize_from_format SKIPPED\nsrc/tests/test_gnn_validation.py::TestGNNValidation::test_validation_imports PASSED\nsrc/tests/test_gnn_validation.py::TestGNNValidation::test_validate_gnn_model SKIPPED\nsrc/tests/test_gnn_validation.py::TestGNNValidation::test_check_consistency SKIPPED\nsrc/tests/test_gnn_validation.py::TestGNNSimpleValidator::test_simple_validator_imports PASSED\nsrc/tests/test_gnn_validation.py::TestGNNSimpleValidator::test_simple_validator_instantiation PASSED\nsrc/tests/test_gnn_validation.py::TestGNNSimpleValidator::test_simple_validation PASSED\nsrc/tests/test_llm_ollama.py::test_import_ollama_provider PASSED\nsrc/tests/test_llm_ollama.py::test_ollama_provider_initialize PASSED\nsrc/tests/test_llm_ollama.py::test_ollama_simple_chat SKIPPED (Ollam...)\nsrc/tests/test_llm_ollama.py::test_ollama_streaming SKIPPED (Ollama ...)\nsrc/tests/test_llm_ollama.py::test_processor_uses_ollama_when_no_keys PASSED\nsrc/tests/test_llm_overall.py::TestLLMModuleComprehensive::test_llm_module_imports PASSED\nsrc/tests/test_llm_overall.py::TestLLMModuleComprehensive::test_llm_processor_instantiation PASSED\nsrc/tests/test_llm_overall.py::TestLLMModuleComprehensive::test_llm_analyzer_instantiation PASSED\nsrc/tests/test_llm_overall.py::TestLLMModuleComprehensive::test_llm_module_info PASSED\nsrc/tests/test_llm_overall.py::TestLLMModuleComprehensive::test_llm_providers PASSED\nsrc/tests/test_llm_overall.py::TestLLMFunctionality::test_model_analysis PASSED\nsrc/tests/test_llm_overall.py::TestLLMFunctionality::test_description_generation PASSED\nsrc/tests/test_llm_overall.py::TestLLMFunctionality::test_content_analysis PASSED\nsrc/tests/test_llm_overall.py::TestLLMIntegration::test_llm_pipeline_integration PASSED\nsrc/tests/test_llm_overall.py::TestLLMIntegration::test_llm_mcp_integration PASSED\nsrc/tests/test_llm_overall.py::test_llm_module_completeness PASSED\nsrc/tests/test_llm_overall.py::test_llm_module_performance PASSED\nsrc/tests/test_main_orchestrator.py::TestMainOrchestratorImport::test_main_orchestrator_file_exists PASSED\nsrc/tests/test_main_orchestrator.py::TestMainOrchestratorImport::test_main_orchestrator_imports PASSED\nsrc/tests/test_main_orchestrator.py::TestMainOrchestratorImport::test_main_orchestrator_component_availability PASSED\nsrc/tests/test_main_orchestrator.py::TestArgumentParsing::test_argument_parser_basic_functionality PASSED\nsrc/tests/test_main_orchestrator.py::TestArgumentParsing::test_argument_validation PASSED\nsrc/tests/test_main_orchestrator.py::TestArgumentParsing::test_argument_defaults FAILED\nsrc/tests/test_main_orchestrator.py::TestPipelineScriptDiscovery::test_pipeline_script_discovery_logic PASSED\nsrc/tests/test_main_orchestrator.py::TestPipelineScriptDiscovery::test_pipeline_script_sorting PASSED\nsrc/tests/test_main_orchestrator.py::TestVirtualEnvironmentHandling::test_virtual_environment_detection PASSED\nsrc/tests/test_main_orchestrator.py::TestVirtualEnvironmentHandling::test_python_executable_detection PASSED\nsrc/tests/test_main_orchestrator.py::TestStepExecution::test_step_execution_interface PASSED\nsrc/tests/test_main_orchestrator.py::TestStepExecution::test_step_argument_building PASSED\nsrc/tests/test_main_orchestrator.py::TestPipelineCoordination::test_pipeline_coordination_flow PASSED\nsrc/tests/test_main_orchestrator.py::TestPipelineCoordination::test_pipeline_configuration_consistency PASSED\nsrc/tests/test_main_orchestrator.py::TestPerformanceTracking::test_system_info_collection PASSED\nsrc/tests/test_main_orchestrator.py::TestPerformanceTracking::test_performance_metrics_structure PASSED\nsrc/tests/test_main_orchestrator.py::TestOutputGeneration::test_output_directory_structure PASSED\nsrc/tests/test_main_orchestrator.py::TestOutputGeneration::test_pipeline_summary_generation PASSED\nsrc/tests/test_main_orchestrator.py::TestErrorHandlingAndRecovery::test_step_failure_handling PASSED\nsrc/tests/test_main_orchestrator.py::TestErrorHandlingAndRecovery::test_graceful_degradation PASSED\nsrc/tests/test_main_orchestrator.py::TestErrorHandlingAndRecovery::test_error_reporting PASSED\nsrc/tests/test_main_orchestrator.py::TestConfigurationValidation::test_configuration_schema_validation FAILED\nsrc/tests/test_main_orchestrator.py::TestConfigurationValidation::test_environment_variable_consistency PASSED\nsrc/tests/test_main_orchestrator.py::TestEndToEndIntegration::test_minimal_pipeline_execution PASSED\nsrc/tests/test_main_orchestrator.py::TestEndToEndIntegration::test_pipeline_with_failures PASSED\nsrc/tests/test_main_orchestrator.py::test_main_orchestrator_help_functionality PASSED\nsrc/tests/test_main_orchestrator.py::test_main_orchestrator_performance_characteristics PASSED\nsrc/tests/test_mcp_integration.py::TestMCPIntegration::test_mcp_import_available SKIPPED\nsrc/tests/test_mcp_integration.py::TestMCPIntegration::test_mcp_tool_registration PASSED\nsrc/tests/test_mcp_integration.py::TestMCPIntegration::test_mcp_transport_layer PASSED\nsrc/tests/test_mcp_integration.py::TestMCPIntegration::test_mcp_message_format PASSED\nsrc/tests/test_mcp_integration.py::TestMCPIntegration::test_mcp_response_format PASSED\nsrc/tests/test_mcp_integration.py::TestMCPIntegration::test_mcp_error_handling PASSED\nsrc/tests/test_mcp_integration.py::TestMCPIntegration::test_mcp_performance PASSED\nsrc/tests/test_mcp_integration.py::TestMCPIntegration::test_mcp_memory_usage PASSED\nsrc/tests/test_mcp_integration.py::TestMCPIntegration::test_mcp_concurrent_operations PASSED\nsrc/tests/test_mcp_integration.py::TestMCPIntegration::test_mcp_validation PASSED\nsrc/tests/test_mcp_overall.py::TestMCPCoreComprehensive::test_mcp_core_imports PASSED\nsrc/tests/test_mcp_overall.py::TestMCPErrorHandling::test_mcp_error_classes PASSED\nsrc/tests/test_mcp_overall.py::TestMCPErrorHandling::test_invalid_tool_execution PASSED\nsrc/tests/test_mcp_overall.py::TestMCPErrorHandling::test_tool_execution_with_invalid_parameters PASSED\nsrc/tests/test_mcp_overall.py::TestMCPResourceManagement::test_mcp_resource_registration PASSED\nsrc/tests/test_mcp_overall.py::TestMCPModuleComprehensive::test_mcp_module_imports PASSED\nsrc/tests/test_mcp_overall.py::TestMCPModuleComprehensive::test_mcp_server_instantiation PASSED\nsrc/tests/test_mcp_overall.py::TestMCPModuleComprehensive::test_mcp_module_info SKIPPED\nsrc/tests/test_mcp_overall.py::TestMCPModuleComprehensive::test_mcp_tools_registration PASSED\nsrc/tests/test_mcp_overall.py::TestMCPModuleComprehensive::test_mcp_initialization PASSED\nsrc/tests/test_mcp_overall.py::TestMCPModuleComprehensive::test_mcp_instance_retrieval PASSED\nsrc/tests/test_mcp_tools.py::TestMCPToolExecution::test_gnn_validate_tool_execution PASSED\nsrc/tests/test_mcp_tools.py::TestMCPToolExecution::test_export_tool_execution PASSED\nsrc/tests/test_mcp_tools.py::TestMCPToolExecution::test_utils_system_info_execution PASSED\nsrc/tests/test_mcp_transport.py::TestMCPTransportLayers::test_stdio_server_imports PASSED\nsrc/tests/test_mcp_transport.py::TestMCPTransportLayers::test_tcp_server_imports SKIPPED\nsrc/tests/test_mcp_transport.py::TestMCPTransportLayers::test_websocket_server_imports SKIPPED\nsrc/tests/test_mcp_transport.py::TestMCPTransportFunctionality::test_transport_initialization SKIPPED\nsrc/tests/test_mcp_transport.py::TestMCPTransportFunctionality::test_transport_configuration SKIPPED\nsrc/tests/test_mcp_transport.py::TestMCPTransportFunctionality::test_transport_cleanup SKIPPED\nsrc/tests/test_mcp_transport.py::TestMCPTransportIntegration::test_transport_with_tools SKIPPED\nsrc/tests/test_mcp_transport.py::TestMCPTransportIntegration::test_transport_error_handling SKIPPED\nsrc/tests/test_ontology_overall.py::TestOntologyModuleComprehensive::test_ontology_module_imports PASSED\nsrc/tests/test_ontology_overall.py::TestOntologyModuleComprehensive::test_ontology_processor_instantiation FAILED\nsrc/tests/test_ontology_overall.py::TestOntologyModuleComprehensive::test_ontology_validator_instantiation FAILED\nsrc/tests/test_ontology_overall.py::TestOntologyModuleComprehensive::test_ontology_module_info PASSED\nsrc/tests/test_ontology_overall.py::TestOntologyModuleComprehensive::test_ontology_processing_options PASSED\nsrc/tests/test_ontology_overall.py::TestOntologyFunctionality::test_ontology_processing PASSED\nsrc/tests/test_ontology_overall.py::TestOntologyFunctionality::test_ontology_validation FAILED\n\n=================================== FAILURES ===================================\n________________ TestModuleConsistency.test_version_consistency ________________\nsrc/tests/test_comprehensive_api.py:650: in test_version_consistency\n    assert hasattr(module, '__version__')\nE   AssertionError: assert False\nE    +  where False = hasattr(None, '__version__')\n_____________ TestModuleConsistency.test_feature_flags_consistency _____________\nsrc/tests/test_comprehensive_api.py:663: in test_feature_flags_consistency\n    assert hasattr(module, 'FEATURES')\nE   AssertionError: assert False\nE    +  where False = hasattr(None, 'FEATURES')\n______________ TestModuleConsistency.test_module_info_consistency ______________\nsrc/tests/test_comprehensive_api.py:676: in test_module_info_consistency\n    assert hasattr(module, 'get_module_info')\nE   AssertionError: assert False\nE    +  where False = hasattr(None, 'get_module_info')\n__________ TestLLMModuleComprehensive.test_llm_description_generation __________\nsrc/tests/test_core_modules.py:351: in test_llm_description_generation\n    assert \"file_path\" in docs, \"Documentation should contain file_path\"\nE   AssertionError: Documentation should contain file_path\nE   assert 'file_path' in {'connection_documentation': [], 'generation_timestamp': '2025-08-11T07:55:25.113592', 'model_overview': '\\n# test.md Model Documentation\\n\\nThis GNN model contains 2 variables and 0 connections.\\n\\n## Model Structure\\n- **Variables**: 2 defined\\n- **Connections**: 0 defined\\n- **Complexity**: 0 total elements\\n\\n## Key Components\\n', 'usage_examples': [{'code': '# Example variable usage\\nX = ...\\nY = ...', 'description': 'Example variables: X, Y', 'title': 'Variable Usage'}], ...}\n___________ TestWebsiteModuleComprehensive.test_html_report_creation ___________\nsrc/tests/test_core_modules.py:565: in test_html_report_creation\n    assert results_file.exists(), \"Results file should be created\"\nE   AssertionError: Results file should be created\nE   assert False\nE    +  where False = exists()\nE    +    where exists = PosixPath('/var/folders/vc/rgmbpjpj0dbg61vr54xjskc80000gn/T/tmpm9r2z3_4/output/website_results/website_results.json').exists\n__________________ TestArgumentParsing.test_argument_defaults __________________\nsrc/tests/test_main_orchestrator.py:171: in test_argument_defaults\n    assert sample_args[\"verbose\"] is False, \"verbose should default to False for safety\"\nE   AssertionError: verbose should default to False for safety\nE   assert True is False\n_______ TestConfigurationValidation.test_configuration_schema_validation _______\nsrc/tests/test_main_orchestrator.py:605: in test_configuration_schema_validation\n    assert key in TEST_CONFIG, f\"Required config key {key} missing\"\nE   AssertionError: Required config key test_data_dir missing\nE   assert 'test_data_dir' in {'audio_backend': 'auto', 'dev': False, 'duration': 30.0, 'enable_cross_format': True, ...}\n____ TestOntologyModuleComprehensive.test_ontology_processor_instantiation _____\nsrc/tests/test_ontology_overall.py:45: in test_ontology_processor_instantiation\n    assert hasattr(processor, 'validate_terms')\nE   AssertionError: assert False\nE    +  where False = hasattr(<ontology.OntologyProcessor object at 0x11a60c980>, 'validate_terms')\n____ TestOntologyModuleComprehensive.test_ontology_validator_instantiation _____\nsrc/tests/test_ontology_overall.py:58: in test_ontology_validator_instantiation\n    assert hasattr(validator, 'check_consistency')\nE   AssertionError: assert False\nE    +  where False = hasattr(<ontology.OntologyValidator object at 0x11a60dbe0>, 'check_consistency')\n______________ TestOntologyFunctionality.test_ontology_validation ______________\nsrc/tests/test_ontology_overall.py:119: in test_ontology_validation\n    assert isinstance(result, bool)\nE   AssertionError: assert False\nE    +  where False = isinstance({'details': {'coverage_score': 0.0, 'invalid_annotations': [], 'suggestions': [], 'valid_annotations': []}, 'errors': [], 'valid': True, 'warnings': []}, bool)\n=============================== warnings summary ===============================\nsrc/tests/test_main_orchestrator.py::TestArgumentParsing::test_argument_defaults\nsrc/tests/test_main_orchestrator.py::TestArgumentParsing::test_argument_defaults\nsrc/tests/test_main_orchestrator.py::TestArgumentParsing::test_argument_defaults\n  /opt/homebrew/Cellar/python@3.13/3.13.5/Frameworks/Python.framework/Versions/3.13/lib/python3.13/argparse.py:1471: DeprecationWarning: 'type' is deprecated as of Python 3.12 and will be removed in Python 3.14.\n    action = action_class(**kwargs)\n\n-- Docs: https://docs.pytest.org/en/stable/how-to/capture-warnings.html\n==================================== PASSES ====================================\n_______________ TestGNNModuleComprehensive.test_gnn_file_parsing _______________\n------------------------------ Captured log call -------------------------------\nWARNING  root:test_core_modules.py:109 Failed to parse simple.gnn: Parsed data should contain ModelName\nassert 'ModelName' in {'file_name': 'simple.gnn', 'file_path': '/var/folders/vc/rgmbpjpj0dbg61vr54xjskc80000gn/T/tmp76xjsmqb/simple.gnn', 'file_size': 136, 'parse_timestamp': '2025-08-11T07:55:25.059415', ...}\n___________ TestGNNModuleComprehensive.test_gnn_directory_processing ___________\n------------------------------ Captured log call -------------------------------\nWARNING  root:test_core_modules.py:166 GNN directory processing failed: Results should contain errors\nassert 'errors' in {'files': ['timestamp', 'target_directory', 'files_found', 'files_processed', 'success', 'errors', ...], 'processed_files': ['timestamp', 'target_directory', 'files_found', 'files_processed', 'success', 'errors', ...], 'status': 'SUCCESS'}\n______________ TestRenderModuleComprehensive.test_pymdp_rendering ______________\n------------------------------ Captured log call -------------------------------\nWARNING  root:test_core_modules.py:204 PyMDP rendering failed: generate_pymdp_code() takes 1 positional argument but 2 were given\n_____________ TestRenderModuleComprehensive.test_rxinfer_rendering _____________\n------------------------------ Captured log call -------------------------------\nWARNING  root:test_core_modules.py:219 RxInfer rendering failed: generate_rxinfer_code() takes 1 positional argument but 2 were given\n__________ TestExecuteModuleComprehensive.test_execute_module_imports __________\n------------------------------ Captured log call -------------------------------\nWARNING  root:pymdp_simulation.py:50 PyMDP not available - simulation will gracefully degrade with informative output\nWARNING  execute.discopy.discopy_executor:discopy_executor.py:28 DisCoPy translator module not available: No module named 'execute.discopy_translator_module'\n_____ TestExecuteModuleComprehensive.test_execution_environment_validation _____\n------------------------------ Captured log call -------------------------------\nWARNING  root:test_core_modules.py:274 Execution environment validation failed: Status should contain python_version\nassert 'python_version' in {'overall_status': 'unknown', 'summary': {'total_errors': 0}}\n______________ TestLLMModuleComprehensive.test_llm_model_analysis ______________\n------------------------------ Captured log call -------------------------------\nERROR    llm.providers.openai_provider:openai_provider.py:75 OpenAI API key not provided\nWARNING  llm.llm_processor:llm_processor.py:201 Failed to initialize openai provider\nERROR    llm.providers.openrouter_provider:openrouter_provider.py:115 OpenRouter API key not provided\nWARNING  llm.llm_processor:llm_processor.py:201 Failed to initialize openrouter provider\nERROR    llm.providers.perplexity_provider:perplexity_provider.py:90 Perplexity API key not provided\nWARNING  llm.llm_processor:llm_processor.py:201 Failed to initialize perplexity provider\nERROR    llm.providers.ollama_provider:ollama_provider.py:87 Ollama not available. Install python client with 'pip install ollama' or install Ollama CLI from https://ollama.ai\nWARNING  llm.llm_processor:llm_processor.py:201 Failed to initialize ollama provider\nERROR    llm.llm_processor:llm_processor.py:211 No LLM providers could be initialized\nERROR    llm.llm_operations:llm_operations.py:217 Async summarization failed: Processor not initialized\nERROR    llm.providers.openai_provider:openai_provider.py:75 OpenAI API key not provided\nWARNING  llm.llm_processor:llm_processor.py:201 Failed to initialize openai provider\nERROR    llm.providers.openrouter_provider:openrouter_provider.py:115 OpenRouter API key not provided\nWARNING  llm.llm_processor:llm_processor.py:201 Failed to initialize openrouter provider\nERROR    llm.providers.perplexity_provider:perplexity_provider.py:90 Perplexity API key not provided\nWARNING  llm.llm_processor:llm_processor.py:201 Failed to initialize perplexity provider\nERROR    llm.providers.ollama_provider:ollama_provider.py:87 Ollama not available. Install python client with 'pip install ollama' or install Ollama CLI from https://ollama.ai\nWARNING  llm.llm_processor:llm_processor.py:201 Failed to initialize ollama provider\nERROR    llm.llm_processor:llm_processor.py:211 No LLM providers could be initialized\n____________ TestMCPModuleComprehensive.test_mcp_tool_registration _____________\n------------------------------ Captured log call -------------------------------\nWARNING  root:test_core_modules.py:402 MCP tool registration failed: Tools should be a list\nassert False\n +  where False = isinstance(True, list)\n______________ TestCoreModuleIntegration.test_module_coordination ______________\n------------------------------ Captured log call -------------------------------\nWARNING  root:test_core_modules.py:726 Core module coordination failed: cannot import name 'execute_gnn_model' from 'src.execute' (/Users/4d/Documents/GitHub/GeneralizedNotationNotation/src/execute/__init__.py)\n_______________ TestCoreModuleIntegration.test_module_data_flow ________________\n------------------------------ Captured log call -------------------------------\nWARNING  root:test_core_modules.py:743 Module data flow failed: cannot import name 'analyze_gnn_model' from 'src.llm' (/Users/4d/Documents/GitHub/GeneralizedNotationNotation/src/llm/__init__.py)\n____________________ TestMarkdownParser.test_valid_parsing _____________________\n------------------------------ Captured log call -------------------------------\nWARNING  gnn.parsers.markdown_parser:markdown_parser.py:780 Connection references unknown target variables: ['o']\n_______________________ test_ollama_provider_initialize ________________________\n------------------------------ Captured log call -------------------------------\nERROR    llm.providers.ollama_provider:ollama_provider.py:87 Ollama not available. Install python client with 'pip install ollama' or install Ollama CLI from https://ollama.ai\n___________________ test_processor_uses_ollama_when_no_keys ____________________\n------------------------------ Captured log call -------------------------------\nERROR    llm.providers.openai_provider:openai_provider.py:75 OpenAI API key not provided\nWARNING  llm.llm_processor:llm_processor.py:201 Failed to initialize openai provider\nERROR    llm.providers.openrouter_provider:openrouter_provider.py:115 OpenRouter API key not provided\nWARNING  llm.llm_processor:llm_processor.py:201 Failed to initialize openrouter provider\nERROR    llm.providers.perplexity_provider:perplexity_provider.py:90 Perplexity API key not provided\nWARNING  llm.llm_processor:llm_processor.py:201 Failed to initialize perplexity provider\nERROR    llm.providers.ollama_provider:ollama_provider.py:87 Ollama not available. Install python client with 'pip install ollama' or install Ollama CLI from https://ollama.ai\nWARNING  llm.llm_processor:llm_processor.py:201 Failed to initialize ollama provider\nERROR    llm.llm_processor:llm_processor.py:211 No LLM providers could be initialized\n______________ TestErrorHandlingAndRecovery.test_error_reporting _______________\n------------------------------ Captured log call -------------------------------\nWARNING  test_error_reporting:test_main_orchestrator.py:579 Test warning message\nERROR    test_error_reporting:test_main_orchestrator.py:579 Test error message\nCRITICAL test_error_reporting:test_main_orchestrator.py:579 Test critical message\n============================= slowest 15 durations =============================\n0.26s call     src/tests/test_environment_overall.py::TestEnvironmentModuleComprehensive::test_environment_validation\n0.06s call     src/tests/test_environment_overall.py::TestEnvironmentFunctionality::test_dependency_installation\n0.05s call     src/tests/test_audio_generation.py::TestAudioGeneration::test_audio_memory_usage\n0.04s call     src/tests/test_comprehensive_api.py::TestExportModule::test_get_supported_formats\n0.03s call     src/tests/test_core_modules.py::TestLLMModuleComprehensive::test_llm_module_imports\n0.03s call     src/tests/test_environment_overall.py::test_environment_module_performance\n0.03s call     src/tests/test_environment_overall.py::TestEnvironmentIntegration::test_environment_pipeline_integration\n0.03s call     src/tests/test_audio_overall.py::TestAudioIntegration::test_audio_pipeline_integration\n0.02s call     src/tests/test_export_overall.py::TestExportModuleComprehensive::test_supported_formats\n0.02s call     src/tests/test_mcp_integration.py::TestMCPIntegration::test_mcp_concurrent_operations\n0.02s call     src/tests/test_audio_generation.py::TestAudioGeneration::test_audio_concurrent_generation\n0.01s call     src/tests/test_audio_overall.py::test_audio_module_performance\n0.01s call     src/tests/test_audio_overall.py::TestAudioProcessing::test_audio_generation\n0.01s call     src/tests/test_audio_overall.py::TestAudioProcessing::test_gnn_to_audio_conversion\n0.01s call     src/tests/test_gnn_overall.py::TestGNNCoreProcessor::test_core_processor_imports\n=========================== short test summary info ============================\nPASSED src/tests/test_audio_generation.py::TestAudioGeneration::test_audio_import_available\nPASSED src/tests/test_audio_generation.py::TestAudioGeneration::test_sapf_audio_generation\nPASSED src/tests/test_audio_generation.py::TestAudioGeneration::test_pedalboard_audio_generation\nPASSED src/tests/test_audio_generation.py::TestAudioGeneration::test_audio_format_conversion\nPASSED src/tests/test_audio_generation.py::TestAudioGeneration::test_audio_parameter_validation\nPASSED src/tests/test_audio_generation.py::TestAudioGeneration::test_audio_error_handling\nPASSED src/tests/test_audio_generation.py::TestAudioGeneration::test_audio_performance\nPASSED src/tests/test_audio_generation.py::TestAudioGeneration::test_audio_memory_usage\nPASSED src/tests/test_audio_generation.py::TestAudioGeneration::test_audio_quality_metrics\nPASSED src/tests/test_audio_generation.py::TestAudioGeneration::test_audio_file_operations\nPASSED src/tests/test_audio_generation.py::TestAudioGeneration::test_audio_backend_selection\nPASSED src/tests/test_audio_generation.py::TestAudioGeneration::test_audio_concurrent_generation\nPASSED src/tests/test_audio_overall.py::TestAudioModuleComprehensive::test_audio_module_imports\nPASSED src/tests/test_audio_overall.py::TestAudioModuleComprehensive::test_audio_generator_instantiation\nPASSED src/tests/test_audio_overall.py::TestAudioModuleComprehensive::test_sapf_processor_instantiation\nPASSED src/tests/test_audio_overall.py::TestAudioModuleComprehensive::test_pedalboard_processor_instantiation\nPASSED src/tests/test_audio_overall.py::TestAudioModuleComprehensive::test_audio_module_info\nPASSED src/tests/test_audio_overall.py::TestAudioModuleComprehensive::test_audio_generation_options\nPASSED src/tests/test_audio_overall.py::TestAudioProcessing::test_gnn_to_audio_conversion\nPASSED src/tests/test_audio_overall.py::TestAudioProcessing::test_audio_validation\nPASSED src/tests/test_audio_overall.py::TestAudioProcessing::test_audio_generation\nPASSED src/tests/test_audio_overall.py::TestAudioIntegration::test_audio_pipeline_integration\nPASSED src/tests/test_audio_overall.py::TestAudioIntegration::test_audio_mcp_integration\nPASSED src/tests/test_audio_overall.py::test_audio_module_completeness\nPASSED src/tests/test_audio_overall.py::test_audio_module_performance\nPASSED src/tests/test_comprehensive_api.py::TestGNNModule::test_module_imports\nPASSED src/tests/test_comprehensive_api.py::TestGNNModule::test_get_module_info\nPASSED src/tests/test_comprehensive_api.py::TestGNNModule::test_validate_gnn_function\nPASSED src/tests/test_comprehensive_api.py::TestGNNModule::test_feature_flags\nPASSED src/tests/test_comprehensive_api.py::TestExportModule::test_module_imports\nPASSED src/tests/test_comprehensive_api.py::TestExportModule::test_get_module_info\nPASSED src/tests/test_comprehensive_api.py::TestExportModule::test_get_supported_formats\nPASSED src/tests/test_comprehensive_api.py::TestExportModule::test_export_gnn_model_invalid_format\nPASSED src/tests/test_comprehensive_api.py::TestRenderModule::test_module_imports\nPASSED src/tests/test_comprehensive_api.py::TestRenderModule::test_get_module_info\nPASSED src/tests/test_comprehensive_api.py::TestRenderModule::test_get_available_renderers\nPASSED src/tests/test_comprehensive_api.py::TestRenderModule::test_feature_flags\nPASSED src/tests/test_comprehensive_api.py::TestWebsiteModule::test_module_imports\nPASSED src/tests/test_comprehensive_api.py::TestWebsiteModule::test_get_module_info\nPASSED src/tests/test_comprehensive_api.py::TestWebsiteModule::test_get_supported_file_types\nPASSED src/tests/test_comprehensive_api.py::TestWebsiteModule::test_generate_website_from_pipeline_output_nonexistent\nPASSED src/tests/test_comprehensive_api.py::TestWebsiteModule::test_validate_website_config\nPASSED src/tests/test_comprehensive_api.py::TestSAPFModule::test_module_imports\nPASSED src/tests/test_comprehensive_api.py::TestSAPFModule::test_get_module_info\nPASSED src/tests/test_comprehensive_api.py::TestSAPFModule::test_get_audio_generation_options\nPASSED src/tests/test_comprehensive_api.py::TestSAPFModule::test_process_gnn_to_audio_invalid_input\nPASSED src/tests/test_comprehensive_api.py::TestOntologyModule::test_module_imports\nPASSED src/tests/test_comprehensive_api.py::TestOntologyModule::test_get_module_info\nPASSED src/tests/test_comprehensive_api.py::TestOntologyModule::test_get_ontology_processing_options\nPASSED src/tests/test_comprehensive_api.py::TestOntologyModule::test_process_gnn_ontology_nonexistent_file\nPASSED src/tests/test_comprehensive_api.py::TestOntologyModule::test_parse_gnn_ontology_section_empty\nPASSED src/tests/test_comprehensive_api.py::TestTypeCheckerModule::test_module_imports\nPASSED src/tests/test_comprehensive_api.py::TestTypeCheckerModule::test_type_checker_instantiation\nPASSED src/tests/test_comprehensive_api.py::TestVisualizationModule::test_module_imports\nPASSED src/tests/test_comprehensive_api.py::TestVisualizationModule::test_visualizer_instantiation\nPASSED src/tests/test_comprehensive_api.py::TestExecuteModule::test_module_imports\nPASSED src/tests/test_comprehensive_api.py::TestExecuteModule::test_executor_instantiation\nPASSED src/tests/test_comprehensive_api.py::TestLLMModule::test_module_imports\nPASSED src/tests/test_comprehensive_api.py::TestLLMModule::test_llm_processor_instantiation\nPASSED src/tests/test_comprehensive_api.py::TestMCPModule::test_module_imports\nPASSED src/tests/test_comprehensive_api.py::TestMCPModule::test_mcp_server_instantiation\nPASSED src/tests/test_comprehensive_api.py::TestSetupModule::test_module_imports\nPASSED src/tests/test_comprehensive_api.py::TestSetupModule::test_setup_functions_exist\nPASSED src/tests/test_comprehensive_api.py::TestUtilsModule::test_module_imports\nPASSED src/tests/test_comprehensive_api.py::TestUtilsModule::test_utils_classes_instantiation\nPASSED src/tests/test_comprehensive_api.py::TestPipelineModule::test_module_imports\nPASSED src/tests/test_comprehensive_api.py::TestPipelineModule::test_pipeline_config\nPASSED src/tests/test_comprehensive_api.py::TestMCPIntegration::test_mcp_availability_flags\nPASSED src/tests/test_comprehensive_api.py::TestMCPIntegration::test_register_tools_functions\nPASSED src/tests/test_core_modules.py::TestGNNModuleComprehensive::test_gnn_module_imports\nPASSED src/tests/test_core_modules.py::TestGNNModuleComprehensive::test_gnn_file_discovery\nPASSED src/tests/test_core_modules.py::TestGNNModuleComprehensive::test_gnn_file_parsing\nPASSED src/tests/test_core_modules.py::TestGNNModuleComprehensive::test_gnn_directory_processing\nPASSED src/tests/test_core_modules.py::TestRenderModuleComprehensive::test_render_module_imports\nPASSED src/tests/test_core_modules.py::TestRenderModuleComprehensive::test_pymdp_rendering\nPASSED src/tests/test_core_modules.py::TestRenderModuleComprehensive::test_rxinfer_rendering\nPASSED src/tests/test_core_modules.py::TestRenderModuleComprehensive::test_discopy_rendering\nPASSED src/tests/test_core_modules.py::TestExecuteModuleComprehensive::test_execute_module_imports\nPASSED src/tests/test_core_modules.py::TestExecuteModuleComprehensive::test_execution_environment_validation\nPASSED src/tests/test_core_modules.py::TestExecuteModuleComprehensive::test_safe_script_execution\nPASSED src/tests/test_core_modules.py::TestLLMModuleComprehensive::test_llm_module_imports\nPASSED src/tests/test_core_modules.py::TestLLMModuleComprehensive::test_llm_model_analysis\nPASSED src/tests/test_core_modules.py::TestMCPModuleComprehensive::test_mcp_module_imports\nPASSED src/tests/test_core_modules.py::TestMCPModuleComprehensive::test_mcp_tool_registration\nPASSED src/tests/test_core_modules.py::TestMCPModuleComprehensive::test_mcp_request_handling\nPASSED src/tests/test_core_modules.py::TestOntologyModuleComprehensive::test_ontology_module_imports\nPASSED src/tests/test_core_modules.py::TestOntologyModuleComprehensive::test_ontology_term_validation\nPASSED src/tests/test_core_modules.py::TestWebsiteModuleComprehensive::test_website_module_imports\nPASSED src/tests/test_core_modules.py::TestWebsiteModuleComprehensive::test_website_generation\nPASSED src/tests/test_core_modules.py::TestSAPFModuleComprehensive::test_sapf_module_imports\nPASSED src/tests/test_core_modules.py::TestSAPFModuleComprehensive::test_sapf_validation\nPASSED src/tests/test_core_modules.py::TestSAPFModuleComprehensive::test_sapf_audio_generation\nPASSED src/tests/test_core_modules.py::TestCoreModuleIntegration::test_module_coordination\nPASSED src/tests/test_core_modules.py::TestCoreModuleIntegration::test_module_data_flow\nPASSED src/tests/test_core_modules.py::test_core_module_completeness\nPASSED src/tests/test_core_modules.py::test_core_module_performance\nPASSED src/tests/test_coverage_overall.py::TestCoverageOverall::test_gnn_core_imports\nPASSED src/tests/test_coverage_overall.py::TestCoverageOverall::test_audio_imports\nPASSED src/tests/test_coverage_overall.py::TestCoverageOverall::test_export_imports\nPASSED src/tests/test_coverage_overall.py::TestCoverageOverall::test_visualization_imports\nPASSED src/tests/test_coverage_overall.py::TestCoverageOverall::test_llm_imports\nPASSED src/tests/test_environment_overall.py::TestEnvironmentModuleComprehensive::test_environment_module_imports\nPASSED src/tests/test_environment_overall.py::TestEnvironmentModuleComprehensive::test_environment_manager_instantiation\nPASSED src/tests/test_environment_overall.py::TestEnvironmentModuleComprehensive::test_virtual_environment_instantiation\nPASSED src/tests/test_environment_overall.py::TestEnvironmentModuleComprehensive::test_environment_module_info\nPASSED src/tests/test_environment_overall.py::TestEnvironmentModuleComprehensive::test_environment_validation\nPASSED src/tests/test_environment_overall.py::TestEnvironmentFunctionality::test_environment_setup\nPASSED src/tests/test_environment_overall.py::TestEnvironmentFunctionality::test_dependency_installation\nPASSED src/tests/test_environment_overall.py::TestEnvironmentFunctionality::test_python_version_check\nPASSED src/tests/test_environment_overall.py::TestEnvironmentIntegration::test_environment_pipeline_integration\nPASSED src/tests/test_environment_overall.py::test_environment_module_completeness\nPASSED src/tests/test_environment_overall.py::test_environment_module_performance\nPASSED src/tests/test_export_overall.py::TestExportModuleComprehensive::test_export_module_imports\nPASSED src/tests/test_export_overall.py::TestExportModuleComprehensive::test_exporter_instantiation\nPASSED src/tests/test_export_overall.py::TestExportModuleComprehensive::test_multi_format_exporter_instantiation\nPASSED src/tests/test_export_overall.py::TestExportModuleComprehensive::test_export_module_info\nPASSED src/tests/test_export_overall.py::TestExportModuleComprehensive::test_supported_formats\nPASSED src/tests/test_export_overall.py::TestExportFunctionality::test_export_gnn_model\nPASSED src/tests/test_export_overall.py::TestExportFunctionality::test_export_format_validation\nPASSED src/tests/test_export_overall.py::TestExportFunctionality::test_multi_format_export\nPASSED src/tests/test_export_overall.py::TestExportIntegration::test_export_pipeline_integration\nPASSED src/tests/test_export_overall.py::TestExportIntegration::test_export_mcp_integration\nPASSED src/tests/test_export_overall.py::test_export_module_completeness\nPASSED src/tests/test_export_overall.py::test_export_module_performance\nPASSED src/tests/test_fast_suite.py::TestFastEnvironment::test_python_environment\nPASSED src/tests/test_fast_suite.py::TestFastEnvironment::test_test_configuration\nPASSED src/tests/test_fast_suite.py::TestFastEnvironment::test_essential_directories\nPASSED src/tests/test_fast_suite.py::TestFastGNNProcessing::test_gnn_module_import\nPASSED src/tests/test_fast_suite.py::TestFastGNNProcessing::test_gnn_file_creation\nPASSED src/tests/test_fast_suite.py::TestFastGNNProcessing::test_gnn_content_validation\nPASSED src/tests/test_fast_suite.py::TestFastPipelineComponents::test_utils_module_import\nPASSED src/tests/test_fast_suite.py::TestFastPipelineComponents::test_pipeline_module_import\nPASSED src/tests/test_fast_suite.py::TestFastPipelineComponents::test_type_checker_import\nPASSED src/tests/test_fast_suite.py::TestFastExport::test_export_module_import\nPASSED src/tests/test_fast_suite.py::TestFastExport::test_basic_export_functionality\nPASSED src/tests/test_fast_suite.py::TestFastVisualization::test_visualization_module_import\nPASSED src/tests/test_fast_suite.py::TestFastRender::test_render_module_import\nPASSED src/tests/test_fast_suite.py::TestFastExecute::test_execute_module_import\nPASSED src/tests/test_fast_suite.py::TestFastLLM::test_llm_module_import\nPASSED src/tests/test_fast_suite.py::TestFastMCP::test_mcp_module_import\nPASSED src/tests/test_fast_suite.py::TestFastOntology::test_ontology_module_import\nPASSED src/tests/test_fast_suite.py::TestFastWebsite::test_website_module_import\nPASSED src/tests/test_fast_suite.py::TestFastIntegration::test_basic_pipeline_flow\nPASSED src/tests/test_fast_suite.py::TestFastIntegration::test_test_environment_setup\nPASSED src/tests/test_fast_suite.py::test_fast_suite_completeness\nPASSED src/tests/test_gnn_integration.py::TestGNNIntegration::test_gnn_file_processing\nPASSED src/tests/test_gnn_integration.py::TestGNNIntegration::test_gnn_validation\nPASSED src/tests/test_gnn_integration.py::TestGNNIntegration::test_gnn_format_conversion\nPASSED src/tests/test_gnn_integration.py::TestGNNIntegration::test_gnn_error_handling\nPASSED src/tests/test_gnn_integration.py::TestGNNIntegration::test_gnn_performance\nPASSED src/tests/test_gnn_integration.py::TestGNNIntegration::test_gnn_memory_usage\nPASSED src/tests/test_gnn_overall.py::TestGNNCoreProcessor::test_core_processor_imports\nPASSED src/tests/test_gnn_overall.py::TestGNNCoreProcessor::test_gnn_processor_basic_imports\nPASSED src/tests/test_gnn_overall.py::TestGNNReporting::test_reporting_imports\nPASSED src/tests/test_gnn_parsing.py::TestGNNDiscovery::test_discovery_imports\nPASSED src/tests/test_gnn_parsing.py::TestMarkdownParser::test_valid_parsing\nPASSED src/tests/test_gnn_parsing.py::TestMarkdownParser::test_invalid_parsing\nPASSED src/tests/test_gnn_parsing.py::TestMarkdownParser::test_empty_string\nPASSED src/tests/test_gnn_parsing.py::TestScalaParser::test_valid_parsing\nPASSED src/tests/test_gnn_parsing.py::TestLeanParser::test_valid_parsing\nPASSED src/tests/test_gnn_parsing.py::TestCoqParser::test_valid_parsing\nPASSED src/tests/test_gnn_processing.py::TestGNNParsersSerializers::test_serializers_imports\nPASSED src/tests/test_gnn_validation.py::TestGNNValidation::test_validation_imports\nPASSED src/tests/test_gnn_validation.py::TestGNNSimpleValidator::test_simple_validator_imports\nPASSED src/tests/test_gnn_validation.py::TestGNNSimpleValidator::test_simple_validator_instantiation\nPASSED src/tests/test_gnn_validation.py::TestGNNSimpleValidator::test_simple_validation\nPASSED src/tests/test_llm_ollama.py::test_import_ollama_provider\nPASSED src/tests/test_llm_ollama.py::test_ollama_provider_initialize\nPASSED src/tests/test_llm_ollama.py::test_processor_uses_ollama_when_no_keys\nPASSED src/tests/test_llm_overall.py::TestLLMModuleComprehensive::test_llm_module_imports\nPASSED src/tests/test_llm_overall.py::TestLLMModuleComprehensive::test_llm_processor_instantiation\nPASSED src/tests/test_llm_overall.py::TestLLMModuleComprehensive::test_llm_analyzer_instantiation\nPASSED src/tests/test_llm_overall.py::TestLLMModuleComprehensive::test_llm_module_info\nPASSED src/tests/test_llm_overall.py::TestLLMModuleComprehensive::test_llm_providers\nPASSED src/tests/test_llm_overall.py::TestLLMFunctionality::test_model_analysis\nPASSED src/tests/test_llm_overall.py::TestLLMFunctionality::test_description_generation\nPASSED src/tests/test_llm_overall.py::TestLLMFunctionality::test_content_analysis\nPASSED src/tests/test_llm_overall.py::TestLLMIntegration::test_llm_pipeline_integration\nPASSED src/tests/test_llm_overall.py::TestLLMIntegration::test_llm_mcp_integration\nPASSED src/tests/test_llm_overall.py::test_llm_module_completeness\nPASSED src/tests/test_llm_overall.py::test_llm_module_performance\nPASSED src/tests/test_main_orchestrator.py::TestMainOrchestratorImport::test_main_orchestrator_file_exists\nPASSED src/tests/test_main_orchestrator.py::TestMainOrchestratorImport::test_main_orchestrator_imports\nPASSED src/tests/test_main_orchestrator.py::TestMainOrchestratorImport::test_main_orchestrator_component_availability\nPASSED src/tests/test_main_orchestrator.py::TestArgumentParsing::test_argument_parser_basic_functionality\nPASSED src/tests/test_main_orchestrator.py::TestArgumentParsing::test_argument_validation\nPASSED src/tests/test_main_orchestrator.py::TestPipelineScriptDiscovery::test_pipeline_script_discovery_logic\nPASSED src/tests/test_main_orchestrator.py::TestPipelineScriptDiscovery::test_pipeline_script_sorting\nPASSED src/tests/test_main_orchestrator.py::TestVirtualEnvironmentHandling::test_virtual_environment_detection\nPASSED src/tests/test_main_orchestrator.py::TestVirtualEnvironmentHandling::test_python_executable_detection\nPASSED src/tests/test_main_orchestrator.py::TestStepExecution::test_step_execution_interface\nPASSED src/tests/test_main_orchestrator.py::TestStepExecution::test_step_argument_building\nPASSED src/tests/test_main_orchestrator.py::TestPipelineCoordination::test_pipeline_coordination_flow\nPASSED src/tests/test_main_orchestrator.py::TestPipelineCoordination::test_pipeline_configuration_consistency\nPASSED src/tests/test_main_orchestrator.py::TestPerformanceTracking::test_system_info_collection\nPASSED src/tests/test_main_orchestrator.py::TestPerformanceTracking::test_performance_metrics_structure\nPASSED src/tests/test_main_orchestrator.py::TestOutputGeneration::test_output_directory_structure\nPASSED src/tests/test_main_orchestrator.py::TestOutputGeneration::test_pipeline_summary_generation\nPASSED src/tests/test_main_orchestrator.py::TestErrorHandlingAndRecovery::test_step_failure_handling\nPASSED src/tests/test_main_orchestrator.py::TestErrorHandlingAndRecovery::test_graceful_degradation\nPASSED src/tests/test_main_orchestrator.py::TestErrorHandlingAndRecovery::test_error_reporting\nPASSED src/tests/test_main_orchestrator.py::TestConfigurationValidation::test_environment_variable_consistency\nPASSED src/tests/test_main_orchestrator.py::TestEndToEndIntegration::test_minimal_pipeline_execution\nPASSED src/tests/test_main_orchestrator.py::TestEndToEndIntegration::test_pipeline_with_failures\nPASSED src/tests/test_main_orchestrator.py::test_main_orchestrator_help_functionality\nPASSED src/tests/test_main_orchestrator.py::test_main_orchestrator_performance_characteristics\nPASSED src/tests/test_mcp_integration.py::TestMCPIntegration::test_mcp_tool_registration\nPASSED src/tests/test_mcp_integration.py::TestMCPIntegration::test_mcp_transport_layer\nPASSED src/tests/test_mcp_integration.py::TestMCPIntegration::test_mcp_message_format\nPASSED src/tests/test_mcp_integration.py::TestMCPIntegration::test_mcp_response_format\nPASSED src/tests/test_mcp_integration.py::TestMCPIntegration::test_mcp_error_handling\nPASSED src/tests/test_mcp_integration.py::TestMCPIntegration::test_mcp_performance\nPASSED src/tests/test_mcp_integration.py::TestMCPIntegration::test_mcp_memory_usage\nPASSED src/tests/test_mcp_integration.py::TestMCPIntegration::test_mcp_concurrent_operations\nPASSED src/tests/test_mcp_integration.py::TestMCPIntegration::test_mcp_validation\nPASSED src/tests/test_mcp_overall.py::TestMCPCoreComprehensive::test_mcp_core_imports\nPASSED src/tests/test_mcp_overall.py::TestMCPErrorHandling::test_mcp_error_classes\nPASSED src/tests/test_mcp_overall.py::TestMCPErrorHandling::test_invalid_tool_execution\nPASSED src/tests/test_mcp_overall.py::TestMCPErrorHandling::test_tool_execution_with_invalid_parameters\nPASSED src/tests/test_mcp_overall.py::TestMCPResourceManagement::test_mcp_resource_registration\nPASSED src/tests/test_mcp_overall.py::TestMCPModuleComprehensive::test_mcp_module_imports\nPASSED src/tests/test_mcp_overall.py::TestMCPModuleComprehensive::test_mcp_server_instantiation\nPASSED src/tests/test_mcp_overall.py::TestMCPModuleComprehensive::test_mcp_tools_registration\nPASSED src/tests/test_mcp_overall.py::TestMCPModuleComprehensive::test_mcp_initialization\nPASSED src/tests/test_mcp_overall.py::TestMCPModuleComprehensive::test_mcp_instance_retrieval\nPASSED src/tests/test_mcp_tools.py::TestMCPToolExecution::test_gnn_validate_tool_execution\nPASSED src/tests/test_mcp_tools.py::TestMCPToolExecution::test_export_tool_execution\nPASSED src/tests/test_mcp_tools.py::TestMCPToolExecution::test_utils_system_info_execution\nPASSED src/tests/test_mcp_transport.py::TestMCPTransportLayers::test_stdio_server_imports\nPASSED src/tests/test_ontology_overall.py::TestOntologyModuleComprehensive::test_ontology_module_imports\nPASSED src/tests/test_ontology_overall.py::TestOntologyModuleComprehensive::test_ontology_module_info\nPASSED src/tests/test_ontology_overall.py::TestOntologyModuleComprehensive::test_ontology_processing_options\nPASSED src/tests/test_ontology_overall.py::TestOntologyFunctionality::test_ontology_processing\nSKIPPED [1] src/tests/test_audio_sapf.py:30: SAPF validation not available\nSKIPPED [1] src/tests/test_audio_sapf.py:51: SAPF validation not available\nSKIPPED [1] src/tests/test_audio_sapf.py:90: SAPF conversion function not available\nSKIPPED [1] src/tests/test_audio_sapf.py:119: SAPF oscillator function not available\nSKIPPED [1] src/tests/test_audio_sapf.py:134: SAPF envelope function not available\nSKIPPED [1] src/tests/test_audio_sapf.py:153: SAPF mixing function not available\nSKIPPED [1] src/tests/test_core_modules.py:138: Validation test skipped due to: Valid GNN file should have basic structure: simple.gnn\nassert False\nSKIPPED [1] src/tests/test_core_modules.py:651: SAPF conversion not available: convert_gnn_to_sapf() missing 1 required positional argument: 'model_name'\nSKIPPED [1] src/tests/test_environment_overall.py:158: Environment MCP not available\nSKIPPED [1] src/tests/test_fast_suite.py:264: SAPF module not available: No module named 'sapf'\nSKIPPED [1] src/tests/test_gnn_integration.py:28: GNN module not available\nSKIPPED [1] src/tests/test_gnn_overall.py:94: GNN reporting not available\nSKIPPED [1] src/tests/test_gnn_overall.py:117: GNN reporting not available\nSKIPPED [1] src/tests/test_gnn_parsing.py:69: GNN discovery not available\nSKIPPED [1] src/tests/test_gnn_parsing.py:101: GNN discovery not available\nSKIPPED [1] src/tests/test_gnn_processing.py:60: GNN serializers not available\nSKIPPED [1] src/tests/test_gnn_processing.py:80: GNN serializers not available\nSKIPPED [1] src/tests/test_gnn_validation.py:57: GNN validation not available\nSKIPPED [1] src/tests/test_gnn_validation.py:80: GNN validation not available\nSKIPPED [1] src/tests/test_llm_ollama.py:61: Ollama not available locally\nSKIPPED [1] src/tests/test_llm_ollama.py:90: Ollama not available locally\nSKIPPED [1] src/tests/test_mcp_integration.py:28: MCP module not available\nSKIPPED [1] src/tests/test_mcp_overall.py:160: MCP module not available\nSKIPPED [1] src/tests/test_mcp_transport.py:47: MCP TCP server not available\nSKIPPED [1] src/tests/test_mcp_transport.py:60: MCP WebSocket server not available\nSKIPPED [1] src/tests/test_mcp_transport.py:77: MCP transport module not available\nSKIPPED [1] src/tests/test_mcp_transport.py:90: MCP transport module not available\nSKIPPED [1] src/tests/test_mcp_transport.py:103: MCP transport module not available\nSKIPPED [1] src/tests/test_mcp_transport.py:121: MCP transport module not available\nSKIPPED [1] src/tests/test_mcp_transport.py:134: MCP transport module not available\nFAILED src/tests/test_comprehensive_api.py::TestModuleConsistency::test_version_consistency\nFAILED src/tests/test_comprehensive_api.py::TestModuleConsistency::test_feature_flags_consistency\nFAILED src/tests/test_comprehensive_api.py::TestModuleConsistency::test_module_info_consistency\nFAILED src/tests/test_core_modules.py::TestLLMModuleComprehensive::test_llm_description_generation\nFAILED src/tests/test_core_modules.py::TestWebsiteModuleComprehensive::test_html_report_creation\nFAILED src/tests/test_main_orchestrator.py::TestArgumentParsing::test_argument_defaults\nFAILED src/tests/test_main_orchestrator.py::TestConfigurationValidation::test_configuration_schema_validation\nFAILED src/tests/test_ontology_overall.py::TestOntologyModuleComprehensive::test_ontology_processor_instantiation\nFAILED src/tests/test_ontology_overall.py::TestOntologyModuleComprehensive::test_ontology_validator_instantiation\nFAILED src/tests/test_ontology_overall.py::TestOntologyFunctionality::test_ontology_validation\n!!!!!!!!!!!!!!!!!!!!!!!!!! stopping after 10 failures !!!!!!!!!!!!!!!!!!!!!!!!!!\n============ 10 failed, 233 passed, 30 skipped, 3 warnings in 1.31s ============",
  "stderr": "",
  "tests_run": true
}