================================================= test session starts ==================================================
collecting ... collected 209 items

src/tests/test_error_recovery_framework.py::TestErrorRecoveryFramework::test_error_context_creation PASSED
src/tests/test_error_recovery_framework.py::TestErrorRecoveryFramework::test_error_recovery_manager_initialization PASSED
src/tests/test_error_recovery_framework.py::TestErrorRecoveryFramework::test_error_code_registry PASSED
src/tests/test_error_recovery_framework.py::TestErrorRecoveryFramework::test_error_message_formatting PASSED
src/tests/test_error_recovery_framework.py::TestErrorRecoveryFramework::test_error_handling_with_severity_levels 
---------------------------------------------------- live log call -----------------------------------------------------
2026-03-13 14:16:48 [    INFO] test: [I001] Informational
2026-03-13 14:16:48 [ WARNING] test: [W001] Warning
2026-03-13 14:16:48 [   ERROR] test: [E001] Error
2026-03-13 14:16:48 [CRITICAL] test: [CRIT001] Critical
PASSED
src/tests/test_error_recovery_framework.py::TestErrorRecoveryFramework::test_format_and_log_error_function 
---------------------------------------------------- live log call -----------------------------------------------------
2026-03-13 14:16:48 [   ERROR] utils.error_recovery: [E101] File not found
2026-03-13 14:16:48 [    INFO] utils.error_recovery: Recovery suggestions:
2026-03-13 14:16:48 [    INFO] utils.error_recovery:   1. Check file path
2026-03-13 14:16:48 [    INFO] utils.error_recovery:   2. Verify file exists
PASSED
src/tests/test_error_recovery_framework.py::TestErrorRecoveryStrategies::test_import_error_recovery_suggestions PASSED
src/tests/test_error_recovery_framework.py::TestErrorRecoveryStrategies::test_file_error_recovery_suggestions PASSED
src/tests/test_error_recovery_framework.py::TestErrorRecoveryStrategies::test_resource_error_recovery_suggestions PASSED
src/tests/test_error_recovery_framework.py::TestErrorRecoveryStrategies::test_validation_error_recovery_suggestions PASSED
src/tests/test_error_recovery_framework.py::TestErrorHandlingIntegration::test_error_context_roundtrip PASSED
src/tests/test_error_recovery_framework.py::TestErrorHandlingIntegration::test_error_recovery_manager_is_singleton PASSED
src/tests/test_error_recovery_framework.py::test_error_recovery_documentation PASSED
src/tests/test_pipeline_error_scenarios.py::TestDependencyErrorScenarios::test_pymdp_graceful_degradation_with_real_error 
---------------------------------------------------- live log call -----------------------------------------------------
2026-03-13 14:16:48 [    INFO] execute.pymdp.pymdp_simulation: Initialized with default gridworld configuration
2026-03-13 14:16:48 [    INFO] execute.pymdp.pymdp_simulation: Created PyMDP model: 4S, 5A, 4O
PASSED
src/tests/test_pipeline_error_scenarios.py::TestDependencyErrorScenarios::test_missing_discopy_graceful_degradation 
---------------------------------------------------- live log call -----------------------------------------------------
2026-03-13 14:16:48 [ WARNING] execute.discopy_translator_module.translator: DisCoPy not available - cannot create diagrams
PASSED
src/tests/test_pipeline_error_scenarios.py::TestDependencyErrorScenarios::test_matplotlib_rendering_fallbacks PASSED
src/tests/test_pipeline_error_scenarios.py::TestFileOperationErrorScenarios::test_missing_input_directory 
---------------------------------------------------- live log call -----------------------------------------------------
2026-03-13 14:16:49 [    INFO] visualization: Processing visualizations
2026-03-13 14:16:49 [ WARNING] visualization: ⚠️ No GNN files found for visualization
PASSED
src/tests/test_pipeline_error_scenarios.py::TestFileOperationErrorScenarios::test_readonly_output_directory PASSED
src/tests/test_pipeline_error_scenarios.py::TestFileOperationErrorScenarios::test_corrupted_gnn_file_handling PASSED
src/tests/test_pipeline_error_scenarios.py::TestResourceConstraintScenarios::test_large_gnn_file_handling 
---------------------------------------------------- live log call -----------------------------------------------------
2026-03-13 14:16:49 [    INFO] gnn.parsers.unified_parser: Detected format: markdown for /private/var/folders/vc/rgmbpjpj0dbg61vr54xjskc80000gn/T/pytest-of-4d/pytest-195/test_large_gnn_file_handling0/input/large_model.md
2026-03-13 14:16:49 [    INFO] gnn.parsers.unified_parser: Parsing /private/var/folders/vc/rgmbpjpj0dbg61vr54xjskc80000gn/T/pytest-of-4d/pytest-195/test_large_gnn_file_handling0/input/large_model.md as markdown
2026-03-13 14:16:49 [    INFO] gnn.parsers.unified_parser: Successfully parsed /private/var/folders/vc/rgmbpjpj0dbg61vr54xjskc80000gn/T/pytest-of-4d/pytest-195/test_large_gnn_file_handling0/input/large_model.md in 0.099s
PASSED
src/tests/test_pipeline_error_scenarios.py::TestResourceConstraintScenarios::test_concurrent_pipeline_execution 
---------------------------------------------------- live log call -----------------------------------------------------
2026-03-13 14:16:49 [    INFO] visualization: Processing visualizations
2026-03-13 14:16:50 [    INFO] visualization: ✅ Generated 7 visualizations
PASSED
src/tests/test_pipeline_error_scenarios.py::TestPipelineIntegrationScenarios::test_pipeline_with_missing_dependencies PASSED
src/tests/test_pipeline_error_scenarios.py::TestPipelineIntegrationScenarios::test_error_recovery_and_continuation PASSED
src/tests/test_pipeline_error_scenarios.py::TestErrorReportingAndDiagnostics::test_standardized_error_handler_creation SKIPPED
src/tests/test_pipeline_error_scenarios.py::TestErrorReportingAndDiagnostics::test_diagnostic_logger_creation 2026-03-13 14:16:56,301 - test_step - INFO - [fd32ee6a] 🚀 Starting test_step: Test operation

---------------------------------------------------- live log call -----------------------------------------------------
2026-03-13 14:16:56 [    INFO] test_step: [fd32ee6a] 🚀 Starting test_step: Test operation
2026-03-13 14:16:56,301 - test_step - DEBUG - [fd32ee6a] System resources: Memory 74.3%, CPU 42.2%, Disk 2.5%
2026-03-13 14:16:56,301 - test_step - WARNING - [fd32ee6a] ⚠️  Test warning
2026-03-13 14:16:56 [ WARNING] test_step: [fd32ee6a] ⚠️  Test warning
2026-03-13 14:16:56,301 - test_step - INFO - [fd32ee6a] ✅ test_step completed: Test completed (0.11s)
2026-03-13 14:16:56 [    INFO] test_step: [fd32ee6a] ✅ test_step completed: Test completed (0.11s)
PASSED
src/tests/test_pipeline_error_scenarios.py::TestErrorReportingAndDiagnostics::test_dependency_validation_reporting PASSED
src/tests/test_pipeline_functionality.py::TestPipelineFunctionality::test_visualization_generates_images 
---------------------------------------------------- live log call -----------------------------------------------------
2026-03-13 14:16:57 [    INFO] visualization: Processing visualizations
2026-03-13 14:16:58 [    INFO] visualization: ✅ Generated 7 visualizations
PASSED
src/tests/test_pipeline_functionality.py::TestPipelineFunctionality::test_gnn_processing_generates_results 
---------------------------------------------------- live log call -----------------------------------------------------
2026-03-13 14:16:58 [    INFO] gnn.schema_validator: Enhanced multi-format parsing system initialized
2026-03-13 14:16:58 [    INFO] gnn.cross_format_validator: Enhanced parsing system initialized for cross-format validation
2026-03-13 14:16:58 [    INFO] gnn.cross_format_validator: Enhanced parsing system initialized for cross-format validation
2026-03-13 14:16:58 [    INFO] gnn.core_processor.wrapper: Starting GNN processing pipeline
2026-03-13 14:16:58 [    INFO] gnn.core_processor.wrapper: Phase 1: File discovery and basic analysis
2026-03-13 14:16:58 [    INFO] gnn.discovery: Starting file discovery in /var/folders/vc/rgmbpjpj0dbg61vr54xjskc80000gn/T/tmprnr0_9ia
2026-03-13 14:16:58 [    INFO] gnn.discovery: Discovery completed: 0/0 potential GNN files in 0.002s
2026-03-13 14:16:58 [    INFO] gnn.core_processor.wrapper: Discovered 0 GNN files
PASSED
src/tests/test_pipeline_functionality.py::TestPipelineFunctionality::test_multi_format_export_generates_files 
---------------------------------------------------- live log call -----------------------------------------------------
2026-03-13 14:16:58 [    INFO] export: 🚀 Starting step: Generating multi-format exports
2026-03-13 14:16:58 [    INFO] export: ✅ All exports generated successfully
PASSED
src/tests/test_pipeline_functionality.py::TestPipelineFunctionality::test_results_json_are_valid 
---------------------------------------------------- live log call -----------------------------------------------------
2026-03-13 14:16:58 [    INFO] visualization: Processing visualizations
2026-03-13 14:16:59 [    INFO] visualization: ✅ Generated 6 visualizations
2026-03-13 14:16:59 [    INFO] export: 🚀 Starting step: Generating multi-format exports
2026-03-13 14:16:59 [    INFO] export: ✅ All exports generated successfully
PASSED
src/tests/test_pipeline_functionality.py::TestPipelineFunctionality::test_preflight_metrics 
---------------------------------------------------- live log call -----------------------------------------------------
2026-03-13 14:16:59 [    INFO] visualization: Processing visualizations
2026-03-13 14:17:00 [    INFO] visualization: ✅ Generated 8 visualizations
PASSED
src/tests/test_pipeline_improvements_validation.py::TestDiScoPyModuleCreation::test_discopy_translator_module_import PASSED
src/tests/test_pipeline_improvements_validation.py::TestDiScoPyModuleCreation::test_discopy_diagram_creation_graceful_degradation 
---------------------------------------------------- live log call -----------------------------------------------------
2026-03-13 14:17:00 [ WARNING] execute.discopy_translator_module.translator: DisCoPy not available - cannot create diagrams
PASSED
src/tests/test_pipeline_improvements_validation.py::TestDiScoPyModuleCreation::test_visualize_jax_output_module_import PASSED
src/tests/test_pipeline_improvements_validation.py::TestVisualizationBugFixes::test_visualization_parser_type_safety PASSED
src/tests/test_pipeline_improvements_validation.py::TestVisualizationBugFixes::test_matplotlib_dpi_corruption_fix PASSED
src/tests/test_pipeline_improvements_validation.py::TestVisualizationBugFixes::test_visualization_data_structure_compatibility SKIPPED
src/tests/test_pipeline_improvements_validation.py::TestErrorHandlingImprovements::test_standardized_error_handler_functionality SKIPPED
src/tests/test_pipeline_improvements_validation.py::TestErrorHandlingImprovements::test_error_context_manager SKIPPED
src/tests/test_pipeline_improvements_validation.py::TestDependencyValidationImprovements::test_discopy_dependency_group PASSED
src/tests/test_pipeline_improvements_validation.py::TestDependencyValidationImprovements::test_pymdp_dependency_group PASSED
src/tests/test_pipeline_improvements_validation.py::TestDependencyValidationImprovements::test_improved_installation_instructions PASSED
src/tests/test_pipeline_improvements_validation.py::TestLoggingImprovements::test_diagnostic_logger_functionality 2026-03-13 14:17:02,915 - test_step - INFO - [6f463878] 🚀 Starting test_step: Test operation | Context: {'param1': 'value1'}

---------------------------------------------------- live log call -----------------------------------------------------
2026-03-13 14:17:02 [    INFO] test_step: [6f463878] 🚀 Starting test_step: Test operation | Context: {'param1': 'value1'}
2026-03-13 14:17:02,915 - test_step - DEBUG - [6f463878] System resources: Memory 72.1%, CPU 25.5%, Disk 2.5%
2026-03-13 14:17:02,915 - test_step - WARNING - [6f463878] ⚠️  Test warning | Context: {'context': 'test'}
2026-03-13 14:17:02 [ WARNING] test_step: [6f463878] ⚠️  Test warning | Context: {'context': 'test'}
2026-03-13 14:17:02,915 - test_step - INFO - [6f463878] ✅ test_step completed: Test completed (0.11s) | Context: {'results': 'success'}
2026-03-13 14:17:02 [    INFO] test_step: [6f463878] ✅ test_step completed: Test completed (0.11s) | Context: {'results': 'success'}
2026-03-13 14:17:02,915 - test_step - DEBUG - [6f463878] Starting operation: test_operation
2026-03-13 14:17:02,930 - test_step - DEBUG - [6f463878] Completed operation: test_operation (0.015s)
2026-03-13 14:17:03,033 - test_step - INFO - [6f463878] Diagnostic report saved to /var/folders/vc/rgmbpjpj0dbg61vr54xjskc80000gn/T/tmpuh5ofpkw/test_step_diagnostic_report.json
2026-03-13 14:17:03 [    INFO] test_step: [6f463878] Diagnostic report saved to /var/folders/vc/rgmbpjpj0dbg61vr54xjskc80000gn/T/tmpuh5ofpkw/test_step_diagnostic_report.json
PASSED
src/tests/test_pipeline_improvements_validation.py::TestLoggingImprovements::test_correlation_context PASSED
src/tests/test_pipeline_improvements_validation.py::TestIntegrationValidation::test_end_to_end_pipeline_with_improvements PASSED
src/tests/test_pipeline_improvements_validation.py::test_specific_pipeline_steps_improvements[step_numbers0] PASSED
src/tests/test_pipeline_improvements_validation.py::test_specific_pipeline_steps_improvements[step_numbers1] PASSED
src/tests/test_pipeline_infrastructure.py::TestPipelineDiscovery::test_discovery_imports PASSED
src/tests/test_pipeline_infrastructure.py::TestPipelineDiscovery::test_get_pipeline_scripts PASSED
src/tests/test_pipeline_infrastructure.py::TestPipelineDiscovery::test_discover_steps PASSED
src/tests/test_pipeline_infrastructure.py::TestPipelineStepTemplate::test_step_template_imports PASSED
src/tests/test_pipeline_infrastructure.py::TestPipelineStepTemplate::test_validate_step_requirements PASSED
src/tests/test_pipeline_infrastructure.py::TestPipelineStepTemplate::test_process_single_file PASSED
src/tests/test_pipeline_infrastructure.py::TestPipelineValidation::test_validation_imports PASSED
src/tests/test_pipeline_infrastructure.py::TestPipelineValidation::test_validate_module_imports PASSED
src/tests/test_pipeline_infrastructure.py::TestPipelineValidation::test_validate_dependency_cycles PASSED
src/tests/test_pipeline_infrastructure.py::TestVerifyPipeline::test_verify_imports PASSED
src/tests/test_pipeline_infrastructure.py::TestVerifyPipeline::test_verify_module_imports PASSED
src/tests/test_pipeline_infrastructure.py::TestVerifyPipeline::test_verify_step_files PASSED
src/tests/test_pipeline_infrastructure.py::TestUtilsMigrationHelper::test_migration_imports PASSED
src/tests/test_pipeline_infrastructure.py::TestUtilsMigrationHelper::test_migration_helper_class PASSED
src/tests/test_pipeline_infrastructure.py::TestUtilsMigrationHelper::test_analyze_module PASSED
src/tests/test_pipeline_infrastructure.py::TestUtilsPipelineMonitor::test_monitor_imports PASSED
src/tests/test_pipeline_infrastructure.py::TestUtilsPipelineMonitor::test_pipeline_monitor_class PASSED
src/tests/test_pipeline_infrastructure.py::TestUtilsPipelineMonitor::test_monitor_step_execution PASSED
src/tests/test_pipeline_infrastructure.py::TestUtilsResourceManager::test_resource_manager_imports PASSED
src/tests/test_pipeline_infrastructure.py::TestUtilsResourceManager::test_resource_manager_class PASSED
src/tests/test_pipeline_infrastructure.py::TestUtilsResourceManager::test_resource_tracker PASSED
src/tests/test_pipeline_infrastructure.py::TestUtilsScriptValidator::test_script_validator_imports PASSED
src/tests/test_pipeline_infrastructure.py::TestUtilsScriptValidator::test_pipeline_script_validator_class PASSED
src/tests/test_pipeline_infrastructure.py::TestUtilsScriptValidator::test_validate_pipeline_scripts 
---------------------------------------------------- live log call -----------------------------------------------------
2026-03-13 14:17:17 [    INFO] src.utils.script_validator: Validating script: 0_template.py
2026-03-13 14:17:17 [    INFO] src.utils.script_validator: Validating script: 1_setup.py
2026-03-13 14:17:17 [    INFO] src.utils.script_validator: Validating script: 2_tests.py
2026-03-13 14:17:17 [    INFO] src.utils.script_validator: Validating script: 3_gnn.py
2026-03-13 14:17:17 [    INFO] src.utils.script_validator: Validating script: 4_model_registry.py
2026-03-13 14:17:17 [    INFO] src.utils.script_validator: Validating script: 5_type_checker.py
2026-03-13 14:17:17 [    INFO] src.utils.script_validator: Validating script: 6_validation.py
2026-03-13 14:17:17 [    INFO] src.utils.script_validator: Validating script: 7_export.py
2026-03-13 14:17:17 [    INFO] src.utils.script_validator: Validating script: 8_visualization.py
2026-03-13 14:17:17 [    INFO] src.utils.script_validator: Validating script: 9_advanced_viz.py
2026-03-13 14:17:17 [    INFO] src.utils.script_validator: Validating script: 10_ontology.py
2026-03-13 14:17:17 [    INFO] src.utils.script_validator: Validating script: 10_ontology.py
2026-03-13 14:17:17 [    INFO] src.utils.script_validator: Validating script: 11_render.py
2026-03-13 14:17:17 [    INFO] src.utils.script_validator: Validating script: 11_render.py
2026-03-13 14:17:17 [    INFO] src.utils.script_validator: Validating script: 12_execute.py
2026-03-13 14:17:17 [    INFO] src.utils.script_validator: Validating script: 12_execute.py
2026-03-13 14:17:17 [    INFO] src.utils.script_validator: Validating script: 13_llm.py
2026-03-13 14:17:17 [    INFO] src.utils.script_validator: Validating script: 13_llm.py
2026-03-13 14:17:17 [    INFO] src.utils.script_validator: Validating script: 14_ml_integration.py
2026-03-13 14:17:17 [    INFO] src.utils.script_validator: Validating script: 14_ml_integration.py
2026-03-13 14:17:17 [    INFO] src.utils.script_validator: Validating script: 15_audio.py
2026-03-13 14:17:17 [    INFO] src.utils.script_validator: Validating script: 15_audio.py
2026-03-13 14:17:17 [    INFO] src.utils.script_validator: Validating script: 16_analysis.py
2026-03-13 14:17:17 [    INFO] src.utils.script_validator: Validating script: 16_analysis.py
2026-03-13 14:17:17 [    INFO] src.utils.script_validator: Validating script: 17_integration.py
2026-03-13 14:17:17 [    INFO] src.utils.script_validator: Validating script: 17_integration.py
2026-03-13 14:17:17 [    INFO] src.utils.script_validator: Validating script: 18_security.py
2026-03-13 14:17:17 [    INFO] src.utils.script_validator: Validating script: 18_security.py
2026-03-13 14:17:17 [    INFO] src.utils.script_validator: Validating script: 19_research.py
2026-03-13 14:17:17 [    INFO] src.utils.script_validator: Validating script: 19_research.py
2026-03-13 14:17:17 [    INFO] src.utils.script_validator: Validating script: 20_website.py
2026-03-13 14:17:17 [    INFO] src.utils.script_validator: Validating script: 20_website.py
2026-03-13 14:17:17 [    INFO] src.utils.script_validator: Validating script: 21_mcp.py
2026-03-13 14:17:17 [    INFO] src.utils.script_validator: Validating script: 21_mcp.py
2026-03-13 14:17:17 [    INFO] src.utils.script_validator: Validating script: 22_gui.py
2026-03-13 14:17:17 [    INFO] src.utils.script_validator: Validating script: 22_gui.py
2026-03-13 14:17:17 [    INFO] src.utils.script_validator: Validating script: 23_report.py
2026-03-13 14:17:17 [    INFO] src.utils.script_validator: Validating script: 23_report.py
2026-03-13 14:17:17 [    INFO] src.utils.script_validator: Validating script: 24_intelligent_analysis.py
2026-03-13 14:17:17 [    INFO] src.utils.script_validator: Validating script: 24_intelligent_analysis.py
PASSED
src/tests/test_pipeline_infrastructure.py::TestPipelineInfrastructureIntegration::test_discovery_and_validation_integration PASSED
src/tests/test_pipeline_infrastructure.py::TestPipelineInfrastructureIntegration::test_monitoring_and_resource_management_integration PASSED
src/tests/test_pipeline_infrastructure.py::test_pipeline_infrastructure_performance PASSED
src/tests/test_pipeline_infrastructure.py::test_pipeline_infrastructure_completeness PASSED
src/tests/test_pipeline_integration.py::TestPipelineStepIntegration::test_gnn_to_render_data_flow PASSED
src/tests/test_pipeline_integration.py::TestPipelineStepIntegration::test_render_to_execute_data_flow PASSED
src/tests/test_pipeline_integration.py::TestPipelineStepIntegration::test_visualization_to_report_data_flow 
---------------------------------------------------- live log call -----------------------------------------------------
2026-03-13 14:17:17 [    INFO] test_integration: Processing report for files in /private/var/folders/vc/rgmbpjpj0dbg61vr54xjskc80000gn/T/pytest-of-4d/pytest-195/test_visualization_to_report_d0
2026-03-13 14:17:17 [    INFO] test_integration: Pipeline output directory: /private/var/folders/vc/rgmbpjpj0dbg61vr54xjskc80000gn/T/pytest-of-4d/pytest-195/test_visualization_to_report_d0
2026-03-13 14:17:17 [    INFO] test_integration: Report output directory: /private/var/folders/vc/rgmbpjpj0dbg61vr54xjskc80000gn/T/pytest-of-4d/pytest-195/test_visualization_to_report_d0/23_report_output
2026-03-13 14:17:17 [    INFO] test_integration: Generating comprehensive analysis report from pipeline outputs
2026-03-13 14:17:17 [    INFO] test_integration: Starting comprehensive report generation from pipeline outputs
2026-03-13 14:17:17 [    INFO] test_integration: Collecting pipeline data for analysis
2026-03-13 14:17:17 [    INFO] test_integration: Total visualizations discovered: 0
2026-03-13 14:17:17 [    INFO] test_integration: Generating HTML report
2026-03-13 14:17:17 [    INFO] test_integration: HTML report generated: /private/var/folders/vc/rgmbpjpj0dbg61vr54xjskc80000gn/T/pytest-of-4d/pytest-195/test_visualization_to_report_d0/23_report_output/comprehensive_analysis_report.html (0.01 MB)
2026-03-13 14:17:17 [    INFO] test_integration: Generating Markdown report
2026-03-13 14:17:17 [    INFO] test_integration: Markdown report generated: /private/var/folders/vc/rgmbpjpj0dbg61vr54xjskc80000gn/T/pytest-of-4d/pytest-195/test_visualization_to_report_d0/23_report_output/comprehensive_analysis_report.md (0.00 MB)
2026-03-13 14:17:17 [    INFO] test_integration: Generating JSON report
2026-03-13 14:17:17 [    INFO] test_integration: JSON report generated: /private/var/folders/vc/rgmbpjpj0dbg61vr54xjskc80000gn/T/pytest-of-4d/pytest-195/test_visualization_to_report_d0/23_report_output/report_summary.json (0.01 MB)
2026-03-13 14:17:17 [    INFO] test_integration: Report generation summary created: /private/var/folders/vc/rgmbpjpj0dbg61vr54xjskc80000gn/T/pytest-of-4d/pytest-195/test_visualization_to_report_d0/23_report_output/report_generation_summary.json
2026-03-13 14:17:17 [    INFO] test_integration: Generated comprehensive report with 3 files
2026-03-13 14:17:17 [    INFO] test_integration: Pipeline health score: 30.8/100
2026-03-13 14:17:17 [    INFO] test_integration: Report files: comprehensive_analysis_report.html, comprehensive_analysis_report.md, report_summary.json
2026-03-13 14:17:17 [    INFO] report.pipeline_report: 📄 Pipeline report generated (674 chars)
2026-03-13 14:17:17 [    INFO] test_integration: 📄 Pipeline report written to: /private/var/folders/vc/rgmbpjpj0dbg61vr54xjskc80000gn/T/pytest-of-4d/pytest-195/test_visualization_to_report_d0/PIPELINE_REPORT.md
2026-03-13 14:17:17 [    INFO] test_integration: 📊 Report summary saved to: /private/var/folders/vc/rgmbpjpj0dbg61vr54xjskc80000gn/T/pytest-of-4d/pytest-195/test_visualization_to_report_d0/23_report_output/report_processing_summary.json
2026-03-13 14:17:17 [    INFO] test_integration: ✅ Report processing completed - Generated 4 report files
PASSED
src/tests/test_pipeline_integration.py::TestPipelineExternalIntegration::test_pipeline_filesystem_integration PASSED
src/tests/test_pipeline_integration.py::TestPipelineExternalIntegration::test_pipeline_logging_integration 
---------------------------------------------------- live log call -----------------------------------------------------
2026-03-13 14:17:17 [    INFO] test_pipeline: Test log message
PASSED
src/tests/test_pipeline_integration.py::TestPipelineExternalIntegration::test_pipeline_config_loading PASSED
src/tests/test_pipeline_integration.py::TestPipelineModuleIntegration::test_all_modules_importable PASSED
src/tests/test_pipeline_integration.py::TestPipelineModuleIntegration::test_module_info_consistency PASSED
src/tests/test_pipeline_integration.py::TestPipelineModuleIntegration::test_pipeline_step_order PASSED
src/tests/test_pipeline_integration.py::TestPipelineOutputIntegration::test_output_directory_structure PASSED
src/tests/test_pipeline_integration.py::TestPipelineOutputIntegration::test_summary_file_creation PASSED
src/tests/test_pipeline_integration.py::TestPipelineErrorIntegration::test_graceful_module_failure PASSED
src/tests/test_pipeline_integration.py::TestPipelineErrorIntegration::test_recovery_from_step_failure PASSED
src/tests/test_pipeline_main.py::TestPipelineMain::test_pipeline_steps_3_7_8_produce_artifacts PASSED
src/tests/test_pipeline_main.py::TestPipelineMain::test_pipeline_step_11_12_produce_reports +++++++++++++++++++++++++++++++++++++++++++++++++++++++ Timeout ++++++++++++++++++++++++++++++++++++++++++++++++++++++++
~~~~~~~~~~~~~~~~~~~~~~~~~~~~~~~~~~~~~~~~~~~ Stack of MainThread (8369516800) ~~~~~~~~~~~~~~~~~~~~~~~~~~~~~~~~~~~~~~~~~~~
  File "<frozen runpy>", line 198, in _run_module_as_main
  File "<frozen runpy>", line 88, in _run_code
  File "/Users/4d/Documents/GitHub/generalizednotationnotation/.venv/lib/python3.12/site-packages/pytest/__main__.py", line 9, in <module>
    raise SystemExit(pytest.console_main())
  File "/Users/4d/Documents/GitHub/generalizednotationnotation/.venv/lib/python3.12/site-packages/_pytest/config/__init__.py", line 223, in console_main
    code = main()
  File "/Users/4d/Documents/GitHub/generalizednotationnotation/.venv/lib/python3.12/site-packages/_pytest/config/__init__.py", line 199, in main
    ret: ExitCode | int = config.hook.pytest_cmdline_main(config=config)
  File "/Users/4d/Documents/GitHub/generalizednotationnotation/.venv/lib/python3.12/site-packages/pluggy/_hooks.py", line 512, in __call__
    return self._hookexec(self.name, self._hookimpls.copy(), kwargs, firstresult)
  File "/Users/4d/Documents/GitHub/generalizednotationnotation/.venv/lib/python3.12/site-packages/pluggy/_manager.py", line 120, in _hookexec
    return self._inner_hookexec(hook_name, methods, kwargs, firstresult)
  File "/Users/4d/Documents/GitHub/generalizednotationnotation/.venv/lib/python3.12/site-packages/pluggy/_callers.py", line 121, in _multicall
    res = hook_impl.function(*args)
  File "/Users/4d/Documents/GitHub/generalizednotationnotation/.venv/lib/python3.12/site-packages/_pytest/main.py", line 365, in pytest_cmdline_main
    return wrap_session(config, _main)
  File "/Users/4d/Documents/GitHub/generalizednotationnotation/.venv/lib/python3.12/site-packages/_pytest/main.py", line 318, in wrap_session
    session.exitstatus = doit(config, session) or 0
  File "/Users/4d/Documents/GitHub/generalizednotationnotation/.venv/lib/python3.12/site-packages/_pytest/main.py", line 372, in _main
    config.hook.pytest_runtestloop(session=session)
  File "/Users/4d/Documents/GitHub/generalizednotationnotation/.venv/lib/python3.12/site-packages/pluggy/_hooks.py", line 512, in __call__
    return self._hookexec(self.name, self._hookimpls.copy(), kwargs, firstresult)
  File "/Users/4d/Documents/GitHub/generalizednotationnotation/.venv/lib/python3.12/site-packages/pluggy/_manager.py", line 120, in _hookexec
    return self._inner_hookexec(hook_name, methods, kwargs, firstresult)
  File "/Users/4d/Documents/GitHub/generalizednotationnotation/.venv/lib/python3.12/site-packages/pluggy/_callers.py", line 121, in _multicall
    res = hook_impl.function(*args)
  File "/Users/4d/Documents/GitHub/generalizednotationnotation/.venv/lib/python3.12/site-packages/_pytest/main.py", line 396, in pytest_runtestloop
    item.config.hook.pytest_runtest_protocol(item=item, nextitem=nextitem)
  File "/Users/4d/Documents/GitHub/generalizednotationnotation/.venv/lib/python3.12/site-packages/pluggy/_hooks.py", line 512, in __call__
    return self._hookexec(self.name, self._hookimpls.copy(), kwargs, firstresult)
  File "/Users/4d/Documents/GitHub/generalizednotationnotation/.venv/lib/python3.12/site-packages/pluggy/_manager.py", line 120, in _hookexec
    return self._inner_hookexec(hook_name, methods, kwargs, firstresult)
  File "/Users/4d/Documents/GitHub/generalizednotationnotation/.venv/lib/python3.12/site-packages/pluggy/_callers.py", line 121, in _multicall
    res = hook_impl.function(*args)
  File "/Users/4d/Documents/GitHub/generalizednotationnotation/.venv/lib/python3.12/site-packages/_pytest/runner.py", line 118, in pytest_runtest_protocol
    runtestprotocol(item, nextitem=nextitem)
  File "/Users/4d/Documents/GitHub/generalizednotationnotation/.venv/lib/python3.12/site-packages/_pytest/runner.py", line 137, in runtestprotocol
    reports.append(call_and_report(item, "call", log))
  File "/Users/4d/Documents/GitHub/generalizednotationnotation/.venv/lib/python3.12/site-packages/_pytest/runner.py", line 244, in call_and_report
    call = CallInfo.from_call(
  File "/Users/4d/Documents/GitHub/generalizednotationnotation/.venv/lib/python3.12/site-packages/_pytest/runner.py", line 353, in from_call
    result: TResult | None = func()
  File "/Users/4d/Documents/GitHub/generalizednotationnotation/.venv/lib/python3.12/site-packages/_pytest/runner.py", line 245, in <lambda>
    lambda: runtest_hook(item=item, **kwds),
  File "/Users/4d/Documents/GitHub/generalizednotationnotation/.venv/lib/python3.12/site-packages/pluggy/_hooks.py", line 512, in __call__
    return self._hookexec(self.name, self._hookimpls.copy(), kwargs, firstresult)
  File "/Users/4d/Documents/GitHub/generalizednotationnotation/.venv/lib/python3.12/site-packages/pluggy/_manager.py", line 120, in _hookexec
    return self._inner_hookexec(hook_name, methods, kwargs, firstresult)
  File "/Users/4d/Documents/GitHub/generalizednotationnotation/.venv/lib/python3.12/site-packages/pluggy/_callers.py", line 121, in _multicall
    res = hook_impl.function(*args)
  File "/Users/4d/Documents/GitHub/generalizednotationnotation/.venv/lib/python3.12/site-packages/_pytest/runner.py", line 179, in pytest_runtest_call
    item.runtest()
  File "/Users/4d/Documents/GitHub/generalizednotationnotation/.venv/lib/python3.12/site-packages/_pytest/python.py", line 1720, in runtest
    self.ihook.pytest_pyfunc_call(pyfuncitem=self)
  File "/Users/4d/Documents/GitHub/generalizednotationnotation/.venv/lib/python3.12/site-packages/pluggy/_hooks.py", line 512, in __call__
    return self._hookexec(self.name, self._hookimpls.copy(), kwargs, firstresult)
  File "/Users/4d/Documents/GitHub/generalizednotationnotation/.venv/lib/python3.12/site-packages/pluggy/_manager.py", line 120, in _hookexec
    return self._inner_hookexec(hook_name, methods, kwargs, firstresult)
  File "/Users/4d/Documents/GitHub/generalizednotationnotation/.venv/lib/python3.12/site-packages/pluggy/_callers.py", line 121, in _multicall
    res = hook_impl.function(*args)
  File "/Users/4d/Documents/GitHub/generalizednotationnotation/.venv/lib/python3.12/site-packages/_pytest/python.py", line 166, in pytest_pyfunc_call
    result = testfunction(**testargs)
  File "/Users/4d/Documents/GitHub/generalizednotationnotation/src/tests/test_pipeline_main.py", line 140, in test_pipeline_step_11_12_produce_reports
    result = subprocess.run(cmd, cwd=PROJECT_ROOT, capture_output=True, text=True, timeout=300)
  File "/Users/4d/miniforge3/lib/python3.12/subprocess.py", line 550, in run
    stdout, stderr = process.communicate(input, timeout=timeout)
  File "/Users/4d/miniforge3/lib/python3.12/subprocess.py", line 1209, in communicate
    stdout, stderr = self._communicate(input, endtime, timeout)
  File "/Users/4d/miniforge3/lib/python3.12/subprocess.py", line 2115, in _communicate
    ready = selector.select(timeout)
  File "/Users/4d/miniforge3/lib/python3.12/selectors.py", line 415, in select
    fd_event_list = self._selector.poll(timeout)
+++++++++++++++++++++++++++++++++++++++++++++++++++++++ Timeout ++++++++++++++++++++++++++++++++++++++++++++++++++++++++