================================================= test session starts ==================================================
collecting ... collected 126 items

src/tests/test_pipeline_functionality.py::TestPipelineFunctionality::test_visualization_generates_images PASSED
src/tests/test_pipeline_functionality.py::TestPipelineFunctionality::test_gnn_processing_generates_results PASSED
src/tests/test_pipeline_functionality.py::TestPipelineFunctionality::test_multi_format_export_generates_files PASSED
src/tests/test_pipeline_functionality.py::TestPipelineFunctionality::test_results_json_are_valid PASSED
src/tests/test_pipeline_functionality.py::TestPipelineFunctionality::test_preflight_metrics PASSED
src/tests/test_pipeline_infrastructure.py::TestPipelineDiscovery::test_discovery_imports PASSED
src/tests/test_pipeline_infrastructure.py::TestPipelineDiscovery::test_get_pipeline_scripts PASSED
src/tests/test_pipeline_infrastructure.py::TestPipelineDiscovery::test_discover_steps PASSED
src/tests/test_pipeline_infrastructure.py::TestPipelineStepTemplate::test_step_template_imports SKIPPED
src/tests/test_pipeline_infrastructure.py::TestPipelineStepTemplate::test_pipeline_step_class SKIPPED (Pipeline
step template not available)
src/tests/test_pipeline_infrastructure.py::TestPipelineStepTemplate::test_create_step_template SKIPPED (Pipeline
step template not available)
src/tests/test_pipeline_infrastructure.py::TestPipelineValidation::test_validation_imports SKIPPED (Pipeline
validation not available)
src/tests/test_pipeline_infrastructure.py::TestPipelineValidation::test_validate_pipeline SKIPPED (Pipeline
validation not available)
src/tests/test_pipeline_infrastructure.py::TestPipelineValidation::test_check_step_dependencies SKIPPED
src/tests/test_pipeline_infrastructure.py::TestVerifyPipeline::test_verify_imports PASSED
src/tests/test_pipeline_infrastructure.py::TestVerifyPipeline::test_verify_pipeline_integrity SKIPPED (Pipeline
verify not available)
src/tests/test_pipeline_infrastructure.py::TestVerifyPipeline::test_check_pipeline_health SKIPPED (Pipeline
verify not available)
src/tests/test_pipeline_infrastructure.py::TestUtilsMigrationHelper::test_migration_imports PASSED
src/tests/test_pipeline_infrastructure.py::TestUtilsMigrationHelper::test_migrate_pipeline SKIPPED (Migration
helper not available)
src/tests/test_pipeline_infrastructure.py::TestUtilsMigrationHelper::test_upgrade_scripts SKIPPED (Migration
helper not available)
src/tests/test_pipeline_infrastructure.py::TestUtilsPipelineMonitor::test_monitor_imports PASSED
src/tests/test_pipeline_infrastructure.py::TestUtilsPipelineMonitor::test_pipeline_monitor_class PASSED
src/tests/test_pipeline_infrastructure.py::TestUtilsPipelineMonitor::test_monitor_execution SKIPPED (Pipeline
monitor not available)
src/tests/test_pipeline_infrastructure.py::TestUtilsResourceManager::test_resource_manager_imports PASSED
src/tests/test_pipeline_infrastructure.py::TestUtilsResourceManager::test_resource_manager_class SKIPPED
src/tests/test_pipeline_infrastructure.py::TestUtilsResourceManager::test_monitor_resources SKIPPED (Resource
manager not available)
src/tests/test_pipeline_infrastructure.py::TestUtilsScriptValidator::test_script_validator_imports PASSED
src/tests/test_pipeline_infrastructure.py::TestUtilsScriptValidator::test_script_validator_class SKIPPED (Script
validator not available)
src/tests/test_pipeline_infrastructure.py::TestUtilsScriptValidator::test_validate_script SKIPPED (Script
validator not available)
src/tests/test_pipeline_infrastructure.py::TestPipelineInfrastructureIntegration::test_discovery_and_validation_integration SKIPPED
src/tests/test_pipeline_infrastructure.py::TestPipelineInfrastructureIntegration::test_monitoring_and_resource_management_integration SKIPPED
src/tests/test_pipeline_infrastructure.py::test_pipeline_infrastructure_performance SKIPPED (Pipeline
infrastructure not available for performance test)
src/tests/test_pipeline_infrastructure.py::test_pipeline_infrastructure_completeness PASSED
src/tests/test_pipeline_overall.py::TestPipelineModuleComprehensive::test_pipeline_module_imports PASSED
src/tests/test_pipeline_overall.py::TestPipelineModuleComprehensive::test_pipeline_orchestrator_instantiation PASSED
src/tests/test_pipeline_overall.py::TestPipelineModuleComprehensive::test_pipeline_step_instantiation PASSED
src/tests/test_pipeline_overall.py::TestPipelineModuleComprehensive::test_pipeline_module_info PASSED
src/tests/test_pipeline_overall.py::TestPipelineModuleComprehensive::test_pipeline_config PASSED
src/tests/test_pipeline_overall.py::TestPipelineFunctionality::test_pipeline_execution PASSED
src/tests/test_pipeline_overall.py::TestPipelineFunctionality::test_pipeline_step_validation PASSED
src/tests/test_pipeline_overall.py::TestPipelineFunctionality::test_pipeline_discovery PASSED
src/tests/test_pipeline_overall.py::TestPipelineIntegration::test_pipeline_module_integration PASSED
src/tests/test_pipeline_overall.py::TestPipelineIntegration::test_pipeline_mcp_integration PASSED
src/tests/test_pipeline_overall.py::test_pipeline_module_completeness PASSED
src/tests/test_pipeline_overall.py::test_pipeline_module_performance PASSED
src/tests/test_pipeline_performance.py::TestGNNProcessingPerformance::test_processing_scaling[small] PASSED
src/tests/test_pipeline_performance.py::TestGNNProcessingPerformance::test_processing_scaling[medium] PASSED
src/tests/test_pipeline_performance.py::TestGNNProcessingPerformance::test_processing_scaling[large] PASSED
src/tests/test_pipeline_performance.py::TestGNNProcessingPerformance::test_parallel_processing PASSED
src/tests/test_pipeline_performance.py::TestVisualizationPerformance::test_visualization_scaling[small] PASSED
src/tests/test_pipeline_performance.py::TestVisualizationPerformance::test_visualization_scaling[medium] PASSED
src/tests/test_pipeline_performance.py::TestVisualizationPerformance::test_visualization_scaling[large] PASSED
src/tests/test_pipeline_performance.py::TestVisualizationPerformance::test_visualization_caching PASSED
src/tests/test_pipeline_performance.py::TestMemoryUsagePatterns::test_memory_cleanup PASSED
src/tests/test_pipeline_performance.py::TestMemoryUsagePatterns::test_peak_memory_tracking PASSED
src/tests/test_pipeline_performance.py::TestDiskIOPerformance::test_file_write_performance PASSED
src/tests/test_pipeline_performance.py::TestDiskIOPerformance::test_export_performance PASSED
src/tests/test_pipeline_performance.py::TestNetworkOperationTiming::test_api_request_timing PASSED
src/tests/test_pipeline_performance.py::TestNetworkOperationTiming::test_batch_request_performance PASSED
src/tests/test_pipeline_performance.py::TestResourceScaling::test_pipeline_scaling[1] PASSED
src/tests/test_pipeline_performance.py::TestResourceScaling::test_pipeline_scaling[3] PASSED
src/tests/test_pipeline_performance.py::TestResourceScaling::test_pipeline_scaling[10] PASSED
src/tests/test_pipeline_performance.py::TestResourceScaling::test_resource_estimation PASSED
src/tests/test_pipeline_recovery.py::TestRecursionErrorRecovery::test_numpy_import_recovery PASSED
src/tests/test_pipeline_recovery.py::TestRecursionErrorRecovery::test_render_step_recovery PASSED
src/tests/test_pipeline_recovery.py::TestAsyncAwaitRecovery::test_llm_analysis_recovery FAILED
src/tests/test_pipeline_recovery.py::TestAsyncAwaitRecovery::test_sync_wrapper_recovery SKIPPED (No LLM
providers available (no API keys and Ollama disabled))
src/tests/test_pipeline_recovery.py::TestLightweightProcessingRecovery::test_gnn_lightweight_fallback PASSED
src/tests/test_pipeline_recovery.py::TestLightweightProcessingRecovery::test_lightweight_processing_output PASSED
src/tests/test_pipeline_recovery.py::TestHardwareInitializationRecovery::test_jax_cpu_fallback PASSED
src/tests/test_pipeline_recovery.py::TestHardwareInitializationRecovery::test_execution_hardware_recovery PASSED
src/tests/test_pipeline_recovery.py::TestResourceManagementRecovery::test_memory_limit_recovery PASSED
src/tests/test_pipeline_recovery.py::TestResourceManagementRecovery::test_disk_space_recovery PASSED
src/tests/test_pipeline_recovery.py::TestErrorReportingRecovery::test_error_collection PASSED
src/tests/test_pipeline_recovery.py::TestErrorReportingRecovery::test_error_recovery_logging 2026-01-07 06:51:07,592 [MAIN:pipeline] test_step - ERROR - ‚ùå Test error occurred [step_number=None]
PASSED
src/tests/test_pipeline_scripts.py::TestPipelineScriptDiscovery::test_all_pipeline_scripts_exist 2026-01-07 06:51:07,594 [MAIN:pipeline] root - INFO - Found 24 pipeline scripts
PASSED
src/tests/test_pipeline_scripts.py::TestPipelineScriptDiscovery::test_pipeline_script_structure[1_setup.py] 2026-01-07 06:51:07,594 [MAIN:pipeline] root - INFO - Script 1_setup.py structure validated
PASSED
src/tests/test_pipeline_scripts.py::TestPipelineScriptDiscovery::test_pipeline_script_structure[2_tests.py] 2026-01-07 06:51:07,595 [MAIN:pipeline] root - INFO - Script 2_tests.py structure validated
PASSED
src/tests/test_pipeline_scripts.py::TestPipelineScriptDiscovery::test_pipeline_script_structure[3_gnn.py] 2026-01-07 06:51:07,595 [MAIN:pipeline] root - INFO - Script 3_gnn.py structure validated
PASSED
src/tests/test_pipeline_scripts.py::TestPipelineScriptDiscovery::test_pipeline_script_structure[4_model_registry.py] 2026-01-07 06:51:07,596 [MAIN:pipeline] root - INFO - Script 4_model_registry.py structure validated
PASSED
src/tests/test_pipeline_scripts.py::TestPipelineScriptDiscovery::test_pipeline_script_structure[5_type_checker.py] 2026-01-07 06:51:07,596 [MAIN:pipeline] root - INFO - Script 5_type_checker.py structure validated
PASSED
src/tests/test_pipeline_scripts.py::TestPipelineScriptDiscovery::test_pipeline_script_structure[6_validation.py] 2026-01-07 06:51:07,597 [MAIN:pipeline] root - INFO - Script 6_validation.py structure validated
PASSED
src/tests/test_pipeline_scripts.py::TestPipelineScriptDiscovery::test_pipeline_script_structure[7_export.py] 2026-01-07 06:51:07,597 [MAIN:pipeline] root - INFO - Script 7_export.py structure validated
PASSED
src/tests/test_pipeline_scripts.py::TestPipelineScriptDiscovery::test_pipeline_script_structure[8_visualization.py] 2026-01-07 06:51:07,598 [MAIN:pipeline] root - INFO - Script 8_visualization.py structure validated
PASSED
src/tests/test_pipeline_scripts.py::TestPipelineScriptDiscovery::test_pipeline_script_structure[9_advanced_viz.py] 2026-01-07 06:51:07,598 [MAIN:pipeline] root - INFO - Script 9_advanced_viz.py structure validated
PASSED
src/tests/test_pipeline_scripts.py::TestPipelineScriptDiscovery::test_pipeline_script_structure[10_ontology.py] 2026-01-07 06:51:07,598 [MAIN:pipeline] root - INFO - Script 10_ontology.py structure validated
PASSED
src/tests/test_pipeline_scripts.py::TestPipelineScriptDiscovery::test_pipeline_script_structure[11_render.py] 2026-01-07 06:51:07,599 [MAIN:pipeline] root - INFO - Script 11_render.py structure validated
PASSED
src/tests/test_pipeline_scripts.py::TestPipelineScriptDiscovery::test_pipeline_script_structure[12_execute.py] 2026-01-07 06:51:07,599 [MAIN:pipeline] root - INFO - Script 12_execute.py structure validated
PASSED
src/tests/test_pipeline_scripts.py::TestPipelineScriptDiscovery::test_pipeline_script_structure[13_llm.py] 2026-01-07 06:51:07,600 [MAIN:pipeline] root - INFO - Script 13_llm.py structure validated
PASSED
src/tests/test_pipeline_scripts.py::TestPipelineScriptDiscovery::test_pipeline_script_structure[14_ml_integration.py] 2026-01-07 06:51:07,600 [MAIN:pipeline] root - INFO - Script 14_ml_integration.py structure validated
PASSED
src/tests/test_pipeline_scripts.py::TestPipelineScriptDiscovery::test_pipeline_script_structure[15_audio.py] 2026-01-07 06:51:07,601 [MAIN:pipeline] root - INFO - Script 15_audio.py structure validated
PASSED
src/tests/test_pipeline_scripts.py::TestPipelineScriptDiscovery::test_pipeline_script_structure[16_analysis.py] 2026-01-07 06:51:07,601 [MAIN:pipeline] root - INFO - Script 16_analysis.py structure validated
PASSED
src/tests/test_pipeline_scripts.py::TestPipelineScriptDiscovery::test_pipeline_script_structure[17_integration.py] 2026-01-07 06:51:07,602 [MAIN:pipeline] root - INFO - Script 17_integration.py structure validated
PASSED
src/tests/test_pipeline_scripts.py::TestPipelineScriptDiscovery::test_pipeline_script_structure[18_security.py] 2026-01-07 06:51:07,602 [MAIN:pipeline] root - INFO - Script 18_security.py structure validated
PASSED
src/tests/test_pipeline_scripts.py::TestPipelineScriptDiscovery::test_pipeline_script_structure[19_research.py] 2026-01-07 06:51:07,602 [MAIN:pipeline] root - INFO - Script 19_research.py structure validated
PASSED
src/tests/test_pipeline_scripts.py::TestPipelineScriptDiscovery::test_pipeline_script_structure[20_website.py] 2026-01-07 06:51:07,603 [MAIN:pipeline] root - INFO - Script 20_website.py structure validated
PASSED
src/tests/test_pipeline_scripts.py::TestPipelineScriptDiscovery::test_pipeline_script_structure[21_mcp.py] 2026-01-07 06:51:07,603 [MAIN:pipeline] root - INFO - Script 21_mcp.py structure validated
PASSED
src/tests/test_pipeline_scripts.py::TestPipelineScriptDiscovery::test_pipeline_script_structure[22_gui.py] 2026-01-07 06:51:07,604 [MAIN:pipeline] root - INFO - Script 22_gui.py structure validated
PASSED
src/tests/test_pipeline_scripts.py::TestPipelineScriptDiscovery::test_pipeline_script_structure[23_report.py] 2026-01-07 06:51:07,604 [MAIN:pipeline] root - INFO - Script 23_report.py structure validated
PASSED
src/tests/test_pipeline_scripts.py::TestPipelineScriptImports::test_script_executes_help[1_setup.py] PASSED
src/tests/test_pipeline_scripts.py::TestPipelineScriptImports::test_script_executes_help[2_tests.py] PASSED
src/tests/test_pipeline_scripts.py::TestPipelineScriptImports::test_script_executes_help[3_gnn.py] PASSED
src/tests/test_pipeline_scripts.py::TestPipelineScriptImports::test_script_executes_help[4_model_registry.py] PASSED
src/tests/test_pipeline_scripts.py::TestPipelineScriptImports::test_script_executes_help[5_type_checker.py] PASSED
src/tests/test_pipeline_scripts.py::TestPipelineScriptExecution::test_script_executes_real[3_gnn.py-<lambda>] PASSED
src/tests/test_pipeline_scripts.py::TestPipelineScriptExecution::test_script_executes_real[5_type_checker.py-<lambda>] PASSED
src/tests/test_pipeline_scripts.py::TestPipelineScriptExecution::test_script_executes_real[7_export.py-<lambda>] PASSED
src/tests/test_pipeline_scripts.py::TestPipelineScriptExecution::test_script_executes_real[8_visualization.py-<lambda>] PASSED
src/tests/test_pipeline_scripts.py::TestStep2GNNComprehensive::test_step2_gnn_file_discovery 2026-01-07 06:51:14,716 [MAIN:pipeline] root - WARNING - Failed to parse simple.gnn: Parsed data should contain ModelName
assert 'ModelName' in {'file_path': '/var/folders/l5/5t5z6z8d0tn3pth_0f7970q40000gn/T/tmpqihcahcq/simple.gnn', 'file_name': 'simple.gnn', 'file_size': 136, 'sections': ['Test GNN Model', 'Model Name', 'State Space', 'Connections', 'Parameters'], 'variables': ['type', 'A', 's'], 'structure_info': {'has_variables': True, 'has_sections': True, 'variable_count': 3, 'section_count': 5, 'line_count': 14, 'char_count': 136}, 'parse_timestamp': '2026-01-07T06:51:14.716743'}
PASSED
src/tests/test_pipeline_scripts.py::TestStep2GNNComprehensive::test_step2_gnn_validation 2026-01-07 06:51:14,718 [MAIN:pipeline] root - WARNING - Validation failed for simple.gnn: Validation should return boolean
assert False
 +  where False = isinstance({'file_path': '/var/folders/l5/5t5z6z8d0tn3pth_0f7970q40000gn/T/tmpdcnk4677/simple.gnn', 'file_name': 'simple.gnn', 'valid': True, 'errors': [], 'warnings': [], 'validation_timestamp': '2026-01-07T06:51:14.718036'}, bool)
PASSED
src/tests/test_pipeline_scripts.py::TestStep1SetupComprehensive::test_step1_environment_validation 2026-01-07 06:51:14,721 [MAIN:pipeline] root - WARNING - Setup module functions not available: cannot import name 'check_dependencies' from 'src.setup' (/Users/mini/Documents/GitHub/GeneralizedNotationNotation/src/setup/__init__.py)
PASSED
src/tests/test_pipeline_scripts.py::TestStep4TypeCheckerComprehensive::test_step4_type_checking 2026-01-07 06:51:14,722 [MAIN:pipeline] root - WARNING - Type checker module functions not available: cannot import name 'check_gnn_file' from 'src.type_checker' (/Users/mini/Documents/GitHub/GeneralizedNotationNotation/src/type_checker/__init__.py)
PASSED
src/tests/test_pipeline_scripts.py::TestStep5ExportComprehensive::test_step5_export_formats 2026-01-07 06:51:14,723 [MAIN:pipeline] root - WARNING - Export module functions not available: cannot import name 'export_gnn_data' from 'src.export' (/Users/mini/Documents/GitHub/GeneralizedNotationNotation/src/export/__init__.py)
PASSED
src/tests/test_pipeline_scripts.py::TestStep6VisualizationComprehensive::test_step6_visualization_generation 2026-01-07 06:51:14,725 [MAIN:pipeline] root - WARNING - Visualization module functions not available: cannot import name 'create_graph_visualization' from 'src.visualization' (/Users/mini/Documents/GitHub/GeneralizedNotationNotation/src/visualization/__init__.py)
PASSED
src/tests/test_pipeline_scripts.py::TestStep7MCPComprehensive::test_step7_mcp_tools 2026-01-07 06:51:14,729 [MAIN:pipeline] mcp - INFO - Enhanced MCP server initialized (caching=True, rate_limiting=True, strict_validation=False)
PASSED
src/tests/test_pipeline_scripts.py::TestStep8OntologyComprehensive::test_step8_ontology_processing 2026-01-07 06:51:14,731 [MAIN:pipeline] root - WARNING - Ontology processing test failed: process_ontology() missing 2 required positional arguments: 'target_dir' and 'output_dir'
PASSED
src/tests/test_pipeline_scripts.py::TestStep9RenderComprehensive::test_step9_code_rendering 2026-01-07 06:51:14,754 [MAIN:pipeline] src.render.pymdp.pymdp_renderer - WARNING - A matrix (likelihood) not found in initial parameterization
2026-01-07 06:51:14,754 [MAIN:pipeline] src.render.pymdp.pymdp_renderer - WARNING - B matrix (transition) not found in initial parameterization
2026-01-07 06:51:14,754 [MAIN:pipeline] src.render.pymdp.pymdp_renderer - WARNING - C vector (preferences) not found in initial parameterization
2026-01-07 06:51:14,754 [MAIN:pipeline] src.render.pymdp.pymdp_renderer - WARNING - D vector (prior) not found in initial parameterization
2026-01-07 06:51:14,755 [MAIN:pipeline] root - INFO - PyMDP rendering test completed
2026-01-07 06:51:14,755 [MAIN:pipeline] src.render.rxinfer.toml_generator - INFO - Generating RxInfer Julia script at /var/folders/l5/5t5z6z8d0tn3pth_0f7970q40000gn/T/tmpubukht4c/test_rxinfer.jl
2026-01-07 06:51:14,755 [MAIN:pipeline] src.render.rxinfer.toml_generator - WARNING - Failed to parse matrix ( (1.0,0.0,0.0), (0.0,1.0,0.0), (0.0,0.0,1.0) ): could not convert string to float: '(1.0'
2026-01-07 06:51:14,755 [MAIN:pipeline] src.render.rxinfer.toml_generator - WARNING - Failed to parse matrix , ( (0.0,1.0,0.0), (1.0,0.0,0.0), (0.0,0.0,1.0) ): could not convert string to float: ''
2026-01-07 06:51:14,755 [MAIN:pipeline] src.render.rxinfer.toml_generator - WARNING - Failed to parse matrix , ( (0.0,0.0,1.0), (0.0,1.0,0.0), (1.0,0.0,0.0) ): could not convert string to float: ''
2026-01-07 06:51:14,755 [MAIN:pipeline] src.render.rxinfer.toml_generator - INFO - Successfully wrote RxInfer Julia script to /var/folders/l5/5t5z6z8d0tn3pth_0f7970q40000gn/T/tmpubukht4c/test_rxinfer.jl
2026-01-07 06:51:14,755 [MAIN:pipeline] root - INFO - RxInfer rendering test completed
PASSED
src/tests/test_pipeline_scripts.py::TestStep10ExecuteComprehensive::test_step10_execution_safety 2026-01-07 06:51:14,760 [MAIN:pipeline] root - WARNING - PyMDP not available - this is normal if not installed. To enable PyMDP simulations, install with: pip install pymdp. Alternatively, use other frameworks: RxInfer.jl, ActiveInference.jl, or JAX. Continuing with fallback mode and informative output.
2026-01-07 06:51:14,766 [MAIN:pipeline] root - INFO - Execution environment validation completed
2026-01-07 06:51:14,766 [MAIN:pipeline] root - INFO - Safe script execution test completed
PASSED
src/tests/test_pipeline_scripts.py::TestStep11LLMComprehensive::test_step11_llm_operations 2026-01-07 06:51:14,771 [MAIN:pipeline] src.llm.llm_processor - INFO - Loaded API keys for providers: []
2026-01-07 06:51:14,771 [MAIN:pipeline] src.llm.llm_operations - INFO - Created new LLM processor
2026-01-07 06:51:14,773 [MAIN:pipeline] root - INFO - Model analysis test completed
2026-01-07 06:51:14,773 [MAIN:pipeline] root - WARNING - Description generation test failed: expected string or bytes-like object, got 'dict'
PASSED
src/tests/test_pipeline_scripts.py::TestStep12AudioComprehensive::test_step12_audio_generation 2026-01-07 06:51:14,775 [MAIN:pipeline] root - WARNING - Website generation test failed: generate_website() missing 1 required positional argument: 'output_dir'
2026-01-07 06:51:14,776 [MAIN:pipeline] root - INFO - HTML report creation test completed
PASSED
src/tests/test_pipeline_scripts.py::TestStep13WebsiteComprehensive::test_step13_website_generation SKIPPED (SAPF
audio backend unavailable: cannot import name 'generate_wav_from_sapf' from 'src.audio.sapf.generator'
(/Users/mini/Documents/GitHub/GeneralizedNotationNotation/src/audio/sapf/generator.py))
src/tests/test_pipeline_scripts.py::TestStep14ReportComprehensive::test_step14_report_generation 2026-01-07 06:51:14,781 [MAIN:pipeline] root - WARNING - Report generation test failed: generate_comprehensive_report() got an unexpected keyword argument 'format'
PASSED
src/tests/test_pipeline_scripts.py::TestPipelineScriptIntegration::test_pipeline_core_sequence PASSED
src/tests/test_pipeline_scripts.py::TestPipelineScriptIntegration::test_pipeline_argument_consistency 2026-01-07 06:51:15,287 [MAIN:pipeline] root - INFO - Testing pipeline argument consistency
2026-01-07 06:51:15,287 [MAIN:pipeline] root - INFO - Script 1_setup.py uses standardized pipeline template - arguments handled automatically
2026-01-07 06:51:15,287 [MAIN:pipeline] root - INFO - Script 1_setup.py argument consistency validated
2026-01-07 06:51:15,287 [MAIN:pipeline] root - INFO - Script 3_gnn.py uses standardized pipeline template - arguments handled automatically
2026-01-07 06:51:15,287 [MAIN:pipeline] root - INFO - Script 3_gnn.py argument consistency validated
2026-01-07 06:51:15,288 [MAIN:pipeline] root - INFO - Script 2_tests.py argument consistency validated
2026-01-07 06:51:15,288 [MAIN:pipeline] root - INFO - Script 5_type_checker.py uses standardized pipeline template - arguments handled automatically
2026-01-07 06:51:15,288 [MAIN:pipeline] root - INFO - Script 5_type_checker.py argument consistency validated
2026-01-07 06:51:15,288 [MAIN:pipeline] root - INFO - Script 7_export.py uses standardized pipeline template - arguments handled automatically
2026-01-07 06:51:15,288 [MAIN:pipeline] root - INFO - Script 7_export.py argument consistency validated
PASSED
src/tests/test_pipeline_scripts.py::test_pipeline_script_completeness 2026-01-07 06:51:15,288 [MAIN:pipeline] root - INFO - Pipeline script completeness test passed
PASSED
src/tests/test_pipeline_scripts.py::test_pipeline_script_performance 2026-01-07 06:51:15,288 [MAIN:pipeline] root - INFO - Pipeline script performance test completed
PASSED

======================================================= FAILURES =======================================================
__________________________________ TestAsyncAwaitRecovery.test_llm_analysis_recovery ___________________________________
async def functions are not natively supported.
You need to install a suitable plugin for your async framework, for example:
  - anyio
  - pytest-asyncio
  - pytest-tornasync
  - pytest-trio
  - pytest-twisted
=================================================== warnings summary ===================================================
src/tests/test_pipeline_recovery.py:111
  /Users/mini/Documents/GitHub/GeneralizedNotationNotation/src/tests/test_pipeline_recovery.py:111: PytestUnknownMarkWarning: Unknown pytest.mark.asyncio - is this a typo?  You can register custom marks to avoid this warning - for details, see https://docs.pytest.org/en/stable/how-to/mark.html
    @pytest.mark.asyncio

-- Docs: https://docs.pytest.org/en/stable/how-to/capture-warnings.html
======================================================== PASSES ========================================================
____________________________ TestPipelineFunctionality.test_visualization_generates_images _____________________________
-------------------------------------------------- Captured log call ---------------------------------------------------
INFO     visualization:pipeline_template.py:47 üöÄ Processing visualizations
INFO     visualization:pipeline_template.py:48 ‚úÖ Generated 4 visualizations
___________________________ TestPipelineFunctionality.test_gnn_processing_generates_results ____________________________
-------------------------------------------------- Captured log call ---------------------------------------------------
INFO     gnn.schema_validator:schema_validator.py:78 Enhanced multi-format parsing system initialized
INFO     gnn.cross_format_validator:cross_format_validator.py:82 Enhanced parsing system initialized for cross-format validation
INFO     gnn.cross_format_validator:cross_format_validator.py:82 Enhanced parsing system initialized for cross-format validation
INFO     gnn.core_processor.wrapper:core_processor.py:106 Starting GNN processing pipeline
INFO     gnn.core_processor.wrapper:core_processor.py:141 Phase 1: File discovery and basic analysis
INFO     gnn.discovery:discovery.py:63 Starting file discovery in /var/folders/l5/5t5z6z8d0tn3pth_0f7970q40000gn/T/tmpmkmq6iyr
INFO     gnn.discovery:discovery.py:83 Discovery completed: 0/0 potential GNN files in 0.000s
INFO     gnn.core_processor.wrapper:core_processor.py:148 Discovered 0 GNN files
__________________________ TestPipelineFunctionality.test_multi_format_export_generates_files __________________________
-------------------------------------------------- Captured log call ---------------------------------------------------
INFO     export:pipeline_template.py:47 üöÄ Generating multi-format exports
INFO     export:pipeline_template.py:48 ‚úÖ All exports generated successfully
________________________________ TestPipelineFunctionality.test_results_json_are_valid _________________________________
-------------------------------------------------- Captured log call ---------------------------------------------------
INFO     visualization:pipeline_template.py:47 üöÄ Processing visualizations
INFO     visualization:pipeline_template.py:48 ‚úÖ Generated 3 visualizations
INFO     export:pipeline_template.py:47 üöÄ Generating multi-format exports
INFO     export:pipeline_template.py:48 ‚úÖ All exports generated successfully
___________________________________ TestPipelineFunctionality.test_preflight_metrics ___________________________________
-------------------------------------------------- Captured log call ---------------------------------------------------
INFO     visualization:pipeline_template.py:47 üöÄ Processing visualizations
INFO     visualization:pipeline_template.py:48 ‚úÖ Generated 4 visualizations
____________________________ TestVisualizationPerformance.test_visualization_scaling[small] ____________________________
-------------------------------------------------- Captured log call ---------------------------------------------------
INFO     test_viz_scaling:structured_logging.py:428 üöÄ Starting step: Generating visualizations for GNN files in: /var/folders/l5/5t5z6z8d0tn3pth_0f7970q40000gn/T/tmpym0_copn/input
INFO     test_viz_scaling:structured_logging.py:438 ‚úÖ Found 1 GNN files to visualize
INFO     test_viz_scaling:structured_logging.py:438 ‚úÖ Generated visualization for test_model_small.md: /var/folders/l5/5t5z6z8d0tn3pth_0f7970q40000gn/T/tmpym0_copn/output/8_visualization_output/test_model_small
INFO     test_viz_scaling:structured_logging.py:438 ‚úÖ Matrix visualizations completed
INFO     test_viz_scaling:structured_logging.py:438 ‚úÖ Ontology visualizations completed
INFO     test_viz_scaling:structured_logging.py:438 ‚úÖ Visualization generation completed successfully. Files processed: 1
___________________________ TestVisualizationPerformance.test_visualization_scaling[medium] ____________________________
-------------------------------------------------- Captured log call ---------------------------------------------------
INFO     test_viz_scaling:structured_logging.py:428 üöÄ Starting step: Generating visualizations for GNN files in: /var/folders/l5/5t5z6z8d0tn3pth_0f7970q40000gn/T/tmp9xo6k58x/input
INFO     test_viz_scaling:structured_logging.py:438 ‚úÖ Found 1 GNN files to visualize
INFO     test_viz_scaling:structured_logging.py:438 ‚úÖ Generated visualization for test_model_medium.md: /var/folders/l5/5t5z6z8d0tn3pth_0f7970q40000gn/T/tmp9xo6k58x/output/8_visualization_output/test_model_medium
INFO     test_viz_scaling:structured_logging.py:438 ‚úÖ Matrix visualizations completed
INFO     test_viz_scaling:structured_logging.py:438 ‚úÖ Ontology visualizations completed
INFO     test_viz_scaling:structured_logging.py:438 ‚úÖ Visualization generation completed successfully. Files processed: 1
____________________________ TestVisualizationPerformance.test_visualization_scaling[large] ____________________________
-------------------------------------------------- Captured log call ---------------------------------------------------
INFO     test_viz_scaling:structured_logging.py:428 üöÄ Starting step: Generating visualizations for GNN files in: /var/folders/l5/5t5z6z8d0tn3pth_0f7970q40000gn/T/tmpna1zrrq1/input
INFO     test_viz_scaling:structured_logging.py:438 ‚úÖ Found 1 GNN files to visualize
INFO     test_viz_scaling:structured_logging.py:438 ‚úÖ Generated visualization for test_model_large.md: /var/folders/l5/5t5z6z8d0tn3pth_0f7970q40000gn/T/tmpna1zrrq1/output/8_visualization_output/test_model_large
INFO     test_viz_scaling:structured_logging.py:438 ‚úÖ Matrix visualizations completed
INFO     test_viz_scaling:structured_logging.py:438 ‚úÖ Ontology visualizations completed
INFO     test_viz_scaling:structured_logging.py:438 ‚úÖ Visualization generation completed successfully. Files processed: 1
_______________________________ TestVisualizationPerformance.test_visualization_caching ________________________________
-------------------------------------------------- Captured log call ---------------------------------------------------
INFO     test_viz_caching:structured_logging.py:428 üöÄ Starting step: Generating visualizations for GNN files in: /var/folders/l5/5t5z6z8d0tn3pth_0f7970q40000gn/T/tmp6vvgkbbw/input
INFO     test_viz_caching:structured_logging.py:438 ‚úÖ Found 1 GNN files to visualize
INFO     test_viz_caching:structured_logging.py:438 ‚úÖ Generated visualization for test_model_medium.md: /var/folders/l5/5t5z6z8d0tn3pth_0f7970q40000gn/T/tmp6vvgkbbw/output/8_visualization_output/test_model_medium
INFO     test_viz_caching:structured_logging.py:438 ‚úÖ Matrix visualizations completed
INFO     test_viz_caching:structured_logging.py:438 ‚úÖ Ontology visualizations completed
INFO     test_viz_caching:structured_logging.py:438 ‚úÖ Visualization generation completed successfully. Files processed: 1
INFO     test_viz_caching:structured_logging.py:428 üöÄ Starting step: Generating visualizations for GNN files in: /var/folders/l5/5t5z6z8d0tn3pth_0f7970q40000gn/T/tmp6vvgkbbw/input
INFO     test_viz_caching:structured_logging.py:438 ‚úÖ Found 1 GNN files to visualize
INFO     test_viz_caching:structured_logging.py:438 ‚úÖ Generated visualization for test_model_medium.md: /var/folders/l5/5t5z6z8d0tn3pth_0f7970q40000gn/T/tmp6vvgkbbw/output/8_visualization_output/test_model_medium
INFO     test_viz_caching:structured_logging.py:438 ‚úÖ Matrix visualizations completed
INFO     test_viz_caching:structured_logging.py:438 ‚úÖ Ontology visualizations completed
INFO     test_viz_caching:structured_logging.py:438 ‚úÖ Visualization generation completed successfully. Files processed: 1
___________________________ TestLightweightProcessingRecovery.test_gnn_lightweight_fallback ____________________________
-------------------------------------------------- Captured log call ---------------------------------------------------
INFO     gnn.schema_validator:schema_validator.py:78 Enhanced multi-format parsing system initialized
INFO     gnn.cross_format_validator:cross_format_validator.py:82 Enhanced parsing system initialized for cross-format validation
INFO     gnn.cross_format_validator:cross_format_validator.py:82 Enhanced parsing system initialized for cross-format validation
INFO     gnn.core_processor.wrapper:core_processor.py:106 Starting GNN processing pipeline
INFO     gnn.core_processor.wrapper:core_processor.py:141 Phase 1: File discovery and basic analysis
INFO     gnn.discovery:discovery.py:63 Starting file discovery in /var/folders/l5/5t5z6z8d0tn3pth_0f7970q40000gn/T/tmpsyui2obn/input
INFO     gnn.discovery:discovery.py:83 Discovery completed: 0/1 potential GNN files in 0.000s
INFO     gnn.core_processor.wrapper:core_processor.py:148 Discovered 0 GNN files
_______________________________ TestHardwareInitializationRecovery.test_jax_cpu_fallback _______________________________
-------------------------------------------------- Captured log call ---------------------------------------------------
WARNING  root:pymdp_simulation.py:50 PyMDP not available - this is normal if not installed. To enable PyMDP simulations, install with: pip install pymdp. Alternatively, use other frameworks: RxInfer.jl, ActiveInference.jl, or JAX. Continuing with fallback mode and informative output.
INFO     jax._src.xla_bridge:xla_bridge.py:830 Unable to initialize backend 'tpu': INTERNAL: Failed to open libtpu.so: dlopen(libtpu.so, 0x0001): tried: 'libtpu.so' (no such file), '/System/Volumes/Preboot/Cryptexes/OSlibtpu.so' (no such file), '/usr/lib/libtpu.so' (no such file, not in dyld cache), 'libtpu.so' (no such file)
_____________________________ TestPipelineScriptDiscovery.test_all_pipeline_scripts_exist ______________________________
-------------------------------------------------- Captured log call ---------------------------------------------------
INFO     root:test_pipeline_scripts.py:102 Found 24 pipeline scripts
________________________ TestPipelineScriptDiscovery.test_pipeline_script_structure[1_setup.py] ________________________
-------------------------------------------------- Captured log call ---------------------------------------------------
INFO     root:test_pipeline_scripts.py:146 Script 1_setup.py structure validated
________________________ TestPipelineScriptDiscovery.test_pipeline_script_structure[2_tests.py] ________________________
-------------------------------------------------- Captured log call ---------------------------------------------------
INFO     root:test_pipeline_scripts.py:146 Script 2_tests.py structure validated
_________________________ TestPipelineScriptDiscovery.test_pipeline_script_structure[3_gnn.py] _________________________
-------------------------------------------------- Captured log call ---------------------------------------------------
INFO     root:test_pipeline_scripts.py:146 Script 3_gnn.py structure validated
___________________ TestPipelineScriptDiscovery.test_pipeline_script_structure[4_model_registry.py] ____________________
-------------------------------------------------- Captured log call ---------------------------------------------------
INFO     root:test_pipeline_scripts.py:146 Script 4_model_registry.py structure validated
____________________ TestPipelineScriptDiscovery.test_pipeline_script_structure[5_type_checker.py] _____________________
-------------------------------------------------- Captured log call ---------------------------------------------------
INFO     root:test_pipeline_scripts.py:146 Script 5_type_checker.py structure validated
_____________________ TestPipelineScriptDiscovery.test_pipeline_script_structure[6_validation.py] ______________________
-------------------------------------------------- Captured log call ---------------------------------------------------
INFO     root:test_pipeline_scripts.py:146 Script 6_validation.py structure validated
_______________________ TestPipelineScriptDiscovery.test_pipeline_script_structure[7_export.py] ________________________
-------------------------------------------------- Captured log call ---------------------------------------------------
INFO     root:test_pipeline_scripts.py:146 Script 7_export.py structure validated
____________________ TestPipelineScriptDiscovery.test_pipeline_script_structure[8_visualization.py] ____________________
-------------------------------------------------- Captured log call ---------------------------------------------------
INFO     root:test_pipeline_scripts.py:146 Script 8_visualization.py structure validated
____________________ TestPipelineScriptDiscovery.test_pipeline_script_structure[9_advanced_viz.py] _____________________
-------------------------------------------------- Captured log call ---------------------------------------------------
INFO     root:test_pipeline_scripts.py:146 Script 9_advanced_viz.py structure validated
______________________ TestPipelineScriptDiscovery.test_pipeline_script_structure[10_ontology.py] ______________________
-------------------------------------------------- Captured log call ---------------------------------------------------
INFO     root:test_pipeline_scripts.py:146 Script 10_ontology.py structure validated
_______________________ TestPipelineScriptDiscovery.test_pipeline_script_structure[11_render.py] _______________________
-------------------------------------------------- Captured log call ---------------------------------------------------
INFO     root:test_pipeline_scripts.py:146 Script 11_render.py structure validated
______________________ TestPipelineScriptDiscovery.test_pipeline_script_structure[12_execute.py] _______________________
-------------------------------------------------- Captured log call ---------------------------------------------------
INFO     root:test_pipeline_scripts.py:146 Script 12_execute.py structure validated
________________________ TestPipelineScriptDiscovery.test_pipeline_script_structure[13_llm.py] _________________________
-------------------------------------------------- Captured log call ---------------------------------------------------
INFO     root:test_pipeline_scripts.py:146 Script 13_llm.py structure validated
___________________ TestPipelineScriptDiscovery.test_pipeline_script_structure[14_ml_integration.py] ___________________
-------------------------------------------------- Captured log call ---------------------------------------------------
INFO     root:test_pipeline_scripts.py:146 Script 14_ml_integration.py structure validated
_______________________ TestPipelineScriptDiscovery.test_pipeline_script_structure[15_audio.py] ________________________
-------------------------------------------------- Captured log call ---------------------------------------------------
INFO     root:test_pipeline_scripts.py:146 Script 15_audio.py structure validated
______________________ TestPipelineScriptDiscovery.test_pipeline_script_structure[16_analysis.py] ______________________
-------------------------------------------------- Captured log call ---------------------------------------------------
INFO     root:test_pipeline_scripts.py:146 Script 16_analysis.py structure validated
____________________ TestPipelineScriptDiscovery.test_pipeline_script_structure[17_integration.py] _____________________
-------------------------------------------------- Captured log call ---------------------------------------------------
INFO     root:test_pipeline_scripts.py:146 Script 17_integration.py structure validated
______________________ TestPipelineScriptDiscovery.test_pipeline_script_structure[18_security.py] ______________________
-------------------------------------------------- Captured log call ---------------------------------------------------
INFO     root:test_pipeline_scripts.py:146 Script 18_security.py structure validated
______________________ TestPipelineScriptDiscovery.test_pipeline_script_structure[19_research.py] ______________________
-------------------------------------------------- Captured log call ---------------------------------------------------
INFO     root:test_pipeline_scripts.py:146 Script 19_research.py structure validated
______________________ TestPipelineScriptDiscovery.test_pipeline_script_structure[20_website.py] _______________________
-------------------------------------------------- Captured log call ---------------------------------------------------
INFO     root:test_pipeline_scripts.py:146 Script 20_website.py structure validated
________________________ TestPipelineScriptDiscovery.test_pipeline_script_structure[21_mcp.py] _________________________
-------------------------------------------------- Captured log call ---------------------------------------------------
INFO     root:test_pipeline_scripts.py:146 Script 21_mcp.py structure validated
________________________ TestPipelineScriptDiscovery.test_pipeline_script_structure[22_gui.py] _________________________
-------------------------------------------------- Captured log call ---------------------------------------------------
INFO     root:test_pipeline_scripts.py:146 Script 22_gui.py structure validated
_______________________ TestPipelineScriptDiscovery.test_pipeline_script_structure[23_report.py] _______________________
-------------------------------------------------- Captured log call ---------------------------------------------------
INFO     root:test_pipeline_scripts.py:146 Script 23_report.py structure validated
_______________________________ TestStep2GNNComprehensive.test_step2_gnn_file_discovery ________________________________
-------------------------------------------------- Captured log call ---------------------------------------------------
WARNING  root:test_pipeline_scripts.py:219 Failed to parse simple.gnn: Parsed data should contain ModelName
assert 'ModelName' in {'file_path': '/var/folders/l5/5t5z6z8d0tn3pth_0f7970q40000gn/T/tmpqihcahcq/simple.gnn', 'file_name': 'simple.gnn', 'file_size': 136, 'sections': ['Test GNN Model', 'Model Name', 'State Space', 'Connections', 'Parameters'], 'variables': ['type', 'A', 's'], 'structure_info': {'has_variables': True, 'has_sections': True, 'variable_count': 3, 'section_count': 5, 'line_count': 14, 'char_count': 136}, 'parse_timestamp': '2026-01-07T06:51:14.716743'}
_________________________________ TestStep2GNNComprehensive.test_step2_gnn_validation __________________________________
-------------------------------------------------- Captured log call ---------------------------------------------------
WARNING  root:test_pipeline_scripts.py:236 Validation failed for simple.gnn: Validation should return boolean
assert False
 +  where False = isinstance({'file_path': '/var/folders/l5/5t5z6z8d0tn3pth_0f7970q40000gn/T/tmpdcnk4677/simple.gnn', 'file_name': 'simple.gnn', 'valid': True, 'errors': [], 'warnings': [], 'validation_timestamp': '2026-01-07T06:51:14.718036'}, bool)
____________________________ TestStep1SetupComprehensive.test_step1_environment_validation _____________________________
-------------------------------------------------- Captured log call ---------------------------------------------------
WARNING  root:test_pipeline_scripts.py:266 Setup module functions not available: cannot import name 'check_dependencies' from 'src.setup' (/Users/mini/Documents/GitHub/GeneralizedNotationNotation/src/setup/__init__.py)
______________________________ TestStep4TypeCheckerComprehensive.test_step4_type_checking ______________________________
-------------------------------------------------- Captured log call ---------------------------------------------------
WARNING  root:test_pipeline_scripts.py:292 Type checker module functions not available: cannot import name 'check_gnn_file' from 'src.type_checker' (/Users/mini/Documents/GitHub/GeneralizedNotationNotation/src/type_checker/__init__.py)
________________________________ TestStep5ExportComprehensive.test_step5_export_formats ________________________________
-------------------------------------------------- Captured log call ---------------------------------------------------
WARNING  root:test_pipeline_scripts.py:329 Export module functions not available: cannot import name 'export_gnn_data' from 'src.export' (/Users/mini/Documents/GitHub/GeneralizedNotationNotation/src/export/__init__.py)
_______________________ TestStep6VisualizationComprehensive.test_step6_visualization_generation ________________________
-------------------------------------------------- Captured log call ---------------------------------------------------
WARNING  root:test_pipeline_scripts.py:357 Visualization module functions not available: cannot import name 'create_graph_visualization' from 'src.visualization' (/Users/mini/Documents/GitHub/GeneralizedNotationNotation/src/visualization/__init__.py)
____________________________________ TestStep7MCPComprehensive.test_step7_mcp_tools ____________________________________
-------------------------------------------------- Captured log call ---------------------------------------------------
INFO     mcp:mcp.py:602 Enhanced MCP server initialized (caching=True, rate_limiting=True, strict_validation=False)
____________________________ TestStep8OntologyComprehensive.test_step8_ontology_processing _____________________________
-------------------------------------------------- Captured log call ---------------------------------------------------
WARNING  root:test_pipeline_scripts.py:393 Ontology processing test failed: process_ontology() missing 2 required positional arguments: 'target_dir' and 'output_dir'
________________________________ TestStep9RenderComprehensive.test_step9_code_rendering ________________________________
-------------------------------------------------- Captured log call ---------------------------------------------------
WARNING  src.render.pymdp.pymdp_renderer:pymdp_renderer.py:332 A matrix (likelihood) not found in initial parameterization
WARNING  src.render.pymdp.pymdp_renderer:pymdp_renderer.py:334 B matrix (transition) not found in initial parameterization
WARNING  src.render.pymdp.pymdp_renderer:pymdp_renderer.py:336 C vector (preferences) not found in initial parameterization
WARNING  src.render.pymdp.pymdp_renderer:pymdp_renderer.py:338 D vector (prior) not found in initial parameterization
INFO     root:test_pipeline_scripts.py:407 PyMDP rendering test completed
INFO     src.render.rxinfer.toml_generator:toml_generator.py:34 Generating RxInfer Julia script at /var/folders/l5/5t5z6z8d0tn3pth_0f7970q40000gn/T/tmpubukht4c/test_rxinfer.jl
WARNING  src.render.rxinfer.toml_generator:toml_generator.py:176 Failed to parse matrix ( (1.0,0.0,0.0), (0.0,1.0,0.0), (0.0,0.0,1.0) ): could not convert string to float: '(1.0'
WARNING  src.render.rxinfer.toml_generator:toml_generator.py:176 Failed to parse matrix , ( (0.0,1.0,0.0), (1.0,0.0,0.0), (0.0,0.0,1.0) ): could not convert string to float: ''
WARNING  src.render.rxinfer.toml_generator:toml_generator.py:176 Failed to parse matrix , ( (0.0,0.0,1.0), (0.0,1.0,0.0), (1.0,0.0,0.0) ): could not convert string to float: ''
INFO     src.render.rxinfer.toml_generator:toml_generator.py:102 Successfully wrote RxInfer Julia script to /var/folders/l5/5t5z6z8d0tn3pth_0f7970q40000gn/T/tmpubukht4c/test_rxinfer.jl
INFO     root:test_pipeline_scripts.py:414 RxInfer rendering test completed
_____________________________ TestStep10ExecuteComprehensive.test_step10_execution_safety ______________________________
-------------------------------------------------- Captured log call ---------------------------------------------------
WARNING  root:pymdp_simulation.py:50 PyMDP not available - this is normal if not installed. To enable PyMDP simulations, install with: pip install pymdp. Alternatively, use other frameworks: RxInfer.jl, ActiveInference.jl, or JAX. Continuing with fallback mode and informative output.
DEBUG    src.execute.discopy_translator_module.translator:translator.py:25 DisCoPy not available: cannot import name 'Diagram' from 'discopy' (/Users/mini/Documents/GitHub/GeneralizedNotationNotation/.venv/lib/python3.13/site-packages/discopy/__init__.py)
DEBUG    src.execute.discopy_translator_module.translator:translator.py:35 JAX library available
DEBUG    src.execute.discopy_translator_module.translator:translator.py:45 Matplotlib library available
DEBUG    src.execute.discopy_translator_module.visualize_jax_output:visualize_jax_output.py:21 Matplotlib available for JAX output visualization
DEBUG    src.execute.discopy_translator_module.visualize_jax_output:visualize_jax_output.py:31 JAX available for output processing
INFO     root:test_pipeline_scripts.py:434 Execution environment validation completed
INFO     root:test_pipeline_scripts.py:442 Safe script execution test completed
________________________________ TestStep11LLMComprehensive.test_step11_llm_operations _________________________________
-------------------------------------------------- Captured log call ---------------------------------------------------
DEBUG    src.llm.llm_processor:llm_processor.py:63 python-dotenv not available, skipping .env file loading
INFO     src.llm.llm_processor:llm_processor.py:85 Loaded API keys for providers: []
INFO     src.llm.llm_operations:llm_operations.py:87 Created new LLM processor
INFO     root:test_pipeline_scripts.py:480 Model analysis test completed
WARNING  root:test_pipeline_scripts.py:490 Description generation test failed: expected string or bytes-like object, got 'dict'
______________________________ TestStep12AudioComprehensive.test_step12_audio_generation _______________________________
-------------------------------------------------- Captured log call ---------------------------------------------------
WARNING  root:test_pipeline_scripts.py:506 Website generation test failed: generate_website() missing 1 required positional argument: 'output_dir'
INFO     root:test_pipeline_scripts.py:511 HTML report creation test completed
_____________________________ TestStep14ReportComprehensive.test_step14_report_generation ______________________________
-------------------------------------------------- Captured log call ---------------------------------------------------
WARNING  root:test_pipeline_scripts.py:558 Report generation test failed: generate_comprehensive_report() got an unexpected keyword argument 'format'
___________________________ TestPipelineScriptIntegration.test_pipeline_argument_consistency ___________________________
-------------------------------------------------- Captured log call ---------------------------------------------------
INFO     root:test_pipeline_scripts.py:583 Testing pipeline argument consistency
INFO     root:test_pipeline_scripts.py:604 Script 1_setup.py uses standardized pipeline template - arguments handled automatically
INFO     root:test_pipeline_scripts.py:615 Script 1_setup.py argument consistency validated
INFO     root:test_pipeline_scripts.py:604 Script 3_gnn.py uses standardized pipeline template - arguments handled automatically
INFO     root:test_pipeline_scripts.py:615 Script 3_gnn.py argument consistency validated
INFO     root:test_pipeline_scripts.py:615 Script 2_tests.py argument consistency validated
INFO     root:test_pipeline_scripts.py:604 Script 5_type_checker.py uses standardized pipeline template - arguments handled automatically
INFO     root:test_pipeline_scripts.py:615 Script 5_type_checker.py argument consistency validated
INFO     root:test_pipeline_scripts.py:604 Script 7_export.py uses standardized pipeline template - arguments handled automatically
INFO     root:test_pipeline_scripts.py:615 Script 7_export.py argument consistency validated
__________________________________________ test_pipeline_script_completeness ___________________________________________
-------------------------------------------------- Captured log call ---------------------------------------------------
INFO     root:test_pipeline_scripts.py:620 Pipeline script completeness test passed
___________________________________________ test_pipeline_script_performance ___________________________________________
-------------------------------------------------- Captured log call ---------------------------------------------------
INFO     root:test_pipeline_scripts.py:626 Pipeline script performance test completed
==================================================== tests coverage ====================================================
__________________________________ coverage: platform darwin, python 3.13.11-final-0 ___________________________________

Name                                                               Stmts   Miss  Cover   Missing
------------------------------------------------------------------------------------------------
src/0_template.py                                                     13     13     0%   33-61
src/1_setup.py                                                        33     15    55%   38-55, 67, 71
src/2_tests.py                                                        65     49    25%   109-199
src/3_gnn.py                                                           8      0   100%
src/4_model_registry.py                                               13      4    69%   45-49
src/5_type_checker.py                                                 32     23    28%   43-72
src/6_validation.py                                                   13     13     0%   21-50
src/7_export.py                                                        8      0   100%
src/8_visualization.py                                                 8      0   100%
src/9_advanced_viz.py                                                  6      6     0%   12-21
src/10_ontology.py                                                    15     15     0%   26-56
src/11_render.py                                                      23      5    78%   77-81
src/12_execute.py                                                     15      6    60%   43-49
src/13_llm.py                                                         15     15     0%   32-59
src/14_ml_integration.py                                              15     15     0%   32-59
src/15_audio.py                                                       16      7    56%   43-50
src/16_analysis.py                                                    18     18     0%   32-63
src/17_integration.py                                                 16     16     0%   32-60
src/18_security.py                                                    15     15     0%   32-59
src/19_research.py                                                    15     15     0%   32-59
src/20_website.py                                                     15     15     0%   32-62
src/21_mcp.py                                                         15     15     0%   32-59
src/22_gui.py                                                         16     16     0%   51-101
src/23_report.py                                                      15     15     0%   32-59
src/__init__.py                                                       30     20    33%   24-34, 42, 68-87
src/advanced_visualization/__init__.py                                14     14     0%   7-46
src/advanced_visualization/d2_visualizer.py                          266    266     0%   17-856
src/advanced_visualization/dashboard.py                               59     59     0%   8-567
src/advanced_visualization/data_extractor.py                         114    114     0%   8-343
src/advanced_visualization/html_generator.py                          37     37     0%   8-479
src/advanced_visualization/processor.py                             1062   1062     0%   12-1914
src/advanced_visualization/visualizer.py                             266    266     0%   6-478
src/analysis/__init__.py                                              27     22    19%   53-95
src/analysis/analyzer.py                                             435    384    12%   19-22, 26, 33-70, 74-93, 97-116, 120-136, 140-155, 159-168, 172-181, 185-189, 193-200, 204-241, 245-267, 271, 276-288, 293-305, 309-330, 335-343, 347-360, 364-385, 389-438, 442-484, 488-518, 522-558, 568-570, 583-643, 647-689, 693-717, 721-731, 745-819, 833-906
src/analysis/mcp.py                                                   16     16     0%   7-65
src/analysis/post_simulation.py                                      354    332     6%   44-76, 99-134, 157-189, 212-243, 264-323, 340-384, 402-423, 442-444, 462, 475-477, 492-515, 525-555, 571-765
src/analysis/processor.py                                            117    106     9%   48-213, 225-244
src/audio/__init__.py                                                 62     11    82%   86-88, 125-127, 136, 146, 156, 170-171
src/audio/analyzer.py                                                 72     60    17%   16-51, 58, 86-121, 128, 141-175, 191-216, 231-259
src/audio/classes.py                                                  82     66    20%   18-19, 23-71, 80-90, 97-98, 104-105, 109-122, 129-169, 176-177, 180-181, 185
src/audio/generator.py                                               135    121    10%   15-32, 36-54, 58-82, 86-109, 124-140, 153-161, 174-205, 211-213, 217-245, 249-269
src/audio/mcp.py                                                      53     41    23%   21-25, 28-35, 38-56, 72-86, 96-123
src/audio/processor.py                                               173    153    12%   48-121, 135-183, 187-205, 209-227, 231-236, 240-261, 265-286, 290-309, 313-366, 370-397
src/audio/sapf/__init__.py                                            21      1    95%   47
src/audio/sapf/audio_generators.py                                   259    235     9%   27-28, 44-60, 72-232, 245-288, 293-303, 307-308, 313-322, 326-354, 358-373, 386-486, 504-514, 532-555, 568-591
src/audio/sapf/generator.py                                           58     49    16%   9, 35-113
src/audio/sapf/processor.py                                           64     56    12%   29-66, 84-94, 110-156, 172-193
src/audio/sapf/sapf_gnn_processor.py                                 295    267     9%   23-25, 37-80, 84-140, 144-162, 166-182, 186-203, 207-219, 233-311, 315-326, 331-341, 345-359, 363-368, 372-379, 383-469, 473-500, 504-541, 545-572, 585-587, 599-624, 638-646
src/audio/sapf/utils.py                                               14      8    43%   20, 66, 85-92
src/execute/__init__.py                                               37     14    62%   20-24, 29-32, 76-80
src/execute/activeinference_jl/__init__.py                             2      0   100%
src/execute/activeinference_jl/activeinference_runner.py             259    241     7%   34-77, 91-152, 164-207, 220-232, 244-271, 291-381, 399-431, 455-555
src/execute/discopy/__init__.py                                        2      0   100%
src/execute/discopy/discopy_executor.py                              124    108    13%   27-34, 49-51, 63-79, 91-122, 135-244, 266-295
src/execute/discopy_translator_module/__init__.py                      4      0   100%
src/execute/discopy_translator_module/translator.py                  113     87    23%   21-23, 36-39, 46-49, 66-120, 137-179, 196-222
src/execute/discopy_translator_module/visualize_jax_output.py        140    122    13%   22-25, 32-35, 56-130, 149-189, 206-264
src/execute/executor.py                                              389    313    20%   21-23, 28-30, 35-37, 42-44, 49-51, 55-67, 71-73, 82-83, 99, 123, 125, 127, 129, 144-145, 157-158, 176-190, 206-223, 227-238, 247-264, 271-287, 294-310, 325, 337-346, 378-379, 394-396, 422-844
src/execute/fallback.py                                               35     16    54%   15, 24, 34, 43, 52, 61, 70, 84, 99, 111, 118, 125, 132, 145, 158, 171
src/execute/install_dependencies.py                                   56     56     0%   8-126
src/execute/jax/__init__.py                                            2      0   100%
src/execute/jax/jax_runner.py                                        121    105    13%   29-33, 37-64, 68-73, 77-147, 151-175
src/execute/julia_setup.py                                           110    110     0%   9-273
src/execute/mcp.py                                                    53     53     0%   7-122
src/execute/processor.py                                             632    183    71%   26-30, 60-66, 83-97, 153, 157, 185-187, 195-197, 235-236, 238, 242, 248-250, 288, 295-297, 340-341, 382-390, 421-449, 453-457, 587-599, 662-670, 700-701, 706-707, 724-725, 735-738, 770-776, 807-808, 818-819, 834-840, 847-850, 865-873, 880-883, 898-906, 913-917, 925, 966-969, 986, 992, 1007-1008, 1014, 1021, 1028, 1034, 1048, 1062, 1068, 1095-1104, 1157, 1161-1162, 1176-1192
src/execute/pymdp/__init__.py                                         13      0   100%
src/execute/pymdp/context.py                                          30     24    20%   33-88
src/execute/pymdp/execute_pymdp.py                                   115    115     0%   19-319
src/execute/pymdp/executor.py                                         37     26    30%   47-67, 85-105
src/execute/pymdp/pymdp_runner.py                                    262    242     8%   33-76, 94-208, 227-266, 275-340, 349-382, 402-468, 474-522, 527-545
src/execute/pymdp/pymdp_simulation.py                                472    418    11%   46-47, 64, 68-75, 80-84, 90-109, 113-115, 119-122, 125, 158-211, 215-271, 283-380, 384-411, 415-448, 452-482, 486-519, 531, 543-586, 591-600, 605-654, 659-667, 672-680, 685-690, 702-783, 787-831, 835-862, 866-869, 890, 905-907
src/execute/pymdp/pymdp_utils.py                                     205    185    10%   37-54, 69-84, 98-110, 123-142, 155-173, 192-213, 226-265, 280-308, 321-328, 343-351, 364-398, 411-429, 442-473, 486-512
src/execute/pymdp/pymdp_visualizer.py                                184    154    16%   28, 65-101, 105-110, 113-118, 121-126, 130-136, 139, 143-153, 172-197, 214-240, 257-304, 316-330, 334-337, 350, 374-408
src/execute/pymdp/simple_simulation.py                               286    286     0%   7-527
src/execute/pymdp/validator.py                                        49     43    12%   21-104, 113-131
src/execute/rxinfer/__init__.py                                        2      0   100%
src/execute/rxinfer/rxinfer_runner.py                                 86     75    13%   25-43, 59-74, 90-147, 168-205
src/execute/validator.py                                             179    179     0%   9-466
src/export/__init__.py                                               134     52    61%   46-73, 78, 93-98, 101, 108-113, 116, 163, 197, 210-215, 255-269, 277, 298-300
src/export/core.py                                                    89     89     0%   1-159
src/export/format_exporters.py                                       282    282     0%   9-373
src/export/formatters.py                                             210     96    54%   21-22, 157-158, 166-167, 171-176, 180-225, 229-234, 238-268, 272-303
src/export/mcp.py                                                     61     61     0%   7-161
src/export/processor.py                                              171     75    56%   63-64, 83-84, 88-90, 140-141, 203-204, 223, 241-246, 253-261, 272-274, 278-279, 296-315, 332-386
src/export/utils.py                                                   12      9    25%   12-55, 59
src/gnn/__init__.py                                                   13      5    62%   46, 50-51, 55-56
src/gnn/core_processor.py                                            167     76    54%   67, 71-73, 113-135, 152-154, 158-176, 180-201, 205-217, 221-231, 267-268, 279, 416
src/gnn/cross_format.py                                               14     11    21%   21-35
src/gnn/cross_format_validator.py                                    283    234    17%   48-50, 54-58, 83-85, 90-145, 150-215, 220-249, 253-279, 283-316, 320-332, 337-349, 354-378, 383-403, 407-465, 470-512, 518-519, 524-525
src/gnn/discovery.py                                                  47      4    91%   80, 110-112
src/gnn/documentation/__init__.py                                      1      1     0%   8
src/gnn/formal_specs/__init__.py                                       1      1     0%   8
src/gnn/grammars/__init__.py                                           1      1     0%   8
src/gnn/mcp.py                                                       184    184     0%   16-875
src/gnn/multi_format_processor.py                                     96     15    84%   96-97, 156-169, 224-228, 245-255, 279, 294
src/gnn/parser.py                                                    173    135    22%   20-27, 31, 38, 46, 54, 58, 62, 77-78, 82, 86, 90-105, 109-118, 122-170, 177-180, 200, 214-269, 282-374
src/gnn/parsers/__init__.py                                           44      0   100%
src/gnn/parsers/alloy_serializer.py                                   75      1    99%   77
src/gnn/parsers/asn1_serializer.py                                    96      2    98%   125, 127
src/gnn/parsers/base_serializer.py                                    39      6    85%   19-21, 26, 38, 49
src/gnn/parsers/binary_parser.py                                     136    115    15%   30, 33-48, 52-60, 64-98, 102-103, 107-176, 181-198, 202-216, 220-229, 233-256, 260-270, 274-282
src/gnn/parsers/binary_serializer.py                                  27      6    78%   62-100, 104, 109, 120
src/gnn/parsers/common.py                                            367    110    70%   33-37, 41-48, 137-143, 147, 197-198, 231-232, 271, 275-278, 282-287, 291-294, 298-320, 338, 342-345, 379, 385, 389-402, 451, 455, 459-460, 464, 497, 549, 556, 564-565, 569-594, 638, 640, 642, 644, 646, 648, 650, 652, 665-670
src/gnn/parsers/converters.py                                         22     10    55%   41-49, 60-61, 74
src/gnn/parsers/coq_parser.py                                        167    137    18%   39-52, 57-73, 77-90, 94-159, 164-183, 187-191, 195-203, 207-222, 226-244, 248-266, 270-281, 285-305, 309-320, 325-330, 334
src/gnn/parsers/coq_serializer.py                                     40      2    95%   81, 92
src/gnn/parsers/functional_parser.py                                 126    104    17%   33, 36-43, 47-113, 117-131, 135-200, 204-205, 209-216, 220, 226-234, 238-244
src/gnn/parsers/functional_serializer.py                              47      2    96%   89, 100
src/gnn/parsers/grammar_parser.py                                    204    168    18%   36-47, 51-109, 113-126, 130-146, 150-160, 165-183, 187-205, 209-236, 240-251, 257-269, 273, 290-348, 352-362, 366-386, 391-402, 408-425, 429
src/gnn/parsers/grammar_serializer.py                                 47      2    96%   94, 105
src/gnn/parsers/isabelle_parser.py                                   148    124    16%   35, 39-46, 51-127, 131-144, 148-213, 217-227, 232-238, 242-250, 255-256, 261-269, 273-294
src/gnn/parsers/isabelle_serializer.py                                38      2    95%   79, 90
src/gnn/parsers/json_parser.py                                       182    161    12%   35-57, 61-92, 96-107, 113-171, 175-214, 218-247, 251-273, 277-299, 303-316, 320-340, 344
src/gnn/parsers/json_serializer.py                                     9      0   100%
src/gnn/parsers/lean_parser.py                                       176    148    16%   38-51, 56-72, 76-90, 94-159, 163-183, 188-198, 202-210, 214-224, 229-251, 255-274, 278-296, 300-327, 331-343, 347
src/gnn/parsers/lean_serializer.py                                    47      2    96%   90, 101
src/gnn/parsers/markdown_parser.py                                   454    104    77%   55, 65-66, 73-76, 85-87, 93-96, 103, 109-115, 153-154, 172-175, 241-245, 282-284, 300-301, 321-323, 331-333, 387-388, 403-405, 409, 424-426, 441, 474-482, 486-488, 492-494, 557, 605, 618, 620, 637-643, 647-657, 661-668, 682, 686, 688, 715-717, 721, 733-735, 752-764, 775, 780, 786
src/gnn/parsers/markdown_serializer.py                                69      9    87%   47, 63-68, 75, 95
src/gnn/parsers/maxima_parser.py                                     150    127    15%   33-42, 46-104, 108, 112-119, 123-196, 200-211, 215, 222-233, 237-250, 254-270, 274-294
src/gnn/parsers/maxima_serializer.py                                  53      8    85%   28, 52-56, 101, 112
src/gnn/parsers/pkl_serializer.py                                    164     24    85%   86-93, 99-105, 112-117, 226, 228, 233, 238
src/gnn/parsers/protobuf_parser.py                                   236    209    11%   30, 34-41, 45, 49-111, 121-140, 144-158, 162-214, 218-258, 262-291, 295-302, 307-315, 319-329, 334-349, 353-411, 415-424, 428-437, 441-457, 461-476
src/gnn/parsers/protobuf_serializer.py                                96      3    97%   152, 164, 175
src/gnn/parsers/python_parser.py                                     258    221    14%   37-50, 55-71, 76-81, 85-99, 103-118, 122-187, 191-204, 208-229, 233-243, 247-267, 273-283, 287-289, 293-300, 305-310, 315-335, 340, 344-349, 353-357, 361-370, 376-403, 407-426, 430-448, 452-467, 471
src/gnn/parsers/python_serializer.py                                  60      2    97%   105, 116
src/gnn/parsers/scala_parser.py                                      261    225    14%   58, 62-69, 74-107, 111-125, 129-194, 199-213, 217-240, 244-272, 276-308, 312-322, 326-331, 336-347, 352-365, 370-383, 388-401, 407-412, 417-438, 442-469, 473-474, 479-488, 493-507, 511-524, 528-536
src/gnn/parsers/scala_serializer.py                                   53      5    91%   94, 105, 118, 120, 122
src/gnn/parsers/schema_parser.py                                     702    610    13%   30-46, 50-105, 109-117, 120, 123-131, 135-146, 149-177, 180-189, 192-198, 211-228, 232-287, 291-299, 302, 305-312, 315-354, 357-361, 364-375, 378-386, 400-416, 420-476, 480-488, 491, 494-501, 504-581, 585, 591-595, 599-609, 613-624, 628-638, 642-698, 709-723, 727-746, 750-782, 786-813, 817-847, 851-858, 862-866, 870-879, 883-901, 905-925, 929-937, 941-949, 953-972, 976-985, 996, 1000-1009, 1013-1071, 1074-1081, 1084-1119, 1122-1128, 1139, 1143-1154, 1158-1216, 1219-1226, 1229-1264, 1267-1274, 1277-1283
src/gnn/parsers/schema_serializer.py                                   8      1    88%   13
src/gnn/parsers/serializers.py                                      1133   1133     0%   12-2642
src/gnn/parsers/system.py                                            147     51    65%   148-149, 156-157, 174, 183, 189-191, 205-224, 240, 255, 261-263, 276-288, 331, 344-360, 368
src/gnn/parsers/temporal_parser.py                                   264    225    15%   35, 38-45, 49-134, 138-152, 156-221, 225-247, 251-261, 275, 278-285, 289-352, 356-370, 374-439, 443-448, 452-459, 464, 471-484, 488-505, 509-517
src/gnn/parsers/temporal_serializer.py                                77      2    97%   95, 106
src/gnn/parsers/unified_parser.py                                    220    201     9%   35-36, 41, 59-117, 131-175, 187-228, 240-315, 330-346, 362-451, 455, 459-460
src/gnn/parsers/utils.py                                              14      8    43%   27-28, 41-52
src/gnn/parsers/validators.py                                        241    196    19%   40, 53-61, 65, 69, 73-78, 102-122, 127-146, 155-170, 175-207, 211-247, 257-295, 300-330, 340-356, 366-387, 391-426, 437-506, 511-566, 571-617
src/gnn/parsers/xml_parser.py                                        349    309    11%   34-67, 71-109, 113-124, 130-164, 168-172, 177-188, 192-235, 240-255, 259-314, 319-329, 333-351, 355-366, 370-379, 383-398, 402-416, 424-434, 438-454, 458, 462-473, 478-530, 544-556, 561-579, 583-591, 601-609, 619-625, 634, 638-649, 654-706
src/gnn/parsers/xml_serializer.py                                    101     21    79%   53, 63-64, 74, 77, 81-91, 97, 101, 113, 168, 179
src/gnn/parsers/xsd_serializer.py                                     59      3    95%   97, 109, 120
src/gnn/parsers/yaml_parser.py                                       361    327     9%   20-21, 38, 42-55, 60-94, 98-138, 142-174, 178-189, 195-267, 271-286, 290-325, 329-360, 364-404, 408-415, 419-456, 460-491, 495-511, 515-530, 534-541, 545-569, 573-594, 598-614, 618-631, 635
src/gnn/parsers/yaml_serializer.py                                    31     18    42%   6-7, 81, 87-105
src/gnn/parsers/znotation_serializer.py                               52      2    96%   106, 117
src/gnn/pomdp_extractor.py                                           310    101    67%   50, 152, 156-158, 173-174, 181-183, 253-254, 274, 337-338, 353-354, 372, 374-376, 388-405, 412-462, 471, 489, 507-513, 517-530, 535-537, 542-544, 580-581
src/gnn/processor.py                                                 158     61    61%   21-25, 67-73, 77-82, 86-87, 147, 156, 170-171, 174-175, 226-227, 261-262, 266, 273, 277, 280, 284-285, 320-321, 335-380, 384
src/gnn/processors.py                                                401    401     0%   15-872
src/gnn/reporting.py                                                 188    164    13%   41-77, 85-135, 139-141, 145-162, 175-201, 212-220, 232-240, 251-254, 266-297, 301-303, 307-377, 381-386, 390-393, 453-461
src/gnn/schema_validator.py                                          764    663    13%   45-46, 80-81, 95-96, 101-121, 126-149, 153-178, 182-192, 212-230, 250-260, 264-293, 312-318, 323-331, 335-383, 387-414, 418-455, 459-489, 493-501, 505-512, 516-535, 539-562, 566-586, 590-612, 616-644, 648-669, 673-702, 706-727, 731-741, 745-754, 758-764, 792-798, 806-807, 821-845, 854-867, 872-957, 961-972, 976-1008, 1012-1031, 1035-1050, 1054-1072, 1076-1097, 1101-1138, 1142-1153, 1157-1204, 1208-1271, 1275, 1280-1299, 1304, 1309-1332, 1337-1358, 1364-1380, 1385-1386
src/gnn/schemas/__init__.py                                            1      1     0%   8
src/gnn/simple_validator.py                                           57     57     0%   10-162
src/gnn/testing.py                                                   197    197     0%   10-413
src/gnn/testing/__init__.py                                            1      1     0%   11
src/gnn/testing/performance_benchmarks.py                             78     78     0%   8-160
src/gnn/testing/round_trip_strategy.py                                94     94     0%   9-198
src/gnn/testing/simple_round_trip_test.py                            119    119     0%   12-202
src/gnn/type_systems/__init__.py                                       1      1     0%   8
src/gnn/types.py                                                     189     48    75%   19-22, 25-33, 50-53, 56-59, 139-140, 143, 172-173, 176, 179-180, 196-204, 207, 210-220
src/gnn/validation.py                                                173    143    17%   38-44, 56-58, 70-100, 112-134, 138-166, 170-177, 181-187, 191-197, 201-217, 221-234, 238-262, 266-291, 295-327
src/gui/__init__.py                                                  116    116     0%   20-476
src/gui/gui_1/__init__.py                                             24     24     0%   10-109
src/gui/gui_1/markdown.py                                            187    187     0%   1-251
src/gui/gui_1/mcp.py                                                  13     13     0%   5-27
src/gui/gui_1/processor.py                                            69     69     0%   1-153
src/gui/gui_1/ui.py                                                  124    124     0%   1-263
src/gui/gui_2/__init__.py                                             24     24     0%   11-110
src/gui/gui_2/matrix_editor.py                                       125    125     0%   5-334
src/gui/gui_2/processor.py                                            73     73     0%   7-193
src/gui/gui_2/ui.py                                                  392    392     0%   8-840
src/gui/gui_2/ui_minimal.py                                           24     24     0%   6-42
src/gui/gui_2/ui_simple.py                                           113    113     0%   7-240
src/gui/gui_3/__init__.py                                             14     14     0%   7-69
src/gui/gui_3/processor.py                                            89     89     0%   7-237
src/gui/gui_3/ui_designer.py                                         138    138     0%   7-345
src/gui/oxdraw/__init__.py                                            36     36     0%   18-155
src/gui/oxdraw/mcp.py                                                 57     57     0%   7-314
src/gui/oxdraw/mermaid_converter.py                                  150    150     0%   8-364
src/gui/oxdraw/mermaid_parser.py                                     148    148     0%   8-415
src/gui/oxdraw/processor.py                                          118    118     0%   11-323
src/gui/oxdraw/utils.py                                               65     65     0%   7-269
src/integration/__init__.py                                           33     33     0%   7-89
src/integration/mcp.py                                                16     16     0%   7-65
src/integration/processor.py                                          92     92     0%   8-190
src/llm/__init__.py                                                  103     65    37%   12-13, 26-37, 41-47, 59-97, 106-110, 119, 127-132, 136, 151, 156, 169-170, 188-189, 193-194
src/llm/analyzer.py                                                  106     61    42%   29-95, 105-112, 128, 150, 172, 181-204, 208-216, 228, 231, 242, 245
src/llm/demo_enhanced_llm.py                                         124    124     0%   9-304
src/llm/generator.py                                                  89     83     7%   11-49, 53-88, 92-161, 165-211
src/llm/llm_operations.py                                            211    162    23%   57-68, 75-76, 81, 88-92, 96-102, 115-135, 149-166, 170-186, 190-208, 221-243, 247-255, 267-294, 298-306, 319-340, 344-353, 357-368, 381-390, 394-402, 414-423, 427-435, 439-445, 449-464, 472, 476, 485-489, 494, 498, 502, 506, 510
src/llm/llm_processor.py                                             325    247    24%   53-61, 64-65, 71, 75, 79, 83, 87, 132-154, 196-218, 230-248, 264, 276-297, 318-344, 354-367, 386-399, 418-434, 444-450, 459, 466-474, 499-537, 565-581, 590, 596-598, 616-617, 626-631, 644-674, 690, 702, 714, 727-748, 756-758, 768, 782-789, 802, 815-830, 846-856, 868-881
src/llm/mcp.py                                                        55     55     0%   7-129
src/llm/processor.py                                                 274    274     0%   6-541
src/llm/prompts.py                                                    27     27     0%   10-389
src/llm/providers/__init__.py                                         14      8    43%   20-21, 24-25, 28-29, 32-33
src/llm/providers/base_provider.py                                    56     14    75%   71-73, 162-171, 188-230, 237, 246
src/llm/providers/ollama_provider.py                                 134    134     0%   12-265
src/llm/providers/openai_provider.py                                 155    130    16%   48-51, 56, 61, 66, 75-103, 115-131, 148-215, 232-282, 299-312, 316-320, 324-364
src/llm/providers/openrouter_provider.py                             191    160    16%   20-22, 80-86, 91, 96, 101, 110-146, 158-174, 191-268, 285-354, 363-374, 386-398, 402-406, 410-450
src/llm/providers/perplexity_provider.py                             171    141    18%   18-20, 58-60, 65, 70, 75, 84-119, 131-147, 164-236, 253-317, 329, 342-354, 377-382, 386-426, 430-434
src/main.py                                                          354    109    69%   69-70, 108-109, 145-149, 230, 271-273, 289-290, 292-293, 316, 382, 390-393, 397, 434-452, 463, 466-474, 497-515, 544-547, 551-566, 600-601, 639-640, 643, 646, 683-686, 693-700, 710-715, 721-722, 740-741, 746-747, 769, 771, 776-777, 781-782, 787, 793, 800, 805-806, 813, 819, 831-833
src/mcp/__init__.py                                                   11      0   100%
src/mcp/cli.py                                                       374    374     0%   18-540
src/mcp/mcp.py                                                       900    659    27%   51-62, 67, 77, 88, 99, 114, 124, 134, 147, 160, 174, 187, 226-241, 245, 251-252, 256-265, 269, 280-300, 326-337, 341-342, 346, 358, 382-387, 414-417, 421-428, 445-499, 503-524, 528, 593-595, 608, 613, 618, 623, 628, 643-656, 663-676, 696-818, 832-919, 955-1034, 1063-1086, 1105-1148, 1163-1195, 1199-1241, 1257-1271, 1294-1312, 1330-1340, 1374-1408, 1424-1582, 1591-1612, 1617-1622, 1626-1631, 1640-1668, 1729-1736, 1752-1778, 1798-1817, 1821-1828, 1855-1890, 1894, 1898, 1902, 1906, 1910-1922, 1940-1942, 1955-1961, 1965-1971, 1983-2014, 2018, 2029, 2033, 2037-2044, 2048, 2052-2058, 2062-2063, 2067-2068, 2072-2078, 2082-2093, 2097, 2101-2102, 2119-2121
src/mcp/meta_mcp.py                                                  118    118     0%   17-518
src/mcp/npx_inspector.py                                             194    194     0%   12-328
src/mcp/processor.py                                                 134    124     7%   31-68, 80-119, 135-159, 185-300, 309-314
src/mcp/server.py                                                      2      2     0%   7-9
src/mcp/server_http.py                                               132    132     0%   14-195
src/mcp/server_stdio.py                                              220    220     0%   17-344
src/mcp/sympy_mcp.py                                                 165    165     0%   9-481
src/mcp/sympy_mcp_client.py                                          194    194     0%   9-503
src/ml_integration/__init__.py                                        56     56     0%   3-124
src/ml_integration/processor.py                                       56     56     0%   8-136
src/model_registry/__init__.py                                         4      0   100%
src/model_registry/mcp.py                                             65     65     0%   8-343
src/model_registry/registry.py                                       201     45    78%   39-40, 106-110, 119-121, 130-132, 141-142, 201-202, 241-242, 260, 269-271, 283, 295-304, 313, 325-328, 335, 342, 349, 355-356, 364, 386, 395, 400, 405
src/ontology/__init__.py                                              42     22    48%   37, 47, 50, 54-61, 69-71, 76, 79-82, 85-88, 92
src/ontology/mcp.py                                                   53     53     0%   7-121
src/ontology/processor.py                                            123    112     9%   41-74, 86-139, 157-191, 203-233, 251-291, 310-346
src/ontology/utils.py                                                 10      3    70%   20, 45, 74
src/pipeline/__init__.py                                              37      4    89%   52, 57, 67, 69
src/pipeline/audit_docs.py                                            74     74     0%   12-114
src/pipeline/audit_filepaths.py                                      247    247     0%   9-542
src/pipeline/config.py                                                86     42    51%   14-16, 50-55, 67-80, 85-86, 90-104, 121-122, 126, 194-199, 208
src/pipeline/diagnostic_enhancer.py                                  111     96    14%   28, 61-87, 91-156, 160-180, 188-235, 239-270, 293-294
src/pipeline/discovery.py                                             25      2    92%   24, 30
src/pipeline/execution.py                                             89     31    65%   27-28, 62-64, 80-81, 86-90, 110-112, 118, 127-131, 135, 144, 153-163, 172-177
src/pipeline/fix_filepath_references.py                               98     98     0%   9-165
src/pipeline/fix_path_issues.py                                       50     50     0%   11-96
src/pipeline/generate_api_index.py                                    55     55     0%   2-103
src/pipeline/generate_viz_inventory.py                               150    150     0%   7-234
src/pipeline/health_check.py                                         297    264    11%   38, 41-58, 67-84, 124-180, 188-213, 217-262, 266-313, 317-349, 353-369, 373-431, 441-498, 502-576, 581-587, 592-634
src/pipeline/install_optional_packages.py                             66     66     0%   27-159
src/pipeline/mcp.py                                                   78     67    14%   30-55, 67-109, 121-155, 167-183, 195-239
src/pipeline/pipeline_step_template.py                               210    206     2%   35-442
src/pipeline/pipeline_validation.py                                  380    373     2%   33-754
src/pipeline/pipeline_validator.py                                   230    207    10%   24-25, 32-35, 39-48, 52-106, 110-150, 154-164, 168-247, 251-298, 302-399, 403-412, 417-441
src/pipeline/update_version.py                                       129    129     0%   8-244
src/pipeline/validate_documentation.py                               194    194     0%   18-415
src/pipeline/verify_pipeline.py                                      102     91    11%   15-31, 38-75, 86-99, 106-141, 152-170, 181-201, 212-263
src/pipeline_step_template.py                                         10     10     0%   42-68
src/render/__init__.py                                                28     11    61%   23-24, 40-41, 45-47, 51-52, 56-57
src/render/activeinference_jl/__init__.py                              2      0   100%
src/render/activeinference_jl/activeinference_jl_renderer.py         132    132     0%   18-576
src/render/activeinference_jl/activeinference_renderer.py            217    134    38%   24-30, 47, 63-66, 105-108, 133-172, 176-189, 193-217, 221-228, 238, 240, 249, 281-284, 292-326, 905-918
src/render/activeinference_jl/activeinference_renderer_fixed.py       83     83     0%   9-442
src/render/activeinference_jl/activeinference_renderer_simple.py      84     84     0%   9-423
src/render/discopy/__init__.py                                         8      1    88%   14
src/render/discopy/discopy_renderer.py                                88     36    59%   51-73, 77-105, 533, 536, 540-541
src/render/discopy/translator.py                                     703    703     0%   7-1518
src/render/discopy/visualize_jax_output.py                           130    130     0%   1-172
src/render/enhanced_visualizations.py                                423    423     0%   7-628
src/render/generators.py                                             126    112    11%   12-19, 23-30, 40-77, 81-119, 123-528, 532-903, 907-1333, 1337, 1341, 1345, 1349-1350
src/render/jax/__init__.py                                             2      0   100%
src/render/jax/jax_renderer.py                                       635    548    14%   47-49, 67-76, 93-102, 108-199, 236-251, 255-265, 274-279, 286-291, 302-303, 314-659, 666-733, 739-788, 792, 797-825, 830-846, 870-874, 1203-1206, 1226-1517, 1537-1718
src/render/jax/templates/__init__.py                                   4      4     0%   8-12
src/render/jax/templates/combined_template.py                          0      0   100%
src/render/jax/templates/general_template.py                           0      0   100%
src/render/jax/templates/pomdp_template.py                             0      0   100%
src/render/mcp.py                                                     53     53     0%   7-122
src/render/pomdp_processor.py                                        258     52    80%   16, 141-153, 163, 195, 207, 241-249, 277, 280, 296, 392, 409-411, 424, 433-434, 451-453, 466, 475-476, 494-496, 509, 518-519, 542-543, 566-567, 592, 595, 605, 637, 643-644, 699-700, 752-753, 774-775
src/render/processor.py                                              262    169    35%   66, 68, 74-77, 80-83, 91-92, 101, 122-128, 150, 158-182, 226-230, 245-298, 352-353, 396-397, 417-518, 527-559, 563, 586
src/render/pymdp/__init__.py                                           2      0   100%
src/render/pymdp/pymdp_converter.py                                  994    994     0%   8-1517
src/render/pymdp/pymdp_renderer.py                                   203    110    46%   35-45, 59-73, 78-107, 112-146, 151-176, 205-229, 242-275, 355-357, 616-617
src/render/pymdp/pymdp_templates.py                                  157    157     0%   8-469
src/render/pymdp/pymdp_utils.py                                      160    160     0%   1-267
src/render/pymdp_enhanced.py                                           0      0   100%
src/render/render.py                                                 169    143    15%   20-27, 32-35, 40-44, 49-53, 58-63, 91-178, 182-263
src/render/rxinfer/__init__.py                                        10      6    40%   9-15
src/render/rxinfer/gnn_parser.py                                     117    117     0%   5-256
src/render/rxinfer/rxinfer_renderer.py                               111     65    41%   51-73, 77-104, 108-140, 422, 433-435, 442-444, 454, 459-461
src/render/rxinfer/toml_generator.py                                 392    260    34%   17-19, 45-52, 95-100, 105-108, 144-174, 223-249, 269, 276-279, 292-326, 572, 599, 614-784, 800-841, 845-848, 852-887, 891-941, 945-967, 996-1008
src/report/__init__.py                                               131    106    19%   35-43, 49, 53, 56-58, 63, 66, 69, 72, 81, 84, 106-253
src/report/analyzer.py                                               220    206     6%   26-115, 129-187, 201-235, 248-288, 301-363, 376-408, 421-449, 462-540, 552-596
src/report/formatters.py                                             172    165     4%   25-444, 456-512, 526-683, 695-702
src/report/generator.py                                              150    136     9%   42-114, 132-150, 168-186, 204-219, 236-261, 285-323, 335-380
src/report/mcp.py                                                     55     55     0%   7-120
src/report/processor.py                                               87     77    11%   39-75, 95-160, 175-202, 216-257, 269-286
src/research/__init__.py                                              33     33     0%   7-89
src/research/mcp.py                                                   16     16     0%   7-65
src/research/processor.py                                             50     50     0%   8-130
src/sapf/__init__.py                                                  18     10    44%   18-20, 35-36, 54-60
src/security/__init__.py                                              25     25     0%   7-73
src/security/mcp.py                                                   16     16     0%   7-65
src/security/processor.py                                            140    140     0%   6-362
src/setup/__init__.py                                                 41     21    49%   120, 122-126, 130, 132, 134, 137-141, 144-145, 149-154
src/setup/mcp.py                                                     125    125     0%   8-411
src/setup/setup.py                                                   736    516    30%   41, 65, 72-75, 77-81, 83-98, 116-117, 128-133, 140, 144-145, 159-171, 185-193, 196-213, 235-249, 267-268, 281, 285-286, 290-292, 297, 308-315, 322, 326, 332-337, 364-367, 380-382, 399-407, 421-450, 463-490, 503-535, 547-574, 595, 601-602, 610-611, 636, 665-673, 742-751, 759-801, 821-902, 973-974, 978-979, 986, 992, 1006-1014, 1050-1051, 1069-1072, 1081-1083, 1105-1106, 1117-1127, 1175-1176, 1180-1206, 1211-1234, 1238-1275, 1288-1309, 1321-1387, 1402-1449, 1461-1480, 1507-1553
src/setup/utils.py                                                    65     51    22%   24-29, 41-50, 62, 91, 144, 166-171, 184-189, 201-207, 224-230, 248-254
src/setup/validator.py                                                27     21    22%   20-27, 40-54, 66-80
src/template/__init__.py                                               7      7     0%   20-47
src/template/mcp.py                                                   94     94     0%   8-325
src/template/processor.py                                            203    203     0%   8-480
src/template/utils.py                                                  2      2     0%   8-15
src/type_checker/__init__.py                                           2      0   100%
src/type_checker/__main__.py                                           2      2     0%   7-8
src/type_checker/analysis_utils.py                                    69     69     0%   10-175
src/type_checker/checker.py                                          615    615     0%   9-1345
src/type_checker/cli.py                                              124    124     0%   8-214
src/type_checker/mcp.py                                               26     26     0%   7-113
src/type_checker/output_utils.py                                     170    170     0%   10-249
src/type_checker/processor.py                                        130     27    79%   71-73, 88-95, 111, 115-117, 169-170, 272-273, 306-310, 318-338
src/type_checker/resource_estimator.py                               583    583     0%   11-1738
src/utils/__init__.py                                                 26      3    88%   242-245
src/utils/argument_utils.py                                          512    338    34%   47, 52, 120, 122, 127-128, 132-133, 137-185, 403, 410-429, 446-467, 490, 492, 494, 498, 518-559, 573-593, 763-805, 814-863, 868-880, 885-911, 938, 948, 957, 982-993, 998, 1002-1013, 1017-1022, 1031-1048, 1052-1062, 1067-1191, 1194-1226
src/utils/config_loader.py                                           212    145    32%   10-12, 47-54, 68-69, 115-126, 131-186, 190, 213-243, 255-279, 290-311, 319-326, 333-341, 348-355
src/utils/configuration.py                                           287    204    29%   81-82, 86-131, 135-142, 146-151, 155-160, 164, 168-175, 179-193, 197-226, 230-239, 243-251, 255-256, 260-268, 272-302, 306-320, 324-332, 336-346, 351-363, 367-382, 387-388, 392-396, 405, 414-432, 437, 442, 447, 454-482, 488, 497, 506, 515
src/utils/dependency_audit.py                                        268    201    25%   62-65, 69-109, 114-124, 128-165, 169-200, 204-227, 232-237, 241-259, 263-278, 282-292, 296-325, 331, 335-357, 361-366, 370-379, 383-389, 393-428, 432-456, 463-464, 469, 473-487, 492, 497-498, 503-504
src/utils/dependency_installer.py                                    156    156     0%   9-335
src/utils/dependency_manager.py                                      239    239     0%   9-462
src/utils/dependency_validator.py                                    216    180    17%   44-51, 55, 209-296, 300-309, 313-331, 343-373, 377-404, 420-454, 463-473, 481-493, 506-528, 571-572
src/utils/enhanced_dependency_manager.py                             161    129    20%   44-46, 50, 102-130, 142-211, 215-226, 240-253, 265-305, 319-358, 363-365
src/utils/enhanced_logging.py                                        157    157     0%   9-345
src/utils/error_handling.py                                          176    100    43%   75, 106-109, 119-143, 148-176, 180-181, 187-219, 224-237, 242-268, 272-294, 306, 316-318, 324-331, 336-343, 348-355
src/utils/error_recovery.py                                          123     42    66%   40, 112-129, 133, 143, 153, 163, 173, 215, 231-246, 255, 269-280, 325, 329, 333-343
src/utils/fallback.py                                                 17     17     0%   8-49
src/utils/io_utils.py                                                 84     56    33%   43-47, 55-56, 89-132, 152-178, 194-200, 212-243
src/utils/logging_utils.py                                           507    200    61%   53-96, 126-129, 156-171, 184-192, 204-206, 210-211, 215, 219-226, 234-235, 264, 281-284, 296-304, 330-367, 430-441, 449-453, 472-473, 475-476, 499-512, 519-530, 566-571, 622-629, 641-642, 657-659, 668, 686-688, 700, 711, 723-737, 752-753, 758-759, 795, 800-801, 803-804, 832-833, 840, 885-931, 935, 944, 957, 964
src/utils/mcp.py                                                     107    107     0%   16-352
src/utils/migration_helper.py                                        160    140    12%   29-30, 34-65, 69-109, 113-122, 127-138, 142-156, 160-161, 165-183, 187-195, 199-205, 208-291
src/utils/network_utils.py                                            44     19    57%   12-24, 99-109, 121-139
src/utils/path_utils.py                                                9      9     0%   1-11
src/utils/performance_tracker.py                                      95     49    48%   21-22, 58-69, 73-76, 81, 86-92, 96, 125-130, 139-147, 154-155, 164-180, 189-195
src/utils/pipeline.py                                                 79     67    15%   28-37, 47-57, 75-81, 94-109, 122-140, 157-187
src/utils/pipeline_monitor.py                                        338    238    30%   56-61, 65-67, 71-73, 101-103, 143-145, 149-151, 164-175, 180-195, 201-219, 233-244, 253-283, 287-302, 312-337, 341-377, 381-382, 386-387, 391-392, 396-397, 401-403, 407-408, 412-509, 513-526, 541-566, 570-578, 585, 589, 608-618, 622-623, 633-697
src/utils/pipeline_planner.py                                         93     85     9%   17-144, 149-172, 182-224, 229-278
src/utils/pipeline_template.py                                       210    151    28%   30, 52-56, 80-153, 157-180, 223-278, 293, 311-381, 408-412, 419-432, 441-449, 467-468, 483-485, 491, 495-505
src/utils/pipeline_validator.py                                      101     55    46%   60-61, 64-65, 68-69, 79, 89, 125-128, 138-147, 155-191, 195-227
src/utils/resource_manager.py                                        100     24    76%   29-30, 55-57, 62, 67, 71, 80-84, 119, 123-125, 153, 161, 202-203, 212-217
src/utils/script_validator.py                                        207    168    19%   47-57, 68-103, 107-164, 168-181, 192-221, 232-246, 257-264, 269-335, 339-377, 381-442, 446-471, 483-490
src/utils/shared_functions.py                                        100    100     0%   8-268
src/utils/simulation_monitor.py                                       82     82     0%   7-174
src/utils/simulation_utils.py                                        183    183     0%   7-308
src/utils/standardized_error_handling.py                              80     80     0%   9-273
src/utils/structured_logging.py                                      232    140    40%   70-72, 77-79, 86-92, 96, 100-105, 109-111, 115-147, 151, 155, 159, 163, 167, 172-184, 188-202, 206-225, 229-248, 252-266, 270-272, 279-280, 284-300, 312-329, 333-345, 349-355, 365-366, 371, 376-384, 390-399, 405-415, 422, 435, 443-448, 453-458
src/utils/system_utils.py                                             22     11    50%   11-12, 20-44
src/utils/timeout_manager.py                                         236    236     0%   10-424
src/utils/venv_utils.py                                               35     29    17%   18-68
src/utils/visual_logging.py                                          223    121    46%   34-38, 46-48, 120-134, 138-154, 181-183, 187-195, 199-213, 233-235, 239-250, 254-271, 275-292, 296-318, 327-328, 332-333, 337-346, 357-363, 380-383, 401-405, 410-412, 416-418, 423-430
src/utils/visualization_optimizer.py                                 243    243     0%   9-434
src/validation/__init__.py                                           108    108     0%   8-204
src/validation/consistency_checker.py                                227    227     0%   8-446
src/validation/mcp.py                                                123    123     0%   8-417
src/validation/performance_profiler.py                               207    207     0%   9-409
src/validation/semantic_validator.py                                 245    245     0%   8-519
src/visualization/__init__.py                                        128    100    22%   16-18, 23-25, 29-57, 64-65, 82, 89, 99-101, 107, 123-129, 138-148, 160-170, 179-210, 214-233, 237-258
src/visualization/__main__.py                                          2      2     0%   8-9
src/visualization/cli.py                                              33     33     0%   7-83
src/visualization/matrix_visualizer.py                               718    606    16%   18-22, 27-29, 33, 82-83, 89-96, 100-102, 122, 126-130, 135, 139, 145-147, 162-193, 211-239, 295-296, 305-308, 311-319, 336-417, 431-464, 477-664, 678-796, 809-908, 921-1012, 1049-1068, 1072-1074, 1095-1112, 1128-1155, 1169-1199, 1213-1234, 1247-1297, 1310-1323, 1327, 1339-1353, 1367-1394, 1412-1416
src/visualization/mcp.py                                              53     53     0%   7-122
src/visualization/ontology_visualizer.py                             105     72    31%   75-85, 89-91, 104-120, 132-156, 159, 172-233, 237, 240
src/visualization/parser.py                                          138     96    30%   40, 46-72, 77-92, 103-106, 114-122, 132, 144-204, 211-241, 253
src/visualization/processor.py                                       725    364    50%   24-28, 33, 49-51, 58-61, 72-78, 83-96, 113-114, 123-139, 173-174, 182-183, 187-191, 208, 212-214, 251-255, 263-265, 269-283, 298-302, 314-324, 327, 334, 349-350, 359, 362-367, 373-375, 379-389, 393-394, 455, 466, 491-492, 496-497, 525, 536, 543, 678-691, 699, 709, 718, 721, 724, 727, 730, 733, 736, 739, 829-830, 836-939, 943-984, 988-1060, 1077, 1102-1103, 1127-1128, 1134-1151, 1154-1157, 1165-1173, 1187-1188, 1204-1337
src/visualization/run_visualization.py                                42     42     0%   9-76
src/visualization/visualizer.py                                      455    314    31%   23-25, 31-34, 39-41, 47-49, 54-56, 61-63, 88, 93, 98, 116-120, 126-128, 163-165, 169-182, 189-194, 214, 218-231, 235-244, 248-257, 269-278, 282-290, 293, 298-325, 330-353, 357-402, 406-482, 486-592, 596-599, 611-634, 647-658, 672-678, 692-703, 717-723, 738-767, 795-802, 806, 825, 838-839, 856-857, 871-872, 878, 882-884
src/website/__init__.py                                                6      0   100%
src/website/generator.py                                             159    140    12%   19-20, 24-124, 133-166, 170-184, 229, 262, 290-303, 307-320, 324-336, 340-393
src/website/mcp.py                                                    53     53     0%   7-117
src/website/renderer.py                                              142    102    28%   127-162, 176-177, 181-209, 213-249, 253-285, 289-324, 328-362, 366, 392, 409-441
------------------------------------------------------------------------------------------------
TOTAL                                                              50704  40691    20%
Coverage HTML written to dir output/2_tests_output/test_reports/category_pipeline/htmlcov
Coverage JSON written to file output/2_tests_output/test_reports/category_pipeline/coverage.json
================================================= slowest 10 durations =================================================
3.37s call     src/tests/test_pipeline_scripts.py::TestPipelineScriptImports::test_script_executes_help[1_setup.py]
2.11s call     src/tests/test_pipeline_scripts.py::TestPipelineScriptExecution::test_script_executes_real[8_visualization.py-<lambda>]
2.06s call     src/tests/test_pipeline_performance.py::TestNetworkOperationTiming::test_api_request_timing
1.62s call     src/tests/test_pipeline_performance.py::TestResourceScaling::test_resource_estimation
0.85s call     src/tests/test_pipeline_functionality.py::TestPipelineFunctionality::test_visualization_generates_images
0.80s call     src/tests/test_pipeline_functionality.py::TestPipelineFunctionality::test_preflight_metrics
0.51s call     src/tests/test_pipeline_scripts.py::TestPipelineScriptIntegration::test_pipeline_core_sequence
0.50s call     src/tests/test_pipeline_functionality.py::TestPipelineFunctionality::test_results_json_are_valid
0.38s call     src/tests/test_pipeline_scripts.py::TestPipelineScriptExecution::test_script_executes_real[5_type_checker.py-<lambda>]
0.28s call     src/tests/test_pipeline_scripts.py::TestPipelineScriptImports::test_script_executes_help[3_gnn.py]
=============================================== short test summary info ================================================
PASSED src/tests/test_pipeline_functionality.py::TestPipelineFunctionality::test_visualization_generates_images
PASSED src/tests/test_pipeline_functionality.py::TestPipelineFunctionality::test_gnn_processing_generates_results
PASSED src/tests/test_pipeline_functionality.py::TestPipelineFunctionality::test_multi_format_export_generates_files
PASSED src/tests/test_pipeline_functionality.py::TestPipelineFunctionality::test_results_json_are_valid
PASSED src/tests/test_pipeline_functionality.py::TestPipelineFunctionality::test_preflight_metrics
PASSED src/tests/test_pipeline_infrastructure.py::TestPipelineDiscovery::test_discovery_imports
PASSED src/tests/test_pipeline_infrastructure.py::TestPipelineDiscovery::test_get_pipeline_scripts
PASSED src/tests/test_pipeline_infrastructure.py::TestPipelineDiscovery::test_discover_steps
PASSED src/tests/test_pipeline_infrastructure.py::TestVerifyPipeline::test_verify_imports
PASSED src/tests/test_pipeline_infrastructure.py::TestUtilsMigrationHelper::test_migration_imports
PASSED src/tests/test_pipeline_infrastructure.py::TestUtilsPipelineMonitor::test_monitor_imports
PASSED src/tests/test_pipeline_infrastructure.py::TestUtilsPipelineMonitor::test_pipeline_monitor_class
PASSED src/tests/test_pipeline_infrastructure.py::TestUtilsResourceManager::test_resource_manager_imports
PASSED src/tests/test_pipeline_infrastructure.py::TestUtilsScriptValidator::test_script_validator_imports
PASSED src/tests/test_pipeline_infrastructure.py::test_pipeline_infrastructure_completeness
PASSED src/tests/test_pipeline_overall.py::TestPipelineModuleComprehensive::test_pipeline_module_imports
PASSED src/tests/test_pipeline_overall.py::TestPipelineModuleComprehensive::test_pipeline_orchestrator_instantiation
PASSED src/tests/test_pipeline_overall.py::TestPipelineModuleComprehensive::test_pipeline_step_instantiation
PASSED src/tests/test_pipeline_overall.py::TestPipelineModuleComprehensive::test_pipeline_module_info
PASSED src/tests/test_pipeline_overall.py::TestPipelineModuleComprehensive::test_pipeline_config
PASSED src/tests/test_pipeline_overall.py::TestPipelineFunctionality::test_pipeline_execution
PASSED src/tests/test_pipeline_overall.py::TestPipelineFunctionality::test_pipeline_step_validation
PASSED src/tests/test_pipeline_overall.py::TestPipelineFunctionality::test_pipeline_discovery
PASSED src/tests/test_pipeline_overall.py::TestPipelineIntegration::test_pipeline_module_integration
PASSED src/tests/test_pipeline_overall.py::TestPipelineIntegration::test_pipeline_mcp_integration
PASSED src/tests/test_pipeline_overall.py::test_pipeline_module_completeness
PASSED src/tests/test_pipeline_overall.py::test_pipeline_module_performance
PASSED src/tests/test_pipeline_performance.py::TestGNNProcessingPerformance::test_processing_scaling[small]
PASSED src/tests/test_pipeline_performance.py::TestGNNProcessingPerformance::test_processing_scaling[medium]
PASSED src/tests/test_pipeline_performance.py::TestGNNProcessingPerformance::test_processing_scaling[large]
PASSED src/tests/test_pipeline_performance.py::TestGNNProcessingPerformance::test_parallel_processing
PASSED src/tests/test_pipeline_performance.py::TestVisualizationPerformance::test_visualization_scaling[small]
PASSED src/tests/test_pipeline_performance.py::TestVisualizationPerformance::test_visualization_scaling[medium]
PASSED src/tests/test_pipeline_performance.py::TestVisualizationPerformance::test_visualization_scaling[large]
PASSED src/tests/test_pipeline_performance.py::TestVisualizationPerformance::test_visualization_caching
PASSED src/tests/test_pipeline_performance.py::TestMemoryUsagePatterns::test_memory_cleanup
PASSED src/tests/test_pipeline_performance.py::TestMemoryUsagePatterns::test_peak_memory_tracking
PASSED src/tests/test_pipeline_performance.py::TestDiskIOPerformance::test_file_write_performance
PASSED src/tests/test_pipeline_performance.py::TestDiskIOPerformance::test_export_performance
PASSED src/tests/test_pipeline_performance.py::TestNetworkOperationTiming::test_api_request_timing
PASSED src/tests/test_pipeline_performance.py::TestNetworkOperationTiming::test_batch_request_performance
PASSED src/tests/test_pipeline_performance.py::TestResourceScaling::test_pipeline_scaling[1]
PASSED src/tests/test_pipeline_performance.py::TestResourceScaling::test_pipeline_scaling[3]
PASSED src/tests/test_pipeline_performance.py::TestResourceScaling::test_pipeline_scaling[10]
PASSED src/tests/test_pipeline_performance.py::TestResourceScaling::test_resource_estimation
PASSED src/tests/test_pipeline_recovery.py::TestRecursionErrorRecovery::test_numpy_import_recovery
PASSED src/tests/test_pipeline_recovery.py::TestRecursionErrorRecovery::test_render_step_recovery
PASSED src/tests/test_pipeline_recovery.py::TestLightweightProcessingRecovery::test_gnn_lightweight_fallback
PASSED src/tests/test_pipeline_recovery.py::TestLightweightProcessingRecovery::test_lightweight_processing_output
PASSED src/tests/test_pipeline_recovery.py::TestHardwareInitializationRecovery::test_jax_cpu_fallback
PASSED src/tests/test_pipeline_recovery.py::TestHardwareInitializationRecovery::test_execution_hardware_recovery
PASSED src/tests/test_pipeline_recovery.py::TestResourceManagementRecovery::test_memory_limit_recovery
PASSED src/tests/test_pipeline_recovery.py::TestResourceManagementRecovery::test_disk_space_recovery
PASSED src/tests/test_pipeline_recovery.py::TestErrorReportingRecovery::test_error_collection
PASSED src/tests/test_pipeline_recovery.py::TestErrorReportingRecovery::test_error_recovery_logging
PASSED src/tests/test_pipeline_scripts.py::TestPipelineScriptDiscovery::test_all_pipeline_scripts_exist
PASSED src/tests/test_pipeline_scripts.py::TestPipelineScriptDiscovery::test_pipeline_script_structure[1_setup.py]
PASSED src/tests/test_pipeline_scripts.py::TestPipelineScriptDiscovery::test_pipeline_script_structure[2_tests.py]
PASSED src/tests/test_pipeline_scripts.py::TestPipelineScriptDiscovery::test_pipeline_script_structure[3_gnn.py]
PASSED src/tests/test_pipeline_scripts.py::TestPipelineScriptDiscovery::test_pipeline_script_structure[4_model_registry.py]
PASSED src/tests/test_pipeline_scripts.py::TestPipelineScriptDiscovery::test_pipeline_script_structure[5_type_checker.py]
PASSED src/tests/test_pipeline_scripts.py::TestPipelineScriptDiscovery::test_pipeline_script_structure[6_validation.py]
PASSED src/tests/test_pipeline_scripts.py::TestPipelineScriptDiscovery::test_pipeline_script_structure[7_export.py]
PASSED src/tests/test_pipeline_scripts.py::TestPipelineScriptDiscovery::test_pipeline_script_structure[8_visualization.py]
PASSED src/tests/test_pipeline_scripts.py::TestPipelineScriptDiscovery::test_pipeline_script_structure[9_advanced_viz.py]
PASSED src/tests/test_pipeline_scripts.py::TestPipelineScriptDiscovery::test_pipeline_script_structure[10_ontology.py]
PASSED src/tests/test_pipeline_scripts.py::TestPipelineScriptDiscovery::test_pipeline_script_structure[11_render.py]
PASSED src/tests/test_pipeline_scripts.py::TestPipelineScriptDiscovery::test_pipeline_script_structure[12_execute.py]
PASSED src/tests/test_pipeline_scripts.py::TestPipelineScriptDiscovery::test_pipeline_script_structure[13_llm.py]
PASSED src/tests/test_pipeline_scripts.py::TestPipelineScriptDiscovery::test_pipeline_script_structure[14_ml_integration.py]
PASSED src/tests/test_pipeline_scripts.py::TestPipelineScriptDiscovery::test_pipeline_script_structure[15_audio.py]
PASSED src/tests/test_pipeline_scripts.py::TestPipelineScriptDiscovery::test_pipeline_script_structure[16_analysis.py]
PASSED src/tests/test_pipeline_scripts.py::TestPipelineScriptDiscovery::test_pipeline_script_structure[17_integration.py]
PASSED src/tests/test_pipeline_scripts.py::TestPipelineScriptDiscovery::test_pipeline_script_structure[18_security.py]
PASSED src/tests/test_pipeline_scripts.py::TestPipelineScriptDiscovery::test_pipeline_script_structure[19_research.py]
PASSED src/tests/test_pipeline_scripts.py::TestPipelineScriptDiscovery::test_pipeline_script_structure[20_website.py]
PASSED src/tests/test_pipeline_scripts.py::TestPipelineScriptDiscovery::test_pipeline_script_structure[21_mcp.py]
PASSED src/tests/test_pipeline_scripts.py::TestPipelineScriptDiscovery::test_pipeline_script_structure[22_gui.py]
PASSED src/tests/test_pipeline_scripts.py::TestPipelineScriptDiscovery::test_pipeline_script_structure[23_report.py]
PASSED src/tests/test_pipeline_scripts.py::TestPipelineScriptImports::test_script_executes_help[1_setup.py]
PASSED src/tests/test_pipeline_scripts.py::TestPipelineScriptImports::test_script_executes_help[2_tests.py]
PASSED src/tests/test_pipeline_scripts.py::TestPipelineScriptImports::test_script_executes_help[3_gnn.py]
PASSED src/tests/test_pipeline_scripts.py::TestPipelineScriptImports::test_script_executes_help[4_model_registry.py]
PASSED src/tests/test_pipeline_scripts.py::TestPipelineScriptImports::test_script_executes_help[5_type_checker.py]
PASSED src/tests/test_pipeline_scripts.py::TestPipelineScriptExecution::test_script_executes_real[3_gnn.py-<lambda>]
PASSED src/tests/test_pipeline_scripts.py::TestPipelineScriptExecution::test_script_executes_real[5_type_checker.py-<lambda>]
PASSED src/tests/test_pipeline_scripts.py::TestPipelineScriptExecution::test_script_executes_real[7_export.py-<lambda>]
PASSED src/tests/test_pipeline_scripts.py::TestPipelineScriptExecution::test_script_executes_real[8_visualization.py-<lambda>]
PASSED src/tests/test_pipeline_scripts.py::TestStep2GNNComprehensive::test_step2_gnn_file_discovery
PASSED src/tests/test_pipeline_scripts.py::TestStep2GNNComprehensive::test_step2_gnn_validation
PASSED src/tests/test_pipeline_scripts.py::TestStep1SetupComprehensive::test_step1_environment_validation
PASSED src/tests/test_pipeline_scripts.py::TestStep4TypeCheckerComprehensive::test_step4_type_checking
PASSED src/tests/test_pipeline_scripts.py::TestStep5ExportComprehensive::test_step5_export_formats
PASSED src/tests/test_pipeline_scripts.py::TestStep6VisualizationComprehensive::test_step6_visualization_generation
PASSED src/tests/test_pipeline_scripts.py::TestStep7MCPComprehensive::test_step7_mcp_tools
PASSED src/tests/test_pipeline_scripts.py::TestStep8OntologyComprehensive::test_step8_ontology_processing
PASSED src/tests/test_pipeline_scripts.py::TestStep9RenderComprehensive::test_step9_code_rendering
PASSED src/tests/test_pipeline_scripts.py::TestStep10ExecuteComprehensive::test_step10_execution_safety
PASSED src/tests/test_pipeline_scripts.py::TestStep11LLMComprehensive::test_step11_llm_operations
PASSED src/tests/test_pipeline_scripts.py::TestStep12AudioComprehensive::test_step12_audio_generation
PASSED src/tests/test_pipeline_scripts.py::TestStep14ReportComprehensive::test_step14_report_generation
PASSED src/tests/test_pipeline_scripts.py::TestPipelineScriptIntegration::test_pipeline_core_sequence
PASSED src/tests/test_pipeline_scripts.py::TestPipelineScriptIntegration::test_pipeline_argument_consistency
PASSED src/tests/test_pipeline_scripts.py::test_pipeline_script_completeness
PASSED src/tests/test_pipeline_scripts.py::test_pipeline_script_performance
SKIPPED [1] src/tests/test_pipeline_infrastructure.py:109: Pipeline step template not available
SKIPPED [1] src/tests/test_pipeline_infrastructure.py:128: Pipeline step template not available
SKIPPED [1] src/tests/test_pipeline_infrastructure.py:151: Pipeline step template not available
SKIPPED [1] src/tests/test_pipeline_infrastructure.py:169: Pipeline validation not available
SKIPPED [1] src/tests/test_pipeline_infrastructure.py:187: Pipeline validation not available
SKIPPED [1] src/tests/test_pipeline_infrastructure.py:207: Pipeline validation not available
SKIPPED [1] src/tests/test_pipeline_infrastructure.py:243: Pipeline verify not available
SKIPPED [1] src/tests/test_pipeline_infrastructure.py:264: Pipeline verify not available
SKIPPED [1] src/tests/test_pipeline_infrastructure.py:309: Migration helper not available
SKIPPED [1] src/tests/test_pipeline_infrastructure.py:333: Migration helper not available
SKIPPED [1] src/tests/test_pipeline_infrastructure.py:397: Pipeline monitor not available
SKIPPED [1] src/tests/test_pipeline_infrastructure.py:438: Resource manager not available
SKIPPED [1] src/tests/test_pipeline_infrastructure.py:458: Resource manager not available
SKIPPED [1] src/tests/test_pipeline_infrastructure.py:495: Script validator not available
SKIPPED [1] src/tests/test_pipeline_infrastructure.py:526: Script validator not available
SKIPPED [1] src/tests/test_pipeline_infrastructure.py:553: Pipeline modules not available for integration test
SKIPPED [1] src/tests/test_pipeline_infrastructure.py:579: Utils modules not available for integration test
SKIPPED [1] src/tests/test_pipeline_infrastructure.py:602: Pipeline infrastructure not available for performance test
SKIPPED [1] src/tests/test_pipeline_recovery.py:130: No LLM providers available (no API keys and Ollama disabled)
SKIPPED [1] src/tests/test_pipeline_scripts.py:528: SAPF audio backend unavailable: cannot import name 'generate_wav_from_sapf' from 'src.audio.sapf.generator' (/Users/mini/Documents/GitHub/GeneralizedNotationNotation/src/audio/sapf/generator.py)
FAILED src/tests/test_pipeline_recovery.py::TestAsyncAwaitRecovery::test_llm_analysis_recovery - Failed: async def functions are not natively supported.
You need to install a suitable plugin for your async framework, for example:
  - anyio
  - pytest-asyncio
  - pytest-tornasync
  - pytest-trio
  - pytest-twisted
================================ 1 failed, 105 passed, 20 skipped, 1 warning in 24.51s =================================