============================= test session starts ==============================
platform darwin -- Python 3.11.13, pytest-8.4.1, pluggy-1.6.0 -- /Users/4d/Documents/GitHub/generalizednotationnotation/.venv/bin/python
cachedir: .pytest_cache
metadata: {'Python': '3.11.13', 'Platform': 'macOS-15.6.1-arm64-arm-64bit', 'Packages': {'pytest': '8.4.1', 'pluggy': '1.6.0'}, 'Plugins': {'xdist': '3.8.0', 'sugar': '1.0.0', 'asyncio': '1.1.0', 'json-report': '1.5.0', 'timeout': '2.4.0', 'metadata': '3.1.1', 'anyio': '4.10.0', 'cov': '6.2.1', 'mock': '3.14.1', 'benchmark': '5.1.0'}}
benchmark: 5.1.0 (defaults: timer=time.perf_counter disable_gc=False min_rounds=5 min_time=0.000005 max_time=1.0 calibration_precision=10 warmup=False warmup_iterations=100000)
rootdir: /Users/4d/Documents/GitHub/generalizednotationnotation
configfile: pytest.ini
plugins: xdist-3.8.0, sugar-1.0.0, asyncio-1.1.0, json-report-1.5.0, timeout-2.4.0, metadata-3.1.1, anyio-4.10.0, cov-6.2.1, mock-3.14.1, benchmark-5.1.0
asyncio: mode=Mode.STRICT, asyncio_default_fixture_loop_scope=None, asyncio_default_test_loop_scope=function
created: 14/14 workers
14 workers [32 items]

scheduling tests via LoadScheduling

src/tests/test_mcp_integration.py::TestMCPIntegration::test_mcp_import_available 
src/tests/test_mcp_integration.py::TestMCPIntegration::test_mcp_response_format 
src/tests/test_mcp_integration.py::TestMCPIntegration::test_mcp_concurrent_operations 
src/tests/test_mcp_overall.py::TestMCPErrorHandling::test_invalid_tool_execution 
src/tests/test_mcp_tools.py::TestMCPToolExecution::test_export_tool_execution 
src/tests/test_mcp_overall.py::TestMCPModuleComprehensive::test_mcp_server_instantiation 
src/tests/test_mcp_overall.py::TestMCPCoreComprehensive::test_mcp_core_imports 
src/tests/test_mcp_overall.py::TestMCPModuleComprehensive::test_mcp_instance_retrieval 
src/tests/test_mcp_overall.py::TestMCPModuleComprehensive::test_mcp_tools_registration 
src/tests/test_mcp_transport.py::TestMCPTransportLayers::test_websocket_server_imports 
[gw1] [  3%] PASSED src/tests/test_mcp_integration.py::TestMCPIntegration::test_mcp_response_format 
src/tests/test_mcp_integration.py::TestMCPIntegration::test_mcp_performance 
[gw4] [  6%] PASSED src/tests/test_mcp_integration.py::TestMCPIntegration::test_mcp_performance 
src/tests/test_mcp_overall.py::TestMCPResourceManagement::test_mcp_resource_registration 
src/tests/test_mcp_transport.py::TestMCPTransportLayers::test_stdio_server_imports 
src/tests/test_mcp_integration.py::TestMCPIntegration::test_mcp_transport_layer 
[gw2] [  9%] PASSED src/tests/test_mcp_integration.py::TestMCPIntegration::test_mcp_transport_layer 
src/tests/test_mcp_integration.py::TestMCPIntegration::test_mcp_error_handling 
[gw1] [ 12%] PASSED src/tests/test_mcp_integration.py::TestMCPIntegration::test_mcp_error_handling 
src/tests/test_mcp_integration.py::TestMCPIntegration::test_mcp_message_format 
[gw10] [ 15%] ERROR src/tests/test_mcp_tools.py::TestMCPToolExecution::test_export_tool_execution 
src/tests/test_mcp_integration.py::TestMCPIntegration::test_mcp_memory_usage 
[gw2] [ 18%] PASSED src/tests/test_mcp_integration.py::TestMCPIntegration::test_mcp_message_format 
[gw6] [ 21%] ERROR src/tests/test_mcp_overall.py::TestMCPErrorHandling::test_invalid_tool_execution 
[gw7] [ 25%] ERROR src/tests/test_mcp_overall.py::TestMCPResourceManagement::test_mcp_resource_registration 
[gw4] [ 28%] PASSED src/tests/test_mcp_integration.py::TestMCPIntegration::test_mcp_memory_usage 
[gw8] [ 31%] PASSED src/tests/test_mcp_overall.py::TestMCPModuleComprehensive::test_mcp_tools_registration 
[gw12] [ 34%] PASSED src/tests/test_mcp_overall.py::TestMCPModuleComprehensive::test_mcp_instance_retrieval 
src/tests/test_mcp_overall.py::TestMCPModuleComprehensive::test_mcp_module_imports 
[gw9] [ 37%] PASSED src/tests/test_mcp_overall.py::TestMCPModuleComprehensive::test_mcp_server_instantiation 
src/tests/test_mcp_tools.py::TestMCPToolExecution::test_utils_system_info_execution 
[gw10] [ 40%] ERROR src/tests/test_mcp_tools.py::TestMCPToolExecution::test_utils_system_info_execution 
src/tests/test_mcp_transport.py::TestMCPTransportIntegration::test_transport_with_tools 
src/tests/test_mcp_transport.py::TestMCPTransportFunctionality::test_transport_cleanup 
[gw11] [ 43%] PASSED src/tests/test_mcp_transport.py::TestMCPTransportLayers::test_stdio_server_imports 
src/tests/test_mcp_overall.py::TestMCPErrorHandling::test_tool_execution_with_invalid_parameters 
[gw6] [ 46%] ERROR src/tests/test_mcp_overall.py::TestMCPErrorHandling::test_tool_execution_with_invalid_parameters 
[gw0] [ 50%] SKIPPED src/tests/test_mcp_integration.py::TestMCPIntegration::test_mcp_import_available 
[gw5] [ 53%] PASSED src/tests/test_mcp_overall.py::TestMCPCoreComprehensive::test_mcp_core_imports 
src/tests/test_mcp_overall.py::TestMCPModuleComprehensive::test_mcp_initialization 
[gw8] [ 56%] PASSED src/tests/test_mcp_overall.py::TestMCPModuleComprehensive::test_mcp_initialization 
src/tests/test_mcp_transport.py::TestMCPTransportFunctionality::test_transport_configuration 
src/tests/test_mcp_overall.py::TestMCPModuleComprehensive::test_mcp_module_info 
[gw13] [ 59%] SKIPPED src/tests/test_mcp_transport.py::TestMCPTransportLayers::test_websocket_server_imports 
src/tests/test_mcp_tools.py::TestMCPToolExecution::test_gnn_validate_tool_execution 
[gw9] [ 62%] SKIPPED src/tests/test_mcp_overall.py::TestMCPModuleComprehensive::test_mcp_module_info 
[gw12] [ 65%] ERROR src/tests/test_mcp_tools.py::TestMCPToolExecution::test_gnn_validate_tool_execution 
[gw1] [ 68%] SKIPPED src/tests/test_mcp_transport.py::TestMCPTransportFunctionality::test_transport_configuration 
[gw2] [ 71%] SKIPPED src/tests/test_mcp_transport.py::TestMCPTransportIntegration::test_transport_with_tools 
[gw7] [ 75%] PASSED src/tests/test_mcp_overall.py::TestMCPModuleComprehensive::test_mcp_module_imports 
src/tests/test_mcp_overall.py::TestMCPErrorHandling::test_mcp_error_classes 
[gw5] [ 78%] PASSED src/tests/test_mcp_overall.py::TestMCPErrorHandling::test_mcp_error_classes 
src/tests/test_mcp_integration.py::TestMCPIntegration::test_mcp_tool_registration 
[gw0] [ 81%] PASSED src/tests/test_mcp_integration.py::TestMCPIntegration::test_mcp_tool_registration 
[gw4] [ 84%] SKIPPED src/tests/test_mcp_transport.py::TestMCPTransportFunctionality::test_transport_cleanup 
src/tests/test_mcp_transport.py::TestMCPTransportLayers::test_tcp_server_imports 
[gw11] [ 87%] SKIPPED src/tests/test_mcp_transport.py::TestMCPTransportLayers::test_tcp_server_imports 
src/tests/test_mcp_transport.py::TestMCPTransportIntegration::test_transport_error_handling 
src/tests/test_mcp_transport.py::TestMCPTransportFunctionality::test_transport_initialization 
[gw13] [ 90%] SKIPPED src/tests/test_mcp_transport.py::TestMCPTransportFunctionality::test_transport_initialization 
[gw1] [ 93%] SKIPPED src/tests/test_mcp_transport.py::TestMCPTransportIntegration::test_transport_error_handling 
[gw3] [ 96%] PASSED src/tests/test_mcp_integration.py::TestMCPIntegration::test_mcp_concurrent_operations 
src/tests/test_mcp_integration.py::TestMCPIntegration::test_mcp_validation 
[gw3] [100%] PASSED src/tests/test_mcp_integration.py::TestMCPIntegration::test_mcp_validation 

==================================== ERRORS ====================================
______ ERROR at setup of TestMCPToolExecution.test_export_tool_execution _______
[gw10] darwin -- Python 3.11.13 /Users/4d/Documents/GitHub/generalizednotationnotation/.venv/bin/python
file /Users/4d/Documents/GitHub/generalizednotationnotation/src/tests/test_mcp_tools.py, line 46
      @pytest.mark.unit
      @pytest.mark.safe_to_fail
      def test_export_tool_execution(self, mock_mcp_tools, comprehensive_test_data):
E       fixture 'mock_mcp_tools' not found
>       available fixtures: _class_scoped_runner, _function_scoped_runner, _module_scoped_runner, _package_scoped_runner, _session_scoped_runner, anyio_backend, anyio_backend_name, anyio_backend_options, benchmark, benchmark_weave, cache, capfd, capfdbinary, caplog, capsys, capsysbinary, capteesys, class_mocker, comprehensive_test_data, cov, doctest_namespace, event_loop_policy, free_tcp_port, free_tcp_port_factory, free_udp_port, free_udp_port_factory, include_metadata_in_junit_xml, isolated_temp_dir, json_metadata, metadata, mocker, module_mocker, monkeypatch, no_cover, package_mocker, project_root, pytestconfig, record_property, record_testsuite_property, record_xml_attribute, recwarn, sample_gnn_files, sample_json, sample_markdown, sample_scala, sample_xml, session_mocker, test_config, test_gnn_content, test_ontology_terms, test_temp_dir, testrun_uid, tmp_path, tmp_path_factory, tmpdir, tmpdir_factory, unused_tcp_port, unused_tcp_port_factory, unused_udp_port, unused_udp_port_factory, worker_id
>       use 'pytest --fixtures [testpath]' for help on them.

/Users/4d/Documents/GitHub/generalizednotationnotation/src/tests/test_mcp_tools.py:46
______ ERROR at setup of TestMCPErrorHandling.test_invalid_tool_execution ______
[gw6] darwin -- Python 3.11.13 /Users/4d/Documents/GitHub/generalizednotationnotation/.venv/bin/python
file /Users/4d/Documents/GitHub/generalizednotationnotation/src/tests/test_mcp_overall.py, line 65
      @pytest.mark.unit
      @pytest.mark.safe_to_fail
      def test_invalid_tool_execution(self, mock_mcp_tools):
E       fixture 'mock_mcp_tools' not found
>       available fixtures: _class_scoped_runner, _function_scoped_runner, _module_scoped_runner, _package_scoped_runner, _session_scoped_runner, anyio_backend, anyio_backend_name, anyio_backend_options, benchmark, benchmark_weave, cache, capfd, capfdbinary, caplog, capsys, capsysbinary, capteesys, class_mocker, comprehensive_test_data, cov, doctest_namespace, event_loop_policy, free_tcp_port, free_tcp_port_factory, free_udp_port, free_udp_port_factory, include_metadata_in_junit_xml, isolated_temp_dir, json_metadata, metadata, mocker, module_mocker, monkeypatch, no_cover, package_mocker, project_root, pytestconfig, record_property, record_testsuite_property, record_xml_attribute, recwarn, sample_gnn_files, sample_json, sample_markdown, sample_scala, sample_xml, session_mocker, test_config, test_gnn_content, test_ontology_terms, test_temp_dir, testrun_uid, tmp_path, tmp_path_factory, tmpdir, tmpdir_factory, unused_tcp_port, unused_tcp_port_factory, unused_udp_port, unused_udp_port_factory, worker_id
>       use 'pytest --fixtures [testpath]' for help on them.

/Users/4d/Documents/GitHub/generalizednotationnotation/src/tests/test_mcp_overall.py:65
__ ERROR at setup of TestMCPResourceManagement.test_mcp_resource_registration __
[gw7] darwin -- Python 3.11.13 /Users/4d/Documents/GitHub/generalizednotationnotation/.venv/bin/python
file /Users/4d/Documents/GitHub/generalizednotationnotation/src/tests/test_mcp_overall.py, line 103
      @pytest.mark.unit
      @pytest.mark.safe_to_fail
      def test_mcp_resource_registration(self, mock_mcp_tools):
E       fixture 'mock_mcp_tools' not found
>       available fixtures: _class_scoped_runner, _function_scoped_runner, _module_scoped_runner, _package_scoped_runner, _session_scoped_runner, anyio_backend, anyio_backend_name, anyio_backend_options, benchmark, benchmark_weave, cache, capfd, capfdbinary, caplog, capsys, capsysbinary, capteesys, class_mocker, comprehensive_test_data, cov, doctest_namespace, event_loop_policy, free_tcp_port, free_tcp_port_factory, free_udp_port, free_udp_port_factory, include_metadata_in_junit_xml, isolated_temp_dir, json_metadata, metadata, mocker, module_mocker, monkeypatch, no_cover, package_mocker, project_root, pytestconfig, record_property, record_testsuite_property, record_xml_attribute, recwarn, sample_gnn_files, sample_json, sample_markdown, sample_scala, sample_xml, session_mocker, test_config, test_gnn_content, test_ontology_terms, test_temp_dir, testrun_uid, tmp_path, tmp_path_factory, tmpdir, tmpdir_factory, unused_tcp_port, unused_tcp_port_factory, unused_udp_port, unused_udp_port_factory, worker_id
>       use 'pytest --fixtures [testpath]' for help on them.

/Users/4d/Documents/GitHub/generalizednotationnotation/src/tests/test_mcp_overall.py:103
___ ERROR at setup of TestMCPToolExecution.test_utils_system_info_execution ____
[gw10] darwin -- Python 3.11.13 /Users/4d/Documents/GitHub/generalizednotationnotation/.venv/bin/python
file /Users/4d/Documents/GitHub/generalizednotationnotation/src/tests/test_mcp_tools.py, line 68
      @pytest.mark.unit
      @pytest.mark.safe_to_fail
      def test_utils_system_info_execution(self, mock_mcp_tools):
E       fixture 'mock_mcp_tools' not found
>       available fixtures: _class_scoped_runner, _function_scoped_runner, _module_scoped_runner, _package_scoped_runner, _session_scoped_runner, anyio_backend, anyio_backend_name, anyio_backend_options, benchmark, benchmark_weave, cache, capfd, capfdbinary, caplog, capsys, capsysbinary, capteesys, class_mocker, comprehensive_test_data, cov, doctest_namespace, event_loop_policy, free_tcp_port, free_tcp_port_factory, free_udp_port, free_udp_port_factory, include_metadata_in_junit_xml, isolated_temp_dir, json_metadata, metadata, mocker, module_mocker, monkeypatch, no_cover, package_mocker, project_root, pytestconfig, record_property, record_testsuite_property, record_xml_attribute, recwarn, sample_gnn_files, sample_json, sample_markdown, sample_scala, sample_xml, session_mocker, test_config, test_gnn_content, test_ontology_terms, test_temp_dir, testrun_uid, tmp_path, tmp_path_factory, tmpdir, tmpdir_factory, unused_tcp_port, unused_tcp_port_factory, unused_udp_port, unused_udp_port_factory, worker_id
>       use 'pytest --fixtures [testpath]' for help on them.

/Users/4d/Documents/GitHub/generalizednotationnotation/src/tests/test_mcp_tools.py:68
_ ERROR at setup of TestMCPErrorHandling.test_tool_execution_with_invalid_parameters _
[gw6] darwin -- Python 3.11.13 /Users/4d/Documents/GitHub/generalizednotationnotation/.venv/bin/python
file /Users/4d/Documents/GitHub/generalizednotationnotation/src/tests/test_mcp_overall.py, line 79
      @pytest.mark.unit
      @pytest.mark.safe_to_fail
      def test_tool_execution_with_invalid_parameters(self, mock_mcp_tools):
E       fixture 'mock_mcp_tools' not found
>       available fixtures: _class_scoped_runner, _function_scoped_runner, _module_scoped_runner, _package_scoped_runner, _session_scoped_runner, anyio_backend, anyio_backend_name, anyio_backend_options, benchmark, benchmark_weave, cache, capfd, capfdbinary, caplog, capsys, capsysbinary, capteesys, class_mocker, comprehensive_test_data, cov, doctest_namespace, event_loop_policy, free_tcp_port, free_tcp_port_factory, free_udp_port, free_udp_port_factory, include_metadata_in_junit_xml, isolated_temp_dir, json_metadata, metadata, mocker, module_mocker, monkeypatch, no_cover, package_mocker, project_root, pytestconfig, record_property, record_testsuite_property, record_xml_attribute, recwarn, sample_gnn_files, sample_json, sample_markdown, sample_scala, sample_xml, session_mocker, test_config, test_gnn_content, test_ontology_terms, test_temp_dir, testrun_uid, tmp_path, tmp_path_factory, tmpdir, tmpdir_factory, unused_tcp_port, unused_tcp_port_factory, unused_udp_port, unused_udp_port_factory, worker_id
>       use 'pytest --fixtures [testpath]' for help on them.

/Users/4d/Documents/GitHub/generalizednotationnotation/src/tests/test_mcp_overall.py:79
___ ERROR at setup of TestMCPToolExecution.test_gnn_validate_tool_execution ____
[gw12] darwin -- Python 3.11.13 /Users/4d/Documents/GitHub/generalizednotationnotation/.venv/bin/python
file /Users/4d/Documents/GitHub/generalizednotationnotation/src/tests/test_mcp_tools.py, line 24
      @pytest.mark.unit
      @pytest.mark.safe_to_fail
      def test_gnn_validate_tool_execution(self, mock_mcp_tools, comprehensive_test_data):
E       fixture 'mock_mcp_tools' not found
>       available fixtures: _class_scoped_runner, _function_scoped_runner, _module_scoped_runner, _package_scoped_runner, _session_scoped_runner, anyio_backend, anyio_backend_name, anyio_backend_options, benchmark, benchmark_weave, cache, capfd, capfdbinary, caplog, capsys, capsysbinary, capteesys, class_mocker, comprehensive_test_data, cov, doctest_namespace, event_loop_policy, free_tcp_port, free_tcp_port_factory, free_udp_port, free_udp_port_factory, include_metadata_in_junit_xml, isolated_temp_dir, json_metadata, metadata, mocker, module_mocker, monkeypatch, no_cover, package_mocker, project_root, pytestconfig, record_property, record_testsuite_property, record_xml_attribute, recwarn, sample_gnn_files, sample_json, sample_markdown, sample_scala, sample_xml, session_mocker, test_config, test_gnn_content, test_ontology_terms, test_temp_dir, testrun_uid, tmp_path, tmp_path_factory, tmpdir, tmpdir_factory, unused_tcp_port, unused_tcp_port_factory, unused_udp_port, unused_udp_port_factory, worker_id
>       use 'pytest --fixtures [testpath]' for help on them.

/Users/4d/Documents/GitHub/generalizednotationnotation/src/tests/test_mcp_tools.py:24
============================= slowest 10 durations =============================
0.01s call     src/tests/test_mcp_integration.py::TestMCPIntegration::test_mcp_concurrent_operations
0.01s call     src/tests/test_mcp_overall.py::TestMCPCoreComprehensive::test_mcp_core_imports

(8 durations < 0.005s hidden.  Use -vv to show these durations.)
=========================== short test summary info ============================
ERROR src/tests/test_mcp_tools.py::TestMCPToolExecution::test_export_tool_execution
ERROR src/tests/test_mcp_overall.py::TestMCPErrorHandling::test_invalid_tool_execution
ERROR src/tests/test_mcp_overall.py::TestMCPResourceManagement::test_mcp_resource_registration
ERROR src/tests/test_mcp_tools.py::TestMCPToolExecution::test_utils_system_info_execution
ERROR src/tests/test_mcp_overall.py::TestMCPErrorHandling::test_tool_execution_with_invalid_parameters
ERROR src/tests/test_mcp_tools.py::TestMCPToolExecution::test_gnn_validate_tool_execution
=================== 17 passed, 9 skipped, 6 errors in 3.42s ====================
