<?xml version="1.0" encoding="utf-8"?><testsuites name="pytest tests"><testsuite name="pytest" errors="0" failures="0" skipped="0" tests="4" time="0.329" timestamp="2025-06-20T15:22:14.709614-07:00" hostname="timelock.local"><testcase classname="src.tests.test_gnn_type_checker.TestGNNTypeChecker" name="test_check_directory" time="0.002" /><testcase classname="src.tests.test_gnn_type_checker.TestGNNTypeChecker" name="test_check_invalid_file" time="0.000" /><testcase classname="src.tests.test_gnn_type_checker.TestGNNTypeChecker" name="test_check_valid_file" time="0.000" /><testcase classname="src.tests.test_gnn_type_checker.TestGNNTypeChecker" name="test_generate_report" time="0.000" /></testsuite></testsuites>