<?xml version="1.0" encoding="utf-8"?><testsuites name="pytest tests"><testsuite name="pytest" errors="0" failures="0" skipped="0" tests="4" time="0.720" timestamp="2025-06-08T13:58:25.098785-07:00" hostname="pop"><testcase classname="src.tests.test_gnn_type_checker.TestGNNTypeChecker" name="test_check_directory" time="0.004" /><testcase classname="src.tests.test_gnn_type_checker.TestGNNTypeChecker" name="test_check_invalid_file" time="0.001" /><testcase classname="src.tests.test_gnn_type_checker.TestGNNTypeChecker" name="test_check_valid_file" time="0.001" /><testcase classname="src.tests.test_gnn_type_checker.TestGNNTypeChecker" name="test_generate_report" time="0.009" /></testsuite></testsuites>