<?xml version="1.0" encoding="utf-8"?><testsuites><testsuite name="pytest" errors="0" failures="0" skipped="0" tests="4" time="0.594" timestamp="2025-05-20T09:30:26.585450-07:00" hostname="pop"><testcase classname="src.tests.test_gnn_type_checker.TestGNNTypeChecker" name="test_check_directory" time="0.002" /><testcase classname="src.tests.test_gnn_type_checker.TestGNNTypeChecker" name="test_check_invalid_file" time="0.001" /><testcase classname="src.tests.test_gnn_type_checker.TestGNNTypeChecker" name="test_check_valid_file" time="0.001" /><testcase classname="src.tests.test_gnn_type_checker.TestGNNTypeChecker" name="test_generate_report" time="0.008" /></testsuite></testsuites>